[2024-09-18T14:48:26.361+0000] {processor.py:186} INFO - Started process (PID=93834) to work on /Users/omer/Desktop/MLOPS/7day/.env/lib/python3.11/site-packages/airflow/example_dags/subdags/subdag.py
[2024-09-18T14:48:26.362+0000] {processor.py:914} INFO - Processing file /Users/omer/Desktop/MLOPS/7day/.env/lib/python3.11/site-packages/airflow/example_dags/subdags/subdag.py for tasks to queue
[2024-09-18T14:48:26.362+0000] {logging_mixin.py:190} INFO - [2024-09-18T14:48:26.362+0000] {dagbag.py:587} INFO - Filling up the DagBag from /Users/omer/Desktop/MLOPS/7day/.env/lib/python3.11/site-packages/airflow/example_dags/subdags/subdag.py
[2024-09-18T14:48:26.364+0000] {processor.py:927} WARNING - No viable dags retrieved from /Users/omer/Desktop/MLOPS/7day/.env/lib/python3.11/site-packages/airflow/example_dags/subdags/subdag.py
[2024-09-18T14:48:26.387+0000] {processor.py:208} INFO - Processing /Users/omer/Desktop/MLOPS/7day/.env/lib/python3.11/site-packages/airflow/example_dags/subdags/subdag.py took 0.027 seconds
[2024-09-18T14:49:46.815+0000] {processor.py:186} INFO - Started process (PID=94070) to work on /Users/omer/Desktop/MLOPS/7day/.env/lib/python3.11/site-packages/airflow/example_dags/subdags/subdag.py
[2024-09-18T14:49:46.817+0000] {processor.py:914} INFO - Processing file /Users/omer/Desktop/MLOPS/7day/.env/lib/python3.11/site-packages/airflow/example_dags/subdags/subdag.py for tasks to queue
[2024-09-18T14:49:46.817+0000] {logging_mixin.py:190} INFO - [2024-09-18T14:49:46.817+0000] {dagbag.py:587} INFO - Filling up the DagBag from /Users/omer/Desktop/MLOPS/7day/.env/lib/python3.11/site-packages/airflow/example_dags/subdags/subdag.py
[2024-09-18T14:49:46.818+0000] {processor.py:927} WARNING - No viable dags retrieved from /Users/omer/Desktop/MLOPS/7day/.env/lib/python3.11/site-packages/airflow/example_dags/subdags/subdag.py
[2024-09-18T14:49:46.840+0000] {processor.py:208} INFO - Processing /Users/omer/Desktop/MLOPS/7day/.env/lib/python3.11/site-packages/airflow/example_dags/subdags/subdag.py took 0.025 seconds
[2024-09-18T14:50:36.601+0000] {processor.py:186} INFO - Started process (PID=94215) to work on /Users/omer/Desktop/MLOPS/7day/.env/lib/python3.11/site-packages/airflow/example_dags/subdags/subdag.py
[2024-09-18T14:50:36.601+0000] {processor.py:914} INFO - Processing file /Users/omer/Desktop/MLOPS/7day/.env/lib/python3.11/site-packages/airflow/example_dags/subdags/subdag.py for tasks to queue
[2024-09-18T14:50:36.602+0000] {logging_mixin.py:190} INFO - [2024-09-18T14:50:36.601+0000] {dagbag.py:587} INFO - Filling up the DagBag from /Users/omer/Desktop/MLOPS/7day/.env/lib/python3.11/site-packages/airflow/example_dags/subdags/subdag.py
[2024-09-18T14:50:36.602+0000] {processor.py:927} WARNING - No viable dags retrieved from /Users/omer/Desktop/MLOPS/7day/.env/lib/python3.11/site-packages/airflow/example_dags/subdags/subdag.py
[2024-09-18T14:50:36.626+0000] {processor.py:208} INFO - Processing /Users/omer/Desktop/MLOPS/7day/.env/lib/python3.11/site-packages/airflow/example_dags/subdags/subdag.py took 0.026 seconds
[2024-09-18T14:51:25.414+0000] {processor.py:186} INFO - Started process (PID=94331) to work on /Users/omer/Desktop/MLOPS/7day/.env/lib/python3.11/site-packages/airflow/example_dags/subdags/subdag.py
[2024-09-18T14:51:25.414+0000] {processor.py:914} INFO - Processing file /Users/omer/Desktop/MLOPS/7day/.env/lib/python3.11/site-packages/airflow/example_dags/subdags/subdag.py for tasks to queue
[2024-09-18T14:51:25.414+0000] {logging_mixin.py:190} INFO - [2024-09-18T14:51:25.414+0000] {dagbag.py:587} INFO - Filling up the DagBag from /Users/omer/Desktop/MLOPS/7day/.env/lib/python3.11/site-packages/airflow/example_dags/subdags/subdag.py
[2024-09-18T14:51:25.415+0000] {processor.py:927} WARNING - No viable dags retrieved from /Users/omer/Desktop/MLOPS/7day/.env/lib/python3.11/site-packages/airflow/example_dags/subdags/subdag.py
[2024-09-18T14:51:25.441+0000] {processor.py:208} INFO - Processing /Users/omer/Desktop/MLOPS/7day/.env/lib/python3.11/site-packages/airflow/example_dags/subdags/subdag.py took 0.028 seconds
[2024-09-18T14:52:15.856+0000] {processor.py:186} INFO - Started process (PID=94446) to work on /Users/omer/Desktop/MLOPS/7day/.env/lib/python3.11/site-packages/airflow/example_dags/subdags/subdag.py
[2024-09-18T14:52:15.856+0000] {processor.py:914} INFO - Processing file /Users/omer/Desktop/MLOPS/7day/.env/lib/python3.11/site-packages/airflow/example_dags/subdags/subdag.py for tasks to queue
[2024-09-18T14:52:15.857+0000] {logging_mixin.py:190} INFO - [2024-09-18T14:52:15.856+0000] {dagbag.py:587} INFO - Filling up the DagBag from /Users/omer/Desktop/MLOPS/7day/.env/lib/python3.11/site-packages/airflow/example_dags/subdags/subdag.py
[2024-09-18T14:52:15.857+0000] {processor.py:927} WARNING - No viable dags retrieved from /Users/omer/Desktop/MLOPS/7day/.env/lib/python3.11/site-packages/airflow/example_dags/subdags/subdag.py
[2024-09-18T14:52:15.882+0000] {processor.py:208} INFO - Processing /Users/omer/Desktop/MLOPS/7day/.env/lib/python3.11/site-packages/airflow/example_dags/subdags/subdag.py took 0.027 seconds
[2024-09-18T14:53:06.704+0000] {processor.py:186} INFO - Started process (PID=94532) to work on /Users/omer/Desktop/MLOPS/7day/.env/lib/python3.11/site-packages/airflow/example_dags/subdags/subdag.py
[2024-09-18T14:53:06.705+0000] {processor.py:914} INFO - Processing file /Users/omer/Desktop/MLOPS/7day/.env/lib/python3.11/site-packages/airflow/example_dags/subdags/subdag.py for tasks to queue
[2024-09-18T14:53:06.705+0000] {logging_mixin.py:190} INFO - [2024-09-18T14:53:06.705+0000] {dagbag.py:587} INFO - Filling up the DagBag from /Users/omer/Desktop/MLOPS/7day/.env/lib/python3.11/site-packages/airflow/example_dags/subdags/subdag.py
[2024-09-18T14:53:06.706+0000] {processor.py:927} WARNING - No viable dags retrieved from /Users/omer/Desktop/MLOPS/7day/.env/lib/python3.11/site-packages/airflow/example_dags/subdags/subdag.py
[2024-09-18T14:53:06.729+0000] {processor.py:208} INFO - Processing /Users/omer/Desktop/MLOPS/7day/.env/lib/python3.11/site-packages/airflow/example_dags/subdags/subdag.py took 0.026 seconds
[2024-09-18T14:53:56.993+0000] {processor.py:186} INFO - Started process (PID=94616) to work on /Users/omer/Desktop/MLOPS/7day/.env/lib/python3.11/site-packages/airflow/example_dags/subdags/subdag.py
[2024-09-18T14:53:56.994+0000] {processor.py:914} INFO - Processing file /Users/omer/Desktop/MLOPS/7day/.env/lib/python3.11/site-packages/airflow/example_dags/subdags/subdag.py for tasks to queue
[2024-09-18T14:53:56.994+0000] {logging_mixin.py:190} INFO - [2024-09-18T14:53:56.994+0000] {dagbag.py:587} INFO - Filling up the DagBag from /Users/omer/Desktop/MLOPS/7day/.env/lib/python3.11/site-packages/airflow/example_dags/subdags/subdag.py
[2024-09-18T14:53:56.995+0000] {processor.py:927} WARNING - No viable dags retrieved from /Users/omer/Desktop/MLOPS/7day/.env/lib/python3.11/site-packages/airflow/example_dags/subdags/subdag.py
[2024-09-18T14:53:57.018+0000] {processor.py:208} INFO - Processing /Users/omer/Desktop/MLOPS/7day/.env/lib/python3.11/site-packages/airflow/example_dags/subdags/subdag.py took 0.026 seconds
[2024-09-18T14:54:45.942+0000] {processor.py:186} INFO - Started process (PID=94712) to work on /Users/omer/Desktop/MLOPS/7day/.env/lib/python3.11/site-packages/airflow/example_dags/subdags/subdag.py
[2024-09-18T14:54:45.942+0000] {processor.py:914} INFO - Processing file /Users/omer/Desktop/MLOPS/7day/.env/lib/python3.11/site-packages/airflow/example_dags/subdags/subdag.py for tasks to queue
[2024-09-18T14:54:45.943+0000] {logging_mixin.py:190} INFO - [2024-09-18T14:54:45.943+0000] {dagbag.py:587} INFO - Filling up the DagBag from /Users/omer/Desktop/MLOPS/7day/.env/lib/python3.11/site-packages/airflow/example_dags/subdags/subdag.py
[2024-09-18T14:54:45.943+0000] {processor.py:927} WARNING - No viable dags retrieved from /Users/omer/Desktop/MLOPS/7day/.env/lib/python3.11/site-packages/airflow/example_dags/subdags/subdag.py
[2024-09-18T14:54:45.966+0000] {processor.py:208} INFO - Processing /Users/omer/Desktop/MLOPS/7day/.env/lib/python3.11/site-packages/airflow/example_dags/subdags/subdag.py took 0.025 seconds
[2024-09-18T15:12:22.452+0000] {processor.py:186} INFO - Started process (PID=96552) to work on /Users/omer/Desktop/MLOPS/7day/.env/lib/python3.11/site-packages/airflow/example_dags/subdags/subdag.py
[2024-09-18T15:12:22.453+0000] {processor.py:914} INFO - Processing file /Users/omer/Desktop/MLOPS/7day/.env/lib/python3.11/site-packages/airflow/example_dags/subdags/subdag.py for tasks to queue
[2024-09-18T15:12:22.453+0000] {logging_mixin.py:190} INFO - [2024-09-18T15:12:22.453+0000] {dagbag.py:587} INFO - Filling up the DagBag from /Users/omer/Desktop/MLOPS/7day/.env/lib/python3.11/site-packages/airflow/example_dags/subdags/subdag.py
[2024-09-18T15:12:22.454+0000] {processor.py:927} WARNING - No viable dags retrieved from /Users/omer/Desktop/MLOPS/7day/.env/lib/python3.11/site-packages/airflow/example_dags/subdags/subdag.py
[2024-09-18T15:12:22.477+0000] {processor.py:208} INFO - Processing /Users/omer/Desktop/MLOPS/7day/.env/lib/python3.11/site-packages/airflow/example_dags/subdags/subdag.py took 0.025 seconds
[2024-09-18T15:20:46.524+0000] {processor.py:186} INFO - Started process (PID=97089) to work on /Users/omer/Desktop/MLOPS/7day/.env/lib/python3.11/site-packages/airflow/example_dags/subdags/subdag.py
[2024-09-18T15:20:46.525+0000] {processor.py:914} INFO - Processing file /Users/omer/Desktop/MLOPS/7day/.env/lib/python3.11/site-packages/airflow/example_dags/subdags/subdag.py for tasks to queue
[2024-09-18T15:20:46.525+0000] {logging_mixin.py:190} INFO - [2024-09-18T15:20:46.525+0000] {dagbag.py:587} INFO - Filling up the DagBag from /Users/omer/Desktop/MLOPS/7day/.env/lib/python3.11/site-packages/airflow/example_dags/subdags/subdag.py
[2024-09-18T15:20:46.526+0000] {processor.py:927} WARNING - No viable dags retrieved from /Users/omer/Desktop/MLOPS/7day/.env/lib/python3.11/site-packages/airflow/example_dags/subdags/subdag.py
[2024-09-18T15:20:46.548+0000] {processor.py:208} INFO - Processing /Users/omer/Desktop/MLOPS/7day/.env/lib/python3.11/site-packages/airflow/example_dags/subdags/subdag.py took 0.025 seconds
[2024-09-18T15:22:05.763+0000] {processor.py:186} INFO - Started process (PID=97236) to work on /Users/omer/Desktop/MLOPS/7day/.env/lib/python3.11/site-packages/airflow/example_dags/subdags/subdag.py
[2024-09-18T15:22:05.764+0000] {processor.py:914} INFO - Processing file /Users/omer/Desktop/MLOPS/7day/.env/lib/python3.11/site-packages/airflow/example_dags/subdags/subdag.py for tasks to queue
[2024-09-18T15:22:05.764+0000] {logging_mixin.py:190} INFO - [2024-09-18T15:22:05.764+0000] {dagbag.py:587} INFO - Filling up the DagBag from /Users/omer/Desktop/MLOPS/7day/.env/lib/python3.11/site-packages/airflow/example_dags/subdags/subdag.py
[2024-09-18T15:22:05.765+0000] {processor.py:927} WARNING - No viable dags retrieved from /Users/omer/Desktop/MLOPS/7day/.env/lib/python3.11/site-packages/airflow/example_dags/subdags/subdag.py
[2024-09-18T15:22:05.789+0000] {processor.py:208} INFO - Processing /Users/omer/Desktop/MLOPS/7day/.env/lib/python3.11/site-packages/airflow/example_dags/subdags/subdag.py took 0.027 seconds
[2024-09-18T15:22:54.278+0000] {processor.py:186} INFO - Started process (PID=97321) to work on /Users/omer/Desktop/MLOPS/7day/.env/lib/python3.11/site-packages/airflow/example_dags/subdags/subdag.py
[2024-09-18T15:22:54.278+0000] {processor.py:914} INFO - Processing file /Users/omer/Desktop/MLOPS/7day/.env/lib/python3.11/site-packages/airflow/example_dags/subdags/subdag.py for tasks to queue
[2024-09-18T15:22:54.278+0000] {logging_mixin.py:190} INFO - [2024-09-18T15:22:54.278+0000] {dagbag.py:587} INFO - Filling up the DagBag from /Users/omer/Desktop/MLOPS/7day/.env/lib/python3.11/site-packages/airflow/example_dags/subdags/subdag.py
[2024-09-18T15:22:54.279+0000] {processor.py:927} WARNING - No viable dags retrieved from /Users/omer/Desktop/MLOPS/7day/.env/lib/python3.11/site-packages/airflow/example_dags/subdags/subdag.py
[2024-09-18T15:22:54.303+0000] {processor.py:208} INFO - Processing /Users/omer/Desktop/MLOPS/7day/.env/lib/python3.11/site-packages/airflow/example_dags/subdags/subdag.py took 0.026 seconds
[2024-09-18T15:25:08.993+0000] {processor.py:186} INFO - Started process (PID=97561) to work on /Users/omer/Desktop/MLOPS/7day/.env/lib/python3.11/site-packages/airflow/example_dags/subdags/subdag.py
[2024-09-18T15:25:08.994+0000] {processor.py:914} INFO - Processing file /Users/omer/Desktop/MLOPS/7day/.env/lib/python3.11/site-packages/airflow/example_dags/subdags/subdag.py for tasks to queue
[2024-09-18T15:25:08.994+0000] {logging_mixin.py:190} INFO - [2024-09-18T15:25:08.994+0000] {dagbag.py:587} INFO - Filling up the DagBag from /Users/omer/Desktop/MLOPS/7day/.env/lib/python3.11/site-packages/airflow/example_dags/subdags/subdag.py
[2024-09-18T15:25:08.994+0000] {processor.py:927} WARNING - No viable dags retrieved from /Users/omer/Desktop/MLOPS/7day/.env/lib/python3.11/site-packages/airflow/example_dags/subdags/subdag.py
[2024-09-18T15:25:09.019+0000] {processor.py:208} INFO - Processing /Users/omer/Desktop/MLOPS/7day/.env/lib/python3.11/site-packages/airflow/example_dags/subdags/subdag.py took 0.027 seconds
[2024-09-18T15:26:29.834+0000] {processor.py:186} INFO - Started process (PID=97714) to work on /Users/omer/Desktop/MLOPS/7day/.env/lib/python3.11/site-packages/airflow/example_dags/subdags/subdag.py
[2024-09-18T15:26:29.835+0000] {processor.py:914} INFO - Processing file /Users/omer/Desktop/MLOPS/7day/.env/lib/python3.11/site-packages/airflow/example_dags/subdags/subdag.py for tasks to queue
[2024-09-18T15:26:29.835+0000] {logging_mixin.py:190} INFO - [2024-09-18T15:26:29.835+0000] {dagbag.py:587} INFO - Filling up the DagBag from /Users/omer/Desktop/MLOPS/7day/.env/lib/python3.11/site-packages/airflow/example_dags/subdags/subdag.py
[2024-09-18T15:26:29.836+0000] {processor.py:927} WARNING - No viable dags retrieved from /Users/omer/Desktop/MLOPS/7day/.env/lib/python3.11/site-packages/airflow/example_dags/subdags/subdag.py
[2024-09-18T15:26:29.859+0000] {processor.py:208} INFO - Processing /Users/omer/Desktop/MLOPS/7day/.env/lib/python3.11/site-packages/airflow/example_dags/subdags/subdag.py took 0.025 seconds
[2024-09-18T15:27:51.248+0000] {processor.py:186} INFO - Started process (PID=97867) to work on /Users/omer/Desktop/MLOPS/7day/.env/lib/python3.11/site-packages/airflow/example_dags/subdags/subdag.py
[2024-09-18T15:27:51.249+0000] {processor.py:914} INFO - Processing file /Users/omer/Desktop/MLOPS/7day/.env/lib/python3.11/site-packages/airflow/example_dags/subdags/subdag.py for tasks to queue
[2024-09-18T15:27:51.249+0000] {logging_mixin.py:190} INFO - [2024-09-18T15:27:51.249+0000] {dagbag.py:587} INFO - Filling up the DagBag from /Users/omer/Desktop/MLOPS/7day/.env/lib/python3.11/site-packages/airflow/example_dags/subdags/subdag.py
[2024-09-18T15:27:51.250+0000] {processor.py:927} WARNING - No viable dags retrieved from /Users/omer/Desktop/MLOPS/7day/.env/lib/python3.11/site-packages/airflow/example_dags/subdags/subdag.py
[2024-09-18T15:27:51.274+0000] {processor.py:208} INFO - Processing /Users/omer/Desktop/MLOPS/7day/.env/lib/python3.11/site-packages/airflow/example_dags/subdags/subdag.py took 0.028 seconds
[2024-09-18T15:28:41.666+0000] {processor.py:186} INFO - Started process (PID=98022) to work on /Users/omer/Desktop/MLOPS/7day/.env/lib/python3.11/site-packages/airflow/example_dags/subdags/subdag.py
[2024-09-18T15:28:41.667+0000] {processor.py:914} INFO - Processing file /Users/omer/Desktop/MLOPS/7day/.env/lib/python3.11/site-packages/airflow/example_dags/subdags/subdag.py for tasks to queue
[2024-09-18T15:28:41.667+0000] {logging_mixin.py:190} INFO - [2024-09-18T15:28:41.667+0000] {dagbag.py:587} INFO - Filling up the DagBag from /Users/omer/Desktop/MLOPS/7day/.env/lib/python3.11/site-packages/airflow/example_dags/subdags/subdag.py
[2024-09-18T15:28:41.668+0000] {processor.py:927} WARNING - No viable dags retrieved from /Users/omer/Desktop/MLOPS/7day/.env/lib/python3.11/site-packages/airflow/example_dags/subdags/subdag.py
[2024-09-18T15:28:41.690+0000] {processor.py:208} INFO - Processing /Users/omer/Desktop/MLOPS/7day/.env/lib/python3.11/site-packages/airflow/example_dags/subdags/subdag.py took 0.026 seconds
[2024-09-18T15:29:30.411+0000] {processor.py:186} INFO - Started process (PID=98147) to work on /Users/omer/Desktop/MLOPS/7day/.env/lib/python3.11/site-packages/airflow/example_dags/subdags/subdag.py
[2024-09-18T15:29:30.412+0000] {processor.py:914} INFO - Processing file /Users/omer/Desktop/MLOPS/7day/.env/lib/python3.11/site-packages/airflow/example_dags/subdags/subdag.py for tasks to queue
[2024-09-18T15:29:30.412+0000] {logging_mixin.py:190} INFO - [2024-09-18T15:29:30.412+0000] {dagbag.py:587} INFO - Filling up the DagBag from /Users/omer/Desktop/MLOPS/7day/.env/lib/python3.11/site-packages/airflow/example_dags/subdags/subdag.py
[2024-09-18T15:29:30.413+0000] {processor.py:927} WARNING - No viable dags retrieved from /Users/omer/Desktop/MLOPS/7day/.env/lib/python3.11/site-packages/airflow/example_dags/subdags/subdag.py
[2024-09-18T15:29:30.436+0000] {processor.py:208} INFO - Processing /Users/omer/Desktop/MLOPS/7day/.env/lib/python3.11/site-packages/airflow/example_dags/subdags/subdag.py took 0.025 seconds
[2024-09-18T15:30:19.703+0000] {processor.py:186} INFO - Started process (PID=98289) to work on /Users/omer/Desktop/MLOPS/7day/.env/lib/python3.11/site-packages/airflow/example_dags/subdags/subdag.py
[2024-09-18T15:30:19.704+0000] {processor.py:914} INFO - Processing file /Users/omer/Desktop/MLOPS/7day/.env/lib/python3.11/site-packages/airflow/example_dags/subdags/subdag.py for tasks to queue
[2024-09-18T15:30:19.704+0000] {logging_mixin.py:190} INFO - [2024-09-18T15:30:19.704+0000] {dagbag.py:587} INFO - Filling up the DagBag from /Users/omer/Desktop/MLOPS/7day/.env/lib/python3.11/site-packages/airflow/example_dags/subdags/subdag.py
[2024-09-18T15:30:19.705+0000] {processor.py:927} WARNING - No viable dags retrieved from /Users/omer/Desktop/MLOPS/7day/.env/lib/python3.11/site-packages/airflow/example_dags/subdags/subdag.py
[2024-09-18T15:30:19.730+0000] {processor.py:208} INFO - Processing /Users/omer/Desktop/MLOPS/7day/.env/lib/python3.11/site-packages/airflow/example_dags/subdags/subdag.py took 0.027 seconds
[2024-09-18T15:31:08.227+0000] {processor.py:186} INFO - Started process (PID=98418) to work on /Users/omer/Desktop/MLOPS/7day/.env/lib/python3.11/site-packages/airflow/example_dags/subdags/subdag.py
[2024-09-18T15:31:08.227+0000] {processor.py:914} INFO - Processing file /Users/omer/Desktop/MLOPS/7day/.env/lib/python3.11/site-packages/airflow/example_dags/subdags/subdag.py for tasks to queue
[2024-09-18T15:31:08.228+0000] {logging_mixin.py:190} INFO - [2024-09-18T15:31:08.228+0000] {dagbag.py:587} INFO - Filling up the DagBag from /Users/omer/Desktop/MLOPS/7day/.env/lib/python3.11/site-packages/airflow/example_dags/subdags/subdag.py
[2024-09-18T15:31:08.228+0000] {processor.py:927} WARNING - No viable dags retrieved from /Users/omer/Desktop/MLOPS/7day/.env/lib/python3.11/site-packages/airflow/example_dags/subdags/subdag.py
[2024-09-18T15:31:08.251+0000] {processor.py:208} INFO - Processing /Users/omer/Desktop/MLOPS/7day/.env/lib/python3.11/site-packages/airflow/example_dags/subdags/subdag.py took 0.025 seconds
[2024-09-18T15:31:55.718+0000] {processor.py:186} INFO - Started process (PID=98572) to work on /Users/omer/Desktop/MLOPS/7day/.env/lib/python3.11/site-packages/airflow/example_dags/subdags/subdag.py
[2024-09-18T15:31:55.719+0000] {processor.py:914} INFO - Processing file /Users/omer/Desktop/MLOPS/7day/.env/lib/python3.11/site-packages/airflow/example_dags/subdags/subdag.py for tasks to queue
[2024-09-18T15:31:55.719+0000] {logging_mixin.py:190} INFO - [2024-09-18T15:31:55.719+0000] {dagbag.py:587} INFO - Filling up the DagBag from /Users/omer/Desktop/MLOPS/7day/.env/lib/python3.11/site-packages/airflow/example_dags/subdags/subdag.py
[2024-09-18T15:31:55.720+0000] {processor.py:927} WARNING - No viable dags retrieved from /Users/omer/Desktop/MLOPS/7day/.env/lib/python3.11/site-packages/airflow/example_dags/subdags/subdag.py
[2024-09-18T15:31:55.744+0000] {processor.py:208} INFO - Processing /Users/omer/Desktop/MLOPS/7day/.env/lib/python3.11/site-packages/airflow/example_dags/subdags/subdag.py took 0.027 seconds
[2024-09-18T15:32:55.995+0000] {processor.py:186} INFO - Started process (PID=98725) to work on /Users/omer/Desktop/MLOPS/7day/.env/lib/python3.11/site-packages/airflow/example_dags/subdags/subdag.py
[2024-09-18T15:32:55.996+0000] {processor.py:914} INFO - Processing file /Users/omer/Desktop/MLOPS/7day/.env/lib/python3.11/site-packages/airflow/example_dags/subdags/subdag.py for tasks to queue
[2024-09-18T15:32:55.996+0000] {logging_mixin.py:190} INFO - [2024-09-18T15:32:55.996+0000] {dagbag.py:587} INFO - Filling up the DagBag from /Users/omer/Desktop/MLOPS/7day/.env/lib/python3.11/site-packages/airflow/example_dags/subdags/subdag.py
[2024-09-18T15:32:55.996+0000] {processor.py:927} WARNING - No viable dags retrieved from /Users/omer/Desktop/MLOPS/7day/.env/lib/python3.11/site-packages/airflow/example_dags/subdags/subdag.py
[2024-09-18T15:32:56.020+0000] {processor.py:208} INFO - Processing /Users/omer/Desktop/MLOPS/7day/.env/lib/python3.11/site-packages/airflow/example_dags/subdags/subdag.py took 0.026 seconds
[2024-09-18T15:34:07.066+0000] {processor.py:186} INFO - Started process (PID=98901) to work on /Users/omer/Desktop/MLOPS/7day/.env/lib/python3.11/site-packages/airflow/example_dags/subdags/subdag.py
[2024-09-18T15:34:07.067+0000] {processor.py:914} INFO - Processing file /Users/omer/Desktop/MLOPS/7day/.env/lib/python3.11/site-packages/airflow/example_dags/subdags/subdag.py for tasks to queue
[2024-09-18T15:34:07.067+0000] {logging_mixin.py:190} INFO - [2024-09-18T15:34:07.067+0000] {dagbag.py:587} INFO - Filling up the DagBag from /Users/omer/Desktop/MLOPS/7day/.env/lib/python3.11/site-packages/airflow/example_dags/subdags/subdag.py
[2024-09-18T15:34:07.068+0000] {processor.py:927} WARNING - No viable dags retrieved from /Users/omer/Desktop/MLOPS/7day/.env/lib/python3.11/site-packages/airflow/example_dags/subdags/subdag.py
[2024-09-18T15:34:07.093+0000] {processor.py:208} INFO - Processing /Users/omer/Desktop/MLOPS/7day/.env/lib/python3.11/site-packages/airflow/example_dags/subdags/subdag.py took 0.028 seconds
[2024-09-18T15:35:27.613+0000] {processor.py:186} INFO - Started process (PID=99065) to work on /Users/omer/Desktop/MLOPS/7day/.env/lib/python3.11/site-packages/airflow/example_dags/subdags/subdag.py
[2024-09-18T15:35:27.614+0000] {processor.py:914} INFO - Processing file /Users/omer/Desktop/MLOPS/7day/.env/lib/python3.11/site-packages/airflow/example_dags/subdags/subdag.py for tasks to queue
[2024-09-18T15:35:27.614+0000] {logging_mixin.py:190} INFO - [2024-09-18T15:35:27.614+0000] {dagbag.py:587} INFO - Filling up the DagBag from /Users/omer/Desktop/MLOPS/7day/.env/lib/python3.11/site-packages/airflow/example_dags/subdags/subdag.py
[2024-09-18T15:35:27.615+0000] {processor.py:927} WARNING - No viable dags retrieved from /Users/omer/Desktop/MLOPS/7day/.env/lib/python3.11/site-packages/airflow/example_dags/subdags/subdag.py
[2024-09-18T15:35:27.638+0000] {processor.py:208} INFO - Processing /Users/omer/Desktop/MLOPS/7day/.env/lib/python3.11/site-packages/airflow/example_dags/subdags/subdag.py took 0.026 seconds
