[2024-09-19T07:20:13.795+0000] {local_task_job_runner.py:123} INFO - ::group::Pre task execution logs
[2024-09-19T07:20:13.801+0000] {taskinstance.py:2612} INFO - Dependencies all met for dep_context=non-requeueable deps ti=<TaskInstance: airflow_operators_dag.bash_task manual__2024-09-19T07:20:00.211510+00:00 [queued]>
[2024-09-19T07:20:13.803+0000] {taskinstance.py:2612} INFO - Dependencies all met for dep_context=requeueable deps ti=<TaskInstance: airflow_operators_dag.bash_task manual__2024-09-19T07:20:00.211510+00:00 [queued]>
[2024-09-19T07:20:13.803+0000] {taskinstance.py:2865} INFO - Starting attempt 1 of 2
[2024-09-19T07:20:13.809+0000] {taskinstance.py:2888} INFO - Executing <Task(BashOperator): bash_task> on 2024-09-19 07:20:00.211510+00:00
[2024-09-19T07:20:13.812+0000] {standard_task_runner.py:72} INFO - Started process 29392 to run task
[2024-09-19T07:20:13.815+0000] {standard_task_runner.py:104} INFO - Running: ['airflow', 'tasks', 'run', 'airflow_operators_dag', 'bash_task', 'manual__2024-09-19T07:20:00.211510+00:00', '--job-id', '12', '--raw', '--subdir', 'DAGS_FOLDER/operator_dag.py', '--cfg-path', '/var/folders/gv/71l1ft2j16519jw9fxm_939h0000gn/T/tmp86htscv6']
[2024-09-19T07:20:13.816+0000] {standard_task_runner.py:105} INFO - Job 12: Subtask bash_task
[2024-09-19T07:20:13.873+0000] {task_command.py:467} INFO - Running <TaskInstance: airflow_operators_dag.bash_task manual__2024-09-19T07:20:00.211510+00:00 [running]> on host Yvans-MBP
[2024-09-19T07:20:13.887+0000] {taskinstance.py:3131} INFO - Exporting env vars: AIRFLOW_CTX_DAG_OWNER='airflow' AIRFLOW_CTX_DAG_ID='airflow_operators_dag' AIRFLOW_CTX_TASK_ID='bash_task' AIRFLOW_CTX_EXECUTION_DATE='2024-09-19T07:20:00.211510+00:00' AIRFLOW_CTX_TRY_NUMBER='1' AIRFLOW_CTX_DAG_RUN_ID='manual__2024-09-19T07:20:00.211510+00:00'
[2024-09-19T07:20:13.887+0000] {taskinstance.py:731} INFO - ::endgroup::
[2024-09-19T07:20:13.891+0000] {subprocess.py:63} INFO - Tmp dir root location: /var/folders/gv/71l1ft2j16519jw9fxm_939h0000gn/T
[2024-09-19T07:20:13.891+0000] {subprocess.py:75} INFO - Running command: ['/bin/bash', '-c', 'echo "Running Bash task"']
[2024-09-19T07:20:13.893+0000] {subprocess.py:86} INFO - Output:
[2024-09-19T07:20:13.895+0000] {subprocess.py:93} INFO - Running Bash task
[2024-09-19T07:20:13.895+0000] {subprocess.py:97} INFO - Command exited with return code 0
[2024-09-19T07:20:13.901+0000] {taskinstance.py:340} INFO - ::group::Post task execution logs
[2024-09-19T07:20:13.901+0000] {taskinstance.py:352} INFO - Marking task as SUCCESS. dag_id=airflow_operators_dag, task_id=bash_task, run_id=manual__2024-09-19T07:20:00.211510+00:00, execution_date=20240919T072000, start_date=20240919T072013, end_date=20240919T072013
[2024-09-19T07:20:13.922+0000] {local_task_job_runner.py:266} INFO - Task exited with return code 0
[2024-09-19T07:20:13.959+0000] {taskinstance.py:3900} INFO - 1 downstream tasks scheduled from follow-on schedule check
[2024-09-19T07:20:13.960+0000] {local_task_job_runner.py:245} INFO - ::endgroup::
