[2024-09-18T14:49:29.196+0000] {processor.py:186} INFO - Started process (PID=94019) to work on /Users/omer/Desktop/MLOPS/7day/.env/lib/python3.11/site-packages/airflow/example_dags/example_dataset_alias_with_no_taskflow.py
[2024-09-18T14:49:29.196+0000] {processor.py:914} INFO - Processing file /Users/omer/Desktop/MLOPS/7day/.env/lib/python3.11/site-packages/airflow/example_dags/example_dataset_alias_with_no_taskflow.py for tasks to queue
[2024-09-18T14:49:29.197+0000] {logging_mixin.py:190} INFO - [2024-09-18T14:49:29.197+0000] {dagbag.py:587} INFO - Filling up the DagBag from /Users/omer/Desktop/MLOPS/7day/.env/lib/python3.11/site-packages/airflow/example_dags/example_dataset_alias_with_no_taskflow.py
[2024-09-18T14:49:29.235+0000] {processor.py:925} INFO - DAG(s) 'dataset_alias_example_alias_consumer_with_no_taskflow', 'dataset_s3_bucket_producer_with_no_taskflow', 'dataset_s3_bucket_consumer_with_no_taskflow', 'dataset_alias_example_alias_producer_with_no_taskflow' retrieved from /Users/omer/Desktop/MLOPS/7day/.env/lib/python3.11/site-packages/airflow/example_dags/example_dataset_alias_with_no_taskflow.py
[2024-09-18T14:49:29.283+0000] {logging_mixin.py:190} INFO - [2024-09-18T14:49:29.283+0000] {override.py:1900} INFO - Created Permission View: can edit on DAG:dataset_alias_example_alias_consumer_with_no_taskflow
[2024-09-18T14:49:29.286+0000] {logging_mixin.py:190} INFO - [2024-09-18T14:49:29.286+0000] {override.py:1900} INFO - Created Permission View: can delete on DAG:dataset_alias_example_alias_consumer_with_no_taskflow
[2024-09-18T14:49:29.287+0000] {logging_mixin.py:190} INFO - [2024-09-18T14:49:29.287+0000] {override.py:1900} INFO - Created Permission View: can read on DAG:dataset_alias_example_alias_consumer_with_no_taskflow
[2024-09-18T14:49:29.290+0000] {logging_mixin.py:190} INFO - [2024-09-18T14:49:29.289+0000] {override.py:1900} INFO - Created Permission View: can create on DAG Run:dataset_alias_example_alias_consumer_with_no_taskflow
[2024-09-18T14:49:29.291+0000] {logging_mixin.py:190} INFO - [2024-09-18T14:49:29.291+0000] {override.py:1900} INFO - Created Permission View: can delete on DAG Run:dataset_alias_example_alias_consumer_with_no_taskflow
[2024-09-18T14:49:29.292+0000] {logging_mixin.py:190} INFO - [2024-09-18T14:49:29.292+0000] {override.py:1900} INFO - Created Permission View: can read on DAG Run:dataset_alias_example_alias_consumer_with_no_taskflow
[2024-09-18T14:49:29.294+0000] {logging_mixin.py:190} INFO - [2024-09-18T14:49:29.294+0000] {override.py:1900} INFO - Created Permission View: menu access on DAG Run:dataset_alias_example_alias_consumer_with_no_taskflow
[2024-09-18T14:49:29.297+0000] {logging_mixin.py:190} INFO - [2024-09-18T14:49:29.297+0000] {override.py:1900} INFO - Created Permission View: can edit on DAG:dataset_s3_bucket_producer_with_no_taskflow
[2024-09-18T14:49:29.299+0000] {logging_mixin.py:190} INFO - [2024-09-18T14:49:29.299+0000] {override.py:1900} INFO - Created Permission View: can delete on DAG:dataset_s3_bucket_producer_with_no_taskflow
[2024-09-18T14:49:29.301+0000] {logging_mixin.py:190} INFO - [2024-09-18T14:49:29.301+0000] {override.py:1900} INFO - Created Permission View: can read on DAG:dataset_s3_bucket_producer_with_no_taskflow
[2024-09-18T14:49:29.303+0000] {logging_mixin.py:190} INFO - [2024-09-18T14:49:29.303+0000] {override.py:1900} INFO - Created Permission View: can create on DAG Run:dataset_s3_bucket_producer_with_no_taskflow
[2024-09-18T14:49:29.304+0000] {logging_mixin.py:190} INFO - [2024-09-18T14:49:29.304+0000] {override.py:1900} INFO - Created Permission View: can delete on DAG Run:dataset_s3_bucket_producer_with_no_taskflow
[2024-09-18T14:49:29.305+0000] {logging_mixin.py:190} INFO - [2024-09-18T14:49:29.305+0000] {override.py:1900} INFO - Created Permission View: can read on DAG Run:dataset_s3_bucket_producer_with_no_taskflow
[2024-09-18T14:49:29.307+0000] {logging_mixin.py:190} INFO - [2024-09-18T14:49:29.307+0000] {override.py:1900} INFO - Created Permission View: menu access on DAG Run:dataset_s3_bucket_producer_with_no_taskflow
[2024-09-18T14:49:29.310+0000] {logging_mixin.py:190} INFO - [2024-09-18T14:49:29.310+0000] {override.py:1900} INFO - Created Permission View: can edit on DAG:dataset_s3_bucket_consumer_with_no_taskflow
[2024-09-18T14:49:29.311+0000] {logging_mixin.py:190} INFO - [2024-09-18T14:49:29.311+0000] {override.py:1900} INFO - Created Permission View: can delete on DAG:dataset_s3_bucket_consumer_with_no_taskflow
[2024-09-18T14:49:29.312+0000] {logging_mixin.py:190} INFO - [2024-09-18T14:49:29.312+0000] {override.py:1900} INFO - Created Permission View: can read on DAG:dataset_s3_bucket_consumer_with_no_taskflow
[2024-09-18T14:49:29.314+0000] {logging_mixin.py:190} INFO - [2024-09-18T14:49:29.314+0000] {override.py:1900} INFO - Created Permission View: can create on DAG Run:dataset_s3_bucket_consumer_with_no_taskflow
[2024-09-18T14:49:29.315+0000] {logging_mixin.py:190} INFO - [2024-09-18T14:49:29.315+0000] {override.py:1900} INFO - Created Permission View: can delete on DAG Run:dataset_s3_bucket_consumer_with_no_taskflow
[2024-09-18T14:49:29.317+0000] {logging_mixin.py:190} INFO - [2024-09-18T14:49:29.317+0000] {override.py:1900} INFO - Created Permission View: can read on DAG Run:dataset_s3_bucket_consumer_with_no_taskflow
[2024-09-18T14:49:29.318+0000] {logging_mixin.py:190} INFO - [2024-09-18T14:49:29.318+0000] {override.py:1900} INFO - Created Permission View: menu access on DAG Run:dataset_s3_bucket_consumer_with_no_taskflow
[2024-09-18T14:49:29.321+0000] {logging_mixin.py:190} INFO - [2024-09-18T14:49:29.321+0000] {override.py:1900} INFO - Created Permission View: can edit on DAG:dataset_alias_example_alias_producer_with_no_taskflow
[2024-09-18T14:49:29.323+0000] {logging_mixin.py:190} INFO - [2024-09-18T14:49:29.323+0000] {override.py:1900} INFO - Created Permission View: can delete on DAG:dataset_alias_example_alias_producer_with_no_taskflow
[2024-09-18T14:49:29.324+0000] {logging_mixin.py:190} INFO - [2024-09-18T14:49:29.324+0000] {override.py:1900} INFO - Created Permission View: can read on DAG:dataset_alias_example_alias_producer_with_no_taskflow
[2024-09-18T14:49:29.326+0000] {logging_mixin.py:190} INFO - [2024-09-18T14:49:29.326+0000] {override.py:1900} INFO - Created Permission View: can create on DAG Run:dataset_alias_example_alias_producer_with_no_taskflow
[2024-09-18T14:49:29.327+0000] {logging_mixin.py:190} INFO - [2024-09-18T14:49:29.327+0000] {override.py:1900} INFO - Created Permission View: can delete on DAG Run:dataset_alias_example_alias_producer_with_no_taskflow
[2024-09-18T14:49:29.328+0000] {logging_mixin.py:190} INFO - [2024-09-18T14:49:29.328+0000] {override.py:1900} INFO - Created Permission View: can read on DAG Run:dataset_alias_example_alias_producer_with_no_taskflow
[2024-09-18T14:49:29.330+0000] {logging_mixin.py:190} INFO - [2024-09-18T14:49:29.330+0000] {override.py:1900} INFO - Created Permission View: menu access on DAG Run:dataset_alias_example_alias_producer_with_no_taskflow
[2024-09-18T14:49:29.330+0000] {logging_mixin.py:190} INFO - [2024-09-18T14:49:29.330+0000] {dag.py:3229} INFO - Sync 4 DAGs
[2024-09-18T14:49:29.333+0000] {logging_mixin.py:190} INFO - [2024-09-18T14:49:29.333+0000] {dag.py:3252} INFO - Creating ORM DAG for dataset_alias_example_alias_producer_with_no_taskflow
[2024-09-18T14:49:29.333+0000] {logging_mixin.py:190} INFO - [2024-09-18T14:49:29.333+0000] {dag.py:3252} INFO - Creating ORM DAG for dataset_s3_bucket_producer_with_no_taskflow
[2024-09-18T14:49:29.333+0000] {logging_mixin.py:190} INFO - [2024-09-18T14:49:29.333+0000] {dag.py:3252} INFO - Creating ORM DAG for dataset_s3_bucket_consumer_with_no_taskflow
[2024-09-18T14:49:29.333+0000] {logging_mixin.py:190} INFO - [2024-09-18T14:49:29.333+0000] {dag.py:3252} INFO - Creating ORM DAG for dataset_alias_example_alias_consumer_with_no_taskflow
[2024-09-18T14:49:29.335+0000] {logging_mixin.py:190} INFO - [2024-09-18T14:49:29.335+0000] {dag.py:4156} INFO - Setting next_dagrun for dataset_alias_example_alias_consumer_with_no_taskflow to None, run_after=None
[2024-09-18T14:49:29.336+0000] {logging_mixin.py:190} INFO - [2024-09-18T14:49:29.336+0000] {dag.py:4156} INFO - Setting next_dagrun for dataset_alias_example_alias_producer_with_no_taskflow to None, run_after=None
[2024-09-18T14:49:29.336+0000] {logging_mixin.py:190} INFO - [2024-09-18T14:49:29.336+0000] {dag.py:4156} INFO - Setting next_dagrun for dataset_s3_bucket_consumer_with_no_taskflow to None, run_after=None
[2024-09-18T14:49:29.336+0000] {logging_mixin.py:190} INFO - [2024-09-18T14:49:29.336+0000] {dag.py:4156} INFO - Setting next_dagrun for dataset_s3_bucket_producer_with_no_taskflow to None, run_after=None
[2024-09-18T14:49:29.340+0000] {logging_mixin.py:190} INFO - [2024-09-18T14:49:29.340+0000] {workday.py:41} WARNING - Could not import pandas. Holidays will not be considered.
[2024-09-18T14:49:29.345+0000] {processor.py:208} INFO - Processing /Users/omer/Desktop/MLOPS/7day/.env/lib/python3.11/site-packages/airflow/example_dags/example_dataset_alias_with_no_taskflow.py took 0.150 seconds
[2024-09-18T14:51:08.573+0000] {processor.py:186} INFO - Started process (PID=94287) to work on /Users/omer/Desktop/MLOPS/7day/.env/lib/python3.11/site-packages/airflow/example_dags/example_dataset_alias_with_no_taskflow.py
[2024-09-18T14:51:08.574+0000] {processor.py:914} INFO - Processing file /Users/omer/Desktop/MLOPS/7day/.env/lib/python3.11/site-packages/airflow/example_dags/example_dataset_alias_with_no_taskflow.py for tasks to queue
[2024-09-18T14:51:08.575+0000] {logging_mixin.py:190} INFO - [2024-09-18T14:51:08.575+0000] {dagbag.py:587} INFO - Filling up the DagBag from /Users/omer/Desktop/MLOPS/7day/.env/lib/python3.11/site-packages/airflow/example_dags/example_dataset_alias_with_no_taskflow.py
[2024-09-18T14:51:08.613+0000] {processor.py:925} INFO - DAG(s) 'dataset_s3_bucket_consumer_with_no_taskflow', 'dataset_s3_bucket_producer_with_no_taskflow', 'dataset_alias_example_alias_producer_with_no_taskflow', 'dataset_alias_example_alias_consumer_with_no_taskflow' retrieved from /Users/omer/Desktop/MLOPS/7day/.env/lib/python3.11/site-packages/airflow/example_dags/example_dataset_alias_with_no_taskflow.py
[2024-09-18T14:51:08.621+0000] {logging_mixin.py:190} INFO - [2024-09-18T14:51:08.621+0000] {dag.py:3229} INFO - Sync 4 DAGs
[2024-09-18T14:51:08.651+0000] {logging_mixin.py:190} INFO - [2024-09-18T14:51:08.651+0000] {dag.py:4156} INFO - Setting next_dagrun for dataset_alias_example_alias_consumer_with_no_taskflow to None, run_after=None
[2024-09-18T14:51:08.652+0000] {logging_mixin.py:190} INFO - [2024-09-18T14:51:08.652+0000] {dag.py:4156} INFO - Setting next_dagrun for dataset_alias_example_alias_producer_with_no_taskflow to None, run_after=None
[2024-09-18T14:51:08.652+0000] {logging_mixin.py:190} INFO - [2024-09-18T14:51:08.652+0000] {dag.py:4156} INFO - Setting next_dagrun for dataset_s3_bucket_consumer_with_no_taskflow to None, run_after=None
[2024-09-18T14:51:08.652+0000] {logging_mixin.py:190} INFO - [2024-09-18T14:51:08.652+0000] {dag.py:4156} INFO - Setting next_dagrun for dataset_s3_bucket_producer_with_no_taskflow to None, run_after=None
[2024-09-18T14:51:08.658+0000] {processor.py:208} INFO - Processing /Users/omer/Desktop/MLOPS/7day/.env/lib/python3.11/site-packages/airflow/example_dags/example_dataset_alias_with_no_taskflow.py took 0.085 seconds
[2024-09-18T14:52:48.681+0000] {processor.py:186} INFO - Started process (PID=94504) to work on /Users/omer/Desktop/MLOPS/7day/.env/lib/python3.11/site-packages/airflow/example_dags/example_dataset_alias_with_no_taskflow.py
[2024-09-18T14:52:48.682+0000] {processor.py:914} INFO - Processing file /Users/omer/Desktop/MLOPS/7day/.env/lib/python3.11/site-packages/airflow/example_dags/example_dataset_alias_with_no_taskflow.py for tasks to queue
[2024-09-18T14:52:48.683+0000] {logging_mixin.py:190} INFO - [2024-09-18T14:52:48.683+0000] {dagbag.py:587} INFO - Filling up the DagBag from /Users/omer/Desktop/MLOPS/7day/.env/lib/python3.11/site-packages/airflow/example_dags/example_dataset_alias_with_no_taskflow.py
[2024-09-18T14:52:48.727+0000] {processor.py:925} INFO - DAG(s) 'dataset_s3_bucket_consumer_with_no_taskflow', 'dataset_alias_example_alias_producer_with_no_taskflow', 'dataset_s3_bucket_producer_with_no_taskflow', 'dataset_alias_example_alias_consumer_with_no_taskflow' retrieved from /Users/omer/Desktop/MLOPS/7day/.env/lib/python3.11/site-packages/airflow/example_dags/example_dataset_alias_with_no_taskflow.py
[2024-09-18T14:52:48.734+0000] {logging_mixin.py:190} INFO - [2024-09-18T14:52:48.733+0000] {dag.py:3229} INFO - Sync 4 DAGs
[2024-09-18T14:52:48.759+0000] {logging_mixin.py:190} INFO - [2024-09-18T14:52:48.759+0000] {dag.py:4156} INFO - Setting next_dagrun for dataset_alias_example_alias_consumer_with_no_taskflow to None, run_after=None
[2024-09-18T14:52:48.760+0000] {logging_mixin.py:190} INFO - [2024-09-18T14:52:48.760+0000] {dag.py:4156} INFO - Setting next_dagrun for dataset_alias_example_alias_producer_with_no_taskflow to None, run_after=None
[2024-09-18T14:52:48.760+0000] {logging_mixin.py:190} INFO - [2024-09-18T14:52:48.760+0000] {dag.py:4156} INFO - Setting next_dagrun for dataset_s3_bucket_consumer_with_no_taskflow to None, run_after=None
[2024-09-18T14:52:48.760+0000] {logging_mixin.py:190} INFO - [2024-09-18T14:52:48.760+0000] {dag.py:4156} INFO - Setting next_dagrun for dataset_s3_bucket_producer_with_no_taskflow to None, run_after=None
[2024-09-18T14:52:48.766+0000] {processor.py:208} INFO - Processing /Users/omer/Desktop/MLOPS/7day/.env/lib/python3.11/site-packages/airflow/example_dags/example_dataset_alias_with_no_taskflow.py took 0.086 seconds
[2024-09-18T14:54:28.812+0000] {processor.py:186} INFO - Started process (PID=94668) to work on /Users/omer/Desktop/MLOPS/7day/.env/lib/python3.11/site-packages/airflow/example_dags/example_dataset_alias_with_no_taskflow.py
[2024-09-18T14:54:28.813+0000] {processor.py:914} INFO - Processing file /Users/omer/Desktop/MLOPS/7day/.env/lib/python3.11/site-packages/airflow/example_dags/example_dataset_alias_with_no_taskflow.py for tasks to queue
[2024-09-18T14:54:28.813+0000] {logging_mixin.py:190} INFO - [2024-09-18T14:54:28.813+0000] {dagbag.py:587} INFO - Filling up the DagBag from /Users/omer/Desktop/MLOPS/7day/.env/lib/python3.11/site-packages/airflow/example_dags/example_dataset_alias_with_no_taskflow.py
[2024-09-18T14:54:28.851+0000] {processor.py:925} INFO - DAG(s) 'dataset_alias_example_alias_consumer_with_no_taskflow', 'dataset_s3_bucket_producer_with_no_taskflow', 'dataset_alias_example_alias_producer_with_no_taskflow', 'dataset_s3_bucket_consumer_with_no_taskflow' retrieved from /Users/omer/Desktop/MLOPS/7day/.env/lib/python3.11/site-packages/airflow/example_dags/example_dataset_alias_with_no_taskflow.py
[2024-09-18T14:54:28.857+0000] {logging_mixin.py:190} INFO - [2024-09-18T14:54:28.857+0000] {dag.py:3229} INFO - Sync 4 DAGs
[2024-09-18T14:54:28.882+0000] {logging_mixin.py:190} INFO - [2024-09-18T14:54:28.882+0000] {dag.py:4156} INFO - Setting next_dagrun for dataset_alias_example_alias_consumer_with_no_taskflow to None, run_after=None
[2024-09-18T14:54:28.883+0000] {logging_mixin.py:190} INFO - [2024-09-18T14:54:28.883+0000] {dag.py:4156} INFO - Setting next_dagrun for dataset_alias_example_alias_producer_with_no_taskflow to None, run_after=None
[2024-09-18T14:54:28.883+0000] {logging_mixin.py:190} INFO - [2024-09-18T14:54:28.883+0000] {dag.py:4156} INFO - Setting next_dagrun for dataset_s3_bucket_consumer_with_no_taskflow to None, run_after=None
[2024-09-18T14:54:28.883+0000] {logging_mixin.py:190} INFO - [2024-09-18T14:54:28.883+0000] {dag.py:4156} INFO - Setting next_dagrun for dataset_s3_bucket_producer_with_no_taskflow to None, run_after=None
[2024-09-18T14:54:28.889+0000] {processor.py:208} INFO - Processing /Users/omer/Desktop/MLOPS/7day/.env/lib/python3.11/site-packages/airflow/example_dags/example_dataset_alias_with_no_taskflow.py took 0.078 seconds
[2024-09-18T15:21:48.235+0000] {processor.py:186} INFO - Started process (PID=97207) to work on /Users/omer/Desktop/MLOPS/7day/.env/lib/python3.11/site-packages/airflow/example_dags/example_dataset_alias_with_no_taskflow.py
[2024-09-18T15:21:48.236+0000] {processor.py:914} INFO - Processing file /Users/omer/Desktop/MLOPS/7day/.env/lib/python3.11/site-packages/airflow/example_dags/example_dataset_alias_with_no_taskflow.py for tasks to queue
[2024-09-18T15:21:48.236+0000] {logging_mixin.py:190} INFO - [2024-09-18T15:21:48.236+0000] {dagbag.py:587} INFO - Filling up the DagBag from /Users/omer/Desktop/MLOPS/7day/.env/lib/python3.11/site-packages/airflow/example_dags/example_dataset_alias_with_no_taskflow.py
[2024-09-18T15:21:48.275+0000] {processor.py:925} INFO - DAG(s) 'dataset_alias_example_alias_producer_with_no_taskflow', 'dataset_s3_bucket_producer_with_no_taskflow', 'dataset_alias_example_alias_consumer_with_no_taskflow', 'dataset_s3_bucket_consumer_with_no_taskflow' retrieved from /Users/omer/Desktop/MLOPS/7day/.env/lib/python3.11/site-packages/airflow/example_dags/example_dataset_alias_with_no_taskflow.py
[2024-09-18T15:21:48.282+0000] {logging_mixin.py:190} INFO - [2024-09-18T15:21:48.282+0000] {dag.py:3229} INFO - Sync 4 DAGs
[2024-09-18T15:21:48.307+0000] {logging_mixin.py:190} INFO - [2024-09-18T15:21:48.307+0000] {dag.py:4156} INFO - Setting next_dagrun for dataset_alias_example_alias_consumer_with_no_taskflow to None, run_after=None
[2024-09-18T15:21:48.308+0000] {logging_mixin.py:190} INFO - [2024-09-18T15:21:48.308+0000] {dag.py:4156} INFO - Setting next_dagrun for dataset_alias_example_alias_producer_with_no_taskflow to None, run_after=None
[2024-09-18T15:21:48.308+0000] {logging_mixin.py:190} INFO - [2024-09-18T15:21:48.308+0000] {dag.py:4156} INFO - Setting next_dagrun for dataset_s3_bucket_consumer_with_no_taskflow to None, run_after=None
[2024-09-18T15:21:48.308+0000] {logging_mixin.py:190} INFO - [2024-09-18T15:21:48.308+0000] {dag.py:4156} INFO - Setting next_dagrun for dataset_s3_bucket_producer_with_no_taskflow to None, run_after=None
[2024-09-18T15:21:48.314+0000] {processor.py:208} INFO - Processing /Users/omer/Desktop/MLOPS/7day/.env/lib/python3.11/site-packages/airflow/example_dags/example_dataset_alias_with_no_taskflow.py took 0.080 seconds
[2024-09-18T15:23:27.575+0000] {processor.py:186} INFO - Started process (PID=97382) to work on /Users/omer/Desktop/MLOPS/7day/.env/lib/python3.11/site-packages/airflow/example_dags/example_dataset_alias_with_no_taskflow.py
[2024-09-18T15:23:27.575+0000] {processor.py:914} INFO - Processing file /Users/omer/Desktop/MLOPS/7day/.env/lib/python3.11/site-packages/airflow/example_dags/example_dataset_alias_with_no_taskflow.py for tasks to queue
[2024-09-18T15:23:27.576+0000] {logging_mixin.py:190} INFO - [2024-09-18T15:23:27.576+0000] {dagbag.py:587} INFO - Filling up the DagBag from /Users/omer/Desktop/MLOPS/7day/.env/lib/python3.11/site-packages/airflow/example_dags/example_dataset_alias_with_no_taskflow.py
[2024-09-18T15:23:27.616+0000] {processor.py:925} INFO - DAG(s) 'dataset_alias_example_alias_producer_with_no_taskflow', 'dataset_s3_bucket_producer_with_no_taskflow', 'dataset_s3_bucket_consumer_with_no_taskflow', 'dataset_alias_example_alias_consumer_with_no_taskflow' retrieved from /Users/omer/Desktop/MLOPS/7day/.env/lib/python3.11/site-packages/airflow/example_dags/example_dataset_alias_with_no_taskflow.py
[2024-09-18T15:23:27.623+0000] {logging_mixin.py:190} INFO - [2024-09-18T15:23:27.623+0000] {dag.py:3229} INFO - Sync 4 DAGs
[2024-09-18T15:23:27.652+0000] {logging_mixin.py:190} INFO - [2024-09-18T15:23:27.652+0000] {dag.py:4156} INFO - Setting next_dagrun for dataset_alias_example_alias_consumer_with_no_taskflow to None, run_after=None
[2024-09-18T15:23:27.653+0000] {logging_mixin.py:190} INFO - [2024-09-18T15:23:27.653+0000] {dag.py:4156} INFO - Setting next_dagrun for dataset_alias_example_alias_producer_with_no_taskflow to None, run_after=None
[2024-09-18T15:23:27.653+0000] {logging_mixin.py:190} INFO - [2024-09-18T15:23:27.653+0000] {dag.py:4156} INFO - Setting next_dagrun for dataset_s3_bucket_consumer_with_no_taskflow to None, run_after=None
[2024-09-18T15:23:27.653+0000] {logging_mixin.py:190} INFO - [2024-09-18T15:23:27.653+0000] {dag.py:4156} INFO - Setting next_dagrun for dataset_s3_bucket_producer_with_no_taskflow to None, run_after=None
[2024-09-18T15:23:27.660+0000] {processor.py:208} INFO - Processing /Users/omer/Desktop/MLOPS/7day/.env/lib/python3.11/site-packages/airflow/example_dags/example_dataset_alias_with_no_taskflow.py took 0.086 seconds
[2024-09-18T15:27:32.449+0000] {processor.py:186} INFO - Started process (PID=97835) to work on /Users/omer/Desktop/MLOPS/7day/.env/lib/python3.11/site-packages/airflow/example_dags/example_dataset_alias_with_no_taskflow.py
[2024-09-18T15:27:32.450+0000] {processor.py:914} INFO - Processing file /Users/omer/Desktop/MLOPS/7day/.env/lib/python3.11/site-packages/airflow/example_dags/example_dataset_alias_with_no_taskflow.py for tasks to queue
[2024-09-18T15:27:32.451+0000] {logging_mixin.py:190} INFO - [2024-09-18T15:27:32.451+0000] {dagbag.py:587} INFO - Filling up the DagBag from /Users/omer/Desktop/MLOPS/7day/.env/lib/python3.11/site-packages/airflow/example_dags/example_dataset_alias_with_no_taskflow.py
[2024-09-18T15:27:32.490+0000] {processor.py:925} INFO - DAG(s) 'dataset_s3_bucket_producer_with_no_taskflow', 'dataset_alias_example_alias_consumer_with_no_taskflow', 'dataset_alias_example_alias_producer_with_no_taskflow', 'dataset_s3_bucket_consumer_with_no_taskflow' retrieved from /Users/omer/Desktop/MLOPS/7day/.env/lib/python3.11/site-packages/airflow/example_dags/example_dataset_alias_with_no_taskflow.py
[2024-09-18T15:27:32.497+0000] {logging_mixin.py:190} INFO - [2024-09-18T15:27:32.497+0000] {dag.py:3229} INFO - Sync 4 DAGs
[2024-09-18T15:27:32.524+0000] {logging_mixin.py:190} INFO - [2024-09-18T15:27:32.524+0000] {dag.py:4156} INFO - Setting next_dagrun for dataset_alias_example_alias_consumer_with_no_taskflow to None, run_after=None
[2024-09-18T15:27:32.525+0000] {logging_mixin.py:190} INFO - [2024-09-18T15:27:32.524+0000] {dag.py:4156} INFO - Setting next_dagrun for dataset_alias_example_alias_producer_with_no_taskflow to None, run_after=None
[2024-09-18T15:27:32.525+0000] {logging_mixin.py:190} INFO - [2024-09-18T15:27:32.525+0000] {dag.py:4156} INFO - Setting next_dagrun for dataset_s3_bucket_consumer_with_no_taskflow to None, run_after=None
[2024-09-18T15:27:32.525+0000] {logging_mixin.py:190} INFO - [2024-09-18T15:27:32.525+0000] {dag.py:4156} INFO - Setting next_dagrun for dataset_s3_bucket_producer_with_no_taskflow to None, run_after=None
[2024-09-18T15:27:32.530+0000] {processor.py:208} INFO - Processing /Users/omer/Desktop/MLOPS/7day/.env/lib/python3.11/site-packages/airflow/example_dags/example_dataset_alias_with_no_taskflow.py took 0.082 seconds
[2024-09-18T15:29:13.843+0000] {processor.py:186} INFO - Started process (PID=98103) to work on /Users/omer/Desktop/MLOPS/7day/.env/lib/python3.11/site-packages/airflow/example_dags/example_dataset_alias_with_no_taskflow.py
[2024-09-18T15:29:13.844+0000] {processor.py:914} INFO - Processing file /Users/omer/Desktop/MLOPS/7day/.env/lib/python3.11/site-packages/airflow/example_dags/example_dataset_alias_with_no_taskflow.py for tasks to queue
[2024-09-18T15:29:13.845+0000] {logging_mixin.py:190} INFO - [2024-09-18T15:29:13.845+0000] {dagbag.py:587} INFO - Filling up the DagBag from /Users/omer/Desktop/MLOPS/7day/.env/lib/python3.11/site-packages/airflow/example_dags/example_dataset_alias_with_no_taskflow.py
[2024-09-18T15:29:13.884+0000] {processor.py:925} INFO - DAG(s) 'dataset_s3_bucket_producer_with_no_taskflow', 'dataset_alias_example_alias_consumer_with_no_taskflow', 'dataset_s3_bucket_consumer_with_no_taskflow', 'dataset_alias_example_alias_producer_with_no_taskflow' retrieved from /Users/omer/Desktop/MLOPS/7day/.env/lib/python3.11/site-packages/airflow/example_dags/example_dataset_alias_with_no_taskflow.py
[2024-09-18T15:29:13.890+0000] {logging_mixin.py:190} INFO - [2024-09-18T15:29:13.890+0000] {dag.py:3229} INFO - Sync 4 DAGs
[2024-09-18T15:29:13.915+0000] {logging_mixin.py:190} INFO - [2024-09-18T15:29:13.915+0000] {dag.py:4156} INFO - Setting next_dagrun for dataset_alias_example_alias_consumer_with_no_taskflow to None, run_after=None
[2024-09-18T15:29:13.915+0000] {logging_mixin.py:190} INFO - [2024-09-18T15:29:13.915+0000] {dag.py:4156} INFO - Setting next_dagrun for dataset_alias_example_alias_producer_with_no_taskflow to None, run_after=None
[2024-09-18T15:29:13.916+0000] {logging_mixin.py:190} INFO - [2024-09-18T15:29:13.916+0000] {dag.py:4156} INFO - Setting next_dagrun for dataset_s3_bucket_consumer_with_no_taskflow to None, run_after=None
[2024-09-18T15:29:13.916+0000] {logging_mixin.py:190} INFO - [2024-09-18T15:29:13.916+0000] {dag.py:4156} INFO - Setting next_dagrun for dataset_s3_bucket_producer_with_no_taskflow to None, run_after=None
[2024-09-18T15:29:13.922+0000] {processor.py:208} INFO - Processing /Users/omer/Desktop/MLOPS/7day/.env/lib/python3.11/site-packages/airflow/example_dags/example_dataset_alias_with_no_taskflow.py took 0.079 seconds
[2024-09-18T15:30:51.435+0000] {processor.py:186} INFO - Started process (PID=98373) to work on /Users/omer/Desktop/MLOPS/7day/.env/lib/python3.11/site-packages/airflow/example_dags/example_dataset_alias_with_no_taskflow.py
[2024-09-18T15:30:51.436+0000] {processor.py:914} INFO - Processing file /Users/omer/Desktop/MLOPS/7day/.env/lib/python3.11/site-packages/airflow/example_dags/example_dataset_alias_with_no_taskflow.py for tasks to queue
[2024-09-18T15:30:51.437+0000] {logging_mixin.py:190} INFO - [2024-09-18T15:30:51.437+0000] {dagbag.py:587} INFO - Filling up the DagBag from /Users/omer/Desktop/MLOPS/7day/.env/lib/python3.11/site-packages/airflow/example_dags/example_dataset_alias_with_no_taskflow.py
[2024-09-18T15:30:51.475+0000] {processor.py:925} INFO - DAG(s) 'dataset_alias_example_alias_producer_with_no_taskflow', 'dataset_s3_bucket_producer_with_no_taskflow', 'dataset_s3_bucket_consumer_with_no_taskflow', 'dataset_alias_example_alias_consumer_with_no_taskflow' retrieved from /Users/omer/Desktop/MLOPS/7day/.env/lib/python3.11/site-packages/airflow/example_dags/example_dataset_alias_with_no_taskflow.py
[2024-09-18T15:30:51.481+0000] {logging_mixin.py:190} INFO - [2024-09-18T15:30:51.481+0000] {dag.py:3229} INFO - Sync 4 DAGs
[2024-09-18T15:30:51.506+0000] {logging_mixin.py:190} INFO - [2024-09-18T15:30:51.506+0000] {dag.py:4156} INFO - Setting next_dagrun for dataset_alias_example_alias_consumer_with_no_taskflow to None, run_after=None
[2024-09-18T15:30:51.506+0000] {logging_mixin.py:190} INFO - [2024-09-18T15:30:51.506+0000] {dag.py:4156} INFO - Setting next_dagrun for dataset_alias_example_alias_producer_with_no_taskflow to None, run_after=None
[2024-09-18T15:30:51.507+0000] {logging_mixin.py:190} INFO - [2024-09-18T15:30:51.507+0000] {dag.py:4156} INFO - Setting next_dagrun for dataset_s3_bucket_consumer_with_no_taskflow to None, run_after=None
[2024-09-18T15:30:51.507+0000] {logging_mixin.py:190} INFO - [2024-09-18T15:30:51.507+0000] {dag.py:4156} INFO - Setting next_dagrun for dataset_s3_bucket_producer_with_no_taskflow to None, run_after=None
[2024-09-18T15:30:51.513+0000] {processor.py:208} INFO - Processing /Users/omer/Desktop/MLOPS/7day/.env/lib/python3.11/site-packages/airflow/example_dags/example_dataset_alias_with_no_taskflow.py took 0.078 seconds
[2024-09-18T15:32:29.570+0000] {processor.py:186} INFO - Started process (PID=98660) to work on /Users/omer/Desktop/MLOPS/7day/.env/lib/python3.11/site-packages/airflow/example_dags/example_dataset_alias_with_no_taskflow.py
[2024-09-18T15:32:29.571+0000] {processor.py:914} INFO - Processing file /Users/omer/Desktop/MLOPS/7day/.env/lib/python3.11/site-packages/airflow/example_dags/example_dataset_alias_with_no_taskflow.py for tasks to queue
[2024-09-18T15:32:29.571+0000] {logging_mixin.py:190} INFO - [2024-09-18T15:32:29.571+0000] {dagbag.py:587} INFO - Filling up the DagBag from /Users/omer/Desktop/MLOPS/7day/.env/lib/python3.11/site-packages/airflow/example_dags/example_dataset_alias_with_no_taskflow.py
[2024-09-18T15:32:29.614+0000] {processor.py:925} INFO - DAG(s) 'dataset_alias_example_alias_consumer_with_no_taskflow', 'dataset_alias_example_alias_producer_with_no_taskflow', 'dataset_s3_bucket_producer_with_no_taskflow', 'dataset_s3_bucket_consumer_with_no_taskflow' retrieved from /Users/omer/Desktop/MLOPS/7day/.env/lib/python3.11/site-packages/airflow/example_dags/example_dataset_alias_with_no_taskflow.py
[2024-09-18T15:32:29.620+0000] {logging_mixin.py:190} INFO - [2024-09-18T15:32:29.620+0000] {dag.py:3229} INFO - Sync 4 DAGs
[2024-09-18T15:32:29.645+0000] {logging_mixin.py:190} INFO - [2024-09-18T15:32:29.645+0000] {dag.py:4156} INFO - Setting next_dagrun for dataset_alias_example_alias_consumer_with_no_taskflow to None, run_after=None
[2024-09-18T15:32:29.646+0000] {logging_mixin.py:190} INFO - [2024-09-18T15:32:29.646+0000] {dag.py:4156} INFO - Setting next_dagrun for dataset_alias_example_alias_producer_with_no_taskflow to None, run_after=None
[2024-09-18T15:32:29.646+0000] {logging_mixin.py:190} INFO - [2024-09-18T15:32:29.646+0000] {dag.py:4156} INFO - Setting next_dagrun for dataset_s3_bucket_consumer_with_no_taskflow to None, run_after=None
[2024-09-18T15:32:29.646+0000] {logging_mixin.py:190} INFO - [2024-09-18T15:32:29.646+0000] {dag.py:4156} INFO - Setting next_dagrun for dataset_s3_bucket_producer_with_no_taskflow to None, run_after=None
[2024-09-18T15:32:29.652+0000] {processor.py:208} INFO - Processing /Users/omer/Desktop/MLOPS/7day/.env/lib/python3.11/site-packages/airflow/example_dags/example_dataset_alias_with_no_taskflow.py took 0.082 seconds
[2024-09-18T15:35:09.258+0000] {processor.py:186} INFO - Started process (PID=99033) to work on /Users/omer/Desktop/MLOPS/7day/.env/lib/python3.11/site-packages/airflow/example_dags/example_dataset_alias_with_no_taskflow.py
[2024-09-18T15:35:09.258+0000] {processor.py:914} INFO - Processing file /Users/omer/Desktop/MLOPS/7day/.env/lib/python3.11/site-packages/airflow/example_dags/example_dataset_alias_with_no_taskflow.py for tasks to queue
[2024-09-18T15:35:09.259+0000] {logging_mixin.py:190} INFO - [2024-09-18T15:35:09.259+0000] {dagbag.py:587} INFO - Filling up the DagBag from /Users/omer/Desktop/MLOPS/7day/.env/lib/python3.11/site-packages/airflow/example_dags/example_dataset_alias_with_no_taskflow.py
[2024-09-18T15:35:09.299+0000] {processor.py:925} INFO - DAG(s) 'dataset_alias_example_alias_consumer_with_no_taskflow', 'dataset_s3_bucket_producer_with_no_taskflow', 'dataset_alias_example_alias_producer_with_no_taskflow', 'dataset_s3_bucket_consumer_with_no_taskflow' retrieved from /Users/omer/Desktop/MLOPS/7day/.env/lib/python3.11/site-packages/airflow/example_dags/example_dataset_alias_with_no_taskflow.py
[2024-09-18T15:35:09.305+0000] {logging_mixin.py:190} INFO - [2024-09-18T15:35:09.305+0000] {dag.py:3229} INFO - Sync 4 DAGs
[2024-09-18T15:35:09.330+0000] {logging_mixin.py:190} INFO - [2024-09-18T15:35:09.330+0000] {dag.py:4156} INFO - Setting next_dagrun for dataset_alias_example_alias_consumer_with_no_taskflow to None, run_after=None
[2024-09-18T15:35:09.331+0000] {logging_mixin.py:190} INFO - [2024-09-18T15:35:09.331+0000] {dag.py:4156} INFO - Setting next_dagrun for dataset_alias_example_alias_producer_with_no_taskflow to None, run_after=None
[2024-09-18T15:35:09.331+0000] {logging_mixin.py:190} INFO - [2024-09-18T15:35:09.331+0000] {dag.py:4156} INFO - Setting next_dagrun for dataset_s3_bucket_consumer_with_no_taskflow to None, run_after=None
[2024-09-18T15:35:09.331+0000] {logging_mixin.py:190} INFO - [2024-09-18T15:35:09.331+0000] {dag.py:4156} INFO - Setting next_dagrun for dataset_s3_bucket_producer_with_no_taskflow to None, run_after=None
[2024-09-18T15:35:09.337+0000] {processor.py:208} INFO - Processing /Users/omer/Desktop/MLOPS/7day/.env/lib/python3.11/site-packages/airflow/example_dags/example_dataset_alias_with_no_taskflow.py took 0.080 seconds
