[2024-09-18T14:49:19.208+0000] {processor.py:186} INFO - Started process (PID=93985) to work on /Users/omer/Desktop/MLOPS/7day/.env/lib/python3.11/site-packages/airflow/example_dags/example_kubernetes_executor.py
[2024-09-18T14:49:19.208+0000] {processor.py:914} INFO - Processing file /Users/omer/Desktop/MLOPS/7day/.env/lib/python3.11/site-packages/airflow/example_dags/example_kubernetes_executor.py for tasks to queue
[2024-09-18T14:49:19.208+0000] {logging_mixin.py:190} INFO - [2024-09-18T14:49:19.208+0000] {dagbag.py:587} INFO - Filling up the DagBag from /Users/omer/Desktop/MLOPS/7day/.env/lib/python3.11/site-packages/airflow/example_dags/example_kubernetes_executor.py
[2024-09-18T14:49:19.221+0000] {logging_mixin.py:190} INFO - [2024-09-18T14:49:19.220+0000] {example_kubernetes_executor.py:39} WARNING - The example_kubernetes_executor example DAG requires the kubernetes provider. Please install it with: pip install apache-airflow[cncf.kubernetes]
[2024-09-18T14:49:19.221+0000] {processor.py:927} WARNING - No viable dags retrieved from /Users/omer/Desktop/MLOPS/7day/.env/lib/python3.11/site-packages/airflow/example_dags/example_kubernetes_executor.py
[2024-09-18T14:49:19.243+0000] {processor.py:208} INFO - Processing /Users/omer/Desktop/MLOPS/7day/.env/lib/python3.11/site-packages/airflow/example_dags/example_kubernetes_executor.py took 0.036 seconds
[2024-09-18T14:50:58.954+0000] {processor.py:186} INFO - Started process (PID=94269) to work on /Users/omer/Desktop/MLOPS/7day/.env/lib/python3.11/site-packages/airflow/example_dags/example_kubernetes_executor.py
[2024-09-18T14:50:58.955+0000] {processor.py:914} INFO - Processing file /Users/omer/Desktop/MLOPS/7day/.env/lib/python3.11/site-packages/airflow/example_dags/example_kubernetes_executor.py for tasks to queue
[2024-09-18T14:50:58.955+0000] {logging_mixin.py:190} INFO - [2024-09-18T14:50:58.955+0000] {dagbag.py:587} INFO - Filling up the DagBag from /Users/omer/Desktop/MLOPS/7day/.env/lib/python3.11/site-packages/airflow/example_dags/example_kubernetes_executor.py
[2024-09-18T14:50:58.965+0000] {logging_mixin.py:190} INFO - [2024-09-18T14:50:58.965+0000] {example_kubernetes_executor.py:39} WARNING - The example_kubernetes_executor example DAG requires the kubernetes provider. Please install it with: pip install apache-airflow[cncf.kubernetes]
[2024-09-18T14:50:58.965+0000] {processor.py:927} WARNING - No viable dags retrieved from /Users/omer/Desktop/MLOPS/7day/.env/lib/python3.11/site-packages/airflow/example_dags/example_kubernetes_executor.py
[2024-09-18T14:50:58.987+0000] {processor.py:208} INFO - Processing /Users/omer/Desktop/MLOPS/7day/.env/lib/python3.11/site-packages/airflow/example_dags/example_kubernetes_executor.py took 0.034 seconds
[2024-09-18T14:52:39.295+0000] {processor.py:186} INFO - Started process (PID=94486) to work on /Users/omer/Desktop/MLOPS/7day/.env/lib/python3.11/site-packages/airflow/example_dags/example_kubernetes_executor.py
[2024-09-18T14:52:39.296+0000] {processor.py:914} INFO - Processing file /Users/omer/Desktop/MLOPS/7day/.env/lib/python3.11/site-packages/airflow/example_dags/example_kubernetes_executor.py for tasks to queue
[2024-09-18T14:52:39.296+0000] {logging_mixin.py:190} INFO - [2024-09-18T14:52:39.296+0000] {dagbag.py:587} INFO - Filling up the DagBag from /Users/omer/Desktop/MLOPS/7day/.env/lib/python3.11/site-packages/airflow/example_dags/example_kubernetes_executor.py
[2024-09-18T14:52:39.307+0000] {logging_mixin.py:190} INFO - [2024-09-18T14:52:39.307+0000] {example_kubernetes_executor.py:39} WARNING - The example_kubernetes_executor example DAG requires the kubernetes provider. Please install it with: pip install apache-airflow[cncf.kubernetes]
[2024-09-18T14:52:39.307+0000] {processor.py:927} WARNING - No viable dags retrieved from /Users/omer/Desktop/MLOPS/7day/.env/lib/python3.11/site-packages/airflow/example_dags/example_kubernetes_executor.py
[2024-09-18T14:52:39.331+0000] {processor.py:208} INFO - Processing /Users/omer/Desktop/MLOPS/7day/.env/lib/python3.11/site-packages/airflow/example_dags/example_kubernetes_executor.py took 0.037 seconds
[2024-09-18T14:54:19.537+0000] {processor.py:186} INFO - Started process (PID=94652) to work on /Users/omer/Desktop/MLOPS/7day/.env/lib/python3.11/site-packages/airflow/example_dags/example_kubernetes_executor.py
[2024-09-18T14:54:19.537+0000] {processor.py:914} INFO - Processing file /Users/omer/Desktop/MLOPS/7day/.env/lib/python3.11/site-packages/airflow/example_dags/example_kubernetes_executor.py for tasks to queue
[2024-09-18T14:54:19.538+0000] {logging_mixin.py:190} INFO - [2024-09-18T14:54:19.538+0000] {dagbag.py:587} INFO - Filling up the DagBag from /Users/omer/Desktop/MLOPS/7day/.env/lib/python3.11/site-packages/airflow/example_dags/example_kubernetes_executor.py
[2024-09-18T14:54:19.549+0000] {logging_mixin.py:190} INFO - [2024-09-18T14:54:19.549+0000] {example_kubernetes_executor.py:39} WARNING - The example_kubernetes_executor example DAG requires the kubernetes provider. Please install it with: pip install apache-airflow[cncf.kubernetes]
[2024-09-18T14:54:19.549+0000] {processor.py:927} WARNING - No viable dags retrieved from /Users/omer/Desktop/MLOPS/7day/.env/lib/python3.11/site-packages/airflow/example_dags/example_kubernetes_executor.py
[2024-09-18T14:54:19.573+0000] {processor.py:208} INFO - Processing /Users/omer/Desktop/MLOPS/7day/.env/lib/python3.11/site-packages/airflow/example_dags/example_kubernetes_executor.py took 0.037 seconds
[2024-09-18T15:21:39.252+0000] {processor.py:186} INFO - Started process (PID=97187) to work on /Users/omer/Desktop/MLOPS/7day/.env/lib/python3.11/site-packages/airflow/example_dags/example_kubernetes_executor.py
[2024-09-18T15:21:39.252+0000] {processor.py:914} INFO - Processing file /Users/omer/Desktop/MLOPS/7day/.env/lib/python3.11/site-packages/airflow/example_dags/example_kubernetes_executor.py for tasks to queue
[2024-09-18T15:21:39.253+0000] {logging_mixin.py:190} INFO - [2024-09-18T15:21:39.253+0000] {dagbag.py:587} INFO - Filling up the DagBag from /Users/omer/Desktop/MLOPS/7day/.env/lib/python3.11/site-packages/airflow/example_dags/example_kubernetes_executor.py
[2024-09-18T15:21:39.262+0000] {logging_mixin.py:190} INFO - [2024-09-18T15:21:39.262+0000] {example_kubernetes_executor.py:39} WARNING - The example_kubernetes_executor example DAG requires the kubernetes provider. Please install it with: pip install apache-airflow[cncf.kubernetes]
[2024-09-18T15:21:39.262+0000] {processor.py:927} WARNING - No viable dags retrieved from /Users/omer/Desktop/MLOPS/7day/.env/lib/python3.11/site-packages/airflow/example_dags/example_kubernetes_executor.py
[2024-09-18T15:21:39.285+0000] {processor.py:208} INFO - Processing /Users/omer/Desktop/MLOPS/7day/.env/lib/python3.11/site-packages/airflow/example_dags/example_kubernetes_executor.py took 0.033 seconds
[2024-09-18T15:23:17.873+0000] {processor.py:186} INFO - Started process (PID=97360) to work on /Users/omer/Desktop/MLOPS/7day/.env/lib/python3.11/site-packages/airflow/example_dags/example_kubernetes_executor.py
[2024-09-18T15:23:17.873+0000] {processor.py:914} INFO - Processing file /Users/omer/Desktop/MLOPS/7day/.env/lib/python3.11/site-packages/airflow/example_dags/example_kubernetes_executor.py for tasks to queue
[2024-09-18T15:23:17.873+0000] {logging_mixin.py:190} INFO - [2024-09-18T15:23:17.873+0000] {dagbag.py:587} INFO - Filling up the DagBag from /Users/omer/Desktop/MLOPS/7day/.env/lib/python3.11/site-packages/airflow/example_dags/example_kubernetes_executor.py
[2024-09-18T15:23:17.884+0000] {logging_mixin.py:190} INFO - [2024-09-18T15:23:17.884+0000] {example_kubernetes_executor.py:39} WARNING - The example_kubernetes_executor example DAG requires the kubernetes provider. Please install it with: pip install apache-airflow[cncf.kubernetes]
[2024-09-18T15:23:17.884+0000] {processor.py:927} WARNING - No viable dags retrieved from /Users/omer/Desktop/MLOPS/7day/.env/lib/python3.11/site-packages/airflow/example_dags/example_kubernetes_executor.py
[2024-09-18T15:23:17.910+0000] {processor.py:208} INFO - Processing /Users/omer/Desktop/MLOPS/7day/.env/lib/python3.11/site-packages/airflow/example_dags/example_kubernetes_executor.py took 0.039 seconds
[2024-09-18T15:27:23.483+0000] {processor.py:186} INFO - Started process (PID=97822) to work on /Users/omer/Desktop/MLOPS/7day/.env/lib/python3.11/site-packages/airflow/example_dags/example_kubernetes_executor.py
[2024-09-18T15:27:23.484+0000] {processor.py:914} INFO - Processing file /Users/omer/Desktop/MLOPS/7day/.env/lib/python3.11/site-packages/airflow/example_dags/example_kubernetes_executor.py for tasks to queue
[2024-09-18T15:27:23.484+0000] {logging_mixin.py:190} INFO - [2024-09-18T15:27:23.484+0000] {dagbag.py:587} INFO - Filling up the DagBag from /Users/omer/Desktop/MLOPS/7day/.env/lib/python3.11/site-packages/airflow/example_dags/example_kubernetes_executor.py
[2024-09-18T15:27:23.494+0000] {logging_mixin.py:190} INFO - [2024-09-18T15:27:23.494+0000] {example_kubernetes_executor.py:39} WARNING - The example_kubernetes_executor example DAG requires the kubernetes provider. Please install it with: pip install apache-airflow[cncf.kubernetes]
[2024-09-18T15:27:23.495+0000] {processor.py:927} WARNING - No viable dags retrieved from /Users/omer/Desktop/MLOPS/7day/.env/lib/python3.11/site-packages/airflow/example_dags/example_kubernetes_executor.py
[2024-09-18T15:27:23.518+0000] {processor.py:208} INFO - Processing /Users/omer/Desktop/MLOPS/7day/.env/lib/python3.11/site-packages/airflow/example_dags/example_kubernetes_executor.py took 0.036 seconds
[2024-09-18T15:29:03.672+0000] {processor.py:186} INFO - Started process (PID=98073) to work on /Users/omer/Desktop/MLOPS/7day/.env/lib/python3.11/site-packages/airflow/example_dags/example_kubernetes_executor.py
[2024-09-18T15:29:03.673+0000] {processor.py:914} INFO - Processing file /Users/omer/Desktop/MLOPS/7day/.env/lib/python3.11/site-packages/airflow/example_dags/example_kubernetes_executor.py for tasks to queue
[2024-09-18T15:29:03.674+0000] {logging_mixin.py:190} INFO - [2024-09-18T15:29:03.674+0000] {dagbag.py:587} INFO - Filling up the DagBag from /Users/omer/Desktop/MLOPS/7day/.env/lib/python3.11/site-packages/airflow/example_dags/example_kubernetes_executor.py
[2024-09-18T15:29:03.683+0000] {logging_mixin.py:190} INFO - [2024-09-18T15:29:03.683+0000] {example_kubernetes_executor.py:39} WARNING - The example_kubernetes_executor example DAG requires the kubernetes provider. Please install it with: pip install apache-airflow[cncf.kubernetes]
[2024-09-18T15:29:03.684+0000] {processor.py:927} WARNING - No viable dags retrieved from /Users/omer/Desktop/MLOPS/7day/.env/lib/python3.11/site-packages/airflow/example_dags/example_kubernetes_executor.py
[2024-09-18T15:29:03.707+0000] {processor.py:208} INFO - Processing /Users/omer/Desktop/MLOPS/7day/.env/lib/python3.11/site-packages/airflow/example_dags/example_kubernetes_executor.py took 0.035 seconds
[2024-09-18T15:30:41.086+0000] {processor.py:186} INFO - Started process (PID=98351) to work on /Users/omer/Desktop/MLOPS/7day/.env/lib/python3.11/site-packages/airflow/example_dags/example_kubernetes_executor.py
[2024-09-18T15:30:41.086+0000] {processor.py:914} INFO - Processing file /Users/omer/Desktop/MLOPS/7day/.env/lib/python3.11/site-packages/airflow/example_dags/example_kubernetes_executor.py for tasks to queue
[2024-09-18T15:30:41.087+0000] {logging_mixin.py:190} INFO - [2024-09-18T15:30:41.087+0000] {dagbag.py:587} INFO - Filling up the DagBag from /Users/omer/Desktop/MLOPS/7day/.env/lib/python3.11/site-packages/airflow/example_dags/example_kubernetes_executor.py
[2024-09-18T15:30:41.097+0000] {logging_mixin.py:190} INFO - [2024-09-18T15:30:41.097+0000] {example_kubernetes_executor.py:39} WARNING - The example_kubernetes_executor example DAG requires the kubernetes provider. Please install it with: pip install apache-airflow[cncf.kubernetes]
[2024-09-18T15:30:41.097+0000] {processor.py:927} WARNING - No viable dags retrieved from /Users/omer/Desktop/MLOPS/7day/.env/lib/python3.11/site-packages/airflow/example_dags/example_kubernetes_executor.py
[2024-09-18T15:30:41.119+0000] {processor.py:208} INFO - Processing /Users/omer/Desktop/MLOPS/7day/.env/lib/python3.11/site-packages/airflow/example_dags/example_kubernetes_executor.py took 0.034 seconds
[2024-09-18T15:32:19.931+0000] {processor.py:186} INFO - Started process (PID=98635) to work on /Users/omer/Desktop/MLOPS/7day/.env/lib/python3.11/site-packages/airflow/example_dags/example_kubernetes_executor.py
[2024-09-18T15:32:19.933+0000] {processor.py:914} INFO - Processing file /Users/omer/Desktop/MLOPS/7day/.env/lib/python3.11/site-packages/airflow/example_dags/example_kubernetes_executor.py for tasks to queue
[2024-09-18T15:32:19.933+0000] {logging_mixin.py:190} INFO - [2024-09-18T15:32:19.933+0000] {dagbag.py:587} INFO - Filling up the DagBag from /Users/omer/Desktop/MLOPS/7day/.env/lib/python3.11/site-packages/airflow/example_dags/example_kubernetes_executor.py
[2024-09-18T15:32:19.944+0000] {logging_mixin.py:190} INFO - [2024-09-18T15:32:19.944+0000] {example_kubernetes_executor.py:39} WARNING - The example_kubernetes_executor example DAG requires the kubernetes provider. Please install it with: pip install apache-airflow[cncf.kubernetes]
[2024-09-18T15:32:19.944+0000] {processor.py:927} WARNING - No viable dags retrieved from /Users/omer/Desktop/MLOPS/7day/.env/lib/python3.11/site-packages/airflow/example_dags/example_kubernetes_executor.py
[2024-09-18T15:32:19.969+0000] {processor.py:208} INFO - Processing /Users/omer/Desktop/MLOPS/7day/.env/lib/python3.11/site-packages/airflow/example_dags/example_kubernetes_executor.py took 0.039 seconds
[2024-09-18T15:35:00.321+0000] {processor.py:186} INFO - Started process (PID=99016) to work on /Users/omer/Desktop/MLOPS/7day/.env/lib/python3.11/site-packages/airflow/example_dags/example_kubernetes_executor.py
[2024-09-18T15:35:00.321+0000] {processor.py:914} INFO - Processing file /Users/omer/Desktop/MLOPS/7day/.env/lib/python3.11/site-packages/airflow/example_dags/example_kubernetes_executor.py for tasks to queue
[2024-09-18T15:35:00.322+0000] {logging_mixin.py:190} INFO - [2024-09-18T15:35:00.322+0000] {dagbag.py:587} INFO - Filling up the DagBag from /Users/omer/Desktop/MLOPS/7day/.env/lib/python3.11/site-packages/airflow/example_dags/example_kubernetes_executor.py
[2024-09-18T15:35:00.331+0000] {logging_mixin.py:190} INFO - [2024-09-18T15:35:00.331+0000] {example_kubernetes_executor.py:39} WARNING - The example_kubernetes_executor example DAG requires the kubernetes provider. Please install it with: pip install apache-airflow[cncf.kubernetes]
[2024-09-18T15:35:00.331+0000] {processor.py:927} WARNING - No viable dags retrieved from /Users/omer/Desktop/MLOPS/7day/.env/lib/python3.11/site-packages/airflow/example_dags/example_kubernetes_executor.py
[2024-09-18T15:35:00.355+0000] {processor.py:208} INFO - Processing /Users/omer/Desktop/MLOPS/7day/.env/lib/python3.11/site-packages/airflow/example_dags/example_kubernetes_executor.py took 0.035 seconds
