[2024-09-18T14:49:33.933+0000] {processor.py:186} INFO - Started process (PID=94041) to work on /Users/omer/Desktop/MLOPS/7day/.env/lib/python3.11/site-packages/airflow/example_dags/example_complex.py
[2024-09-18T14:49:33.933+0000] {processor.py:914} INFO - Processing file /Users/omer/Desktop/MLOPS/7day/.env/lib/python3.11/site-packages/airflow/example_dags/example_complex.py for tasks to queue
[2024-09-18T14:49:33.934+0000] {logging_mixin.py:190} INFO - [2024-09-18T14:49:33.934+0000] {dagbag.py:587} INFO - Filling up the DagBag from /Users/omer/Desktop/MLOPS/7day/.env/lib/python3.11/site-packages/airflow/example_dags/example_complex.py
[2024-09-18T14:49:33.938+0000] {processor.py:925} INFO - DAG(s) 'example_complex' retrieved from /Users/omer/Desktop/MLOPS/7day/.env/lib/python3.11/site-packages/airflow/example_dags/example_complex.py
[2024-09-18T14:49:34.013+0000] {logging_mixin.py:190} INFO - [2024-09-18T14:49:34.012+0000] {override.py:1900} INFO - Created Permission View: can read on DAG:example_complex
[2024-09-18T14:49:34.016+0000] {logging_mixin.py:190} INFO - [2024-09-18T14:49:34.016+0000] {override.py:1900} INFO - Created Permission View: can delete on DAG:example_complex
[2024-09-18T14:49:34.019+0000] {logging_mixin.py:190} INFO - [2024-09-18T14:49:34.019+0000] {override.py:1900} INFO - Created Permission View: can edit on DAG:example_complex
[2024-09-18T14:49:34.022+0000] {logging_mixin.py:190} INFO - [2024-09-18T14:49:34.022+0000] {override.py:1900} INFO - Created Permission View: menu access on DAG Run:example_complex
[2024-09-18T14:49:34.023+0000] {logging_mixin.py:190} INFO - [2024-09-18T14:49:34.023+0000] {override.py:1900} INFO - Created Permission View: can read on DAG Run:example_complex
[2024-09-18T14:49:34.025+0000] {logging_mixin.py:190} INFO - [2024-09-18T14:49:34.025+0000] {override.py:1900} INFO - Created Permission View: can create on DAG Run:example_complex
[2024-09-18T14:49:34.026+0000] {logging_mixin.py:190} INFO - [2024-09-18T14:49:34.026+0000] {override.py:1900} INFO - Created Permission View: can delete on DAG Run:example_complex
[2024-09-18T14:49:34.026+0000] {logging_mixin.py:190} INFO - [2024-09-18T14:49:34.026+0000] {dag.py:3229} INFO - Sync 1 DAGs
[2024-09-18T14:49:34.030+0000] {logging_mixin.py:190} INFO - [2024-09-18T14:49:34.030+0000] {dag.py:3252} INFO - Creating ORM DAG for example_complex
[2024-09-18T14:49:34.030+0000] {logging_mixin.py:190} INFO - [2024-09-18T14:49:34.030+0000] {dag.py:4156} INFO - Setting next_dagrun for example_complex to None, run_after=None
[2024-09-18T14:49:34.035+0000] {processor.py:208} INFO - Processing /Users/omer/Desktop/MLOPS/7day/.env/lib/python3.11/site-packages/airflow/example_dags/example_complex.py took 0.103 seconds
[2024-09-18T14:51:12.538+0000] {processor.py:186} INFO - Started process (PID=94295) to work on /Users/omer/Desktop/MLOPS/7day/.env/lib/python3.11/site-packages/airflow/example_dags/example_complex.py
[2024-09-18T14:51:12.539+0000] {processor.py:914} INFO - Processing file /Users/omer/Desktop/MLOPS/7day/.env/lib/python3.11/site-packages/airflow/example_dags/example_complex.py for tasks to queue
[2024-09-18T14:51:12.539+0000] {logging_mixin.py:190} INFO - [2024-09-18T14:51:12.539+0000] {dagbag.py:587} INFO - Filling up the DagBag from /Users/omer/Desktop/MLOPS/7day/.env/lib/python3.11/site-packages/airflow/example_dags/example_complex.py
[2024-09-18T14:51:12.543+0000] {processor.py:925} INFO - DAG(s) 'example_complex' retrieved from /Users/omer/Desktop/MLOPS/7day/.env/lib/python3.11/site-packages/airflow/example_dags/example_complex.py
[2024-09-18T14:51:12.571+0000] {logging_mixin.py:190} INFO - [2024-09-18T14:51:12.571+0000] {dag.py:3229} INFO - Sync 1 DAGs
[2024-09-18T14:51:12.574+0000] {logging_mixin.py:190} INFO - [2024-09-18T14:51:12.574+0000] {dag.py:4156} INFO - Setting next_dagrun for example_complex to None, run_after=None
[2024-09-18T14:51:12.579+0000] {processor.py:208} INFO - Processing /Users/omer/Desktop/MLOPS/7day/.env/lib/python3.11/site-packages/airflow/example_dags/example_complex.py took 0.042 seconds
[2024-09-18T14:52:54.458+0000] {processor.py:186} INFO - Started process (PID=94514) to work on /Users/omer/Desktop/MLOPS/7day/.env/lib/python3.11/site-packages/airflow/example_dags/example_complex.py
[2024-09-18T14:52:54.459+0000] {processor.py:914} INFO - Processing file /Users/omer/Desktop/MLOPS/7day/.env/lib/python3.11/site-packages/airflow/example_dags/example_complex.py for tasks to queue
[2024-09-18T14:52:54.459+0000] {logging_mixin.py:190} INFO - [2024-09-18T14:52:54.459+0000] {dagbag.py:587} INFO - Filling up the DagBag from /Users/omer/Desktop/MLOPS/7day/.env/lib/python3.11/site-packages/airflow/example_dags/example_complex.py
[2024-09-18T14:52:54.463+0000] {processor.py:925} INFO - DAG(s) 'example_complex' retrieved from /Users/omer/Desktop/MLOPS/7day/.env/lib/python3.11/site-packages/airflow/example_dags/example_complex.py
[2024-09-18T14:52:54.496+0000] {logging_mixin.py:190} INFO - [2024-09-18T14:52:54.496+0000] {dag.py:3229} INFO - Sync 1 DAGs
[2024-09-18T14:52:54.499+0000] {logging_mixin.py:190} INFO - [2024-09-18T14:52:54.499+0000] {dag.py:4156} INFO - Setting next_dagrun for example_complex to None, run_after=None
[2024-09-18T14:52:54.504+0000] {processor.py:208} INFO - Processing /Users/omer/Desktop/MLOPS/7day/.env/lib/python3.11/site-packages/airflow/example_dags/example_complex.py took 0.047 seconds
[2024-09-18T14:54:33.153+0000] {processor.py:186} INFO - Started process (PID=94683) to work on /Users/omer/Desktop/MLOPS/7day/.env/lib/python3.11/site-packages/airflow/example_dags/example_complex.py
[2024-09-18T14:54:33.154+0000] {processor.py:914} INFO - Processing file /Users/omer/Desktop/MLOPS/7day/.env/lib/python3.11/site-packages/airflow/example_dags/example_complex.py for tasks to queue
[2024-09-18T14:54:33.154+0000] {logging_mixin.py:190} INFO - [2024-09-18T14:54:33.154+0000] {dagbag.py:587} INFO - Filling up the DagBag from /Users/omer/Desktop/MLOPS/7day/.env/lib/python3.11/site-packages/airflow/example_dags/example_complex.py
[2024-09-18T14:54:33.158+0000] {processor.py:925} INFO - DAG(s) 'example_complex' retrieved from /Users/omer/Desktop/MLOPS/7day/.env/lib/python3.11/site-packages/airflow/example_dags/example_complex.py
[2024-09-18T14:54:33.186+0000] {logging_mixin.py:190} INFO - [2024-09-18T14:54:33.186+0000] {dag.py:3229} INFO - Sync 1 DAGs
[2024-09-18T14:54:33.189+0000] {logging_mixin.py:190} INFO - [2024-09-18T14:54:33.189+0000] {dag.py:4156} INFO - Setting next_dagrun for example_complex to None, run_after=None
[2024-09-18T14:54:33.195+0000] {processor.py:208} INFO - Processing /Users/omer/Desktop/MLOPS/7day/.env/lib/python3.11/site-packages/airflow/example_dags/example_complex.py took 0.043 seconds
[2024-09-18T15:21:52.903+0000] {processor.py:186} INFO - Started process (PID=97213) to work on /Users/omer/Desktop/MLOPS/7day/.env/lib/python3.11/site-packages/airflow/example_dags/example_complex.py
[2024-09-18T15:21:52.904+0000] {processor.py:914} INFO - Processing file /Users/omer/Desktop/MLOPS/7day/.env/lib/python3.11/site-packages/airflow/example_dags/example_complex.py for tasks to queue
[2024-09-18T15:21:52.905+0000] {logging_mixin.py:190} INFO - [2024-09-18T15:21:52.905+0000] {dagbag.py:587} INFO - Filling up the DagBag from /Users/omer/Desktop/MLOPS/7day/.env/lib/python3.11/site-packages/airflow/example_dags/example_complex.py
[2024-09-18T15:21:52.909+0000] {processor.py:925} INFO - DAG(s) 'example_complex' retrieved from /Users/omer/Desktop/MLOPS/7day/.env/lib/python3.11/site-packages/airflow/example_dags/example_complex.py
[2024-09-18T15:21:52.938+0000] {logging_mixin.py:190} INFO - [2024-09-18T15:21:52.938+0000] {dag.py:3229} INFO - Sync 1 DAGs
[2024-09-18T15:21:52.941+0000] {logging_mixin.py:190} INFO - [2024-09-18T15:21:52.941+0000] {dag.py:4156} INFO - Setting next_dagrun for example_complex to None, run_after=None
[2024-09-18T15:21:52.947+0000] {processor.py:208} INFO - Processing /Users/omer/Desktop/MLOPS/7day/.env/lib/python3.11/site-packages/airflow/example_dags/example_complex.py took 0.044 seconds
[2024-09-18T15:23:32.702+0000] {processor.py:186} INFO - Started process (PID=97388) to work on /Users/omer/Desktop/MLOPS/7day/.env/lib/python3.11/site-packages/airflow/example_dags/example_complex.py
[2024-09-18T15:23:32.703+0000] {processor.py:914} INFO - Processing file /Users/omer/Desktop/MLOPS/7day/.env/lib/python3.11/site-packages/airflow/example_dags/example_complex.py for tasks to queue
[2024-09-18T15:23:32.703+0000] {logging_mixin.py:190} INFO - [2024-09-18T15:23:32.703+0000] {dagbag.py:587} INFO - Filling up the DagBag from /Users/omer/Desktop/MLOPS/7day/.env/lib/python3.11/site-packages/airflow/example_dags/example_complex.py
[2024-09-18T15:23:32.707+0000] {processor.py:925} INFO - DAG(s) 'example_complex' retrieved from /Users/omer/Desktop/MLOPS/7day/.env/lib/python3.11/site-packages/airflow/example_dags/example_complex.py
[2024-09-18T15:23:32.736+0000] {logging_mixin.py:190} INFO - [2024-09-18T15:23:32.736+0000] {dag.py:3229} INFO - Sync 1 DAGs
[2024-09-18T15:23:32.739+0000] {logging_mixin.py:190} INFO - [2024-09-18T15:23:32.739+0000] {dag.py:4156} INFO - Setting next_dagrun for example_complex to None, run_after=None
[2024-09-18T15:23:32.745+0000] {processor.py:208} INFO - Processing /Users/omer/Desktop/MLOPS/7day/.env/lib/python3.11/site-packages/airflow/example_dags/example_complex.py took 0.044 seconds
[2024-09-18T15:27:37.266+0000] {processor.py:186} INFO - Started process (PID=97848) to work on /Users/omer/Desktop/MLOPS/7day/.env/lib/python3.11/site-packages/airflow/example_dags/example_complex.py
[2024-09-18T15:27:37.267+0000] {processor.py:914} INFO - Processing file /Users/omer/Desktop/MLOPS/7day/.env/lib/python3.11/site-packages/airflow/example_dags/example_complex.py for tasks to queue
[2024-09-18T15:27:37.267+0000] {logging_mixin.py:190} INFO - [2024-09-18T15:27:37.267+0000] {dagbag.py:587} INFO - Filling up the DagBag from /Users/omer/Desktop/MLOPS/7day/.env/lib/python3.11/site-packages/airflow/example_dags/example_complex.py
[2024-09-18T15:27:37.271+0000] {processor.py:925} INFO - DAG(s) 'example_complex' retrieved from /Users/omer/Desktop/MLOPS/7day/.env/lib/python3.11/site-packages/airflow/example_dags/example_complex.py
[2024-09-18T15:27:37.302+0000] {logging_mixin.py:190} INFO - [2024-09-18T15:27:37.302+0000] {dag.py:3229} INFO - Sync 1 DAGs
[2024-09-18T15:27:37.305+0000] {logging_mixin.py:190} INFO - [2024-09-18T15:27:37.305+0000] {dag.py:4156} INFO - Setting next_dagrun for example_complex to None, run_after=None
[2024-09-18T15:27:37.311+0000] {processor.py:208} INFO - Processing /Users/omer/Desktop/MLOPS/7day/.env/lib/python3.11/site-packages/airflow/example_dags/example_complex.py took 0.046 seconds
[2024-09-18T15:29:17.202+0000] {processor.py:186} INFO - Started process (PID=98111) to work on /Users/omer/Desktop/MLOPS/7day/.env/lib/python3.11/site-packages/airflow/example_dags/example_complex.py
[2024-09-18T15:29:17.203+0000] {processor.py:914} INFO - Processing file /Users/omer/Desktop/MLOPS/7day/.env/lib/python3.11/site-packages/airflow/example_dags/example_complex.py for tasks to queue
[2024-09-18T15:29:17.203+0000] {logging_mixin.py:190} INFO - [2024-09-18T15:29:17.203+0000] {dagbag.py:587} INFO - Filling up the DagBag from /Users/omer/Desktop/MLOPS/7day/.env/lib/python3.11/site-packages/airflow/example_dags/example_complex.py
[2024-09-18T15:29:17.207+0000] {processor.py:925} INFO - DAG(s) 'example_complex' retrieved from /Users/omer/Desktop/MLOPS/7day/.env/lib/python3.11/site-packages/airflow/example_dags/example_complex.py
[2024-09-18T15:29:17.240+0000] {logging_mixin.py:190} INFO - [2024-09-18T15:29:17.240+0000] {dag.py:3229} INFO - Sync 1 DAGs
[2024-09-18T15:29:17.243+0000] {logging_mixin.py:190} INFO - [2024-09-18T15:29:17.243+0000] {dag.py:4156} INFO - Setting next_dagrun for example_complex to None, run_after=None
[2024-09-18T15:29:17.250+0000] {processor.py:208} INFO - Processing /Users/omer/Desktop/MLOPS/7day/.env/lib/python3.11/site-packages/airflow/example_dags/example_complex.py took 0.049 seconds
[2024-09-18T15:30:56.425+0000] {processor.py:186} INFO - Started process (PID=98382) to work on /Users/omer/Desktop/MLOPS/7day/.env/lib/python3.11/site-packages/airflow/example_dags/example_complex.py
[2024-09-18T15:30:56.426+0000] {processor.py:914} INFO - Processing file /Users/omer/Desktop/MLOPS/7day/.env/lib/python3.11/site-packages/airflow/example_dags/example_complex.py for tasks to queue
[2024-09-18T15:30:56.426+0000] {logging_mixin.py:190} INFO - [2024-09-18T15:30:56.426+0000] {dagbag.py:587} INFO - Filling up the DagBag from /Users/omer/Desktop/MLOPS/7day/.env/lib/python3.11/site-packages/airflow/example_dags/example_complex.py
[2024-09-18T15:30:56.430+0000] {processor.py:925} INFO - DAG(s) 'example_complex' retrieved from /Users/omer/Desktop/MLOPS/7day/.env/lib/python3.11/site-packages/airflow/example_dags/example_complex.py
[2024-09-18T15:30:56.460+0000] {logging_mixin.py:190} INFO - [2024-09-18T15:30:56.460+0000] {dag.py:3229} INFO - Sync 1 DAGs
[2024-09-18T15:30:56.463+0000] {logging_mixin.py:190} INFO - [2024-09-18T15:30:56.463+0000] {dag.py:4156} INFO - Setting next_dagrun for example_complex to None, run_after=None
[2024-09-18T15:30:56.468+0000] {processor.py:208} INFO - Processing /Users/omer/Desktop/MLOPS/7day/.env/lib/python3.11/site-packages/airflow/example_dags/example_complex.py took 0.044 seconds
[2024-09-18T15:32:33.738+0000] {processor.py:186} INFO - Started process (PID=98665) to work on /Users/omer/Desktop/MLOPS/7day/.env/lib/python3.11/site-packages/airflow/example_dags/example_complex.py
[2024-09-18T15:32:33.739+0000] {processor.py:914} INFO - Processing file /Users/omer/Desktop/MLOPS/7day/.env/lib/python3.11/site-packages/airflow/example_dags/example_complex.py for tasks to queue
[2024-09-18T15:32:33.739+0000] {logging_mixin.py:190} INFO - [2024-09-18T15:32:33.739+0000] {dagbag.py:587} INFO - Filling up the DagBag from /Users/omer/Desktop/MLOPS/7day/.env/lib/python3.11/site-packages/airflow/example_dags/example_complex.py
[2024-09-18T15:32:33.743+0000] {processor.py:925} INFO - DAG(s) 'example_complex' retrieved from /Users/omer/Desktop/MLOPS/7day/.env/lib/python3.11/site-packages/airflow/example_dags/example_complex.py
[2024-09-18T15:32:33.775+0000] {logging_mixin.py:190} INFO - [2024-09-18T15:32:33.775+0000] {dag.py:3229} INFO - Sync 1 DAGs
[2024-09-18T15:32:33.778+0000] {logging_mixin.py:190} INFO - [2024-09-18T15:32:33.778+0000] {dag.py:4156} INFO - Setting next_dagrun for example_complex to None, run_after=None
[2024-09-18T15:32:33.783+0000] {processor.py:208} INFO - Processing /Users/omer/Desktop/MLOPS/7day/.env/lib/python3.11/site-packages/airflow/example_dags/example_complex.py took 0.046 seconds
[2024-09-18T15:35:14.695+0000] {processor.py:186} INFO - Started process (PID=99042) to work on /Users/omer/Desktop/MLOPS/7day/.env/lib/python3.11/site-packages/airflow/example_dags/example_complex.py
[2024-09-18T15:35:14.696+0000] {processor.py:914} INFO - Processing file /Users/omer/Desktop/MLOPS/7day/.env/lib/python3.11/site-packages/airflow/example_dags/example_complex.py for tasks to queue
[2024-09-18T15:35:14.697+0000] {logging_mixin.py:190} INFO - [2024-09-18T15:35:14.697+0000] {dagbag.py:587} INFO - Filling up the DagBag from /Users/omer/Desktop/MLOPS/7day/.env/lib/python3.11/site-packages/airflow/example_dags/example_complex.py
[2024-09-18T15:35:14.701+0000] {processor.py:925} INFO - DAG(s) 'example_complex' retrieved from /Users/omer/Desktop/MLOPS/7day/.env/lib/python3.11/site-packages/airflow/example_dags/example_complex.py
[2024-09-18T15:35:14.730+0000] {logging_mixin.py:190} INFO - [2024-09-18T15:35:14.730+0000] {dag.py:3229} INFO - Sync 1 DAGs
[2024-09-18T15:35:14.733+0000] {logging_mixin.py:190} INFO - [2024-09-18T15:35:14.733+0000] {dag.py:4156} INFO - Setting next_dagrun for example_complex to None, run_after=None
[2024-09-18T15:35:14.738+0000] {processor.py:208} INFO - Processing /Users/omer/Desktop/MLOPS/7day/.env/lib/python3.11/site-packages/airflow/example_dags/example_complex.py took 0.044 seconds
