[2024-09-18T14:49:37.202+0000] {processor.py:186} INFO - Started process (PID=94045) to work on /Users/omer/Desktop/MLOPS/7day/.env/lib/python3.11/site-packages/airflow/example_dags/example_branch_operator_decorator.py
[2024-09-18T14:49:37.202+0000] {processor.py:914} INFO - Processing file /Users/omer/Desktop/MLOPS/7day/.env/lib/python3.11/site-packages/airflow/example_dags/example_branch_operator_decorator.py for tasks to queue
[2024-09-18T14:49:37.202+0000] {logging_mixin.py:190} INFO - [2024-09-18T14:49:37.202+0000] {dagbag.py:587} INFO - Filling up the DagBag from /Users/omer/Desktop/MLOPS/7day/.env/lib/python3.11/site-packages/airflow/example_dags/example_branch_operator_decorator.py
[2024-09-18T14:49:37.218+0000] {processor.py:925} INFO - DAG(s) 'example_branch_python_operator_decorator' retrieved from /Users/omer/Desktop/MLOPS/7day/.env/lib/python3.11/site-packages/airflow/example_dags/example_branch_operator_decorator.py
[2024-09-18T14:49:37.287+0000] {logging_mixin.py:190} INFO - [2024-09-18T14:49:37.287+0000] {override.py:1900} INFO - Created Permission View: can read on DAG:example_branch_python_operator_decorator
[2024-09-18T14:49:37.289+0000] {logging_mixin.py:190} INFO - [2024-09-18T14:49:37.289+0000] {override.py:1900} INFO - Created Permission View: can edit on DAG:example_branch_python_operator_decorator
[2024-09-18T14:49:37.291+0000] {logging_mixin.py:190} INFO - [2024-09-18T14:49:37.291+0000] {override.py:1900} INFO - Created Permission View: can delete on DAG:example_branch_python_operator_decorator
[2024-09-18T14:49:37.293+0000] {logging_mixin.py:190} INFO - [2024-09-18T14:49:37.293+0000] {override.py:1900} INFO - Created Permission View: can create on DAG Run:example_branch_python_operator_decorator
[2024-09-18T14:49:37.294+0000] {logging_mixin.py:190} INFO - [2024-09-18T14:49:37.294+0000] {override.py:1900} INFO - Created Permission View: can read on DAG Run:example_branch_python_operator_decorator
[2024-09-18T14:49:37.296+0000] {logging_mixin.py:190} INFO - [2024-09-18T14:49:37.296+0000] {override.py:1900} INFO - Created Permission View: menu access on DAG Run:example_branch_python_operator_decorator
[2024-09-18T14:49:37.297+0000] {logging_mixin.py:190} INFO - [2024-09-18T14:49:37.297+0000] {override.py:1900} INFO - Created Permission View: can delete on DAG Run:example_branch_python_operator_decorator
[2024-09-18T14:49:37.297+0000] {logging_mixin.py:190} INFO - [2024-09-18T14:49:37.297+0000] {dag.py:3229} INFO - Sync 1 DAGs
[2024-09-18T14:49:37.300+0000] {logging_mixin.py:190} INFO - [2024-09-18T14:49:37.300+0000] {dag.py:3252} INFO - Creating ORM DAG for example_branch_python_operator_decorator
[2024-09-18T14:49:37.303+0000] {logging_mixin.py:190} INFO - [2024-09-18T14:49:37.303+0000] {dag.py:4156} INFO - Setting next_dagrun for example_branch_python_operator_decorator to 2024-09-17 00:00:00+00:00, run_after=2024-09-18 00:00:00+00:00
[2024-09-18T14:49:37.307+0000] {processor.py:208} INFO - Processing /Users/omer/Desktop/MLOPS/7day/.env/lib/python3.11/site-packages/airflow/example_dags/example_branch_operator_decorator.py took 0.106 seconds
[2024-09-18T14:51:15.698+0000] {processor.py:186} INFO - Started process (PID=94300) to work on /Users/omer/Desktop/MLOPS/7day/.env/lib/python3.11/site-packages/airflow/example_dags/example_branch_operator_decorator.py
[2024-09-18T14:51:15.699+0000] {processor.py:914} INFO - Processing file /Users/omer/Desktop/MLOPS/7day/.env/lib/python3.11/site-packages/airflow/example_dags/example_branch_operator_decorator.py for tasks to queue
[2024-09-18T14:51:15.699+0000] {logging_mixin.py:190} INFO - [2024-09-18T14:51:15.699+0000] {dagbag.py:587} INFO - Filling up the DagBag from /Users/omer/Desktop/MLOPS/7day/.env/lib/python3.11/site-packages/airflow/example_dags/example_branch_operator_decorator.py
[2024-09-18T14:51:15.714+0000] {processor.py:925} INFO - DAG(s) 'example_branch_python_operator_decorator' retrieved from /Users/omer/Desktop/MLOPS/7day/.env/lib/python3.11/site-packages/airflow/example_dags/example_branch_operator_decorator.py
[2024-09-18T14:51:15.789+0000] {logging_mixin.py:190} INFO - [2024-09-18T14:51:15.789+0000] {dag.py:3229} INFO - Sync 1 DAGs
[2024-09-18T14:51:15.795+0000] {logging_mixin.py:190} INFO - [2024-09-18T14:51:15.795+0000] {dag.py:4156} INFO - Setting next_dagrun for example_branch_python_operator_decorator to 2024-09-17 00:00:00+00:00, run_after=2024-09-18 00:00:00+00:00
[2024-09-18T14:51:15.800+0000] {processor.py:208} INFO - Processing /Users/omer/Desktop/MLOPS/7day/.env/lib/python3.11/site-packages/airflow/example_dags/example_branch_operator_decorator.py took 0.103 seconds
[2024-09-18T14:52:57.709+0000] {processor.py:186} INFO - Started process (PID=94521) to work on /Users/omer/Desktop/MLOPS/7day/.env/lib/python3.11/site-packages/airflow/example_dags/example_branch_operator_decorator.py
[2024-09-18T14:52:57.710+0000] {processor.py:914} INFO - Processing file /Users/omer/Desktop/MLOPS/7day/.env/lib/python3.11/site-packages/airflow/example_dags/example_branch_operator_decorator.py for tasks to queue
[2024-09-18T14:52:57.710+0000] {logging_mixin.py:190} INFO - [2024-09-18T14:52:57.710+0000] {dagbag.py:587} INFO - Filling up the DagBag from /Users/omer/Desktop/MLOPS/7day/.env/lib/python3.11/site-packages/airflow/example_dags/example_branch_operator_decorator.py
[2024-09-18T14:52:57.724+0000] {processor.py:925} INFO - DAG(s) 'example_branch_python_operator_decorator' retrieved from /Users/omer/Desktop/MLOPS/7day/.env/lib/python3.11/site-packages/airflow/example_dags/example_branch_operator_decorator.py
[2024-09-18T14:52:57.796+0000] {logging_mixin.py:190} INFO - [2024-09-18T14:52:57.796+0000] {dag.py:3229} INFO - Sync 1 DAGs
[2024-09-18T14:52:57.801+0000] {logging_mixin.py:190} INFO - [2024-09-18T14:52:57.801+0000] {dag.py:4156} INFO - Setting next_dagrun for example_branch_python_operator_decorator to 2024-09-17 00:00:00+00:00, run_after=2024-09-18 00:00:00+00:00
[2024-09-18T14:52:57.810+0000] {processor.py:208} INFO - Processing /Users/omer/Desktop/MLOPS/7day/.env/lib/python3.11/site-packages/airflow/example_dags/example_branch_operator_decorator.py took 0.101 seconds
[2024-09-18T14:54:36.264+0000] {processor.py:186} INFO - Started process (PID=94685) to work on /Users/omer/Desktop/MLOPS/7day/.env/lib/python3.11/site-packages/airflow/example_dags/example_branch_operator_decorator.py
[2024-09-18T14:54:36.265+0000] {processor.py:914} INFO - Processing file /Users/omer/Desktop/MLOPS/7day/.env/lib/python3.11/site-packages/airflow/example_dags/example_branch_operator_decorator.py for tasks to queue
[2024-09-18T14:54:36.265+0000] {logging_mixin.py:190} INFO - [2024-09-18T14:54:36.265+0000] {dagbag.py:587} INFO - Filling up the DagBag from /Users/omer/Desktop/MLOPS/7day/.env/lib/python3.11/site-packages/airflow/example_dags/example_branch_operator_decorator.py
[2024-09-18T14:54:36.279+0000] {processor.py:925} INFO - DAG(s) 'example_branch_python_operator_decorator' retrieved from /Users/omer/Desktop/MLOPS/7day/.env/lib/python3.11/site-packages/airflow/example_dags/example_branch_operator_decorator.py
[2024-09-18T14:54:36.349+0000] {logging_mixin.py:190} INFO - [2024-09-18T14:54:36.349+0000] {dag.py:3229} INFO - Sync 1 DAGs
[2024-09-18T14:54:36.354+0000] {logging_mixin.py:190} INFO - [2024-09-18T14:54:36.354+0000] {dag.py:4156} INFO - Setting next_dagrun for example_branch_python_operator_decorator to 2024-09-17 00:00:00+00:00, run_after=2024-09-18 00:00:00+00:00
[2024-09-18T14:54:36.360+0000] {processor.py:208} INFO - Processing /Users/omer/Desktop/MLOPS/7day/.env/lib/python3.11/site-packages/airflow/example_dags/example_branch_operator_decorator.py took 0.097 seconds
[2024-09-18T15:21:56.094+0000] {processor.py:186} INFO - Started process (PID=97215) to work on /Users/omer/Desktop/MLOPS/7day/.env/lib/python3.11/site-packages/airflow/example_dags/example_branch_operator_decorator.py
[2024-09-18T15:21:56.095+0000] {processor.py:914} INFO - Processing file /Users/omer/Desktop/MLOPS/7day/.env/lib/python3.11/site-packages/airflow/example_dags/example_branch_operator_decorator.py for tasks to queue
[2024-09-18T15:21:56.095+0000] {logging_mixin.py:190} INFO - [2024-09-18T15:21:56.095+0000] {dagbag.py:587} INFO - Filling up the DagBag from /Users/omer/Desktop/MLOPS/7day/.env/lib/python3.11/site-packages/airflow/example_dags/example_branch_operator_decorator.py
[2024-09-18T15:21:56.110+0000] {processor.py:925} INFO - DAG(s) 'example_branch_python_operator_decorator' retrieved from /Users/omer/Desktop/MLOPS/7day/.env/lib/python3.11/site-packages/airflow/example_dags/example_branch_operator_decorator.py
[2024-09-18T15:21:56.185+0000] {logging_mixin.py:190} INFO - [2024-09-18T15:21:56.185+0000] {dag.py:3229} INFO - Sync 1 DAGs
[2024-09-18T15:21:56.191+0000] {logging_mixin.py:190} INFO - [2024-09-18T15:21:56.191+0000] {dag.py:4156} INFO - Setting next_dagrun for example_branch_python_operator_decorator to 2024-09-17 00:00:00+00:00, run_after=2024-09-18 00:00:00+00:00
[2024-09-18T15:21:56.198+0000] {processor.py:208} INFO - Processing /Users/omer/Desktop/MLOPS/7day/.env/lib/python3.11/site-packages/airflow/example_dags/example_branch_operator_decorator.py took 0.104 seconds
[2024-09-18T15:27:40.601+0000] {processor.py:186} INFO - Started process (PID=97850) to work on /Users/omer/Desktop/MLOPS/7day/.env/lib/python3.11/site-packages/airflow/example_dags/example_branch_operator_decorator.py
[2024-09-18T15:27:40.602+0000] {processor.py:914} INFO - Processing file /Users/omer/Desktop/MLOPS/7day/.env/lib/python3.11/site-packages/airflow/example_dags/example_branch_operator_decorator.py for tasks to queue
[2024-09-18T15:27:40.602+0000] {logging_mixin.py:190} INFO - [2024-09-18T15:27:40.602+0000] {dagbag.py:587} INFO - Filling up the DagBag from /Users/omer/Desktop/MLOPS/7day/.env/lib/python3.11/site-packages/airflow/example_dags/example_branch_operator_decorator.py
[2024-09-18T15:27:40.617+0000] {processor.py:925} INFO - DAG(s) 'example_branch_python_operator_decorator' retrieved from /Users/omer/Desktop/MLOPS/7day/.env/lib/python3.11/site-packages/airflow/example_dags/example_branch_operator_decorator.py
[2024-09-18T15:27:40.696+0000] {logging_mixin.py:190} INFO - [2024-09-18T15:27:40.696+0000] {dag.py:3229} INFO - Sync 1 DAGs
[2024-09-18T15:27:40.702+0000] {logging_mixin.py:190} INFO - [2024-09-18T15:27:40.702+0000] {dag.py:4156} INFO - Setting next_dagrun for example_branch_python_operator_decorator to 2024-09-17 00:00:00+00:00, run_after=2024-09-18 00:00:00+00:00
[2024-09-18T15:27:40.708+0000] {processor.py:208} INFO - Processing /Users/omer/Desktop/MLOPS/7day/.env/lib/python3.11/site-packages/airflow/example_dags/example_branch_operator_decorator.py took 0.108 seconds
[2024-09-18T15:29:20.536+0000] {processor.py:186} INFO - Started process (PID=98116) to work on /Users/omer/Desktop/MLOPS/7day/.env/lib/python3.11/site-packages/airflow/example_dags/example_branch_operator_decorator.py
[2024-09-18T15:29:20.537+0000] {processor.py:914} INFO - Processing file /Users/omer/Desktop/MLOPS/7day/.env/lib/python3.11/site-packages/airflow/example_dags/example_branch_operator_decorator.py for tasks to queue
[2024-09-18T15:29:20.537+0000] {logging_mixin.py:190} INFO - [2024-09-18T15:29:20.537+0000] {dagbag.py:587} INFO - Filling up the DagBag from /Users/omer/Desktop/MLOPS/7day/.env/lib/python3.11/site-packages/airflow/example_dags/example_branch_operator_decorator.py
[2024-09-18T15:29:20.551+0000] {processor.py:925} INFO - DAG(s) 'example_branch_python_operator_decorator' retrieved from /Users/omer/Desktop/MLOPS/7day/.env/lib/python3.11/site-packages/airflow/example_dags/example_branch_operator_decorator.py
[2024-09-18T15:29:20.625+0000] {logging_mixin.py:190} INFO - [2024-09-18T15:29:20.625+0000] {dag.py:3229} INFO - Sync 1 DAGs
[2024-09-18T15:29:20.630+0000] {logging_mixin.py:190} INFO - [2024-09-18T15:29:20.630+0000] {dag.py:4156} INFO - Setting next_dagrun for example_branch_python_operator_decorator to 2024-09-17 00:00:00+00:00, run_after=2024-09-18 00:00:00+00:00
[2024-09-18T15:29:20.637+0000] {processor.py:208} INFO - Processing /Users/omer/Desktop/MLOPS/7day/.env/lib/python3.11/site-packages/airflow/example_dags/example_branch_operator_decorator.py took 0.102 seconds
[2024-09-18T15:30:58.634+0000] {processor.py:186} INFO - Started process (PID=98384) to work on /Users/omer/Desktop/MLOPS/7day/.env/lib/python3.11/site-packages/airflow/example_dags/example_branch_operator_decorator.py
[2024-09-18T15:30:58.634+0000] {processor.py:914} INFO - Processing file /Users/omer/Desktop/MLOPS/7day/.env/lib/python3.11/site-packages/airflow/example_dags/example_branch_operator_decorator.py for tasks to queue
[2024-09-18T15:30:58.635+0000] {logging_mixin.py:190} INFO - [2024-09-18T15:30:58.635+0000] {dagbag.py:587} INFO - Filling up the DagBag from /Users/omer/Desktop/MLOPS/7day/.env/lib/python3.11/site-packages/airflow/example_dags/example_branch_operator_decorator.py
[2024-09-18T15:30:58.649+0000] {processor.py:925} INFO - DAG(s) 'example_branch_python_operator_decorator' retrieved from /Users/omer/Desktop/MLOPS/7day/.env/lib/python3.11/site-packages/airflow/example_dags/example_branch_operator_decorator.py
[2024-09-18T15:30:58.725+0000] {logging_mixin.py:190} INFO - [2024-09-18T15:30:58.725+0000] {dag.py:3229} INFO - Sync 1 DAGs
[2024-09-18T15:30:58.731+0000] {logging_mixin.py:190} INFO - [2024-09-18T15:30:58.731+0000] {dag.py:4156} INFO - Setting next_dagrun for example_branch_python_operator_decorator to 2024-09-17 00:00:00+00:00, run_after=2024-09-18 00:00:00+00:00
[2024-09-18T15:30:58.737+0000] {processor.py:208} INFO - Processing /Users/omer/Desktop/MLOPS/7day/.env/lib/python3.11/site-packages/airflow/example_dags/example_branch_operator_decorator.py took 0.104 seconds
[2024-09-18T15:32:36.140+0000] {processor.py:186} INFO - Started process (PID=98668) to work on /Users/omer/Desktop/MLOPS/7day/.env/lib/python3.11/site-packages/airflow/example_dags/example_branch_operator_decorator.py
[2024-09-18T15:32:36.141+0000] {processor.py:914} INFO - Processing file /Users/omer/Desktop/MLOPS/7day/.env/lib/python3.11/site-packages/airflow/example_dags/example_branch_operator_decorator.py for tasks to queue
[2024-09-18T15:32:36.141+0000] {logging_mixin.py:190} INFO - [2024-09-18T15:32:36.141+0000] {dagbag.py:587} INFO - Filling up the DagBag from /Users/omer/Desktop/MLOPS/7day/.env/lib/python3.11/site-packages/airflow/example_dags/example_branch_operator_decorator.py
[2024-09-18T15:32:36.156+0000] {processor.py:925} INFO - DAG(s) 'example_branch_python_operator_decorator' retrieved from /Users/omer/Desktop/MLOPS/7day/.env/lib/python3.11/site-packages/airflow/example_dags/example_branch_operator_decorator.py
[2024-09-18T15:32:36.229+0000] {logging_mixin.py:190} INFO - [2024-09-18T15:32:36.229+0000] {dag.py:3229} INFO - Sync 1 DAGs
[2024-09-18T15:32:36.234+0000] {logging_mixin.py:190} INFO - [2024-09-18T15:32:36.234+0000] {dag.py:4156} INFO - Setting next_dagrun for example_branch_python_operator_decorator to 2024-09-17 00:00:00+00:00, run_after=2024-09-18 00:00:00+00:00
[2024-09-18T15:32:36.240+0000] {processor.py:208} INFO - Processing /Users/omer/Desktop/MLOPS/7day/.env/lib/python3.11/site-packages/airflow/example_dags/example_branch_operator_decorator.py took 0.100 seconds
[2024-09-18T15:35:17.941+0000] {processor.py:186} INFO - Started process (PID=99044) to work on /Users/omer/Desktop/MLOPS/7day/.env/lib/python3.11/site-packages/airflow/example_dags/example_branch_operator_decorator.py
[2024-09-18T15:35:17.942+0000] {processor.py:914} INFO - Processing file /Users/omer/Desktop/MLOPS/7day/.env/lib/python3.11/site-packages/airflow/example_dags/example_branch_operator_decorator.py for tasks to queue
[2024-09-18T15:35:17.943+0000] {logging_mixin.py:190} INFO - [2024-09-18T15:35:17.943+0000] {dagbag.py:587} INFO - Filling up the DagBag from /Users/omer/Desktop/MLOPS/7day/.env/lib/python3.11/site-packages/airflow/example_dags/example_branch_operator_decorator.py
[2024-09-18T15:35:17.957+0000] {processor.py:925} INFO - DAG(s) 'example_branch_python_operator_decorator' retrieved from /Users/omer/Desktop/MLOPS/7day/.env/lib/python3.11/site-packages/airflow/example_dags/example_branch_operator_decorator.py
[2024-09-18T15:35:18.035+0000] {logging_mixin.py:190} INFO - [2024-09-18T15:35:18.035+0000] {dag.py:3229} INFO - Sync 1 DAGs
[2024-09-18T15:35:18.041+0000] {logging_mixin.py:190} INFO - [2024-09-18T15:35:18.041+0000] {dag.py:4156} INFO - Setting next_dagrun for example_branch_python_operator_decorator to 2024-09-17 00:00:00+00:00, run_after=2024-09-18 00:00:00+00:00
[2024-09-18T15:35:18.047+0000] {processor.py:208} INFO - Processing /Users/omer/Desktop/MLOPS/7day/.env/lib/python3.11/site-packages/airflow/example_dags/example_branch_operator_decorator.py took 0.107 seconds
