[2024-09-18T14:49:10.060+0000] {processor.py:186} INFO - Started process (PID=93952) to work on /Users/omer/Desktop/MLOPS/7day/.env/lib/python3.11/site-packages/airflow/example_dags/example_params_trigger_ui.py
[2024-09-18T14:49:10.060+0000] {processor.py:914} INFO - Processing file /Users/omer/Desktop/MLOPS/7day/.env/lib/python3.11/site-packages/airflow/example_dags/example_params_trigger_ui.py for tasks to queue
[2024-09-18T14:49:10.060+0000] {logging_mixin.py:190} INFO - [2024-09-18T14:49:10.060+0000] {dagbag.py:587} INFO - Filling up the DagBag from /Users/omer/Desktop/MLOPS/7day/.env/lib/python3.11/site-packages/airflow/example_dags/example_params_trigger_ui.py
[2024-09-18T14:49:10.072+0000] {processor.py:925} INFO - DAG(s) 'example_params_trigger_ui' retrieved from /Users/omer/Desktop/MLOPS/7day/.env/lib/python3.11/site-packages/airflow/example_dags/example_params_trigger_ui.py
[2024-09-18T14:49:10.155+0000] {logging_mixin.py:190} INFO - [2024-09-18T14:49:10.155+0000] {override.py:1900} INFO - Created Permission View: can read on DAG:example_params_trigger_ui
[2024-09-18T14:49:10.158+0000] {logging_mixin.py:190} INFO - [2024-09-18T14:49:10.158+0000] {override.py:1900} INFO - Created Permission View: can edit on DAG:example_params_trigger_ui
[2024-09-18T14:49:10.160+0000] {logging_mixin.py:190} INFO - [2024-09-18T14:49:10.160+0000] {override.py:1900} INFO - Created Permission View: can delete on DAG:example_params_trigger_ui
[2024-09-18T14:49:10.163+0000] {logging_mixin.py:190} INFO - [2024-09-18T14:49:10.163+0000] {override.py:1900} INFO - Created Permission View: can read on DAG Run:example_params_trigger_ui
[2024-09-18T14:49:10.165+0000] {logging_mixin.py:190} INFO - [2024-09-18T14:49:10.165+0000] {override.py:1900} INFO - Created Permission View: menu access on DAG Run:example_params_trigger_ui
[2024-09-18T14:49:10.167+0000] {logging_mixin.py:190} INFO - [2024-09-18T14:49:10.167+0000] {override.py:1900} INFO - Created Permission View: can create on DAG Run:example_params_trigger_ui
[2024-09-18T14:49:10.168+0000] {logging_mixin.py:190} INFO - [2024-09-18T14:49:10.168+0000] {override.py:1900} INFO - Created Permission View: can delete on DAG Run:example_params_trigger_ui
[2024-09-18T14:49:10.168+0000] {logging_mixin.py:190} INFO - [2024-09-18T14:49:10.168+0000] {dag.py:3229} INFO - Sync 1 DAGs
[2024-09-18T14:49:10.172+0000] {logging_mixin.py:190} INFO - [2024-09-18T14:49:10.172+0000] {dag.py:3252} INFO - Creating ORM DAG for example_params_trigger_ui
[2024-09-18T14:49:10.172+0000] {logging_mixin.py:190} INFO - [2024-09-18T14:49:10.172+0000] {dag.py:4156} INFO - Setting next_dagrun for example_params_trigger_ui to None, run_after=None
[2024-09-18T14:49:10.177+0000] {processor.py:208} INFO - Processing /Users/omer/Desktop/MLOPS/7day/.env/lib/python3.11/site-packages/airflow/example_dags/example_params_trigger_ui.py took 0.119 seconds
[2024-09-18T14:50:30.457+0000] {processor.py:186} INFO - Started process (PID=94202) to work on /Users/omer/Desktop/MLOPS/7day/.env/lib/python3.11/site-packages/airflow/example_dags/example_params_trigger_ui.py
[2024-09-18T14:50:30.457+0000] {processor.py:914} INFO - Processing file /Users/omer/Desktop/MLOPS/7day/.env/lib/python3.11/site-packages/airflow/example_dags/example_params_trigger_ui.py for tasks to queue
[2024-09-18T14:50:30.458+0000] {logging_mixin.py:190} INFO - [2024-09-18T14:50:30.458+0000] {dagbag.py:587} INFO - Filling up the DagBag from /Users/omer/Desktop/MLOPS/7day/.env/lib/python3.11/site-packages/airflow/example_dags/example_params_trigger_ui.py
[2024-09-18T14:50:30.469+0000] {processor.py:925} INFO - DAG(s) 'example_params_trigger_ui' retrieved from /Users/omer/Desktop/MLOPS/7day/.env/lib/python3.11/site-packages/airflow/example_dags/example_params_trigger_ui.py
[2024-09-18T14:50:30.501+0000] {logging_mixin.py:190} INFO - [2024-09-18T14:50:30.501+0000] {dag.py:3229} INFO - Sync 1 DAGs
[2024-09-18T14:50:30.524+0000] {logging_mixin.py:190} INFO - [2024-09-18T14:50:30.524+0000] {dag.py:4156} INFO - Setting next_dagrun for example_params_trigger_ui to None, run_after=None
[2024-09-18T14:50:30.530+0000] {processor.py:208} INFO - Processing /Users/omer/Desktop/MLOPS/7day/.env/lib/python3.11/site-packages/airflow/example_dags/example_params_trigger_ui.py took 0.074 seconds
[2024-09-18T14:52:09.024+0000] {processor.py:186} INFO - Started process (PID=94428) to work on /Users/omer/Desktop/MLOPS/7day/.env/lib/python3.11/site-packages/airflow/example_dags/example_params_trigger_ui.py
[2024-09-18T14:52:09.025+0000] {processor.py:914} INFO - Processing file /Users/omer/Desktop/MLOPS/7day/.env/lib/python3.11/site-packages/airflow/example_dags/example_params_trigger_ui.py for tasks to queue
[2024-09-18T14:52:09.026+0000] {logging_mixin.py:190} INFO - [2024-09-18T14:52:09.026+0000] {dagbag.py:587} INFO - Filling up the DagBag from /Users/omer/Desktop/MLOPS/7day/.env/lib/python3.11/site-packages/airflow/example_dags/example_params_trigger_ui.py
[2024-09-18T14:52:09.037+0000] {processor.py:925} INFO - DAG(s) 'example_params_trigger_ui' retrieved from /Users/omer/Desktop/MLOPS/7day/.env/lib/python3.11/site-packages/airflow/example_dags/example_params_trigger_ui.py
[2024-09-18T14:52:09.069+0000] {logging_mixin.py:190} INFO - [2024-09-18T14:52:09.069+0000] {dag.py:3229} INFO - Sync 1 DAGs
[2024-09-18T14:52:09.101+0000] {logging_mixin.py:190} INFO - [2024-09-18T14:52:09.101+0000] {dag.py:4156} INFO - Setting next_dagrun for example_params_trigger_ui to None, run_after=None
[2024-09-18T14:52:09.109+0000] {processor.py:208} INFO - Processing /Users/omer/Desktop/MLOPS/7day/.env/lib/python3.11/site-packages/airflow/example_dags/example_params_trigger_ui.py took 0.085 seconds
[2024-09-18T14:53:49.859+0000] {processor.py:186} INFO - Started process (PID=94606) to work on /Users/omer/Desktop/MLOPS/7day/.env/lib/python3.11/site-packages/airflow/example_dags/example_params_trigger_ui.py
[2024-09-18T14:53:49.860+0000] {processor.py:914} INFO - Processing file /Users/omer/Desktop/MLOPS/7day/.env/lib/python3.11/site-packages/airflow/example_dags/example_params_trigger_ui.py for tasks to queue
[2024-09-18T14:53:49.860+0000] {logging_mixin.py:190} INFO - [2024-09-18T14:53:49.860+0000] {dagbag.py:587} INFO - Filling up the DagBag from /Users/omer/Desktop/MLOPS/7day/.env/lib/python3.11/site-packages/airflow/example_dags/example_params_trigger_ui.py
[2024-09-18T14:53:49.871+0000] {processor.py:925} INFO - DAG(s) 'example_params_trigger_ui' retrieved from /Users/omer/Desktop/MLOPS/7day/.env/lib/python3.11/site-packages/airflow/example_dags/example_params_trigger_ui.py
[2024-09-18T14:53:49.902+0000] {logging_mixin.py:190} INFO - [2024-09-18T14:53:49.901+0000] {dag.py:3229} INFO - Sync 1 DAGs
[2024-09-18T14:53:49.924+0000] {logging_mixin.py:190} INFO - [2024-09-18T14:53:49.924+0000] {dag.py:4156} INFO - Setting next_dagrun for example_params_trigger_ui to None, run_after=None
[2024-09-18T14:53:49.930+0000] {processor.py:208} INFO - Processing /Users/omer/Desktop/MLOPS/7day/.env/lib/python3.11/site-packages/airflow/example_dags/example_params_trigger_ui.py took 0.071 seconds
[2024-09-18T15:21:30.402+0000] {processor.py:186} INFO - Started process (PID=97173) to work on /Users/omer/Desktop/MLOPS/7day/.env/lib/python3.11/site-packages/airflow/example_dags/example_params_trigger_ui.py
[2024-09-18T15:21:30.403+0000] {processor.py:914} INFO - Processing file /Users/omer/Desktop/MLOPS/7day/.env/lib/python3.11/site-packages/airflow/example_dags/example_params_trigger_ui.py for tasks to queue
[2024-09-18T15:21:30.403+0000] {logging_mixin.py:190} INFO - [2024-09-18T15:21:30.403+0000] {dagbag.py:587} INFO - Filling up the DagBag from /Users/omer/Desktop/MLOPS/7day/.env/lib/python3.11/site-packages/airflow/example_dags/example_params_trigger_ui.py
[2024-09-18T15:21:30.414+0000] {processor.py:925} INFO - DAG(s) 'example_params_trigger_ui' retrieved from /Users/omer/Desktop/MLOPS/7day/.env/lib/python3.11/site-packages/airflow/example_dags/example_params_trigger_ui.py
[2024-09-18T15:21:30.446+0000] {logging_mixin.py:190} INFO - [2024-09-18T15:21:30.446+0000] {dag.py:3229} INFO - Sync 1 DAGs
[2024-09-18T15:21:30.469+0000] {logging_mixin.py:190} INFO - [2024-09-18T15:21:30.469+0000] {dag.py:4156} INFO - Setting next_dagrun for example_params_trigger_ui to None, run_after=None
[2024-09-18T15:21:30.475+0000] {processor.py:208} INFO - Processing /Users/omer/Desktop/MLOPS/7day/.env/lib/python3.11/site-packages/airflow/example_dags/example_params_trigger_ui.py took 0.074 seconds
[2024-09-18T15:22:49.574+0000] {processor.py:186} INFO - Started process (PID=97315) to work on /Users/omer/Desktop/MLOPS/7day/.env/lib/python3.11/site-packages/airflow/example_dags/example_params_trigger_ui.py
[2024-09-18T15:22:49.575+0000] {processor.py:914} INFO - Processing file /Users/omer/Desktop/MLOPS/7day/.env/lib/python3.11/site-packages/airflow/example_dags/example_params_trigger_ui.py for tasks to queue
[2024-09-18T15:22:49.575+0000] {logging_mixin.py:190} INFO - [2024-09-18T15:22:49.575+0000] {dagbag.py:587} INFO - Filling up the DagBag from /Users/omer/Desktop/MLOPS/7day/.env/lib/python3.11/site-packages/airflow/example_dags/example_params_trigger_ui.py
[2024-09-18T15:22:49.585+0000] {processor.py:925} INFO - DAG(s) 'example_params_trigger_ui' retrieved from /Users/omer/Desktop/MLOPS/7day/.env/lib/python3.11/site-packages/airflow/example_dags/example_params_trigger_ui.py
[2024-09-18T15:22:49.617+0000] {logging_mixin.py:190} INFO - [2024-09-18T15:22:49.617+0000] {dag.py:3229} INFO - Sync 1 DAGs
[2024-09-18T15:22:49.641+0000] {logging_mixin.py:190} INFO - [2024-09-18T15:22:49.640+0000] {dag.py:4156} INFO - Setting next_dagrun for example_params_trigger_ui to None, run_after=None
[2024-09-18T15:22:49.646+0000] {processor.py:208} INFO - Processing /Users/omer/Desktop/MLOPS/7day/.env/lib/python3.11/site-packages/airflow/example_dags/example_params_trigger_ui.py took 0.073 seconds
[2024-09-18T15:27:14.647+0000] {processor.py:186} INFO - Started process (PID=97804) to work on /Users/omer/Desktop/MLOPS/7day/.env/lib/python3.11/site-packages/airflow/example_dags/example_params_trigger_ui.py
[2024-09-18T15:27:14.648+0000] {processor.py:914} INFO - Processing file /Users/omer/Desktop/MLOPS/7day/.env/lib/python3.11/site-packages/airflow/example_dags/example_params_trigger_ui.py for tasks to queue
[2024-09-18T15:27:14.648+0000] {logging_mixin.py:190} INFO - [2024-09-18T15:27:14.648+0000] {dagbag.py:587} INFO - Filling up the DagBag from /Users/omer/Desktop/MLOPS/7day/.env/lib/python3.11/site-packages/airflow/example_dags/example_params_trigger_ui.py
[2024-09-18T15:27:14.663+0000] {processor.py:925} INFO - DAG(s) 'example_params_trigger_ui' retrieved from /Users/omer/Desktop/MLOPS/7day/.env/lib/python3.11/site-packages/airflow/example_dags/example_params_trigger_ui.py
[2024-09-18T15:27:14.695+0000] {logging_mixin.py:190} INFO - [2024-09-18T15:27:14.695+0000] {dag.py:3229} INFO - Sync 1 DAGs
[2024-09-18T15:27:14.721+0000] {logging_mixin.py:190} INFO - [2024-09-18T15:27:14.721+0000] {dag.py:4156} INFO - Setting next_dagrun for example_params_trigger_ui to None, run_after=None
[2024-09-18T15:27:14.727+0000] {processor.py:208} INFO - Processing /Users/omer/Desktop/MLOPS/7day/.env/lib/python3.11/site-packages/airflow/example_dags/example_params_trigger_ui.py took 0.081 seconds
[2024-09-18T15:28:34.450+0000] {processor.py:186} INFO - Started process (PID=98003) to work on /Users/omer/Desktop/MLOPS/7day/.env/lib/python3.11/site-packages/airflow/example_dags/example_params_trigger_ui.py
[2024-09-18T15:28:34.451+0000] {processor.py:914} INFO - Processing file /Users/omer/Desktop/MLOPS/7day/.env/lib/python3.11/site-packages/airflow/example_dags/example_params_trigger_ui.py for tasks to queue
[2024-09-18T15:28:34.451+0000] {logging_mixin.py:190} INFO - [2024-09-18T15:28:34.451+0000] {dagbag.py:587} INFO - Filling up the DagBag from /Users/omer/Desktop/MLOPS/7day/.env/lib/python3.11/site-packages/airflow/example_dags/example_params_trigger_ui.py
[2024-09-18T15:28:34.462+0000] {processor.py:925} INFO - DAG(s) 'example_params_trigger_ui' retrieved from /Users/omer/Desktop/MLOPS/7day/.env/lib/python3.11/site-packages/airflow/example_dags/example_params_trigger_ui.py
[2024-09-18T15:28:34.495+0000] {logging_mixin.py:190} INFO - [2024-09-18T15:28:34.495+0000] {dag.py:3229} INFO - Sync 1 DAGs
[2024-09-18T15:28:34.520+0000] {logging_mixin.py:190} INFO - [2024-09-18T15:28:34.520+0000] {dag.py:4156} INFO - Setting next_dagrun for example_params_trigger_ui to None, run_after=None
[2024-09-18T15:28:34.525+0000] {processor.py:208} INFO - Processing /Users/omer/Desktop/MLOPS/7day/.env/lib/python3.11/site-packages/airflow/example_dags/example_params_trigger_ui.py took 0.076 seconds
[2024-09-18T15:30:12.475+0000] {processor.py:186} INFO - Started process (PID=98268) to work on /Users/omer/Desktop/MLOPS/7day/.env/lib/python3.11/site-packages/airflow/example_dags/example_params_trigger_ui.py
[2024-09-18T15:30:12.476+0000] {processor.py:914} INFO - Processing file /Users/omer/Desktop/MLOPS/7day/.env/lib/python3.11/site-packages/airflow/example_dags/example_params_trigger_ui.py for tasks to queue
[2024-09-18T15:30:12.476+0000] {logging_mixin.py:190} INFO - [2024-09-18T15:30:12.476+0000] {dagbag.py:587} INFO - Filling up the DagBag from /Users/omer/Desktop/MLOPS/7day/.env/lib/python3.11/site-packages/airflow/example_dags/example_params_trigger_ui.py
[2024-09-18T15:30:12.488+0000] {processor.py:925} INFO - DAG(s) 'example_params_trigger_ui' retrieved from /Users/omer/Desktop/MLOPS/7day/.env/lib/python3.11/site-packages/airflow/example_dags/example_params_trigger_ui.py
[2024-09-18T15:30:12.520+0000] {logging_mixin.py:190} INFO - [2024-09-18T15:30:12.520+0000] {dag.py:3229} INFO - Sync 1 DAGs
[2024-09-18T15:30:12.545+0000] {logging_mixin.py:190} INFO - [2024-09-18T15:30:12.545+0000] {dag.py:4156} INFO - Setting next_dagrun for example_params_trigger_ui to None, run_after=None
[2024-09-18T15:30:12.552+0000] {processor.py:208} INFO - Processing /Users/omer/Desktop/MLOPS/7day/.env/lib/python3.11/site-packages/airflow/example_dags/example_params_trigger_ui.py took 0.077 seconds
[2024-09-18T15:31:49.021+0000] {processor.py:186} INFO - Started process (PID=98548) to work on /Users/omer/Desktop/MLOPS/7day/.env/lib/python3.11/site-packages/airflow/example_dags/example_params_trigger_ui.py
[2024-09-18T15:31:49.022+0000] {processor.py:914} INFO - Processing file /Users/omer/Desktop/MLOPS/7day/.env/lib/python3.11/site-packages/airflow/example_dags/example_params_trigger_ui.py for tasks to queue
[2024-09-18T15:31:49.022+0000] {logging_mixin.py:190} INFO - [2024-09-18T15:31:49.022+0000] {dagbag.py:587} INFO - Filling up the DagBag from /Users/omer/Desktop/MLOPS/7day/.env/lib/python3.11/site-packages/airflow/example_dags/example_params_trigger_ui.py
[2024-09-18T15:31:49.033+0000] {processor.py:925} INFO - DAG(s) 'example_params_trigger_ui' retrieved from /Users/omer/Desktop/MLOPS/7day/.env/lib/python3.11/site-packages/airflow/example_dags/example_params_trigger_ui.py
[2024-09-18T15:31:49.064+0000] {logging_mixin.py:190} INFO - [2024-09-18T15:31:49.064+0000] {dag.py:3229} INFO - Sync 1 DAGs
[2024-09-18T15:31:49.088+0000] {logging_mixin.py:190} INFO - [2024-09-18T15:31:49.088+0000] {dag.py:4156} INFO - Setting next_dagrun for example_params_trigger_ui to None, run_after=None
[2024-09-18T15:31:49.093+0000] {processor.py:208} INFO - Processing /Users/omer/Desktop/MLOPS/7day/.env/lib/python3.11/site-packages/airflow/example_dags/example_params_trigger_ui.py took 0.073 seconds
[2024-09-18T15:33:39.741+0000] {processor.py:186} INFO - Started process (PID=98836) to work on /Users/omer/Desktop/MLOPS/7day/.env/lib/python3.11/site-packages/airflow/example_dags/example_params_trigger_ui.py
[2024-09-18T15:33:39.742+0000] {processor.py:914} INFO - Processing file /Users/omer/Desktop/MLOPS/7day/.env/lib/python3.11/site-packages/airflow/example_dags/example_params_trigger_ui.py for tasks to queue
[2024-09-18T15:33:39.742+0000] {logging_mixin.py:190} INFO - [2024-09-18T15:33:39.742+0000] {dagbag.py:587} INFO - Filling up the DagBag from /Users/omer/Desktop/MLOPS/7day/.env/lib/python3.11/site-packages/airflow/example_dags/example_params_trigger_ui.py
[2024-09-18T15:33:39.753+0000] {processor.py:925} INFO - DAG(s) 'example_params_trigger_ui' retrieved from /Users/omer/Desktop/MLOPS/7day/.env/lib/python3.11/site-packages/airflow/example_dags/example_params_trigger_ui.py
[2024-09-18T15:33:39.785+0000] {logging_mixin.py:190} INFO - [2024-09-18T15:33:39.785+0000] {dag.py:3229} INFO - Sync 1 DAGs
[2024-09-18T15:33:39.808+0000] {logging_mixin.py:190} INFO - [2024-09-18T15:33:39.808+0000] {dag.py:4156} INFO - Setting next_dagrun for example_params_trigger_ui to None, run_after=None
[2024-09-18T15:33:39.814+0000] {processor.py:208} INFO - Processing /Users/omer/Desktop/MLOPS/7day/.env/lib/python3.11/site-packages/airflow/example_dags/example_params_trigger_ui.py took 0.074 seconds
[2024-09-18T15:34:52.003+0000] {processor.py:186} INFO - Started process (PID=99005) to work on /Users/omer/Desktop/MLOPS/7day/.env/lib/python3.11/site-packages/airflow/example_dags/example_params_trigger_ui.py
[2024-09-18T15:34:52.005+0000] {processor.py:914} INFO - Processing file /Users/omer/Desktop/MLOPS/7day/.env/lib/python3.11/site-packages/airflow/example_dags/example_params_trigger_ui.py for tasks to queue
[2024-09-18T15:34:52.005+0000] {logging_mixin.py:190} INFO - [2024-09-18T15:34:52.005+0000] {dagbag.py:587} INFO - Filling up the DagBag from /Users/omer/Desktop/MLOPS/7day/.env/lib/python3.11/site-packages/airflow/example_dags/example_params_trigger_ui.py
[2024-09-18T15:34:52.016+0000] {processor.py:925} INFO - DAG(s) 'example_params_trigger_ui' retrieved from /Users/omer/Desktop/MLOPS/7day/.env/lib/python3.11/site-packages/airflow/example_dags/example_params_trigger_ui.py
[2024-09-18T15:34:52.047+0000] {logging_mixin.py:190} INFO - [2024-09-18T15:34:52.047+0000] {dag.py:3229} INFO - Sync 1 DAGs
[2024-09-18T15:34:52.069+0000] {logging_mixin.py:190} INFO - [2024-09-18T15:34:52.069+0000] {dag.py:4156} INFO - Setting next_dagrun for example_params_trigger_ui to None, run_after=None
[2024-09-18T15:34:52.075+0000] {processor.py:208} INFO - Processing /Users/omer/Desktop/MLOPS/7day/.env/lib/python3.11/site-packages/airflow/example_dags/example_params_trigger_ui.py took 0.072 seconds
