[2024-09-18T14:48:53.136+0000] {processor.py:186} INFO - Started process (PID=93904) to work on /Users/omer/Desktop/MLOPS/7day/.env/lib/python3.11/site-packages/airflow/example_dags/example_sla_dag.py
[2024-09-18T14:48:53.136+0000] {processor.py:914} INFO - Processing file /Users/omer/Desktop/MLOPS/7day/.env/lib/python3.11/site-packages/airflow/example_dags/example_sla_dag.py for tasks to queue
[2024-09-18T14:48:53.136+0000] {logging_mixin.py:190} INFO - [2024-09-18T14:48:53.136+0000] {dagbag.py:587} INFO - Filling up the DagBag from /Users/omer/Desktop/MLOPS/7day/.env/lib/python3.11/site-packages/airflow/example_dags/example_sla_dag.py
[2024-09-18T14:48:53.147+0000] {processor.py:925} INFO - DAG(s) 'example_sla_dag' retrieved from /Users/omer/Desktop/MLOPS/7day/.env/lib/python3.11/site-packages/airflow/example_dags/example_sla_dag.py
[2024-09-18T14:48:53.215+0000] {logging_mixin.py:190} INFO - [2024-09-18T14:48:53.214+0000] {override.py:1900} INFO - Created Permission View: can edit on DAG:example_sla_dag
[2024-09-18T14:48:53.217+0000] {logging_mixin.py:190} INFO - [2024-09-18T14:48:53.217+0000] {override.py:1900} INFO - Created Permission View: can read on DAG:example_sla_dag
[2024-09-18T14:48:53.218+0000] {logging_mixin.py:190} INFO - [2024-09-18T14:48:53.218+0000] {override.py:1900} INFO - Created Permission View: can delete on DAG:example_sla_dag
[2024-09-18T14:48:53.220+0000] {logging_mixin.py:190} INFO - [2024-09-18T14:48:53.220+0000] {override.py:1900} INFO - Created Permission View: menu access on DAG Run:example_sla_dag
[2024-09-18T14:48:53.222+0000] {logging_mixin.py:190} INFO - [2024-09-18T14:48:53.222+0000] {override.py:1900} INFO - Created Permission View: can create on DAG Run:example_sla_dag
[2024-09-18T14:48:53.223+0000] {logging_mixin.py:190} INFO - [2024-09-18T14:48:53.223+0000] {override.py:1900} INFO - Created Permission View: can read on DAG Run:example_sla_dag
[2024-09-18T14:48:53.225+0000] {logging_mixin.py:190} INFO - [2024-09-18T14:48:53.225+0000] {override.py:1900} INFO - Created Permission View: can delete on DAG Run:example_sla_dag
[2024-09-18T14:48:53.225+0000] {logging_mixin.py:190} INFO - [2024-09-18T14:48:53.225+0000] {dag.py:3229} INFO - Sync 1 DAGs
[2024-09-18T14:48:53.228+0000] {logging_mixin.py:190} INFO - [2024-09-18T14:48:53.228+0000] {dag.py:3252} INFO - Creating ORM DAG for example_sla_dag
[2024-09-18T14:48:53.231+0000] {logging_mixin.py:190} INFO - [2024-09-18T14:48:53.231+0000] {dag.py:4156} INFO - Setting next_dagrun for example_sla_dag to 2024-09-18 14:46:00+00:00, run_after=2024-09-18 14:48:00+00:00
[2024-09-18T14:48:53.236+0000] {processor.py:208} INFO - Processing /Users/omer/Desktop/MLOPS/7day/.env/lib/python3.11/site-packages/airflow/example_dags/example_sla_dag.py took 0.101 seconds
[2024-09-18T14:50:13.620+0000] {processor.py:186} INFO - Started process (PID=94151) to work on /Users/omer/Desktop/MLOPS/7day/.env/lib/python3.11/site-packages/airflow/example_dags/example_sla_dag.py
[2024-09-18T14:50:13.621+0000] {processor.py:914} INFO - Processing file /Users/omer/Desktop/MLOPS/7day/.env/lib/python3.11/site-packages/airflow/example_dags/example_sla_dag.py for tasks to queue
[2024-09-18T14:50:13.621+0000] {logging_mixin.py:190} INFO - [2024-09-18T14:50:13.621+0000] {dagbag.py:587} INFO - Filling up the DagBag from /Users/omer/Desktop/MLOPS/7day/.env/lib/python3.11/site-packages/airflow/example_dags/example_sla_dag.py
[2024-09-18T14:50:13.633+0000] {processor.py:925} INFO - DAG(s) 'example_sla_dag' retrieved from /Users/omer/Desktop/MLOPS/7day/.env/lib/python3.11/site-packages/airflow/example_dags/example_sla_dag.py
[2024-09-18T14:50:13.657+0000] {logging_mixin.py:190} INFO - [2024-09-18T14:50:13.657+0000] {dag.py:3229} INFO - Sync 1 DAGs
[2024-09-18T14:50:13.684+0000] {logging_mixin.py:190} INFO - [2024-09-18T14:50:13.684+0000] {dag.py:4156} INFO - Setting next_dagrun for example_sla_dag to 2024-09-18 14:48:00+00:00, run_after=2024-09-18 14:50:00+00:00
[2024-09-18T14:50:13.689+0000] {processor.py:208} INFO - Processing /Users/omer/Desktop/MLOPS/7day/.env/lib/python3.11/site-packages/airflow/example_dags/example_sla_dag.py took 0.070 seconds
[2024-09-18T14:51:51.872+0000] {processor.py:186} INFO - Started process (PID=94403) to work on /Users/omer/Desktop/MLOPS/7day/.env/lib/python3.11/site-packages/airflow/example_dags/example_sla_dag.py
[2024-09-18T14:51:51.873+0000] {processor.py:914} INFO - Processing file /Users/omer/Desktop/MLOPS/7day/.env/lib/python3.11/site-packages/airflow/example_dags/example_sla_dag.py for tasks to queue
[2024-09-18T14:51:51.874+0000] {logging_mixin.py:190} INFO - [2024-09-18T14:51:51.874+0000] {dagbag.py:587} INFO - Filling up the DagBag from /Users/omer/Desktop/MLOPS/7day/.env/lib/python3.11/site-packages/airflow/example_dags/example_sla_dag.py
[2024-09-18T14:51:51.885+0000] {processor.py:925} INFO - DAG(s) 'example_sla_dag' retrieved from /Users/omer/Desktop/MLOPS/7day/.env/lib/python3.11/site-packages/airflow/example_dags/example_sla_dag.py
[2024-09-18T14:51:51.910+0000] {logging_mixin.py:190} INFO - [2024-09-18T14:51:51.910+0000] {dag.py:3229} INFO - Sync 1 DAGs
[2024-09-18T14:51:51.940+0000] {logging_mixin.py:190} INFO - [2024-09-18T14:51:51.940+0000] {dag.py:4156} INFO - Setting next_dagrun for example_sla_dag to 2024-09-18 14:48:00+00:00, run_after=2024-09-18 14:50:00+00:00
[2024-09-18T14:51:51.945+0000] {processor.py:208} INFO - Processing /Users/omer/Desktop/MLOPS/7day/.env/lib/python3.11/site-packages/airflow/example_dags/example_sla_dag.py took 0.074 seconds
[2024-09-18T14:53:33.025+0000] {processor.py:186} INFO - Started process (PID=94571) to work on /Users/omer/Desktop/MLOPS/7day/.env/lib/python3.11/site-packages/airflow/example_dags/example_sla_dag.py
[2024-09-18T14:53:33.025+0000] {processor.py:914} INFO - Processing file /Users/omer/Desktop/MLOPS/7day/.env/lib/python3.11/site-packages/airflow/example_dags/example_sla_dag.py for tasks to queue
[2024-09-18T14:53:33.026+0000] {logging_mixin.py:190} INFO - [2024-09-18T14:53:33.026+0000] {dagbag.py:587} INFO - Filling up the DagBag from /Users/omer/Desktop/MLOPS/7day/.env/lib/python3.11/site-packages/airflow/example_dags/example_sla_dag.py
[2024-09-18T14:53:33.036+0000] {processor.py:925} INFO - DAG(s) 'example_sla_dag' retrieved from /Users/omer/Desktop/MLOPS/7day/.env/lib/python3.11/site-packages/airflow/example_dags/example_sla_dag.py
[2024-09-18T14:53:33.062+0000] {logging_mixin.py:190} INFO - [2024-09-18T14:53:33.062+0000] {dag.py:3229} INFO - Sync 1 DAGs
[2024-09-18T14:53:33.088+0000] {logging_mixin.py:190} INFO - [2024-09-18T14:53:33.087+0000] {dag.py:4156} INFO - Setting next_dagrun for example_sla_dag to 2024-09-18 14:50:00+00:00, run_after=2024-09-18 14:52:00+00:00
[2024-09-18T14:53:33.093+0000] {processor.py:208} INFO - Processing /Users/omer/Desktop/MLOPS/7day/.env/lib/python3.11/site-packages/airflow/example_dags/example_sla_dag.py took 0.069 seconds
[2024-09-18T15:21:13.455+0000] {processor.py:186} INFO - Started process (PID=97152) to work on /Users/omer/Desktop/MLOPS/7day/.env/lib/python3.11/site-packages/airflow/example_dags/example_sla_dag.py
[2024-09-18T15:21:13.456+0000] {processor.py:914} INFO - Processing file /Users/omer/Desktop/MLOPS/7day/.env/lib/python3.11/site-packages/airflow/example_dags/example_sla_dag.py for tasks to queue
[2024-09-18T15:21:13.456+0000] {logging_mixin.py:190} INFO - [2024-09-18T15:21:13.456+0000] {dagbag.py:587} INFO - Filling up the DagBag from /Users/omer/Desktop/MLOPS/7day/.env/lib/python3.11/site-packages/airflow/example_dags/example_sla_dag.py
[2024-09-18T15:21:13.467+0000] {processor.py:925} INFO - DAG(s) 'example_sla_dag' retrieved from /Users/omer/Desktop/MLOPS/7day/.env/lib/python3.11/site-packages/airflow/example_dags/example_sla_dag.py
[2024-09-18T15:21:13.494+0000] {logging_mixin.py:190} INFO - [2024-09-18T15:21:13.494+0000] {dag.py:3229} INFO - Sync 1 DAGs
[2024-09-18T15:21:13.523+0000] {logging_mixin.py:190} INFO - [2024-09-18T15:21:13.522+0000] {dag.py:4156} INFO - Setting next_dagrun for example_sla_dag to 2024-09-18 15:18:00+00:00, run_after=2024-09-18 15:20:00+00:00
[2024-09-18T15:21:13.528+0000] {processor.py:208} INFO - Processing /Users/omer/Desktop/MLOPS/7day/.env/lib/python3.11/site-packages/airflow/example_dags/example_sla_dag.py took 0.074 seconds
[2024-09-18T15:22:32.254+0000] {processor.py:186} INFO - Started process (PID=97282) to work on /Users/omer/Desktop/MLOPS/7day/.env/lib/python3.11/site-packages/airflow/example_dags/example_sla_dag.py
[2024-09-18T15:22:32.256+0000] {processor.py:914} INFO - Processing file /Users/omer/Desktop/MLOPS/7day/.env/lib/python3.11/site-packages/airflow/example_dags/example_sla_dag.py for tasks to queue
[2024-09-18T15:22:32.256+0000] {logging_mixin.py:190} INFO - [2024-09-18T15:22:32.256+0000] {dagbag.py:587} INFO - Filling up the DagBag from /Users/omer/Desktop/MLOPS/7day/.env/lib/python3.11/site-packages/airflow/example_dags/example_sla_dag.py
[2024-09-18T15:22:32.266+0000] {processor.py:925} INFO - DAG(s) 'example_sla_dag' retrieved from /Users/omer/Desktop/MLOPS/7day/.env/lib/python3.11/site-packages/airflow/example_dags/example_sla_dag.py
[2024-09-18T15:22:32.291+0000] {logging_mixin.py:190} INFO - [2024-09-18T15:22:32.291+0000] {dag.py:3229} INFO - Sync 1 DAGs
[2024-09-18T15:22:32.317+0000] {logging_mixin.py:190} INFO - [2024-09-18T15:22:32.317+0000] {dag.py:4156} INFO - Setting next_dagrun for example_sla_dag to 2024-09-18 15:20:00+00:00, run_after=2024-09-18 15:22:00+00:00
[2024-09-18T15:22:32.322+0000] {processor.py:208} INFO - Processing /Users/omer/Desktop/MLOPS/7day/.env/lib/python3.11/site-packages/airflow/example_dags/example_sla_dag.py took 0.069 seconds
[2024-09-18T15:25:36.218+0000] {processor.py:186} INFO - Started process (PID=97615) to work on /Users/omer/Desktop/MLOPS/7day/.env/lib/python3.11/site-packages/airflow/example_dags/example_sla_dag.py
[2024-09-18T15:25:36.220+0000] {processor.py:914} INFO - Processing file /Users/omer/Desktop/MLOPS/7day/.env/lib/python3.11/site-packages/airflow/example_dags/example_sla_dag.py for tasks to queue
[2024-09-18T15:25:36.220+0000] {logging_mixin.py:190} INFO - [2024-09-18T15:25:36.220+0000] {dagbag.py:587} INFO - Filling up the DagBag from /Users/omer/Desktop/MLOPS/7day/.env/lib/python3.11/site-packages/airflow/example_dags/example_sla_dag.py
[2024-09-18T15:25:36.230+0000] {processor.py:925} INFO - DAG(s) 'example_sla_dag' retrieved from /Users/omer/Desktop/MLOPS/7day/.env/lib/python3.11/site-packages/airflow/example_dags/example_sla_dag.py
[2024-09-18T15:25:36.255+0000] {logging_mixin.py:190} INFO - [2024-09-18T15:25:36.255+0000] {dag.py:3229} INFO - Sync 1 DAGs
[2024-09-18T15:25:36.281+0000] {logging_mixin.py:190} INFO - [2024-09-18T15:25:36.281+0000] {dag.py:4156} INFO - Setting next_dagrun for example_sla_dag to 2024-09-18 15:22:00+00:00, run_after=2024-09-18 15:24:00+00:00
[2024-09-18T15:25:36.286+0000] {processor.py:208} INFO - Processing /Users/omer/Desktop/MLOPS/7day/.env/lib/python3.11/site-packages/airflow/example_dags/example_sla_dag.py took 0.068 seconds
[2024-09-18T15:26:56.939+0000] {processor.py:186} INFO - Started process (PID=97775) to work on /Users/omer/Desktop/MLOPS/7day/.env/lib/python3.11/site-packages/airflow/example_dags/example_sla_dag.py
[2024-09-18T15:26:56.941+0000] {processor.py:914} INFO - Processing file /Users/omer/Desktop/MLOPS/7day/.env/lib/python3.11/site-packages/airflow/example_dags/example_sla_dag.py for tasks to queue
[2024-09-18T15:26:56.941+0000] {logging_mixin.py:190} INFO - [2024-09-18T15:26:56.941+0000] {dagbag.py:587} INFO - Filling up the DagBag from /Users/omer/Desktop/MLOPS/7day/.env/lib/python3.11/site-packages/airflow/example_dags/example_sla_dag.py
[2024-09-18T15:26:56.952+0000] {processor.py:925} INFO - DAG(s) 'example_sla_dag' retrieved from /Users/omer/Desktop/MLOPS/7day/.env/lib/python3.11/site-packages/airflow/example_dags/example_sla_dag.py
[2024-09-18T15:26:56.978+0000] {logging_mixin.py:190} INFO - [2024-09-18T15:26:56.978+0000] {dag.py:3229} INFO - Sync 1 DAGs
[2024-09-18T15:26:57.005+0000] {logging_mixin.py:190} INFO - [2024-09-18T15:26:57.005+0000] {dag.py:4156} INFO - Setting next_dagrun for example_sla_dag to 2024-09-18 15:24:00+00:00, run_after=2024-09-18 15:26:00+00:00
[2024-09-18T15:26:57.011+0000] {processor.py:208} INFO - Processing /Users/omer/Desktop/MLOPS/7day/.env/lib/python3.11/site-packages/airflow/example_dags/example_sla_dag.py took 0.072 seconds
[2024-09-18T15:28:17.562+0000] {processor.py:186} INFO - Started process (PID=97974) to work on /Users/omer/Desktop/MLOPS/7day/.env/lib/python3.11/site-packages/airflow/example_dags/example_sla_dag.py
[2024-09-18T15:28:17.564+0000] {processor.py:914} INFO - Processing file /Users/omer/Desktop/MLOPS/7day/.env/lib/python3.11/site-packages/airflow/example_dags/example_sla_dag.py for tasks to queue
[2024-09-18T15:28:17.564+0000] {logging_mixin.py:190} INFO - [2024-09-18T15:28:17.564+0000] {dagbag.py:587} INFO - Filling up the DagBag from /Users/omer/Desktop/MLOPS/7day/.env/lib/python3.11/site-packages/airflow/example_dags/example_sla_dag.py
[2024-09-18T15:28:17.575+0000] {processor.py:925} INFO - DAG(s) 'example_sla_dag' retrieved from /Users/omer/Desktop/MLOPS/7day/.env/lib/python3.11/site-packages/airflow/example_dags/example_sla_dag.py
[2024-09-18T15:28:17.601+0000] {logging_mixin.py:190} INFO - [2024-09-18T15:28:17.601+0000] {dag.py:3229} INFO - Sync 1 DAGs
[2024-09-18T15:28:17.628+0000] {logging_mixin.py:190} INFO - [2024-09-18T15:28:17.628+0000] {dag.py:4156} INFO - Setting next_dagrun for example_sla_dag to 2024-09-18 15:26:00+00:00, run_after=2024-09-18 15:28:00+00:00
[2024-09-18T15:28:17.633+0000] {processor.py:208} INFO - Processing /Users/omer/Desktop/MLOPS/7day/.env/lib/python3.11/site-packages/airflow/example_dags/example_sla_dag.py took 0.071 seconds
[2024-09-18T15:29:55.529+0000] {processor.py:186} INFO - Started process (PID=98211) to work on /Users/omer/Desktop/MLOPS/7day/.env/lib/python3.11/site-packages/airflow/example_dags/example_sla_dag.py
[2024-09-18T15:29:55.530+0000] {processor.py:914} INFO - Processing file /Users/omer/Desktop/MLOPS/7day/.env/lib/python3.11/site-packages/airflow/example_dags/example_sla_dag.py for tasks to queue
[2024-09-18T15:29:55.531+0000] {logging_mixin.py:190} INFO - [2024-09-18T15:29:55.531+0000] {dagbag.py:587} INFO - Filling up the DagBag from /Users/omer/Desktop/MLOPS/7day/.env/lib/python3.11/site-packages/airflow/example_dags/example_sla_dag.py
[2024-09-18T15:29:55.542+0000] {processor.py:925} INFO - DAG(s) 'example_sla_dag' retrieved from /Users/omer/Desktop/MLOPS/7day/.env/lib/python3.11/site-packages/airflow/example_dags/example_sla_dag.py
[2024-09-18T15:29:55.569+0000] {logging_mixin.py:190} INFO - [2024-09-18T15:29:55.569+0000] {dag.py:3229} INFO - Sync 1 DAGs
[2024-09-18T15:29:55.598+0000] {logging_mixin.py:190} INFO - [2024-09-18T15:29:55.597+0000] {dag.py:4156} INFO - Setting next_dagrun for example_sla_dag to 2024-09-18 15:26:00+00:00, run_after=2024-09-18 15:28:00+00:00
[2024-09-18T15:29:55.603+0000] {processor.py:208} INFO - Processing /Users/omer/Desktop/MLOPS/7day/.env/lib/python3.11/site-packages/airflow/example_dags/example_sla_dag.py took 0.075 seconds
[2024-09-18T15:31:32.201+0000] {processor.py:186} INFO - Started process (PID=98495) to work on /Users/omer/Desktop/MLOPS/7day/.env/lib/python3.11/site-packages/airflow/example_dags/example_sla_dag.py
[2024-09-18T15:31:32.201+0000] {processor.py:914} INFO - Processing file /Users/omer/Desktop/MLOPS/7day/.env/lib/python3.11/site-packages/airflow/example_dags/example_sla_dag.py for tasks to queue
[2024-09-18T15:31:32.202+0000] {logging_mixin.py:190} INFO - [2024-09-18T15:31:32.201+0000] {dagbag.py:587} INFO - Filling up the DagBag from /Users/omer/Desktop/MLOPS/7day/.env/lib/python3.11/site-packages/airflow/example_dags/example_sla_dag.py
[2024-09-18T15:31:32.213+0000] {processor.py:925} INFO - DAG(s) 'example_sla_dag' retrieved from /Users/omer/Desktop/MLOPS/7day/.env/lib/python3.11/site-packages/airflow/example_dags/example_sla_dag.py
[2024-09-18T15:31:32.242+0000] {logging_mixin.py:190} INFO - [2024-09-18T15:31:32.242+0000] {dag.py:3229} INFO - Sync 1 DAGs
[2024-09-18T15:31:32.270+0000] {logging_mixin.py:190} INFO - [2024-09-18T15:31:32.270+0000] {dag.py:4156} INFO - Setting next_dagrun for example_sla_dag to 2024-09-18 15:28:00+00:00, run_after=2024-09-18 15:30:00+00:00
[2024-09-18T15:31:32.276+0000] {processor.py:208} INFO - Processing /Users/omer/Desktop/MLOPS/7day/.env/lib/python3.11/site-packages/airflow/example_dags/example_sla_dag.py took 0.076 seconds
[2024-09-18T15:33:22.962+0000] {processor.py:186} INFO - Started process (PID=98798) to work on /Users/omer/Desktop/MLOPS/7day/.env/lib/python3.11/site-packages/airflow/example_dags/example_sla_dag.py
[2024-09-18T15:33:22.963+0000] {processor.py:914} INFO - Processing file /Users/omer/Desktop/MLOPS/7day/.env/lib/python3.11/site-packages/airflow/example_dags/example_sla_dag.py for tasks to queue
[2024-09-18T15:33:22.964+0000] {logging_mixin.py:190} INFO - [2024-09-18T15:33:22.964+0000] {dagbag.py:587} INFO - Filling up the DagBag from /Users/omer/Desktop/MLOPS/7day/.env/lib/python3.11/site-packages/airflow/example_dags/example_sla_dag.py
[2024-09-18T15:33:22.976+0000] {processor.py:925} INFO - DAG(s) 'example_sla_dag' retrieved from /Users/omer/Desktop/MLOPS/7day/.env/lib/python3.11/site-packages/airflow/example_dags/example_sla_dag.py
[2024-09-18T15:33:23.003+0000] {logging_mixin.py:190} INFO - [2024-09-18T15:33:23.003+0000] {dag.py:3229} INFO - Sync 1 DAGs
[2024-09-18T15:33:23.039+0000] {logging_mixin.py:190} INFO - [2024-09-18T15:33:23.039+0000] {dag.py:4156} INFO - Setting next_dagrun for example_sla_dag to 2024-09-18 15:30:00+00:00, run_after=2024-09-18 15:32:00+00:00
[2024-09-18T15:33:23.044+0000] {processor.py:208} INFO - Processing /Users/omer/Desktop/MLOPS/7day/.env/lib/python3.11/site-packages/airflow/example_dags/example_sla_dag.py took 0.083 seconds
[2024-09-18T15:34:33.971+0000] {processor.py:186} INFO - Started process (PID=98954) to work on /Users/omer/Desktop/MLOPS/7day/.env/lib/python3.11/site-packages/airflow/example_dags/example_sla_dag.py
[2024-09-18T15:34:33.972+0000] {processor.py:914} INFO - Processing file /Users/omer/Desktop/MLOPS/7day/.env/lib/python3.11/site-packages/airflow/example_dags/example_sla_dag.py for tasks to queue
[2024-09-18T15:34:33.972+0000] {logging_mixin.py:190} INFO - [2024-09-18T15:34:33.972+0000] {dagbag.py:587} INFO - Filling up the DagBag from /Users/omer/Desktop/MLOPS/7day/.env/lib/python3.11/site-packages/airflow/example_dags/example_sla_dag.py
[2024-09-18T15:34:33.983+0000] {processor.py:925} INFO - DAG(s) 'example_sla_dag' retrieved from /Users/omer/Desktop/MLOPS/7day/.env/lib/python3.11/site-packages/airflow/example_dags/example_sla_dag.py
[2024-09-18T15:34:34.008+0000] {logging_mixin.py:190} INFO - [2024-09-18T15:34:34.008+0000] {dag.py:3229} INFO - Sync 1 DAGs
[2024-09-18T15:34:34.034+0000] {logging_mixin.py:190} INFO - [2024-09-18T15:34:34.034+0000] {dag.py:4156} INFO - Setting next_dagrun for example_sla_dag to 2024-09-18 15:32:00+00:00, run_after=2024-09-18 15:34:00+00:00
[2024-09-18T15:34:34.039+0000] {processor.py:208} INFO - Processing /Users/omer/Desktop/MLOPS/7day/.env/lib/python3.11/site-packages/airflow/example_dags/example_sla_dag.py took 0.069 seconds
[2024-09-18T15:35:54.986+0000] {processor.py:186} INFO - Started process (PID=99120) to work on /Users/omer/Desktop/MLOPS/7day/.env/lib/python3.11/site-packages/airflow/example_dags/example_sla_dag.py
[2024-09-18T15:35:54.986+0000] {processor.py:914} INFO - Processing file /Users/omer/Desktop/MLOPS/7day/.env/lib/python3.11/site-packages/airflow/example_dags/example_sla_dag.py for tasks to queue
[2024-09-18T15:35:54.987+0000] {logging_mixin.py:190} INFO - [2024-09-18T15:35:54.987+0000] {dagbag.py:587} INFO - Filling up the DagBag from /Users/omer/Desktop/MLOPS/7day/.env/lib/python3.11/site-packages/airflow/example_dags/example_sla_dag.py
[2024-09-18T15:35:54.997+0000] {processor.py:925} INFO - DAG(s) 'example_sla_dag' retrieved from /Users/omer/Desktop/MLOPS/7day/.env/lib/python3.11/site-packages/airflow/example_dags/example_sla_dag.py
[2024-09-18T15:35:55.023+0000] {logging_mixin.py:190} INFO - [2024-09-18T15:35:55.023+0000] {dag.py:3229} INFO - Sync 1 DAGs
[2024-09-18T15:35:55.049+0000] {logging_mixin.py:190} INFO - [2024-09-18T15:35:55.049+0000] {dag.py:4156} INFO - Setting next_dagrun for example_sla_dag to 2024-09-18 15:32:00+00:00, run_after=2024-09-18 15:34:00+00:00
[2024-09-18T15:35:55.055+0000] {processor.py:208} INFO - Processing /Users/omer/Desktop/MLOPS/7day/.env/lib/python3.11/site-packages/airflow/example_dags/example_sla_dag.py took 0.070 seconds
