[2024-09-18T14:49:39.569+0000] {processor.py:186} INFO - Started process (PID=94052) to work on /Users/omer/Desktop/MLOPS/7day/.env/lib/python3.11/site-packages/airflow/example_dags/example_branch_labels.py
[2024-09-18T14:49:39.570+0000] {processor.py:914} INFO - Processing file /Users/omer/Desktop/MLOPS/7day/.env/lib/python3.11/site-packages/airflow/example_dags/example_branch_labels.py for tasks to queue
[2024-09-18T14:49:39.570+0000] {logging_mixin.py:190} INFO - [2024-09-18T14:49:39.570+0000] {dagbag.py:587} INFO - Filling up the DagBag from /Users/omer/Desktop/MLOPS/7day/.env/lib/python3.11/site-packages/airflow/example_dags/example_branch_labels.py
[2024-09-18T14:49:39.573+0000] {processor.py:925} INFO - DAG(s) 'example_branch_labels' retrieved from /Users/omer/Desktop/MLOPS/7day/.env/lib/python3.11/site-packages/airflow/example_dags/example_branch_labels.py
[2024-09-18T14:49:39.642+0000] {logging_mixin.py:190} INFO - [2024-09-18T14:49:39.642+0000] {override.py:1900} INFO - Created Permission View: can read on DAG:example_branch_labels
[2024-09-18T14:49:39.644+0000] {logging_mixin.py:190} INFO - [2024-09-18T14:49:39.644+0000] {override.py:1900} INFO - Created Permission View: can delete on DAG:example_branch_labels
[2024-09-18T14:49:39.645+0000] {logging_mixin.py:190} INFO - [2024-09-18T14:49:39.645+0000] {override.py:1900} INFO - Created Permission View: can edit on DAG:example_branch_labels
[2024-09-18T14:49:39.647+0000] {logging_mixin.py:190} INFO - [2024-09-18T14:49:39.647+0000] {override.py:1900} INFO - Created Permission View: can read on DAG Run:example_branch_labels
[2024-09-18T14:49:39.649+0000] {logging_mixin.py:190} INFO - [2024-09-18T14:49:39.649+0000] {override.py:1900} INFO - Created Permission View: can create on DAG Run:example_branch_labels
[2024-09-18T14:49:39.651+0000] {logging_mixin.py:190} INFO - [2024-09-18T14:49:39.651+0000] {override.py:1900} INFO - Created Permission View: can delete on DAG Run:example_branch_labels
[2024-09-18T14:49:39.652+0000] {logging_mixin.py:190} INFO - [2024-09-18T14:49:39.652+0000] {override.py:1900} INFO - Created Permission View: menu access on DAG Run:example_branch_labels
[2024-09-18T14:49:39.652+0000] {logging_mixin.py:190} INFO - [2024-09-18T14:49:39.652+0000] {dag.py:3229} INFO - Sync 1 DAGs
[2024-09-18T14:49:39.656+0000] {logging_mixin.py:190} INFO - [2024-09-18T14:49:39.656+0000] {dag.py:3252} INFO - Creating ORM DAG for example_branch_labels
[2024-09-18T14:49:39.658+0000] {logging_mixin.py:190} INFO - [2024-09-18T14:49:39.658+0000] {dag.py:4156} INFO - Setting next_dagrun for example_branch_labels to 2024-09-17 00:00:00+00:00, run_after=2024-09-18 00:00:00+00:00
[2024-09-18T14:49:39.662+0000] {processor.py:208} INFO - Processing /Users/omer/Desktop/MLOPS/7day/.env/lib/python3.11/site-packages/airflow/example_dags/example_branch_labels.py took 0.094 seconds
[2024-09-18T14:51:18.114+0000] {processor.py:186} INFO - Started process (PID=94302) to work on /Users/omer/Desktop/MLOPS/7day/.env/lib/python3.11/site-packages/airflow/example_dags/example_branch_labels.py
[2024-09-18T14:51:18.115+0000] {processor.py:914} INFO - Processing file /Users/omer/Desktop/MLOPS/7day/.env/lib/python3.11/site-packages/airflow/example_dags/example_branch_labels.py for tasks to queue
[2024-09-18T14:51:18.115+0000] {logging_mixin.py:190} INFO - [2024-09-18T14:51:18.115+0000] {dagbag.py:587} INFO - Filling up the DagBag from /Users/omer/Desktop/MLOPS/7day/.env/lib/python3.11/site-packages/airflow/example_dags/example_branch_labels.py
[2024-09-18T14:51:18.118+0000] {processor.py:925} INFO - DAG(s) 'example_branch_labels' retrieved from /Users/omer/Desktop/MLOPS/7day/.env/lib/python3.11/site-packages/airflow/example_dags/example_branch_labels.py
[2024-09-18T14:51:18.147+0000] {logging_mixin.py:190} INFO - [2024-09-18T14:51:18.147+0000] {dag.py:3229} INFO - Sync 1 DAGs
[2024-09-18T14:51:18.153+0000] {logging_mixin.py:190} INFO - [2024-09-18T14:51:18.153+0000] {dag.py:4156} INFO - Setting next_dagrun for example_branch_labels to 2024-09-17 00:00:00+00:00, run_after=2024-09-18 00:00:00+00:00
[2024-09-18T14:51:18.159+0000] {processor.py:208} INFO - Processing /Users/omer/Desktop/MLOPS/7day/.env/lib/python3.11/site-packages/airflow/example_dags/example_branch_labels.py took 0.045 seconds
[2024-09-18T14:53:00.001+0000] {processor.py:186} INFO - Started process (PID=94525) to work on /Users/omer/Desktop/MLOPS/7day/.env/lib/python3.11/site-packages/airflow/example_dags/example_branch_labels.py
[2024-09-18T14:53:00.002+0000] {processor.py:914} INFO - Processing file /Users/omer/Desktop/MLOPS/7day/.env/lib/python3.11/site-packages/airflow/example_dags/example_branch_labels.py for tasks to queue
[2024-09-18T14:53:00.003+0000] {logging_mixin.py:190} INFO - [2024-09-18T14:53:00.002+0000] {dagbag.py:587} INFO - Filling up the DagBag from /Users/omer/Desktop/MLOPS/7day/.env/lib/python3.11/site-packages/airflow/example_dags/example_branch_labels.py
[2024-09-18T14:53:00.005+0000] {processor.py:925} INFO - DAG(s) 'example_branch_labels' retrieved from /Users/omer/Desktop/MLOPS/7day/.env/lib/python3.11/site-packages/airflow/example_dags/example_branch_labels.py
[2024-09-18T14:53:00.032+0000] {logging_mixin.py:190} INFO - [2024-09-18T14:53:00.031+0000] {dag.py:3229} INFO - Sync 1 DAGs
[2024-09-18T14:53:00.037+0000] {logging_mixin.py:190} INFO - [2024-09-18T14:53:00.036+0000] {dag.py:4156} INFO - Setting next_dagrun for example_branch_labels to 2024-09-17 00:00:00+00:00, run_after=2024-09-18 00:00:00+00:00
[2024-09-18T14:53:00.041+0000] {processor.py:208} INFO - Processing /Users/omer/Desktop/MLOPS/7day/.env/lib/python3.11/site-packages/airflow/example_dags/example_branch_labels.py took 0.041 seconds
[2024-09-18T14:54:38.710+0000] {processor.py:186} INFO - Started process (PID=94694) to work on /Users/omer/Desktop/MLOPS/7day/.env/lib/python3.11/site-packages/airflow/example_dags/example_branch_labels.py
[2024-09-18T14:54:38.712+0000] {processor.py:914} INFO - Processing file /Users/omer/Desktop/MLOPS/7day/.env/lib/python3.11/site-packages/airflow/example_dags/example_branch_labels.py for tasks to queue
[2024-09-18T14:54:38.712+0000] {logging_mixin.py:190} INFO - [2024-09-18T14:54:38.712+0000] {dagbag.py:587} INFO - Filling up the DagBag from /Users/omer/Desktop/MLOPS/7day/.env/lib/python3.11/site-packages/airflow/example_dags/example_branch_labels.py
[2024-09-18T14:54:38.715+0000] {processor.py:925} INFO - DAG(s) 'example_branch_labels' retrieved from /Users/omer/Desktop/MLOPS/7day/.env/lib/python3.11/site-packages/airflow/example_dags/example_branch_labels.py
[2024-09-18T14:54:38.741+0000] {logging_mixin.py:190} INFO - [2024-09-18T14:54:38.741+0000] {dag.py:3229} INFO - Sync 1 DAGs
[2024-09-18T14:54:38.747+0000] {logging_mixin.py:190} INFO - [2024-09-18T14:54:38.746+0000] {dag.py:4156} INFO - Setting next_dagrun for example_branch_labels to 2024-09-17 00:00:00+00:00, run_after=2024-09-18 00:00:00+00:00
[2024-09-18T14:54:38.752+0000] {processor.py:208} INFO - Processing /Users/omer/Desktop/MLOPS/7day/.env/lib/python3.11/site-packages/airflow/example_dags/example_branch_labels.py took 0.042 seconds
[2024-09-18T15:21:58.496+0000] {processor.py:186} INFO - Started process (PID=97221) to work on /Users/omer/Desktop/MLOPS/7day/.env/lib/python3.11/site-packages/airflow/example_dags/example_branch_labels.py
[2024-09-18T15:21:58.497+0000] {processor.py:914} INFO - Processing file /Users/omer/Desktop/MLOPS/7day/.env/lib/python3.11/site-packages/airflow/example_dags/example_branch_labels.py for tasks to queue
[2024-09-18T15:21:58.498+0000] {logging_mixin.py:190} INFO - [2024-09-18T15:21:58.497+0000] {dagbag.py:587} INFO - Filling up the DagBag from /Users/omer/Desktop/MLOPS/7day/.env/lib/python3.11/site-packages/airflow/example_dags/example_branch_labels.py
[2024-09-18T15:21:58.500+0000] {processor.py:925} INFO - DAG(s) 'example_branch_labels' retrieved from /Users/omer/Desktop/MLOPS/7day/.env/lib/python3.11/site-packages/airflow/example_dags/example_branch_labels.py
[2024-09-18T15:21:58.528+0000] {logging_mixin.py:190} INFO - [2024-09-18T15:21:58.527+0000] {dag.py:3229} INFO - Sync 1 DAGs
[2024-09-18T15:21:58.533+0000] {logging_mixin.py:190} INFO - [2024-09-18T15:21:58.533+0000] {dag.py:4156} INFO - Setting next_dagrun for example_branch_labels to 2024-09-17 00:00:00+00:00, run_after=2024-09-18 00:00:00+00:00
[2024-09-18T15:21:58.538+0000] {processor.py:208} INFO - Processing /Users/omer/Desktop/MLOPS/7day/.env/lib/python3.11/site-packages/airflow/example_dags/example_branch_labels.py took 0.043 seconds
[2024-09-18T15:27:43.088+0000] {processor.py:186} INFO - Started process (PID=97852) to work on /Users/omer/Desktop/MLOPS/7day/.env/lib/python3.11/site-packages/airflow/example_dags/example_branch_labels.py
[2024-09-18T15:27:43.089+0000] {processor.py:914} INFO - Processing file /Users/omer/Desktop/MLOPS/7day/.env/lib/python3.11/site-packages/airflow/example_dags/example_branch_labels.py for tasks to queue
[2024-09-18T15:27:43.089+0000] {logging_mixin.py:190} INFO - [2024-09-18T15:27:43.089+0000] {dagbag.py:587} INFO - Filling up the DagBag from /Users/omer/Desktop/MLOPS/7day/.env/lib/python3.11/site-packages/airflow/example_dags/example_branch_labels.py
[2024-09-18T15:27:43.092+0000] {processor.py:925} INFO - DAG(s) 'example_branch_labels' retrieved from /Users/omer/Desktop/MLOPS/7day/.env/lib/python3.11/site-packages/airflow/example_dags/example_branch_labels.py
[2024-09-18T15:27:43.119+0000] {logging_mixin.py:190} INFO - [2024-09-18T15:27:43.119+0000] {dag.py:3229} INFO - Sync 1 DAGs
[2024-09-18T15:27:43.124+0000] {logging_mixin.py:190} INFO - [2024-09-18T15:27:43.124+0000] {dag.py:4156} INFO - Setting next_dagrun for example_branch_labels to 2024-09-17 00:00:00+00:00, run_after=2024-09-18 00:00:00+00:00
[2024-09-18T15:27:43.129+0000] {processor.py:208} INFO - Processing /Users/omer/Desktop/MLOPS/7day/.env/lib/python3.11/site-packages/airflow/example_dags/example_branch_labels.py took 0.042 seconds
[2024-09-18T15:29:23.636+0000] {processor.py:186} INFO - Started process (PID=98118) to work on /Users/omer/Desktop/MLOPS/7day/.env/lib/python3.11/site-packages/airflow/example_dags/example_branch_labels.py
[2024-09-18T15:29:23.637+0000] {processor.py:914} INFO - Processing file /Users/omer/Desktop/MLOPS/7day/.env/lib/python3.11/site-packages/airflow/example_dags/example_branch_labels.py for tasks to queue
[2024-09-18T15:29:23.637+0000] {logging_mixin.py:190} INFO - [2024-09-18T15:29:23.637+0000] {dagbag.py:587} INFO - Filling up the DagBag from /Users/omer/Desktop/MLOPS/7day/.env/lib/python3.11/site-packages/airflow/example_dags/example_branch_labels.py
[2024-09-18T15:29:23.640+0000] {processor.py:925} INFO - DAG(s) 'example_branch_labels' retrieved from /Users/omer/Desktop/MLOPS/7day/.env/lib/python3.11/site-packages/airflow/example_dags/example_branch_labels.py
[2024-09-18T15:29:23.667+0000] {logging_mixin.py:190} INFO - [2024-09-18T15:29:23.667+0000] {dag.py:3229} INFO - Sync 1 DAGs
[2024-09-18T15:29:23.672+0000] {logging_mixin.py:190} INFO - [2024-09-18T15:29:23.672+0000] {dag.py:4156} INFO - Setting next_dagrun for example_branch_labels to 2024-09-17 00:00:00+00:00, run_after=2024-09-18 00:00:00+00:00
[2024-09-18T15:29:23.677+0000] {processor.py:208} INFO - Processing /Users/omer/Desktop/MLOPS/7day/.env/lib/python3.11/site-packages/airflow/example_dags/example_branch_labels.py took 0.042 seconds
[2024-09-18T15:31:01.915+0000] {processor.py:186} INFO - Started process (PID=98389) to work on /Users/omer/Desktop/MLOPS/7day/.env/lib/python3.11/site-packages/airflow/example_dags/example_branch_labels.py
[2024-09-18T15:31:01.917+0000] {processor.py:914} INFO - Processing file /Users/omer/Desktop/MLOPS/7day/.env/lib/python3.11/site-packages/airflow/example_dags/example_branch_labels.py for tasks to queue
[2024-09-18T15:31:01.917+0000] {logging_mixin.py:190} INFO - [2024-09-18T15:31:01.917+0000] {dagbag.py:587} INFO - Filling up the DagBag from /Users/omer/Desktop/MLOPS/7day/.env/lib/python3.11/site-packages/airflow/example_dags/example_branch_labels.py
[2024-09-18T15:31:01.920+0000] {processor.py:925} INFO - DAG(s) 'example_branch_labels' retrieved from /Users/omer/Desktop/MLOPS/7day/.env/lib/python3.11/site-packages/airflow/example_dags/example_branch_labels.py
[2024-09-18T15:31:01.947+0000] {logging_mixin.py:190} INFO - [2024-09-18T15:31:01.947+0000] {dag.py:3229} INFO - Sync 1 DAGs
[2024-09-18T15:31:01.952+0000] {logging_mixin.py:190} INFO - [2024-09-18T15:31:01.952+0000] {dag.py:4156} INFO - Setting next_dagrun for example_branch_labels to 2024-09-17 00:00:00+00:00, run_after=2024-09-18 00:00:00+00:00
[2024-09-18T15:31:01.957+0000] {processor.py:208} INFO - Processing /Users/omer/Desktop/MLOPS/7day/.env/lib/python3.11/site-packages/airflow/example_dags/example_branch_labels.py took 0.043 seconds
[2024-09-18T15:32:39.288+0000] {processor.py:186} INFO - Started process (PID=98683) to work on /Users/omer/Desktop/MLOPS/7day/.env/lib/python3.11/site-packages/airflow/example_dags/example_branch_labels.py
[2024-09-18T15:32:39.289+0000] {processor.py:914} INFO - Processing file /Users/omer/Desktop/MLOPS/7day/.env/lib/python3.11/site-packages/airflow/example_dags/example_branch_labels.py for tasks to queue
[2024-09-18T15:32:39.289+0000] {logging_mixin.py:190} INFO - [2024-09-18T15:32:39.289+0000] {dagbag.py:587} INFO - Filling up the DagBag from /Users/omer/Desktop/MLOPS/7day/.env/lib/python3.11/site-packages/airflow/example_dags/example_branch_labels.py
[2024-09-18T15:32:39.292+0000] {processor.py:925} INFO - DAG(s) 'example_branch_labels' retrieved from /Users/omer/Desktop/MLOPS/7day/.env/lib/python3.11/site-packages/airflow/example_dags/example_branch_labels.py
[2024-09-18T15:32:39.319+0000] {logging_mixin.py:190} INFO - [2024-09-18T15:32:39.319+0000] {dag.py:3229} INFO - Sync 1 DAGs
[2024-09-18T15:32:39.325+0000] {logging_mixin.py:190} INFO - [2024-09-18T15:32:39.325+0000] {dag.py:4156} INFO - Setting next_dagrun for example_branch_labels to 2024-09-17 00:00:00+00:00, run_after=2024-09-18 00:00:00+00:00
[2024-09-18T15:32:39.330+0000] {processor.py:208} INFO - Processing /Users/omer/Desktop/MLOPS/7day/.env/lib/python3.11/site-packages/airflow/example_dags/example_branch_labels.py took 0.043 seconds
[2024-09-18T15:35:19.891+0000] {processor.py:186} INFO - Started process (PID=99055) to work on /Users/omer/Desktop/MLOPS/7day/.env/lib/python3.11/site-packages/airflow/example_dags/example_branch_labels.py
[2024-09-18T15:35:19.892+0000] {processor.py:914} INFO - Processing file /Users/omer/Desktop/MLOPS/7day/.env/lib/python3.11/site-packages/airflow/example_dags/example_branch_labels.py for tasks to queue
[2024-09-18T15:35:19.892+0000] {logging_mixin.py:190} INFO - [2024-09-18T15:35:19.892+0000] {dagbag.py:587} INFO - Filling up the DagBag from /Users/omer/Desktop/MLOPS/7day/.env/lib/python3.11/site-packages/airflow/example_dags/example_branch_labels.py
[2024-09-18T15:35:19.895+0000] {processor.py:925} INFO - DAG(s) 'example_branch_labels' retrieved from /Users/omer/Desktop/MLOPS/7day/.env/lib/python3.11/site-packages/airflow/example_dags/example_branch_labels.py
[2024-09-18T15:35:19.922+0000] {logging_mixin.py:190} INFO - [2024-09-18T15:35:19.922+0000] {dag.py:3229} INFO - Sync 1 DAGs
[2024-09-18T15:35:19.927+0000] {logging_mixin.py:190} INFO - [2024-09-18T15:35:19.927+0000] {dag.py:4156} INFO - Setting next_dagrun for example_branch_labels to 2024-09-17 00:00:00+00:00, run_after=2024-09-18 00:00:00+00:00
[2024-09-18T15:35:19.932+0000] {processor.py:208} INFO - Processing /Users/omer/Desktop/MLOPS/7day/.env/lib/python3.11/site-packages/airflow/example_dags/example_branch_labels.py took 0.042 seconds
