[2024-09-18T14:48:49.164+0000] {processor.py:186} INFO - Started process (PID=93887) to work on /Users/omer/Desktop/MLOPS/7day/.env/lib/python3.11/site-packages/airflow/example_dags/example_task_group_decorator.py
[2024-09-18T14:48:49.164+0000] {processor.py:914} INFO - Processing file /Users/omer/Desktop/MLOPS/7day/.env/lib/python3.11/site-packages/airflow/example_dags/example_task_group_decorator.py for tasks to queue
[2024-09-18T14:48:49.164+0000] {logging_mixin.py:190} INFO - [2024-09-18T14:48:49.164+0000] {dagbag.py:587} INFO - Filling up the DagBag from /Users/omer/Desktop/MLOPS/7day/.env/lib/python3.11/site-packages/airflow/example_dags/example_task_group_decorator.py
[2024-09-18T14:48:49.177+0000] {processor.py:925} INFO - DAG(s) 'example_task_group_decorator' retrieved from /Users/omer/Desktop/MLOPS/7day/.env/lib/python3.11/site-packages/airflow/example_dags/example_task_group_decorator.py
[2024-09-18T14:48:49.245+0000] {logging_mixin.py:190} INFO - [2024-09-18T14:48:49.245+0000] {override.py:1900} INFO - Created Permission View: can edit on DAG:example_task_group_decorator
[2024-09-18T14:48:49.248+0000] {logging_mixin.py:190} INFO - [2024-09-18T14:48:49.248+0000] {override.py:1900} INFO - Created Permission View: can read on DAG:example_task_group_decorator
[2024-09-18T14:48:49.249+0000] {logging_mixin.py:190} INFO - [2024-09-18T14:48:49.249+0000] {override.py:1900} INFO - Created Permission View: can delete on DAG:example_task_group_decorator
[2024-09-18T14:48:49.251+0000] {logging_mixin.py:190} INFO - [2024-09-18T14:48:49.251+0000] {override.py:1900} INFO - Created Permission View: menu access on DAG Run:example_task_group_decorator
[2024-09-18T14:48:49.253+0000] {logging_mixin.py:190} INFO - [2024-09-18T14:48:49.253+0000] {override.py:1900} INFO - Created Permission View: can create on DAG Run:example_task_group_decorator
[2024-09-18T14:48:49.254+0000] {logging_mixin.py:190} INFO - [2024-09-18T14:48:49.254+0000] {override.py:1900} INFO - Created Permission View: can read on DAG Run:example_task_group_decorator
[2024-09-18T14:48:49.255+0000] {logging_mixin.py:190} INFO - [2024-09-18T14:48:49.255+0000] {override.py:1900} INFO - Created Permission View: can delete on DAG Run:example_task_group_decorator
[2024-09-18T14:48:49.255+0000] {logging_mixin.py:190} INFO - [2024-09-18T14:48:49.255+0000] {dag.py:3229} INFO - Sync 1 DAGs
[2024-09-18T14:48:49.259+0000] {logging_mixin.py:190} INFO - [2024-09-18T14:48:49.259+0000] {dag.py:3252} INFO - Creating ORM DAG for example_task_group_decorator
[2024-09-18T14:48:49.259+0000] {logging_mixin.py:190} INFO - [2024-09-18T14:48:49.259+0000] {dag.py:4156} INFO - Setting next_dagrun for example_task_group_decorator to None, run_after=None
[2024-09-18T14:48:49.263+0000] {processor.py:208} INFO - Processing /Users/omer/Desktop/MLOPS/7day/.env/lib/python3.11/site-packages/airflow/example_dags/example_task_group_decorator.py took 0.100 seconds
[2024-09-18T14:50:09.566+0000] {processor.py:186} INFO - Started process (PID=94138) to work on /Users/omer/Desktop/MLOPS/7day/.env/lib/python3.11/site-packages/airflow/example_dags/example_task_group_decorator.py
[2024-09-18T14:50:09.567+0000] {processor.py:914} INFO - Processing file /Users/omer/Desktop/MLOPS/7day/.env/lib/python3.11/site-packages/airflow/example_dags/example_task_group_decorator.py for tasks to queue
[2024-09-18T14:50:09.567+0000] {logging_mixin.py:190} INFO - [2024-09-18T14:50:09.567+0000] {dagbag.py:587} INFO - Filling up the DagBag from /Users/omer/Desktop/MLOPS/7day/.env/lib/python3.11/site-packages/airflow/example_dags/example_task_group_decorator.py
[2024-09-18T14:50:09.580+0000] {processor.py:925} INFO - DAG(s) 'example_task_group_decorator' retrieved from /Users/omer/Desktop/MLOPS/7day/.env/lib/python3.11/site-packages/airflow/example_dags/example_task_group_decorator.py
[2024-09-18T14:50:09.606+0000] {logging_mixin.py:190} INFO - [2024-09-18T14:50:09.606+0000] {dag.py:3229} INFO - Sync 1 DAGs
[2024-09-18T14:50:09.628+0000] {logging_mixin.py:190} INFO - [2024-09-18T14:50:09.628+0000] {dag.py:4156} INFO - Setting next_dagrun for example_task_group_decorator to None, run_after=None
[2024-09-18T14:50:09.635+0000] {processor.py:208} INFO - Processing /Users/omer/Desktop/MLOPS/7day/.env/lib/python3.11/site-packages/airflow/example_dags/example_task_group_decorator.py took 0.070 seconds
[2024-09-18T14:51:47.870+0000] {processor.py:186} INFO - Started process (PID=94386) to work on /Users/omer/Desktop/MLOPS/7day/.env/lib/python3.11/site-packages/airflow/example_dags/example_task_group_decorator.py
[2024-09-18T14:51:47.871+0000] {processor.py:914} INFO - Processing file /Users/omer/Desktop/MLOPS/7day/.env/lib/python3.11/site-packages/airflow/example_dags/example_task_group_decorator.py for tasks to queue
[2024-09-18T14:51:47.871+0000] {logging_mixin.py:190} INFO - [2024-09-18T14:51:47.871+0000] {dagbag.py:587} INFO - Filling up the DagBag from /Users/omer/Desktop/MLOPS/7day/.env/lib/python3.11/site-packages/airflow/example_dags/example_task_group_decorator.py
[2024-09-18T14:51:47.883+0000] {processor.py:925} INFO - DAG(s) 'example_task_group_decorator' retrieved from /Users/omer/Desktop/MLOPS/7day/.env/lib/python3.11/site-packages/airflow/example_dags/example_task_group_decorator.py
[2024-09-18T14:51:47.910+0000] {logging_mixin.py:190} INFO - [2024-09-18T14:51:47.909+0000] {dag.py:3229} INFO - Sync 1 DAGs
[2024-09-18T14:51:47.934+0000] {logging_mixin.py:190} INFO - [2024-09-18T14:51:47.934+0000] {dag.py:4156} INFO - Setting next_dagrun for example_task_group_decorator to None, run_after=None
[2024-09-18T14:51:47.939+0000] {processor.py:208} INFO - Processing /Users/omer/Desktop/MLOPS/7day/.env/lib/python3.11/site-packages/airflow/example_dags/example_task_group_decorator.py took 0.071 seconds
[2024-09-18T14:53:28.188+0000] {processor.py:186} INFO - Started process (PID=94565) to work on /Users/omer/Desktop/MLOPS/7day/.env/lib/python3.11/site-packages/airflow/example_dags/example_task_group_decorator.py
[2024-09-18T14:53:28.189+0000] {processor.py:914} INFO - Processing file /Users/omer/Desktop/MLOPS/7day/.env/lib/python3.11/site-packages/airflow/example_dags/example_task_group_decorator.py for tasks to queue
[2024-09-18T14:53:28.190+0000] {logging_mixin.py:190} INFO - [2024-09-18T14:53:28.190+0000] {dagbag.py:587} INFO - Filling up the DagBag from /Users/omer/Desktop/MLOPS/7day/.env/lib/python3.11/site-packages/airflow/example_dags/example_task_group_decorator.py
[2024-09-18T14:53:28.202+0000] {processor.py:925} INFO - DAG(s) 'example_task_group_decorator' retrieved from /Users/omer/Desktop/MLOPS/7day/.env/lib/python3.11/site-packages/airflow/example_dags/example_task_group_decorator.py
[2024-09-18T14:53:28.229+0000] {logging_mixin.py:190} INFO - [2024-09-18T14:53:28.229+0000] {dag.py:3229} INFO - Sync 1 DAGs
[2024-09-18T14:53:28.252+0000] {logging_mixin.py:190} INFO - [2024-09-18T14:53:28.252+0000] {dag.py:4156} INFO - Setting next_dagrun for example_task_group_decorator to None, run_after=None
[2024-09-18T14:53:28.258+0000] {processor.py:208} INFO - Processing /Users/omer/Desktop/MLOPS/7day/.env/lib/python3.11/site-packages/airflow/example_dags/example_task_group_decorator.py took 0.071 seconds
[2024-09-18T14:55:05.857+0000] {processor.py:186} INFO - Started process (PID=94765) to work on /Users/omer/Desktop/MLOPS/7day/.env/lib/python3.11/site-packages/airflow/example_dags/example_task_group_decorator.py
[2024-09-18T14:55:05.857+0000] {processor.py:914} INFO - Processing file /Users/omer/Desktop/MLOPS/7day/.env/lib/python3.11/site-packages/airflow/example_dags/example_task_group_decorator.py for tasks to queue
[2024-09-18T14:55:05.857+0000] {logging_mixin.py:190} INFO - [2024-09-18T14:55:05.857+0000] {dagbag.py:587} INFO - Filling up the DagBag from /Users/omer/Desktop/MLOPS/7day/.env/lib/python3.11/site-packages/airflow/example_dags/example_task_group_decorator.py
[2024-09-18T14:55:05.870+0000] {processor.py:925} INFO - DAG(s) 'example_task_group_decorator' retrieved from /Users/omer/Desktop/MLOPS/7day/.env/lib/python3.11/site-packages/airflow/example_dags/example_task_group_decorator.py
[2024-09-18T14:55:05.898+0000] {logging_mixin.py:190} INFO - [2024-09-18T14:55:05.898+0000] {dag.py:3229} INFO - Sync 1 DAGs
[2024-09-18T14:55:05.921+0000] {logging_mixin.py:190} INFO - [2024-09-18T14:55:05.921+0000] {dag.py:4156} INFO - Setting next_dagrun for example_task_group_decorator to None, run_after=None
[2024-09-18T14:55:05.927+0000] {processor.py:208} INFO - Processing /Users/omer/Desktop/MLOPS/7day/.env/lib/python3.11/site-packages/airflow/example_dags/example_task_group_decorator.py took 0.071 seconds
[2024-09-18T15:21:09.503+0000] {processor.py:186} INFO - Started process (PID=97138) to work on /Users/omer/Desktop/MLOPS/7day/.env/lib/python3.11/site-packages/airflow/example_dags/example_task_group_decorator.py
[2024-09-18T15:21:09.503+0000] {processor.py:914} INFO - Processing file /Users/omer/Desktop/MLOPS/7day/.env/lib/python3.11/site-packages/airflow/example_dags/example_task_group_decorator.py for tasks to queue
[2024-09-18T15:21:09.503+0000] {logging_mixin.py:190} INFO - [2024-09-18T15:21:09.503+0000] {dagbag.py:587} INFO - Filling up the DagBag from /Users/omer/Desktop/MLOPS/7day/.env/lib/python3.11/site-packages/airflow/example_dags/example_task_group_decorator.py
[2024-09-18T15:21:09.515+0000] {processor.py:925} INFO - DAG(s) 'example_task_group_decorator' retrieved from /Users/omer/Desktop/MLOPS/7day/.env/lib/python3.11/site-packages/airflow/example_dags/example_task_group_decorator.py
[2024-09-18T15:21:09.542+0000] {logging_mixin.py:190} INFO - [2024-09-18T15:21:09.542+0000] {dag.py:3229} INFO - Sync 1 DAGs
[2024-09-18T15:21:09.567+0000] {logging_mixin.py:190} INFO - [2024-09-18T15:21:09.567+0000] {dag.py:4156} INFO - Setting next_dagrun for example_task_group_decorator to None, run_after=None
[2024-09-18T15:21:09.573+0000] {processor.py:208} INFO - Processing /Users/omer/Desktop/MLOPS/7day/.env/lib/python3.11/site-packages/airflow/example_dags/example_task_group_decorator.py took 0.071 seconds
[2024-09-18T15:22:28.310+0000] {processor.py:186} INFO - Started process (PID=97273) to work on /Users/omer/Desktop/MLOPS/7day/.env/lib/python3.11/site-packages/airflow/example_dags/example_task_group_decorator.py
[2024-09-18T15:22:28.311+0000] {processor.py:914} INFO - Processing file /Users/omer/Desktop/MLOPS/7day/.env/lib/python3.11/site-packages/airflow/example_dags/example_task_group_decorator.py for tasks to queue
[2024-09-18T15:22:28.311+0000] {logging_mixin.py:190} INFO - [2024-09-18T15:22:28.311+0000] {dagbag.py:587} INFO - Filling up the DagBag from /Users/omer/Desktop/MLOPS/7day/.env/lib/python3.11/site-packages/airflow/example_dags/example_task_group_decorator.py
[2024-09-18T15:22:28.323+0000] {processor.py:925} INFO - DAG(s) 'example_task_group_decorator' retrieved from /Users/omer/Desktop/MLOPS/7day/.env/lib/python3.11/site-packages/airflow/example_dags/example_task_group_decorator.py
[2024-09-18T15:22:28.350+0000] {logging_mixin.py:190} INFO - [2024-09-18T15:22:28.349+0000] {dag.py:3229} INFO - Sync 1 DAGs
[2024-09-18T15:22:28.373+0000] {logging_mixin.py:190} INFO - [2024-09-18T15:22:28.373+0000] {dag.py:4156} INFO - Setting next_dagrun for example_task_group_decorator to None, run_after=None
[2024-09-18T15:22:28.379+0000] {processor.py:208} INFO - Processing /Users/omer/Desktop/MLOPS/7day/.env/lib/python3.11/site-packages/airflow/example_dags/example_task_group_decorator.py took 0.070 seconds
[2024-09-18T15:25:32.249+0000] {processor.py:186} INFO - Started process (PID=97611) to work on /Users/omer/Desktop/MLOPS/7day/.env/lib/python3.11/site-packages/airflow/example_dags/example_task_group_decorator.py
[2024-09-18T15:25:32.250+0000] {processor.py:914} INFO - Processing file /Users/omer/Desktop/MLOPS/7day/.env/lib/python3.11/site-packages/airflow/example_dags/example_task_group_decorator.py for tasks to queue
[2024-09-18T15:25:32.250+0000] {logging_mixin.py:190} INFO - [2024-09-18T15:25:32.250+0000] {dagbag.py:587} INFO - Filling up the DagBag from /Users/omer/Desktop/MLOPS/7day/.env/lib/python3.11/site-packages/airflow/example_dags/example_task_group_decorator.py
[2024-09-18T15:25:32.263+0000] {processor.py:925} INFO - DAG(s) 'example_task_group_decorator' retrieved from /Users/omer/Desktop/MLOPS/7day/.env/lib/python3.11/site-packages/airflow/example_dags/example_task_group_decorator.py
[2024-09-18T15:25:32.291+0000] {logging_mixin.py:190} INFO - [2024-09-18T15:25:32.290+0000] {dag.py:3229} INFO - Sync 1 DAGs
[2024-09-18T15:25:32.316+0000] {logging_mixin.py:190} INFO - [2024-09-18T15:25:32.316+0000] {dag.py:4156} INFO - Setting next_dagrun for example_task_group_decorator to None, run_after=None
[2024-09-18T15:25:32.323+0000] {processor.py:208} INFO - Processing /Users/omer/Desktop/MLOPS/7day/.env/lib/python3.11/site-packages/airflow/example_dags/example_task_group_decorator.py took 0.074 seconds
[2024-09-18T15:26:52.969+0000] {processor.py:186} INFO - Started process (PID=97769) to work on /Users/omer/Desktop/MLOPS/7day/.env/lib/python3.11/site-packages/airflow/example_dags/example_task_group_decorator.py
[2024-09-18T15:26:52.970+0000] {processor.py:914} INFO - Processing file /Users/omer/Desktop/MLOPS/7day/.env/lib/python3.11/site-packages/airflow/example_dags/example_task_group_decorator.py for tasks to queue
[2024-09-18T15:26:52.970+0000] {logging_mixin.py:190} INFO - [2024-09-18T15:26:52.970+0000] {dagbag.py:587} INFO - Filling up the DagBag from /Users/omer/Desktop/MLOPS/7day/.env/lib/python3.11/site-packages/airflow/example_dags/example_task_group_decorator.py
[2024-09-18T15:26:52.983+0000] {processor.py:925} INFO - DAG(s) 'example_task_group_decorator' retrieved from /Users/omer/Desktop/MLOPS/7day/.env/lib/python3.11/site-packages/airflow/example_dags/example_task_group_decorator.py
[2024-09-18T15:26:53.011+0000] {logging_mixin.py:190} INFO - [2024-09-18T15:26:53.010+0000] {dag.py:3229} INFO - Sync 1 DAGs
[2024-09-18T15:26:53.035+0000] {logging_mixin.py:190} INFO - [2024-09-18T15:26:53.034+0000] {dag.py:4156} INFO - Setting next_dagrun for example_task_group_decorator to None, run_after=None
[2024-09-18T15:26:53.040+0000] {processor.py:208} INFO - Processing /Users/omer/Desktop/MLOPS/7day/.env/lib/python3.11/site-packages/airflow/example_dags/example_task_group_decorator.py took 0.072 seconds
[2024-09-18T15:28:13.583+0000] {processor.py:186} INFO - Started process (PID=97968) to work on /Users/omer/Desktop/MLOPS/7day/.env/lib/python3.11/site-packages/airflow/example_dags/example_task_group_decorator.py
[2024-09-18T15:28:13.583+0000] {processor.py:914} INFO - Processing file /Users/omer/Desktop/MLOPS/7day/.env/lib/python3.11/site-packages/airflow/example_dags/example_task_group_decorator.py for tasks to queue
[2024-09-18T15:28:13.584+0000] {logging_mixin.py:190} INFO - [2024-09-18T15:28:13.583+0000] {dagbag.py:587} INFO - Filling up the DagBag from /Users/omer/Desktop/MLOPS/7day/.env/lib/python3.11/site-packages/airflow/example_dags/example_task_group_decorator.py
[2024-09-18T15:28:13.596+0000] {processor.py:925} INFO - DAG(s) 'example_task_group_decorator' retrieved from /Users/omer/Desktop/MLOPS/7day/.env/lib/python3.11/site-packages/airflow/example_dags/example_task_group_decorator.py
[2024-09-18T15:28:13.624+0000] {logging_mixin.py:190} INFO - [2024-09-18T15:28:13.624+0000] {dag.py:3229} INFO - Sync 1 DAGs
[2024-09-18T15:28:13.647+0000] {logging_mixin.py:190} INFO - [2024-09-18T15:28:13.646+0000] {dag.py:4156} INFO - Setting next_dagrun for example_task_group_decorator to None, run_after=None
[2024-09-18T15:28:13.653+0000] {processor.py:208} INFO - Processing /Users/omer/Desktop/MLOPS/7day/.env/lib/python3.11/site-packages/airflow/example_dags/example_task_group_decorator.py took 0.071 seconds
[2024-09-18T15:29:51.547+0000] {processor.py:186} INFO - Started process (PID=98203) to work on /Users/omer/Desktop/MLOPS/7day/.env/lib/python3.11/site-packages/airflow/example_dags/example_task_group_decorator.py
[2024-09-18T15:29:51.547+0000] {processor.py:914} INFO - Processing file /Users/omer/Desktop/MLOPS/7day/.env/lib/python3.11/site-packages/airflow/example_dags/example_task_group_decorator.py for tasks to queue
[2024-09-18T15:29:51.547+0000] {logging_mixin.py:190} INFO - [2024-09-18T15:29:51.547+0000] {dagbag.py:587} INFO - Filling up the DagBag from /Users/omer/Desktop/MLOPS/7day/.env/lib/python3.11/site-packages/airflow/example_dags/example_task_group_decorator.py
[2024-09-18T15:29:51.560+0000] {processor.py:925} INFO - DAG(s) 'example_task_group_decorator' retrieved from /Users/omer/Desktop/MLOPS/7day/.env/lib/python3.11/site-packages/airflow/example_dags/example_task_group_decorator.py
[2024-09-18T15:29:51.586+0000] {logging_mixin.py:190} INFO - [2024-09-18T15:29:51.586+0000] {dag.py:3229} INFO - Sync 1 DAGs
[2024-09-18T15:29:51.609+0000] {logging_mixin.py:190} INFO - [2024-09-18T15:29:51.609+0000] {dag.py:4156} INFO - Setting next_dagrun for example_task_group_decorator to None, run_after=None
[2024-09-18T15:29:51.615+0000] {processor.py:208} INFO - Processing /Users/omer/Desktop/MLOPS/7day/.env/lib/python3.11/site-packages/airflow/example_dags/example_task_group_decorator.py took 0.069 seconds
[2024-09-18T15:31:28.153+0000] {processor.py:186} INFO - Started process (PID=98478) to work on /Users/omer/Desktop/MLOPS/7day/.env/lib/python3.11/site-packages/airflow/example_dags/example_task_group_decorator.py
[2024-09-18T15:31:28.154+0000] {processor.py:914} INFO - Processing file /Users/omer/Desktop/MLOPS/7day/.env/lib/python3.11/site-packages/airflow/example_dags/example_task_group_decorator.py for tasks to queue
[2024-09-18T15:31:28.154+0000] {logging_mixin.py:190} INFO - [2024-09-18T15:31:28.154+0000] {dagbag.py:587} INFO - Filling up the DagBag from /Users/omer/Desktop/MLOPS/7day/.env/lib/python3.11/site-packages/airflow/example_dags/example_task_group_decorator.py
[2024-09-18T15:31:28.168+0000] {processor.py:925} INFO - DAG(s) 'example_task_group_decorator' retrieved from /Users/omer/Desktop/MLOPS/7day/.env/lib/python3.11/site-packages/airflow/example_dags/example_task_group_decorator.py
[2024-09-18T15:31:28.195+0000] {logging_mixin.py:190} INFO - [2024-09-18T15:31:28.195+0000] {dag.py:3229} INFO - Sync 1 DAGs
[2024-09-18T15:31:28.219+0000] {logging_mixin.py:190} INFO - [2024-09-18T15:31:28.219+0000] {dag.py:4156} INFO - Setting next_dagrun for example_task_group_decorator to None, run_after=None
[2024-09-18T15:31:28.224+0000] {processor.py:208} INFO - Processing /Users/omer/Desktop/MLOPS/7day/.env/lib/python3.11/site-packages/airflow/example_dags/example_task_group_decorator.py took 0.072 seconds
[2024-09-18T15:33:18.909+0000] {processor.py:186} INFO - Started process (PID=98790) to work on /Users/omer/Desktop/MLOPS/7day/.env/lib/python3.11/site-packages/airflow/example_dags/example_task_group_decorator.py
[2024-09-18T15:33:18.910+0000] {processor.py:914} INFO - Processing file /Users/omer/Desktop/MLOPS/7day/.env/lib/python3.11/site-packages/airflow/example_dags/example_task_group_decorator.py for tasks to queue
[2024-09-18T15:33:18.910+0000] {logging_mixin.py:190} INFO - [2024-09-18T15:33:18.910+0000] {dagbag.py:587} INFO - Filling up the DagBag from /Users/omer/Desktop/MLOPS/7day/.env/lib/python3.11/site-packages/airflow/example_dags/example_task_group_decorator.py
[2024-09-18T15:33:18.923+0000] {processor.py:925} INFO - DAG(s) 'example_task_group_decorator' retrieved from /Users/omer/Desktop/MLOPS/7day/.env/lib/python3.11/site-packages/airflow/example_dags/example_task_group_decorator.py
[2024-09-18T15:33:18.950+0000] {logging_mixin.py:190} INFO - [2024-09-18T15:33:18.950+0000] {dag.py:3229} INFO - Sync 1 DAGs
[2024-09-18T15:33:18.975+0000] {logging_mixin.py:190} INFO - [2024-09-18T15:33:18.975+0000] {dag.py:4156} INFO - Setting next_dagrun for example_task_group_decorator to None, run_after=None
[2024-09-18T15:33:18.981+0000] {processor.py:208} INFO - Processing /Users/omer/Desktop/MLOPS/7day/.env/lib/python3.11/site-packages/airflow/example_dags/example_task_group_decorator.py took 0.073 seconds
[2024-09-18T15:34:30.047+0000] {processor.py:186} INFO - Started process (PID=98942) to work on /Users/omer/Desktop/MLOPS/7day/.env/lib/python3.11/site-packages/airflow/example_dags/example_task_group_decorator.py
[2024-09-18T15:34:30.048+0000] {processor.py:914} INFO - Processing file /Users/omer/Desktop/MLOPS/7day/.env/lib/python3.11/site-packages/airflow/example_dags/example_task_group_decorator.py for tasks to queue
[2024-09-18T15:34:30.048+0000] {logging_mixin.py:190} INFO - [2024-09-18T15:34:30.048+0000] {dagbag.py:587} INFO - Filling up the DagBag from /Users/omer/Desktop/MLOPS/7day/.env/lib/python3.11/site-packages/airflow/example_dags/example_task_group_decorator.py
[2024-09-18T15:34:30.063+0000] {processor.py:925} INFO - DAG(s) 'example_task_group_decorator' retrieved from /Users/omer/Desktop/MLOPS/7day/.env/lib/python3.11/site-packages/airflow/example_dags/example_task_group_decorator.py
[2024-09-18T15:34:30.093+0000] {logging_mixin.py:190} INFO - [2024-09-18T15:34:30.093+0000] {dag.py:3229} INFO - Sync 1 DAGs
[2024-09-18T15:34:30.119+0000] {logging_mixin.py:190} INFO - [2024-09-18T15:34:30.119+0000] {dag.py:4156} INFO - Setting next_dagrun for example_task_group_decorator to None, run_after=None
[2024-09-18T15:34:30.124+0000] {processor.py:208} INFO - Processing /Users/omer/Desktop/MLOPS/7day/.env/lib/python3.11/site-packages/airflow/example_dags/example_task_group_decorator.py took 0.078 seconds
[2024-09-18T15:35:50.923+0000] {processor.py:186} INFO - Started process (PID=99111) to work on /Users/omer/Desktop/MLOPS/7day/.env/lib/python3.11/site-packages/airflow/example_dags/example_task_group_decorator.py
[2024-09-18T15:35:50.924+0000] {processor.py:914} INFO - Processing file /Users/omer/Desktop/MLOPS/7day/.env/lib/python3.11/site-packages/airflow/example_dags/example_task_group_decorator.py for tasks to queue
[2024-09-18T15:35:50.925+0000] {logging_mixin.py:190} INFO - [2024-09-18T15:35:50.925+0000] {dagbag.py:587} INFO - Filling up the DagBag from /Users/omer/Desktop/MLOPS/7day/.env/lib/python3.11/site-packages/airflow/example_dags/example_task_group_decorator.py
[2024-09-18T15:35:50.938+0000] {processor.py:925} INFO - DAG(s) 'example_task_group_decorator' retrieved from /Users/omer/Desktop/MLOPS/7day/.env/lib/python3.11/site-packages/airflow/example_dags/example_task_group_decorator.py
[2024-09-18T15:35:50.964+0000] {logging_mixin.py:190} INFO - [2024-09-18T15:35:50.964+0000] {dag.py:3229} INFO - Sync 1 DAGs
[2024-09-18T15:35:50.990+0000] {logging_mixin.py:190} INFO - [2024-09-18T15:35:50.990+0000] {dag.py:4156} INFO - Setting next_dagrun for example_task_group_decorator to None, run_after=None
[2024-09-18T15:35:50.995+0000] {processor.py:208} INFO - Processing /Users/omer/Desktop/MLOPS/7day/.env/lib/python3.11/site-packages/airflow/example_dags/example_task_group_decorator.py took 0.073 seconds
