[2024-09-18T14:49:11.753+0000] {processor.py:186} INFO - Started process (PID=93969) to work on /Users/omer/Desktop/MLOPS/7day/.env/lib/python3.11/site-packages/airflow/example_dags/example_outlet_event_extra.py
[2024-09-18T14:49:11.753+0000] {processor.py:914} INFO - Processing file /Users/omer/Desktop/MLOPS/7day/.env/lib/python3.11/site-packages/airflow/example_dags/example_outlet_event_extra.py for tasks to queue
[2024-09-18T14:49:11.754+0000] {logging_mixin.py:190} INFO - [2024-09-18T14:49:11.754+0000] {dagbag.py:587} INFO - Filling up the DagBag from /Users/omer/Desktop/MLOPS/7day/.env/lib/python3.11/site-packages/airflow/example_dags/example_outlet_event_extra.py
[2024-09-18T14:49:11.778+0000] {processor.py:925} INFO - DAG(s) 'dataset_with_extra_from_classic_operator', 'dataset_with_extra_by_yield', 'dataset_with_extra_by_context' retrieved from /Users/omer/Desktop/MLOPS/7day/.env/lib/python3.11/site-packages/airflow/example_dags/example_outlet_event_extra.py
[2024-09-18T14:49:11.847+0000] {logging_mixin.py:190} INFO - [2024-09-18T14:49:11.847+0000] {override.py:1900} INFO - Created Permission View: can read on DAG:dataset_with_extra_from_classic_operator
[2024-09-18T14:49:11.850+0000] {logging_mixin.py:190} INFO - [2024-09-18T14:49:11.849+0000] {override.py:1900} INFO - Created Permission View: can edit on DAG:dataset_with_extra_from_classic_operator
[2024-09-18T14:49:11.851+0000] {logging_mixin.py:190} INFO - [2024-09-18T14:49:11.851+0000] {override.py:1900} INFO - Created Permission View: can delete on DAG:dataset_with_extra_from_classic_operator
[2024-09-18T14:49:11.853+0000] {logging_mixin.py:190} INFO - [2024-09-18T14:49:11.853+0000] {override.py:1900} INFO - Created Permission View: can delete on DAG Run:dataset_with_extra_from_classic_operator
[2024-09-18T14:49:11.854+0000] {logging_mixin.py:190} INFO - [2024-09-18T14:49:11.854+0000] {override.py:1900} INFO - Created Permission View: can read on DAG Run:dataset_with_extra_from_classic_operator
[2024-09-18T14:49:11.856+0000] {logging_mixin.py:190} INFO - [2024-09-18T14:49:11.856+0000] {override.py:1900} INFO - Created Permission View: can create on DAG Run:dataset_with_extra_from_classic_operator
[2024-09-18T14:49:11.857+0000] {logging_mixin.py:190} INFO - [2024-09-18T14:49:11.857+0000] {override.py:1900} INFO - Created Permission View: menu access on DAG Run:dataset_with_extra_from_classic_operator
[2024-09-18T14:49:11.860+0000] {logging_mixin.py:190} INFO - [2024-09-18T14:49:11.860+0000] {override.py:1900} INFO - Created Permission View: can read on DAG:dataset_with_extra_by_yield
[2024-09-18T14:49:11.861+0000] {logging_mixin.py:190} INFO - [2024-09-18T14:49:11.861+0000] {override.py:1900} INFO - Created Permission View: can edit on DAG:dataset_with_extra_by_yield
[2024-09-18T14:49:11.862+0000] {logging_mixin.py:190} INFO - [2024-09-18T14:49:11.862+0000] {override.py:1900} INFO - Created Permission View: can delete on DAG:dataset_with_extra_by_yield
[2024-09-18T14:49:11.864+0000] {logging_mixin.py:190} INFO - [2024-09-18T14:49:11.864+0000] {override.py:1900} INFO - Created Permission View: can delete on DAG Run:dataset_with_extra_by_yield
[2024-09-18T14:49:11.866+0000] {logging_mixin.py:190} INFO - [2024-09-18T14:49:11.865+0000] {override.py:1900} INFO - Created Permission View: can read on DAG Run:dataset_with_extra_by_yield
[2024-09-18T14:49:11.867+0000] {logging_mixin.py:190} INFO - [2024-09-18T14:49:11.867+0000] {override.py:1900} INFO - Created Permission View: can create on DAG Run:dataset_with_extra_by_yield
[2024-09-18T14:49:11.868+0000] {logging_mixin.py:190} INFO - [2024-09-18T14:49:11.868+0000] {override.py:1900} INFO - Created Permission View: menu access on DAG Run:dataset_with_extra_by_yield
[2024-09-18T14:49:11.871+0000] {logging_mixin.py:190} INFO - [2024-09-18T14:49:11.871+0000] {override.py:1900} INFO - Created Permission View: can read on DAG:dataset_with_extra_by_context
[2024-09-18T14:49:11.872+0000] {logging_mixin.py:190} INFO - [2024-09-18T14:49:11.872+0000] {override.py:1900} INFO - Created Permission View: can edit on DAG:dataset_with_extra_by_context
[2024-09-18T14:49:11.873+0000] {logging_mixin.py:190} INFO - [2024-09-18T14:49:11.873+0000] {override.py:1900} INFO - Created Permission View: can delete on DAG:dataset_with_extra_by_context
[2024-09-18T14:49:11.875+0000] {logging_mixin.py:190} INFO - [2024-09-18T14:49:11.875+0000] {override.py:1900} INFO - Created Permission View: can delete on DAG Run:dataset_with_extra_by_context
[2024-09-18T14:49:11.877+0000] {logging_mixin.py:190} INFO - [2024-09-18T14:49:11.876+0000] {override.py:1900} INFO - Created Permission View: can read on DAG Run:dataset_with_extra_by_context
[2024-09-18T14:49:11.878+0000] {logging_mixin.py:190} INFO - [2024-09-18T14:49:11.878+0000] {override.py:1900} INFO - Created Permission View: can create on DAG Run:dataset_with_extra_by_context
[2024-09-18T14:49:11.879+0000] {logging_mixin.py:190} INFO - [2024-09-18T14:49:11.879+0000] {override.py:1900} INFO - Created Permission View: menu access on DAG Run:dataset_with_extra_by_context
[2024-09-18T14:49:11.879+0000] {logging_mixin.py:190} INFO - [2024-09-18T14:49:11.879+0000] {dag.py:3229} INFO - Sync 3 DAGs
[2024-09-18T14:49:11.882+0000] {logging_mixin.py:190} INFO - [2024-09-18T14:49:11.882+0000] {dag.py:3252} INFO - Creating ORM DAG for dataset_with_extra_by_yield
[2024-09-18T14:49:11.883+0000] {logging_mixin.py:190} INFO - [2024-09-18T14:49:11.883+0000] {dag.py:3252} INFO - Creating ORM DAG for dataset_with_extra_from_classic_operator
[2024-09-18T14:49:11.883+0000] {logging_mixin.py:190} INFO - [2024-09-18T14:49:11.883+0000] {dag.py:3252} INFO - Creating ORM DAG for dataset_with_extra_by_context
[2024-09-18T14:49:11.886+0000] {logging_mixin.py:190} INFO - [2024-09-18T14:49:11.886+0000] {dag.py:4156} INFO - Setting next_dagrun for dataset_with_extra_by_context to 2024-09-17 00:00:00+00:00, run_after=2024-09-18 00:00:00+00:00
[2024-09-18T14:49:11.886+0000] {logging_mixin.py:190} INFO - [2024-09-18T14:49:11.886+0000] {dag.py:4156} INFO - Setting next_dagrun for dataset_with_extra_by_yield to 2024-09-17 00:00:00+00:00, run_after=2024-09-18 00:00:00+00:00
[2024-09-18T14:49:11.886+0000] {logging_mixin.py:190} INFO - [2024-09-18T14:49:11.886+0000] {dag.py:4156} INFO - Setting next_dagrun for dataset_with_extra_from_classic_operator to 2024-09-17 00:00:00+00:00, run_after=2024-09-18 00:00:00+00:00
[2024-09-18T14:49:11.891+0000] {logging_mixin.py:190} INFO - [2024-09-18T14:49:11.891+0000] {workday.py:41} WARNING - Could not import pandas. Holidays will not be considered.
[2024-09-18T14:49:11.895+0000] {processor.py:208} INFO - Processing /Users/omer/Desktop/MLOPS/7day/.env/lib/python3.11/site-packages/airflow/example_dags/example_outlet_event_extra.py took 0.143 seconds
[2024-09-18T14:50:32.076+0000] {processor.py:186} INFO - Started process (PID=94209) to work on /Users/omer/Desktop/MLOPS/7day/.env/lib/python3.11/site-packages/airflow/example_dags/example_outlet_event_extra.py
[2024-09-18T14:50:32.077+0000] {processor.py:914} INFO - Processing file /Users/omer/Desktop/MLOPS/7day/.env/lib/python3.11/site-packages/airflow/example_dags/example_outlet_event_extra.py for tasks to queue
[2024-09-18T14:50:32.077+0000] {logging_mixin.py:190} INFO - [2024-09-18T14:50:32.077+0000] {dagbag.py:587} INFO - Filling up the DagBag from /Users/omer/Desktop/MLOPS/7day/.env/lib/python3.11/site-packages/airflow/example_dags/example_outlet_event_extra.py
[2024-09-18T14:50:32.104+0000] {processor.py:925} INFO - DAG(s) 'dataset_with_extra_by_context', 'dataset_with_extra_from_classic_operator', 'dataset_with_extra_by_yield' retrieved from /Users/omer/Desktop/MLOPS/7day/.env/lib/python3.11/site-packages/airflow/example_dags/example_outlet_event_extra.py
[2024-09-18T14:50:32.142+0000] {logging_mixin.py:190} INFO - [2024-09-18T14:50:32.142+0000] {dag.py:3229} INFO - Sync 3 DAGs
[2024-09-18T14:50:32.169+0000] {logging_mixin.py:190} INFO - [2024-09-18T14:50:32.169+0000] {dag.py:4156} INFO - Setting next_dagrun for dataset_with_extra_by_context to 2024-09-17 00:00:00+00:00, run_after=2024-09-18 00:00:00+00:00
[2024-09-18T14:50:32.170+0000] {logging_mixin.py:190} INFO - [2024-09-18T14:50:32.170+0000] {dag.py:4156} INFO - Setting next_dagrun for dataset_with_extra_by_yield to 2024-09-17 00:00:00+00:00, run_after=2024-09-18 00:00:00+00:00
[2024-09-18T14:50:32.170+0000] {logging_mixin.py:190} INFO - [2024-09-18T14:50:32.170+0000] {dag.py:4156} INFO - Setting next_dagrun for dataset_with_extra_from_classic_operator to 2024-09-17 00:00:00+00:00, run_after=2024-09-18 00:00:00+00:00
[2024-09-18T14:50:32.177+0000] {processor.py:208} INFO - Processing /Users/omer/Desktop/MLOPS/7day/.env/lib/python3.11/site-packages/airflow/example_dags/example_outlet_event_extra.py took 0.102 seconds
[2024-09-18T14:52:10.787+0000] {processor.py:186} INFO - Started process (PID=94434) to work on /Users/omer/Desktop/MLOPS/7day/.env/lib/python3.11/site-packages/airflow/example_dags/example_outlet_event_extra.py
[2024-09-18T14:52:10.788+0000] {processor.py:914} INFO - Processing file /Users/omer/Desktop/MLOPS/7day/.env/lib/python3.11/site-packages/airflow/example_dags/example_outlet_event_extra.py for tasks to queue
[2024-09-18T14:52:10.788+0000] {logging_mixin.py:190} INFO - [2024-09-18T14:52:10.788+0000] {dagbag.py:587} INFO - Filling up the DagBag from /Users/omer/Desktop/MLOPS/7day/.env/lib/python3.11/site-packages/airflow/example_dags/example_outlet_event_extra.py
[2024-09-18T14:52:10.815+0000] {processor.py:925} INFO - DAG(s) 'dataset_with_extra_by_yield', 'dataset_with_extra_by_context', 'dataset_with_extra_from_classic_operator' retrieved from /Users/omer/Desktop/MLOPS/7day/.env/lib/python3.11/site-packages/airflow/example_dags/example_outlet_event_extra.py
[2024-09-18T14:52:10.843+0000] {logging_mixin.py:190} INFO - [2024-09-18T14:52:10.843+0000] {dag.py:3229} INFO - Sync 3 DAGs
[2024-09-18T14:52:10.873+0000] {logging_mixin.py:190} INFO - [2024-09-18T14:52:10.873+0000] {dag.py:4156} INFO - Setting next_dagrun for dataset_with_extra_by_context to 2024-09-17 00:00:00+00:00, run_after=2024-09-18 00:00:00+00:00
[2024-09-18T14:52:10.874+0000] {logging_mixin.py:190} INFO - [2024-09-18T14:52:10.874+0000] {dag.py:4156} INFO - Setting next_dagrun for dataset_with_extra_by_yield to 2024-09-17 00:00:00+00:00, run_after=2024-09-18 00:00:00+00:00
[2024-09-18T14:52:10.875+0000] {logging_mixin.py:190} INFO - [2024-09-18T14:52:10.875+0000] {dag.py:4156} INFO - Setting next_dagrun for dataset_with_extra_from_classic_operator to 2024-09-17 00:00:00+00:00, run_after=2024-09-18 00:00:00+00:00
[2024-09-18T14:52:10.881+0000] {processor.py:208} INFO - Processing /Users/omer/Desktop/MLOPS/7day/.env/lib/python3.11/site-packages/airflow/example_dags/example_outlet_event_extra.py took 0.094 seconds
[2024-09-18T14:53:51.493+0000] {processor.py:186} INFO - Started process (PID=94612) to work on /Users/omer/Desktop/MLOPS/7day/.env/lib/python3.11/site-packages/airflow/example_dags/example_outlet_event_extra.py
[2024-09-18T14:53:51.495+0000] {processor.py:914} INFO - Processing file /Users/omer/Desktop/MLOPS/7day/.env/lib/python3.11/site-packages/airflow/example_dags/example_outlet_event_extra.py for tasks to queue
[2024-09-18T14:53:51.495+0000] {logging_mixin.py:190} INFO - [2024-09-18T14:53:51.495+0000] {dagbag.py:587} INFO - Filling up the DagBag from /Users/omer/Desktop/MLOPS/7day/.env/lib/python3.11/site-packages/airflow/example_dags/example_outlet_event_extra.py
[2024-09-18T14:53:51.521+0000] {processor.py:925} INFO - DAG(s) 'dataset_with_extra_from_classic_operator', 'dataset_with_extra_by_yield', 'dataset_with_extra_by_context' retrieved from /Users/omer/Desktop/MLOPS/7day/.env/lib/python3.11/site-packages/airflow/example_dags/example_outlet_event_extra.py
[2024-09-18T14:53:51.546+0000] {logging_mixin.py:190} INFO - [2024-09-18T14:53:51.546+0000] {dag.py:3229} INFO - Sync 3 DAGs
[2024-09-18T14:53:51.570+0000] {logging_mixin.py:190} INFO - [2024-09-18T14:53:51.570+0000] {dag.py:4156} INFO - Setting next_dagrun for dataset_with_extra_by_context to 2024-09-17 00:00:00+00:00, run_after=2024-09-18 00:00:00+00:00
[2024-09-18T14:53:51.572+0000] {logging_mixin.py:190} INFO - [2024-09-18T14:53:51.572+0000] {dag.py:4156} INFO - Setting next_dagrun for dataset_with_extra_by_yield to 2024-09-17 00:00:00+00:00, run_after=2024-09-18 00:00:00+00:00
[2024-09-18T14:53:51.573+0000] {logging_mixin.py:190} INFO - [2024-09-18T14:53:51.573+0000] {dag.py:4156} INFO - Setting next_dagrun for dataset_with_extra_from_classic_operator to 2024-09-17 00:00:00+00:00, run_after=2024-09-18 00:00:00+00:00
[2024-09-18T14:53:51.579+0000] {processor.py:208} INFO - Processing /Users/omer/Desktop/MLOPS/7day/.env/lib/python3.11/site-packages/airflow/example_dags/example_outlet_event_extra.py took 0.086 seconds
[2024-09-18T15:21:32.023+0000] {processor.py:186} INFO - Started process (PID=97174) to work on /Users/omer/Desktop/MLOPS/7day/.env/lib/python3.11/site-packages/airflow/example_dags/example_outlet_event_extra.py
[2024-09-18T15:21:32.024+0000] {processor.py:914} INFO - Processing file /Users/omer/Desktop/MLOPS/7day/.env/lib/python3.11/site-packages/airflow/example_dags/example_outlet_event_extra.py for tasks to queue
[2024-09-18T15:21:32.024+0000] {logging_mixin.py:190} INFO - [2024-09-18T15:21:32.024+0000] {dagbag.py:587} INFO - Filling up the DagBag from /Users/omer/Desktop/MLOPS/7day/.env/lib/python3.11/site-packages/airflow/example_dags/example_outlet_event_extra.py
[2024-09-18T15:21:32.047+0000] {processor.py:925} INFO - DAG(s) 'dataset_with_extra_from_classic_operator', 'dataset_with_extra_by_context', 'dataset_with_extra_by_yield' retrieved from /Users/omer/Desktop/MLOPS/7day/.env/lib/python3.11/site-packages/airflow/example_dags/example_outlet_event_extra.py
[2024-09-18T15:21:32.074+0000] {logging_mixin.py:190} INFO - [2024-09-18T15:21:32.074+0000] {dag.py:3229} INFO - Sync 3 DAGs
[2024-09-18T15:21:32.098+0000] {logging_mixin.py:190} INFO - [2024-09-18T15:21:32.098+0000] {dag.py:4156} INFO - Setting next_dagrun for dataset_with_extra_by_context to 2024-09-17 00:00:00+00:00, run_after=2024-09-18 00:00:00+00:00
[2024-09-18T15:21:32.100+0000] {logging_mixin.py:190} INFO - [2024-09-18T15:21:32.099+0000] {dag.py:4156} INFO - Setting next_dagrun for dataset_with_extra_by_yield to 2024-09-17 00:00:00+00:00, run_after=2024-09-18 00:00:00+00:00
[2024-09-18T15:21:32.100+0000] {logging_mixin.py:190} INFO - [2024-09-18T15:21:32.100+0000] {dag.py:4156} INFO - Setting next_dagrun for dataset_with_extra_from_classic_operator to 2024-09-17 00:00:00+00:00, run_after=2024-09-18 00:00:00+00:00
[2024-09-18T15:21:32.106+0000] {processor.py:208} INFO - Processing /Users/omer/Desktop/MLOPS/7day/.env/lib/python3.11/site-packages/airflow/example_dags/example_outlet_event_extra.py took 0.083 seconds
[2024-09-18T15:22:51.226+0000] {processor.py:186} INFO - Started process (PID=97316) to work on /Users/omer/Desktop/MLOPS/7day/.env/lib/python3.11/site-packages/airflow/example_dags/example_outlet_event_extra.py
[2024-09-18T15:22:51.227+0000] {processor.py:914} INFO - Processing file /Users/omer/Desktop/MLOPS/7day/.env/lib/python3.11/site-packages/airflow/example_dags/example_outlet_event_extra.py for tasks to queue
[2024-09-18T15:22:51.228+0000] {logging_mixin.py:190} INFO - [2024-09-18T15:22:51.227+0000] {dagbag.py:587} INFO - Filling up the DagBag from /Users/omer/Desktop/MLOPS/7day/.env/lib/python3.11/site-packages/airflow/example_dags/example_outlet_event_extra.py
[2024-09-18T15:22:51.256+0000] {processor.py:925} INFO - DAG(s) 'dataset_with_extra_by_yield', 'dataset_with_extra_from_classic_operator', 'dataset_with_extra_by_context' retrieved from /Users/omer/Desktop/MLOPS/7day/.env/lib/python3.11/site-packages/airflow/example_dags/example_outlet_event_extra.py
[2024-09-18T15:22:51.286+0000] {logging_mixin.py:190} INFO - [2024-09-18T15:22:51.286+0000] {dag.py:3229} INFO - Sync 3 DAGs
[2024-09-18T15:22:51.319+0000] {logging_mixin.py:190} INFO - [2024-09-18T15:22:51.319+0000] {dag.py:4156} INFO - Setting next_dagrun for dataset_with_extra_by_context to 2024-09-17 00:00:00+00:00, run_after=2024-09-18 00:00:00+00:00
[2024-09-18T15:22:51.320+0000] {logging_mixin.py:190} INFO - [2024-09-18T15:22:51.320+0000] {dag.py:4156} INFO - Setting next_dagrun for dataset_with_extra_by_yield to 2024-09-17 00:00:00+00:00, run_after=2024-09-18 00:00:00+00:00
[2024-09-18T15:22:51.321+0000] {logging_mixin.py:190} INFO - [2024-09-18T15:22:51.321+0000] {dag.py:4156} INFO - Setting next_dagrun for dataset_with_extra_from_classic_operator to 2024-09-17 00:00:00+00:00, run_after=2024-09-18 00:00:00+00:00
[2024-09-18T15:22:51.327+0000] {processor.py:208} INFO - Processing /Users/omer/Desktop/MLOPS/7day/.env/lib/python3.11/site-packages/airflow/example_dags/example_outlet_event_extra.py took 0.102 seconds
[2024-09-18T15:27:15.564+0000] {processor.py:186} INFO - Started process (PID=97805) to work on /Users/omer/Desktop/MLOPS/7day/.env/lib/python3.11/site-packages/airflow/example_dags/example_outlet_event_extra.py
[2024-09-18T15:27:15.566+0000] {processor.py:914} INFO - Processing file /Users/omer/Desktop/MLOPS/7day/.env/lib/python3.11/site-packages/airflow/example_dags/example_outlet_event_extra.py for tasks to queue
[2024-09-18T15:27:15.566+0000] {logging_mixin.py:190} INFO - [2024-09-18T15:27:15.566+0000] {dagbag.py:587} INFO - Filling up the DagBag from /Users/omer/Desktop/MLOPS/7day/.env/lib/python3.11/site-packages/airflow/example_dags/example_outlet_event_extra.py
[2024-09-18T15:27:15.593+0000] {processor.py:925} INFO - DAG(s) 'dataset_with_extra_by_context', 'dataset_with_extra_from_classic_operator', 'dataset_with_extra_by_yield' retrieved from /Users/omer/Desktop/MLOPS/7day/.env/lib/python3.11/site-packages/airflow/example_dags/example_outlet_event_extra.py
[2024-09-18T15:27:15.621+0000] {logging_mixin.py:190} INFO - [2024-09-18T15:27:15.621+0000] {dag.py:3229} INFO - Sync 3 DAGs
[2024-09-18T15:27:15.649+0000] {logging_mixin.py:190} INFO - [2024-09-18T15:27:15.649+0000] {dag.py:4156} INFO - Setting next_dagrun for dataset_with_extra_by_context to 2024-09-17 00:00:00+00:00, run_after=2024-09-18 00:00:00+00:00
[2024-09-18T15:27:15.650+0000] {logging_mixin.py:190} INFO - [2024-09-18T15:27:15.650+0000] {dag.py:4156} INFO - Setting next_dagrun for dataset_with_extra_by_yield to 2024-09-17 00:00:00+00:00, run_after=2024-09-18 00:00:00+00:00
[2024-09-18T15:27:15.651+0000] {logging_mixin.py:190} INFO - [2024-09-18T15:27:15.651+0000] {dag.py:4156} INFO - Setting next_dagrun for dataset_with_extra_from_classic_operator to 2024-09-17 00:00:00+00:00, run_after=2024-09-18 00:00:00+00:00
[2024-09-18T15:27:15.657+0000] {processor.py:208} INFO - Processing /Users/omer/Desktop/MLOPS/7day/.env/lib/python3.11/site-packages/airflow/example_dags/example_outlet_event_extra.py took 0.094 seconds
[2024-09-18T15:28:35.477+0000] {processor.py:186} INFO - Started process (PID=98007) to work on /Users/omer/Desktop/MLOPS/7day/.env/lib/python3.11/site-packages/airflow/example_dags/example_outlet_event_extra.py
[2024-09-18T15:28:35.478+0000] {processor.py:914} INFO - Processing file /Users/omer/Desktop/MLOPS/7day/.env/lib/python3.11/site-packages/airflow/example_dags/example_outlet_event_extra.py for tasks to queue
[2024-09-18T15:28:35.478+0000] {logging_mixin.py:190} INFO - [2024-09-18T15:28:35.478+0000] {dagbag.py:587} INFO - Filling up the DagBag from /Users/omer/Desktop/MLOPS/7day/.env/lib/python3.11/site-packages/airflow/example_dags/example_outlet_event_extra.py
[2024-09-18T15:28:35.506+0000] {processor.py:925} INFO - DAG(s) 'dataset_with_extra_from_classic_operator', 'dataset_with_extra_by_context', 'dataset_with_extra_by_yield' retrieved from /Users/omer/Desktop/MLOPS/7day/.env/lib/python3.11/site-packages/airflow/example_dags/example_outlet_event_extra.py
[2024-09-18T15:28:35.533+0000] {logging_mixin.py:190} INFO - [2024-09-18T15:28:35.533+0000] {dag.py:3229} INFO - Sync 3 DAGs
[2024-09-18T15:28:35.559+0000] {logging_mixin.py:190} INFO - [2024-09-18T15:28:35.558+0000] {dag.py:4156} INFO - Setting next_dagrun for dataset_with_extra_by_context to 2024-09-17 00:00:00+00:00, run_after=2024-09-18 00:00:00+00:00
[2024-09-18T15:28:35.560+0000] {logging_mixin.py:190} INFO - [2024-09-18T15:28:35.560+0000] {dag.py:4156} INFO - Setting next_dagrun for dataset_with_extra_by_yield to 2024-09-17 00:00:00+00:00, run_after=2024-09-18 00:00:00+00:00
[2024-09-18T15:28:35.560+0000] {logging_mixin.py:190} INFO - [2024-09-18T15:28:35.560+0000] {dag.py:4156} INFO - Setting next_dagrun for dataset_with_extra_from_classic_operator to 2024-09-17 00:00:00+00:00, run_after=2024-09-18 00:00:00+00:00
[2024-09-18T15:28:35.567+0000] {processor.py:208} INFO - Processing /Users/omer/Desktop/MLOPS/7day/.env/lib/python3.11/site-packages/airflow/example_dags/example_outlet_event_extra.py took 0.091 seconds
[2024-09-18T15:30:14.137+0000] {processor.py:186} INFO - Started process (PID=98270) to work on /Users/omer/Desktop/MLOPS/7day/.env/lib/python3.11/site-packages/airflow/example_dags/example_outlet_event_extra.py
[2024-09-18T15:30:14.137+0000] {processor.py:914} INFO - Processing file /Users/omer/Desktop/MLOPS/7day/.env/lib/python3.11/site-packages/airflow/example_dags/example_outlet_event_extra.py for tasks to queue
[2024-09-18T15:30:14.138+0000] {logging_mixin.py:190} INFO - [2024-09-18T15:30:14.138+0000] {dagbag.py:587} INFO - Filling up the DagBag from /Users/omer/Desktop/MLOPS/7day/.env/lib/python3.11/site-packages/airflow/example_dags/example_outlet_event_extra.py
[2024-09-18T15:30:14.167+0000] {processor.py:925} INFO - DAG(s) 'dataset_with_extra_by_context', 'dataset_with_extra_from_classic_operator', 'dataset_with_extra_by_yield' retrieved from /Users/omer/Desktop/MLOPS/7day/.env/lib/python3.11/site-packages/airflow/example_dags/example_outlet_event_extra.py
[2024-09-18T15:30:14.196+0000] {logging_mixin.py:190} INFO - [2024-09-18T15:30:14.196+0000] {dag.py:3229} INFO - Sync 3 DAGs
[2024-09-18T15:30:14.228+0000] {logging_mixin.py:190} INFO - [2024-09-18T15:30:14.227+0000] {dag.py:4156} INFO - Setting next_dagrun for dataset_with_extra_by_context to 2024-09-17 00:00:00+00:00, run_after=2024-09-18 00:00:00+00:00
[2024-09-18T15:30:14.229+0000] {logging_mixin.py:190} INFO - [2024-09-18T15:30:14.229+0000] {dag.py:4156} INFO - Setting next_dagrun for dataset_with_extra_by_yield to 2024-09-17 00:00:00+00:00, run_after=2024-09-18 00:00:00+00:00
[2024-09-18T15:30:14.229+0000] {logging_mixin.py:190} INFO - [2024-09-18T15:30:14.229+0000] {dag.py:4156} INFO - Setting next_dagrun for dataset_with_extra_from_classic_operator to 2024-09-17 00:00:00+00:00, run_after=2024-09-18 00:00:00+00:00
[2024-09-18T15:30:14.236+0000] {processor.py:208} INFO - Processing /Users/omer/Desktop/MLOPS/7day/.env/lib/python3.11/site-packages/airflow/example_dags/example_outlet_event_extra.py took 0.100 seconds
[2024-09-18T15:31:50.643+0000] {processor.py:186} INFO - Started process (PID=98551) to work on /Users/omer/Desktop/MLOPS/7day/.env/lib/python3.11/site-packages/airflow/example_dags/example_outlet_event_extra.py
[2024-09-18T15:31:50.643+0000] {processor.py:914} INFO - Processing file /Users/omer/Desktop/MLOPS/7day/.env/lib/python3.11/site-packages/airflow/example_dags/example_outlet_event_extra.py for tasks to queue
[2024-09-18T15:31:50.644+0000] {logging_mixin.py:190} INFO - [2024-09-18T15:31:50.643+0000] {dagbag.py:587} INFO - Filling up the DagBag from /Users/omer/Desktop/MLOPS/7day/.env/lib/python3.11/site-packages/airflow/example_dags/example_outlet_event_extra.py
[2024-09-18T15:31:50.670+0000] {processor.py:925} INFO - DAG(s) 'dataset_with_extra_by_yield', 'dataset_with_extra_from_classic_operator', 'dataset_with_extra_by_context' retrieved from /Users/omer/Desktop/MLOPS/7day/.env/lib/python3.11/site-packages/airflow/example_dags/example_outlet_event_extra.py
[2024-09-18T15:31:50.697+0000] {logging_mixin.py:190} INFO - [2024-09-18T15:31:50.697+0000] {dag.py:3229} INFO - Sync 3 DAGs
[2024-09-18T15:31:50.723+0000] {logging_mixin.py:190} INFO - [2024-09-18T15:31:50.723+0000] {dag.py:4156} INFO - Setting next_dagrun for dataset_with_extra_by_context to 2024-09-17 00:00:00+00:00, run_after=2024-09-18 00:00:00+00:00
[2024-09-18T15:31:50.725+0000] {logging_mixin.py:190} INFO - [2024-09-18T15:31:50.725+0000] {dag.py:4156} INFO - Setting next_dagrun for dataset_with_extra_by_yield to 2024-09-17 00:00:00+00:00, run_after=2024-09-18 00:00:00+00:00
[2024-09-18T15:31:50.726+0000] {logging_mixin.py:190} INFO - [2024-09-18T15:31:50.726+0000] {dag.py:4156} INFO - Setting next_dagrun for dataset_with_extra_from_classic_operator to 2024-09-17 00:00:00+00:00, run_after=2024-09-18 00:00:00+00:00
[2024-09-18T15:31:50.732+0000] {processor.py:208} INFO - Processing /Users/omer/Desktop/MLOPS/7day/.env/lib/python3.11/site-packages/airflow/example_dags/example_outlet_event_extra.py took 0.090 seconds
[2024-09-18T15:34:52.876+0000] {processor.py:186} INFO - Started process (PID=99006) to work on /Users/omer/Desktop/MLOPS/7day/.env/lib/python3.11/site-packages/airflow/example_dags/example_outlet_event_extra.py
[2024-09-18T15:34:52.878+0000] {processor.py:914} INFO - Processing file /Users/omer/Desktop/MLOPS/7day/.env/lib/python3.11/site-packages/airflow/example_dags/example_outlet_event_extra.py for tasks to queue
[2024-09-18T15:34:52.878+0000] {logging_mixin.py:190} INFO - [2024-09-18T15:34:52.878+0000] {dagbag.py:587} INFO - Filling up the DagBag from /Users/omer/Desktop/MLOPS/7day/.env/lib/python3.11/site-packages/airflow/example_dags/example_outlet_event_extra.py
[2024-09-18T15:34:52.908+0000] {processor.py:925} INFO - DAG(s) 'dataset_with_extra_from_classic_operator', 'dataset_with_extra_by_yield', 'dataset_with_extra_by_context' retrieved from /Users/omer/Desktop/MLOPS/7day/.env/lib/python3.11/site-packages/airflow/example_dags/example_outlet_event_extra.py
[2024-09-18T15:34:52.939+0000] {logging_mixin.py:190} INFO - [2024-09-18T15:34:52.939+0000] {dag.py:3229} INFO - Sync 3 DAGs
[2024-09-18T15:34:52.972+0000] {logging_mixin.py:190} INFO - [2024-09-18T15:34:52.972+0000] {dag.py:4156} INFO - Setting next_dagrun for dataset_with_extra_by_context to 2024-09-17 00:00:00+00:00, run_after=2024-09-18 00:00:00+00:00
[2024-09-18T15:34:52.973+0000] {logging_mixin.py:190} INFO - [2024-09-18T15:34:52.973+0000] {dag.py:4156} INFO - Setting next_dagrun for dataset_with_extra_by_yield to 2024-09-17 00:00:00+00:00, run_after=2024-09-18 00:00:00+00:00
[2024-09-18T15:34:52.974+0000] {logging_mixin.py:190} INFO - [2024-09-18T15:34:52.974+0000] {dag.py:4156} INFO - Setting next_dagrun for dataset_with_extra_from_classic_operator to 2024-09-17 00:00:00+00:00, run_after=2024-09-18 00:00:00+00:00
[2024-09-18T15:34:52.981+0000] {processor.py:208} INFO - Processing /Users/omer/Desktop/MLOPS/7day/.env/lib/python3.11/site-packages/airflow/example_dags/example_outlet_event_extra.py took 0.105 seconds
