[2024-09-18T14:49:06.024+0000] {processor.py:186} INFO - Started process (PID=93933) to work on /Users/omer/Desktop/MLOPS/7day/.env/lib/python3.11/site-packages/airflow/example_dags/example_python_decorator.py
[2024-09-18T14:49:06.024+0000] {processor.py:914} INFO - Processing file /Users/omer/Desktop/MLOPS/7day/.env/lib/python3.11/site-packages/airflow/example_dags/example_python_decorator.py for tasks to queue
[2024-09-18T14:49:06.025+0000] {logging_mixin.py:190} INFO - [2024-09-18T14:49:06.024+0000] {dagbag.py:587} INFO - Filling up the DagBag from /Users/omer/Desktop/MLOPS/7day/.env/lib/python3.11/site-packages/airflow/example_dags/example_python_decorator.py
[2024-09-18T14:49:06.037+0000] {processor.py:925} INFO - DAG(s) 'example_python_decorator' retrieved from /Users/omer/Desktop/MLOPS/7day/.env/lib/python3.11/site-packages/airflow/example_dags/example_python_decorator.py
[2024-09-18T14:49:06.106+0000] {logging_mixin.py:190} INFO - [2024-09-18T14:49:06.106+0000] {override.py:1900} INFO - Created Permission View: can delete on DAG:example_python_decorator
[2024-09-18T14:49:06.109+0000] {logging_mixin.py:190} INFO - [2024-09-18T14:49:06.109+0000] {override.py:1900} INFO - Created Permission View: can edit on DAG:example_python_decorator
[2024-09-18T14:49:06.110+0000] {logging_mixin.py:190} INFO - [2024-09-18T14:49:06.110+0000] {override.py:1900} INFO - Created Permission View: can read on DAG:example_python_decorator
[2024-09-18T14:49:06.112+0000] {logging_mixin.py:190} INFO - [2024-09-18T14:49:06.112+0000] {override.py:1900} INFO - Created Permission View: can create on DAG Run:example_python_decorator
[2024-09-18T14:49:06.114+0000] {logging_mixin.py:190} INFO - [2024-09-18T14:49:06.114+0000] {override.py:1900} INFO - Created Permission View: menu access on DAG Run:example_python_decorator
[2024-09-18T14:49:06.115+0000] {logging_mixin.py:190} INFO - [2024-09-18T14:49:06.115+0000] {override.py:1900} INFO - Created Permission View: can delete on DAG Run:example_python_decorator
[2024-09-18T14:49:06.117+0000] {logging_mixin.py:190} INFO - [2024-09-18T14:49:06.117+0000] {override.py:1900} INFO - Created Permission View: can read on DAG Run:example_python_decorator
[2024-09-18T14:49:06.117+0000] {logging_mixin.py:190} INFO - [2024-09-18T14:49:06.117+0000] {dag.py:3229} INFO - Sync 1 DAGs
[2024-09-18T14:49:06.120+0000] {logging_mixin.py:190} INFO - [2024-09-18T14:49:06.120+0000] {dag.py:3252} INFO - Creating ORM DAG for example_python_decorator
[2024-09-18T14:49:06.120+0000] {logging_mixin.py:190} INFO - [2024-09-18T14:49:06.120+0000] {dag.py:4156} INFO - Setting next_dagrun for example_python_decorator to None, run_after=None
[2024-09-18T14:49:06.124+0000] {processor.py:208} INFO - Processing /Users/omer/Desktop/MLOPS/7day/.env/lib/python3.11/site-packages/airflow/example_dags/example_python_decorator.py took 0.101 seconds
[2024-09-18T14:50:26.304+0000] {processor.py:186} INFO - Started process (PID=94193) to work on /Users/omer/Desktop/MLOPS/7day/.env/lib/python3.11/site-packages/airflow/example_dags/example_python_decorator.py
[2024-09-18T14:50:26.305+0000] {processor.py:914} INFO - Processing file /Users/omer/Desktop/MLOPS/7day/.env/lib/python3.11/site-packages/airflow/example_dags/example_python_decorator.py for tasks to queue
[2024-09-18T14:50:26.305+0000] {logging_mixin.py:190} INFO - [2024-09-18T14:50:26.305+0000] {dagbag.py:587} INFO - Filling up the DagBag from /Users/omer/Desktop/MLOPS/7day/.env/lib/python3.11/site-packages/airflow/example_dags/example_python_decorator.py
[2024-09-18T14:50:26.317+0000] {processor.py:925} INFO - DAG(s) 'example_python_decorator' retrieved from /Users/omer/Desktop/MLOPS/7day/.env/lib/python3.11/site-packages/airflow/example_dags/example_python_decorator.py
[2024-09-18T14:50:26.385+0000] {logging_mixin.py:190} INFO - [2024-09-18T14:50:26.385+0000] {dag.py:3229} INFO - Sync 1 DAGs
[2024-09-18T14:50:26.388+0000] {logging_mixin.py:190} INFO - [2024-09-18T14:50:26.388+0000] {dag.py:4156} INFO - Setting next_dagrun for example_python_decorator to None, run_after=None
[2024-09-18T14:50:26.393+0000] {processor.py:208} INFO - Processing /Users/omer/Desktop/MLOPS/7day/.env/lib/python3.11/site-packages/airflow/example_dags/example_python_decorator.py took 0.090 seconds
[2024-09-18T14:52:04.088+0000] {processor.py:186} INFO - Started process (PID=94419) to work on /Users/omer/Desktop/MLOPS/7day/.env/lib/python3.11/site-packages/airflow/example_dags/example_python_decorator.py
[2024-09-18T14:52:04.089+0000] {processor.py:914} INFO - Processing file /Users/omer/Desktop/MLOPS/7day/.env/lib/python3.11/site-packages/airflow/example_dags/example_python_decorator.py for tasks to queue
[2024-09-18T14:52:04.089+0000] {logging_mixin.py:190} INFO - [2024-09-18T14:52:04.089+0000] {dagbag.py:587} INFO - Filling up the DagBag from /Users/omer/Desktop/MLOPS/7day/.env/lib/python3.11/site-packages/airflow/example_dags/example_python_decorator.py
[2024-09-18T14:52:04.102+0000] {processor.py:925} INFO - DAG(s) 'example_python_decorator' retrieved from /Users/omer/Desktop/MLOPS/7day/.env/lib/python3.11/site-packages/airflow/example_dags/example_python_decorator.py
[2024-09-18T14:52:04.178+0000] {logging_mixin.py:190} INFO - [2024-09-18T14:52:04.178+0000] {dag.py:3229} INFO - Sync 1 DAGs
[2024-09-18T14:52:04.181+0000] {logging_mixin.py:190} INFO - [2024-09-18T14:52:04.181+0000] {dag.py:4156} INFO - Setting next_dagrun for example_python_decorator to None, run_after=None
[2024-09-18T14:52:04.188+0000] {processor.py:208} INFO - Processing /Users/omer/Desktop/MLOPS/7day/.env/lib/python3.11/site-packages/airflow/example_dags/example_python_decorator.py took 0.101 seconds
[2024-09-18T14:53:45.866+0000] {processor.py:186} INFO - Started process (PID=94595) to work on /Users/omer/Desktop/MLOPS/7day/.env/lib/python3.11/site-packages/airflow/example_dags/example_python_decorator.py
[2024-09-18T14:53:45.867+0000] {processor.py:914} INFO - Processing file /Users/omer/Desktop/MLOPS/7day/.env/lib/python3.11/site-packages/airflow/example_dags/example_python_decorator.py for tasks to queue
[2024-09-18T14:53:45.868+0000] {logging_mixin.py:190} INFO - [2024-09-18T14:53:45.868+0000] {dagbag.py:587} INFO - Filling up the DagBag from /Users/omer/Desktop/MLOPS/7day/.env/lib/python3.11/site-packages/airflow/example_dags/example_python_decorator.py
[2024-09-18T14:53:45.879+0000] {processor.py:925} INFO - DAG(s) 'example_python_decorator' retrieved from /Users/omer/Desktop/MLOPS/7day/.env/lib/python3.11/site-packages/airflow/example_dags/example_python_decorator.py
[2024-09-18T14:53:45.950+0000] {logging_mixin.py:190} INFO - [2024-09-18T14:53:45.950+0000] {dag.py:3229} INFO - Sync 1 DAGs
[2024-09-18T14:53:45.953+0000] {logging_mixin.py:190} INFO - [2024-09-18T14:53:45.953+0000] {dag.py:4156} INFO - Setting next_dagrun for example_python_decorator to None, run_after=None
[2024-09-18T14:53:45.958+0000] {processor.py:208} INFO - Processing /Users/omer/Desktop/MLOPS/7day/.env/lib/python3.11/site-packages/airflow/example_dags/example_python_decorator.py took 0.093 seconds
[2024-09-18T15:21:26.435+0000] {processor.py:186} INFO - Started process (PID=97165) to work on /Users/omer/Desktop/MLOPS/7day/.env/lib/python3.11/site-packages/airflow/example_dags/example_python_decorator.py
[2024-09-18T15:21:26.435+0000] {processor.py:914} INFO - Processing file /Users/omer/Desktop/MLOPS/7day/.env/lib/python3.11/site-packages/airflow/example_dags/example_python_decorator.py for tasks to queue
[2024-09-18T15:21:26.436+0000] {logging_mixin.py:190} INFO - [2024-09-18T15:21:26.436+0000] {dagbag.py:587} INFO - Filling up the DagBag from /Users/omer/Desktop/MLOPS/7day/.env/lib/python3.11/site-packages/airflow/example_dags/example_python_decorator.py
[2024-09-18T15:21:26.448+0000] {processor.py:925} INFO - DAG(s) 'example_python_decorator' retrieved from /Users/omer/Desktop/MLOPS/7day/.env/lib/python3.11/site-packages/airflow/example_dags/example_python_decorator.py
[2024-09-18T15:21:26.523+0000] {logging_mixin.py:190} INFO - [2024-09-18T15:21:26.523+0000] {dag.py:3229} INFO - Sync 1 DAGs
[2024-09-18T15:21:26.526+0000] {logging_mixin.py:190} INFO - [2024-09-18T15:21:26.526+0000] {dag.py:4156} INFO - Setting next_dagrun for example_python_decorator to None, run_after=None
[2024-09-18T15:21:26.531+0000] {processor.py:208} INFO - Processing /Users/omer/Desktop/MLOPS/7day/.env/lib/python3.11/site-packages/airflow/example_dags/example_python_decorator.py took 0.097 seconds
[2024-09-18T15:22:46.056+0000] {processor.py:186} INFO - Started process (PID=97302) to work on /Users/omer/Desktop/MLOPS/7day/.env/lib/python3.11/site-packages/airflow/example_dags/example_python_decorator.py
[2024-09-18T15:22:46.057+0000] {processor.py:914} INFO - Processing file /Users/omer/Desktop/MLOPS/7day/.env/lib/python3.11/site-packages/airflow/example_dags/example_python_decorator.py for tasks to queue
[2024-09-18T15:22:46.057+0000] {logging_mixin.py:190} INFO - [2024-09-18T15:22:46.057+0000] {dagbag.py:587} INFO - Filling up the DagBag from /Users/omer/Desktop/MLOPS/7day/.env/lib/python3.11/site-packages/airflow/example_dags/example_python_decorator.py
[2024-09-18T15:22:46.072+0000] {processor.py:925} INFO - DAG(s) 'example_python_decorator' retrieved from /Users/omer/Desktop/MLOPS/7day/.env/lib/python3.11/site-packages/airflow/example_dags/example_python_decorator.py
[2024-09-18T15:22:46.158+0000] {logging_mixin.py:190} INFO - [2024-09-18T15:22:46.158+0000] {dag.py:3229} INFO - Sync 1 DAGs
[2024-09-18T15:22:46.161+0000] {logging_mixin.py:190} INFO - [2024-09-18T15:22:46.161+0000] {dag.py:4156} INFO - Setting next_dagrun for example_python_decorator to None, run_after=None
[2024-09-18T15:22:46.168+0000] {processor.py:208} INFO - Processing /Users/omer/Desktop/MLOPS/7day/.env/lib/python3.11/site-packages/airflow/example_dags/example_python_decorator.py took 0.113 seconds
[2024-09-18T15:25:49.089+0000] {processor.py:186} INFO - Started process (PID=97636) to work on /Users/omer/Desktop/MLOPS/7day/.env/lib/python3.11/site-packages/airflow/example_dags/example_python_decorator.py
[2024-09-18T15:25:49.091+0000] {processor.py:914} INFO - Processing file /Users/omer/Desktop/MLOPS/7day/.env/lib/python3.11/site-packages/airflow/example_dags/example_python_decorator.py for tasks to queue
[2024-09-18T15:25:49.091+0000] {logging_mixin.py:190} INFO - [2024-09-18T15:25:49.091+0000] {dagbag.py:587} INFO - Filling up the DagBag from /Users/omer/Desktop/MLOPS/7day/.env/lib/python3.11/site-packages/airflow/example_dags/example_python_decorator.py
[2024-09-18T15:25:49.103+0000] {processor.py:925} INFO - DAG(s) 'example_python_decorator' retrieved from /Users/omer/Desktop/MLOPS/7day/.env/lib/python3.11/site-packages/airflow/example_dags/example_python_decorator.py
[2024-09-18T15:25:49.172+0000] {logging_mixin.py:190} INFO - [2024-09-18T15:25:49.172+0000] {dag.py:3229} INFO - Sync 1 DAGs
[2024-09-18T15:25:49.175+0000] {logging_mixin.py:190} INFO - [2024-09-18T15:25:49.175+0000] {dag.py:4156} INFO - Setting next_dagrun for example_python_decorator to None, run_after=None
[2024-09-18T15:25:49.180+0000] {processor.py:208} INFO - Processing /Users/omer/Desktop/MLOPS/7day/.env/lib/python3.11/site-packages/airflow/example_dags/example_python_decorator.py took 0.092 seconds
[2024-09-18T15:27:09.577+0000] {processor.py:186} INFO - Started process (PID=97798) to work on /Users/omer/Desktop/MLOPS/7day/.env/lib/python3.11/site-packages/airflow/example_dags/example_python_decorator.py
[2024-09-18T15:27:09.577+0000] {processor.py:914} INFO - Processing file /Users/omer/Desktop/MLOPS/7day/.env/lib/python3.11/site-packages/airflow/example_dags/example_python_decorator.py for tasks to queue
[2024-09-18T15:27:09.577+0000] {logging_mixin.py:190} INFO - [2024-09-18T15:27:09.577+0000] {dagbag.py:587} INFO - Filling up the DagBag from /Users/omer/Desktop/MLOPS/7day/.env/lib/python3.11/site-packages/airflow/example_dags/example_python_decorator.py
[2024-09-18T15:27:09.591+0000] {processor.py:925} INFO - DAG(s) 'example_python_decorator' retrieved from /Users/omer/Desktop/MLOPS/7day/.env/lib/python3.11/site-packages/airflow/example_dags/example_python_decorator.py
[2024-09-18T15:27:09.672+0000] {logging_mixin.py:190} INFO - [2024-09-18T15:27:09.672+0000] {dag.py:3229} INFO - Sync 1 DAGs
[2024-09-18T15:27:09.676+0000] {logging_mixin.py:190} INFO - [2024-09-18T15:27:09.676+0000] {dag.py:4156} INFO - Setting next_dagrun for example_python_decorator to None, run_after=None
[2024-09-18T15:27:09.682+0000] {processor.py:208} INFO - Processing /Users/omer/Desktop/MLOPS/7day/.env/lib/python3.11/site-packages/airflow/example_dags/example_python_decorator.py took 0.106 seconds
[2024-09-18T15:28:29.761+0000] {processor.py:186} INFO - Started process (PID=97999) to work on /Users/omer/Desktop/MLOPS/7day/.env/lib/python3.11/site-packages/airflow/example_dags/example_python_decorator.py
[2024-09-18T15:28:29.762+0000] {processor.py:914} INFO - Processing file /Users/omer/Desktop/MLOPS/7day/.env/lib/python3.11/site-packages/airflow/example_dags/example_python_decorator.py for tasks to queue
[2024-09-18T15:28:29.762+0000] {logging_mixin.py:190} INFO - [2024-09-18T15:28:29.762+0000] {dagbag.py:587} INFO - Filling up the DagBag from /Users/omer/Desktop/MLOPS/7day/.env/lib/python3.11/site-packages/airflow/example_dags/example_python_decorator.py
[2024-09-18T15:28:29.775+0000] {processor.py:925} INFO - DAG(s) 'example_python_decorator' retrieved from /Users/omer/Desktop/MLOPS/7day/.env/lib/python3.11/site-packages/airflow/example_dags/example_python_decorator.py
[2024-09-18T15:28:29.849+0000] {logging_mixin.py:190} INFO - [2024-09-18T15:28:29.849+0000] {dag.py:3229} INFO - Sync 1 DAGs
[2024-09-18T15:28:29.851+0000] {logging_mixin.py:190} INFO - [2024-09-18T15:28:29.851+0000] {dag.py:4156} INFO - Setting next_dagrun for example_python_decorator to None, run_after=None
[2024-09-18T15:28:29.857+0000] {processor.py:208} INFO - Processing /Users/omer/Desktop/MLOPS/7day/.env/lib/python3.11/site-packages/airflow/example_dags/example_python_decorator.py took 0.097 seconds
[2024-09-18T15:30:08.445+0000] {processor.py:186} INFO - Started process (PID=98255) to work on /Users/omer/Desktop/MLOPS/7day/.env/lib/python3.11/site-packages/airflow/example_dags/example_python_decorator.py
[2024-09-18T15:30:08.445+0000] {processor.py:914} INFO - Processing file /Users/omer/Desktop/MLOPS/7day/.env/lib/python3.11/site-packages/airflow/example_dags/example_python_decorator.py for tasks to queue
[2024-09-18T15:30:08.446+0000] {logging_mixin.py:190} INFO - [2024-09-18T15:30:08.446+0000] {dagbag.py:587} INFO - Filling up the DagBag from /Users/omer/Desktop/MLOPS/7day/.env/lib/python3.11/site-packages/airflow/example_dags/example_python_decorator.py
[2024-09-18T15:30:08.458+0000] {processor.py:925} INFO - DAG(s) 'example_python_decorator' retrieved from /Users/omer/Desktop/MLOPS/7day/.env/lib/python3.11/site-packages/airflow/example_dags/example_python_decorator.py
[2024-09-18T15:30:08.529+0000] {logging_mixin.py:190} INFO - [2024-09-18T15:30:08.529+0000] {dag.py:3229} INFO - Sync 1 DAGs
[2024-09-18T15:30:08.532+0000] {logging_mixin.py:190} INFO - [2024-09-18T15:30:08.531+0000] {dag.py:4156} INFO - Setting next_dagrun for example_python_decorator to None, run_after=None
[2024-09-18T15:30:08.537+0000] {processor.py:208} INFO - Processing /Users/omer/Desktop/MLOPS/7day/.env/lib/python3.11/site-packages/airflow/example_dags/example_python_decorator.py took 0.093 seconds
[2024-09-18T15:31:45.128+0000] {processor.py:186} INFO - Started process (PID=98538) to work on /Users/omer/Desktop/MLOPS/7day/.env/lib/python3.11/site-packages/airflow/example_dags/example_python_decorator.py
[2024-09-18T15:31:45.128+0000] {processor.py:914} INFO - Processing file /Users/omer/Desktop/MLOPS/7day/.env/lib/python3.11/site-packages/airflow/example_dags/example_python_decorator.py for tasks to queue
[2024-09-18T15:31:45.129+0000] {logging_mixin.py:190} INFO - [2024-09-18T15:31:45.129+0000] {dagbag.py:587} INFO - Filling up the DagBag from /Users/omer/Desktop/MLOPS/7day/.env/lib/python3.11/site-packages/airflow/example_dags/example_python_decorator.py
[2024-09-18T15:31:45.143+0000] {processor.py:925} INFO - DAG(s) 'example_python_decorator' retrieved from /Users/omer/Desktop/MLOPS/7day/.env/lib/python3.11/site-packages/airflow/example_dags/example_python_decorator.py
[2024-09-18T15:31:45.220+0000] {logging_mixin.py:190} INFO - [2024-09-18T15:31:45.219+0000] {dag.py:3229} INFO - Sync 1 DAGs
[2024-09-18T15:31:45.222+0000] {logging_mixin.py:190} INFO - [2024-09-18T15:31:45.222+0000] {dag.py:4156} INFO - Setting next_dagrun for example_python_decorator to None, run_after=None
[2024-09-18T15:31:45.228+0000] {processor.py:208} INFO - Processing /Users/omer/Desktop/MLOPS/7day/.env/lib/python3.11/site-packages/airflow/example_dags/example_python_decorator.py took 0.101 seconds
[2024-09-18T15:33:35.740+0000] {processor.py:186} INFO - Started process (PID=98830) to work on /Users/omer/Desktop/MLOPS/7day/.env/lib/python3.11/site-packages/airflow/example_dags/example_python_decorator.py
[2024-09-18T15:33:35.741+0000] {processor.py:914} INFO - Processing file /Users/omer/Desktop/MLOPS/7day/.env/lib/python3.11/site-packages/airflow/example_dags/example_python_decorator.py for tasks to queue
[2024-09-18T15:33:35.741+0000] {logging_mixin.py:190} INFO - [2024-09-18T15:33:35.741+0000] {dagbag.py:587} INFO - Filling up the DagBag from /Users/omer/Desktop/MLOPS/7day/.env/lib/python3.11/site-packages/airflow/example_dags/example_python_decorator.py
[2024-09-18T15:33:35.753+0000] {processor.py:925} INFO - DAG(s) 'example_python_decorator' retrieved from /Users/omer/Desktop/MLOPS/7day/.env/lib/python3.11/site-packages/airflow/example_dags/example_python_decorator.py
[2024-09-18T15:33:35.824+0000] {logging_mixin.py:190} INFO - [2024-09-18T15:33:35.824+0000] {dag.py:3229} INFO - Sync 1 DAGs
[2024-09-18T15:33:35.827+0000] {logging_mixin.py:190} INFO - [2024-09-18T15:33:35.827+0000] {dag.py:4156} INFO - Setting next_dagrun for example_python_decorator to None, run_after=None
[2024-09-18T15:33:35.832+0000] {processor.py:208} INFO - Processing /Users/omer/Desktop/MLOPS/7day/.env/lib/python3.11/site-packages/airflow/example_dags/example_python_decorator.py took 0.093 seconds
[2024-09-18T15:34:47.851+0000] {processor.py:186} INFO - Started process (PID=98992) to work on /Users/omer/Desktop/MLOPS/7day/.env/lib/python3.11/site-packages/airflow/example_dags/example_python_decorator.py
[2024-09-18T15:34:47.852+0000] {processor.py:914} INFO - Processing file /Users/omer/Desktop/MLOPS/7day/.env/lib/python3.11/site-packages/airflow/example_dags/example_python_decorator.py for tasks to queue
[2024-09-18T15:34:47.852+0000] {logging_mixin.py:190} INFO - [2024-09-18T15:34:47.852+0000] {dagbag.py:587} INFO - Filling up the DagBag from /Users/omer/Desktop/MLOPS/7day/.env/lib/python3.11/site-packages/airflow/example_dags/example_python_decorator.py
[2024-09-18T15:34:47.866+0000] {processor.py:925} INFO - DAG(s) 'example_python_decorator' retrieved from /Users/omer/Desktop/MLOPS/7day/.env/lib/python3.11/site-packages/airflow/example_dags/example_python_decorator.py
[2024-09-18T15:34:47.945+0000] {logging_mixin.py:190} INFO - [2024-09-18T15:34:47.945+0000] {dag.py:3229} INFO - Sync 1 DAGs
[2024-09-18T15:34:47.948+0000] {logging_mixin.py:190} INFO - [2024-09-18T15:34:47.948+0000] {dag.py:4156} INFO - Setting next_dagrun for example_python_decorator to None, run_after=None
[2024-09-18T15:34:47.954+0000] {processor.py:208} INFO - Processing /Users/omer/Desktop/MLOPS/7day/.env/lib/python3.11/site-packages/airflow/example_dags/example_python_decorator.py took 0.104 seconds
[2024-09-18T15:36:08.136+0000] {processor.py:186} INFO - Started process (PID=99151) to work on /Users/omer/Desktop/MLOPS/7day/.env/lib/python3.11/site-packages/airflow/example_dags/example_python_decorator.py
[2024-09-18T15:36:08.137+0000] {processor.py:914} INFO - Processing file /Users/omer/Desktop/MLOPS/7day/.env/lib/python3.11/site-packages/airflow/example_dags/example_python_decorator.py for tasks to queue
[2024-09-18T15:36:08.138+0000] {logging_mixin.py:190} INFO - [2024-09-18T15:36:08.138+0000] {dagbag.py:587} INFO - Filling up the DagBag from /Users/omer/Desktop/MLOPS/7day/.env/lib/python3.11/site-packages/airflow/example_dags/example_python_decorator.py
[2024-09-18T15:36:08.151+0000] {processor.py:925} INFO - DAG(s) 'example_python_decorator' retrieved from /Users/omer/Desktop/MLOPS/7day/.env/lib/python3.11/site-packages/airflow/example_dags/example_python_decorator.py
[2024-09-18T15:36:08.234+0000] {logging_mixin.py:190} INFO - [2024-09-18T15:36:08.234+0000] {dag.py:3229} INFO - Sync 1 DAGs
[2024-09-18T15:36:08.237+0000] {logging_mixin.py:190} INFO - [2024-09-18T15:36:08.237+0000] {dag.py:4156} INFO - Setting next_dagrun for example_python_decorator to None, run_after=None
[2024-09-18T15:36:08.243+0000] {processor.py:208} INFO - Processing /Users/omer/Desktop/MLOPS/7day/.env/lib/python3.11/site-packages/airflow/example_dags/example_python_decorator.py took 0.107 seconds
