[2024-09-18T14:49:41.220+0000] {processor.py:186} INFO - Started process (PID=94055) to work on /Users/omer/Desktop/MLOPS/7day/.env/lib/python3.11/site-packages/airflow/example_dags/example_branch_day_of_week_operator.py
[2024-09-18T14:49:41.221+0000] {processor.py:914} INFO - Processing file /Users/omer/Desktop/MLOPS/7day/.env/lib/python3.11/site-packages/airflow/example_dags/example_branch_day_of_week_operator.py for tasks to queue
[2024-09-18T14:49:41.221+0000] {logging_mixin.py:190} INFO - [2024-09-18T14:49:41.221+0000] {dagbag.py:587} INFO - Filling up the DagBag from /Users/omer/Desktop/MLOPS/7day/.env/lib/python3.11/site-packages/airflow/example_dags/example_branch_day_of_week_operator.py
[2024-09-18T14:49:41.224+0000] {processor.py:925} INFO - DAG(s) 'example_weekday_branch_operator' retrieved from /Users/omer/Desktop/MLOPS/7day/.env/lib/python3.11/site-packages/airflow/example_dags/example_branch_day_of_week_operator.py
[2024-09-18T14:49:41.292+0000] {logging_mixin.py:190} INFO - [2024-09-18T14:49:41.292+0000] {override.py:1900} INFO - Created Permission View: can read on DAG:example_weekday_branch_operator
[2024-09-18T14:49:41.294+0000] {logging_mixin.py:190} INFO - [2024-09-18T14:49:41.294+0000] {override.py:1900} INFO - Created Permission View: can edit on DAG:example_weekday_branch_operator
[2024-09-18T14:49:41.296+0000] {logging_mixin.py:190} INFO - [2024-09-18T14:49:41.296+0000] {override.py:1900} INFO - Created Permission View: can delete on DAG:example_weekday_branch_operator
[2024-09-18T14:49:41.298+0000] {logging_mixin.py:190} INFO - [2024-09-18T14:49:41.298+0000] {override.py:1900} INFO - Created Permission View: can read on DAG Run:example_weekday_branch_operator
[2024-09-18T14:49:41.300+0000] {logging_mixin.py:190} INFO - [2024-09-18T14:49:41.299+0000] {override.py:1900} INFO - Created Permission View: can create on DAG Run:example_weekday_branch_operator
[2024-09-18T14:49:41.301+0000] {logging_mixin.py:190} INFO - [2024-09-18T14:49:41.301+0000] {override.py:1900} INFO - Created Permission View: menu access on DAG Run:example_weekday_branch_operator
[2024-09-18T14:49:41.302+0000] {logging_mixin.py:190} INFO - [2024-09-18T14:49:41.302+0000] {override.py:1900} INFO - Created Permission View: can delete on DAG Run:example_weekday_branch_operator
[2024-09-18T14:49:41.302+0000] {logging_mixin.py:190} INFO - [2024-09-18T14:49:41.302+0000] {dag.py:3229} INFO - Sync 1 DAGs
[2024-09-18T14:49:41.306+0000] {logging_mixin.py:190} INFO - [2024-09-18T14:49:41.306+0000] {dag.py:3252} INFO - Creating ORM DAG for example_weekday_branch_operator
[2024-09-18T14:49:41.308+0000] {logging_mixin.py:190} INFO - [2024-09-18T14:49:41.308+0000] {dag.py:4156} INFO - Setting next_dagrun for example_weekday_branch_operator to 2024-09-17 00:00:00+00:00, run_after=2024-09-18 00:00:00+00:00
[2024-09-18T14:49:41.312+0000] {processor.py:208} INFO - Processing /Users/omer/Desktop/MLOPS/7day/.env/lib/python3.11/site-packages/airflow/example_dags/example_branch_day_of_week_operator.py took 0.093 seconds
[2024-09-18T14:51:19.806+0000] {processor.py:186} INFO - Started process (PID=94312) to work on /Users/omer/Desktop/MLOPS/7day/.env/lib/python3.11/site-packages/airflow/example_dags/example_branch_day_of_week_operator.py
[2024-09-18T14:51:19.810+0000] {processor.py:914} INFO - Processing file /Users/omer/Desktop/MLOPS/7day/.env/lib/python3.11/site-packages/airflow/example_dags/example_branch_day_of_week_operator.py for tasks to queue
[2024-09-18T14:51:19.810+0000] {logging_mixin.py:190} INFO - [2024-09-18T14:51:19.810+0000] {dagbag.py:587} INFO - Filling up the DagBag from /Users/omer/Desktop/MLOPS/7day/.env/lib/python3.11/site-packages/airflow/example_dags/example_branch_day_of_week_operator.py
[2024-09-18T14:51:19.816+0000] {processor.py:925} INFO - DAG(s) 'example_weekday_branch_operator' retrieved from /Users/omer/Desktop/MLOPS/7day/.env/lib/python3.11/site-packages/airflow/example_dags/example_branch_day_of_week_operator.py
[2024-09-18T14:51:19.853+0000] {logging_mixin.py:190} INFO - [2024-09-18T14:51:19.851+0000] {dag.py:3229} INFO - Sync 1 DAGs
[2024-09-18T14:51:19.865+0000] {logging_mixin.py:190} INFO - [2024-09-18T14:51:19.865+0000] {dag.py:4156} INFO - Setting next_dagrun for example_weekday_branch_operator to 2024-09-17 00:00:00+00:00, run_after=2024-09-18 00:00:00+00:00
[2024-09-18T14:51:19.880+0000] {processor.py:208} INFO - Processing /Users/omer/Desktop/MLOPS/7day/.env/lib/python3.11/site-packages/airflow/example_dags/example_branch_day_of_week_operator.py took 0.076 seconds
[2024-09-18T14:53:01.570+0000] {processor.py:186} INFO - Started process (PID=94527) to work on /Users/omer/Desktop/MLOPS/7day/.env/lib/python3.11/site-packages/airflow/example_dags/example_branch_day_of_week_operator.py
[2024-09-18T14:53:01.571+0000] {processor.py:914} INFO - Processing file /Users/omer/Desktop/MLOPS/7day/.env/lib/python3.11/site-packages/airflow/example_dags/example_branch_day_of_week_operator.py for tasks to queue
[2024-09-18T14:53:01.572+0000] {logging_mixin.py:190} INFO - [2024-09-18T14:53:01.572+0000] {dagbag.py:587} INFO - Filling up the DagBag from /Users/omer/Desktop/MLOPS/7day/.env/lib/python3.11/site-packages/airflow/example_dags/example_branch_day_of_week_operator.py
[2024-09-18T14:53:01.575+0000] {processor.py:925} INFO - DAG(s) 'example_weekday_branch_operator' retrieved from /Users/omer/Desktop/MLOPS/7day/.env/lib/python3.11/site-packages/airflow/example_dags/example_branch_day_of_week_operator.py
[2024-09-18T14:53:01.601+0000] {logging_mixin.py:190} INFO - [2024-09-18T14:53:01.601+0000] {dag.py:3229} INFO - Sync 1 DAGs
[2024-09-18T14:53:01.606+0000] {logging_mixin.py:190} INFO - [2024-09-18T14:53:01.606+0000] {dag.py:4156} INFO - Setting next_dagrun for example_weekday_branch_operator to 2024-09-17 00:00:00+00:00, run_after=2024-09-18 00:00:00+00:00
[2024-09-18T14:53:01.611+0000] {processor.py:208} INFO - Processing /Users/omer/Desktop/MLOPS/7day/.env/lib/python3.11/site-packages/airflow/example_dags/example_branch_day_of_week_operator.py took 0.041 seconds
[2024-09-18T14:54:40.305+0000] {processor.py:186} INFO - Started process (PID=94699) to work on /Users/omer/Desktop/MLOPS/7day/.env/lib/python3.11/site-packages/airflow/example_dags/example_branch_day_of_week_operator.py
[2024-09-18T14:54:40.306+0000] {processor.py:914} INFO - Processing file /Users/omer/Desktop/MLOPS/7day/.env/lib/python3.11/site-packages/airflow/example_dags/example_branch_day_of_week_operator.py for tasks to queue
[2024-09-18T14:54:40.306+0000] {logging_mixin.py:190} INFO - [2024-09-18T14:54:40.306+0000] {dagbag.py:587} INFO - Filling up the DagBag from /Users/omer/Desktop/MLOPS/7day/.env/lib/python3.11/site-packages/airflow/example_dags/example_branch_day_of_week_operator.py
[2024-09-18T14:54:40.310+0000] {processor.py:925} INFO - DAG(s) 'example_weekday_branch_operator' retrieved from /Users/omer/Desktop/MLOPS/7day/.env/lib/python3.11/site-packages/airflow/example_dags/example_branch_day_of_week_operator.py
[2024-09-18T14:54:40.335+0000] {logging_mixin.py:190} INFO - [2024-09-18T14:54:40.335+0000] {dag.py:3229} INFO - Sync 1 DAGs
[2024-09-18T14:54:40.340+0000] {logging_mixin.py:190} INFO - [2024-09-18T14:54:40.340+0000] {dag.py:4156} INFO - Setting next_dagrun for example_weekday_branch_operator to 2024-09-17 00:00:00+00:00, run_after=2024-09-18 00:00:00+00:00
[2024-09-18T14:54:40.345+0000] {processor.py:208} INFO - Processing /Users/omer/Desktop/MLOPS/7day/.env/lib/python3.11/site-packages/airflow/example_dags/example_branch_day_of_week_operator.py took 0.041 seconds
[2024-09-18T15:22:00.081+0000] {processor.py:186} INFO - Started process (PID=97227) to work on /Users/omer/Desktop/MLOPS/7day/.env/lib/python3.11/site-packages/airflow/example_dags/example_branch_day_of_week_operator.py
[2024-09-18T15:22:00.082+0000] {processor.py:914} INFO - Processing file /Users/omer/Desktop/MLOPS/7day/.env/lib/python3.11/site-packages/airflow/example_dags/example_branch_day_of_week_operator.py for tasks to queue
[2024-09-18T15:22:00.083+0000] {logging_mixin.py:190} INFO - [2024-09-18T15:22:00.083+0000] {dagbag.py:587} INFO - Filling up the DagBag from /Users/omer/Desktop/MLOPS/7day/.env/lib/python3.11/site-packages/airflow/example_dags/example_branch_day_of_week_operator.py
[2024-09-18T15:22:00.086+0000] {processor.py:925} INFO - DAG(s) 'example_weekday_branch_operator' retrieved from /Users/omer/Desktop/MLOPS/7day/.env/lib/python3.11/site-packages/airflow/example_dags/example_branch_day_of_week_operator.py
[2024-09-18T15:22:00.112+0000] {logging_mixin.py:190} INFO - [2024-09-18T15:22:00.112+0000] {dag.py:3229} INFO - Sync 1 DAGs
[2024-09-18T15:22:00.117+0000] {logging_mixin.py:190} INFO - [2024-09-18T15:22:00.117+0000] {dag.py:4156} INFO - Setting next_dagrun for example_weekday_branch_operator to 2024-09-17 00:00:00+00:00, run_after=2024-09-18 00:00:00+00:00
[2024-09-18T15:22:00.122+0000] {processor.py:208} INFO - Processing /Users/omer/Desktop/MLOPS/7day/.env/lib/python3.11/site-packages/airflow/example_dags/example_branch_day_of_week_operator.py took 0.041 seconds
[2024-09-18T15:27:44.670+0000] {processor.py:186} INFO - Started process (PID=97853) to work on /Users/omer/Desktop/MLOPS/7day/.env/lib/python3.11/site-packages/airflow/example_dags/example_branch_day_of_week_operator.py
[2024-09-18T15:27:44.672+0000] {processor.py:914} INFO - Processing file /Users/omer/Desktop/MLOPS/7day/.env/lib/python3.11/site-packages/airflow/example_dags/example_branch_day_of_week_operator.py for tasks to queue
[2024-09-18T15:27:44.672+0000] {logging_mixin.py:190} INFO - [2024-09-18T15:27:44.672+0000] {dagbag.py:587} INFO - Filling up the DagBag from /Users/omer/Desktop/MLOPS/7day/.env/lib/python3.11/site-packages/airflow/example_dags/example_branch_day_of_week_operator.py
[2024-09-18T15:27:44.675+0000] {processor.py:925} INFO - DAG(s) 'example_weekday_branch_operator' retrieved from /Users/omer/Desktop/MLOPS/7day/.env/lib/python3.11/site-packages/airflow/example_dags/example_branch_day_of_week_operator.py
[2024-09-18T15:27:44.701+0000] {logging_mixin.py:190} INFO - [2024-09-18T15:27:44.701+0000] {dag.py:3229} INFO - Sync 1 DAGs
[2024-09-18T15:27:44.706+0000] {logging_mixin.py:190} INFO - [2024-09-18T15:27:44.706+0000] {dag.py:4156} INFO - Setting next_dagrun for example_weekday_branch_operator to 2024-09-17 00:00:00+00:00, run_after=2024-09-18 00:00:00+00:00
[2024-09-18T15:27:44.711+0000] {processor.py:208} INFO - Processing /Users/omer/Desktop/MLOPS/7day/.env/lib/python3.11/site-packages/airflow/example_dags/example_branch_day_of_week_operator.py took 0.042 seconds
[2024-09-18T15:29:25.203+0000] {processor.py:186} INFO - Started process (PID=98124) to work on /Users/omer/Desktop/MLOPS/7day/.env/lib/python3.11/site-packages/airflow/example_dags/example_branch_day_of_week_operator.py
[2024-09-18T15:29:25.204+0000] {processor.py:914} INFO - Processing file /Users/omer/Desktop/MLOPS/7day/.env/lib/python3.11/site-packages/airflow/example_dags/example_branch_day_of_week_operator.py for tasks to queue
[2024-09-18T15:29:25.204+0000] {logging_mixin.py:190} INFO - [2024-09-18T15:29:25.204+0000] {dagbag.py:587} INFO - Filling up the DagBag from /Users/omer/Desktop/MLOPS/7day/.env/lib/python3.11/site-packages/airflow/example_dags/example_branch_day_of_week_operator.py
[2024-09-18T15:29:25.208+0000] {processor.py:925} INFO - DAG(s) 'example_weekday_branch_operator' retrieved from /Users/omer/Desktop/MLOPS/7day/.env/lib/python3.11/site-packages/airflow/example_dags/example_branch_day_of_week_operator.py
[2024-09-18T15:29:25.234+0000] {logging_mixin.py:190} INFO - [2024-09-18T15:29:25.234+0000] {dag.py:3229} INFO - Sync 1 DAGs
[2024-09-18T15:29:25.239+0000] {logging_mixin.py:190} INFO - [2024-09-18T15:29:25.238+0000] {dag.py:4156} INFO - Setting next_dagrun for example_weekday_branch_operator to 2024-09-17 00:00:00+00:00, run_after=2024-09-18 00:00:00+00:00
[2024-09-18T15:29:25.243+0000] {processor.py:208} INFO - Processing /Users/omer/Desktop/MLOPS/7day/.env/lib/python3.11/site-packages/airflow/example_dags/example_branch_day_of_week_operator.py took 0.041 seconds
[2024-09-18T15:31:02.622+0000] {processor.py:186} INFO - Started process (PID=98394) to work on /Users/omer/Desktop/MLOPS/7day/.env/lib/python3.11/site-packages/airflow/example_dags/example_branch_day_of_week_operator.py
[2024-09-18T15:31:02.623+0000] {processor.py:914} INFO - Processing file /Users/omer/Desktop/MLOPS/7day/.env/lib/python3.11/site-packages/airflow/example_dags/example_branch_day_of_week_operator.py for tasks to queue
[2024-09-18T15:31:02.623+0000] {logging_mixin.py:190} INFO - [2024-09-18T15:31:02.623+0000] {dagbag.py:587} INFO - Filling up the DagBag from /Users/omer/Desktop/MLOPS/7day/.env/lib/python3.11/site-packages/airflow/example_dags/example_branch_day_of_week_operator.py
[2024-09-18T15:31:02.627+0000] {processor.py:925} INFO - DAG(s) 'example_weekday_branch_operator' retrieved from /Users/omer/Desktop/MLOPS/7day/.env/lib/python3.11/site-packages/airflow/example_dags/example_branch_day_of_week_operator.py
[2024-09-18T15:31:02.653+0000] {logging_mixin.py:190} INFO - [2024-09-18T15:31:02.653+0000] {dag.py:3229} INFO - Sync 1 DAGs
[2024-09-18T15:31:02.658+0000] {logging_mixin.py:190} INFO - [2024-09-18T15:31:02.658+0000] {dag.py:4156} INFO - Setting next_dagrun for example_weekday_branch_operator to 2024-09-17 00:00:00+00:00, run_after=2024-09-18 00:00:00+00:00
[2024-09-18T15:31:02.663+0000] {processor.py:208} INFO - Processing /Users/omer/Desktop/MLOPS/7day/.env/lib/python3.11/site-packages/airflow/example_dags/example_branch_day_of_week_operator.py took 0.041 seconds
[2024-09-18T15:32:40.885+0000] {processor.py:186} INFO - Started process (PID=98684) to work on /Users/omer/Desktop/MLOPS/7day/.env/lib/python3.11/site-packages/airflow/example_dags/example_branch_day_of_week_operator.py
[2024-09-18T15:32:40.886+0000] {processor.py:914} INFO - Processing file /Users/omer/Desktop/MLOPS/7day/.env/lib/python3.11/site-packages/airflow/example_dags/example_branch_day_of_week_operator.py for tasks to queue
[2024-09-18T15:32:40.886+0000] {logging_mixin.py:190} INFO - [2024-09-18T15:32:40.886+0000] {dagbag.py:587} INFO - Filling up the DagBag from /Users/omer/Desktop/MLOPS/7day/.env/lib/python3.11/site-packages/airflow/example_dags/example_branch_day_of_week_operator.py
[2024-09-18T15:32:40.890+0000] {processor.py:925} INFO - DAG(s) 'example_weekday_branch_operator' retrieved from /Users/omer/Desktop/MLOPS/7day/.env/lib/python3.11/site-packages/airflow/example_dags/example_branch_day_of_week_operator.py
[2024-09-18T15:32:40.917+0000] {logging_mixin.py:190} INFO - [2024-09-18T15:32:40.917+0000] {dag.py:3229} INFO - Sync 1 DAGs
[2024-09-18T15:32:40.923+0000] {logging_mixin.py:190} INFO - [2024-09-18T15:32:40.922+0000] {dag.py:4156} INFO - Setting next_dagrun for example_weekday_branch_operator to 2024-09-17 00:00:00+00:00, run_after=2024-09-18 00:00:00+00:00
[2024-09-18T15:32:40.927+0000] {processor.py:208} INFO - Processing /Users/omer/Desktop/MLOPS/7day/.env/lib/python3.11/site-packages/airflow/example_dags/example_branch_day_of_week_operator.py took 0.044 seconds
[2024-09-18T15:35:21.481+0000] {processor.py:186} INFO - Started process (PID=99056) to work on /Users/omer/Desktop/MLOPS/7day/.env/lib/python3.11/site-packages/airflow/example_dags/example_branch_day_of_week_operator.py
[2024-09-18T15:35:21.483+0000] {processor.py:914} INFO - Processing file /Users/omer/Desktop/MLOPS/7day/.env/lib/python3.11/site-packages/airflow/example_dags/example_branch_day_of_week_operator.py for tasks to queue
[2024-09-18T15:35:21.483+0000] {logging_mixin.py:190} INFO - [2024-09-18T15:35:21.483+0000] {dagbag.py:587} INFO - Filling up the DagBag from /Users/omer/Desktop/MLOPS/7day/.env/lib/python3.11/site-packages/airflow/example_dags/example_branch_day_of_week_operator.py
[2024-09-18T15:35:21.486+0000] {processor.py:925} INFO - DAG(s) 'example_weekday_branch_operator' retrieved from /Users/omer/Desktop/MLOPS/7day/.env/lib/python3.11/site-packages/airflow/example_dags/example_branch_day_of_week_operator.py
[2024-09-18T15:35:21.512+0000] {logging_mixin.py:190} INFO - [2024-09-18T15:35:21.512+0000] {dag.py:3229} INFO - Sync 1 DAGs
[2024-09-18T15:35:21.517+0000] {logging_mixin.py:190} INFO - [2024-09-18T15:35:21.517+0000] {dag.py:4156} INFO - Setting next_dagrun for example_weekday_branch_operator to 2024-09-17 00:00:00+00:00, run_after=2024-09-18 00:00:00+00:00
[2024-09-18T15:35:21.522+0000] {processor.py:208} INFO - Processing /Users/omer/Desktop/MLOPS/7day/.env/lib/python3.11/site-packages/airflow/example_dags/example_branch_day_of_week_operator.py took 0.042 seconds
