[2024-09-18T14:49:16.754+0000] {processor.py:186} INFO - Started process (PID=93978) to work on /Users/omer/Desktop/MLOPS/7day/.env/lib/python3.11/site-packages/airflow/example_dags/example_latest_only_with_trigger.py
[2024-09-18T14:49:16.754+0000] {processor.py:914} INFO - Processing file /Users/omer/Desktop/MLOPS/7day/.env/lib/python3.11/site-packages/airflow/example_dags/example_latest_only_with_trigger.py for tasks to queue
[2024-09-18T14:49:16.754+0000] {logging_mixin.py:190} INFO - [2024-09-18T14:49:16.754+0000] {dagbag.py:587} INFO - Filling up the DagBag from /Users/omer/Desktop/MLOPS/7day/.env/lib/python3.11/site-packages/airflow/example_dags/example_latest_only_with_trigger.py
[2024-09-18T14:49:16.757+0000] {processor.py:925} INFO - DAG(s) 'latest_only_with_trigger' retrieved from /Users/omer/Desktop/MLOPS/7day/.env/lib/python3.11/site-packages/airflow/example_dags/example_latest_only_with_trigger.py
[2024-09-18T14:49:16.826+0000] {logging_mixin.py:190} INFO - [2024-09-18T14:49:16.826+0000] {override.py:1900} INFO - Created Permission View: can delete on DAG:latest_only_with_trigger
[2024-09-18T14:49:16.828+0000] {logging_mixin.py:190} INFO - [2024-09-18T14:49:16.828+0000] {override.py:1900} INFO - Created Permission View: can read on DAG:latest_only_with_trigger
[2024-09-18T14:49:16.830+0000] {logging_mixin.py:190} INFO - [2024-09-18T14:49:16.830+0000] {override.py:1900} INFO - Created Permission View: can edit on DAG:latest_only_with_trigger
[2024-09-18T14:49:16.832+0000] {logging_mixin.py:190} INFO - [2024-09-18T14:49:16.832+0000] {override.py:1900} INFO - Created Permission View: can delete on DAG Run:latest_only_with_trigger
[2024-09-18T14:49:16.834+0000] {logging_mixin.py:190} INFO - [2024-09-18T14:49:16.834+0000] {override.py:1900} INFO - Created Permission View: menu access on DAG Run:latest_only_with_trigger
[2024-09-18T14:49:16.835+0000] {logging_mixin.py:190} INFO - [2024-09-18T14:49:16.835+0000] {override.py:1900} INFO - Created Permission View: can read on DAG Run:latest_only_with_trigger
[2024-09-18T14:49:16.837+0000] {logging_mixin.py:190} INFO - [2024-09-18T14:49:16.836+0000] {override.py:1900} INFO - Created Permission View: can create on DAG Run:latest_only_with_trigger
[2024-09-18T14:49:16.837+0000] {logging_mixin.py:190} INFO - [2024-09-18T14:49:16.837+0000] {dag.py:3229} INFO - Sync 1 DAGs
[2024-09-18T14:49:16.840+0000] {logging_mixin.py:190} INFO - [2024-09-18T14:49:16.840+0000] {dag.py:3252} INFO - Creating ORM DAG for latest_only_with_trigger
[2024-09-18T14:49:16.842+0000] {logging_mixin.py:190} INFO - [2024-09-18T14:49:16.842+0000] {dag.py:4156} INFO - Setting next_dagrun for latest_only_with_trigger to 2024-09-18 08:00:00+00:00, run_after=2024-09-18 12:00:00+00:00
[2024-09-18T14:49:16.847+0000] {processor.py:208} INFO - Processing /Users/omer/Desktop/MLOPS/7day/.env/lib/python3.11/site-packages/airflow/example_dags/example_latest_only_with_trigger.py took 0.094 seconds
[2024-09-18T14:50:55.815+0000] {processor.py:186} INFO - Started process (PID=94262) to work on /Users/omer/Desktop/MLOPS/7day/.env/lib/python3.11/site-packages/airflow/example_dags/example_latest_only_with_trigger.py
[2024-09-18T14:50:55.815+0000] {processor.py:914} INFO - Processing file /Users/omer/Desktop/MLOPS/7day/.env/lib/python3.11/site-packages/airflow/example_dags/example_latest_only_with_trigger.py for tasks to queue
[2024-09-18T14:50:55.816+0000] {logging_mixin.py:190} INFO - [2024-09-18T14:50:55.816+0000] {dagbag.py:587} INFO - Filling up the DagBag from /Users/omer/Desktop/MLOPS/7day/.env/lib/python3.11/site-packages/airflow/example_dags/example_latest_only_with_trigger.py
[2024-09-18T14:50:55.818+0000] {processor.py:925} INFO - DAG(s) 'latest_only_with_trigger' retrieved from /Users/omer/Desktop/MLOPS/7day/.env/lib/python3.11/site-packages/airflow/example_dags/example_latest_only_with_trigger.py
[2024-09-18T14:50:55.845+0000] {logging_mixin.py:190} INFO - [2024-09-18T14:50:55.845+0000] {dag.py:3229} INFO - Sync 1 DAGs
[2024-09-18T14:50:55.850+0000] {logging_mixin.py:190} INFO - [2024-09-18T14:50:55.850+0000] {dag.py:4156} INFO - Setting next_dagrun for latest_only_with_trigger to 2024-09-18 08:00:00+00:00, run_after=2024-09-18 12:00:00+00:00
[2024-09-18T14:50:55.855+0000] {processor.py:208} INFO - Processing /Users/omer/Desktop/MLOPS/7day/.env/lib/python3.11/site-packages/airflow/example_dags/example_latest_only_with_trigger.py took 0.041 seconds
[2024-09-18T14:52:36.103+0000] {processor.py:186} INFO - Started process (PID=94478) to work on /Users/omer/Desktop/MLOPS/7day/.env/lib/python3.11/site-packages/airflow/example_dags/example_latest_only_with_trigger.py
[2024-09-18T14:52:36.104+0000] {processor.py:914} INFO - Processing file /Users/omer/Desktop/MLOPS/7day/.env/lib/python3.11/site-packages/airflow/example_dags/example_latest_only_with_trigger.py for tasks to queue
[2024-09-18T14:52:36.104+0000] {logging_mixin.py:190} INFO - [2024-09-18T14:52:36.104+0000] {dagbag.py:587} INFO - Filling up the DagBag from /Users/omer/Desktop/MLOPS/7day/.env/lib/python3.11/site-packages/airflow/example_dags/example_latest_only_with_trigger.py
[2024-09-18T14:52:36.107+0000] {processor.py:925} INFO - DAG(s) 'latest_only_with_trigger' retrieved from /Users/omer/Desktop/MLOPS/7day/.env/lib/python3.11/site-packages/airflow/example_dags/example_latest_only_with_trigger.py
[2024-09-18T14:52:36.134+0000] {logging_mixin.py:190} INFO - [2024-09-18T14:52:36.134+0000] {dag.py:3229} INFO - Sync 1 DAGs
[2024-09-18T14:52:36.139+0000] {logging_mixin.py:190} INFO - [2024-09-18T14:52:36.139+0000] {dag.py:4156} INFO - Setting next_dagrun for latest_only_with_trigger to 2024-09-18 08:00:00+00:00, run_after=2024-09-18 12:00:00+00:00
[2024-09-18T14:52:36.145+0000] {processor.py:208} INFO - Processing /Users/omer/Desktop/MLOPS/7day/.env/lib/python3.11/site-packages/airflow/example_dags/example_latest_only_with_trigger.py took 0.042 seconds
[2024-09-18T14:53:55.416+0000] {processor.py:186} INFO - Started process (PID=94615) to work on /Users/omer/Desktop/MLOPS/7day/.env/lib/python3.11/site-packages/airflow/example_dags/example_latest_only_with_trigger.py
[2024-09-18T14:53:55.417+0000] {processor.py:914} INFO - Processing file /Users/omer/Desktop/MLOPS/7day/.env/lib/python3.11/site-packages/airflow/example_dags/example_latest_only_with_trigger.py for tasks to queue
[2024-09-18T14:53:55.417+0000] {logging_mixin.py:190} INFO - [2024-09-18T14:53:55.417+0000] {dagbag.py:587} INFO - Filling up the DagBag from /Users/omer/Desktop/MLOPS/7day/.env/lib/python3.11/site-packages/airflow/example_dags/example_latest_only_with_trigger.py
[2024-09-18T14:53:55.420+0000] {processor.py:925} INFO - DAG(s) 'latest_only_with_trigger' retrieved from /Users/omer/Desktop/MLOPS/7day/.env/lib/python3.11/site-packages/airflow/example_dags/example_latest_only_with_trigger.py
[2024-09-18T14:53:55.446+0000] {logging_mixin.py:190} INFO - [2024-09-18T14:53:55.446+0000] {dag.py:3229} INFO - Sync 1 DAGs
[2024-09-18T14:53:55.451+0000] {logging_mixin.py:190} INFO - [2024-09-18T14:53:55.451+0000] {dag.py:4156} INFO - Setting next_dagrun for latest_only_with_trigger to 2024-09-18 08:00:00+00:00, run_after=2024-09-18 12:00:00+00:00
[2024-09-18T14:53:55.456+0000] {processor.py:208} INFO - Processing /Users/omer/Desktop/MLOPS/7day/.env/lib/python3.11/site-packages/airflow/example_dags/example_latest_only_with_trigger.py took 0.041 seconds
[2024-09-18T15:21:36.057+0000] {processor.py:186} INFO - Started process (PID=97180) to work on /Users/omer/Desktop/MLOPS/7day/.env/lib/python3.11/site-packages/airflow/example_dags/example_latest_only_with_trigger.py
[2024-09-18T15:21:36.057+0000] {processor.py:914} INFO - Processing file /Users/omer/Desktop/MLOPS/7day/.env/lib/python3.11/site-packages/airflow/example_dags/example_latest_only_with_trigger.py for tasks to queue
[2024-09-18T15:21:36.057+0000] {logging_mixin.py:190} INFO - [2024-09-18T15:21:36.057+0000] {dagbag.py:587} INFO - Filling up the DagBag from /Users/omer/Desktop/MLOPS/7day/.env/lib/python3.11/site-packages/airflow/example_dags/example_latest_only_with_trigger.py
[2024-09-18T15:21:36.060+0000] {processor.py:925} INFO - DAG(s) 'latest_only_with_trigger' retrieved from /Users/omer/Desktop/MLOPS/7day/.env/lib/python3.11/site-packages/airflow/example_dags/example_latest_only_with_trigger.py
[2024-09-18T15:21:36.089+0000] {logging_mixin.py:190} INFO - [2024-09-18T15:21:36.089+0000] {dag.py:3229} INFO - Sync 1 DAGs
[2024-09-18T15:21:36.095+0000] {logging_mixin.py:190} INFO - [2024-09-18T15:21:36.095+0000] {dag.py:4156} INFO - Setting next_dagrun for latest_only_with_trigger to 2024-09-18 08:00:00+00:00, run_after=2024-09-18 12:00:00+00:00
[2024-09-18T15:21:36.100+0000] {processor.py:208} INFO - Processing /Users/omer/Desktop/MLOPS/7day/.env/lib/python3.11/site-packages/airflow/example_dags/example_latest_only_with_trigger.py took 0.045 seconds
[2024-09-18T15:23:15.332+0000] {processor.py:186} INFO - Started process (PID=97355) to work on /Users/omer/Desktop/MLOPS/7day/.env/lib/python3.11/site-packages/airflow/example_dags/example_latest_only_with_trigger.py
[2024-09-18T15:23:15.332+0000] {processor.py:914} INFO - Processing file /Users/omer/Desktop/MLOPS/7day/.env/lib/python3.11/site-packages/airflow/example_dags/example_latest_only_with_trigger.py for tasks to queue
[2024-09-18T15:23:15.332+0000] {logging_mixin.py:190} INFO - [2024-09-18T15:23:15.332+0000] {dagbag.py:587} INFO - Filling up the DagBag from /Users/omer/Desktop/MLOPS/7day/.env/lib/python3.11/site-packages/airflow/example_dags/example_latest_only_with_trigger.py
[2024-09-18T15:23:15.335+0000] {processor.py:925} INFO - DAG(s) 'latest_only_with_trigger' retrieved from /Users/omer/Desktop/MLOPS/7day/.env/lib/python3.11/site-packages/airflow/example_dags/example_latest_only_with_trigger.py
[2024-09-18T15:23:15.362+0000] {logging_mixin.py:190} INFO - [2024-09-18T15:23:15.362+0000] {dag.py:3229} INFO - Sync 1 DAGs
[2024-09-18T15:23:15.367+0000] {logging_mixin.py:190} INFO - [2024-09-18T15:23:15.366+0000] {dag.py:4156} INFO - Setting next_dagrun for latest_only_with_trigger to 2024-09-18 08:00:00+00:00, run_after=2024-09-18 12:00:00+00:00
[2024-09-18T15:23:15.372+0000] {processor.py:208} INFO - Processing /Users/omer/Desktop/MLOPS/7day/.env/lib/python3.11/site-packages/airflow/example_dags/example_latest_only_with_trigger.py took 0.041 seconds
[2024-09-18T15:27:20.268+0000] {processor.py:186} INFO - Started process (PID=97817) to work on /Users/omer/Desktop/MLOPS/7day/.env/lib/python3.11/site-packages/airflow/example_dags/example_latest_only_with_trigger.py
[2024-09-18T15:27:20.269+0000] {processor.py:914} INFO - Processing file /Users/omer/Desktop/MLOPS/7day/.env/lib/python3.11/site-packages/airflow/example_dags/example_latest_only_with_trigger.py for tasks to queue
[2024-09-18T15:27:20.269+0000] {logging_mixin.py:190} INFO - [2024-09-18T15:27:20.269+0000] {dagbag.py:587} INFO - Filling up the DagBag from /Users/omer/Desktop/MLOPS/7day/.env/lib/python3.11/site-packages/airflow/example_dags/example_latest_only_with_trigger.py
[2024-09-18T15:27:20.271+0000] {processor.py:925} INFO - DAG(s) 'latest_only_with_trigger' retrieved from /Users/omer/Desktop/MLOPS/7day/.env/lib/python3.11/site-packages/airflow/example_dags/example_latest_only_with_trigger.py
[2024-09-18T15:27:20.298+0000] {logging_mixin.py:190} INFO - [2024-09-18T15:27:20.297+0000] {dag.py:3229} INFO - Sync 1 DAGs
[2024-09-18T15:27:20.303+0000] {logging_mixin.py:190} INFO - [2024-09-18T15:27:20.302+0000] {dag.py:4156} INFO - Setting next_dagrun for latest_only_with_trigger to 2024-09-18 08:00:00+00:00, run_after=2024-09-18 12:00:00+00:00
[2024-09-18T15:27:20.307+0000] {processor.py:208} INFO - Processing /Users/omer/Desktop/MLOPS/7day/.env/lib/python3.11/site-packages/airflow/example_dags/example_latest_only_with_trigger.py took 0.041 seconds
[2024-09-18T15:28:40.088+0000] {processor.py:186} INFO - Started process (PID=98021) to work on /Users/omer/Desktop/MLOPS/7day/.env/lib/python3.11/site-packages/airflow/example_dags/example_latest_only_with_trigger.py
[2024-09-18T15:28:40.089+0000] {processor.py:914} INFO - Processing file /Users/omer/Desktop/MLOPS/7day/.env/lib/python3.11/site-packages/airflow/example_dags/example_latest_only_with_trigger.py for tasks to queue
[2024-09-18T15:28:40.090+0000] {logging_mixin.py:190} INFO - [2024-09-18T15:28:40.090+0000] {dagbag.py:587} INFO - Filling up the DagBag from /Users/omer/Desktop/MLOPS/7day/.env/lib/python3.11/site-packages/airflow/example_dags/example_latest_only_with_trigger.py
[2024-09-18T15:28:40.092+0000] {processor.py:925} INFO - DAG(s) 'latest_only_with_trigger' retrieved from /Users/omer/Desktop/MLOPS/7day/.env/lib/python3.11/site-packages/airflow/example_dags/example_latest_only_with_trigger.py
[2024-09-18T15:28:40.118+0000] {logging_mixin.py:190} INFO - [2024-09-18T15:28:40.118+0000] {dag.py:3229} INFO - Sync 1 DAGs
[2024-09-18T15:28:40.123+0000] {logging_mixin.py:190} INFO - [2024-09-18T15:28:40.123+0000] {dag.py:4156} INFO - Setting next_dagrun for latest_only_with_trigger to 2024-09-18 08:00:00+00:00, run_after=2024-09-18 12:00:00+00:00
[2024-09-18T15:28:40.128+0000] {processor.py:208} INFO - Processing /Users/omer/Desktop/MLOPS/7day/.env/lib/python3.11/site-packages/airflow/example_dags/example_latest_only_with_trigger.py took 0.040 seconds
[2024-09-18T15:30:18.085+0000] {processor.py:186} INFO - Started process (PID=98288) to work on /Users/omer/Desktop/MLOPS/7day/.env/lib/python3.11/site-packages/airflow/example_dags/example_latest_only_with_trigger.py
[2024-09-18T15:30:18.085+0000] {processor.py:914} INFO - Processing file /Users/omer/Desktop/MLOPS/7day/.env/lib/python3.11/site-packages/airflow/example_dags/example_latest_only_with_trigger.py for tasks to queue
[2024-09-18T15:30:18.085+0000] {logging_mixin.py:190} INFO - [2024-09-18T15:30:18.085+0000] {dagbag.py:587} INFO - Filling up the DagBag from /Users/omer/Desktop/MLOPS/7day/.env/lib/python3.11/site-packages/airflow/example_dags/example_latest_only_with_trigger.py
[2024-09-18T15:30:18.088+0000] {processor.py:925} INFO - DAG(s) 'latest_only_with_trigger' retrieved from /Users/omer/Desktop/MLOPS/7day/.env/lib/python3.11/site-packages/airflow/example_dags/example_latest_only_with_trigger.py
[2024-09-18T15:30:18.114+0000] {logging_mixin.py:190} INFO - [2024-09-18T15:30:18.114+0000] {dag.py:3229} INFO - Sync 1 DAGs
[2024-09-18T15:30:18.119+0000] {logging_mixin.py:190} INFO - [2024-09-18T15:30:18.119+0000] {dag.py:4156} INFO - Setting next_dagrun for latest_only_with_trigger to 2024-09-18 08:00:00+00:00, run_after=2024-09-18 12:00:00+00:00
[2024-09-18T15:30:18.124+0000] {processor.py:208} INFO - Processing /Users/omer/Desktop/MLOPS/7day/.env/lib/python3.11/site-packages/airflow/example_dags/example_latest_only_with_trigger.py took 0.040 seconds
[2024-09-18T15:31:54.127+0000] {processor.py:186} INFO - Started process (PID=98571) to work on /Users/omer/Desktop/MLOPS/7day/.env/lib/python3.11/site-packages/airflow/example_dags/example_latest_only_with_trigger.py
[2024-09-18T15:31:54.128+0000] {processor.py:914} INFO - Processing file /Users/omer/Desktop/MLOPS/7day/.env/lib/python3.11/site-packages/airflow/example_dags/example_latest_only_with_trigger.py for tasks to queue
[2024-09-18T15:31:54.128+0000] {logging_mixin.py:190} INFO - [2024-09-18T15:31:54.128+0000] {dagbag.py:587} INFO - Filling up the DagBag from /Users/omer/Desktop/MLOPS/7day/.env/lib/python3.11/site-packages/airflow/example_dags/example_latest_only_with_trigger.py
[2024-09-18T15:31:54.131+0000] {processor.py:925} INFO - DAG(s) 'latest_only_with_trigger' retrieved from /Users/omer/Desktop/MLOPS/7day/.env/lib/python3.11/site-packages/airflow/example_dags/example_latest_only_with_trigger.py
[2024-09-18T15:31:54.157+0000] {logging_mixin.py:190} INFO - [2024-09-18T15:31:54.157+0000] {dag.py:3229} INFO - Sync 1 DAGs
[2024-09-18T15:31:54.162+0000] {logging_mixin.py:190} INFO - [2024-09-18T15:31:54.162+0000] {dag.py:4156} INFO - Setting next_dagrun for latest_only_with_trigger to 2024-09-18 08:00:00+00:00, run_after=2024-09-18 12:00:00+00:00
[2024-09-18T15:31:54.167+0000] {processor.py:208} INFO - Processing /Users/omer/Desktop/MLOPS/7day/.env/lib/python3.11/site-packages/airflow/example_dags/example_latest_only_with_trigger.py took 0.040 seconds
[2024-09-18T15:34:57.561+0000] {processor.py:186} INFO - Started process (PID=99012) to work on /Users/omer/Desktop/MLOPS/7day/.env/lib/python3.11/site-packages/airflow/example_dags/example_latest_only_with_trigger.py
[2024-09-18T15:34:57.562+0000] {processor.py:914} INFO - Processing file /Users/omer/Desktop/MLOPS/7day/.env/lib/python3.11/site-packages/airflow/example_dags/example_latest_only_with_trigger.py for tasks to queue
[2024-09-18T15:34:57.562+0000] {logging_mixin.py:190} INFO - [2024-09-18T15:34:57.562+0000] {dagbag.py:587} INFO - Filling up the DagBag from /Users/omer/Desktop/MLOPS/7day/.env/lib/python3.11/site-packages/airflow/example_dags/example_latest_only_with_trigger.py
[2024-09-18T15:34:57.564+0000] {processor.py:925} INFO - DAG(s) 'latest_only_with_trigger' retrieved from /Users/omer/Desktop/MLOPS/7day/.env/lib/python3.11/site-packages/airflow/example_dags/example_latest_only_with_trigger.py
[2024-09-18T15:34:57.591+0000] {logging_mixin.py:190} INFO - [2024-09-18T15:34:57.590+0000] {dag.py:3229} INFO - Sync 1 DAGs
[2024-09-18T15:34:57.595+0000] {logging_mixin.py:190} INFO - [2024-09-18T15:34:57.595+0000] {dag.py:4156} INFO - Setting next_dagrun for latest_only_with_trigger to 2024-09-18 08:00:00+00:00, run_after=2024-09-18 12:00:00+00:00
[2024-09-18T15:34:57.600+0000] {processor.py:208} INFO - Processing /Users/omer/Desktop/MLOPS/7day/.env/lib/python3.11/site-packages/airflow/example_dags/example_latest_only_with_trigger.py took 0.040 seconds
