[2024-09-18T14:48:41.851+0000] {processor.py:186} INFO - Started process (PID=93874) to work on /Users/omer/Desktop/MLOPS/7day/.env/lib/python3.11/site-packages/airflow/example_dags/example_xcom.py
[2024-09-18T14:48:41.851+0000] {processor.py:914} INFO - Processing file /Users/omer/Desktop/MLOPS/7day/.env/lib/python3.11/site-packages/airflow/example_dags/example_xcom.py for tasks to queue
[2024-09-18T14:48:41.852+0000] {logging_mixin.py:190} INFO - [2024-09-18T14:48:41.851+0000] {dagbag.py:587} INFO - Filling up the DagBag from /Users/omer/Desktop/MLOPS/7day/.env/lib/python3.11/site-packages/airflow/example_dags/example_xcom.py
[2024-09-18T14:48:41.862+0000] {processor.py:925} INFO - DAG(s) 'example_xcom' retrieved from /Users/omer/Desktop/MLOPS/7day/.env/lib/python3.11/site-packages/airflow/example_dags/example_xcom.py
[2024-09-18T14:48:41.930+0000] {logging_mixin.py:190} INFO - [2024-09-18T14:48:41.929+0000] {override.py:1900} INFO - Created Permission View: can delete on DAG:example_xcom
[2024-09-18T14:48:41.932+0000] {logging_mixin.py:190} INFO - [2024-09-18T14:48:41.932+0000] {override.py:1900} INFO - Created Permission View: can edit on DAG:example_xcom
[2024-09-18T14:48:41.933+0000] {logging_mixin.py:190} INFO - [2024-09-18T14:48:41.933+0000] {override.py:1900} INFO - Created Permission View: can read on DAG:example_xcom
[2024-09-18T14:48:41.935+0000] {logging_mixin.py:190} INFO - [2024-09-18T14:48:41.935+0000] {override.py:1900} INFO - Created Permission View: can create on DAG Run:example_xcom
[2024-09-18T14:48:41.937+0000] {logging_mixin.py:190} INFO - [2024-09-18T14:48:41.937+0000] {override.py:1900} INFO - Created Permission View: can delete on DAG Run:example_xcom
[2024-09-18T14:48:41.938+0000] {logging_mixin.py:190} INFO - [2024-09-18T14:48:41.938+0000] {override.py:1900} INFO - Created Permission View: menu access on DAG Run:example_xcom
[2024-09-18T14:48:41.940+0000] {logging_mixin.py:190} INFO - [2024-09-18T14:48:41.939+0000] {override.py:1900} INFO - Created Permission View: can read on DAG Run:example_xcom
[2024-09-18T14:48:41.940+0000] {logging_mixin.py:190} INFO - [2024-09-18T14:48:41.940+0000] {dag.py:3229} INFO - Sync 1 DAGs
[2024-09-18T14:48:41.943+0000] {logging_mixin.py:190} INFO - [2024-09-18T14:48:41.943+0000] {dag.py:3252} INFO - Creating ORM DAG for example_xcom
[2024-09-18T14:48:41.945+0000] {logging_mixin.py:190} INFO - [2024-09-18T14:48:41.945+0000] {dag.py:4156} INFO - Setting next_dagrun for example_xcom to 2021-01-01 00:00:00+00:00, run_after=2021-01-01 00:00:00+00:00
[2024-09-18T14:48:41.950+0000] {processor.py:208} INFO - Processing /Users/omer/Desktop/MLOPS/7day/.env/lib/python3.11/site-packages/airflow/example_dags/example_xcom.py took 0.100 seconds
[2024-09-18T14:50:01.999+0000] {processor.py:186} INFO - Started process (PID=94120) to work on /Users/omer/Desktop/MLOPS/7day/.env/lib/python3.11/site-packages/airflow/example_dags/example_xcom.py
[2024-09-18T14:50:02.000+0000] {processor.py:914} INFO - Processing file /Users/omer/Desktop/MLOPS/7day/.env/lib/python3.11/site-packages/airflow/example_dags/example_xcom.py for tasks to queue
[2024-09-18T14:50:02.001+0000] {logging_mixin.py:190} INFO - [2024-09-18T14:50:02.001+0000] {dagbag.py:587} INFO - Filling up the DagBag from /Users/omer/Desktop/MLOPS/7day/.env/lib/python3.11/site-packages/airflow/example_dags/example_xcom.py
[2024-09-18T14:50:02.011+0000] {processor.py:925} INFO - DAG(s) 'example_xcom' retrieved from /Users/omer/Desktop/MLOPS/7day/.env/lib/python3.11/site-packages/airflow/example_dags/example_xcom.py
[2024-09-18T14:50:02.038+0000] {logging_mixin.py:190} INFO - [2024-09-18T14:50:02.037+0000] {dag.py:3229} INFO - Sync 1 DAGs
[2024-09-18T14:50:02.069+0000] {logging_mixin.py:190} INFO - [2024-09-18T14:50:02.069+0000] {dag.py:4156} INFO - Setting next_dagrun for example_xcom to 2021-01-01 00:00:00+00:00, run_after=2021-01-01 00:00:00+00:00
[2024-09-18T14:50:02.075+0000] {processor.py:208} INFO - Processing /Users/omer/Desktop/MLOPS/7day/.env/lib/python3.11/site-packages/airflow/example_dags/example_xcom.py took 0.076 seconds
[2024-09-18T14:50:51.144+0000] {processor.py:186} INFO - Started process (PID=94247) to work on /Users/omer/Desktop/MLOPS/7day/.env/lib/python3.11/site-packages/airflow/example_dags/example_xcom.py
[2024-09-18T14:50:51.144+0000] {processor.py:914} INFO - Processing file /Users/omer/Desktop/MLOPS/7day/.env/lib/python3.11/site-packages/airflow/example_dags/example_xcom.py for tasks to queue
[2024-09-18T14:50:51.145+0000] {logging_mixin.py:190} INFO - [2024-09-18T14:50:51.145+0000] {dagbag.py:587} INFO - Filling up the DagBag from /Users/omer/Desktop/MLOPS/7day/.env/lib/python3.11/site-packages/airflow/example_dags/example_xcom.py
[2024-09-18T14:50:51.155+0000] {processor.py:925} INFO - DAG(s) 'example_xcom' retrieved from /Users/omer/Desktop/MLOPS/7day/.env/lib/python3.11/site-packages/airflow/example_dags/example_xcom.py
[2024-09-18T14:50:51.179+0000] {logging_mixin.py:190} INFO - [2024-09-18T14:50:51.179+0000] {dag.py:3229} INFO - Sync 1 DAGs
[2024-09-18T14:50:51.203+0000] {logging_mixin.py:190} INFO - [2024-09-18T14:50:51.203+0000] {dag.py:4156} INFO - Setting next_dagrun for example_xcom to 2021-01-01 00:00:00+00:00, run_after=2021-01-01 00:00:00+00:00
[2024-09-18T14:50:51.208+0000] {processor.py:208} INFO - Processing /Users/omer/Desktop/MLOPS/7day/.env/lib/python3.11/site-packages/airflow/example_dags/example_xcom.py took 0.065 seconds
[2024-09-18T14:51:40.558+0000] {processor.py:186} INFO - Started process (PID=94367) to work on /Users/omer/Desktop/MLOPS/7day/.env/lib/python3.11/site-packages/airflow/example_dags/example_xcom.py
[2024-09-18T14:51:40.558+0000] {processor.py:914} INFO - Processing file /Users/omer/Desktop/MLOPS/7day/.env/lib/python3.11/site-packages/airflow/example_dags/example_xcom.py for tasks to queue
[2024-09-18T14:51:40.559+0000] {logging_mixin.py:190} INFO - [2024-09-18T14:51:40.559+0000] {dagbag.py:587} INFO - Filling up the DagBag from /Users/omer/Desktop/MLOPS/7day/.env/lib/python3.11/site-packages/airflow/example_dags/example_xcom.py
[2024-09-18T14:51:40.569+0000] {processor.py:925} INFO - DAG(s) 'example_xcom' retrieved from /Users/omer/Desktop/MLOPS/7day/.env/lib/python3.11/site-packages/airflow/example_dags/example_xcom.py
[2024-09-18T14:51:40.595+0000] {logging_mixin.py:190} INFO - [2024-09-18T14:51:40.595+0000] {dag.py:3229} INFO - Sync 1 DAGs
[2024-09-18T14:51:40.621+0000] {logging_mixin.py:190} INFO - [2024-09-18T14:51:40.621+0000] {dag.py:4156} INFO - Setting next_dagrun for example_xcom to 2021-01-01 00:00:00+00:00, run_after=2021-01-01 00:00:00+00:00
[2024-09-18T14:51:40.627+0000] {processor.py:208} INFO - Processing /Users/omer/Desktop/MLOPS/7day/.env/lib/python3.11/site-packages/airflow/example_dags/example_xcom.py took 0.070 seconds
[2024-09-18T14:52:32.145+0000] {processor.py:186} INFO - Started process (PID=94474) to work on /Users/omer/Desktop/MLOPS/7day/.env/lib/python3.11/site-packages/airflow/example_dags/example_xcom.py
[2024-09-18T14:52:32.146+0000] {processor.py:914} INFO - Processing file /Users/omer/Desktop/MLOPS/7day/.env/lib/python3.11/site-packages/airflow/example_dags/example_xcom.py for tasks to queue
[2024-09-18T14:52:32.146+0000] {logging_mixin.py:190} INFO - [2024-09-18T14:52:32.146+0000] {dagbag.py:587} INFO - Filling up the DagBag from /Users/omer/Desktop/MLOPS/7day/.env/lib/python3.11/site-packages/airflow/example_dags/example_xcom.py
[2024-09-18T14:52:32.156+0000] {processor.py:925} INFO - DAG(s) 'example_xcom' retrieved from /Users/omer/Desktop/MLOPS/7day/.env/lib/python3.11/site-packages/airflow/example_dags/example_xcom.py
[2024-09-18T14:52:32.182+0000] {logging_mixin.py:190} INFO - [2024-09-18T14:52:32.182+0000] {dag.py:3229} INFO - Sync 1 DAGs
[2024-09-18T14:52:32.209+0000] {logging_mixin.py:190} INFO - [2024-09-18T14:52:32.209+0000] {dag.py:4156} INFO - Setting next_dagrun for example_xcom to 2021-01-01 00:00:00+00:00, run_after=2021-01-01 00:00:00+00:00
[2024-09-18T14:52:32.215+0000] {processor.py:208} INFO - Processing /Users/omer/Desktop/MLOPS/7day/.env/lib/python3.11/site-packages/airflow/example_dags/example_xcom.py took 0.070 seconds
[2024-09-18T14:53:22.386+0000] {processor.py:186} INFO - Started process (PID=94554) to work on /Users/omer/Desktop/MLOPS/7day/.env/lib/python3.11/site-packages/airflow/example_dags/example_xcom.py
[2024-09-18T14:53:22.387+0000] {processor.py:914} INFO - Processing file /Users/omer/Desktop/MLOPS/7day/.env/lib/python3.11/site-packages/airflow/example_dags/example_xcom.py for tasks to queue
[2024-09-18T14:53:22.387+0000] {logging_mixin.py:190} INFO - [2024-09-18T14:53:22.387+0000] {dagbag.py:587} INFO - Filling up the DagBag from /Users/omer/Desktop/MLOPS/7day/.env/lib/python3.11/site-packages/airflow/example_dags/example_xcom.py
[2024-09-18T14:53:22.397+0000] {processor.py:925} INFO - DAG(s) 'example_xcom' retrieved from /Users/omer/Desktop/MLOPS/7day/.env/lib/python3.11/site-packages/airflow/example_dags/example_xcom.py
[2024-09-18T14:53:22.422+0000] {logging_mixin.py:190} INFO - [2024-09-18T14:53:22.422+0000] {dag.py:3229} INFO - Sync 1 DAGs
[2024-09-18T14:53:22.446+0000] {logging_mixin.py:190} INFO - [2024-09-18T14:53:22.446+0000] {dag.py:4156} INFO - Setting next_dagrun for example_xcom to 2021-01-01 00:00:00+00:00, run_after=2021-01-01 00:00:00+00:00
[2024-09-18T14:53:22.451+0000] {processor.py:208} INFO - Processing /Users/omer/Desktop/MLOPS/7day/.env/lib/python3.11/site-packages/airflow/example_dags/example_xcom.py took 0.066 seconds
[2024-09-18T14:54:12.223+0000] {processor.py:186} INFO - Started process (PID=94638) to work on /Users/omer/Desktop/MLOPS/7day/.env/lib/python3.11/site-packages/airflow/example_dags/example_xcom.py
[2024-09-18T14:54:12.224+0000] {processor.py:914} INFO - Processing file /Users/omer/Desktop/MLOPS/7day/.env/lib/python3.11/site-packages/airflow/example_dags/example_xcom.py for tasks to queue
[2024-09-18T14:54:12.225+0000] {logging_mixin.py:190} INFO - [2024-09-18T14:54:12.224+0000] {dagbag.py:587} INFO - Filling up the DagBag from /Users/omer/Desktop/MLOPS/7day/.env/lib/python3.11/site-packages/airflow/example_dags/example_xcom.py
[2024-09-18T14:54:12.235+0000] {processor.py:925} INFO - DAG(s) 'example_xcom' retrieved from /Users/omer/Desktop/MLOPS/7day/.env/lib/python3.11/site-packages/airflow/example_dags/example_xcom.py
[2024-09-18T14:54:12.260+0000] {logging_mixin.py:190} INFO - [2024-09-18T14:54:12.260+0000] {dag.py:3229} INFO - Sync 1 DAGs
[2024-09-18T14:54:12.284+0000] {logging_mixin.py:190} INFO - [2024-09-18T14:54:12.284+0000] {dag.py:4156} INFO - Setting next_dagrun for example_xcom to 2021-01-01 00:00:00+00:00, run_after=2021-01-01 00:00:00+00:00
[2024-09-18T14:54:12.290+0000] {processor.py:208} INFO - Processing /Users/omer/Desktop/MLOPS/7day/.env/lib/python3.11/site-packages/airflow/example_dags/example_xcom.py took 0.068 seconds
[2024-09-18T14:55:00.912+0000] {processor.py:186} INFO - Started process (PID=94752) to work on /Users/omer/Desktop/MLOPS/7day/.env/lib/python3.11/site-packages/airflow/example_dags/example_xcom.py
[2024-09-18T14:55:00.913+0000] {processor.py:914} INFO - Processing file /Users/omer/Desktop/MLOPS/7day/.env/lib/python3.11/site-packages/airflow/example_dags/example_xcom.py for tasks to queue
[2024-09-18T14:55:00.913+0000] {logging_mixin.py:190} INFO - [2024-09-18T14:55:00.913+0000] {dagbag.py:587} INFO - Filling up the DagBag from /Users/omer/Desktop/MLOPS/7day/.env/lib/python3.11/site-packages/airflow/example_dags/example_xcom.py
[2024-09-18T14:55:00.924+0000] {processor.py:925} INFO - DAG(s) 'example_xcom' retrieved from /Users/omer/Desktop/MLOPS/7day/.env/lib/python3.11/site-packages/airflow/example_dags/example_xcom.py
[2024-09-18T14:55:00.949+0000] {logging_mixin.py:190} INFO - [2024-09-18T14:55:00.949+0000] {dag.py:3229} INFO - Sync 1 DAGs
[2024-09-18T14:55:00.974+0000] {logging_mixin.py:190} INFO - [2024-09-18T14:55:00.974+0000] {dag.py:4156} INFO - Setting next_dagrun for example_xcom to 2021-01-01 00:00:00+00:00, run_after=2021-01-01 00:00:00+00:00
[2024-09-18T14:55:00.980+0000] {processor.py:208} INFO - Processing /Users/omer/Desktop/MLOPS/7day/.env/lib/python3.11/site-packages/airflow/example_dags/example_xcom.py took 0.069 seconds
[2024-09-18T15:12:37.930+0000] {processor.py:186} INFO - Started process (PID=96584) to work on /Users/omer/Desktop/MLOPS/7day/.env/lib/python3.11/site-packages/airflow/example_dags/example_xcom.py
[2024-09-18T15:12:37.931+0000] {processor.py:914} INFO - Processing file /Users/omer/Desktop/MLOPS/7day/.env/lib/python3.11/site-packages/airflow/example_dags/example_xcom.py for tasks to queue
[2024-09-18T15:12:37.931+0000] {logging_mixin.py:190} INFO - [2024-09-18T15:12:37.931+0000] {dagbag.py:587} INFO - Filling up the DagBag from /Users/omer/Desktop/MLOPS/7day/.env/lib/python3.11/site-packages/airflow/example_dags/example_xcom.py
[2024-09-18T15:12:37.942+0000] {processor.py:925} INFO - DAG(s) 'example_xcom' retrieved from /Users/omer/Desktop/MLOPS/7day/.env/lib/python3.11/site-packages/airflow/example_dags/example_xcom.py
[2024-09-18T15:12:37.969+0000] {logging_mixin.py:190} INFO - [2024-09-18T15:12:37.969+0000] {dag.py:3229} INFO - Sync 1 DAGs
[2024-09-18T15:12:37.995+0000] {logging_mixin.py:190} INFO - [2024-09-18T15:12:37.995+0000] {dag.py:4156} INFO - Setting next_dagrun for example_xcom to 2021-01-01 00:00:00+00:00, run_after=2021-01-01 00:00:00+00:00
[2024-09-18T15:12:38.000+0000] {processor.py:208} INFO - Processing /Users/omer/Desktop/MLOPS/7day/.env/lib/python3.11/site-packages/airflow/example_dags/example_xcom.py took 0.071 seconds
[2024-09-18T15:21:02.268+0000] {processor.py:186} INFO - Started process (PID=97126) to work on /Users/omer/Desktop/MLOPS/7day/.env/lib/python3.11/site-packages/airflow/example_dags/example_xcom.py
[2024-09-18T15:21:02.269+0000] {processor.py:914} INFO - Processing file /Users/omer/Desktop/MLOPS/7day/.env/lib/python3.11/site-packages/airflow/example_dags/example_xcom.py for tasks to queue
[2024-09-18T15:21:02.270+0000] {logging_mixin.py:190} INFO - [2024-09-18T15:21:02.270+0000] {dagbag.py:587} INFO - Filling up the DagBag from /Users/omer/Desktop/MLOPS/7day/.env/lib/python3.11/site-packages/airflow/example_dags/example_xcom.py
[2024-09-18T15:21:02.280+0000] {processor.py:925} INFO - DAG(s) 'example_xcom' retrieved from /Users/omer/Desktop/MLOPS/7day/.env/lib/python3.11/site-packages/airflow/example_dags/example_xcom.py
[2024-09-18T15:21:02.305+0000] {logging_mixin.py:190} INFO - [2024-09-18T15:21:02.305+0000] {dag.py:3229} INFO - Sync 1 DAGs
[2024-09-18T15:21:02.329+0000] {logging_mixin.py:190} INFO - [2024-09-18T15:21:02.329+0000] {dag.py:4156} INFO - Setting next_dagrun for example_xcom to 2021-01-01 00:00:00+00:00, run_after=2021-01-01 00:00:00+00:00
[2024-09-18T15:21:02.335+0000] {processor.py:208} INFO - Processing /Users/omer/Desktop/MLOPS/7day/.env/lib/python3.11/site-packages/airflow/example_dags/example_xcom.py took 0.068 seconds
[2024-09-18T15:22:21.094+0000] {processor.py:186} INFO - Started process (PID=97265) to work on /Users/omer/Desktop/MLOPS/7day/.env/lib/python3.11/site-packages/airflow/example_dags/example_xcom.py
[2024-09-18T15:22:21.095+0000] {processor.py:914} INFO - Processing file /Users/omer/Desktop/MLOPS/7day/.env/lib/python3.11/site-packages/airflow/example_dags/example_xcom.py for tasks to queue
[2024-09-18T15:22:21.096+0000] {logging_mixin.py:190} INFO - [2024-09-18T15:22:21.095+0000] {dagbag.py:587} INFO - Filling up the DagBag from /Users/omer/Desktop/MLOPS/7day/.env/lib/python3.11/site-packages/airflow/example_dags/example_xcom.py
[2024-09-18T15:22:21.106+0000] {processor.py:925} INFO - DAG(s) 'example_xcom' retrieved from /Users/omer/Desktop/MLOPS/7day/.env/lib/python3.11/site-packages/airflow/example_dags/example_xcom.py
[2024-09-18T15:22:21.132+0000] {logging_mixin.py:190} INFO - [2024-09-18T15:22:21.132+0000] {dag.py:3229} INFO - Sync 1 DAGs
[2024-09-18T15:22:21.157+0000] {logging_mixin.py:190} INFO - [2024-09-18T15:22:21.157+0000] {dag.py:4156} INFO - Setting next_dagrun for example_xcom to 2021-01-01 00:00:00+00:00, run_after=2021-01-01 00:00:00+00:00
[2024-09-18T15:22:21.163+0000] {processor.py:208} INFO - Processing /Users/omer/Desktop/MLOPS/7day/.env/lib/python3.11/site-packages/airflow/example_dags/example_xcom.py took 0.069 seconds
[2024-09-18T15:23:10.691+0000] {processor.py:186} INFO - Started process (PID=97349) to work on /Users/omer/Desktop/MLOPS/7day/.env/lib/python3.11/site-packages/airflow/example_dags/example_xcom.py
[2024-09-18T15:23:10.693+0000] {processor.py:914} INFO - Processing file /Users/omer/Desktop/MLOPS/7day/.env/lib/python3.11/site-packages/airflow/example_dags/example_xcom.py for tasks to queue
[2024-09-18T15:23:10.693+0000] {logging_mixin.py:190} INFO - [2024-09-18T15:23:10.693+0000] {dagbag.py:587} INFO - Filling up the DagBag from /Users/omer/Desktop/MLOPS/7day/.env/lib/python3.11/site-packages/airflow/example_dags/example_xcom.py
[2024-09-18T15:23:10.704+0000] {processor.py:925} INFO - DAG(s) 'example_xcom' retrieved from /Users/omer/Desktop/MLOPS/7day/.env/lib/python3.11/site-packages/airflow/example_dags/example_xcom.py
[2024-09-18T15:23:10.730+0000] {logging_mixin.py:190} INFO - [2024-09-18T15:23:10.730+0000] {dag.py:3229} INFO - Sync 1 DAGs
[2024-09-18T15:23:10.755+0000] {logging_mixin.py:190} INFO - [2024-09-18T15:23:10.755+0000] {dag.py:4156} INFO - Setting next_dagrun for example_xcom to 2021-01-01 00:00:00+00:00, run_after=2021-01-01 00:00:00+00:00
[2024-09-18T15:23:10.761+0000] {processor.py:208} INFO - Processing /Users/omer/Desktop/MLOPS/7day/.env/lib/python3.11/site-packages/airflow/example_dags/example_xcom.py took 0.070 seconds
[2024-09-18T15:25:24.873+0000] {processor.py:186} INFO - Started process (PID=97597) to work on /Users/omer/Desktop/MLOPS/7day/.env/lib/python3.11/site-packages/airflow/example_dags/example_xcom.py
[2024-09-18T15:25:24.874+0000] {processor.py:914} INFO - Processing file /Users/omer/Desktop/MLOPS/7day/.env/lib/python3.11/site-packages/airflow/example_dags/example_xcom.py for tasks to queue
[2024-09-18T15:25:24.874+0000] {logging_mixin.py:190} INFO - [2024-09-18T15:25:24.874+0000] {dagbag.py:587} INFO - Filling up the DagBag from /Users/omer/Desktop/MLOPS/7day/.env/lib/python3.11/site-packages/airflow/example_dags/example_xcom.py
[2024-09-18T15:25:24.885+0000] {processor.py:925} INFO - DAG(s) 'example_xcom' retrieved from /Users/omer/Desktop/MLOPS/7day/.env/lib/python3.11/site-packages/airflow/example_dags/example_xcom.py
[2024-09-18T15:25:24.913+0000] {logging_mixin.py:190} INFO - [2024-09-18T15:25:24.913+0000] {dag.py:3229} INFO - Sync 1 DAGs
[2024-09-18T15:25:24.944+0000] {logging_mixin.py:190} INFO - [2024-09-18T15:25:24.944+0000] {dag.py:4156} INFO - Setting next_dagrun for example_xcom to 2021-01-01 00:00:00+00:00, run_after=2021-01-01 00:00:00+00:00
[2024-09-18T15:25:24.950+0000] {processor.py:208} INFO - Processing /Users/omer/Desktop/MLOPS/7day/.env/lib/python3.11/site-packages/airflow/example_dags/example_xcom.py took 0.078 seconds
[2024-09-18T15:26:45.652+0000] {processor.py:186} INFO - Started process (PID=97746) to work on /Users/omer/Desktop/MLOPS/7day/.env/lib/python3.11/site-packages/airflow/example_dags/example_xcom.py
[2024-09-18T15:26:45.652+0000] {processor.py:914} INFO - Processing file /Users/omer/Desktop/MLOPS/7day/.env/lib/python3.11/site-packages/airflow/example_dags/example_xcom.py for tasks to queue
[2024-09-18T15:26:45.652+0000] {logging_mixin.py:190} INFO - [2024-09-18T15:26:45.652+0000] {dagbag.py:587} INFO - Filling up the DagBag from /Users/omer/Desktop/MLOPS/7day/.env/lib/python3.11/site-packages/airflow/example_dags/example_xcom.py
[2024-09-18T15:26:45.663+0000] {processor.py:925} INFO - DAG(s) 'example_xcom' retrieved from /Users/omer/Desktop/MLOPS/7day/.env/lib/python3.11/site-packages/airflow/example_dags/example_xcom.py
[2024-09-18T15:26:45.689+0000] {logging_mixin.py:190} INFO - [2024-09-18T15:26:45.689+0000] {dag.py:3229} INFO - Sync 1 DAGs
[2024-09-18T15:26:45.716+0000] {logging_mixin.py:190} INFO - [2024-09-18T15:26:45.716+0000] {dag.py:4156} INFO - Setting next_dagrun for example_xcom to 2021-01-01 00:00:00+00:00, run_after=2021-01-01 00:00:00+00:00
[2024-09-18T15:26:45.721+0000] {processor.py:208} INFO - Processing /Users/omer/Desktop/MLOPS/7day/.env/lib/python3.11/site-packages/airflow/example_dags/example_xcom.py took 0.071 seconds
[2024-09-18T15:28:05.673+0000] {processor.py:186} INFO - Started process (PID=97947) to work on /Users/omer/Desktop/MLOPS/7day/.env/lib/python3.11/site-packages/airflow/example_dags/example_xcom.py
[2024-09-18T15:28:05.674+0000] {processor.py:914} INFO - Processing file /Users/omer/Desktop/MLOPS/7day/.env/lib/python3.11/site-packages/airflow/example_dags/example_xcom.py for tasks to queue
[2024-09-18T15:28:05.674+0000] {logging_mixin.py:190} INFO - [2024-09-18T15:28:05.674+0000] {dagbag.py:587} INFO - Filling up the DagBag from /Users/omer/Desktop/MLOPS/7day/.env/lib/python3.11/site-packages/airflow/example_dags/example_xcom.py
[2024-09-18T15:28:05.685+0000] {processor.py:925} INFO - DAG(s) 'example_xcom' retrieved from /Users/omer/Desktop/MLOPS/7day/.env/lib/python3.11/site-packages/airflow/example_dags/example_xcom.py
[2024-09-18T15:28:05.710+0000] {logging_mixin.py:190} INFO - [2024-09-18T15:28:05.710+0000] {dag.py:3229} INFO - Sync 1 DAGs
[2024-09-18T15:28:05.735+0000] {logging_mixin.py:190} INFO - [2024-09-18T15:28:05.735+0000] {dag.py:4156} INFO - Setting next_dagrun for example_xcom to 2021-01-01 00:00:00+00:00, run_after=2021-01-01 00:00:00+00:00
[2024-09-18T15:28:05.740+0000] {processor.py:208} INFO - Processing /Users/omer/Desktop/MLOPS/7day/.env/lib/python3.11/site-packages/airflow/example_dags/example_xcom.py took 0.068 seconds
[2024-09-18T15:28:56.329+0000] {processor.py:186} INFO - Started process (PID=98065) to work on /Users/omer/Desktop/MLOPS/7day/.env/lib/python3.11/site-packages/airflow/example_dags/example_xcom.py
[2024-09-18T15:28:56.330+0000] {processor.py:914} INFO - Processing file /Users/omer/Desktop/MLOPS/7day/.env/lib/python3.11/site-packages/airflow/example_dags/example_xcom.py for tasks to queue
[2024-09-18T15:28:56.331+0000] {logging_mixin.py:190} INFO - [2024-09-18T15:28:56.331+0000] {dagbag.py:587} INFO - Filling up the DagBag from /Users/omer/Desktop/MLOPS/7day/.env/lib/python3.11/site-packages/airflow/example_dags/example_xcom.py
[2024-09-18T15:28:56.341+0000] {processor.py:925} INFO - DAG(s) 'example_xcom' retrieved from /Users/omer/Desktop/MLOPS/7day/.env/lib/python3.11/site-packages/airflow/example_dags/example_xcom.py
[2024-09-18T15:28:56.367+0000] {logging_mixin.py:190} INFO - [2024-09-18T15:28:56.367+0000] {dag.py:3229} INFO - Sync 1 DAGs
[2024-09-18T15:28:56.391+0000] {logging_mixin.py:190} INFO - [2024-09-18T15:28:56.391+0000] {dag.py:4156} INFO - Setting next_dagrun for example_xcom to 2021-01-01 00:00:00+00:00, run_after=2021-01-01 00:00:00+00:00
[2024-09-18T15:28:56.397+0000] {processor.py:208} INFO - Processing /Users/omer/Desktop/MLOPS/7day/.env/lib/python3.11/site-packages/airflow/example_dags/example_xcom.py took 0.068 seconds
[2024-09-18T15:29:46.119+0000] {processor.py:186} INFO - Started process (PID=98187) to work on /Users/omer/Desktop/MLOPS/7day/.env/lib/python3.11/site-packages/airflow/example_dags/example_xcom.py
[2024-09-18T15:29:46.120+0000] {processor.py:914} INFO - Processing file /Users/omer/Desktop/MLOPS/7day/.env/lib/python3.11/site-packages/airflow/example_dags/example_xcom.py for tasks to queue
[2024-09-18T15:29:46.121+0000] {logging_mixin.py:190} INFO - [2024-09-18T15:29:46.121+0000] {dagbag.py:587} INFO - Filling up the DagBag from /Users/omer/Desktop/MLOPS/7day/.env/lib/python3.11/site-packages/airflow/example_dags/example_xcom.py
[2024-09-18T15:29:46.131+0000] {processor.py:925} INFO - DAG(s) 'example_xcom' retrieved from /Users/omer/Desktop/MLOPS/7day/.env/lib/python3.11/site-packages/airflow/example_dags/example_xcom.py
[2024-09-18T15:29:46.157+0000] {logging_mixin.py:190} INFO - [2024-09-18T15:29:46.157+0000] {dag.py:3229} INFO - Sync 1 DAGs
[2024-09-18T15:29:46.181+0000] {logging_mixin.py:190} INFO - [2024-09-18T15:29:46.181+0000] {dag.py:4156} INFO - Setting next_dagrun for example_xcom to 2021-01-01 00:00:00+00:00, run_after=2021-01-01 00:00:00+00:00
[2024-09-18T15:29:46.186+0000] {processor.py:208} INFO - Processing /Users/omer/Desktop/MLOPS/7day/.env/lib/python3.11/site-packages/airflow/example_dags/example_xcom.py took 0.068 seconds
[2024-09-18T15:30:34.830+0000] {processor.py:186} INFO - Started process (PID=98327) to work on /Users/omer/Desktop/MLOPS/7day/.env/lib/python3.11/site-packages/airflow/example_dags/example_xcom.py
[2024-09-18T15:30:34.831+0000] {processor.py:914} INFO - Processing file /Users/omer/Desktop/MLOPS/7day/.env/lib/python3.11/site-packages/airflow/example_dags/example_xcom.py for tasks to queue
[2024-09-18T15:30:34.831+0000] {logging_mixin.py:190} INFO - [2024-09-18T15:30:34.831+0000] {dagbag.py:587} INFO - Filling up the DagBag from /Users/omer/Desktop/MLOPS/7day/.env/lib/python3.11/site-packages/airflow/example_dags/example_xcom.py
[2024-09-18T15:30:34.842+0000] {processor.py:925} INFO - DAG(s) 'example_xcom' retrieved from /Users/omer/Desktop/MLOPS/7day/.env/lib/python3.11/site-packages/airflow/example_dags/example_xcom.py
[2024-09-18T15:30:34.868+0000] {logging_mixin.py:190} INFO - [2024-09-18T15:30:34.868+0000] {dag.py:3229} INFO - Sync 1 DAGs
[2024-09-18T15:30:34.893+0000] {logging_mixin.py:190} INFO - [2024-09-18T15:30:34.893+0000] {dag.py:4156} INFO - Setting next_dagrun for example_xcom to 2021-01-01 00:00:00+00:00, run_after=2021-01-01 00:00:00+00:00
[2024-09-18T15:30:34.898+0000] {processor.py:208} INFO - Processing /Users/omer/Desktop/MLOPS/7day/.env/lib/python3.11/site-packages/airflow/example_dags/example_xcom.py took 0.069 seconds
[2024-09-18T15:31:24.202+0000] {processor.py:186} INFO - Started process (PID=98462) to work on /Users/omer/Desktop/MLOPS/7day/.env/lib/python3.11/site-packages/airflow/example_dags/example_xcom.py
[2024-09-18T15:31:24.203+0000] {processor.py:914} INFO - Processing file /Users/omer/Desktop/MLOPS/7day/.env/lib/python3.11/site-packages/airflow/example_dags/example_xcom.py for tasks to queue
[2024-09-18T15:31:24.203+0000] {logging_mixin.py:190} INFO - [2024-09-18T15:31:24.203+0000] {dagbag.py:587} INFO - Filling up the DagBag from /Users/omer/Desktop/MLOPS/7day/.env/lib/python3.11/site-packages/airflow/example_dags/example_xcom.py
[2024-09-18T15:31:24.214+0000] {processor.py:925} INFO - DAG(s) 'example_xcom' retrieved from /Users/omer/Desktop/MLOPS/7day/.env/lib/python3.11/site-packages/airflow/example_dags/example_xcom.py
[2024-09-18T15:31:24.240+0000] {logging_mixin.py:190} INFO - [2024-09-18T15:31:24.240+0000] {dag.py:3229} INFO - Sync 1 DAGs
[2024-09-18T15:31:24.265+0000] {logging_mixin.py:190} INFO - [2024-09-18T15:31:24.265+0000] {dag.py:4156} INFO - Setting next_dagrun for example_xcom to 2021-01-01 00:00:00+00:00, run_after=2021-01-01 00:00:00+00:00
[2024-09-18T15:31:24.270+0000] {processor.py:208} INFO - Processing /Users/omer/Desktop/MLOPS/7day/.env/lib/python3.11/site-packages/airflow/example_dags/example_xcom.py took 0.069 seconds
[2024-09-18T15:32:11.411+0000] {processor.py:186} INFO - Started process (PID=98623) to work on /Users/omer/Desktop/MLOPS/7day/.env/lib/python3.11/site-packages/airflow/example_dags/example_xcom.py
[2024-09-18T15:32:11.412+0000] {processor.py:914} INFO - Processing file /Users/omer/Desktop/MLOPS/7day/.env/lib/python3.11/site-packages/airflow/example_dags/example_xcom.py for tasks to queue
[2024-09-18T15:32:11.412+0000] {logging_mixin.py:190} INFO - [2024-09-18T15:32:11.412+0000] {dagbag.py:587} INFO - Filling up the DagBag from /Users/omer/Desktop/MLOPS/7day/.env/lib/python3.11/site-packages/airflow/example_dags/example_xcom.py
[2024-09-18T15:32:11.424+0000] {processor.py:925} INFO - DAG(s) 'example_xcom' retrieved from /Users/omer/Desktop/MLOPS/7day/.env/lib/python3.11/site-packages/airflow/example_dags/example_xcom.py
[2024-09-18T15:32:11.452+0000] {logging_mixin.py:190} INFO - [2024-09-18T15:32:11.452+0000] {dag.py:3229} INFO - Sync 1 DAGs
[2024-09-18T15:32:11.480+0000] {logging_mixin.py:190} INFO - [2024-09-18T15:32:11.480+0000] {dag.py:4156} INFO - Setting next_dagrun for example_xcom to 2021-01-01 00:00:00+00:00, run_after=2021-01-01 00:00:00+00:00
[2024-09-18T15:32:11.486+0000] {processor.py:208} INFO - Processing /Users/omer/Desktop/MLOPS/7day/.env/lib/python3.11/site-packages/airflow/example_dags/example_xcom.py took 0.076 seconds
[2024-09-18T15:33:11.752+0000] {processor.py:186} INFO - Started process (PID=98766) to work on /Users/omer/Desktop/MLOPS/7day/.env/lib/python3.11/site-packages/airflow/example_dags/example_xcom.py
[2024-09-18T15:33:11.752+0000] {processor.py:914} INFO - Processing file /Users/omer/Desktop/MLOPS/7day/.env/lib/python3.11/site-packages/airflow/example_dags/example_xcom.py for tasks to queue
[2024-09-18T15:33:11.753+0000] {logging_mixin.py:190} INFO - [2024-09-18T15:33:11.753+0000] {dagbag.py:587} INFO - Filling up the DagBag from /Users/omer/Desktop/MLOPS/7day/.env/lib/python3.11/site-packages/airflow/example_dags/example_xcom.py
[2024-09-18T15:33:11.763+0000] {processor.py:925} INFO - DAG(s) 'example_xcom' retrieved from /Users/omer/Desktop/MLOPS/7day/.env/lib/python3.11/site-packages/airflow/example_dags/example_xcom.py
[2024-09-18T15:33:11.789+0000] {logging_mixin.py:190} INFO - [2024-09-18T15:33:11.789+0000] {dag.py:3229} INFO - Sync 1 DAGs
[2024-09-18T15:33:11.813+0000] {logging_mixin.py:190} INFO - [2024-09-18T15:33:11.813+0000] {dag.py:4156} INFO - Setting next_dagrun for example_xcom to 2021-01-01 00:00:00+00:00, run_after=2021-01-01 00:00:00+00:00
[2024-09-18T15:33:11.819+0000] {processor.py:208} INFO - Processing /Users/omer/Desktop/MLOPS/7day/.env/lib/python3.11/site-packages/airflow/example_dags/example_xcom.py took 0.068 seconds
[2024-09-18T15:34:22.750+0000] {processor.py:186} INFO - Started process (PID=98930) to work on /Users/omer/Desktop/MLOPS/7day/.env/lib/python3.11/site-packages/airflow/example_dags/example_xcom.py
[2024-09-18T15:34:22.751+0000] {processor.py:914} INFO - Processing file /Users/omer/Desktop/MLOPS/7day/.env/lib/python3.11/site-packages/airflow/example_dags/example_xcom.py for tasks to queue
[2024-09-18T15:34:22.751+0000] {logging_mixin.py:190} INFO - [2024-09-18T15:34:22.751+0000] {dagbag.py:587} INFO - Filling up the DagBag from /Users/omer/Desktop/MLOPS/7day/.env/lib/python3.11/site-packages/airflow/example_dags/example_xcom.py
[2024-09-18T15:34:22.761+0000] {processor.py:925} INFO - DAG(s) 'example_xcom' retrieved from /Users/omer/Desktop/MLOPS/7day/.env/lib/python3.11/site-packages/airflow/example_dags/example_xcom.py
[2024-09-18T15:34:22.787+0000] {logging_mixin.py:190} INFO - [2024-09-18T15:34:22.787+0000] {dag.py:3229} INFO - Sync 1 DAGs
[2024-09-18T15:34:22.813+0000] {logging_mixin.py:190} INFO - [2024-09-18T15:34:22.813+0000] {dag.py:4156} INFO - Setting next_dagrun for example_xcom to 2021-01-01 00:00:00+00:00, run_after=2021-01-01 00:00:00+00:00
[2024-09-18T15:34:22.818+0000] {processor.py:208} INFO - Processing /Users/omer/Desktop/MLOPS/7day/.env/lib/python3.11/site-packages/airflow/example_dags/example_xcom.py took 0.069 seconds
[2024-09-18T15:35:43.772+0000] {processor.py:186} INFO - Started process (PID=99097) to work on /Users/omer/Desktop/MLOPS/7day/.env/lib/python3.11/site-packages/airflow/example_dags/example_xcom.py
[2024-09-18T15:35:43.773+0000] {processor.py:914} INFO - Processing file /Users/omer/Desktop/MLOPS/7day/.env/lib/python3.11/site-packages/airflow/example_dags/example_xcom.py for tasks to queue
[2024-09-18T15:35:43.773+0000] {logging_mixin.py:190} INFO - [2024-09-18T15:35:43.773+0000] {dagbag.py:587} INFO - Filling up the DagBag from /Users/omer/Desktop/MLOPS/7day/.env/lib/python3.11/site-packages/airflow/example_dags/example_xcom.py
[2024-09-18T15:35:43.783+0000] {processor.py:925} INFO - DAG(s) 'example_xcom' retrieved from /Users/omer/Desktop/MLOPS/7day/.env/lib/python3.11/site-packages/airflow/example_dags/example_xcom.py
[2024-09-18T15:35:43.809+0000] {logging_mixin.py:190} INFO - [2024-09-18T15:35:43.809+0000] {dag.py:3229} INFO - Sync 1 DAGs
[2024-09-18T15:35:43.841+0000] {logging_mixin.py:190} INFO - [2024-09-18T15:35:43.841+0000] {dag.py:4156} INFO - Setting next_dagrun for example_xcom to 2021-01-01 00:00:00+00:00, run_after=2021-01-01 00:00:00+00:00
[2024-09-18T15:35:43.847+0000] {processor.py:208} INFO - Processing /Users/omer/Desktop/MLOPS/7day/.env/lib/python3.11/site-packages/airflow/example_dags/example_xcom.py took 0.075 seconds
