[2024-09-18T14:49:35.573+0000] {processor.py:186} INFO - Started process (PID=94042) to work on /Users/omer/Desktop/MLOPS/7day/.env/lib/python3.11/site-packages/airflow/example_dags/example_branch_python_dop_operator_3.py
[2024-09-18T14:49:35.573+0000] {processor.py:914} INFO - Processing file /Users/omer/Desktop/MLOPS/7day/.env/lib/python3.11/site-packages/airflow/example_dags/example_branch_python_dop_operator_3.py for tasks to queue
[2024-09-18T14:49:35.573+0000] {logging_mixin.py:190} INFO - [2024-09-18T14:49:35.573+0000] {dagbag.py:587} INFO - Filling up the DagBag from /Users/omer/Desktop/MLOPS/7day/.env/lib/python3.11/site-packages/airflow/example_dags/example_branch_python_dop_operator_3.py
[2024-09-18T14:49:35.584+0000] {processor.py:925} INFO - DAG(s) 'example_branch_dop_operator_v3' retrieved from /Users/omer/Desktop/MLOPS/7day/.env/lib/python3.11/site-packages/airflow/example_dags/example_branch_python_dop_operator_3.py
[2024-09-18T14:49:35.651+0000] {logging_mixin.py:190} INFO - [2024-09-18T14:49:35.651+0000] {override.py:1900} INFO - Created Permission View: can delete on DAG:example_branch_dop_operator_v3
[2024-09-18T14:49:35.653+0000] {logging_mixin.py:190} INFO - [2024-09-18T14:49:35.653+0000] {override.py:1900} INFO - Created Permission View: can read on DAG:example_branch_dop_operator_v3
[2024-09-18T14:49:35.655+0000] {logging_mixin.py:190} INFO - [2024-09-18T14:49:35.655+0000] {override.py:1900} INFO - Created Permission View: can edit on DAG:example_branch_dop_operator_v3
[2024-09-18T14:49:35.657+0000] {logging_mixin.py:190} INFO - [2024-09-18T14:49:35.657+0000] {override.py:1900} INFO - Created Permission View: menu access on DAG Run:example_branch_dop_operator_v3
[2024-09-18T14:49:35.658+0000] {logging_mixin.py:190} INFO - [2024-09-18T14:49:35.658+0000] {override.py:1900} INFO - Created Permission View: can create on DAG Run:example_branch_dop_operator_v3
[2024-09-18T14:49:35.660+0000] {logging_mixin.py:190} INFO - [2024-09-18T14:49:35.660+0000] {override.py:1900} INFO - Created Permission View: can delete on DAG Run:example_branch_dop_operator_v3
[2024-09-18T14:49:35.662+0000] {logging_mixin.py:190} INFO - [2024-09-18T14:49:35.662+0000] {override.py:1900} INFO - Created Permission View: can read on DAG Run:example_branch_dop_operator_v3
[2024-09-18T14:49:35.662+0000] {logging_mixin.py:190} INFO - [2024-09-18T14:49:35.662+0000] {dag.py:3229} INFO - Sync 1 DAGs
[2024-09-18T14:49:35.665+0000] {logging_mixin.py:190} INFO - [2024-09-18T14:49:35.665+0000] {dag.py:3252} INFO - Creating ORM DAG for example_branch_dop_operator_v3
[2024-09-18T14:49:35.668+0000] {logging_mixin.py:190} INFO - [2024-09-18T14:49:35.668+0000] {dag.py:4156} INFO - Setting next_dagrun for example_branch_dop_operator_v3 to 2024-09-18 14:48:00+00:00, run_after=2024-09-18 14:49:00+00:00
[2024-09-18T14:49:35.673+0000] {processor.py:208} INFO - Processing /Users/omer/Desktop/MLOPS/7day/.env/lib/python3.11/site-packages/airflow/example_dags/example_branch_python_dop_operator_3.py took 0.101 seconds
[2024-09-18T14:51:14.090+0000] {processor.py:186} INFO - Started process (PID=94299) to work on /Users/omer/Desktop/MLOPS/7day/.env/lib/python3.11/site-packages/airflow/example_dags/example_branch_python_dop_operator_3.py
[2024-09-18T14:51:14.090+0000] {processor.py:914} INFO - Processing file /Users/omer/Desktop/MLOPS/7day/.env/lib/python3.11/site-packages/airflow/example_dags/example_branch_python_dop_operator_3.py for tasks to queue
[2024-09-18T14:51:14.091+0000] {logging_mixin.py:190} INFO - [2024-09-18T14:51:14.091+0000] {dagbag.py:587} INFO - Filling up the DagBag from /Users/omer/Desktop/MLOPS/7day/.env/lib/python3.11/site-packages/airflow/example_dags/example_branch_python_dop_operator_3.py
[2024-09-18T14:51:14.101+0000] {processor.py:925} INFO - DAG(s) 'example_branch_dop_operator_v3' retrieved from /Users/omer/Desktop/MLOPS/7day/.env/lib/python3.11/site-packages/airflow/example_dags/example_branch_python_dop_operator_3.py
[2024-09-18T14:51:14.126+0000] {logging_mixin.py:190} INFO - [2024-09-18T14:51:14.126+0000] {dag.py:3229} INFO - Sync 1 DAGs
[2024-09-18T14:51:14.154+0000] {logging_mixin.py:190} INFO - [2024-09-18T14:51:14.154+0000] {dag.py:4156} INFO - Setting next_dagrun for example_branch_dop_operator_v3 to 2024-09-18 14:50:00+00:00, run_after=2024-09-18 14:51:00+00:00
[2024-09-18T14:51:14.159+0000] {processor.py:208} INFO - Processing /Users/omer/Desktop/MLOPS/7day/.env/lib/python3.11/site-packages/airflow/example_dags/example_branch_python_dop_operator_3.py took 0.070 seconds
[2024-09-18T14:52:56.064+0000] {processor.py:186} INFO - Started process (PID=94520) to work on /Users/omer/Desktop/MLOPS/7day/.env/lib/python3.11/site-packages/airflow/example_dags/example_branch_python_dop_operator_3.py
[2024-09-18T14:52:56.065+0000] {processor.py:914} INFO - Processing file /Users/omer/Desktop/MLOPS/7day/.env/lib/python3.11/site-packages/airflow/example_dags/example_branch_python_dop_operator_3.py for tasks to queue
[2024-09-18T14:52:56.066+0000] {logging_mixin.py:190} INFO - [2024-09-18T14:52:56.065+0000] {dagbag.py:587} INFO - Filling up the DagBag from /Users/omer/Desktop/MLOPS/7day/.env/lib/python3.11/site-packages/airflow/example_dags/example_branch_python_dop_operator_3.py
[2024-09-18T14:52:56.077+0000] {processor.py:925} INFO - DAG(s) 'example_branch_dop_operator_v3' retrieved from /Users/omer/Desktop/MLOPS/7day/.env/lib/python3.11/site-packages/airflow/example_dags/example_branch_python_dop_operator_3.py
[2024-09-18T14:52:56.102+0000] {logging_mixin.py:190} INFO - [2024-09-18T14:52:56.102+0000] {dag.py:3229} INFO - Sync 1 DAGs
[2024-09-18T14:52:56.132+0000] {logging_mixin.py:190} INFO - [2024-09-18T14:52:56.132+0000] {dag.py:4156} INFO - Setting next_dagrun for example_branch_dop_operator_v3 to 2024-09-18 14:51:00+00:00, run_after=2024-09-18 14:52:00+00:00
[2024-09-18T14:52:56.138+0000] {processor.py:208} INFO - Processing /Users/omer/Desktop/MLOPS/7day/.env/lib/python3.11/site-packages/airflow/example_dags/example_branch_python_dop_operator_3.py took 0.074 seconds
[2024-09-18T14:54:34.730+0000] {processor.py:186} INFO - Started process (PID=94684) to work on /Users/omer/Desktop/MLOPS/7day/.env/lib/python3.11/site-packages/airflow/example_dags/example_branch_python_dop_operator_3.py
[2024-09-18T14:54:34.731+0000] {processor.py:914} INFO - Processing file /Users/omer/Desktop/MLOPS/7day/.env/lib/python3.11/site-packages/airflow/example_dags/example_branch_python_dop_operator_3.py for tasks to queue
[2024-09-18T14:54:34.731+0000] {logging_mixin.py:190} INFO - [2024-09-18T14:54:34.731+0000] {dagbag.py:587} INFO - Filling up the DagBag from /Users/omer/Desktop/MLOPS/7day/.env/lib/python3.11/site-packages/airflow/example_dags/example_branch_python_dop_operator_3.py
[2024-09-18T14:54:34.742+0000] {processor.py:925} INFO - DAG(s) 'example_branch_dop_operator_v3' retrieved from /Users/omer/Desktop/MLOPS/7day/.env/lib/python3.11/site-packages/airflow/example_dags/example_branch_python_dop_operator_3.py
[2024-09-18T14:54:34.767+0000] {logging_mixin.py:190} INFO - [2024-09-18T14:54:34.767+0000] {dag.py:3229} INFO - Sync 1 DAGs
[2024-09-18T14:54:34.795+0000] {logging_mixin.py:190} INFO - [2024-09-18T14:54:34.795+0000] {dag.py:4156} INFO - Setting next_dagrun for example_branch_dop_operator_v3 to 2024-09-18 14:53:00+00:00, run_after=2024-09-18 14:54:00+00:00
[2024-09-18T14:54:34.801+0000] {processor.py:208} INFO - Processing /Users/omer/Desktop/MLOPS/7day/.env/lib/python3.11/site-packages/airflow/example_dags/example_branch_python_dop_operator_3.py took 0.071 seconds
[2024-09-18T15:21:54.482+0000] {processor.py:186} INFO - Started process (PID=97214) to work on /Users/omer/Desktop/MLOPS/7day/.env/lib/python3.11/site-packages/airflow/example_dags/example_branch_python_dop_operator_3.py
[2024-09-18T15:21:54.483+0000] {processor.py:914} INFO - Processing file /Users/omer/Desktop/MLOPS/7day/.env/lib/python3.11/site-packages/airflow/example_dags/example_branch_python_dop_operator_3.py for tasks to queue
[2024-09-18T15:21:54.483+0000] {logging_mixin.py:190} INFO - [2024-09-18T15:21:54.483+0000] {dagbag.py:587} INFO - Filling up the DagBag from /Users/omer/Desktop/MLOPS/7day/.env/lib/python3.11/site-packages/airflow/example_dags/example_branch_python_dop_operator_3.py
[2024-09-18T15:21:54.494+0000] {processor.py:925} INFO - DAG(s) 'example_branch_dop_operator_v3' retrieved from /Users/omer/Desktop/MLOPS/7day/.env/lib/python3.11/site-packages/airflow/example_dags/example_branch_python_dop_operator_3.py
[2024-09-18T15:21:54.521+0000] {logging_mixin.py:190} INFO - [2024-09-18T15:21:54.521+0000] {dag.py:3229} INFO - Sync 1 DAGs
[2024-09-18T15:21:54.549+0000] {logging_mixin.py:190} INFO - [2024-09-18T15:21:54.549+0000] {dag.py:4156} INFO - Setting next_dagrun for example_branch_dop_operator_v3 to 2024-09-18 15:20:00+00:00, run_after=2024-09-18 15:21:00+00:00
[2024-09-18T15:21:54.555+0000] {processor.py:208} INFO - Processing /Users/omer/Desktop/MLOPS/7day/.env/lib/python3.11/site-packages/airflow/example_dags/example_branch_python_dop_operator_3.py took 0.074 seconds
[2024-09-18T15:23:33.426+0000] {processor.py:186} INFO - Started process (PID=97389) to work on /Users/omer/Desktop/MLOPS/7day/.env/lib/python3.11/site-packages/airflow/example_dags/example_branch_python_dop_operator_3.py
[2024-09-18T15:23:33.426+0000] {processor.py:914} INFO - Processing file /Users/omer/Desktop/MLOPS/7day/.env/lib/python3.11/site-packages/airflow/example_dags/example_branch_python_dop_operator_3.py for tasks to queue
[2024-09-18T15:23:33.426+0000] {logging_mixin.py:190} INFO - [2024-09-18T15:23:33.426+0000] {dagbag.py:587} INFO - Filling up the DagBag from /Users/omer/Desktop/MLOPS/7day/.env/lib/python3.11/site-packages/airflow/example_dags/example_branch_python_dop_operator_3.py
[2024-09-18T15:23:33.437+0000] {processor.py:925} INFO - DAG(s) 'example_branch_dop_operator_v3' retrieved from /Users/omer/Desktop/MLOPS/7day/.env/lib/python3.11/site-packages/airflow/example_dags/example_branch_python_dop_operator_3.py
[2024-09-18T15:23:33.464+0000] {logging_mixin.py:190} INFO - [2024-09-18T15:23:33.463+0000] {dag.py:3229} INFO - Sync 1 DAGs
[2024-09-18T15:23:33.494+0000] {logging_mixin.py:190} INFO - [2024-09-18T15:23:33.494+0000] {dag.py:4156} INFO - Setting next_dagrun for example_branch_dop_operator_v3 to 2024-09-18 15:22:00+00:00, run_after=2024-09-18 15:23:00+00:00
[2024-09-18T15:23:33.499+0000] {processor.py:208} INFO - Processing /Users/omer/Desktop/MLOPS/7day/.env/lib/python3.11/site-packages/airflow/example_dags/example_branch_python_dop_operator_3.py took 0.075 seconds
[2024-09-18T15:27:38.958+0000] {processor.py:186} INFO - Started process (PID=97849) to work on /Users/omer/Desktop/MLOPS/7day/.env/lib/python3.11/site-packages/airflow/example_dags/example_branch_python_dop_operator_3.py
[2024-09-18T15:27:38.959+0000] {processor.py:914} INFO - Processing file /Users/omer/Desktop/MLOPS/7day/.env/lib/python3.11/site-packages/airflow/example_dags/example_branch_python_dop_operator_3.py for tasks to queue
[2024-09-18T15:27:38.959+0000] {logging_mixin.py:190} INFO - [2024-09-18T15:27:38.959+0000] {dagbag.py:587} INFO - Filling up the DagBag from /Users/omer/Desktop/MLOPS/7day/.env/lib/python3.11/site-packages/airflow/example_dags/example_branch_python_dop_operator_3.py
[2024-09-18T15:27:38.971+0000] {processor.py:925} INFO - DAG(s) 'example_branch_dop_operator_v3' retrieved from /Users/omer/Desktop/MLOPS/7day/.env/lib/python3.11/site-packages/airflow/example_dags/example_branch_python_dop_operator_3.py
[2024-09-18T15:27:39.000+0000] {logging_mixin.py:190} INFO - [2024-09-18T15:27:39.000+0000] {dag.py:3229} INFO - Sync 1 DAGs
[2024-09-18T15:27:39.031+0000] {logging_mixin.py:190} INFO - [2024-09-18T15:27:39.031+0000] {dag.py:4156} INFO - Setting next_dagrun for example_branch_dop_operator_v3 to 2024-09-18 15:26:00+00:00, run_after=2024-09-18 15:27:00+00:00
[2024-09-18T15:27:39.037+0000] {processor.py:208} INFO - Processing /Users/omer/Desktop/MLOPS/7day/.env/lib/python3.11/site-packages/airflow/example_dags/example_branch_python_dop_operator_3.py took 0.079 seconds
[2024-09-18T15:29:18.863+0000] {processor.py:186} INFO - Started process (PID=98112) to work on /Users/omer/Desktop/MLOPS/7day/.env/lib/python3.11/site-packages/airflow/example_dags/example_branch_python_dop_operator_3.py
[2024-09-18T15:29:18.864+0000] {processor.py:914} INFO - Processing file /Users/omer/Desktop/MLOPS/7day/.env/lib/python3.11/site-packages/airflow/example_dags/example_branch_python_dop_operator_3.py for tasks to queue
[2024-09-18T15:29:18.865+0000] {logging_mixin.py:190} INFO - [2024-09-18T15:29:18.865+0000] {dagbag.py:587} INFO - Filling up the DagBag from /Users/omer/Desktop/MLOPS/7day/.env/lib/python3.11/site-packages/airflow/example_dags/example_branch_python_dop_operator_3.py
[2024-09-18T15:29:18.877+0000] {processor.py:925} INFO - DAG(s) 'example_branch_dop_operator_v3' retrieved from /Users/omer/Desktop/MLOPS/7day/.env/lib/python3.11/site-packages/airflow/example_dags/example_branch_python_dop_operator_3.py
[2024-09-18T15:29:18.906+0000] {logging_mixin.py:190} INFO - [2024-09-18T15:29:18.906+0000] {dag.py:3229} INFO - Sync 1 DAGs
[2024-09-18T15:29:18.942+0000] {logging_mixin.py:190} INFO - [2024-09-18T15:29:18.942+0000] {dag.py:4156} INFO - Setting next_dagrun for example_branch_dop_operator_v3 to 2024-09-18 15:28:00+00:00, run_after=2024-09-18 15:29:00+00:00
[2024-09-18T15:29:18.952+0000] {processor.py:208} INFO - Processing /Users/omer/Desktop/MLOPS/7day/.env/lib/python3.11/site-packages/airflow/example_dags/example_branch_python_dop_operator_3.py took 0.090 seconds
[2024-09-18T15:30:57.021+0000] {processor.py:186} INFO - Started process (PID=98383) to work on /Users/omer/Desktop/MLOPS/7day/.env/lib/python3.11/site-packages/airflow/example_dags/example_branch_python_dop_operator_3.py
[2024-09-18T15:30:57.022+0000] {processor.py:914} INFO - Processing file /Users/omer/Desktop/MLOPS/7day/.env/lib/python3.11/site-packages/airflow/example_dags/example_branch_python_dop_operator_3.py for tasks to queue
[2024-09-18T15:30:57.022+0000] {logging_mixin.py:190} INFO - [2024-09-18T15:30:57.022+0000] {dagbag.py:587} INFO - Filling up the DagBag from /Users/omer/Desktop/MLOPS/7day/.env/lib/python3.11/site-packages/airflow/example_dags/example_branch_python_dop_operator_3.py
[2024-09-18T15:30:57.033+0000] {processor.py:925} INFO - DAG(s) 'example_branch_dop_operator_v3' retrieved from /Users/omer/Desktop/MLOPS/7day/.env/lib/python3.11/site-packages/airflow/example_dags/example_branch_python_dop_operator_3.py
[2024-09-18T15:30:57.058+0000] {logging_mixin.py:190} INFO - [2024-09-18T15:30:57.058+0000] {dag.py:3229} INFO - Sync 1 DAGs
[2024-09-18T15:30:57.085+0000] {logging_mixin.py:190} INFO - [2024-09-18T15:30:57.085+0000] {dag.py:4156} INFO - Setting next_dagrun for example_branch_dop_operator_v3 to 2024-09-18 15:29:00+00:00, run_after=2024-09-18 15:30:00+00:00
[2024-09-18T15:30:57.090+0000] {processor.py:208} INFO - Processing /Users/omer/Desktop/MLOPS/7day/.env/lib/python3.11/site-packages/airflow/example_dags/example_branch_python_dop_operator_3.py took 0.070 seconds
[2024-09-18T15:32:35.371+0000] {processor.py:186} INFO - Started process (PID=98667) to work on /Users/omer/Desktop/MLOPS/7day/.env/lib/python3.11/site-packages/airflow/example_dags/example_branch_python_dop_operator_3.py
[2024-09-18T15:32:35.372+0000] {processor.py:914} INFO - Processing file /Users/omer/Desktop/MLOPS/7day/.env/lib/python3.11/site-packages/airflow/example_dags/example_branch_python_dop_operator_3.py for tasks to queue
[2024-09-18T15:32:35.372+0000] {logging_mixin.py:190} INFO - [2024-09-18T15:32:35.372+0000] {dagbag.py:587} INFO - Filling up the DagBag from /Users/omer/Desktop/MLOPS/7day/.env/lib/python3.11/site-packages/airflow/example_dags/example_branch_python_dop_operator_3.py
[2024-09-18T15:32:35.383+0000] {processor.py:925} INFO - DAG(s) 'example_branch_dop_operator_v3' retrieved from /Users/omer/Desktop/MLOPS/7day/.env/lib/python3.11/site-packages/airflow/example_dags/example_branch_python_dop_operator_3.py
[2024-09-18T15:32:35.409+0000] {logging_mixin.py:190} INFO - [2024-09-18T15:32:35.409+0000] {dag.py:3229} INFO - Sync 1 DAGs
[2024-09-18T15:32:35.436+0000] {logging_mixin.py:190} INFO - [2024-09-18T15:32:35.436+0000] {dag.py:4156} INFO - Setting next_dagrun for example_branch_dop_operator_v3 to 2024-09-18 15:31:00+00:00, run_after=2024-09-18 15:32:00+00:00
[2024-09-18T15:32:35.441+0000] {processor.py:208} INFO - Processing /Users/omer/Desktop/MLOPS/7day/.env/lib/python3.11/site-packages/airflow/example_dags/example_branch_python_dop_operator_3.py took 0.072 seconds
[2024-09-18T15:35:16.294+0000] {processor.py:186} INFO - Started process (PID=99043) to work on /Users/omer/Desktop/MLOPS/7day/.env/lib/python3.11/site-packages/airflow/example_dags/example_branch_python_dop_operator_3.py
[2024-09-18T15:35:16.296+0000] {processor.py:914} INFO - Processing file /Users/omer/Desktop/MLOPS/7day/.env/lib/python3.11/site-packages/airflow/example_dags/example_branch_python_dop_operator_3.py for tasks to queue
[2024-09-18T15:35:16.296+0000] {logging_mixin.py:190} INFO - [2024-09-18T15:35:16.296+0000] {dagbag.py:587} INFO - Filling up the DagBag from /Users/omer/Desktop/MLOPS/7day/.env/lib/python3.11/site-packages/airflow/example_dags/example_branch_python_dop_operator_3.py
[2024-09-18T15:35:16.307+0000] {processor.py:925} INFO - DAG(s) 'example_branch_dop_operator_v3' retrieved from /Users/omer/Desktop/MLOPS/7day/.env/lib/python3.11/site-packages/airflow/example_dags/example_branch_python_dop_operator_3.py
[2024-09-18T15:35:16.335+0000] {logging_mixin.py:190} INFO - [2024-09-18T15:35:16.335+0000] {dag.py:3229} INFO - Sync 1 DAGs
[2024-09-18T15:35:16.365+0000] {logging_mixin.py:190} INFO - [2024-09-18T15:35:16.365+0000] {dag.py:4156} INFO - Setting next_dagrun for example_branch_dop_operator_v3 to 2024-09-18 15:34:00+00:00, run_after=2024-09-18 15:35:00+00:00
[2024-09-18T15:35:16.371+0000] {processor.py:208} INFO - Processing /Users/omer/Desktop/MLOPS/7day/.env/lib/python3.11/site-packages/airflow/example_dags/example_branch_python_dop_operator_3.py took 0.078 seconds
