[2024-09-18T14:48:46.180+0000] {processor.py:186} INFO - Started process (PID=93882) to work on /Users/omer/Desktop/MLOPS/7day/.env/lib/python3.11/site-packages/airflow/example_dags/example_trigger_controller_dag.py
[2024-09-18T14:48:46.180+0000] {processor.py:914} INFO - Processing file /Users/omer/Desktop/MLOPS/7day/.env/lib/python3.11/site-packages/airflow/example_dags/example_trigger_controller_dag.py for tasks to queue
[2024-09-18T14:48:46.180+0000] {logging_mixin.py:190} INFO - [2024-09-18T14:48:46.180+0000] {dagbag.py:587} INFO - Filling up the DagBag from /Users/omer/Desktop/MLOPS/7day/.env/lib/python3.11/site-packages/airflow/example_dags/example_trigger_controller_dag.py
[2024-09-18T14:48:46.184+0000] {processor.py:925} INFO - DAG(s) 'example_trigger_controller_dag' retrieved from /Users/omer/Desktop/MLOPS/7day/.env/lib/python3.11/site-packages/airflow/example_dags/example_trigger_controller_dag.py
[2024-09-18T14:48:46.253+0000] {logging_mixin.py:190} INFO - [2024-09-18T14:48:46.253+0000] {override.py:1900} INFO - Created Permission View: can read on DAG:example_trigger_controller_dag
[2024-09-18T14:48:46.255+0000] {logging_mixin.py:190} INFO - [2024-09-18T14:48:46.255+0000] {override.py:1900} INFO - Created Permission View: can edit on DAG:example_trigger_controller_dag
[2024-09-18T14:48:46.257+0000] {logging_mixin.py:190} INFO - [2024-09-18T14:48:46.257+0000] {override.py:1900} INFO - Created Permission View: can delete on DAG:example_trigger_controller_dag
[2024-09-18T14:48:46.259+0000] {logging_mixin.py:190} INFO - [2024-09-18T14:48:46.259+0000] {override.py:1900} INFO - Created Permission View: can read on DAG Run:example_trigger_controller_dag
[2024-09-18T14:48:46.260+0000] {logging_mixin.py:190} INFO - [2024-09-18T14:48:46.260+0000] {override.py:1900} INFO - Created Permission View: menu access on DAG Run:example_trigger_controller_dag
[2024-09-18T14:48:46.262+0000] {logging_mixin.py:190} INFO - [2024-09-18T14:48:46.262+0000] {override.py:1900} INFO - Created Permission View: can create on DAG Run:example_trigger_controller_dag
[2024-09-18T14:48:46.263+0000] {logging_mixin.py:190} INFO - [2024-09-18T14:48:46.263+0000] {override.py:1900} INFO - Created Permission View: can delete on DAG Run:example_trigger_controller_dag
[2024-09-18T14:48:46.263+0000] {logging_mixin.py:190} INFO - [2024-09-18T14:48:46.263+0000] {dag.py:3229} INFO - Sync 1 DAGs
[2024-09-18T14:48:46.267+0000] {logging_mixin.py:190} INFO - [2024-09-18T14:48:46.266+0000] {dag.py:3252} INFO - Creating ORM DAG for example_trigger_controller_dag
[2024-09-18T14:48:46.268+0000] {logging_mixin.py:190} INFO - [2024-09-18T14:48:46.268+0000] {dag.py:4156} INFO - Setting next_dagrun for example_trigger_controller_dag to 2021-01-01 00:00:00+00:00, run_after=2021-01-01 00:00:00+00:00
[2024-09-18T14:48:46.273+0000] {processor.py:208} INFO - Processing /Users/omer/Desktop/MLOPS/7day/.env/lib/python3.11/site-packages/airflow/example_dags/example_trigger_controller_dag.py took 0.094 seconds
[2024-09-18T14:50:06.974+0000] {processor.py:186} INFO - Started process (PID=94126) to work on /Users/omer/Desktop/MLOPS/7day/.env/lib/python3.11/site-packages/airflow/example_dags/example_trigger_controller_dag.py
[2024-09-18T14:50:06.975+0000] {processor.py:914} INFO - Processing file /Users/omer/Desktop/MLOPS/7day/.env/lib/python3.11/site-packages/airflow/example_dags/example_trigger_controller_dag.py for tasks to queue
[2024-09-18T14:50:06.975+0000] {logging_mixin.py:190} INFO - [2024-09-18T14:50:06.975+0000] {dagbag.py:587} INFO - Filling up the DagBag from /Users/omer/Desktop/MLOPS/7day/.env/lib/python3.11/site-packages/airflow/example_dags/example_trigger_controller_dag.py
[2024-09-18T14:50:06.979+0000] {processor.py:925} INFO - DAG(s) 'example_trigger_controller_dag' retrieved from /Users/omer/Desktop/MLOPS/7day/.env/lib/python3.11/site-packages/airflow/example_dags/example_trigger_controller_dag.py
[2024-09-18T14:50:07.002+0000] {logging_mixin.py:190} INFO - [2024-09-18T14:50:07.002+0000] {dag.py:3229} INFO - Sync 1 DAGs
[2024-09-18T14:50:07.007+0000] {logging_mixin.py:190} INFO - [2024-09-18T14:50:07.007+0000] {dag.py:4156} INFO - Setting next_dagrun for example_trigger_controller_dag to 2021-01-01 00:00:00+00:00, run_after=2021-01-01 00:00:00+00:00
[2024-09-18T14:50:07.012+0000] {processor.py:208} INFO - Processing /Users/omer/Desktop/MLOPS/7day/.env/lib/python3.11/site-packages/airflow/example_dags/example_trigger_controller_dag.py took 0.038 seconds
[2024-09-18T14:51:44.879+0000] {processor.py:186} INFO - Started process (PID=94381) to work on /Users/omer/Desktop/MLOPS/7day/.env/lib/python3.11/site-packages/airflow/example_dags/example_trigger_controller_dag.py
[2024-09-18T14:51:44.880+0000] {processor.py:914} INFO - Processing file /Users/omer/Desktop/MLOPS/7day/.env/lib/python3.11/site-packages/airflow/example_dags/example_trigger_controller_dag.py for tasks to queue
[2024-09-18T14:51:44.880+0000] {logging_mixin.py:190} INFO - [2024-09-18T14:51:44.880+0000] {dagbag.py:587} INFO - Filling up the DagBag from /Users/omer/Desktop/MLOPS/7day/.env/lib/python3.11/site-packages/airflow/example_dags/example_trigger_controller_dag.py
[2024-09-18T14:51:44.885+0000] {processor.py:925} INFO - DAG(s) 'example_trigger_controller_dag' retrieved from /Users/omer/Desktop/MLOPS/7day/.env/lib/python3.11/site-packages/airflow/example_dags/example_trigger_controller_dag.py
[2024-09-18T14:51:44.913+0000] {logging_mixin.py:190} INFO - [2024-09-18T14:51:44.913+0000] {dag.py:3229} INFO - Sync 1 DAGs
[2024-09-18T14:51:44.920+0000] {logging_mixin.py:190} INFO - [2024-09-18T14:51:44.919+0000] {dag.py:4156} INFO - Setting next_dagrun for example_trigger_controller_dag to 2021-01-01 00:00:00+00:00, run_after=2021-01-01 00:00:00+00:00
[2024-09-18T14:51:44.927+0000] {processor.py:208} INFO - Processing /Users/omer/Desktop/MLOPS/7day/.env/lib/python3.11/site-packages/airflow/example_dags/example_trigger_controller_dag.py took 0.049 seconds
[2024-09-18T14:52:35.491+0000] {processor.py:186} INFO - Started process (PID=94477) to work on /Users/omer/Desktop/MLOPS/7day/.env/lib/python3.11/site-packages/airflow/example_dags/example_trigger_controller_dag.py
[2024-09-18T14:52:35.491+0000] {processor.py:914} INFO - Processing file /Users/omer/Desktop/MLOPS/7day/.env/lib/python3.11/site-packages/airflow/example_dags/example_trigger_controller_dag.py for tasks to queue
[2024-09-18T14:52:35.492+0000] {logging_mixin.py:190} INFO - [2024-09-18T14:52:35.492+0000] {dagbag.py:587} INFO - Filling up the DagBag from /Users/omer/Desktop/MLOPS/7day/.env/lib/python3.11/site-packages/airflow/example_dags/example_trigger_controller_dag.py
[2024-09-18T14:52:35.495+0000] {processor.py:925} INFO - DAG(s) 'example_trigger_controller_dag' retrieved from /Users/omer/Desktop/MLOPS/7day/.env/lib/python3.11/site-packages/airflow/example_dags/example_trigger_controller_dag.py
[2024-09-18T14:52:35.521+0000] {logging_mixin.py:190} INFO - [2024-09-18T14:52:35.521+0000] {dag.py:3229} INFO - Sync 1 DAGs
[2024-09-18T14:52:35.526+0000] {logging_mixin.py:190} INFO - [2024-09-18T14:52:35.526+0000] {dag.py:4156} INFO - Setting next_dagrun for example_trigger_controller_dag to 2021-01-01 00:00:00+00:00, run_after=2021-01-01 00:00:00+00:00
[2024-09-18T14:52:35.531+0000] {processor.py:208} INFO - Processing /Users/omer/Desktop/MLOPS/7day/.env/lib/python3.11/site-packages/airflow/example_dags/example_trigger_controller_dag.py took 0.041 seconds
[2024-09-18T14:53:26.406+0000] {processor.py:186} INFO - Started process (PID=94558) to work on /Users/omer/Desktop/MLOPS/7day/.env/lib/python3.11/site-packages/airflow/example_dags/example_trigger_controller_dag.py
[2024-09-18T14:53:26.406+0000] {processor.py:914} INFO - Processing file /Users/omer/Desktop/MLOPS/7day/.env/lib/python3.11/site-packages/airflow/example_dags/example_trigger_controller_dag.py for tasks to queue
[2024-09-18T14:53:26.407+0000] {logging_mixin.py:190} INFO - [2024-09-18T14:53:26.406+0000] {dagbag.py:587} INFO - Filling up the DagBag from /Users/omer/Desktop/MLOPS/7day/.env/lib/python3.11/site-packages/airflow/example_dags/example_trigger_controller_dag.py
[2024-09-18T14:53:26.410+0000] {processor.py:925} INFO - DAG(s) 'example_trigger_controller_dag' retrieved from /Users/omer/Desktop/MLOPS/7day/.env/lib/python3.11/site-packages/airflow/example_dags/example_trigger_controller_dag.py
[2024-09-18T14:53:26.434+0000] {logging_mixin.py:190} INFO - [2024-09-18T14:53:26.434+0000] {dag.py:3229} INFO - Sync 1 DAGs
[2024-09-18T14:53:26.438+0000] {logging_mixin.py:190} INFO - [2024-09-18T14:53:26.438+0000] {dag.py:4156} INFO - Setting next_dagrun for example_trigger_controller_dag to 2021-01-01 00:00:00+00:00, run_after=2021-01-01 00:00:00+00:00
[2024-09-18T14:53:26.443+0000] {processor.py:208} INFO - Processing /Users/omer/Desktop/MLOPS/7day/.env/lib/python3.11/site-packages/airflow/example_dags/example_trigger_controller_dag.py took 0.038 seconds
[2024-09-18T14:54:16.283+0000] {processor.py:186} INFO - Started process (PID=94647) to work on /Users/omer/Desktop/MLOPS/7day/.env/lib/python3.11/site-packages/airflow/example_dags/example_trigger_controller_dag.py
[2024-09-18T14:54:16.284+0000] {processor.py:914} INFO - Processing file /Users/omer/Desktop/MLOPS/7day/.env/lib/python3.11/site-packages/airflow/example_dags/example_trigger_controller_dag.py for tasks to queue
[2024-09-18T14:54:16.285+0000] {logging_mixin.py:190} INFO - [2024-09-18T14:54:16.285+0000] {dagbag.py:587} INFO - Filling up the DagBag from /Users/omer/Desktop/MLOPS/7day/.env/lib/python3.11/site-packages/airflow/example_dags/example_trigger_controller_dag.py
[2024-09-18T14:54:16.288+0000] {processor.py:925} INFO - DAG(s) 'example_trigger_controller_dag' retrieved from /Users/omer/Desktop/MLOPS/7day/.env/lib/python3.11/site-packages/airflow/example_dags/example_trigger_controller_dag.py
[2024-09-18T14:54:16.312+0000] {logging_mixin.py:190} INFO - [2024-09-18T14:54:16.312+0000] {dag.py:3229} INFO - Sync 1 DAGs
[2024-09-18T14:54:16.317+0000] {logging_mixin.py:190} INFO - [2024-09-18T14:54:16.317+0000] {dag.py:4156} INFO - Setting next_dagrun for example_trigger_controller_dag to 2021-01-01 00:00:00+00:00, run_after=2021-01-01 00:00:00+00:00
[2024-09-18T14:54:16.321+0000] {processor.py:208} INFO - Processing /Users/omer/Desktop/MLOPS/7day/.env/lib/python3.11/site-packages/airflow/example_dags/example_trigger_controller_dag.py took 0.039 seconds
[2024-09-18T15:21:06.667+0000] {processor.py:186} INFO - Started process (PID=97134) to work on /Users/omer/Desktop/MLOPS/7day/.env/lib/python3.11/site-packages/airflow/example_dags/example_trigger_controller_dag.py
[2024-09-18T15:21:06.668+0000] {processor.py:914} INFO - Processing file /Users/omer/Desktop/MLOPS/7day/.env/lib/python3.11/site-packages/airflow/example_dags/example_trigger_controller_dag.py for tasks to queue
[2024-09-18T15:21:06.668+0000] {logging_mixin.py:190} INFO - [2024-09-18T15:21:06.668+0000] {dagbag.py:587} INFO - Filling up the DagBag from /Users/omer/Desktop/MLOPS/7day/.env/lib/python3.11/site-packages/airflow/example_dags/example_trigger_controller_dag.py
[2024-09-18T15:21:06.671+0000] {processor.py:925} INFO - DAG(s) 'example_trigger_controller_dag' retrieved from /Users/omer/Desktop/MLOPS/7day/.env/lib/python3.11/site-packages/airflow/example_dags/example_trigger_controller_dag.py
[2024-09-18T15:21:06.696+0000] {logging_mixin.py:190} INFO - [2024-09-18T15:21:06.696+0000] {dag.py:3229} INFO - Sync 1 DAGs
[2024-09-18T15:21:06.700+0000] {logging_mixin.py:190} INFO - [2024-09-18T15:21:06.700+0000] {dag.py:4156} INFO - Setting next_dagrun for example_trigger_controller_dag to 2021-01-01 00:00:00+00:00, run_after=2021-01-01 00:00:00+00:00
[2024-09-18T15:21:06.706+0000] {processor.py:208} INFO - Processing /Users/omer/Desktop/MLOPS/7day/.env/lib/python3.11/site-packages/airflow/example_dags/example_trigger_controller_dag.py took 0.040 seconds
[2024-09-18T15:22:25.970+0000] {processor.py:186} INFO - Started process (PID=97271) to work on /Users/omer/Desktop/MLOPS/7day/.env/lib/python3.11/site-packages/airflow/example_dags/example_trigger_controller_dag.py
[2024-09-18T15:22:25.971+0000] {processor.py:914} INFO - Processing file /Users/omer/Desktop/MLOPS/7day/.env/lib/python3.11/site-packages/airflow/example_dags/example_trigger_controller_dag.py for tasks to queue
[2024-09-18T15:22:25.972+0000] {logging_mixin.py:190} INFO - [2024-09-18T15:22:25.972+0000] {dagbag.py:587} INFO - Filling up the DagBag from /Users/omer/Desktop/MLOPS/7day/.env/lib/python3.11/site-packages/airflow/example_dags/example_trigger_controller_dag.py
[2024-09-18T15:22:25.975+0000] {processor.py:925} INFO - DAG(s) 'example_trigger_controller_dag' retrieved from /Users/omer/Desktop/MLOPS/7day/.env/lib/python3.11/site-packages/airflow/example_dags/example_trigger_controller_dag.py
[2024-09-18T15:22:25.999+0000] {logging_mixin.py:190} INFO - [2024-09-18T15:22:25.999+0000] {dag.py:3229} INFO - Sync 1 DAGs
[2024-09-18T15:22:26.004+0000] {logging_mixin.py:190} INFO - [2024-09-18T15:22:26.004+0000] {dag.py:4156} INFO - Setting next_dagrun for example_trigger_controller_dag to 2021-01-01 00:00:00+00:00, run_after=2021-01-01 00:00:00+00:00
[2024-09-18T15:22:26.008+0000] {processor.py:208} INFO - Processing /Users/omer/Desktop/MLOPS/7day/.env/lib/python3.11/site-packages/airflow/example_dags/example_trigger_controller_dag.py took 0.039 seconds
[2024-09-18T15:25:29.070+0000] {processor.py:186} INFO - Started process (PID=97608) to work on /Users/omer/Desktop/MLOPS/7day/.env/lib/python3.11/site-packages/airflow/example_dags/example_trigger_controller_dag.py
[2024-09-18T15:25:29.071+0000] {processor.py:914} INFO - Processing file /Users/omer/Desktop/MLOPS/7day/.env/lib/python3.11/site-packages/airflow/example_dags/example_trigger_controller_dag.py for tasks to queue
[2024-09-18T15:25:29.071+0000] {logging_mixin.py:190} INFO - [2024-09-18T15:25:29.071+0000] {dagbag.py:587} INFO - Filling up the DagBag from /Users/omer/Desktop/MLOPS/7day/.env/lib/python3.11/site-packages/airflow/example_dags/example_trigger_controller_dag.py
[2024-09-18T15:25:29.074+0000] {processor.py:925} INFO - DAG(s) 'example_trigger_controller_dag' retrieved from /Users/omer/Desktop/MLOPS/7day/.env/lib/python3.11/site-packages/airflow/example_dags/example_trigger_controller_dag.py
[2024-09-18T15:25:29.099+0000] {logging_mixin.py:190} INFO - [2024-09-18T15:25:29.099+0000] {dag.py:3229} INFO - Sync 1 DAGs
[2024-09-18T15:25:29.104+0000] {logging_mixin.py:190} INFO - [2024-09-18T15:25:29.104+0000] {dag.py:4156} INFO - Setting next_dagrun for example_trigger_controller_dag to 2021-01-01 00:00:00+00:00, run_after=2021-01-01 00:00:00+00:00
[2024-09-18T15:25:29.109+0000] {processor.py:208} INFO - Processing /Users/omer/Desktop/MLOPS/7day/.env/lib/python3.11/site-packages/airflow/example_dags/example_trigger_controller_dag.py took 0.040 seconds
[2024-09-18T15:26:50.082+0000] {processor.py:186} INFO - Started process (PID=97758) to work on /Users/omer/Desktop/MLOPS/7day/.env/lib/python3.11/site-packages/airflow/example_dags/example_trigger_controller_dag.py
[2024-09-18T15:26:50.082+0000] {processor.py:914} INFO - Processing file /Users/omer/Desktop/MLOPS/7day/.env/lib/python3.11/site-packages/airflow/example_dags/example_trigger_controller_dag.py for tasks to queue
[2024-09-18T15:26:50.082+0000] {logging_mixin.py:190} INFO - [2024-09-18T15:26:50.082+0000] {dagbag.py:587} INFO - Filling up the DagBag from /Users/omer/Desktop/MLOPS/7day/.env/lib/python3.11/site-packages/airflow/example_dags/example_trigger_controller_dag.py
[2024-09-18T15:26:50.086+0000] {processor.py:925} INFO - DAG(s) 'example_trigger_controller_dag' retrieved from /Users/omer/Desktop/MLOPS/7day/.env/lib/python3.11/site-packages/airflow/example_dags/example_trigger_controller_dag.py
[2024-09-18T15:26:50.110+0000] {logging_mixin.py:190} INFO - [2024-09-18T15:26:50.110+0000] {dag.py:3229} INFO - Sync 1 DAGs
[2024-09-18T15:26:50.115+0000] {logging_mixin.py:190} INFO - [2024-09-18T15:26:50.115+0000] {dag.py:4156} INFO - Setting next_dagrun for example_trigger_controller_dag to 2021-01-01 00:00:00+00:00, run_after=2021-01-01 00:00:00+00:00
[2024-09-18T15:26:50.120+0000] {processor.py:208} INFO - Processing /Users/omer/Desktop/MLOPS/7day/.env/lib/python3.11/site-packages/airflow/example_dags/example_trigger_controller_dag.py took 0.040 seconds
[2024-09-18T15:28:10.383+0000] {processor.py:186} INFO - Started process (PID=97966) to work on /Users/omer/Desktop/MLOPS/7day/.env/lib/python3.11/site-packages/airflow/example_dags/example_trigger_controller_dag.py
[2024-09-18T15:28:10.384+0000] {processor.py:914} INFO - Processing file /Users/omer/Desktop/MLOPS/7day/.env/lib/python3.11/site-packages/airflow/example_dags/example_trigger_controller_dag.py for tasks to queue
[2024-09-18T15:28:10.384+0000] {logging_mixin.py:190} INFO - [2024-09-18T15:28:10.384+0000] {dagbag.py:587} INFO - Filling up the DagBag from /Users/omer/Desktop/MLOPS/7day/.env/lib/python3.11/site-packages/airflow/example_dags/example_trigger_controller_dag.py
[2024-09-18T15:28:10.388+0000] {processor.py:925} INFO - DAG(s) 'example_trigger_controller_dag' retrieved from /Users/omer/Desktop/MLOPS/7day/.env/lib/python3.11/site-packages/airflow/example_dags/example_trigger_controller_dag.py
[2024-09-18T15:28:10.413+0000] {logging_mixin.py:190} INFO - [2024-09-18T15:28:10.413+0000] {dag.py:3229} INFO - Sync 1 DAGs
[2024-09-18T15:28:10.418+0000] {logging_mixin.py:190} INFO - [2024-09-18T15:28:10.418+0000] {dag.py:4156} INFO - Setting next_dagrun for example_trigger_controller_dag to 2021-01-01 00:00:00+00:00, run_after=2021-01-01 00:00:00+00:00
[2024-09-18T15:28:10.423+0000] {processor.py:208} INFO - Processing /Users/omer/Desktop/MLOPS/7day/.env/lib/python3.11/site-packages/airflow/example_dags/example_trigger_controller_dag.py took 0.041 seconds
[2024-09-18T15:29:00.914+0000] {processor.py:186} INFO - Started process (PID=98071) to work on /Users/omer/Desktop/MLOPS/7day/.env/lib/python3.11/site-packages/airflow/example_dags/example_trigger_controller_dag.py
[2024-09-18T15:29:00.915+0000] {processor.py:914} INFO - Processing file /Users/omer/Desktop/MLOPS/7day/.env/lib/python3.11/site-packages/airflow/example_dags/example_trigger_controller_dag.py for tasks to queue
[2024-09-18T15:29:00.915+0000] {logging_mixin.py:190} INFO - [2024-09-18T15:29:00.915+0000] {dagbag.py:587} INFO - Filling up the DagBag from /Users/omer/Desktop/MLOPS/7day/.env/lib/python3.11/site-packages/airflow/example_dags/example_trigger_controller_dag.py
[2024-09-18T15:29:00.918+0000] {processor.py:925} INFO - DAG(s) 'example_trigger_controller_dag' retrieved from /Users/omer/Desktop/MLOPS/7day/.env/lib/python3.11/site-packages/airflow/example_dags/example_trigger_controller_dag.py
[2024-09-18T15:29:00.944+0000] {logging_mixin.py:190} INFO - [2024-09-18T15:29:00.944+0000] {dag.py:3229} INFO - Sync 1 DAGs
[2024-09-18T15:29:00.949+0000] {logging_mixin.py:190} INFO - [2024-09-18T15:29:00.948+0000] {dag.py:4156} INFO - Setting next_dagrun for example_trigger_controller_dag to 2021-01-01 00:00:00+00:00, run_after=2021-01-01 00:00:00+00:00
[2024-09-18T15:29:00.954+0000] {processor.py:208} INFO - Processing /Users/omer/Desktop/MLOPS/7day/.env/lib/python3.11/site-packages/airflow/example_dags/example_trigger_controller_dag.py took 0.040 seconds
[2024-09-18T15:30:39.650+0000] {processor.py:186} INFO - Started process (PID=98344) to work on /Users/omer/Desktop/MLOPS/7day/.env/lib/python3.11/site-packages/airflow/example_dags/example_trigger_controller_dag.py
[2024-09-18T15:30:39.651+0000] {processor.py:914} INFO - Processing file /Users/omer/Desktop/MLOPS/7day/.env/lib/python3.11/site-packages/airflow/example_dags/example_trigger_controller_dag.py for tasks to queue
[2024-09-18T15:30:39.651+0000] {logging_mixin.py:190} INFO - [2024-09-18T15:30:39.651+0000] {dagbag.py:587} INFO - Filling up the DagBag from /Users/omer/Desktop/MLOPS/7day/.env/lib/python3.11/site-packages/airflow/example_dags/example_trigger_controller_dag.py
[2024-09-18T15:30:39.655+0000] {processor.py:925} INFO - DAG(s) 'example_trigger_controller_dag' retrieved from /Users/omer/Desktop/MLOPS/7day/.env/lib/python3.11/site-packages/airflow/example_dags/example_trigger_controller_dag.py
[2024-09-18T15:30:39.680+0000] {logging_mixin.py:190} INFO - [2024-09-18T15:30:39.679+0000] {dag.py:3229} INFO - Sync 1 DAGs
[2024-09-18T15:30:39.684+0000] {logging_mixin.py:190} INFO - [2024-09-18T15:30:39.684+0000] {dag.py:4156} INFO - Setting next_dagrun for example_trigger_controller_dag to 2021-01-01 00:00:00+00:00, run_after=2021-01-01 00:00:00+00:00
[2024-09-18T15:30:39.689+0000] {processor.py:208} INFO - Processing /Users/omer/Desktop/MLOPS/7day/.env/lib/python3.11/site-packages/airflow/example_dags/example_trigger_controller_dag.py took 0.040 seconds
[2024-09-18T15:32:16.673+0000] {processor.py:186} INFO - Started process (PID=98631) to work on /Users/omer/Desktop/MLOPS/7day/.env/lib/python3.11/site-packages/airflow/example_dags/example_trigger_controller_dag.py
[2024-09-18T15:32:16.674+0000] {processor.py:914} INFO - Processing file /Users/omer/Desktop/MLOPS/7day/.env/lib/python3.11/site-packages/airflow/example_dags/example_trigger_controller_dag.py for tasks to queue
[2024-09-18T15:32:16.675+0000] {logging_mixin.py:190} INFO - [2024-09-18T15:32:16.675+0000] {dagbag.py:587} INFO - Filling up the DagBag from /Users/omer/Desktop/MLOPS/7day/.env/lib/python3.11/site-packages/airflow/example_dags/example_trigger_controller_dag.py
[2024-09-18T15:32:16.679+0000] {processor.py:925} INFO - DAG(s) 'example_trigger_controller_dag' retrieved from /Users/omer/Desktop/MLOPS/7day/.env/lib/python3.11/site-packages/airflow/example_dags/example_trigger_controller_dag.py
[2024-09-18T15:32:16.705+0000] {logging_mixin.py:190} INFO - [2024-09-18T15:32:16.705+0000] {dag.py:3229} INFO - Sync 1 DAGs
[2024-09-18T15:32:16.710+0000] {logging_mixin.py:190} INFO - [2024-09-18T15:32:16.710+0000] {dag.py:4156} INFO - Setting next_dagrun for example_trigger_controller_dag to 2021-01-01 00:00:00+00:00, run_after=2021-01-01 00:00:00+00:00
[2024-09-18T15:32:16.715+0000] {processor.py:208} INFO - Processing /Users/omer/Desktop/MLOPS/7day/.env/lib/python3.11/site-packages/airflow/example_dags/example_trigger_controller_dag.py took 0.045 seconds
[2024-09-18T15:33:16.250+0000] {processor.py:186} INFO - Started process (PID=98778) to work on /Users/omer/Desktop/MLOPS/7day/.env/lib/python3.11/site-packages/airflow/example_dags/example_trigger_controller_dag.py
[2024-09-18T15:33:16.251+0000] {processor.py:914} INFO - Processing file /Users/omer/Desktop/MLOPS/7day/.env/lib/python3.11/site-packages/airflow/example_dags/example_trigger_controller_dag.py for tasks to queue
[2024-09-18T15:33:16.251+0000] {logging_mixin.py:190} INFO - [2024-09-18T15:33:16.251+0000] {dagbag.py:587} INFO - Filling up the DagBag from /Users/omer/Desktop/MLOPS/7day/.env/lib/python3.11/site-packages/airflow/example_dags/example_trigger_controller_dag.py
[2024-09-18T15:33:16.254+0000] {processor.py:925} INFO - DAG(s) 'example_trigger_controller_dag' retrieved from /Users/omer/Desktop/MLOPS/7day/.env/lib/python3.11/site-packages/airflow/example_dags/example_trigger_controller_dag.py
[2024-09-18T15:33:16.282+0000] {logging_mixin.py:190} INFO - [2024-09-18T15:33:16.281+0000] {dag.py:3229} INFO - Sync 1 DAGs
[2024-09-18T15:33:16.288+0000] {logging_mixin.py:190} INFO - [2024-09-18T15:33:16.287+0000] {dag.py:4156} INFO - Setting next_dagrun for example_trigger_controller_dag to 2021-01-01 00:00:00+00:00, run_after=2021-01-01 00:00:00+00:00
[2024-09-18T15:33:16.293+0000] {processor.py:208} INFO - Processing /Users/omer/Desktop/MLOPS/7day/.env/lib/python3.11/site-packages/airflow/example_dags/example_trigger_controller_dag.py took 0.044 seconds
[2024-09-18T15:34:26.905+0000] {processor.py:186} INFO - Started process (PID=98937) to work on /Users/omer/Desktop/MLOPS/7day/.env/lib/python3.11/site-packages/airflow/example_dags/example_trigger_controller_dag.py
[2024-09-18T15:34:26.906+0000] {processor.py:914} INFO - Processing file /Users/omer/Desktop/MLOPS/7day/.env/lib/python3.11/site-packages/airflow/example_dags/example_trigger_controller_dag.py for tasks to queue
[2024-09-18T15:34:26.906+0000] {logging_mixin.py:190} INFO - [2024-09-18T15:34:26.906+0000] {dagbag.py:587} INFO - Filling up the DagBag from /Users/omer/Desktop/MLOPS/7day/.env/lib/python3.11/site-packages/airflow/example_dags/example_trigger_controller_dag.py
[2024-09-18T15:34:26.909+0000] {processor.py:925} INFO - DAG(s) 'example_trigger_controller_dag' retrieved from /Users/omer/Desktop/MLOPS/7day/.env/lib/python3.11/site-packages/airflow/example_dags/example_trigger_controller_dag.py
[2024-09-18T15:34:26.934+0000] {logging_mixin.py:190} INFO - [2024-09-18T15:34:26.934+0000] {dag.py:3229} INFO - Sync 1 DAGs
[2024-09-18T15:34:26.938+0000] {logging_mixin.py:190} INFO - [2024-09-18T15:34:26.938+0000] {dag.py:4156} INFO - Setting next_dagrun for example_trigger_controller_dag to 2021-01-01 00:00:00+00:00, run_after=2021-01-01 00:00:00+00:00
[2024-09-18T15:34:26.943+0000] {processor.py:208} INFO - Processing /Users/omer/Desktop/MLOPS/7day/.env/lib/python3.11/site-packages/airflow/example_dags/example_trigger_controller_dag.py took 0.039 seconds
[2024-09-18T15:35:47.744+0000] {processor.py:186} INFO - Started process (PID=99100) to work on /Users/omer/Desktop/MLOPS/7day/.env/lib/python3.11/site-packages/airflow/example_dags/example_trigger_controller_dag.py
[2024-09-18T15:35:47.745+0000] {processor.py:914} INFO - Processing file /Users/omer/Desktop/MLOPS/7day/.env/lib/python3.11/site-packages/airflow/example_dags/example_trigger_controller_dag.py for tasks to queue
[2024-09-18T15:35:47.746+0000] {logging_mixin.py:190} INFO - [2024-09-18T15:35:47.746+0000] {dagbag.py:587} INFO - Filling up the DagBag from /Users/omer/Desktop/MLOPS/7day/.env/lib/python3.11/site-packages/airflow/example_dags/example_trigger_controller_dag.py
[2024-09-18T15:35:47.749+0000] {processor.py:925} INFO - DAG(s) 'example_trigger_controller_dag' retrieved from /Users/omer/Desktop/MLOPS/7day/.env/lib/python3.11/site-packages/airflow/example_dags/example_trigger_controller_dag.py
[2024-09-18T15:35:47.775+0000] {logging_mixin.py:190} INFO - [2024-09-18T15:35:47.774+0000] {dag.py:3229} INFO - Sync 1 DAGs
[2024-09-18T15:35:47.780+0000] {logging_mixin.py:190} INFO - [2024-09-18T15:35:47.780+0000] {dag.py:4156} INFO - Setting next_dagrun for example_trigger_controller_dag to 2021-01-01 00:00:00+00:00, run_after=2021-01-01 00:00:00+00:00
[2024-09-18T15:35:47.786+0000] {processor.py:208} INFO - Processing /Users/omer/Desktop/MLOPS/7day/.env/lib/python3.11/site-packages/airflow/example_dags/example_trigger_controller_dag.py took 0.042 seconds
