[2024-09-18T14:49:27.431+0000] {processor.py:186} INFO - Started process (PID=94015) to work on /Users/omer/Desktop/MLOPS/7day/.env/lib/python3.11/site-packages/airflow/example_dags/example_datasets.py
[2024-09-18T14:49:27.431+0000] {processor.py:914} INFO - Processing file /Users/omer/Desktop/MLOPS/7day/.env/lib/python3.11/site-packages/airflow/example_dags/example_datasets.py for tasks to queue
[2024-09-18T14:49:27.431+0000] {logging_mixin.py:190} INFO - [2024-09-18T14:49:27.431+0000] {dagbag.py:587} INFO - Filling up the DagBag from /Users/omer/Desktop/MLOPS/7day/.env/lib/python3.11/site-packages/airflow/example_dags/example_datasets.py
[2024-09-18T14:49:27.444+0000] {processor.py:925} INFO - DAG(s) 'consume_1_or_2_with_dataset_expressions', 'dataset_consumes_1_and_2', 'dataset_produces_2', 'dataset_consumes_1', 'dataset_produces_1', 'consume_1_or_both_2_and_3_with_dataset_expressions', 'dataset_consumes_1_never_scheduled', 'conditional_dataset_and_time_based_timetable', 'consume_1_and_2_with_dataset_expressions', 'dataset_consumes_unknown_never_scheduled' retrieved from /Users/omer/Desktop/MLOPS/7day/.env/lib/python3.11/site-packages/airflow/example_dags/example_datasets.py
[2024-09-18T14:49:27.512+0000] {logging_mixin.py:190} INFO - [2024-09-18T14:49:27.512+0000] {override.py:1900} INFO - Created Permission View: can read on DAG:consume_1_or_2_with_dataset_expressions
[2024-09-18T14:49:27.515+0000] {logging_mixin.py:190} INFO - [2024-09-18T14:49:27.515+0000] {override.py:1900} INFO - Created Permission View: can edit on DAG:consume_1_or_2_with_dataset_expressions
[2024-09-18T14:49:27.517+0000] {logging_mixin.py:190} INFO - [2024-09-18T14:49:27.517+0000] {override.py:1900} INFO - Created Permission View: can delete on DAG:consume_1_or_2_with_dataset_expressions
[2024-09-18T14:49:27.519+0000] {logging_mixin.py:190} INFO - [2024-09-18T14:49:27.519+0000] {override.py:1900} INFO - Created Permission View: can read on DAG Run:consume_1_or_2_with_dataset_expressions
[2024-09-18T14:49:27.521+0000] {logging_mixin.py:190} INFO - [2024-09-18T14:49:27.521+0000] {override.py:1900} INFO - Created Permission View: menu access on DAG Run:consume_1_or_2_with_dataset_expressions
[2024-09-18T14:49:27.523+0000] {logging_mixin.py:190} INFO - [2024-09-18T14:49:27.523+0000] {override.py:1900} INFO - Created Permission View: can create on DAG Run:consume_1_or_2_with_dataset_expressions
[2024-09-18T14:49:27.524+0000] {logging_mixin.py:190} INFO - [2024-09-18T14:49:27.524+0000] {override.py:1900} INFO - Created Permission View: can delete on DAG Run:consume_1_or_2_with_dataset_expressions
[2024-09-18T14:49:27.528+0000] {logging_mixin.py:190} INFO - [2024-09-18T14:49:27.527+0000] {override.py:1900} INFO - Created Permission View: can read on DAG:dataset_consumes_1_and_2
[2024-09-18T14:49:27.529+0000] {logging_mixin.py:190} INFO - [2024-09-18T14:49:27.529+0000] {override.py:1900} INFO - Created Permission View: can edit on DAG:dataset_consumes_1_and_2
[2024-09-18T14:49:27.530+0000] {logging_mixin.py:190} INFO - [2024-09-18T14:49:27.530+0000] {override.py:1900} INFO - Created Permission View: can delete on DAG:dataset_consumes_1_and_2
[2024-09-18T14:49:27.532+0000] {logging_mixin.py:190} INFO - [2024-09-18T14:49:27.532+0000] {override.py:1900} INFO - Created Permission View: can read on DAG Run:dataset_consumes_1_and_2
[2024-09-18T14:49:27.533+0000] {logging_mixin.py:190} INFO - [2024-09-18T14:49:27.533+0000] {override.py:1900} INFO - Created Permission View: menu access on DAG Run:dataset_consumes_1_and_2
[2024-09-18T14:49:27.534+0000] {logging_mixin.py:190} INFO - [2024-09-18T14:49:27.534+0000] {override.py:1900} INFO - Created Permission View: can create on DAG Run:dataset_consumes_1_and_2
[2024-09-18T14:49:27.536+0000] {logging_mixin.py:190} INFO - [2024-09-18T14:49:27.536+0000] {override.py:1900} INFO - Created Permission View: can delete on DAG Run:dataset_consumes_1_and_2
[2024-09-18T14:49:27.539+0000] {logging_mixin.py:190} INFO - [2024-09-18T14:49:27.539+0000] {override.py:1900} INFO - Created Permission View: can read on DAG:dataset_produces_2
[2024-09-18T14:49:27.540+0000] {logging_mixin.py:190} INFO - [2024-09-18T14:49:27.540+0000] {override.py:1900} INFO - Created Permission View: can edit on DAG:dataset_produces_2
[2024-09-18T14:49:27.542+0000] {logging_mixin.py:190} INFO - [2024-09-18T14:49:27.542+0000] {override.py:1900} INFO - Created Permission View: can delete on DAG:dataset_produces_2
[2024-09-18T14:49:27.543+0000] {logging_mixin.py:190} INFO - [2024-09-18T14:49:27.543+0000] {override.py:1900} INFO - Created Permission View: can read on DAG Run:dataset_produces_2
[2024-09-18T14:49:27.545+0000] {logging_mixin.py:190} INFO - [2024-09-18T14:49:27.545+0000] {override.py:1900} INFO - Created Permission View: menu access on DAG Run:dataset_produces_2
[2024-09-18T14:49:27.546+0000] {logging_mixin.py:190} INFO - [2024-09-18T14:49:27.546+0000] {override.py:1900} INFO - Created Permission View: can create on DAG Run:dataset_produces_2
[2024-09-18T14:49:27.547+0000] {logging_mixin.py:190} INFO - [2024-09-18T14:49:27.547+0000] {override.py:1900} INFO - Created Permission View: can delete on DAG Run:dataset_produces_2
[2024-09-18T14:49:27.550+0000] {logging_mixin.py:190} INFO - [2024-09-18T14:49:27.550+0000] {override.py:1900} INFO - Created Permission View: can read on DAG:dataset_consumes_1
[2024-09-18T14:49:27.551+0000] {logging_mixin.py:190} INFO - [2024-09-18T14:49:27.551+0000] {override.py:1900} INFO - Created Permission View: can edit on DAG:dataset_consumes_1
[2024-09-18T14:49:27.553+0000] {logging_mixin.py:190} INFO - [2024-09-18T14:49:27.553+0000] {override.py:1900} INFO - Created Permission View: can delete on DAG:dataset_consumes_1
[2024-09-18T14:49:27.554+0000] {logging_mixin.py:190} INFO - [2024-09-18T14:49:27.554+0000] {override.py:1900} INFO - Created Permission View: can read on DAG Run:dataset_consumes_1
[2024-09-18T14:49:27.556+0000] {logging_mixin.py:190} INFO - [2024-09-18T14:49:27.556+0000] {override.py:1900} INFO - Created Permission View: menu access on DAG Run:dataset_consumes_1
[2024-09-18T14:49:27.557+0000] {logging_mixin.py:190} INFO - [2024-09-18T14:49:27.557+0000] {override.py:1900} INFO - Created Permission View: can create on DAG Run:dataset_consumes_1
[2024-09-18T14:49:27.558+0000] {logging_mixin.py:190} INFO - [2024-09-18T14:49:27.558+0000] {override.py:1900} INFO - Created Permission View: can delete on DAG Run:dataset_consumes_1
[2024-09-18T14:49:27.561+0000] {logging_mixin.py:190} INFO - [2024-09-18T14:49:27.561+0000] {override.py:1900} INFO - Created Permission View: can read on DAG:dataset_produces_1
[2024-09-18T14:49:27.562+0000] {logging_mixin.py:190} INFO - [2024-09-18T14:49:27.562+0000] {override.py:1900} INFO - Created Permission View: can edit on DAG:dataset_produces_1
[2024-09-18T14:49:27.563+0000] {logging_mixin.py:190} INFO - [2024-09-18T14:49:27.563+0000] {override.py:1900} INFO - Created Permission View: can delete on DAG:dataset_produces_1
[2024-09-18T14:49:27.565+0000] {logging_mixin.py:190} INFO - [2024-09-18T14:49:27.565+0000] {override.py:1900} INFO - Created Permission View: can read on DAG Run:dataset_produces_1
[2024-09-18T14:49:27.566+0000] {logging_mixin.py:190} INFO - [2024-09-18T14:49:27.566+0000] {override.py:1900} INFO - Created Permission View: menu access on DAG Run:dataset_produces_1
[2024-09-18T14:49:27.568+0000] {logging_mixin.py:190} INFO - [2024-09-18T14:49:27.568+0000] {override.py:1900} INFO - Created Permission View: can create on DAG Run:dataset_produces_1
[2024-09-18T14:49:27.569+0000] {logging_mixin.py:190} INFO - [2024-09-18T14:49:27.569+0000] {override.py:1900} INFO - Created Permission View: can delete on DAG Run:dataset_produces_1
[2024-09-18T14:49:27.572+0000] {logging_mixin.py:190} INFO - [2024-09-18T14:49:27.572+0000] {override.py:1900} INFO - Created Permission View: can read on DAG:consume_1_or_both_2_and_3_with_dataset_expressions
[2024-09-18T14:49:27.574+0000] {logging_mixin.py:190} INFO - [2024-09-18T14:49:27.573+0000] {override.py:1900} INFO - Created Permission View: can edit on DAG:consume_1_or_both_2_and_3_with_dataset_expressions
[2024-09-18T14:49:27.575+0000] {logging_mixin.py:190} INFO - [2024-09-18T14:49:27.575+0000] {override.py:1900} INFO - Created Permission View: can delete on DAG:consume_1_or_both_2_and_3_with_dataset_expressions
[2024-09-18T14:49:27.577+0000] {logging_mixin.py:190} INFO - [2024-09-18T14:49:27.577+0000] {override.py:1900} INFO - Created Permission View: can read on DAG Run:consume_1_or_both_2_and_3_with_dataset_expressions
[2024-09-18T14:49:27.578+0000] {logging_mixin.py:190} INFO - [2024-09-18T14:49:27.578+0000] {override.py:1900} INFO - Created Permission View: menu access on DAG Run:consume_1_or_both_2_and_3_with_dataset_expressions
[2024-09-18T14:49:27.579+0000] {logging_mixin.py:190} INFO - [2024-09-18T14:49:27.579+0000] {override.py:1900} INFO - Created Permission View: can create on DAG Run:consume_1_or_both_2_and_3_with_dataset_expressions
[2024-09-18T14:49:27.581+0000] {logging_mixin.py:190} INFO - [2024-09-18T14:49:27.581+0000] {override.py:1900} INFO - Created Permission View: can delete on DAG Run:consume_1_or_both_2_and_3_with_dataset_expressions
[2024-09-18T14:49:27.584+0000] {logging_mixin.py:190} INFO - [2024-09-18T14:49:27.584+0000] {override.py:1900} INFO - Created Permission View: can read on DAG:dataset_consumes_1_never_scheduled
[2024-09-18T14:49:27.585+0000] {logging_mixin.py:190} INFO - [2024-09-18T14:49:27.585+0000] {override.py:1900} INFO - Created Permission View: can edit on DAG:dataset_consumes_1_never_scheduled
[2024-09-18T14:49:27.586+0000] {logging_mixin.py:190} INFO - [2024-09-18T14:49:27.586+0000] {override.py:1900} INFO - Created Permission View: can delete on DAG:dataset_consumes_1_never_scheduled
[2024-09-18T14:49:27.588+0000] {logging_mixin.py:190} INFO - [2024-09-18T14:49:27.588+0000] {override.py:1900} INFO - Created Permission View: can read on DAG Run:dataset_consumes_1_never_scheduled
[2024-09-18T14:49:27.589+0000] {logging_mixin.py:190} INFO - [2024-09-18T14:49:27.589+0000] {override.py:1900} INFO - Created Permission View: menu access on DAG Run:dataset_consumes_1_never_scheduled
[2024-09-18T14:49:27.591+0000] {logging_mixin.py:190} INFO - [2024-09-18T14:49:27.591+0000] {override.py:1900} INFO - Created Permission View: can create on DAG Run:dataset_consumes_1_never_scheduled
[2024-09-18T14:49:27.592+0000] {logging_mixin.py:190} INFO - [2024-09-18T14:49:27.592+0000] {override.py:1900} INFO - Created Permission View: can delete on DAG Run:dataset_consumes_1_never_scheduled
[2024-09-18T14:49:27.595+0000] {logging_mixin.py:190} INFO - [2024-09-18T14:49:27.595+0000] {override.py:1900} INFO - Created Permission View: can read on DAG:conditional_dataset_and_time_based_timetable
[2024-09-18T14:49:27.596+0000] {logging_mixin.py:190} INFO - [2024-09-18T14:49:27.596+0000] {override.py:1900} INFO - Created Permission View: can edit on DAG:conditional_dataset_and_time_based_timetable
[2024-09-18T14:49:27.597+0000] {logging_mixin.py:190} INFO - [2024-09-18T14:49:27.597+0000] {override.py:1900} INFO - Created Permission View: can delete on DAG:conditional_dataset_and_time_based_timetable
[2024-09-18T14:49:27.599+0000] {logging_mixin.py:190} INFO - [2024-09-18T14:49:27.599+0000] {override.py:1900} INFO - Created Permission View: can read on DAG Run:conditional_dataset_and_time_based_timetable
[2024-09-18T14:49:27.601+0000] {logging_mixin.py:190} INFO - [2024-09-18T14:49:27.601+0000] {override.py:1900} INFO - Created Permission View: menu access on DAG Run:conditional_dataset_and_time_based_timetable
[2024-09-18T14:49:27.602+0000] {logging_mixin.py:190} INFO - [2024-09-18T14:49:27.602+0000] {override.py:1900} INFO - Created Permission View: can create on DAG Run:conditional_dataset_and_time_based_timetable
[2024-09-18T14:49:27.603+0000] {logging_mixin.py:190} INFO - [2024-09-18T14:49:27.603+0000] {override.py:1900} INFO - Created Permission View: can delete on DAG Run:conditional_dataset_and_time_based_timetable
[2024-09-18T14:49:27.606+0000] {logging_mixin.py:190} INFO - [2024-09-18T14:49:27.606+0000] {override.py:1900} INFO - Created Permission View: can read on DAG:consume_1_and_2_with_dataset_expressions
[2024-09-18T14:49:27.607+0000] {logging_mixin.py:190} INFO - [2024-09-18T14:49:27.607+0000] {override.py:1900} INFO - Created Permission View: can edit on DAG:consume_1_and_2_with_dataset_expressions
[2024-09-18T14:49:27.609+0000] {logging_mixin.py:190} INFO - [2024-09-18T14:49:27.609+0000] {override.py:1900} INFO - Created Permission View: can delete on DAG:consume_1_and_2_with_dataset_expressions
[2024-09-18T14:49:27.611+0000] {logging_mixin.py:190} INFO - [2024-09-18T14:49:27.611+0000] {override.py:1900} INFO - Created Permission View: can read on DAG Run:consume_1_and_2_with_dataset_expressions
[2024-09-18T14:49:27.612+0000] {logging_mixin.py:190} INFO - [2024-09-18T14:49:27.612+0000] {override.py:1900} INFO - Created Permission View: menu access on DAG Run:consume_1_and_2_with_dataset_expressions
[2024-09-18T14:49:27.613+0000] {logging_mixin.py:190} INFO - [2024-09-18T14:49:27.613+0000] {override.py:1900} INFO - Created Permission View: can create on DAG Run:consume_1_and_2_with_dataset_expressions
[2024-09-18T14:49:27.615+0000] {logging_mixin.py:190} INFO - [2024-09-18T14:49:27.615+0000] {override.py:1900} INFO - Created Permission View: can delete on DAG Run:consume_1_and_2_with_dataset_expressions
[2024-09-18T14:49:27.618+0000] {logging_mixin.py:190} INFO - [2024-09-18T14:49:27.618+0000] {override.py:1900} INFO - Created Permission View: can read on DAG:dataset_consumes_unknown_never_scheduled
[2024-09-18T14:49:27.619+0000] {logging_mixin.py:190} INFO - [2024-09-18T14:49:27.619+0000] {override.py:1900} INFO - Created Permission View: can edit on DAG:dataset_consumes_unknown_never_scheduled
[2024-09-18T14:49:27.621+0000] {logging_mixin.py:190} INFO - [2024-09-18T14:49:27.621+0000] {override.py:1900} INFO - Created Permission View: can delete on DAG:dataset_consumes_unknown_never_scheduled
[2024-09-18T14:49:27.623+0000] {logging_mixin.py:190} INFO - [2024-09-18T14:49:27.623+0000] {override.py:1900} INFO - Created Permission View: can read on DAG Run:dataset_consumes_unknown_never_scheduled
[2024-09-18T14:49:27.624+0000] {logging_mixin.py:190} INFO - [2024-09-18T14:49:27.624+0000] {override.py:1900} INFO - Created Permission View: menu access on DAG Run:dataset_consumes_unknown_never_scheduled
[2024-09-18T14:49:27.626+0000] {logging_mixin.py:190} INFO - [2024-09-18T14:49:27.626+0000] {override.py:1900} INFO - Created Permission View: can create on DAG Run:dataset_consumes_unknown_never_scheduled
[2024-09-18T14:49:27.628+0000] {logging_mixin.py:190} INFO - [2024-09-18T14:49:27.627+0000] {override.py:1900} INFO - Created Permission View: can delete on DAG Run:dataset_consumes_unknown_never_scheduled
[2024-09-18T14:49:27.628+0000] {logging_mixin.py:190} INFO - [2024-09-18T14:49:27.628+0000] {dag.py:3229} INFO - Sync 10 DAGs
[2024-09-18T14:49:27.631+0000] {logging_mixin.py:190} INFO - [2024-09-18T14:49:27.631+0000] {dag.py:3252} INFO - Creating ORM DAG for dataset_produces_1
[2024-09-18T14:49:27.631+0000] {logging_mixin.py:190} INFO - [2024-09-18T14:49:27.631+0000] {dag.py:3252} INFO - Creating ORM DAG for dataset_consumes_1
[2024-09-18T14:49:27.631+0000] {logging_mixin.py:190} INFO - [2024-09-18T14:49:27.631+0000] {dag.py:3252} INFO - Creating ORM DAG for consume_1_and_2_with_dataset_expressions
[2024-09-18T14:49:27.631+0000] {logging_mixin.py:190} INFO - [2024-09-18T14:49:27.631+0000] {dag.py:3252} INFO - Creating ORM DAG for dataset_consumes_1_never_scheduled
[2024-09-18T14:49:27.631+0000] {logging_mixin.py:190} INFO - [2024-09-18T14:49:27.631+0000] {dag.py:3252} INFO - Creating ORM DAG for consume_1_or_2_with_dataset_expressions
[2024-09-18T14:49:27.632+0000] {logging_mixin.py:190} INFO - [2024-09-18T14:49:27.632+0000] {dag.py:3252} INFO - Creating ORM DAG for dataset_consumes_unknown_never_scheduled
[2024-09-18T14:49:27.632+0000] {logging_mixin.py:190} INFO - [2024-09-18T14:49:27.632+0000] {dag.py:3252} INFO - Creating ORM DAG for dataset_consumes_1_and_2
[2024-09-18T14:49:27.632+0000] {logging_mixin.py:190} INFO - [2024-09-18T14:49:27.632+0000] {dag.py:3252} INFO - Creating ORM DAG for conditional_dataset_and_time_based_timetable
[2024-09-18T14:49:27.632+0000] {logging_mixin.py:190} INFO - [2024-09-18T14:49:27.632+0000] {dag.py:3252} INFO - Creating ORM DAG for consume_1_or_both_2_and_3_with_dataset_expressions
[2024-09-18T14:49:27.632+0000] {logging_mixin.py:190} INFO - [2024-09-18T14:49:27.632+0000] {dag.py:3252} INFO - Creating ORM DAG for dataset_produces_2
[2024-09-18T14:49:27.635+0000] {logging_mixin.py:190} INFO - [2024-09-18T14:49:27.635+0000] {dag.py:4156} INFO - Setting next_dagrun for conditional_dataset_and_time_based_timetable to 2024-09-18 01:00:00+00:00, run_after=2024-09-18 01:00:00+00:00
[2024-09-18T14:49:27.635+0000] {logging_mixin.py:190} INFO - [2024-09-18T14:49:27.635+0000] {dag.py:4156} INFO - Setting next_dagrun for consume_1_and_2_with_dataset_expressions to None, run_after=None
[2024-09-18T14:49:27.635+0000] {logging_mixin.py:190} INFO - [2024-09-18T14:49:27.635+0000] {dag.py:4156} INFO - Setting next_dagrun for consume_1_or_2_with_dataset_expressions to None, run_after=None
[2024-09-18T14:49:27.635+0000] {logging_mixin.py:190} INFO - [2024-09-18T14:49:27.635+0000] {dag.py:4156} INFO - Setting next_dagrun for consume_1_or_both_2_and_3_with_dataset_expressions to None, run_after=None
[2024-09-18T14:49:27.635+0000] {logging_mixin.py:190} INFO - [2024-09-18T14:49:27.635+0000] {dag.py:4156} INFO - Setting next_dagrun for dataset_consumes_1 to None, run_after=None
[2024-09-18T14:49:27.635+0000] {logging_mixin.py:190} INFO - [2024-09-18T14:49:27.635+0000] {dag.py:4156} INFO - Setting next_dagrun for dataset_consumes_1_and_2 to None, run_after=None
[2024-09-18T14:49:27.635+0000] {logging_mixin.py:190} INFO - [2024-09-18T14:49:27.635+0000] {dag.py:4156} INFO - Setting next_dagrun for dataset_consumes_1_never_scheduled to None, run_after=None
[2024-09-18T14:49:27.636+0000] {logging_mixin.py:190} INFO - [2024-09-18T14:49:27.636+0000] {dag.py:4156} INFO - Setting next_dagrun for dataset_consumes_unknown_never_scheduled to None, run_after=None
[2024-09-18T14:49:27.636+0000] {logging_mixin.py:190} INFO - [2024-09-18T14:49:27.636+0000] {dag.py:4156} INFO - Setting next_dagrun for dataset_produces_1 to 2024-09-17 00:00:00+00:00, run_after=2024-09-18 00:00:00+00:00
[2024-09-18T14:49:27.636+0000] {logging_mixin.py:190} INFO - [2024-09-18T14:49:27.636+0000] {dag.py:4156} INFO - Setting next_dagrun for dataset_produces_2 to None, run_after=None
[2024-09-18T14:49:27.643+0000] {logging_mixin.py:190} INFO - [2024-09-18T14:49:27.643+0000] {workday.py:41} WARNING - Could not import pandas. Holidays will not be considered.
[2024-09-18T14:49:27.648+0000] {processor.py:208} INFO - Processing /Users/omer/Desktop/MLOPS/7day/.env/lib/python3.11/site-packages/airflow/example_dags/example_datasets.py took 0.218 seconds
[2024-09-18T14:51:06.958+0000] {processor.py:186} INFO - Started process (PID=94286) to work on /Users/omer/Desktop/MLOPS/7day/.env/lib/python3.11/site-packages/airflow/example_dags/example_datasets.py
[2024-09-18T14:51:06.959+0000] {processor.py:914} INFO - Processing file /Users/omer/Desktop/MLOPS/7day/.env/lib/python3.11/site-packages/airflow/example_dags/example_datasets.py for tasks to queue
[2024-09-18T14:51:06.959+0000] {logging_mixin.py:190} INFO - [2024-09-18T14:51:06.959+0000] {dagbag.py:587} INFO - Filling up the DagBag from /Users/omer/Desktop/MLOPS/7day/.env/lib/python3.11/site-packages/airflow/example_dags/example_datasets.py
[2024-09-18T14:51:06.972+0000] {processor.py:925} INFO - DAG(s) 'dataset_consumes_1', 'conditional_dataset_and_time_based_timetable', 'dataset_consumes_1_and_2', 'consume_1_or_2_with_dataset_expressions', 'dataset_consumes_unknown_never_scheduled', 'consume_1_or_both_2_and_3_with_dataset_expressions', 'dataset_produces_2', 'dataset_consumes_1_never_scheduled', 'consume_1_and_2_with_dataset_expressions', 'dataset_produces_1' retrieved from /Users/omer/Desktop/MLOPS/7day/.env/lib/python3.11/site-packages/airflow/example_dags/example_datasets.py
[2024-09-18T14:51:07.002+0000] {logging_mixin.py:190} INFO - [2024-09-18T14:51:07.002+0000] {dag.py:3229} INFO - Sync 10 DAGs
[2024-09-18T14:51:07.008+0000] {logging_mixin.py:190} INFO - [2024-09-18T14:51:07.008+0000] {dag.py:4156} INFO - Setting next_dagrun for conditional_dataset_and_time_based_timetable to 2024-09-18 01:00:00+00:00, run_after=2024-09-18 01:00:00+00:00
[2024-09-18T14:51:07.009+0000] {logging_mixin.py:190} INFO - [2024-09-18T14:51:07.009+0000] {dag.py:4156} INFO - Setting next_dagrun for consume_1_and_2_with_dataset_expressions to None, run_after=None
[2024-09-18T14:51:07.009+0000] {logging_mixin.py:190} INFO - [2024-09-18T14:51:07.009+0000] {dag.py:4156} INFO - Setting next_dagrun for consume_1_or_2_with_dataset_expressions to None, run_after=None
[2024-09-18T14:51:07.009+0000] {logging_mixin.py:190} INFO - [2024-09-18T14:51:07.009+0000] {dag.py:4156} INFO - Setting next_dagrun for consume_1_or_both_2_and_3_with_dataset_expressions to None, run_after=None
[2024-09-18T14:51:07.009+0000] {logging_mixin.py:190} INFO - [2024-09-18T14:51:07.009+0000] {dag.py:4156} INFO - Setting next_dagrun for dataset_consumes_1 to None, run_after=None
[2024-09-18T14:51:07.010+0000] {logging_mixin.py:190} INFO - [2024-09-18T14:51:07.010+0000] {dag.py:4156} INFO - Setting next_dagrun for dataset_consumes_1_and_2 to None, run_after=None
[2024-09-18T14:51:07.010+0000] {logging_mixin.py:190} INFO - [2024-09-18T14:51:07.010+0000] {dag.py:4156} INFO - Setting next_dagrun for dataset_consumes_1_never_scheduled to None, run_after=None
[2024-09-18T14:51:07.010+0000] {logging_mixin.py:190} INFO - [2024-09-18T14:51:07.010+0000] {dag.py:4156} INFO - Setting next_dagrun for dataset_consumes_unknown_never_scheduled to None, run_after=None
[2024-09-18T14:51:07.011+0000] {logging_mixin.py:190} INFO - [2024-09-18T14:51:07.011+0000] {dag.py:4156} INFO - Setting next_dagrun for dataset_produces_1 to 2024-09-17 00:00:00+00:00, run_after=2024-09-18 00:00:00+00:00
[2024-09-18T14:51:07.011+0000] {logging_mixin.py:190} INFO - [2024-09-18T14:51:07.011+0000] {dag.py:4156} INFO - Setting next_dagrun for dataset_produces_2 to None, run_after=None
[2024-09-18T14:51:07.039+0000] {processor.py:208} INFO - Processing /Users/omer/Desktop/MLOPS/7day/.env/lib/python3.11/site-packages/airflow/example_dags/example_datasets.py took 0.082 seconds
[2024-09-18T14:52:47.403+0000] {processor.py:186} INFO - Started process (PID=94502) to work on /Users/omer/Desktop/MLOPS/7day/.env/lib/python3.11/site-packages/airflow/example_dags/example_datasets.py
[2024-09-18T14:52:47.403+0000] {processor.py:914} INFO - Processing file /Users/omer/Desktop/MLOPS/7day/.env/lib/python3.11/site-packages/airflow/example_dags/example_datasets.py for tasks to queue
[2024-09-18T14:52:47.403+0000] {logging_mixin.py:190} INFO - [2024-09-18T14:52:47.403+0000] {dagbag.py:587} INFO - Filling up the DagBag from /Users/omer/Desktop/MLOPS/7day/.env/lib/python3.11/site-packages/airflow/example_dags/example_datasets.py
[2024-09-18T14:52:47.419+0000] {processor.py:925} INFO - DAG(s) 'consume_1_or_both_2_and_3_with_dataset_expressions', 'consume_1_or_2_with_dataset_expressions', 'conditional_dataset_and_time_based_timetable', 'dataset_consumes_unknown_never_scheduled', 'dataset_consumes_1_and_2', 'dataset_produces_1', 'dataset_produces_2', 'consume_1_and_2_with_dataset_expressions', 'dataset_consumes_1_never_scheduled', 'dataset_consumes_1' retrieved from /Users/omer/Desktop/MLOPS/7day/.env/lib/python3.11/site-packages/airflow/example_dags/example_datasets.py
[2024-09-18T14:52:47.451+0000] {logging_mixin.py:190} INFO - [2024-09-18T14:52:47.451+0000] {dag.py:3229} INFO - Sync 10 DAGs
[2024-09-18T14:52:47.457+0000] {logging_mixin.py:190} INFO - [2024-09-18T14:52:47.456+0000] {dag.py:4156} INFO - Setting next_dagrun for conditional_dataset_and_time_based_timetable to 2024-09-18 01:00:00+00:00, run_after=2024-09-18 01:00:00+00:00
[2024-09-18T14:52:47.458+0000] {logging_mixin.py:190} INFO - [2024-09-18T14:52:47.458+0000] {dag.py:4156} INFO - Setting next_dagrun for consume_1_and_2_with_dataset_expressions to None, run_after=None
[2024-09-18T14:52:47.458+0000] {logging_mixin.py:190} INFO - [2024-09-18T14:52:47.458+0000] {dag.py:4156} INFO - Setting next_dagrun for consume_1_or_2_with_dataset_expressions to None, run_after=None
[2024-09-18T14:52:47.458+0000] {logging_mixin.py:190} INFO - [2024-09-18T14:52:47.458+0000] {dag.py:4156} INFO - Setting next_dagrun for consume_1_or_both_2_and_3_with_dataset_expressions to None, run_after=None
[2024-09-18T14:52:47.459+0000] {logging_mixin.py:190} INFO - [2024-09-18T14:52:47.459+0000] {dag.py:4156} INFO - Setting next_dagrun for dataset_consumes_1 to None, run_after=None
[2024-09-18T14:52:47.459+0000] {logging_mixin.py:190} INFO - [2024-09-18T14:52:47.459+0000] {dag.py:4156} INFO - Setting next_dagrun for dataset_consumes_1_and_2 to None, run_after=None
[2024-09-18T14:52:47.459+0000] {logging_mixin.py:190} INFO - [2024-09-18T14:52:47.459+0000] {dag.py:4156} INFO - Setting next_dagrun for dataset_consumes_1_never_scheduled to None, run_after=None
[2024-09-18T14:52:47.459+0000] {logging_mixin.py:190} INFO - [2024-09-18T14:52:47.459+0000] {dag.py:4156} INFO - Setting next_dagrun for dataset_consumes_unknown_never_scheduled to None, run_after=None
[2024-09-18T14:52:47.460+0000] {logging_mixin.py:190} INFO - [2024-09-18T14:52:47.460+0000] {dag.py:4156} INFO - Setting next_dagrun for dataset_produces_1 to 2024-09-17 00:00:00+00:00, run_after=2024-09-18 00:00:00+00:00
[2024-09-18T14:52:47.460+0000] {logging_mixin.py:190} INFO - [2024-09-18T14:52:47.460+0000] {dag.py:4156} INFO - Setting next_dagrun for dataset_produces_2 to None, run_after=None
[2024-09-18T14:52:47.488+0000] {processor.py:208} INFO - Processing /Users/omer/Desktop/MLOPS/7day/.env/lib/python3.11/site-packages/airflow/example_dags/example_datasets.py took 0.086 seconds
[2024-09-18T14:54:27.541+0000] {processor.py:186} INFO - Started process (PID=94664) to work on /Users/omer/Desktop/MLOPS/7day/.env/lib/python3.11/site-packages/airflow/example_dags/example_datasets.py
[2024-09-18T14:54:27.541+0000] {processor.py:914} INFO - Processing file /Users/omer/Desktop/MLOPS/7day/.env/lib/python3.11/site-packages/airflow/example_dags/example_datasets.py for tasks to queue
[2024-09-18T14:54:27.541+0000] {logging_mixin.py:190} INFO - [2024-09-18T14:54:27.541+0000] {dagbag.py:587} INFO - Filling up the DagBag from /Users/omer/Desktop/MLOPS/7day/.env/lib/python3.11/site-packages/airflow/example_dags/example_datasets.py
[2024-09-18T14:54:27.558+0000] {processor.py:925} INFO - DAG(s) 'dataset_consumes_1_and_2', 'consume_1_or_both_2_and_3_with_dataset_expressions', 'dataset_consumes_1', 'consume_1_or_2_with_dataset_expressions', 'dataset_consumes_1_never_scheduled', 'dataset_produces_1', 'dataset_produces_2', 'conditional_dataset_and_time_based_timetable', 'dataset_consumes_unknown_never_scheduled', 'consume_1_and_2_with_dataset_expressions' retrieved from /Users/omer/Desktop/MLOPS/7day/.env/lib/python3.11/site-packages/airflow/example_dags/example_datasets.py
[2024-09-18T14:54:27.589+0000] {logging_mixin.py:190} INFO - [2024-09-18T14:54:27.589+0000] {dag.py:3229} INFO - Sync 10 DAGs
[2024-09-18T14:54:27.595+0000] {logging_mixin.py:190} INFO - [2024-09-18T14:54:27.595+0000] {dag.py:4156} INFO - Setting next_dagrun for conditional_dataset_and_time_based_timetable to 2024-09-18 01:00:00+00:00, run_after=2024-09-18 01:00:00+00:00
[2024-09-18T14:54:27.596+0000] {logging_mixin.py:190} INFO - [2024-09-18T14:54:27.596+0000] {dag.py:4156} INFO - Setting next_dagrun for consume_1_and_2_with_dataset_expressions to None, run_after=None
[2024-09-18T14:54:27.598+0000] {logging_mixin.py:190} INFO - [2024-09-18T14:54:27.598+0000] {dag.py:4156} INFO - Setting next_dagrun for consume_1_or_2_with_dataset_expressions to None, run_after=None
[2024-09-18T14:54:27.598+0000] {logging_mixin.py:190} INFO - [2024-09-18T14:54:27.598+0000] {dag.py:4156} INFO - Setting next_dagrun for consume_1_or_both_2_and_3_with_dataset_expressions to None, run_after=None
[2024-09-18T14:54:27.598+0000] {logging_mixin.py:190} INFO - [2024-09-18T14:54:27.598+0000] {dag.py:4156} INFO - Setting next_dagrun for dataset_consumes_1 to None, run_after=None
[2024-09-18T14:54:27.599+0000] {logging_mixin.py:190} INFO - [2024-09-18T14:54:27.599+0000] {dag.py:4156} INFO - Setting next_dagrun for dataset_consumes_1_and_2 to None, run_after=None
[2024-09-18T14:54:27.599+0000] {logging_mixin.py:190} INFO - [2024-09-18T14:54:27.599+0000] {dag.py:4156} INFO - Setting next_dagrun for dataset_consumes_1_never_scheduled to None, run_after=None
[2024-09-18T14:54:27.599+0000] {logging_mixin.py:190} INFO - [2024-09-18T14:54:27.599+0000] {dag.py:4156} INFO - Setting next_dagrun for dataset_consumes_unknown_never_scheduled to None, run_after=None
[2024-09-18T14:54:27.600+0000] {logging_mixin.py:190} INFO - [2024-09-18T14:54:27.600+0000] {dag.py:4156} INFO - Setting next_dagrun for dataset_produces_1 to 2024-09-17 00:00:00+00:00, run_after=2024-09-18 00:00:00+00:00
[2024-09-18T14:54:27.600+0000] {logging_mixin.py:190} INFO - [2024-09-18T14:54:27.600+0000] {dag.py:4156} INFO - Setting next_dagrun for dataset_produces_2 to None, run_after=None
[2024-09-18T14:54:27.628+0000] {processor.py:208} INFO - Processing /Users/omer/Desktop/MLOPS/7day/.env/lib/python3.11/site-packages/airflow/example_dags/example_datasets.py took 0.088 seconds
[2024-09-18T15:21:47.240+0000] {processor.py:186} INFO - Started process (PID=97205) to work on /Users/omer/Desktop/MLOPS/7day/.env/lib/python3.11/site-packages/airflow/example_dags/example_datasets.py
[2024-09-18T15:21:47.241+0000] {processor.py:914} INFO - Processing file /Users/omer/Desktop/MLOPS/7day/.env/lib/python3.11/site-packages/airflow/example_dags/example_datasets.py for tasks to queue
[2024-09-18T15:21:47.242+0000] {logging_mixin.py:190} INFO - [2024-09-18T15:21:47.242+0000] {dagbag.py:587} INFO - Filling up the DagBag from /Users/omer/Desktop/MLOPS/7day/.env/lib/python3.11/site-packages/airflow/example_dags/example_datasets.py
[2024-09-18T15:21:47.256+0000] {processor.py:925} INFO - DAG(s) 'dataset_consumes_1', 'dataset_produces_2', 'consume_1_and_2_with_dataset_expressions', 'dataset_consumes_1_never_scheduled', 'consume_1_or_both_2_and_3_with_dataset_expressions', 'consume_1_or_2_with_dataset_expressions', 'conditional_dataset_and_time_based_timetable', 'dataset_consumes_1_and_2', 'dataset_consumes_unknown_never_scheduled', 'dataset_produces_1' retrieved from /Users/omer/Desktop/MLOPS/7day/.env/lib/python3.11/site-packages/airflow/example_dags/example_datasets.py
[2024-09-18T15:21:47.290+0000] {logging_mixin.py:190} INFO - [2024-09-18T15:21:47.290+0000] {dag.py:3229} INFO - Sync 10 DAGs
[2024-09-18T15:21:47.297+0000] {logging_mixin.py:190} INFO - [2024-09-18T15:21:47.297+0000] {dag.py:4156} INFO - Setting next_dagrun for conditional_dataset_and_time_based_timetable to 2024-09-18 01:00:00+00:00, run_after=2024-09-18 01:00:00+00:00
[2024-09-18T15:21:47.298+0000] {logging_mixin.py:190} INFO - [2024-09-18T15:21:47.298+0000] {dag.py:4156} INFO - Setting next_dagrun for consume_1_and_2_with_dataset_expressions to None, run_after=None
[2024-09-18T15:21:47.299+0000] {logging_mixin.py:190} INFO - [2024-09-18T15:21:47.298+0000] {dag.py:4156} INFO - Setting next_dagrun for consume_1_or_2_with_dataset_expressions to None, run_after=None
[2024-09-18T15:21:47.299+0000] {logging_mixin.py:190} INFO - [2024-09-18T15:21:47.299+0000] {dag.py:4156} INFO - Setting next_dagrun for consume_1_or_both_2_and_3_with_dataset_expressions to None, run_after=None
[2024-09-18T15:21:47.299+0000] {logging_mixin.py:190} INFO - [2024-09-18T15:21:47.299+0000] {dag.py:4156} INFO - Setting next_dagrun for dataset_consumes_1 to None, run_after=None
[2024-09-18T15:21:47.299+0000] {logging_mixin.py:190} INFO - [2024-09-18T15:21:47.299+0000] {dag.py:4156} INFO - Setting next_dagrun for dataset_consumes_1_and_2 to None, run_after=None
[2024-09-18T15:21:47.299+0000] {logging_mixin.py:190} INFO - [2024-09-18T15:21:47.299+0000] {dag.py:4156} INFO - Setting next_dagrun for dataset_consumes_1_never_scheduled to None, run_after=None
[2024-09-18T15:21:47.300+0000] {logging_mixin.py:190} INFO - [2024-09-18T15:21:47.300+0000] {dag.py:4156} INFO - Setting next_dagrun for dataset_consumes_unknown_never_scheduled to None, run_after=None
[2024-09-18T15:21:47.300+0000] {logging_mixin.py:190} INFO - [2024-09-18T15:21:47.300+0000] {dag.py:4156} INFO - Setting next_dagrun for dataset_produces_1 to 2024-09-17 00:00:00+00:00, run_after=2024-09-18 00:00:00+00:00
[2024-09-18T15:21:47.301+0000] {logging_mixin.py:190} INFO - [2024-09-18T15:21:47.301+0000] {dag.py:4156} INFO - Setting next_dagrun for dataset_produces_2 to None, run_after=None
[2024-09-18T15:21:47.334+0000] {processor.py:208} INFO - Processing /Users/omer/Desktop/MLOPS/7day/.env/lib/python3.11/site-packages/airflow/example_dags/example_datasets.py took 0.094 seconds
[2024-09-18T15:23:26.161+0000] {processor.py:186} INFO - Started process (PID=97381) to work on /Users/omer/Desktop/MLOPS/7day/.env/lib/python3.11/site-packages/airflow/example_dags/example_datasets.py
[2024-09-18T15:23:26.162+0000] {processor.py:914} INFO - Processing file /Users/omer/Desktop/MLOPS/7day/.env/lib/python3.11/site-packages/airflow/example_dags/example_datasets.py for tasks to queue
[2024-09-18T15:23:26.162+0000] {logging_mixin.py:190} INFO - [2024-09-18T15:23:26.162+0000] {dagbag.py:587} INFO - Filling up the DagBag from /Users/omer/Desktop/MLOPS/7day/.env/lib/python3.11/site-packages/airflow/example_dags/example_datasets.py
[2024-09-18T15:23:26.177+0000] {processor.py:925} INFO - DAG(s) 'dataset_produces_1', 'consume_1_and_2_with_dataset_expressions', 'dataset_consumes_unknown_never_scheduled', 'dataset_consumes_1', 'dataset_produces_2', 'consume_1_or_2_with_dataset_expressions', 'dataset_consumes_1_and_2', 'consume_1_or_both_2_and_3_with_dataset_expressions', 'dataset_consumes_1_never_scheduled', 'conditional_dataset_and_time_based_timetable' retrieved from /Users/omer/Desktop/MLOPS/7day/.env/lib/python3.11/site-packages/airflow/example_dags/example_datasets.py
[2024-09-18T15:23:26.211+0000] {logging_mixin.py:190} INFO - [2024-09-18T15:23:26.211+0000] {dag.py:3229} INFO - Sync 10 DAGs
[2024-09-18T15:23:26.218+0000] {logging_mixin.py:190} INFO - [2024-09-18T15:23:26.218+0000] {dag.py:4156} INFO - Setting next_dagrun for conditional_dataset_and_time_based_timetable to 2024-09-18 01:00:00+00:00, run_after=2024-09-18 01:00:00+00:00
[2024-09-18T15:23:26.219+0000] {logging_mixin.py:190} INFO - [2024-09-18T15:23:26.219+0000] {dag.py:4156} INFO - Setting next_dagrun for consume_1_and_2_with_dataset_expressions to None, run_after=None
[2024-09-18T15:23:26.220+0000] {logging_mixin.py:190} INFO - [2024-09-18T15:23:26.220+0000] {dag.py:4156} INFO - Setting next_dagrun for consume_1_or_2_with_dataset_expressions to None, run_after=None
[2024-09-18T15:23:26.220+0000] {logging_mixin.py:190} INFO - [2024-09-18T15:23:26.220+0000] {dag.py:4156} INFO - Setting next_dagrun for consume_1_or_both_2_and_3_with_dataset_expressions to None, run_after=None
[2024-09-18T15:23:26.220+0000] {logging_mixin.py:190} INFO - [2024-09-18T15:23:26.220+0000] {dag.py:4156} INFO - Setting next_dagrun for dataset_consumes_1 to None, run_after=None
[2024-09-18T15:23:26.220+0000] {logging_mixin.py:190} INFO - [2024-09-18T15:23:26.220+0000] {dag.py:4156} INFO - Setting next_dagrun for dataset_consumes_1_and_2 to None, run_after=None
[2024-09-18T15:23:26.221+0000] {logging_mixin.py:190} INFO - [2024-09-18T15:23:26.221+0000] {dag.py:4156} INFO - Setting next_dagrun for dataset_consumes_1_never_scheduled to None, run_after=None
[2024-09-18T15:23:26.221+0000] {logging_mixin.py:190} INFO - [2024-09-18T15:23:26.221+0000] {dag.py:4156} INFO - Setting next_dagrun for dataset_consumes_unknown_never_scheduled to None, run_after=None
[2024-09-18T15:23:26.221+0000] {logging_mixin.py:190} INFO - [2024-09-18T15:23:26.221+0000] {dag.py:4156} INFO - Setting next_dagrun for dataset_produces_1 to 2024-09-17 00:00:00+00:00, run_after=2024-09-18 00:00:00+00:00
[2024-09-18T15:23:26.222+0000] {logging_mixin.py:190} INFO - [2024-09-18T15:23:26.221+0000] {dag.py:4156} INFO - Setting next_dagrun for dataset_produces_2 to None, run_after=None
[2024-09-18T15:23:26.251+0000] {processor.py:208} INFO - Processing /Users/omer/Desktop/MLOPS/7day/.env/lib/python3.11/site-packages/airflow/example_dags/example_datasets.py took 0.091 seconds
[2024-09-18T15:27:31.229+0000] {processor.py:186} INFO - Started process (PID=97831) to work on /Users/omer/Desktop/MLOPS/7day/.env/lib/python3.11/site-packages/airflow/example_dags/example_datasets.py
[2024-09-18T15:27:31.230+0000] {processor.py:914} INFO - Processing file /Users/omer/Desktop/MLOPS/7day/.env/lib/python3.11/site-packages/airflow/example_dags/example_datasets.py for tasks to queue
[2024-09-18T15:27:31.231+0000] {logging_mixin.py:190} INFO - [2024-09-18T15:27:31.231+0000] {dagbag.py:587} INFO - Filling up the DagBag from /Users/omer/Desktop/MLOPS/7day/.env/lib/python3.11/site-packages/airflow/example_dags/example_datasets.py
[2024-09-18T15:27:31.246+0000] {processor.py:925} INFO - DAG(s) 'dataset_produces_1', 'dataset_consumes_unknown_never_scheduled', 'consume_1_or_both_2_and_3_with_dataset_expressions', 'dataset_consumes_1', 'dataset_consumes_1_never_scheduled', 'consume_1_and_2_with_dataset_expressions', 'dataset_produces_2', 'dataset_consumes_1_and_2', 'consume_1_or_2_with_dataset_expressions', 'conditional_dataset_and_time_based_timetable' retrieved from /Users/omer/Desktop/MLOPS/7day/.env/lib/python3.11/site-packages/airflow/example_dags/example_datasets.py
[2024-09-18T15:27:31.277+0000] {logging_mixin.py:190} INFO - [2024-09-18T15:27:31.277+0000] {dag.py:3229} INFO - Sync 10 DAGs
[2024-09-18T15:27:31.283+0000] {logging_mixin.py:190} INFO - [2024-09-18T15:27:31.283+0000] {dag.py:4156} INFO - Setting next_dagrun for conditional_dataset_and_time_based_timetable to 2024-09-18 01:00:00+00:00, run_after=2024-09-18 01:00:00+00:00
[2024-09-18T15:27:31.284+0000] {logging_mixin.py:190} INFO - [2024-09-18T15:27:31.284+0000] {dag.py:4156} INFO - Setting next_dagrun for consume_1_and_2_with_dataset_expressions to None, run_after=None
[2024-09-18T15:27:31.284+0000] {logging_mixin.py:190} INFO - [2024-09-18T15:27:31.284+0000] {dag.py:4156} INFO - Setting next_dagrun for consume_1_or_2_with_dataset_expressions to None, run_after=None
[2024-09-18T15:27:31.285+0000] {logging_mixin.py:190} INFO - [2024-09-18T15:27:31.284+0000] {dag.py:4156} INFO - Setting next_dagrun for consume_1_or_both_2_and_3_with_dataset_expressions to None, run_after=None
[2024-09-18T15:27:31.285+0000] {logging_mixin.py:190} INFO - [2024-09-18T15:27:31.285+0000] {dag.py:4156} INFO - Setting next_dagrun for dataset_consumes_1 to None, run_after=None
[2024-09-18T15:27:31.285+0000] {logging_mixin.py:190} INFO - [2024-09-18T15:27:31.285+0000] {dag.py:4156} INFO - Setting next_dagrun for dataset_consumes_1_and_2 to None, run_after=None
[2024-09-18T15:27:31.285+0000] {logging_mixin.py:190} INFO - [2024-09-18T15:27:31.285+0000] {dag.py:4156} INFO - Setting next_dagrun for dataset_consumes_1_never_scheduled to None, run_after=None
[2024-09-18T15:27:31.285+0000] {logging_mixin.py:190} INFO - [2024-09-18T15:27:31.285+0000] {dag.py:4156} INFO - Setting next_dagrun for dataset_consumes_unknown_never_scheduled to None, run_after=None
[2024-09-18T15:27:31.286+0000] {logging_mixin.py:190} INFO - [2024-09-18T15:27:31.286+0000] {dag.py:4156} INFO - Setting next_dagrun for dataset_produces_1 to 2024-09-17 00:00:00+00:00, run_after=2024-09-18 00:00:00+00:00
[2024-09-18T15:27:31.286+0000] {logging_mixin.py:190} INFO - [2024-09-18T15:27:31.286+0000] {dag.py:4156} INFO - Setting next_dagrun for dataset_produces_2 to None, run_after=None
[2024-09-18T15:27:31.313+0000] {processor.py:208} INFO - Processing /Users/omer/Desktop/MLOPS/7day/.env/lib/python3.11/site-packages/airflow/example_dags/example_datasets.py took 0.085 seconds
[2024-09-18T15:29:12.221+0000] {processor.py:186} INFO - Started process (PID=98102) to work on /Users/omer/Desktop/MLOPS/7day/.env/lib/python3.11/site-packages/airflow/example_dags/example_datasets.py
[2024-09-18T15:29:12.222+0000] {processor.py:914} INFO - Processing file /Users/omer/Desktop/MLOPS/7day/.env/lib/python3.11/site-packages/airflow/example_dags/example_datasets.py for tasks to queue
[2024-09-18T15:29:12.222+0000] {logging_mixin.py:190} INFO - [2024-09-18T15:29:12.222+0000] {dagbag.py:587} INFO - Filling up the DagBag from /Users/omer/Desktop/MLOPS/7day/.env/lib/python3.11/site-packages/airflow/example_dags/example_datasets.py
[2024-09-18T15:29:12.240+0000] {processor.py:925} INFO - DAG(s) 'conditional_dataset_and_time_based_timetable', 'dataset_consumes_unknown_never_scheduled', 'dataset_consumes_1_never_scheduled', 'dataset_consumes_1_and_2', 'dataset_consumes_1', 'dataset_produces_2', 'consume_1_and_2_with_dataset_expressions', 'consume_1_or_2_with_dataset_expressions', 'consume_1_or_both_2_and_3_with_dataset_expressions', 'dataset_produces_1' retrieved from /Users/omer/Desktop/MLOPS/7day/.env/lib/python3.11/site-packages/airflow/example_dags/example_datasets.py
[2024-09-18T15:29:12.271+0000] {logging_mixin.py:190} INFO - [2024-09-18T15:29:12.271+0000] {dag.py:3229} INFO - Sync 10 DAGs
[2024-09-18T15:29:12.277+0000] {logging_mixin.py:190} INFO - [2024-09-18T15:29:12.276+0000] {dag.py:4156} INFO - Setting next_dagrun for conditional_dataset_and_time_based_timetable to 2024-09-18 01:00:00+00:00, run_after=2024-09-18 01:00:00+00:00
[2024-09-18T15:29:12.278+0000] {logging_mixin.py:190} INFO - [2024-09-18T15:29:12.278+0000] {dag.py:4156} INFO - Setting next_dagrun for consume_1_and_2_with_dataset_expressions to None, run_after=None
[2024-09-18T15:29:12.278+0000] {logging_mixin.py:190} INFO - [2024-09-18T15:29:12.278+0000] {dag.py:4156} INFO - Setting next_dagrun for consume_1_or_2_with_dataset_expressions to None, run_after=None
[2024-09-18T15:29:12.278+0000] {logging_mixin.py:190} INFO - [2024-09-18T15:29:12.278+0000] {dag.py:4156} INFO - Setting next_dagrun for consume_1_or_both_2_and_3_with_dataset_expressions to None, run_after=None
[2024-09-18T15:29:12.278+0000] {logging_mixin.py:190} INFO - [2024-09-18T15:29:12.278+0000] {dag.py:4156} INFO - Setting next_dagrun for dataset_consumes_1 to None, run_after=None
[2024-09-18T15:29:12.279+0000] {logging_mixin.py:190} INFO - [2024-09-18T15:29:12.279+0000] {dag.py:4156} INFO - Setting next_dagrun for dataset_consumes_1_and_2 to None, run_after=None
[2024-09-18T15:29:12.279+0000] {logging_mixin.py:190} INFO - [2024-09-18T15:29:12.279+0000] {dag.py:4156} INFO - Setting next_dagrun for dataset_consumes_1_never_scheduled to None, run_after=None
[2024-09-18T15:29:12.279+0000] {logging_mixin.py:190} INFO - [2024-09-18T15:29:12.279+0000] {dag.py:4156} INFO - Setting next_dagrun for dataset_consumes_unknown_never_scheduled to None, run_after=None
[2024-09-18T15:29:12.280+0000] {logging_mixin.py:190} INFO - [2024-09-18T15:29:12.279+0000] {dag.py:4156} INFO - Setting next_dagrun for dataset_produces_1 to 2024-09-17 00:00:00+00:00, run_after=2024-09-18 00:00:00+00:00
[2024-09-18T15:29:12.280+0000] {logging_mixin.py:190} INFO - [2024-09-18T15:29:12.280+0000] {dag.py:4156} INFO - Setting next_dagrun for dataset_produces_2 to None, run_after=None
[2024-09-18T15:29:12.307+0000] {processor.py:208} INFO - Processing /Users/omer/Desktop/MLOPS/7day/.env/lib/python3.11/site-packages/airflow/example_dags/example_datasets.py took 0.087 seconds
[2024-09-18T15:30:50.695+0000] {processor.py:186} INFO - Started process (PID=98372) to work on /Users/omer/Desktop/MLOPS/7day/.env/lib/python3.11/site-packages/airflow/example_dags/example_datasets.py
[2024-09-18T15:30:50.696+0000] {processor.py:914} INFO - Processing file /Users/omer/Desktop/MLOPS/7day/.env/lib/python3.11/site-packages/airflow/example_dags/example_datasets.py for tasks to queue
[2024-09-18T15:30:50.696+0000] {logging_mixin.py:190} INFO - [2024-09-18T15:30:50.696+0000] {dagbag.py:587} INFO - Filling up the DagBag from /Users/omer/Desktop/MLOPS/7day/.env/lib/python3.11/site-packages/airflow/example_dags/example_datasets.py
[2024-09-18T15:30:50.709+0000] {processor.py:925} INFO - DAG(s) 'dataset_produces_2', 'dataset_consumes_1_never_scheduled', 'consume_1_and_2_with_dataset_expressions', 'consume_1_or_2_with_dataset_expressions', 'dataset_consumes_1_and_2', 'dataset_consumes_unknown_never_scheduled', 'dataset_produces_1', 'consume_1_or_both_2_and_3_with_dataset_expressions', 'conditional_dataset_and_time_based_timetable', 'dataset_consumes_1' retrieved from /Users/omer/Desktop/MLOPS/7day/.env/lib/python3.11/site-packages/airflow/example_dags/example_datasets.py
[2024-09-18T15:30:50.741+0000] {logging_mixin.py:190} INFO - [2024-09-18T15:30:50.741+0000] {dag.py:3229} INFO - Sync 10 DAGs
[2024-09-18T15:30:50.747+0000] {logging_mixin.py:190} INFO - [2024-09-18T15:30:50.747+0000] {dag.py:4156} INFO - Setting next_dagrun for conditional_dataset_and_time_based_timetable to 2024-09-18 01:00:00+00:00, run_after=2024-09-18 01:00:00+00:00
[2024-09-18T15:30:50.748+0000] {logging_mixin.py:190} INFO - [2024-09-18T15:30:50.748+0000] {dag.py:4156} INFO - Setting next_dagrun for consume_1_and_2_with_dataset_expressions to None, run_after=None
[2024-09-18T15:30:50.748+0000] {logging_mixin.py:190} INFO - [2024-09-18T15:30:50.748+0000] {dag.py:4156} INFO - Setting next_dagrun for consume_1_or_2_with_dataset_expressions to None, run_after=None
[2024-09-18T15:30:50.748+0000] {logging_mixin.py:190} INFO - [2024-09-18T15:30:50.748+0000] {dag.py:4156} INFO - Setting next_dagrun for consume_1_or_both_2_and_3_with_dataset_expressions to None, run_after=None
[2024-09-18T15:30:50.749+0000] {logging_mixin.py:190} INFO - [2024-09-18T15:30:50.749+0000] {dag.py:4156} INFO - Setting next_dagrun for dataset_consumes_1 to None, run_after=None
[2024-09-18T15:30:50.749+0000] {logging_mixin.py:190} INFO - [2024-09-18T15:30:50.749+0000] {dag.py:4156} INFO - Setting next_dagrun for dataset_consumes_1_and_2 to None, run_after=None
[2024-09-18T15:30:50.749+0000] {logging_mixin.py:190} INFO - [2024-09-18T15:30:50.749+0000] {dag.py:4156} INFO - Setting next_dagrun for dataset_consumes_1_never_scheduled to None, run_after=None
[2024-09-18T15:30:50.749+0000] {logging_mixin.py:190} INFO - [2024-09-18T15:30:50.749+0000] {dag.py:4156} INFO - Setting next_dagrun for dataset_consumes_unknown_never_scheduled to None, run_after=None
[2024-09-18T15:30:50.750+0000] {logging_mixin.py:190} INFO - [2024-09-18T15:30:50.750+0000] {dag.py:4156} INFO - Setting next_dagrun for dataset_produces_1 to 2024-09-17 00:00:00+00:00, run_after=2024-09-18 00:00:00+00:00
[2024-09-18T15:30:50.750+0000] {logging_mixin.py:190} INFO - [2024-09-18T15:30:50.750+0000] {dag.py:4156} INFO - Setting next_dagrun for dataset_produces_2 to None, run_after=None
[2024-09-18T15:30:50.778+0000] {processor.py:208} INFO - Processing /Users/omer/Desktop/MLOPS/7day/.env/lib/python3.11/site-packages/airflow/example_dags/example_datasets.py took 0.084 seconds
[2024-09-18T15:32:27.879+0000] {processor.py:186} INFO - Started process (PID=98656) to work on /Users/omer/Desktop/MLOPS/7day/.env/lib/python3.11/site-packages/airflow/example_dags/example_datasets.py
[2024-09-18T15:32:27.880+0000] {processor.py:914} INFO - Processing file /Users/omer/Desktop/MLOPS/7day/.env/lib/python3.11/site-packages/airflow/example_dags/example_datasets.py for tasks to queue
[2024-09-18T15:32:27.881+0000] {logging_mixin.py:190} INFO - [2024-09-18T15:32:27.881+0000] {dagbag.py:587} INFO - Filling up the DagBag from /Users/omer/Desktop/MLOPS/7day/.env/lib/python3.11/site-packages/airflow/example_dags/example_datasets.py
[2024-09-18T15:32:27.897+0000] {processor.py:925} INFO - DAG(s) 'dataset_consumes_1_never_scheduled', 'dataset_consumes_1', 'consume_1_or_both_2_and_3_with_dataset_expressions', 'dataset_consumes_1_and_2', 'consume_1_or_2_with_dataset_expressions', 'conditional_dataset_and_time_based_timetable', 'dataset_produces_1', 'dataset_produces_2', 'consume_1_and_2_with_dataset_expressions', 'dataset_consumes_unknown_never_scheduled' retrieved from /Users/omer/Desktop/MLOPS/7day/.env/lib/python3.11/site-packages/airflow/example_dags/example_datasets.py
[2024-09-18T15:32:27.927+0000] {logging_mixin.py:190} INFO - [2024-09-18T15:32:27.927+0000] {dag.py:3229} INFO - Sync 10 DAGs
[2024-09-18T15:32:27.933+0000] {logging_mixin.py:190} INFO - [2024-09-18T15:32:27.933+0000] {dag.py:4156} INFO - Setting next_dagrun for conditional_dataset_and_time_based_timetable to 2024-09-18 01:00:00+00:00, run_after=2024-09-18 01:00:00+00:00
[2024-09-18T15:32:27.934+0000] {logging_mixin.py:190} INFO - [2024-09-18T15:32:27.934+0000] {dag.py:4156} INFO - Setting next_dagrun for consume_1_and_2_with_dataset_expressions to None, run_after=None
[2024-09-18T15:32:27.935+0000] {logging_mixin.py:190} INFO - [2024-09-18T15:32:27.935+0000] {dag.py:4156} INFO - Setting next_dagrun for consume_1_or_2_with_dataset_expressions to None, run_after=None
[2024-09-18T15:32:27.935+0000] {logging_mixin.py:190} INFO - [2024-09-18T15:32:27.935+0000] {dag.py:4156} INFO - Setting next_dagrun for consume_1_or_both_2_and_3_with_dataset_expressions to None, run_after=None
[2024-09-18T15:32:27.935+0000] {logging_mixin.py:190} INFO - [2024-09-18T15:32:27.935+0000] {dag.py:4156} INFO - Setting next_dagrun for dataset_consumes_1 to None, run_after=None
[2024-09-18T15:32:27.935+0000] {logging_mixin.py:190} INFO - [2024-09-18T15:32:27.935+0000] {dag.py:4156} INFO - Setting next_dagrun for dataset_consumes_1_and_2 to None, run_after=None
[2024-09-18T15:32:27.935+0000] {logging_mixin.py:190} INFO - [2024-09-18T15:32:27.935+0000] {dag.py:4156} INFO - Setting next_dagrun for dataset_consumes_1_never_scheduled to None, run_after=None
[2024-09-18T15:32:27.936+0000] {logging_mixin.py:190} INFO - [2024-09-18T15:32:27.936+0000] {dag.py:4156} INFO - Setting next_dagrun for dataset_consumes_unknown_never_scheduled to None, run_after=None
[2024-09-18T15:32:27.936+0000] {logging_mixin.py:190} INFO - [2024-09-18T15:32:27.936+0000] {dag.py:4156} INFO - Setting next_dagrun for dataset_produces_1 to 2024-09-17 00:00:00+00:00, run_after=2024-09-18 00:00:00+00:00
[2024-09-18T15:32:27.936+0000] {logging_mixin.py:190} INFO - [2024-09-18T15:32:27.936+0000] {dag.py:4156} INFO - Setting next_dagrun for dataset_produces_2 to None, run_after=None
[2024-09-18T15:32:27.964+0000] {processor.py:208} INFO - Processing /Users/omer/Desktop/MLOPS/7day/.env/lib/python3.11/site-packages/airflow/example_dags/example_datasets.py took 0.086 seconds
[2024-09-18T15:35:08.660+0000] {processor.py:186} INFO - Started process (PID=99032) to work on /Users/omer/Desktop/MLOPS/7day/.env/lib/python3.11/site-packages/airflow/example_dags/example_datasets.py
[2024-09-18T15:35:08.660+0000] {processor.py:914} INFO - Processing file /Users/omer/Desktop/MLOPS/7day/.env/lib/python3.11/site-packages/airflow/example_dags/example_datasets.py for tasks to queue
[2024-09-18T15:35:08.661+0000] {logging_mixin.py:190} INFO - [2024-09-18T15:35:08.660+0000] {dagbag.py:587} INFO - Filling up the DagBag from /Users/omer/Desktop/MLOPS/7day/.env/lib/python3.11/site-packages/airflow/example_dags/example_datasets.py
[2024-09-18T15:35:08.676+0000] {processor.py:925} INFO - DAG(s) 'consume_1_and_2_with_dataset_expressions', 'dataset_consumes_1_and_2', 'dataset_produces_2', 'consume_1_or_both_2_and_3_with_dataset_expressions', 'dataset_consumes_1_never_scheduled', 'dataset_consumes_1', 'dataset_produces_1', 'consume_1_or_2_with_dataset_expressions', 'conditional_dataset_and_time_based_timetable', 'dataset_consumes_unknown_never_scheduled' retrieved from /Users/omer/Desktop/MLOPS/7day/.env/lib/python3.11/site-packages/airflow/example_dags/example_datasets.py
[2024-09-18T15:35:08.707+0000] {logging_mixin.py:190} INFO - [2024-09-18T15:35:08.706+0000] {dag.py:3229} INFO - Sync 10 DAGs
[2024-09-18T15:35:08.712+0000] {logging_mixin.py:190} INFO - [2024-09-18T15:35:08.712+0000] {dag.py:4156} INFO - Setting next_dagrun for conditional_dataset_and_time_based_timetable to 2024-09-18 01:00:00+00:00, run_after=2024-09-18 01:00:00+00:00
[2024-09-18T15:35:08.714+0000] {logging_mixin.py:190} INFO - [2024-09-18T15:35:08.713+0000] {dag.py:4156} INFO - Setting next_dagrun for consume_1_and_2_with_dataset_expressions to None, run_after=None
[2024-09-18T15:35:08.714+0000] {logging_mixin.py:190} INFO - [2024-09-18T15:35:08.714+0000] {dag.py:4156} INFO - Setting next_dagrun for consume_1_or_2_with_dataset_expressions to None, run_after=None
[2024-09-18T15:35:08.714+0000] {logging_mixin.py:190} INFO - [2024-09-18T15:35:08.714+0000] {dag.py:4156} INFO - Setting next_dagrun for consume_1_or_both_2_and_3_with_dataset_expressions to None, run_after=None
[2024-09-18T15:35:08.714+0000] {logging_mixin.py:190} INFO - [2024-09-18T15:35:08.714+0000] {dag.py:4156} INFO - Setting next_dagrun for dataset_consumes_1 to None, run_after=None
[2024-09-18T15:35:08.714+0000] {logging_mixin.py:190} INFO - [2024-09-18T15:35:08.714+0000] {dag.py:4156} INFO - Setting next_dagrun for dataset_consumes_1_and_2 to None, run_after=None
[2024-09-18T15:35:08.715+0000] {logging_mixin.py:190} INFO - [2024-09-18T15:35:08.715+0000] {dag.py:4156} INFO - Setting next_dagrun for dataset_consumes_1_never_scheduled to None, run_after=None
[2024-09-18T15:35:08.715+0000] {logging_mixin.py:190} INFO - [2024-09-18T15:35:08.715+0000] {dag.py:4156} INFO - Setting next_dagrun for dataset_consumes_unknown_never_scheduled to None, run_after=None
[2024-09-18T15:35:08.715+0000] {logging_mixin.py:190} INFO - [2024-09-18T15:35:08.715+0000] {dag.py:4156} INFO - Setting next_dagrun for dataset_produces_1 to 2024-09-17 00:00:00+00:00, run_after=2024-09-18 00:00:00+00:00
[2024-09-18T15:35:08.716+0000] {logging_mixin.py:190} INFO - [2024-09-18T15:35:08.715+0000] {dag.py:4156} INFO - Setting next_dagrun for dataset_produces_2 to None, run_after=None
[2024-09-18T15:35:08.743+0000] {processor.py:208} INFO - Processing /Users/omer/Desktop/MLOPS/7day/.env/lib/python3.11/site-packages/airflow/example_dags/example_datasets.py took 0.085 seconds
