[2024-09-18T14:49:42.849+0000] {processor.py:186} INFO - Started process (PID=94064) to work on /Users/omer/Desktop/MLOPS/7day/.env/lib/python3.11/site-packages/airflow/example_dags/example_branch_datetime_operator.py
[2024-09-18T14:49:42.849+0000] {processor.py:914} INFO - Processing file /Users/omer/Desktop/MLOPS/7day/.env/lib/python3.11/site-packages/airflow/example_dags/example_branch_datetime_operator.py for tasks to queue
[2024-09-18T14:49:42.849+0000] {logging_mixin.py:190} INFO - [2024-09-18T14:49:42.849+0000] {dagbag.py:587} INFO - Filling up the DagBag from /Users/omer/Desktop/MLOPS/7day/.env/lib/python3.11/site-packages/airflow/example_dags/example_branch_datetime_operator.py
[2024-09-18T14:49:42.854+0000] {processor.py:925} INFO - DAG(s) 'example_branch_datetime_operator', 'example_branch_datetime_operator_3', 'example_branch_datetime_operator_2' retrieved from /Users/omer/Desktop/MLOPS/7day/.env/lib/python3.11/site-packages/airflow/example_dags/example_branch_datetime_operator.py
[2024-09-18T14:49:42.924+0000] {logging_mixin.py:190} INFO - [2024-09-18T14:49:42.923+0000] {override.py:1900} INFO - Created Permission View: can read on DAG:example_branch_datetime_operator
[2024-09-18T14:49:42.926+0000] {logging_mixin.py:190} INFO - [2024-09-18T14:49:42.926+0000] {override.py:1900} INFO - Created Permission View: can delete on DAG:example_branch_datetime_operator
[2024-09-18T14:49:42.928+0000] {logging_mixin.py:190} INFO - [2024-09-18T14:49:42.928+0000] {override.py:1900} INFO - Created Permission View: can edit on DAG:example_branch_datetime_operator
[2024-09-18T14:49:42.930+0000] {logging_mixin.py:190} INFO - [2024-09-18T14:49:42.930+0000] {override.py:1900} INFO - Created Permission View: menu access on DAG Run:example_branch_datetime_operator
[2024-09-18T14:49:42.932+0000] {logging_mixin.py:190} INFO - [2024-09-18T14:49:42.932+0000] {override.py:1900} INFO - Created Permission View: can read on DAG Run:example_branch_datetime_operator
[2024-09-18T14:49:42.933+0000] {logging_mixin.py:190} INFO - [2024-09-18T14:49:42.933+0000] {override.py:1900} INFO - Created Permission View: can delete on DAG Run:example_branch_datetime_operator
[2024-09-18T14:49:42.935+0000] {logging_mixin.py:190} INFO - [2024-09-18T14:49:42.935+0000] {override.py:1900} INFO - Created Permission View: can create on DAG Run:example_branch_datetime_operator
[2024-09-18T14:49:42.938+0000] {logging_mixin.py:190} INFO - [2024-09-18T14:49:42.938+0000] {override.py:1900} INFO - Created Permission View: can read on DAG:example_branch_datetime_operator_3
[2024-09-18T14:49:42.940+0000] {logging_mixin.py:190} INFO - [2024-09-18T14:49:42.939+0000] {override.py:1900} INFO - Created Permission View: can delete on DAG:example_branch_datetime_operator_3
[2024-09-18T14:49:42.941+0000] {logging_mixin.py:190} INFO - [2024-09-18T14:49:42.941+0000] {override.py:1900} INFO - Created Permission View: can edit on DAG:example_branch_datetime_operator_3
[2024-09-18T14:49:42.943+0000] {logging_mixin.py:190} INFO - [2024-09-18T14:49:42.943+0000] {override.py:1900} INFO - Created Permission View: menu access on DAG Run:example_branch_datetime_operator_3
[2024-09-18T14:49:42.945+0000] {logging_mixin.py:190} INFO - [2024-09-18T14:49:42.945+0000] {override.py:1900} INFO - Created Permission View: can read on DAG Run:example_branch_datetime_operator_3
[2024-09-18T14:49:42.946+0000] {logging_mixin.py:190} INFO - [2024-09-18T14:49:42.946+0000] {override.py:1900} INFO - Created Permission View: can delete on DAG Run:example_branch_datetime_operator_3
[2024-09-18T14:49:42.948+0000] {logging_mixin.py:190} INFO - [2024-09-18T14:49:42.948+0000] {override.py:1900} INFO - Created Permission View: can create on DAG Run:example_branch_datetime_operator_3
[2024-09-18T14:49:42.951+0000] {logging_mixin.py:190} INFO - [2024-09-18T14:49:42.951+0000] {override.py:1900} INFO - Created Permission View: can read on DAG:example_branch_datetime_operator_2
[2024-09-18T14:49:42.952+0000] {logging_mixin.py:190} INFO - [2024-09-18T14:49:42.952+0000] {override.py:1900} INFO - Created Permission View: can delete on DAG:example_branch_datetime_operator_2
[2024-09-18T14:49:42.953+0000] {logging_mixin.py:190} INFO - [2024-09-18T14:49:42.953+0000] {override.py:1900} INFO - Created Permission View: can edit on DAG:example_branch_datetime_operator_2
[2024-09-18T14:49:42.955+0000] {logging_mixin.py:190} INFO - [2024-09-18T14:49:42.955+0000] {override.py:1900} INFO - Created Permission View: menu access on DAG Run:example_branch_datetime_operator_2
[2024-09-18T14:49:42.957+0000] {logging_mixin.py:190} INFO - [2024-09-18T14:49:42.957+0000] {override.py:1900} INFO - Created Permission View: can read on DAG Run:example_branch_datetime_operator_2
[2024-09-18T14:49:42.958+0000] {logging_mixin.py:190} INFO - [2024-09-18T14:49:42.958+0000] {override.py:1900} INFO - Created Permission View: can delete on DAG Run:example_branch_datetime_operator_2
[2024-09-18T14:49:42.959+0000] {logging_mixin.py:190} INFO - [2024-09-18T14:49:42.959+0000] {override.py:1900} INFO - Created Permission View: can create on DAG Run:example_branch_datetime_operator_2
[2024-09-18T14:49:42.959+0000] {logging_mixin.py:190} INFO - [2024-09-18T14:49:42.959+0000] {dag.py:3229} INFO - Sync 3 DAGs
[2024-09-18T14:49:42.963+0000] {logging_mixin.py:190} INFO - [2024-09-18T14:49:42.963+0000] {dag.py:3252} INFO - Creating ORM DAG for example_branch_datetime_operator_3
[2024-09-18T14:49:42.963+0000] {logging_mixin.py:190} INFO - [2024-09-18T14:49:42.963+0000] {dag.py:3252} INFO - Creating ORM DAG for example_branch_datetime_operator
[2024-09-18T14:49:42.963+0000] {logging_mixin.py:190} INFO - [2024-09-18T14:49:42.963+0000] {dag.py:3252} INFO - Creating ORM DAG for example_branch_datetime_operator_2
[2024-09-18T14:49:42.966+0000] {logging_mixin.py:190} INFO - [2024-09-18T14:49:42.966+0000] {dag.py:4156} INFO - Setting next_dagrun for example_branch_datetime_operator to 2024-09-17 00:00:00+00:00, run_after=2024-09-18 00:00:00+00:00
[2024-09-18T14:49:42.966+0000] {logging_mixin.py:190} INFO - [2024-09-18T14:49:42.966+0000] {dag.py:4156} INFO - Setting next_dagrun for example_branch_datetime_operator_2 to 2024-09-17 00:00:00+00:00, run_after=2024-09-18 00:00:00+00:00
[2024-09-18T14:49:42.966+0000] {logging_mixin.py:190} INFO - [2024-09-18T14:49:42.966+0000] {dag.py:4156} INFO - Setting next_dagrun for example_branch_datetime_operator_3 to 2024-09-17 00:00:00+00:00, run_after=2024-09-18 00:00:00+00:00
[2024-09-18T14:49:42.971+0000] {processor.py:208} INFO - Processing /Users/omer/Desktop/MLOPS/7day/.env/lib/python3.11/site-packages/airflow/example_dags/example_branch_datetime_operator.py took 0.123 seconds
[2024-09-18T14:51:21.504+0000] {processor.py:186} INFO - Started process (PID=94325) to work on /Users/omer/Desktop/MLOPS/7day/.env/lib/python3.11/site-packages/airflow/example_dags/example_branch_datetime_operator.py
[2024-09-18T14:51:21.505+0000] {processor.py:914} INFO - Processing file /Users/omer/Desktop/MLOPS/7day/.env/lib/python3.11/site-packages/airflow/example_dags/example_branch_datetime_operator.py for tasks to queue
[2024-09-18T14:51:21.505+0000] {logging_mixin.py:190} INFO - [2024-09-18T14:51:21.505+0000] {dagbag.py:587} INFO - Filling up the DagBag from /Users/omer/Desktop/MLOPS/7day/.env/lib/python3.11/site-packages/airflow/example_dags/example_branch_datetime_operator.py
[2024-09-18T14:51:21.509+0000] {processor.py:925} INFO - DAG(s) 'example_branch_datetime_operator', 'example_branch_datetime_operator_3', 'example_branch_datetime_operator_2' retrieved from /Users/omer/Desktop/MLOPS/7day/.env/lib/python3.11/site-packages/airflow/example_dags/example_branch_datetime_operator.py
[2024-09-18T14:51:21.536+0000] {logging_mixin.py:190} INFO - [2024-09-18T14:51:21.536+0000] {dag.py:3229} INFO - Sync 3 DAGs
[2024-09-18T14:51:21.541+0000] {logging_mixin.py:190} INFO - [2024-09-18T14:51:21.541+0000] {dag.py:4156} INFO - Setting next_dagrun for example_branch_datetime_operator to 2024-09-17 00:00:00+00:00, run_after=2024-09-18 00:00:00+00:00
[2024-09-18T14:51:21.543+0000] {logging_mixin.py:190} INFO - [2024-09-18T14:51:21.542+0000] {dag.py:4156} INFO - Setting next_dagrun for example_branch_datetime_operator_2 to 2024-09-17 00:00:00+00:00, run_after=2024-09-18 00:00:00+00:00
[2024-09-18T14:51:21.543+0000] {logging_mixin.py:190} INFO - [2024-09-18T14:51:21.543+0000] {dag.py:4156} INFO - Setting next_dagrun for example_branch_datetime_operator_3 to 2024-09-17 00:00:00+00:00, run_after=2024-09-18 00:00:00+00:00
[2024-09-18T14:51:21.548+0000] {processor.py:208} INFO - Processing /Users/omer/Desktop/MLOPS/7day/.env/lib/python3.11/site-packages/airflow/example_dags/example_branch_datetime_operator.py took 0.044 seconds
[2024-09-18T14:53:03.215+0000] {processor.py:186} INFO - Started process (PID=94528) to work on /Users/omer/Desktop/MLOPS/7day/.env/lib/python3.11/site-packages/airflow/example_dags/example_branch_datetime_operator.py
[2024-09-18T14:53:03.215+0000] {processor.py:914} INFO - Processing file /Users/omer/Desktop/MLOPS/7day/.env/lib/python3.11/site-packages/airflow/example_dags/example_branch_datetime_operator.py for tasks to queue
[2024-09-18T14:53:03.215+0000] {logging_mixin.py:190} INFO - [2024-09-18T14:53:03.215+0000] {dagbag.py:587} INFO - Filling up the DagBag from /Users/omer/Desktop/MLOPS/7day/.env/lib/python3.11/site-packages/airflow/example_dags/example_branch_datetime_operator.py
[2024-09-18T14:53:03.219+0000] {processor.py:925} INFO - DAG(s) 'example_branch_datetime_operator', 'example_branch_datetime_operator_3', 'example_branch_datetime_operator_2' retrieved from /Users/omer/Desktop/MLOPS/7day/.env/lib/python3.11/site-packages/airflow/example_dags/example_branch_datetime_operator.py
[2024-09-18T14:53:03.246+0000] {logging_mixin.py:190} INFO - [2024-09-18T14:53:03.246+0000] {dag.py:3229} INFO - Sync 3 DAGs
[2024-09-18T14:53:03.251+0000] {logging_mixin.py:190} INFO - [2024-09-18T14:53:03.251+0000] {dag.py:4156} INFO - Setting next_dagrun for example_branch_datetime_operator to 2024-09-17 00:00:00+00:00, run_after=2024-09-18 00:00:00+00:00
[2024-09-18T14:53:03.252+0000] {logging_mixin.py:190} INFO - [2024-09-18T14:53:03.252+0000] {dag.py:4156} INFO - Setting next_dagrun for example_branch_datetime_operator_2 to 2024-09-17 00:00:00+00:00, run_after=2024-09-18 00:00:00+00:00
[2024-09-18T14:53:03.253+0000] {logging_mixin.py:190} INFO - [2024-09-18T14:53:03.253+0000] {dag.py:4156} INFO - Setting next_dagrun for example_branch_datetime_operator_3 to 2024-09-17 00:00:00+00:00, run_after=2024-09-18 00:00:00+00:00
[2024-09-18T14:53:03.257+0000] {processor.py:208} INFO - Processing /Users/omer/Desktop/MLOPS/7day/.env/lib/python3.11/site-packages/airflow/example_dags/example_branch_datetime_operator.py took 0.044 seconds
[2024-09-18T14:54:41.930+0000] {processor.py:186} INFO - Started process (PID=94704) to work on /Users/omer/Desktop/MLOPS/7day/.env/lib/python3.11/site-packages/airflow/example_dags/example_branch_datetime_operator.py
[2024-09-18T14:54:41.931+0000] {processor.py:914} INFO - Processing file /Users/omer/Desktop/MLOPS/7day/.env/lib/python3.11/site-packages/airflow/example_dags/example_branch_datetime_operator.py for tasks to queue
[2024-09-18T14:54:41.931+0000] {logging_mixin.py:190} INFO - [2024-09-18T14:54:41.931+0000] {dagbag.py:587} INFO - Filling up the DagBag from /Users/omer/Desktop/MLOPS/7day/.env/lib/python3.11/site-packages/airflow/example_dags/example_branch_datetime_operator.py
[2024-09-18T14:54:41.935+0000] {processor.py:925} INFO - DAG(s) 'example_branch_datetime_operator_3', 'example_branch_datetime_operator', 'example_branch_datetime_operator_2' retrieved from /Users/omer/Desktop/MLOPS/7day/.env/lib/python3.11/site-packages/airflow/example_dags/example_branch_datetime_operator.py
[2024-09-18T14:54:41.965+0000] {logging_mixin.py:190} INFO - [2024-09-18T14:54:41.964+0000] {dag.py:3229} INFO - Sync 3 DAGs
[2024-09-18T14:54:41.970+0000] {logging_mixin.py:190} INFO - [2024-09-18T14:54:41.970+0000] {dag.py:4156} INFO - Setting next_dagrun for example_branch_datetime_operator to 2024-09-17 00:00:00+00:00, run_after=2024-09-18 00:00:00+00:00
[2024-09-18T14:54:41.972+0000] {logging_mixin.py:190} INFO - [2024-09-18T14:54:41.972+0000] {dag.py:4156} INFO - Setting next_dagrun for example_branch_datetime_operator_2 to 2024-09-17 00:00:00+00:00, run_after=2024-09-18 00:00:00+00:00
[2024-09-18T14:54:41.972+0000] {logging_mixin.py:190} INFO - [2024-09-18T14:54:41.972+0000] {dag.py:4156} INFO - Setting next_dagrun for example_branch_datetime_operator_3 to 2024-09-17 00:00:00+00:00, run_after=2024-09-18 00:00:00+00:00
[2024-09-18T14:54:41.977+0000] {processor.py:208} INFO - Processing /Users/omer/Desktop/MLOPS/7day/.env/lib/python3.11/site-packages/airflow/example_dags/example_branch_datetime_operator.py took 0.048 seconds
[2024-09-18T15:22:01.695+0000] {processor.py:186} INFO - Started process (PID=97231) to work on /Users/omer/Desktop/MLOPS/7day/.env/lib/python3.11/site-packages/airflow/example_dags/example_branch_datetime_operator.py
[2024-09-18T15:22:01.697+0000] {processor.py:914} INFO - Processing file /Users/omer/Desktop/MLOPS/7day/.env/lib/python3.11/site-packages/airflow/example_dags/example_branch_datetime_operator.py for tasks to queue
[2024-09-18T15:22:01.697+0000] {logging_mixin.py:190} INFO - [2024-09-18T15:22:01.697+0000] {dagbag.py:587} INFO - Filling up the DagBag from /Users/omer/Desktop/MLOPS/7day/.env/lib/python3.11/site-packages/airflow/example_dags/example_branch_datetime_operator.py
[2024-09-18T15:22:01.703+0000] {processor.py:925} INFO - DAG(s) 'example_branch_datetime_operator_3', 'example_branch_datetime_operator_2', 'example_branch_datetime_operator' retrieved from /Users/omer/Desktop/MLOPS/7day/.env/lib/python3.11/site-packages/airflow/example_dags/example_branch_datetime_operator.py
[2024-09-18T15:22:01.734+0000] {logging_mixin.py:190} INFO - [2024-09-18T15:22:01.733+0000] {dag.py:3229} INFO - Sync 3 DAGs
[2024-09-18T15:22:01.739+0000] {logging_mixin.py:190} INFO - [2024-09-18T15:22:01.739+0000] {dag.py:4156} INFO - Setting next_dagrun for example_branch_datetime_operator to 2024-09-17 00:00:00+00:00, run_after=2024-09-18 00:00:00+00:00
[2024-09-18T15:22:01.740+0000] {logging_mixin.py:190} INFO - [2024-09-18T15:22:01.740+0000] {dag.py:4156} INFO - Setting next_dagrun for example_branch_datetime_operator_2 to 2024-09-17 00:00:00+00:00, run_after=2024-09-18 00:00:00+00:00
[2024-09-18T15:22:01.741+0000] {logging_mixin.py:190} INFO - [2024-09-18T15:22:01.741+0000] {dag.py:4156} INFO - Setting next_dagrun for example_branch_datetime_operator_3 to 2024-09-17 00:00:00+00:00, run_after=2024-09-18 00:00:00+00:00
[2024-09-18T15:22:01.746+0000] {processor.py:208} INFO - Processing /Users/omer/Desktop/MLOPS/7day/.env/lib/python3.11/site-packages/airflow/example_dags/example_branch_datetime_operator.py took 0.053 seconds
[2024-09-18T15:27:46.284+0000] {processor.py:186} INFO - Started process (PID=97854) to work on /Users/omer/Desktop/MLOPS/7day/.env/lib/python3.11/site-packages/airflow/example_dags/example_branch_datetime_operator.py
[2024-09-18T15:27:46.284+0000] {processor.py:914} INFO - Processing file /Users/omer/Desktop/MLOPS/7day/.env/lib/python3.11/site-packages/airflow/example_dags/example_branch_datetime_operator.py for tasks to queue
[2024-09-18T15:27:46.285+0000] {logging_mixin.py:190} INFO - [2024-09-18T15:27:46.285+0000] {dagbag.py:587} INFO - Filling up the DagBag from /Users/omer/Desktop/MLOPS/7day/.env/lib/python3.11/site-packages/airflow/example_dags/example_branch_datetime_operator.py
[2024-09-18T15:27:46.288+0000] {processor.py:925} INFO - DAG(s) 'example_branch_datetime_operator_2', 'example_branch_datetime_operator', 'example_branch_datetime_operator_3' retrieved from /Users/omer/Desktop/MLOPS/7day/.env/lib/python3.11/site-packages/airflow/example_dags/example_branch_datetime_operator.py
[2024-09-18T15:27:46.316+0000] {logging_mixin.py:190} INFO - [2024-09-18T15:27:46.315+0000] {dag.py:3229} INFO - Sync 3 DAGs
[2024-09-18T15:27:46.321+0000] {logging_mixin.py:190} INFO - [2024-09-18T15:27:46.321+0000] {dag.py:4156} INFO - Setting next_dagrun for example_branch_datetime_operator to 2024-09-17 00:00:00+00:00, run_after=2024-09-18 00:00:00+00:00
[2024-09-18T15:27:46.322+0000] {logging_mixin.py:190} INFO - [2024-09-18T15:27:46.322+0000] {dag.py:4156} INFO - Setting next_dagrun for example_branch_datetime_operator_2 to 2024-09-17 00:00:00+00:00, run_after=2024-09-18 00:00:00+00:00
[2024-09-18T15:27:46.323+0000] {logging_mixin.py:190} INFO - [2024-09-18T15:27:46.323+0000] {dag.py:4156} INFO - Setting next_dagrun for example_branch_datetime_operator_3 to 2024-09-17 00:00:00+00:00, run_after=2024-09-18 00:00:00+00:00
[2024-09-18T15:27:46.327+0000] {processor.py:208} INFO - Processing /Users/omer/Desktop/MLOPS/7day/.env/lib/python3.11/site-packages/airflow/example_dags/example_branch_datetime_operator.py took 0.044 seconds
[2024-09-18T15:29:26.818+0000] {processor.py:186} INFO - Started process (PID=98131) to work on /Users/omer/Desktop/MLOPS/7day/.env/lib/python3.11/site-packages/airflow/example_dags/example_branch_datetime_operator.py
[2024-09-18T15:29:26.819+0000] {processor.py:914} INFO - Processing file /Users/omer/Desktop/MLOPS/7day/.env/lib/python3.11/site-packages/airflow/example_dags/example_branch_datetime_operator.py for tasks to queue
[2024-09-18T15:29:26.820+0000] {logging_mixin.py:190} INFO - [2024-09-18T15:29:26.819+0000] {dagbag.py:587} INFO - Filling up the DagBag from /Users/omer/Desktop/MLOPS/7day/.env/lib/python3.11/site-packages/airflow/example_dags/example_branch_datetime_operator.py
[2024-09-18T15:29:26.824+0000] {processor.py:925} INFO - DAG(s) 'example_branch_datetime_operator', 'example_branch_datetime_operator_2', 'example_branch_datetime_operator_3' retrieved from /Users/omer/Desktop/MLOPS/7day/.env/lib/python3.11/site-packages/airflow/example_dags/example_branch_datetime_operator.py
[2024-09-18T15:29:26.851+0000] {logging_mixin.py:190} INFO - [2024-09-18T15:29:26.851+0000] {dag.py:3229} INFO - Sync 3 DAGs
[2024-09-18T15:29:26.856+0000] {logging_mixin.py:190} INFO - [2024-09-18T15:29:26.856+0000] {dag.py:4156} INFO - Setting next_dagrun for example_branch_datetime_operator to 2024-09-17 00:00:00+00:00, run_after=2024-09-18 00:00:00+00:00
[2024-09-18T15:29:26.858+0000] {logging_mixin.py:190} INFO - [2024-09-18T15:29:26.857+0000] {dag.py:4156} INFO - Setting next_dagrun for example_branch_datetime_operator_2 to 2024-09-17 00:00:00+00:00, run_after=2024-09-18 00:00:00+00:00
[2024-09-18T15:29:26.858+0000] {logging_mixin.py:190} INFO - [2024-09-18T15:29:26.858+0000] {dag.py:4156} INFO - Setting next_dagrun for example_branch_datetime_operator_3 to 2024-09-17 00:00:00+00:00, run_after=2024-09-18 00:00:00+00:00
[2024-09-18T15:29:26.863+0000] {processor.py:208} INFO - Processing /Users/omer/Desktop/MLOPS/7day/.env/lib/python3.11/site-packages/airflow/example_dags/example_branch_datetime_operator.py took 0.045 seconds
[2024-09-18T15:31:04.228+0000] {processor.py:186} INFO - Started process (PID=98406) to work on /Users/omer/Desktop/MLOPS/7day/.env/lib/python3.11/site-packages/airflow/example_dags/example_branch_datetime_operator.py
[2024-09-18T15:31:04.228+0000] {processor.py:914} INFO - Processing file /Users/omer/Desktop/MLOPS/7day/.env/lib/python3.11/site-packages/airflow/example_dags/example_branch_datetime_operator.py for tasks to queue
[2024-09-18T15:31:04.229+0000] {logging_mixin.py:190} INFO - [2024-09-18T15:31:04.229+0000] {dagbag.py:587} INFO - Filling up the DagBag from /Users/omer/Desktop/MLOPS/7day/.env/lib/python3.11/site-packages/airflow/example_dags/example_branch_datetime_operator.py
[2024-09-18T15:31:04.233+0000] {processor.py:925} INFO - DAG(s) 'example_branch_datetime_operator_2', 'example_branch_datetime_operator_3', 'example_branch_datetime_operator' retrieved from /Users/omer/Desktop/MLOPS/7day/.env/lib/python3.11/site-packages/airflow/example_dags/example_branch_datetime_operator.py
[2024-09-18T15:31:04.260+0000] {logging_mixin.py:190} INFO - [2024-09-18T15:31:04.259+0000] {dag.py:3229} INFO - Sync 3 DAGs
[2024-09-18T15:31:04.266+0000] {logging_mixin.py:190} INFO - [2024-09-18T15:31:04.265+0000] {dag.py:4156} INFO - Setting next_dagrun for example_branch_datetime_operator to 2024-09-17 00:00:00+00:00, run_after=2024-09-18 00:00:00+00:00
[2024-09-18T15:31:04.267+0000] {logging_mixin.py:190} INFO - [2024-09-18T15:31:04.267+0000] {dag.py:4156} INFO - Setting next_dagrun for example_branch_datetime_operator_2 to 2024-09-17 00:00:00+00:00, run_after=2024-09-18 00:00:00+00:00
[2024-09-18T15:31:04.268+0000] {logging_mixin.py:190} INFO - [2024-09-18T15:31:04.268+0000] {dag.py:4156} INFO - Setting next_dagrun for example_branch_datetime_operator_3 to 2024-09-17 00:00:00+00:00, run_after=2024-09-18 00:00:00+00:00
[2024-09-18T15:31:04.272+0000] {processor.py:208} INFO - Processing /Users/omer/Desktop/MLOPS/7day/.env/lib/python3.11/site-packages/airflow/example_dags/example_branch_datetime_operator.py took 0.045 seconds
[2024-09-18T15:32:42.488+0000] {processor.py:186} INFO - Started process (PID=98687) to work on /Users/omer/Desktop/MLOPS/7day/.env/lib/python3.11/site-packages/airflow/example_dags/example_branch_datetime_operator.py
[2024-09-18T15:32:42.489+0000] {processor.py:914} INFO - Processing file /Users/omer/Desktop/MLOPS/7day/.env/lib/python3.11/site-packages/airflow/example_dags/example_branch_datetime_operator.py for tasks to queue
[2024-09-18T15:32:42.489+0000] {logging_mixin.py:190} INFO - [2024-09-18T15:32:42.489+0000] {dagbag.py:587} INFO - Filling up the DagBag from /Users/omer/Desktop/MLOPS/7day/.env/lib/python3.11/site-packages/airflow/example_dags/example_branch_datetime_operator.py
[2024-09-18T15:32:42.493+0000] {processor.py:925} INFO - DAG(s) 'example_branch_datetime_operator_2', 'example_branch_datetime_operator_3', 'example_branch_datetime_operator' retrieved from /Users/omer/Desktop/MLOPS/7day/.env/lib/python3.11/site-packages/airflow/example_dags/example_branch_datetime_operator.py
[2024-09-18T15:32:42.521+0000] {logging_mixin.py:190} INFO - [2024-09-18T15:32:42.521+0000] {dag.py:3229} INFO - Sync 3 DAGs
[2024-09-18T15:32:42.526+0000] {logging_mixin.py:190} INFO - [2024-09-18T15:32:42.526+0000] {dag.py:4156} INFO - Setting next_dagrun for example_branch_datetime_operator to 2024-09-17 00:00:00+00:00, run_after=2024-09-18 00:00:00+00:00
[2024-09-18T15:32:42.527+0000] {logging_mixin.py:190} INFO - [2024-09-18T15:32:42.527+0000] {dag.py:4156} INFO - Setting next_dagrun for example_branch_datetime_operator_2 to 2024-09-17 00:00:00+00:00, run_after=2024-09-18 00:00:00+00:00
[2024-09-18T15:32:42.528+0000] {logging_mixin.py:190} INFO - [2024-09-18T15:32:42.528+0000] {dag.py:4156} INFO - Setting next_dagrun for example_branch_datetime_operator_3 to 2024-09-17 00:00:00+00:00, run_after=2024-09-18 00:00:00+00:00
[2024-09-18T15:32:42.533+0000] {processor.py:208} INFO - Processing /Users/omer/Desktop/MLOPS/7day/.env/lib/python3.11/site-packages/airflow/example_dags/example_branch_datetime_operator.py took 0.046 seconds
[2024-09-18T15:35:23.080+0000] {processor.py:186} INFO - Started process (PID=99057) to work on /Users/omer/Desktop/MLOPS/7day/.env/lib/python3.11/site-packages/airflow/example_dags/example_branch_datetime_operator.py
[2024-09-18T15:35:23.081+0000] {processor.py:914} INFO - Processing file /Users/omer/Desktop/MLOPS/7day/.env/lib/python3.11/site-packages/airflow/example_dags/example_branch_datetime_operator.py for tasks to queue
[2024-09-18T15:35:23.081+0000] {logging_mixin.py:190} INFO - [2024-09-18T15:35:23.081+0000] {dagbag.py:587} INFO - Filling up the DagBag from /Users/omer/Desktop/MLOPS/7day/.env/lib/python3.11/site-packages/airflow/example_dags/example_branch_datetime_operator.py
[2024-09-18T15:35:23.085+0000] {processor.py:925} INFO - DAG(s) 'example_branch_datetime_operator_2', 'example_branch_datetime_operator', 'example_branch_datetime_operator_3' retrieved from /Users/omer/Desktop/MLOPS/7day/.env/lib/python3.11/site-packages/airflow/example_dags/example_branch_datetime_operator.py
[2024-09-18T15:35:23.113+0000] {logging_mixin.py:190} INFO - [2024-09-18T15:35:23.113+0000] {dag.py:3229} INFO - Sync 3 DAGs
[2024-09-18T15:35:23.118+0000] {logging_mixin.py:190} INFO - [2024-09-18T15:35:23.118+0000] {dag.py:4156} INFO - Setting next_dagrun for example_branch_datetime_operator to 2024-09-17 00:00:00+00:00, run_after=2024-09-18 00:00:00+00:00
[2024-09-18T15:35:23.119+0000] {logging_mixin.py:190} INFO - [2024-09-18T15:35:23.119+0000] {dag.py:4156} INFO - Setting next_dagrun for example_branch_datetime_operator_2 to 2024-09-17 00:00:00+00:00, run_after=2024-09-18 00:00:00+00:00
[2024-09-18T15:35:23.119+0000] {logging_mixin.py:190} INFO - [2024-09-18T15:35:23.119+0000] {dag.py:4156} INFO - Setting next_dagrun for example_branch_datetime_operator_3 to 2024-09-17 00:00:00+00:00, run_after=2024-09-18 00:00:00+00:00
[2024-09-18T15:35:23.124+0000] {processor.py:208} INFO - Processing /Users/omer/Desktop/MLOPS/7day/.env/lib/python3.11/site-packages/airflow/example_dags/example_branch_datetime_operator.py took 0.045 seconds
