[2024-09-18T14:49:25.672+0000] {processor.py:186} INFO - Started process (PID=94005) to work on /Users/omer/Desktop/MLOPS/7day/.env/lib/python3.11/site-packages/airflow/example_dags/example_dynamic_task_mapping.py
[2024-09-18T14:49:25.673+0000] {processor.py:914} INFO - Processing file /Users/omer/Desktop/MLOPS/7day/.env/lib/python3.11/site-packages/airflow/example_dags/example_dynamic_task_mapping.py for tasks to queue
[2024-09-18T14:49:25.673+0000] {logging_mixin.py:190} INFO - [2024-09-18T14:49:25.673+0000] {dagbag.py:587} INFO - Filling up the DagBag from /Users/omer/Desktop/MLOPS/7day/.env/lib/python3.11/site-packages/airflow/example_dags/example_dynamic_task_mapping.py
[2024-09-18T14:49:25.683+0000] {processor.py:925} INFO - DAG(s) 'example_dynamic_task_mapping' retrieved from /Users/omer/Desktop/MLOPS/7day/.env/lib/python3.11/site-packages/airflow/example_dags/example_dynamic_task_mapping.py
[2024-09-18T14:49:25.754+0000] {logging_mixin.py:190} INFO - [2024-09-18T14:49:25.754+0000] {override.py:1900} INFO - Created Permission View: can delete on DAG:example_dynamic_task_mapping
[2024-09-18T14:49:25.756+0000] {logging_mixin.py:190} INFO - [2024-09-18T14:49:25.756+0000] {override.py:1900} INFO - Created Permission View: can read on DAG:example_dynamic_task_mapping
[2024-09-18T14:49:25.758+0000] {logging_mixin.py:190} INFO - [2024-09-18T14:49:25.758+0000] {override.py:1900} INFO - Created Permission View: can edit on DAG:example_dynamic_task_mapping
[2024-09-18T14:49:25.760+0000] {logging_mixin.py:190} INFO - [2024-09-18T14:49:25.760+0000] {override.py:1900} INFO - Created Permission View: menu access on DAG Run:example_dynamic_task_mapping
[2024-09-18T14:49:25.761+0000] {logging_mixin.py:190} INFO - [2024-09-18T14:49:25.761+0000] {override.py:1900} INFO - Created Permission View: can delete on DAG Run:example_dynamic_task_mapping
[2024-09-18T14:49:25.762+0000] {logging_mixin.py:190} INFO - [2024-09-18T14:49:25.762+0000] {override.py:1900} INFO - Created Permission View: can read on DAG Run:example_dynamic_task_mapping
[2024-09-18T14:49:25.764+0000] {logging_mixin.py:190} INFO - [2024-09-18T14:49:25.764+0000] {override.py:1900} INFO - Created Permission View: can create on DAG Run:example_dynamic_task_mapping
[2024-09-18T14:49:25.764+0000] {logging_mixin.py:190} INFO - [2024-09-18T14:49:25.764+0000] {dag.py:3229} INFO - Sync 1 DAGs
[2024-09-18T14:49:25.768+0000] {logging_mixin.py:190} INFO - [2024-09-18T14:49:25.768+0000] {dag.py:3252} INFO - Creating ORM DAG for example_dynamic_task_mapping
[2024-09-18T14:49:25.768+0000] {logging_mixin.py:190} INFO - [2024-09-18T14:49:25.768+0000] {dag.py:4156} INFO - Setting next_dagrun for example_dynamic_task_mapping to None, run_after=None
[2024-09-18T14:49:25.772+0000] {processor.py:208} INFO - Processing /Users/omer/Desktop/MLOPS/7day/.env/lib/python3.11/site-packages/airflow/example_dags/example_dynamic_task_mapping.py took 0.100 seconds
[2024-09-18T14:51:04.661+0000] {processor.py:186} INFO - Started process (PID=94284) to work on /Users/omer/Desktop/MLOPS/7day/.env/lib/python3.11/site-packages/airflow/example_dags/example_dynamic_task_mapping.py
[2024-09-18T14:51:04.661+0000] {processor.py:914} INFO - Processing file /Users/omer/Desktop/MLOPS/7day/.env/lib/python3.11/site-packages/airflow/example_dags/example_dynamic_task_mapping.py for tasks to queue
[2024-09-18T14:51:04.661+0000] {logging_mixin.py:190} INFO - [2024-09-18T14:51:04.661+0000] {dagbag.py:587} INFO - Filling up the DagBag from /Users/omer/Desktop/MLOPS/7day/.env/lib/python3.11/site-packages/airflow/example_dags/example_dynamic_task_mapping.py
[2024-09-18T14:51:04.672+0000] {processor.py:925} INFO - DAG(s) 'example_dynamic_task_mapping' retrieved from /Users/omer/Desktop/MLOPS/7day/.env/lib/python3.11/site-packages/airflow/example_dags/example_dynamic_task_mapping.py
[2024-09-18T14:51:04.711+0000] {logging_mixin.py:190} INFO - [2024-09-18T14:51:04.710+0000] {dag.py:3229} INFO - Sync 1 DAGs
[2024-09-18T14:51:04.733+0000] {logging_mixin.py:190} INFO - [2024-09-18T14:51:04.733+0000] {dag.py:4156} INFO - Setting next_dagrun for example_dynamic_task_mapping to None, run_after=None
[2024-09-18T14:51:04.740+0000] {processor.py:208} INFO - Processing /Users/omer/Desktop/MLOPS/7day/.env/lib/python3.11/site-packages/airflow/example_dags/example_dynamic_task_mapping.py took 0.080 seconds
[2024-09-18T14:52:44.983+0000] {processor.py:186} INFO - Started process (PID=94500) to work on /Users/omer/Desktop/MLOPS/7day/.env/lib/python3.11/site-packages/airflow/example_dags/example_dynamic_task_mapping.py
[2024-09-18T14:52:44.983+0000] {processor.py:914} INFO - Processing file /Users/omer/Desktop/MLOPS/7day/.env/lib/python3.11/site-packages/airflow/example_dags/example_dynamic_task_mapping.py for tasks to queue
[2024-09-18T14:52:44.984+0000] {logging_mixin.py:190} INFO - [2024-09-18T14:52:44.984+0000] {dagbag.py:587} INFO - Filling up the DagBag from /Users/omer/Desktop/MLOPS/7day/.env/lib/python3.11/site-packages/airflow/example_dags/example_dynamic_task_mapping.py
[2024-09-18T14:52:44.994+0000] {processor.py:925} INFO - DAG(s) 'example_dynamic_task_mapping' retrieved from /Users/omer/Desktop/MLOPS/7day/.env/lib/python3.11/site-packages/airflow/example_dags/example_dynamic_task_mapping.py
[2024-09-18T14:52:45.021+0000] {logging_mixin.py:190} INFO - [2024-09-18T14:52:45.020+0000] {dag.py:3229} INFO - Sync 1 DAGs
[2024-09-18T14:52:45.043+0000] {logging_mixin.py:190} INFO - [2024-09-18T14:52:45.043+0000] {dag.py:4156} INFO - Setting next_dagrun for example_dynamic_task_mapping to None, run_after=None
[2024-09-18T14:52:45.049+0000] {processor.py:208} INFO - Processing /Users/omer/Desktop/MLOPS/7day/.env/lib/python3.11/site-packages/airflow/example_dags/example_dynamic_task_mapping.py took 0.067 seconds
[2024-09-18T14:54:25.032+0000] {processor.py:186} INFO - Started process (PID=94661) to work on /Users/omer/Desktop/MLOPS/7day/.env/lib/python3.11/site-packages/airflow/example_dags/example_dynamic_task_mapping.py
[2024-09-18T14:54:25.034+0000] {processor.py:914} INFO - Processing file /Users/omer/Desktop/MLOPS/7day/.env/lib/python3.11/site-packages/airflow/example_dags/example_dynamic_task_mapping.py for tasks to queue
[2024-09-18T14:54:25.034+0000] {logging_mixin.py:190} INFO - [2024-09-18T14:54:25.034+0000] {dagbag.py:587} INFO - Filling up the DagBag from /Users/omer/Desktop/MLOPS/7day/.env/lib/python3.11/site-packages/airflow/example_dags/example_dynamic_task_mapping.py
[2024-09-18T14:54:25.044+0000] {processor.py:925} INFO - DAG(s) 'example_dynamic_task_mapping' retrieved from /Users/omer/Desktop/MLOPS/7day/.env/lib/python3.11/site-packages/airflow/example_dags/example_dynamic_task_mapping.py
[2024-09-18T14:54:25.068+0000] {logging_mixin.py:190} INFO - [2024-09-18T14:54:25.068+0000] {dag.py:3229} INFO - Sync 1 DAGs
[2024-09-18T14:54:25.092+0000] {logging_mixin.py:190} INFO - [2024-09-18T14:54:25.092+0000] {dag.py:4156} INFO - Setting next_dagrun for example_dynamic_task_mapping to None, run_after=None
[2024-09-18T14:54:25.097+0000] {processor.py:208} INFO - Processing /Users/omer/Desktop/MLOPS/7day/.env/lib/python3.11/site-packages/airflow/example_dags/example_dynamic_task_mapping.py took 0.066 seconds
[2024-09-18T15:21:44.815+0000] {processor.py:186} INFO - Started process (PID=97200) to work on /Users/omer/Desktop/MLOPS/7day/.env/lib/python3.11/site-packages/airflow/example_dags/example_dynamic_task_mapping.py
[2024-09-18T15:21:44.816+0000] {processor.py:914} INFO - Processing file /Users/omer/Desktop/MLOPS/7day/.env/lib/python3.11/site-packages/airflow/example_dags/example_dynamic_task_mapping.py for tasks to queue
[2024-09-18T15:21:44.816+0000] {logging_mixin.py:190} INFO - [2024-09-18T15:21:44.816+0000] {dagbag.py:587} INFO - Filling up the DagBag from /Users/omer/Desktop/MLOPS/7day/.env/lib/python3.11/site-packages/airflow/example_dags/example_dynamic_task_mapping.py
[2024-09-18T15:21:44.826+0000] {processor.py:925} INFO - DAG(s) 'example_dynamic_task_mapping' retrieved from /Users/omer/Desktop/MLOPS/7day/.env/lib/python3.11/site-packages/airflow/example_dags/example_dynamic_task_mapping.py
[2024-09-18T15:21:44.850+0000] {logging_mixin.py:190} INFO - [2024-09-18T15:21:44.850+0000] {dag.py:3229} INFO - Sync 1 DAGs
[2024-09-18T15:21:44.873+0000] {logging_mixin.py:190} INFO - [2024-09-18T15:21:44.873+0000] {dag.py:4156} INFO - Setting next_dagrun for example_dynamic_task_mapping to None, run_after=None
[2024-09-18T15:21:44.878+0000] {processor.py:208} INFO - Processing /Users/omer/Desktop/MLOPS/7day/.env/lib/python3.11/site-packages/airflow/example_dags/example_dynamic_task_mapping.py took 0.064 seconds
[2024-09-18T15:23:22.793+0000] {processor.py:186} INFO - Started process (PID=97378) to work on /Users/omer/Desktop/MLOPS/7day/.env/lib/python3.11/site-packages/airflow/example_dags/example_dynamic_task_mapping.py
[2024-09-18T15:23:22.794+0000] {processor.py:914} INFO - Processing file /Users/omer/Desktop/MLOPS/7day/.env/lib/python3.11/site-packages/airflow/example_dags/example_dynamic_task_mapping.py for tasks to queue
[2024-09-18T15:23:22.794+0000] {logging_mixin.py:190} INFO - [2024-09-18T15:23:22.794+0000] {dagbag.py:587} INFO - Filling up the DagBag from /Users/omer/Desktop/MLOPS/7day/.env/lib/python3.11/site-packages/airflow/example_dags/example_dynamic_task_mapping.py
[2024-09-18T15:23:22.804+0000] {processor.py:925} INFO - DAG(s) 'example_dynamic_task_mapping' retrieved from /Users/omer/Desktop/MLOPS/7day/.env/lib/python3.11/site-packages/airflow/example_dags/example_dynamic_task_mapping.py
[2024-09-18T15:23:22.831+0000] {logging_mixin.py:190} INFO - [2024-09-18T15:23:22.831+0000] {dag.py:3229} INFO - Sync 1 DAGs
[2024-09-18T15:23:22.855+0000] {logging_mixin.py:190} INFO - [2024-09-18T15:23:22.855+0000] {dag.py:4156} INFO - Setting next_dagrun for example_dynamic_task_mapping to None, run_after=None
[2024-09-18T15:23:22.861+0000] {processor.py:208} INFO - Processing /Users/omer/Desktop/MLOPS/7day/.env/lib/python3.11/site-packages/airflow/example_dags/example_dynamic_task_mapping.py took 0.069 seconds
[2024-09-18T15:27:29.152+0000] {processor.py:186} INFO - Started process (PID=97829) to work on /Users/omer/Desktop/MLOPS/7day/.env/lib/python3.11/site-packages/airflow/example_dags/example_dynamic_task_mapping.py
[2024-09-18T15:27:29.153+0000] {processor.py:914} INFO - Processing file /Users/omer/Desktop/MLOPS/7day/.env/lib/python3.11/site-packages/airflow/example_dags/example_dynamic_task_mapping.py for tasks to queue
[2024-09-18T15:27:29.154+0000] {logging_mixin.py:190} INFO - [2024-09-18T15:27:29.154+0000] {dagbag.py:587} INFO - Filling up the DagBag from /Users/omer/Desktop/MLOPS/7day/.env/lib/python3.11/site-packages/airflow/example_dags/example_dynamic_task_mapping.py
[2024-09-18T15:27:29.164+0000] {processor.py:925} INFO - DAG(s) 'example_dynamic_task_mapping' retrieved from /Users/omer/Desktop/MLOPS/7day/.env/lib/python3.11/site-packages/airflow/example_dags/example_dynamic_task_mapping.py
[2024-09-18T15:27:29.189+0000] {logging_mixin.py:190} INFO - [2024-09-18T15:27:29.189+0000] {dag.py:3229} INFO - Sync 1 DAGs
[2024-09-18T15:27:29.211+0000] {logging_mixin.py:190} INFO - [2024-09-18T15:27:29.211+0000] {dag.py:4156} INFO - Setting next_dagrun for example_dynamic_task_mapping to None, run_after=None
[2024-09-18T15:27:29.217+0000] {processor.py:208} INFO - Processing /Users/omer/Desktop/MLOPS/7day/.env/lib/python3.11/site-packages/airflow/example_dags/example_dynamic_task_mapping.py took 0.065 seconds
[2024-09-18T15:29:09.842+0000] {processor.py:186} INFO - Started process (PID=98084) to work on /Users/omer/Desktop/MLOPS/7day/.env/lib/python3.11/site-packages/airflow/example_dags/example_dynamic_task_mapping.py
[2024-09-18T15:29:09.843+0000] {processor.py:914} INFO - Processing file /Users/omer/Desktop/MLOPS/7day/.env/lib/python3.11/site-packages/airflow/example_dags/example_dynamic_task_mapping.py for tasks to queue
[2024-09-18T15:29:09.843+0000] {logging_mixin.py:190} INFO - [2024-09-18T15:29:09.843+0000] {dagbag.py:587} INFO - Filling up the DagBag from /Users/omer/Desktop/MLOPS/7day/.env/lib/python3.11/site-packages/airflow/example_dags/example_dynamic_task_mapping.py
[2024-09-18T15:29:09.854+0000] {processor.py:925} INFO - DAG(s) 'example_dynamic_task_mapping' retrieved from /Users/omer/Desktop/MLOPS/7day/.env/lib/python3.11/site-packages/airflow/example_dags/example_dynamic_task_mapping.py
[2024-09-18T15:29:09.882+0000] {logging_mixin.py:190} INFO - [2024-09-18T15:29:09.882+0000] {dag.py:3229} INFO - Sync 1 DAGs
[2024-09-18T15:29:09.911+0000] {logging_mixin.py:190} INFO - [2024-09-18T15:29:09.911+0000] {dag.py:4156} INFO - Setting next_dagrun for example_dynamic_task_mapping to None, run_after=None
[2024-09-18T15:29:09.917+0000] {processor.py:208} INFO - Processing /Users/omer/Desktop/MLOPS/7day/.env/lib/python3.11/site-packages/airflow/example_dags/example_dynamic_task_mapping.py took 0.075 seconds
[2024-09-18T15:30:47.475+0000] {processor.py:186} INFO - Started process (PID=98366) to work on /Users/omer/Desktop/MLOPS/7day/.env/lib/python3.11/site-packages/airflow/example_dags/example_dynamic_task_mapping.py
[2024-09-18T15:30:47.476+0000] {processor.py:914} INFO - Processing file /Users/omer/Desktop/MLOPS/7day/.env/lib/python3.11/site-packages/airflow/example_dags/example_dynamic_task_mapping.py for tasks to queue
[2024-09-18T15:30:47.476+0000] {logging_mixin.py:190} INFO - [2024-09-18T15:30:47.476+0000] {dagbag.py:587} INFO - Filling up the DagBag from /Users/omer/Desktop/MLOPS/7day/.env/lib/python3.11/site-packages/airflow/example_dags/example_dynamic_task_mapping.py
[2024-09-18T15:30:47.488+0000] {processor.py:925} INFO - DAG(s) 'example_dynamic_task_mapping' retrieved from /Users/omer/Desktop/MLOPS/7day/.env/lib/python3.11/site-packages/airflow/example_dags/example_dynamic_task_mapping.py
[2024-09-18T15:30:47.514+0000] {logging_mixin.py:190} INFO - [2024-09-18T15:30:47.514+0000] {dag.py:3229} INFO - Sync 1 DAGs
[2024-09-18T15:30:47.537+0000] {logging_mixin.py:190} INFO - [2024-09-18T15:30:47.537+0000] {dag.py:4156} INFO - Setting next_dagrun for example_dynamic_task_mapping to None, run_after=None
[2024-09-18T15:30:47.542+0000] {processor.py:208} INFO - Processing /Users/omer/Desktop/MLOPS/7day/.env/lib/python3.11/site-packages/airflow/example_dags/example_dynamic_task_mapping.py took 0.068 seconds
[2024-09-18T15:32:25.481+0000] {processor.py:186} INFO - Started process (PID=98649) to work on /Users/omer/Desktop/MLOPS/7day/.env/lib/python3.11/site-packages/airflow/example_dags/example_dynamic_task_mapping.py
[2024-09-18T15:32:25.482+0000] {processor.py:914} INFO - Processing file /Users/omer/Desktop/MLOPS/7day/.env/lib/python3.11/site-packages/airflow/example_dags/example_dynamic_task_mapping.py for tasks to queue
[2024-09-18T15:32:25.483+0000] {logging_mixin.py:190} INFO - [2024-09-18T15:32:25.482+0000] {dagbag.py:587} INFO - Filling up the DagBag from /Users/omer/Desktop/MLOPS/7day/.env/lib/python3.11/site-packages/airflow/example_dags/example_dynamic_task_mapping.py
[2024-09-18T15:32:25.493+0000] {processor.py:925} INFO - DAG(s) 'example_dynamic_task_mapping' retrieved from /Users/omer/Desktop/MLOPS/7day/.env/lib/python3.11/site-packages/airflow/example_dags/example_dynamic_task_mapping.py
[2024-09-18T15:32:25.519+0000] {logging_mixin.py:190} INFO - [2024-09-18T15:32:25.519+0000] {dag.py:3229} INFO - Sync 1 DAGs
[2024-09-18T15:32:25.545+0000] {logging_mixin.py:190} INFO - [2024-09-18T15:32:25.545+0000] {dag.py:4156} INFO - Setting next_dagrun for example_dynamic_task_mapping to None, run_after=None
[2024-09-18T15:32:25.551+0000] {processor.py:208} INFO - Processing /Users/omer/Desktop/MLOPS/7day/.env/lib/python3.11/site-packages/airflow/example_dags/example_dynamic_task_mapping.py took 0.071 seconds
[2024-09-18T15:35:06.479+0000] {processor.py:186} INFO - Started process (PID=99030) to work on /Users/omer/Desktop/MLOPS/7day/.env/lib/python3.11/site-packages/airflow/example_dags/example_dynamic_task_mapping.py
[2024-09-18T15:35:06.480+0000] {processor.py:914} INFO - Processing file /Users/omer/Desktop/MLOPS/7day/.env/lib/python3.11/site-packages/airflow/example_dags/example_dynamic_task_mapping.py for tasks to queue
[2024-09-18T15:35:06.480+0000] {logging_mixin.py:190} INFO - [2024-09-18T15:35:06.480+0000] {dagbag.py:587} INFO - Filling up the DagBag from /Users/omer/Desktop/MLOPS/7day/.env/lib/python3.11/site-packages/airflow/example_dags/example_dynamic_task_mapping.py
[2024-09-18T15:35:06.490+0000] {processor.py:925} INFO - DAG(s) 'example_dynamic_task_mapping' retrieved from /Users/omer/Desktop/MLOPS/7day/.env/lib/python3.11/site-packages/airflow/example_dags/example_dynamic_task_mapping.py
[2024-09-18T15:35:06.516+0000] {logging_mixin.py:190} INFO - [2024-09-18T15:35:06.515+0000] {dag.py:3229} INFO - Sync 1 DAGs
[2024-09-18T15:35:06.538+0000] {logging_mixin.py:190} INFO - [2024-09-18T15:35:06.538+0000] {dag.py:4156} INFO - Setting next_dagrun for example_dynamic_task_mapping to None, run_after=None
[2024-09-18T15:35:06.544+0000] {processor.py:208} INFO - Processing /Users/omer/Desktop/MLOPS/7day/.env/lib/python3.11/site-packages/airflow/example_dags/example_dynamic_task_mapping.py took 0.065 seconds
