[2024-09-18T14:49:32.233+0000] {processor.py:186} INFO - Started process (PID=94037) to work on /Users/omer/Desktop/MLOPS/7day/.env/lib/python3.11/site-packages/airflow/example_dags/example_dag_decorator.py
[2024-09-18T14:49:32.233+0000] {processor.py:914} INFO - Processing file /Users/omer/Desktop/MLOPS/7day/.env/lib/python3.11/site-packages/airflow/example_dags/example_dag_decorator.py for tasks to queue
[2024-09-18T14:49:32.233+0000] {logging_mixin.py:190} INFO - [2024-09-18T14:49:32.233+0000] {dagbag.py:587} INFO - Filling up the DagBag from /Users/omer/Desktop/MLOPS/7day/.env/lib/python3.11/site-packages/airflow/example_dags/example_dag_decorator.py
[2024-09-18T14:49:32.316+0000] {processor.py:925} INFO - DAG(s) 'example_dag_decorator' retrieved from /Users/omer/Desktop/MLOPS/7day/.env/lib/python3.11/site-packages/airflow/example_dags/example_dag_decorator.py
[2024-09-18T14:49:32.362+0000] {logging_mixin.py:190} INFO - [2024-09-18T14:49:32.362+0000] {override.py:1900} INFO - Created Permission View: can read on DAG:example_dag_decorator
[2024-09-18T14:49:32.364+0000] {logging_mixin.py:190} INFO - [2024-09-18T14:49:32.364+0000] {override.py:1900} INFO - Created Permission View: can edit on DAG:example_dag_decorator
[2024-09-18T14:49:32.366+0000] {logging_mixin.py:190} INFO - [2024-09-18T14:49:32.366+0000] {override.py:1900} INFO - Created Permission View: can delete on DAG:example_dag_decorator
[2024-09-18T14:49:32.368+0000] {logging_mixin.py:190} INFO - [2024-09-18T14:49:32.368+0000] {override.py:1900} INFO - Created Permission View: can read on DAG Run:example_dag_decorator
[2024-09-18T14:49:32.369+0000] {logging_mixin.py:190} INFO - [2024-09-18T14:49:32.369+0000] {override.py:1900} INFO - Created Permission View: menu access on DAG Run:example_dag_decorator
[2024-09-18T14:49:32.370+0000] {logging_mixin.py:190} INFO - [2024-09-18T14:49:32.370+0000] {override.py:1900} INFO - Created Permission View: can delete on DAG Run:example_dag_decorator
[2024-09-18T14:49:32.372+0000] {logging_mixin.py:190} INFO - [2024-09-18T14:49:32.372+0000] {override.py:1900} INFO - Created Permission View: can create on DAG Run:example_dag_decorator
[2024-09-18T14:49:32.372+0000] {logging_mixin.py:190} INFO - [2024-09-18T14:49:32.372+0000] {dag.py:3229} INFO - Sync 1 DAGs
[2024-09-18T14:49:32.375+0000] {logging_mixin.py:190} INFO - [2024-09-18T14:49:32.375+0000] {dag.py:3252} INFO - Creating ORM DAG for example_dag_decorator
[2024-09-18T14:49:32.375+0000] {logging_mixin.py:190} INFO - [2024-09-18T14:49:32.375+0000] {dag.py:4156} INFO - Setting next_dagrun for example_dag_decorator to None, run_after=None
[2024-09-18T14:49:32.380+0000] {processor.py:208} INFO - Processing /Users/omer/Desktop/MLOPS/7day/.env/lib/python3.11/site-packages/airflow/example_dags/example_dag_decorator.py took 0.148 seconds
[2024-09-18T14:51:11.827+0000] {processor.py:186} INFO - Started process (PID=94294) to work on /Users/omer/Desktop/MLOPS/7day/.env/lib/python3.11/site-packages/airflow/example_dags/example_dag_decorator.py
[2024-09-18T14:51:11.828+0000] {processor.py:914} INFO - Processing file /Users/omer/Desktop/MLOPS/7day/.env/lib/python3.11/site-packages/airflow/example_dags/example_dag_decorator.py for tasks to queue
[2024-09-18T14:51:11.828+0000] {logging_mixin.py:190} INFO - [2024-09-18T14:51:11.828+0000] {dagbag.py:587} INFO - Filling up the DagBag from /Users/omer/Desktop/MLOPS/7day/.env/lib/python3.11/site-packages/airflow/example_dags/example_dag_decorator.py
[2024-09-18T14:51:11.915+0000] {processor.py:925} INFO - DAG(s) 'example_dag_decorator' retrieved from /Users/omer/Desktop/MLOPS/7day/.env/lib/python3.11/site-packages/airflow/example_dags/example_dag_decorator.py
[2024-09-18T14:51:11.976+0000] {logging_mixin.py:190} INFO - [2024-09-18T14:51:11.976+0000] {dag.py:3229} INFO - Sync 1 DAGs
[2024-09-18T14:51:11.979+0000] {logging_mixin.py:190} INFO - [2024-09-18T14:51:11.979+0000] {dag.py:4156} INFO - Setting next_dagrun for example_dag_decorator to None, run_after=None
[2024-09-18T14:51:11.985+0000] {processor.py:208} INFO - Processing /Users/omer/Desktop/MLOPS/7day/.env/lib/python3.11/site-packages/airflow/example_dags/example_dag_decorator.py took 0.159 seconds
[2024-09-18T14:52:52.423+0000] {processor.py:186} INFO - Started process (PID=94512) to work on /Users/omer/Desktop/MLOPS/7day/.env/lib/python3.11/site-packages/airflow/example_dags/example_dag_decorator.py
[2024-09-18T14:52:52.423+0000] {processor.py:914} INFO - Processing file /Users/omer/Desktop/MLOPS/7day/.env/lib/python3.11/site-packages/airflow/example_dags/example_dag_decorator.py for tasks to queue
[2024-09-18T14:52:52.424+0000] {logging_mixin.py:190} INFO - [2024-09-18T14:52:52.424+0000] {dagbag.py:587} INFO - Filling up the DagBag from /Users/omer/Desktop/MLOPS/7day/.env/lib/python3.11/site-packages/airflow/example_dags/example_dag_decorator.py
[2024-09-18T14:52:52.571+0000] {processor.py:925} INFO - DAG(s) 'example_dag_decorator' retrieved from /Users/omer/Desktop/MLOPS/7day/.env/lib/python3.11/site-packages/airflow/example_dags/example_dag_decorator.py
[2024-09-18T14:52:52.685+0000] {logging_mixin.py:190} INFO - [2024-09-18T14:52:52.685+0000] {dag.py:3229} INFO - Sync 1 DAGs
[2024-09-18T14:52:52.689+0000] {logging_mixin.py:190} INFO - [2024-09-18T14:52:52.688+0000] {dag.py:4156} INFO - Setting next_dagrun for example_dag_decorator to None, run_after=None
[2024-09-18T14:52:52.696+0000] {processor.py:208} INFO - Processing /Users/omer/Desktop/MLOPS/7day/.env/lib/python3.11/site-packages/airflow/example_dags/example_dag_decorator.py took 0.274 seconds
[2024-09-18T14:54:31.831+0000] {processor.py:186} INFO - Started process (PID=94679) to work on /Users/omer/Desktop/MLOPS/7day/.env/lib/python3.11/site-packages/airflow/example_dags/example_dag_decorator.py
[2024-09-18T14:54:31.833+0000] {processor.py:914} INFO - Processing file /Users/omer/Desktop/MLOPS/7day/.env/lib/python3.11/site-packages/airflow/example_dags/example_dag_decorator.py for tasks to queue
[2024-09-18T14:54:31.833+0000] {logging_mixin.py:190} INFO - [2024-09-18T14:54:31.833+0000] {dagbag.py:587} INFO - Filling up the DagBag from /Users/omer/Desktop/MLOPS/7day/.env/lib/python3.11/site-packages/airflow/example_dags/example_dag_decorator.py
[2024-09-18T14:54:31.923+0000] {processor.py:925} INFO - DAG(s) 'example_dag_decorator' retrieved from /Users/omer/Desktop/MLOPS/7day/.env/lib/python3.11/site-packages/airflow/example_dags/example_dag_decorator.py
[2024-09-18T14:54:31.983+0000] {logging_mixin.py:190} INFO - [2024-09-18T14:54:31.983+0000] {dag.py:3229} INFO - Sync 1 DAGs
[2024-09-18T14:54:31.986+0000] {logging_mixin.py:190} INFO - [2024-09-18T14:54:31.986+0000] {dag.py:4156} INFO - Setting next_dagrun for example_dag_decorator to None, run_after=None
[2024-09-18T14:54:31.992+0000] {processor.py:208} INFO - Processing /Users/omer/Desktop/MLOPS/7day/.env/lib/python3.11/site-packages/airflow/example_dags/example_dag_decorator.py took 0.161 seconds
[2024-09-18T15:21:51.470+0000] {processor.py:186} INFO - Started process (PID=97211) to work on /Users/omer/Desktop/MLOPS/7day/.env/lib/python3.11/site-packages/airflow/example_dags/example_dag_decorator.py
[2024-09-18T15:21:51.471+0000] {processor.py:914} INFO - Processing file /Users/omer/Desktop/MLOPS/7day/.env/lib/python3.11/site-packages/airflow/example_dags/example_dag_decorator.py for tasks to queue
[2024-09-18T15:21:51.472+0000] {logging_mixin.py:190} INFO - [2024-09-18T15:21:51.472+0000] {dagbag.py:587} INFO - Filling up the DagBag from /Users/omer/Desktop/MLOPS/7day/.env/lib/python3.11/site-packages/airflow/example_dags/example_dag_decorator.py
[2024-09-18T15:21:51.552+0000] {processor.py:925} INFO - DAG(s) 'example_dag_decorator' retrieved from /Users/omer/Desktop/MLOPS/7day/.env/lib/python3.11/site-packages/airflow/example_dags/example_dag_decorator.py
[2024-09-18T15:21:51.610+0000] {logging_mixin.py:190} INFO - [2024-09-18T15:21:51.610+0000] {dag.py:3229} INFO - Sync 1 DAGs
[2024-09-18T15:21:51.613+0000] {logging_mixin.py:190} INFO - [2024-09-18T15:21:51.613+0000] {dag.py:4156} INFO - Setting next_dagrun for example_dag_decorator to None, run_after=None
[2024-09-18T15:21:51.618+0000] {processor.py:208} INFO - Processing /Users/omer/Desktop/MLOPS/7day/.env/lib/python3.11/site-packages/airflow/example_dags/example_dag_decorator.py took 0.149 seconds
[2024-09-18T15:23:30.942+0000] {processor.py:186} INFO - Started process (PID=97387) to work on /Users/omer/Desktop/MLOPS/7day/.env/lib/python3.11/site-packages/airflow/example_dags/example_dag_decorator.py
[2024-09-18T15:23:30.942+0000] {processor.py:914} INFO - Processing file /Users/omer/Desktop/MLOPS/7day/.env/lib/python3.11/site-packages/airflow/example_dags/example_dag_decorator.py for tasks to queue
[2024-09-18T15:23:30.943+0000] {logging_mixin.py:190} INFO - [2024-09-18T15:23:30.943+0000] {dagbag.py:587} INFO - Filling up the DagBag from /Users/omer/Desktop/MLOPS/7day/.env/lib/python3.11/site-packages/airflow/example_dags/example_dag_decorator.py
[2024-09-18T15:23:31.029+0000] {processor.py:925} INFO - DAG(s) 'example_dag_decorator' retrieved from /Users/omer/Desktop/MLOPS/7day/.env/lib/python3.11/site-packages/airflow/example_dags/example_dag_decorator.py
[2024-09-18T15:23:31.091+0000] {logging_mixin.py:190} INFO - [2024-09-18T15:23:31.090+0000] {dag.py:3229} INFO - Sync 1 DAGs
[2024-09-18T15:23:31.094+0000] {logging_mixin.py:190} INFO - [2024-09-18T15:23:31.094+0000] {dag.py:4156} INFO - Setting next_dagrun for example_dag_decorator to None, run_after=None
[2024-09-18T15:23:31.100+0000] {processor.py:208} INFO - Processing /Users/omer/Desktop/MLOPS/7day/.env/lib/python3.11/site-packages/airflow/example_dags/example_dag_decorator.py took 0.159 seconds
[2024-09-18T15:27:35.514+0000] {processor.py:186} INFO - Started process (PID=97844) to work on /Users/omer/Desktop/MLOPS/7day/.env/lib/python3.11/site-packages/airflow/example_dags/example_dag_decorator.py
[2024-09-18T15:27:35.515+0000] {processor.py:914} INFO - Processing file /Users/omer/Desktop/MLOPS/7day/.env/lib/python3.11/site-packages/airflow/example_dags/example_dag_decorator.py for tasks to queue
[2024-09-18T15:27:35.515+0000] {logging_mixin.py:190} INFO - [2024-09-18T15:27:35.515+0000] {dagbag.py:587} INFO - Filling up the DagBag from /Users/omer/Desktop/MLOPS/7day/.env/lib/python3.11/site-packages/airflow/example_dags/example_dag_decorator.py
[2024-09-18T15:27:35.602+0000] {processor.py:925} INFO - DAG(s) 'example_dag_decorator' retrieved from /Users/omer/Desktop/MLOPS/7day/.env/lib/python3.11/site-packages/airflow/example_dags/example_dag_decorator.py
[2024-09-18T15:27:35.662+0000] {logging_mixin.py:190} INFO - [2024-09-18T15:27:35.662+0000] {dag.py:3229} INFO - Sync 1 DAGs
[2024-09-18T15:27:35.665+0000] {logging_mixin.py:190} INFO - [2024-09-18T15:27:35.665+0000] {dag.py:4156} INFO - Setting next_dagrun for example_dag_decorator to None, run_after=None
[2024-09-18T15:27:35.671+0000] {processor.py:208} INFO - Processing /Users/omer/Desktop/MLOPS/7day/.env/lib/python3.11/site-packages/airflow/example_dags/example_dag_decorator.py took 0.157 seconds
[2024-09-18T15:29:16.209+0000] {processor.py:186} INFO - Started process (PID=98110) to work on /Users/omer/Desktop/MLOPS/7day/.env/lib/python3.11/site-packages/airflow/example_dags/example_dag_decorator.py
[2024-09-18T15:29:16.210+0000] {processor.py:914} INFO - Processing file /Users/omer/Desktop/MLOPS/7day/.env/lib/python3.11/site-packages/airflow/example_dags/example_dag_decorator.py for tasks to queue
[2024-09-18T15:29:16.210+0000] {logging_mixin.py:190} INFO - [2024-09-18T15:29:16.210+0000] {dagbag.py:587} INFO - Filling up the DagBag from /Users/omer/Desktop/MLOPS/7day/.env/lib/python3.11/site-packages/airflow/example_dags/example_dag_decorator.py
[2024-09-18T15:29:16.295+0000] {processor.py:925} INFO - DAG(s) 'example_dag_decorator' retrieved from /Users/omer/Desktop/MLOPS/7day/.env/lib/python3.11/site-packages/airflow/example_dags/example_dag_decorator.py
[2024-09-18T15:29:16.353+0000] {logging_mixin.py:190} INFO - [2024-09-18T15:29:16.353+0000] {dag.py:3229} INFO - Sync 1 DAGs
[2024-09-18T15:29:16.356+0000] {logging_mixin.py:190} INFO - [2024-09-18T15:29:16.356+0000] {dag.py:4156} INFO - Setting next_dagrun for example_dag_decorator to None, run_after=None
[2024-09-18T15:29:16.361+0000] {processor.py:208} INFO - Processing /Users/omer/Desktop/MLOPS/7day/.env/lib/python3.11/site-packages/airflow/example_dags/example_dag_decorator.py took 0.153 seconds
[2024-09-18T15:30:54.714+0000] {processor.py:186} INFO - Started process (PID=98378) to work on /Users/omer/Desktop/MLOPS/7day/.env/lib/python3.11/site-packages/airflow/example_dags/example_dag_decorator.py
[2024-09-18T15:30:54.715+0000] {processor.py:914} INFO - Processing file /Users/omer/Desktop/MLOPS/7day/.env/lib/python3.11/site-packages/airflow/example_dags/example_dag_decorator.py for tasks to queue
[2024-09-18T15:30:54.715+0000] {logging_mixin.py:190} INFO - [2024-09-18T15:30:54.715+0000] {dagbag.py:587} INFO - Filling up the DagBag from /Users/omer/Desktop/MLOPS/7day/.env/lib/python3.11/site-packages/airflow/example_dags/example_dag_decorator.py
[2024-09-18T15:30:54.798+0000] {processor.py:925} INFO - DAG(s) 'example_dag_decorator' retrieved from /Users/omer/Desktop/MLOPS/7day/.env/lib/python3.11/site-packages/airflow/example_dags/example_dag_decorator.py
[2024-09-18T15:30:54.856+0000] {logging_mixin.py:190} INFO - [2024-09-18T15:30:54.856+0000] {dag.py:3229} INFO - Sync 1 DAGs
[2024-09-18T15:30:54.859+0000] {logging_mixin.py:190} INFO - [2024-09-18T15:30:54.858+0000] {dag.py:4156} INFO - Setting next_dagrun for example_dag_decorator to None, run_after=None
[2024-09-18T15:30:54.864+0000] {processor.py:208} INFO - Processing /Users/omer/Desktop/MLOPS/7day/.env/lib/python3.11/site-packages/airflow/example_dags/example_dag_decorator.py took 0.151 seconds
[2024-09-18T15:32:31.837+0000] {processor.py:186} INFO - Started process (PID=98664) to work on /Users/omer/Desktop/MLOPS/7day/.env/lib/python3.11/site-packages/airflow/example_dags/example_dag_decorator.py
[2024-09-18T15:32:31.839+0000] {processor.py:914} INFO - Processing file /Users/omer/Desktop/MLOPS/7day/.env/lib/python3.11/site-packages/airflow/example_dags/example_dag_decorator.py for tasks to queue
[2024-09-18T15:32:31.839+0000] {logging_mixin.py:190} INFO - [2024-09-18T15:32:31.839+0000] {dagbag.py:587} INFO - Filling up the DagBag from /Users/omer/Desktop/MLOPS/7day/.env/lib/python3.11/site-packages/airflow/example_dags/example_dag_decorator.py
[2024-09-18T15:32:31.924+0000] {processor.py:925} INFO - DAG(s) 'example_dag_decorator' retrieved from /Users/omer/Desktop/MLOPS/7day/.env/lib/python3.11/site-packages/airflow/example_dags/example_dag_decorator.py
[2024-09-18T15:32:31.986+0000] {logging_mixin.py:190} INFO - [2024-09-18T15:32:31.986+0000] {dag.py:3229} INFO - Sync 1 DAGs
[2024-09-18T15:32:31.989+0000] {logging_mixin.py:190} INFO - [2024-09-18T15:32:31.989+0000] {dag.py:4156} INFO - Setting next_dagrun for example_dag_decorator to None, run_after=None
[2024-09-18T15:32:31.994+0000] {processor.py:208} INFO - Processing /Users/omer/Desktop/MLOPS/7day/.env/lib/python3.11/site-packages/airflow/example_dags/example_dag_decorator.py took 0.158 seconds
[2024-09-18T15:35:12.781+0000] {processor.py:186} INFO - Started process (PID=99038) to work on /Users/omer/Desktop/MLOPS/7day/.env/lib/python3.11/site-packages/airflow/example_dags/example_dag_decorator.py
[2024-09-18T15:35:12.781+0000] {processor.py:914} INFO - Processing file /Users/omer/Desktop/MLOPS/7day/.env/lib/python3.11/site-packages/airflow/example_dags/example_dag_decorator.py for tasks to queue
[2024-09-18T15:35:12.782+0000] {logging_mixin.py:190} INFO - [2024-09-18T15:35:12.782+0000] {dagbag.py:587} INFO - Filling up the DagBag from /Users/omer/Desktop/MLOPS/7day/.env/lib/python3.11/site-packages/airflow/example_dags/example_dag_decorator.py
[2024-09-18T15:35:12.899+0000] {processor.py:925} INFO - DAG(s) 'example_dag_decorator' retrieved from /Users/omer/Desktop/MLOPS/7day/.env/lib/python3.11/site-packages/airflow/example_dags/example_dag_decorator.py
[2024-09-18T15:35:12.971+0000] {logging_mixin.py:190} INFO - [2024-09-18T15:35:12.970+0000] {dag.py:3229} INFO - Sync 1 DAGs
[2024-09-18T15:35:12.973+0000] {logging_mixin.py:190} INFO - [2024-09-18T15:35:12.973+0000] {dag.py:4156} INFO - Setting next_dagrun for example_dag_decorator to None, run_after=None
[2024-09-18T15:35:12.983+0000] {processor.py:208} INFO - Processing /Users/omer/Desktop/MLOPS/7day/.env/lib/python3.11/site-packages/airflow/example_dags/example_dag_decorator.py took 0.203 seconds
