[2024-09-18T14:48:47.523+0000] {processor.py:186} INFO - Started process (PID=93883) to work on /Users/omer/Desktop/MLOPS/7day/.env/lib/python3.11/site-packages/airflow/example_dags/example_time_delta_sensor_async.py
[2024-09-18T14:48:47.523+0000] {processor.py:914} INFO - Processing file /Users/omer/Desktop/MLOPS/7day/.env/lib/python3.11/site-packages/airflow/example_dags/example_time_delta_sensor_async.py for tasks to queue
[2024-09-18T14:48:47.524+0000] {logging_mixin.py:190} INFO - [2024-09-18T14:48:47.524+0000] {dagbag.py:587} INFO - Filling up the DagBag from /Users/omer/Desktop/MLOPS/7day/.env/lib/python3.11/site-packages/airflow/example_dags/example_time_delta_sensor_async.py
[2024-09-18T14:48:47.526+0000] {processor.py:925} INFO - DAG(s) 'example_time_delta_sensor_async' retrieved from /Users/omer/Desktop/MLOPS/7day/.env/lib/python3.11/site-packages/airflow/example_dags/example_time_delta_sensor_async.py
[2024-09-18T14:48:47.549+0000] {logging_mixin.py:190} INFO - [2024-09-18T14:48:47.549+0000] {workday.py:41} WARNING - Could not import pandas. Holidays will not be considered.
[2024-09-18T14:48:47.597+0000] {logging_mixin.py:190} INFO - [2024-09-18T14:48:47.597+0000] {override.py:1900} INFO - Created Permission View: can read on DAG:example_time_delta_sensor_async
[2024-09-18T14:48:47.599+0000] {logging_mixin.py:190} INFO - [2024-09-18T14:48:47.599+0000] {override.py:1900} INFO - Created Permission View: can delete on DAG:example_time_delta_sensor_async
[2024-09-18T14:48:47.601+0000] {logging_mixin.py:190} INFO - [2024-09-18T14:48:47.601+0000] {override.py:1900} INFO - Created Permission View: can edit on DAG:example_time_delta_sensor_async
[2024-09-18T14:48:47.603+0000] {logging_mixin.py:190} INFO - [2024-09-18T14:48:47.603+0000] {override.py:1900} INFO - Created Permission View: can read on DAG Run:example_time_delta_sensor_async
[2024-09-18T14:48:47.604+0000] {logging_mixin.py:190} INFO - [2024-09-18T14:48:47.604+0000] {override.py:1900} INFO - Created Permission View: can create on DAG Run:example_time_delta_sensor_async
[2024-09-18T14:48:47.606+0000] {logging_mixin.py:190} INFO - [2024-09-18T14:48:47.606+0000] {override.py:1900} INFO - Created Permission View: can delete on DAG Run:example_time_delta_sensor_async
[2024-09-18T14:48:47.607+0000] {logging_mixin.py:190} INFO - [2024-09-18T14:48:47.607+0000] {override.py:1900} INFO - Created Permission View: menu access on DAG Run:example_time_delta_sensor_async
[2024-09-18T14:48:47.607+0000] {logging_mixin.py:190} INFO - [2024-09-18T14:48:47.607+0000] {dag.py:3229} INFO - Sync 1 DAGs
[2024-09-18T14:48:47.610+0000] {logging_mixin.py:190} INFO - [2024-09-18T14:48:47.610+0000] {dag.py:3252} INFO - Creating ORM DAG for example_time_delta_sensor_async
[2024-09-18T14:48:47.611+0000] {logging_mixin.py:190} INFO - [2024-09-18T14:48:47.611+0000] {dag.py:4156} INFO - Setting next_dagrun for example_time_delta_sensor_async to None, run_after=None
[2024-09-18T14:48:47.615+0000] {processor.py:208} INFO - Processing /Users/omer/Desktop/MLOPS/7day/.env/lib/python3.11/site-packages/airflow/example_dags/example_time_delta_sensor_async.py took 0.092 seconds
[2024-09-18T14:50:08.552+0000] {processor.py:186} INFO - Started process (PID=94127) to work on /Users/omer/Desktop/MLOPS/7day/.env/lib/python3.11/site-packages/airflow/example_dags/example_time_delta_sensor_async.py
[2024-09-18T14:50:08.553+0000] {processor.py:914} INFO - Processing file /Users/omer/Desktop/MLOPS/7day/.env/lib/python3.11/site-packages/airflow/example_dags/example_time_delta_sensor_async.py for tasks to queue
[2024-09-18T14:50:08.554+0000] {logging_mixin.py:190} INFO - [2024-09-18T14:50:08.554+0000] {dagbag.py:587} INFO - Filling up the DagBag from /Users/omer/Desktop/MLOPS/7day/.env/lib/python3.11/site-packages/airflow/example_dags/example_time_delta_sensor_async.py
[2024-09-18T14:50:08.557+0000] {processor.py:925} INFO - DAG(s) 'example_time_delta_sensor_async' retrieved from /Users/omer/Desktop/MLOPS/7day/.env/lib/python3.11/site-packages/airflow/example_dags/example_time_delta_sensor_async.py
[2024-09-18T14:50:08.581+0000] {logging_mixin.py:190} INFO - [2024-09-18T14:50:08.581+0000] {workday.py:41} WARNING - Could not import pandas. Holidays will not be considered.
[2024-09-18T14:50:08.586+0000] {logging_mixin.py:190} INFO - [2024-09-18T14:50:08.586+0000] {dag.py:3229} INFO - Sync 1 DAGs
[2024-09-18T14:50:08.589+0000] {logging_mixin.py:190} INFO - [2024-09-18T14:50:08.589+0000] {dag.py:4156} INFO - Setting next_dagrun for example_time_delta_sensor_async to None, run_after=None
[2024-09-18T14:50:08.595+0000] {processor.py:208} INFO - Processing /Users/omer/Desktop/MLOPS/7day/.env/lib/python3.11/site-packages/airflow/example_dags/example_time_delta_sensor_async.py took 0.043 seconds
[2024-09-18T14:51:46.267+0000] {processor.py:186} INFO - Started process (PID=94384) to work on /Users/omer/Desktop/MLOPS/7day/.env/lib/python3.11/site-packages/airflow/example_dags/example_time_delta_sensor_async.py
[2024-09-18T14:51:46.268+0000] {processor.py:914} INFO - Processing file /Users/omer/Desktop/MLOPS/7day/.env/lib/python3.11/site-packages/airflow/example_dags/example_time_delta_sensor_async.py for tasks to queue
[2024-09-18T14:51:46.268+0000] {logging_mixin.py:190} INFO - [2024-09-18T14:51:46.268+0000] {dagbag.py:587} INFO - Filling up the DagBag from /Users/omer/Desktop/MLOPS/7day/.env/lib/python3.11/site-packages/airflow/example_dags/example_time_delta_sensor_async.py
[2024-09-18T14:51:46.272+0000] {processor.py:925} INFO - DAG(s) 'example_time_delta_sensor_async' retrieved from /Users/omer/Desktop/MLOPS/7day/.env/lib/python3.11/site-packages/airflow/example_dags/example_time_delta_sensor_async.py
[2024-09-18T14:51:46.297+0000] {logging_mixin.py:190} INFO - [2024-09-18T14:51:46.297+0000] {workday.py:41} WARNING - Could not import pandas. Holidays will not be considered.
[2024-09-18T14:51:46.303+0000] {logging_mixin.py:190} INFO - [2024-09-18T14:51:46.303+0000] {dag.py:3229} INFO - Sync 1 DAGs
[2024-09-18T14:51:46.306+0000] {logging_mixin.py:190} INFO - [2024-09-18T14:51:46.306+0000] {dag.py:4156} INFO - Setting next_dagrun for example_time_delta_sensor_async to None, run_after=None
[2024-09-18T14:51:46.311+0000] {processor.py:208} INFO - Processing /Users/omer/Desktop/MLOPS/7day/.env/lib/python3.11/site-packages/airflow/example_dags/example_time_delta_sensor_async.py took 0.045 seconds
[2024-09-18T14:53:27.340+0000] {processor.py:186} INFO - Started process (PID=94564) to work on /Users/omer/Desktop/MLOPS/7day/.env/lib/python3.11/site-packages/airflow/example_dags/example_time_delta_sensor_async.py
[2024-09-18T14:53:27.341+0000] {processor.py:914} INFO - Processing file /Users/omer/Desktop/MLOPS/7day/.env/lib/python3.11/site-packages/airflow/example_dags/example_time_delta_sensor_async.py for tasks to queue
[2024-09-18T14:53:27.341+0000] {logging_mixin.py:190} INFO - [2024-09-18T14:53:27.341+0000] {dagbag.py:587} INFO - Filling up the DagBag from /Users/omer/Desktop/MLOPS/7day/.env/lib/python3.11/site-packages/airflow/example_dags/example_time_delta_sensor_async.py
[2024-09-18T14:53:27.344+0000] {processor.py:925} INFO - DAG(s) 'example_time_delta_sensor_async' retrieved from /Users/omer/Desktop/MLOPS/7day/.env/lib/python3.11/site-packages/airflow/example_dags/example_time_delta_sensor_async.py
[2024-09-18T14:53:27.369+0000] {logging_mixin.py:190} INFO - [2024-09-18T14:53:27.369+0000] {workday.py:41} WARNING - Could not import pandas. Holidays will not be considered.
[2024-09-18T14:53:27.374+0000] {logging_mixin.py:190} INFO - [2024-09-18T14:53:27.374+0000] {dag.py:3229} INFO - Sync 1 DAGs
[2024-09-18T14:53:27.377+0000] {logging_mixin.py:190} INFO - [2024-09-18T14:53:27.377+0000] {dag.py:4156} INFO - Setting next_dagrun for example_time_delta_sensor_async to None, run_after=None
[2024-09-18T14:53:27.382+0000] {processor.py:208} INFO - Processing /Users/omer/Desktop/MLOPS/7day/.env/lib/python3.11/site-packages/airflow/example_dags/example_time_delta_sensor_async.py took 0.043 seconds
[2024-09-18T14:55:04.231+0000] {processor.py:186} INFO - Started process (PID=94761) to work on /Users/omer/Desktop/MLOPS/7day/.env/lib/python3.11/site-packages/airflow/example_dags/example_time_delta_sensor_async.py
[2024-09-18T14:55:04.232+0000] {processor.py:914} INFO - Processing file /Users/omer/Desktop/MLOPS/7day/.env/lib/python3.11/site-packages/airflow/example_dags/example_time_delta_sensor_async.py for tasks to queue
[2024-09-18T14:55:04.232+0000] {logging_mixin.py:190} INFO - [2024-09-18T14:55:04.232+0000] {dagbag.py:587} INFO - Filling up the DagBag from /Users/omer/Desktop/MLOPS/7day/.env/lib/python3.11/site-packages/airflow/example_dags/example_time_delta_sensor_async.py
[2024-09-18T14:55:04.235+0000] {processor.py:925} INFO - DAG(s) 'example_time_delta_sensor_async' retrieved from /Users/omer/Desktop/MLOPS/7day/.env/lib/python3.11/site-packages/airflow/example_dags/example_time_delta_sensor_async.py
[2024-09-18T14:55:04.259+0000] {logging_mixin.py:190} INFO - [2024-09-18T14:55:04.258+0000] {workday.py:41} WARNING - Could not import pandas. Holidays will not be considered.
[2024-09-18T14:55:04.264+0000] {logging_mixin.py:190} INFO - [2024-09-18T14:55:04.264+0000] {dag.py:3229} INFO - Sync 1 DAGs
[2024-09-18T14:55:04.267+0000] {logging_mixin.py:190} INFO - [2024-09-18T14:55:04.267+0000] {dag.py:4156} INFO - Setting next_dagrun for example_time_delta_sensor_async to None, run_after=None
[2024-09-18T14:55:04.274+0000] {processor.py:208} INFO - Processing /Users/omer/Desktop/MLOPS/7day/.env/lib/python3.11/site-packages/airflow/example_dags/example_time_delta_sensor_async.py took 0.044 seconds
[2024-09-18T15:21:07.881+0000] {processor.py:186} INFO - Started process (PID=97137) to work on /Users/omer/Desktop/MLOPS/7day/.env/lib/python3.11/site-packages/airflow/example_dags/example_time_delta_sensor_async.py
[2024-09-18T15:21:07.882+0000] {processor.py:914} INFO - Processing file /Users/omer/Desktop/MLOPS/7day/.env/lib/python3.11/site-packages/airflow/example_dags/example_time_delta_sensor_async.py for tasks to queue
[2024-09-18T15:21:07.882+0000] {logging_mixin.py:190} INFO - [2024-09-18T15:21:07.882+0000] {dagbag.py:587} INFO - Filling up the DagBag from /Users/omer/Desktop/MLOPS/7day/.env/lib/python3.11/site-packages/airflow/example_dags/example_time_delta_sensor_async.py
[2024-09-18T15:21:07.884+0000] {processor.py:925} INFO - DAG(s) 'example_time_delta_sensor_async' retrieved from /Users/omer/Desktop/MLOPS/7day/.env/lib/python3.11/site-packages/airflow/example_dags/example_time_delta_sensor_async.py
[2024-09-18T15:21:07.909+0000] {logging_mixin.py:190} INFO - [2024-09-18T15:21:07.909+0000] {workday.py:41} WARNING - Could not import pandas. Holidays will not be considered.
[2024-09-18T15:21:07.914+0000] {logging_mixin.py:190} INFO - [2024-09-18T15:21:07.914+0000] {dag.py:3229} INFO - Sync 1 DAGs
[2024-09-18T15:21:07.917+0000] {logging_mixin.py:190} INFO - [2024-09-18T15:21:07.917+0000] {dag.py:4156} INFO - Setting next_dagrun for example_time_delta_sensor_async to None, run_after=None
[2024-09-18T15:21:07.922+0000] {processor.py:208} INFO - Processing /Users/omer/Desktop/MLOPS/7day/.env/lib/python3.11/site-packages/airflow/example_dags/example_time_delta_sensor_async.py took 0.042 seconds
[2024-09-18T15:22:26.712+0000] {processor.py:186} INFO - Started process (PID=97272) to work on /Users/omer/Desktop/MLOPS/7day/.env/lib/python3.11/site-packages/airflow/example_dags/example_time_delta_sensor_async.py
[2024-09-18T15:22:26.713+0000] {processor.py:914} INFO - Processing file /Users/omer/Desktop/MLOPS/7day/.env/lib/python3.11/site-packages/airflow/example_dags/example_time_delta_sensor_async.py for tasks to queue
[2024-09-18T15:22:26.713+0000] {logging_mixin.py:190} INFO - [2024-09-18T15:22:26.713+0000] {dagbag.py:587} INFO - Filling up the DagBag from /Users/omer/Desktop/MLOPS/7day/.env/lib/python3.11/site-packages/airflow/example_dags/example_time_delta_sensor_async.py
[2024-09-18T15:22:26.716+0000] {processor.py:925} INFO - DAG(s) 'example_time_delta_sensor_async' retrieved from /Users/omer/Desktop/MLOPS/7day/.env/lib/python3.11/site-packages/airflow/example_dags/example_time_delta_sensor_async.py
[2024-09-18T15:22:26.741+0000] {logging_mixin.py:190} INFO - [2024-09-18T15:22:26.741+0000] {workday.py:41} WARNING - Could not import pandas. Holidays will not be considered.
[2024-09-18T15:22:26.747+0000] {logging_mixin.py:190} INFO - [2024-09-18T15:22:26.747+0000] {dag.py:3229} INFO - Sync 1 DAGs
[2024-09-18T15:22:26.750+0000] {logging_mixin.py:190} INFO - [2024-09-18T15:22:26.750+0000] {dag.py:4156} INFO - Setting next_dagrun for example_time_delta_sensor_async to None, run_after=None
[2024-09-18T15:22:26.756+0000] {processor.py:208} INFO - Processing /Users/omer/Desktop/MLOPS/7day/.env/lib/python3.11/site-packages/airflow/example_dags/example_time_delta_sensor_async.py took 0.045 seconds
[2024-09-18T15:25:30.617+0000] {processor.py:186} INFO - Started process (PID=97609) to work on /Users/omer/Desktop/MLOPS/7day/.env/lib/python3.11/site-packages/airflow/example_dags/example_time_delta_sensor_async.py
[2024-09-18T15:25:30.621+0000] {processor.py:914} INFO - Processing file /Users/omer/Desktop/MLOPS/7day/.env/lib/python3.11/site-packages/airflow/example_dags/example_time_delta_sensor_async.py for tasks to queue
[2024-09-18T15:25:30.621+0000] {logging_mixin.py:190} INFO - [2024-09-18T15:25:30.621+0000] {dagbag.py:587} INFO - Filling up the DagBag from /Users/omer/Desktop/MLOPS/7day/.env/lib/python3.11/site-packages/airflow/example_dags/example_time_delta_sensor_async.py
[2024-09-18T15:25:30.634+0000] {processor.py:925} INFO - DAG(s) 'example_time_delta_sensor_async' retrieved from /Users/omer/Desktop/MLOPS/7day/.env/lib/python3.11/site-packages/airflow/example_dags/example_time_delta_sensor_async.py
[2024-09-18T15:25:30.661+0000] {logging_mixin.py:190} INFO - [2024-09-18T15:25:30.660+0000] {workday.py:41} WARNING - Could not import pandas. Holidays will not be considered.
[2024-09-18T15:25:30.666+0000] {logging_mixin.py:190} INFO - [2024-09-18T15:25:30.666+0000] {dag.py:3229} INFO - Sync 1 DAGs
[2024-09-18T15:25:30.670+0000] {logging_mixin.py:190} INFO - [2024-09-18T15:25:30.670+0000] {dag.py:4156} INFO - Setting next_dagrun for example_time_delta_sensor_async to None, run_after=None
[2024-09-18T15:25:30.676+0000] {processor.py:208} INFO - Processing /Users/omer/Desktop/MLOPS/7day/.env/lib/python3.11/site-packages/airflow/example_dags/example_time_delta_sensor_async.py took 0.060 seconds
[2024-09-18T15:26:51.316+0000] {processor.py:186} INFO - Started process (PID=97762) to work on /Users/omer/Desktop/MLOPS/7day/.env/lib/python3.11/site-packages/airflow/example_dags/example_time_delta_sensor_async.py
[2024-09-18T15:26:51.316+0000] {processor.py:914} INFO - Processing file /Users/omer/Desktop/MLOPS/7day/.env/lib/python3.11/site-packages/airflow/example_dags/example_time_delta_sensor_async.py for tasks to queue
[2024-09-18T15:26:51.317+0000] {logging_mixin.py:190} INFO - [2024-09-18T15:26:51.317+0000] {dagbag.py:587} INFO - Filling up the DagBag from /Users/omer/Desktop/MLOPS/7day/.env/lib/python3.11/site-packages/airflow/example_dags/example_time_delta_sensor_async.py
[2024-09-18T15:26:51.319+0000] {processor.py:925} INFO - DAG(s) 'example_time_delta_sensor_async' retrieved from /Users/omer/Desktop/MLOPS/7day/.env/lib/python3.11/site-packages/airflow/example_dags/example_time_delta_sensor_async.py
[2024-09-18T15:26:51.345+0000] {logging_mixin.py:190} INFO - [2024-09-18T15:26:51.345+0000] {workday.py:41} WARNING - Could not import pandas. Holidays will not be considered.
[2024-09-18T15:26:51.351+0000] {logging_mixin.py:190} INFO - [2024-09-18T15:26:51.351+0000] {dag.py:3229} INFO - Sync 1 DAGs
[2024-09-18T15:26:51.355+0000] {logging_mixin.py:190} INFO - [2024-09-18T15:26:51.354+0000] {dag.py:4156} INFO - Setting next_dagrun for example_time_delta_sensor_async to None, run_after=None
[2024-09-18T15:26:51.360+0000] {processor.py:208} INFO - Processing /Users/omer/Desktop/MLOPS/7day/.env/lib/python3.11/site-packages/airflow/example_dags/example_time_delta_sensor_async.py took 0.045 seconds
[2024-09-18T15:28:11.965+0000] {processor.py:186} INFO - Started process (PID=97967) to work on /Users/omer/Desktop/MLOPS/7day/.env/lib/python3.11/site-packages/airflow/example_dags/example_time_delta_sensor_async.py
[2024-09-18T15:28:11.966+0000] {processor.py:914} INFO - Processing file /Users/omer/Desktop/MLOPS/7day/.env/lib/python3.11/site-packages/airflow/example_dags/example_time_delta_sensor_async.py for tasks to queue
[2024-09-18T15:28:11.967+0000] {logging_mixin.py:190} INFO - [2024-09-18T15:28:11.966+0000] {dagbag.py:587} INFO - Filling up the DagBag from /Users/omer/Desktop/MLOPS/7day/.env/lib/python3.11/site-packages/airflow/example_dags/example_time_delta_sensor_async.py
[2024-09-18T15:28:11.970+0000] {processor.py:925} INFO - DAG(s) 'example_time_delta_sensor_async' retrieved from /Users/omer/Desktop/MLOPS/7day/.env/lib/python3.11/site-packages/airflow/example_dags/example_time_delta_sensor_async.py
[2024-09-18T15:28:11.994+0000] {logging_mixin.py:190} INFO - [2024-09-18T15:28:11.994+0000] {workday.py:41} WARNING - Could not import pandas. Holidays will not be considered.
[2024-09-18T15:28:11.999+0000] {logging_mixin.py:190} INFO - [2024-09-18T15:28:11.999+0000] {dag.py:3229} INFO - Sync 1 DAGs
[2024-09-18T15:28:12.002+0000] {logging_mixin.py:190} INFO - [2024-09-18T15:28:12.002+0000] {dag.py:4156} INFO - Setting next_dagrun for example_time_delta_sensor_async to None, run_after=None
[2024-09-18T15:28:12.007+0000] {processor.py:208} INFO - Processing /Users/omer/Desktop/MLOPS/7day/.env/lib/python3.11/site-packages/airflow/example_dags/example_time_delta_sensor_async.py took 0.042 seconds
[2024-09-18T15:29:49.924+0000] {processor.py:186} INFO - Started process (PID=98199) to work on /Users/omer/Desktop/MLOPS/7day/.env/lib/python3.11/site-packages/airflow/example_dags/example_time_delta_sensor_async.py
[2024-09-18T15:29:49.925+0000] {processor.py:914} INFO - Processing file /Users/omer/Desktop/MLOPS/7day/.env/lib/python3.11/site-packages/airflow/example_dags/example_time_delta_sensor_async.py for tasks to queue
[2024-09-18T15:29:49.925+0000] {logging_mixin.py:190} INFO - [2024-09-18T15:29:49.925+0000] {dagbag.py:587} INFO - Filling up the DagBag from /Users/omer/Desktop/MLOPS/7day/.env/lib/python3.11/site-packages/airflow/example_dags/example_time_delta_sensor_async.py
[2024-09-18T15:29:49.928+0000] {processor.py:925} INFO - DAG(s) 'example_time_delta_sensor_async' retrieved from /Users/omer/Desktop/MLOPS/7day/.env/lib/python3.11/site-packages/airflow/example_dags/example_time_delta_sensor_async.py
[2024-09-18T15:29:49.952+0000] {logging_mixin.py:190} INFO - [2024-09-18T15:29:49.952+0000] {workday.py:41} WARNING - Could not import pandas. Holidays will not be considered.
[2024-09-18T15:29:49.957+0000] {logging_mixin.py:190} INFO - [2024-09-18T15:29:49.957+0000] {dag.py:3229} INFO - Sync 1 DAGs
[2024-09-18T15:29:49.960+0000] {logging_mixin.py:190} INFO - [2024-09-18T15:29:49.960+0000] {dag.py:4156} INFO - Setting next_dagrun for example_time_delta_sensor_async to None, run_after=None
[2024-09-18T15:29:49.965+0000] {processor.py:208} INFO - Processing /Users/omer/Desktop/MLOPS/7day/.env/lib/python3.11/site-packages/airflow/example_dags/example_time_delta_sensor_async.py took 0.042 seconds
[2024-09-18T15:31:26.564+0000] {processor.py:186} INFO - Started process (PID=98477) to work on /Users/omer/Desktop/MLOPS/7day/.env/lib/python3.11/site-packages/airflow/example_dags/example_time_delta_sensor_async.py
[2024-09-18T15:31:26.564+0000] {processor.py:914} INFO - Processing file /Users/omer/Desktop/MLOPS/7day/.env/lib/python3.11/site-packages/airflow/example_dags/example_time_delta_sensor_async.py for tasks to queue
[2024-09-18T15:31:26.564+0000] {logging_mixin.py:190} INFO - [2024-09-18T15:31:26.564+0000] {dagbag.py:587} INFO - Filling up the DagBag from /Users/omer/Desktop/MLOPS/7day/.env/lib/python3.11/site-packages/airflow/example_dags/example_time_delta_sensor_async.py
[2024-09-18T15:31:26.567+0000] {processor.py:925} INFO - DAG(s) 'example_time_delta_sensor_async' retrieved from /Users/omer/Desktop/MLOPS/7day/.env/lib/python3.11/site-packages/airflow/example_dags/example_time_delta_sensor_async.py
[2024-09-18T15:31:26.592+0000] {logging_mixin.py:190} INFO - [2024-09-18T15:31:26.592+0000] {workday.py:41} WARNING - Could not import pandas. Holidays will not be considered.
[2024-09-18T15:31:26.598+0000] {logging_mixin.py:190} INFO - [2024-09-18T15:31:26.597+0000] {dag.py:3229} INFO - Sync 1 DAGs
[2024-09-18T15:31:26.600+0000] {logging_mixin.py:190} INFO - [2024-09-18T15:31:26.600+0000] {dag.py:4156} INFO - Setting next_dagrun for example_time_delta_sensor_async to None, run_after=None
[2024-09-18T15:31:26.606+0000] {processor.py:208} INFO - Processing /Users/omer/Desktop/MLOPS/7day/.env/lib/python3.11/site-packages/airflow/example_dags/example_time_delta_sensor_async.py took 0.043 seconds
[2024-09-18T15:33:17.351+0000] {processor.py:186} INFO - Started process (PID=98786) to work on /Users/omer/Desktop/MLOPS/7day/.env/lib/python3.11/site-packages/airflow/example_dags/example_time_delta_sensor_async.py
[2024-09-18T15:33:17.352+0000] {processor.py:914} INFO - Processing file /Users/omer/Desktop/MLOPS/7day/.env/lib/python3.11/site-packages/airflow/example_dags/example_time_delta_sensor_async.py for tasks to queue
[2024-09-18T15:33:17.352+0000] {logging_mixin.py:190} INFO - [2024-09-18T15:33:17.352+0000] {dagbag.py:587} INFO - Filling up the DagBag from /Users/omer/Desktop/MLOPS/7day/.env/lib/python3.11/site-packages/airflow/example_dags/example_time_delta_sensor_async.py
[2024-09-18T15:33:17.354+0000] {processor.py:925} INFO - DAG(s) 'example_time_delta_sensor_async' retrieved from /Users/omer/Desktop/MLOPS/7day/.env/lib/python3.11/site-packages/airflow/example_dags/example_time_delta_sensor_async.py
[2024-09-18T15:33:17.378+0000] {logging_mixin.py:190} INFO - [2024-09-18T15:33:17.378+0000] {workday.py:41} WARNING - Could not import pandas. Holidays will not be considered.
[2024-09-18T15:33:17.384+0000] {logging_mixin.py:190} INFO - [2024-09-18T15:33:17.384+0000] {dag.py:3229} INFO - Sync 1 DAGs
[2024-09-18T15:33:17.387+0000] {logging_mixin.py:190} INFO - [2024-09-18T15:33:17.387+0000] {dag.py:4156} INFO - Setting next_dagrun for example_time_delta_sensor_async to None, run_after=None
[2024-09-18T15:33:17.392+0000] {processor.py:208} INFO - Processing /Users/omer/Desktop/MLOPS/7day/.env/lib/python3.11/site-packages/airflow/example_dags/example_time_delta_sensor_async.py took 0.041 seconds
[2024-09-18T15:34:28.377+0000] {processor.py:186} INFO - Started process (PID=98938) to work on /Users/omer/Desktop/MLOPS/7day/.env/lib/python3.11/site-packages/airflow/example_dags/example_time_delta_sensor_async.py
[2024-09-18T15:34:28.377+0000] {processor.py:914} INFO - Processing file /Users/omer/Desktop/MLOPS/7day/.env/lib/python3.11/site-packages/airflow/example_dags/example_time_delta_sensor_async.py for tasks to queue
[2024-09-18T15:34:28.377+0000] {logging_mixin.py:190} INFO - [2024-09-18T15:34:28.377+0000] {dagbag.py:587} INFO - Filling up the DagBag from /Users/omer/Desktop/MLOPS/7day/.env/lib/python3.11/site-packages/airflow/example_dags/example_time_delta_sensor_async.py
[2024-09-18T15:34:28.380+0000] {processor.py:925} INFO - DAG(s) 'example_time_delta_sensor_async' retrieved from /Users/omer/Desktop/MLOPS/7day/.env/lib/python3.11/site-packages/airflow/example_dags/example_time_delta_sensor_async.py
[2024-09-18T15:34:28.407+0000] {logging_mixin.py:190} INFO - [2024-09-18T15:34:28.407+0000] {workday.py:41} WARNING - Could not import pandas. Holidays will not be considered.
[2024-09-18T15:34:28.413+0000] {logging_mixin.py:190} INFO - [2024-09-18T15:34:28.413+0000] {dag.py:3229} INFO - Sync 1 DAGs
[2024-09-18T15:34:28.416+0000] {logging_mixin.py:190} INFO - [2024-09-18T15:34:28.416+0000] {dag.py:4156} INFO - Setting next_dagrun for example_time_delta_sensor_async to None, run_after=None
[2024-09-18T15:34:28.422+0000] {processor.py:208} INFO - Processing /Users/omer/Desktop/MLOPS/7day/.env/lib/python3.11/site-packages/airflow/example_dags/example_time_delta_sensor_async.py took 0.046 seconds
[2024-09-18T15:35:49.329+0000] {processor.py:186} INFO - Started process (PID=99104) to work on /Users/omer/Desktop/MLOPS/7day/.env/lib/python3.11/site-packages/airflow/example_dags/example_time_delta_sensor_async.py
[2024-09-18T15:35:49.330+0000] {processor.py:914} INFO - Processing file /Users/omer/Desktop/MLOPS/7day/.env/lib/python3.11/site-packages/airflow/example_dags/example_time_delta_sensor_async.py for tasks to queue
[2024-09-18T15:35:49.330+0000] {logging_mixin.py:190} INFO - [2024-09-18T15:35:49.330+0000] {dagbag.py:587} INFO - Filling up the DagBag from /Users/omer/Desktop/MLOPS/7day/.env/lib/python3.11/site-packages/airflow/example_dags/example_time_delta_sensor_async.py
[2024-09-18T15:35:49.333+0000] {processor.py:925} INFO - DAG(s) 'example_time_delta_sensor_async' retrieved from /Users/omer/Desktop/MLOPS/7day/.env/lib/python3.11/site-packages/airflow/example_dags/example_time_delta_sensor_async.py
[2024-09-18T15:35:49.358+0000] {logging_mixin.py:190} INFO - [2024-09-18T15:35:49.358+0000] {workday.py:41} WARNING - Could not import pandas. Holidays will not be considered.
[2024-09-18T15:35:49.364+0000] {logging_mixin.py:190} INFO - [2024-09-18T15:35:49.364+0000] {dag.py:3229} INFO - Sync 1 DAGs
[2024-09-18T15:35:49.367+0000] {logging_mixin.py:190} INFO - [2024-09-18T15:35:49.367+0000] {dag.py:4156} INFO - Setting next_dagrun for example_time_delta_sensor_async to None, run_after=None
[2024-09-18T15:35:49.372+0000] {processor.py:208} INFO - Processing /Users/omer/Desktop/MLOPS/7day/.env/lib/python3.11/site-packages/airflow/example_dags/example_time_delta_sensor_async.py took 0.043 seconds
