[2024-09-18T14:49:17.543+0000] {processor.py:186} INFO - Started process (PID=93981) to work on /Users/omer/Desktop/MLOPS/7day/.env/lib/python3.11/site-packages/airflow/example_dags/example_latest_only.py
[2024-09-18T14:49:17.543+0000] {processor.py:914} INFO - Processing file /Users/omer/Desktop/MLOPS/7day/.env/lib/python3.11/site-packages/airflow/example_dags/example_latest_only.py for tasks to queue
[2024-09-18T14:49:17.543+0000] {logging_mixin.py:190} INFO - [2024-09-18T14:49:17.543+0000] {dagbag.py:587} INFO - Filling up the DagBag from /Users/omer/Desktop/MLOPS/7day/.env/lib/python3.11/site-packages/airflow/example_dags/example_latest_only.py
[2024-09-18T14:49:17.546+0000] {processor.py:925} INFO - DAG(s) 'latest_only' retrieved from /Users/omer/Desktop/MLOPS/7day/.env/lib/python3.11/site-packages/airflow/example_dags/example_latest_only.py
[2024-09-18T14:49:17.613+0000] {logging_mixin.py:190} INFO - [2024-09-18T14:49:17.613+0000] {override.py:1900} INFO - Created Permission View: can read on DAG:latest_only
[2024-09-18T14:49:17.616+0000] {logging_mixin.py:190} INFO - [2024-09-18T14:49:17.616+0000] {override.py:1900} INFO - Created Permission View: can edit on DAG:latest_only
[2024-09-18T14:49:17.617+0000] {logging_mixin.py:190} INFO - [2024-09-18T14:49:17.617+0000] {override.py:1900} INFO - Created Permission View: can delete on DAG:latest_only
[2024-09-18T14:49:17.619+0000] {logging_mixin.py:190} INFO - [2024-09-18T14:49:17.619+0000] {override.py:1900} INFO - Created Permission View: can read on DAG Run:latest_only
[2024-09-18T14:49:17.621+0000] {logging_mixin.py:190} INFO - [2024-09-18T14:49:17.620+0000] {override.py:1900} INFO - Created Permission View: menu access on DAG Run:latest_only
[2024-09-18T14:49:17.622+0000] {logging_mixin.py:190} INFO - [2024-09-18T14:49:17.622+0000] {override.py:1900} INFO - Created Permission View: can delete on DAG Run:latest_only
[2024-09-18T14:49:17.624+0000] {logging_mixin.py:190} INFO - [2024-09-18T14:49:17.624+0000] {override.py:1900} INFO - Created Permission View: can create on DAG Run:latest_only
[2024-09-18T14:49:17.624+0000] {logging_mixin.py:190} INFO - [2024-09-18T14:49:17.624+0000] {dag.py:3229} INFO - Sync 1 DAGs
[2024-09-18T14:49:17.627+0000] {logging_mixin.py:190} INFO - [2024-09-18T14:49:17.627+0000] {dag.py:3252} INFO - Creating ORM DAG for latest_only
[2024-09-18T14:49:17.629+0000] {logging_mixin.py:190} INFO - [2024-09-18T14:49:17.629+0000] {dag.py:4156} INFO - Setting next_dagrun for latest_only to 2024-09-18 08:00:00+00:00, run_after=2024-09-18 12:00:00+00:00
[2024-09-18T14:49:17.633+0000] {processor.py:208} INFO - Processing /Users/omer/Desktop/MLOPS/7day/.env/lib/python3.11/site-packages/airflow/example_dags/example_latest_only.py took 0.091 seconds
[2024-09-18T14:50:57.403+0000] {processor.py:186} INFO - Started process (PID=94263) to work on /Users/omer/Desktop/MLOPS/7day/.env/lib/python3.11/site-packages/airflow/example_dags/example_latest_only.py
[2024-09-18T14:50:57.404+0000] {processor.py:914} INFO - Processing file /Users/omer/Desktop/MLOPS/7day/.env/lib/python3.11/site-packages/airflow/example_dags/example_latest_only.py for tasks to queue
[2024-09-18T14:50:57.404+0000] {logging_mixin.py:190} INFO - [2024-09-18T14:50:57.404+0000] {dagbag.py:587} INFO - Filling up the DagBag from /Users/omer/Desktop/MLOPS/7day/.env/lib/python3.11/site-packages/airflow/example_dags/example_latest_only.py
[2024-09-18T14:50:57.406+0000] {processor.py:925} INFO - DAG(s) 'latest_only' retrieved from /Users/omer/Desktop/MLOPS/7day/.env/lib/python3.11/site-packages/airflow/example_dags/example_latest_only.py
[2024-09-18T14:50:57.431+0000] {logging_mixin.py:190} INFO - [2024-09-18T14:50:57.431+0000] {dag.py:3229} INFO - Sync 1 DAGs
[2024-09-18T14:50:57.436+0000] {logging_mixin.py:190} INFO - [2024-09-18T14:50:57.436+0000] {dag.py:4156} INFO - Setting next_dagrun for latest_only to 2024-09-18 08:00:00+00:00, run_after=2024-09-18 12:00:00+00:00
[2024-09-18T14:50:57.440+0000] {processor.py:208} INFO - Processing /Users/omer/Desktop/MLOPS/7day/.env/lib/python3.11/site-packages/airflow/example_dags/example_latest_only.py took 0.039 seconds
[2024-09-18T14:52:37.697+0000] {processor.py:186} INFO - Started process (PID=94479) to work on /Users/omer/Desktop/MLOPS/7day/.env/lib/python3.11/site-packages/airflow/example_dags/example_latest_only.py
[2024-09-18T14:52:37.698+0000] {processor.py:914} INFO - Processing file /Users/omer/Desktop/MLOPS/7day/.env/lib/python3.11/site-packages/airflow/example_dags/example_latest_only.py for tasks to queue
[2024-09-18T14:52:37.698+0000] {logging_mixin.py:190} INFO - [2024-09-18T14:52:37.698+0000] {dagbag.py:587} INFO - Filling up the DagBag from /Users/omer/Desktop/MLOPS/7day/.env/lib/python3.11/site-packages/airflow/example_dags/example_latest_only.py
[2024-09-18T14:52:37.700+0000] {processor.py:925} INFO - DAG(s) 'latest_only' retrieved from /Users/omer/Desktop/MLOPS/7day/.env/lib/python3.11/site-packages/airflow/example_dags/example_latest_only.py
[2024-09-18T14:52:37.726+0000] {logging_mixin.py:190} INFO - [2024-09-18T14:52:37.726+0000] {dag.py:3229} INFO - Sync 1 DAGs
[2024-09-18T14:52:37.731+0000] {logging_mixin.py:190} INFO - [2024-09-18T14:52:37.731+0000] {dag.py:4156} INFO - Setting next_dagrun for latest_only to 2024-09-18 08:00:00+00:00, run_after=2024-09-18 12:00:00+00:00
[2024-09-18T14:52:37.736+0000] {processor.py:208} INFO - Processing /Users/omer/Desktop/MLOPS/7day/.env/lib/python3.11/site-packages/airflow/example_dags/example_latest_only.py took 0.039 seconds
[2024-09-18T14:54:17.958+0000] {processor.py:186} INFO - Started process (PID=94648) to work on /Users/omer/Desktop/MLOPS/7day/.env/lib/python3.11/site-packages/airflow/example_dags/example_latest_only.py
[2024-09-18T14:54:17.959+0000] {processor.py:914} INFO - Processing file /Users/omer/Desktop/MLOPS/7day/.env/lib/python3.11/site-packages/airflow/example_dags/example_latest_only.py for tasks to queue
[2024-09-18T14:54:17.959+0000] {logging_mixin.py:190} INFO - [2024-09-18T14:54:17.959+0000] {dagbag.py:587} INFO - Filling up the DagBag from /Users/omer/Desktop/MLOPS/7day/.env/lib/python3.11/site-packages/airflow/example_dags/example_latest_only.py
[2024-09-18T14:54:17.962+0000] {processor.py:925} INFO - DAG(s) 'latest_only' retrieved from /Users/omer/Desktop/MLOPS/7day/.env/lib/python3.11/site-packages/airflow/example_dags/example_latest_only.py
[2024-09-18T14:54:17.989+0000] {logging_mixin.py:190} INFO - [2024-09-18T14:54:17.989+0000] {dag.py:3229} INFO - Sync 1 DAGs
[2024-09-18T14:54:17.994+0000] {logging_mixin.py:190} INFO - [2024-09-18T14:54:17.994+0000] {dag.py:4156} INFO - Setting next_dagrun for latest_only to 2024-09-18 08:00:00+00:00, run_after=2024-09-18 12:00:00+00:00
[2024-09-18T14:54:17.999+0000] {processor.py:208} INFO - Processing /Users/omer/Desktop/MLOPS/7day/.env/lib/python3.11/site-packages/airflow/example_dags/example_latest_only.py took 0.042 seconds
[2024-09-18T15:21:37.680+0000] {processor.py:186} INFO - Started process (PID=97184) to work on /Users/omer/Desktop/MLOPS/7day/.env/lib/python3.11/site-packages/airflow/example_dags/example_latest_only.py
[2024-09-18T15:21:37.680+0000] {processor.py:914} INFO - Processing file /Users/omer/Desktop/MLOPS/7day/.env/lib/python3.11/site-packages/airflow/example_dags/example_latest_only.py for tasks to queue
[2024-09-18T15:21:37.681+0000] {logging_mixin.py:190} INFO - [2024-09-18T15:21:37.681+0000] {dagbag.py:587} INFO - Filling up the DagBag from /Users/omer/Desktop/MLOPS/7day/.env/lib/python3.11/site-packages/airflow/example_dags/example_latest_only.py
[2024-09-18T15:21:37.683+0000] {processor.py:925} INFO - DAG(s) 'latest_only' retrieved from /Users/omer/Desktop/MLOPS/7day/.env/lib/python3.11/site-packages/airflow/example_dags/example_latest_only.py
[2024-09-18T15:21:37.708+0000] {logging_mixin.py:190} INFO - [2024-09-18T15:21:37.708+0000] {dag.py:3229} INFO - Sync 1 DAGs
[2024-09-18T15:21:37.713+0000] {logging_mixin.py:190} INFO - [2024-09-18T15:21:37.713+0000] {dag.py:4156} INFO - Setting next_dagrun for latest_only to 2024-09-18 08:00:00+00:00, run_after=2024-09-18 12:00:00+00:00
[2024-09-18T15:21:37.718+0000] {processor.py:208} INFO - Processing /Users/omer/Desktop/MLOPS/7day/.env/lib/python3.11/site-packages/airflow/example_dags/example_latest_only.py took 0.039 seconds
[2024-09-18T15:23:16.297+0000] {processor.py:186} INFO - Started process (PID=97356) to work on /Users/omer/Desktop/MLOPS/7day/.env/lib/python3.11/site-packages/airflow/example_dags/example_latest_only.py
[2024-09-18T15:23:16.298+0000] {processor.py:914} INFO - Processing file /Users/omer/Desktop/MLOPS/7day/.env/lib/python3.11/site-packages/airflow/example_dags/example_latest_only.py for tasks to queue
[2024-09-18T15:23:16.298+0000] {logging_mixin.py:190} INFO - [2024-09-18T15:23:16.298+0000] {dagbag.py:587} INFO - Filling up the DagBag from /Users/omer/Desktop/MLOPS/7day/.env/lib/python3.11/site-packages/airflow/example_dags/example_latest_only.py
[2024-09-18T15:23:16.300+0000] {processor.py:925} INFO - DAG(s) 'latest_only' retrieved from /Users/omer/Desktop/MLOPS/7day/.env/lib/python3.11/site-packages/airflow/example_dags/example_latest_only.py
[2024-09-18T15:23:16.326+0000] {logging_mixin.py:190} INFO - [2024-09-18T15:23:16.326+0000] {dag.py:3229} INFO - Sync 1 DAGs
[2024-09-18T15:23:16.331+0000] {logging_mixin.py:190} INFO - [2024-09-18T15:23:16.331+0000] {dag.py:4156} INFO - Setting next_dagrun for latest_only to 2024-09-18 08:00:00+00:00, run_after=2024-09-18 12:00:00+00:00
[2024-09-18T15:23:16.336+0000] {processor.py:208} INFO - Processing /Users/omer/Desktop/MLOPS/7day/.env/lib/python3.11/site-packages/airflow/example_dags/example_latest_only.py took 0.040 seconds
[2024-09-18T15:27:21.873+0000] {processor.py:186} INFO - Started process (PID=97821) to work on /Users/omer/Desktop/MLOPS/7day/.env/lib/python3.11/site-packages/airflow/example_dags/example_latest_only.py
[2024-09-18T15:27:21.874+0000] {processor.py:914} INFO - Processing file /Users/omer/Desktop/MLOPS/7day/.env/lib/python3.11/site-packages/airflow/example_dags/example_latest_only.py for tasks to queue
[2024-09-18T15:27:21.874+0000] {logging_mixin.py:190} INFO - [2024-09-18T15:27:21.874+0000] {dagbag.py:587} INFO - Filling up the DagBag from /Users/omer/Desktop/MLOPS/7day/.env/lib/python3.11/site-packages/airflow/example_dags/example_latest_only.py
[2024-09-18T15:27:21.876+0000] {processor.py:925} INFO - DAG(s) 'latest_only' retrieved from /Users/omer/Desktop/MLOPS/7day/.env/lib/python3.11/site-packages/airflow/example_dags/example_latest_only.py
[2024-09-18T15:27:21.902+0000] {logging_mixin.py:190} INFO - [2024-09-18T15:27:21.902+0000] {dag.py:3229} INFO - Sync 1 DAGs
[2024-09-18T15:27:21.907+0000] {logging_mixin.py:190} INFO - [2024-09-18T15:27:21.906+0000] {dag.py:4156} INFO - Setting next_dagrun for latest_only to 2024-09-18 08:00:00+00:00, run_after=2024-09-18 12:00:00+00:00
[2024-09-18T15:27:21.912+0000] {processor.py:208} INFO - Processing /Users/omer/Desktop/MLOPS/7day/.env/lib/python3.11/site-packages/airflow/example_dags/example_latest_only.py took 0.040 seconds
[2024-09-18T15:29:02.486+0000] {processor.py:186} INFO - Started process (PID=98072) to work on /Users/omer/Desktop/MLOPS/7day/.env/lib/python3.11/site-packages/airflow/example_dags/example_latest_only.py
[2024-09-18T15:29:02.487+0000] {processor.py:914} INFO - Processing file /Users/omer/Desktop/MLOPS/7day/.env/lib/python3.11/site-packages/airflow/example_dags/example_latest_only.py for tasks to queue
[2024-09-18T15:29:02.487+0000] {logging_mixin.py:190} INFO - [2024-09-18T15:29:02.487+0000] {dagbag.py:587} INFO - Filling up the DagBag from /Users/omer/Desktop/MLOPS/7day/.env/lib/python3.11/site-packages/airflow/example_dags/example_latest_only.py
[2024-09-18T15:29:02.490+0000] {processor.py:925} INFO - DAG(s) 'latest_only' retrieved from /Users/omer/Desktop/MLOPS/7day/.env/lib/python3.11/site-packages/airflow/example_dags/example_latest_only.py
[2024-09-18T15:29:02.515+0000] {logging_mixin.py:190} INFO - [2024-09-18T15:29:02.515+0000] {dag.py:3229} INFO - Sync 1 DAGs
[2024-09-18T15:29:02.520+0000] {logging_mixin.py:190} INFO - [2024-09-18T15:29:02.520+0000] {dag.py:4156} INFO - Setting next_dagrun for latest_only to 2024-09-18 08:00:00+00:00, run_after=2024-09-18 12:00:00+00:00
[2024-09-18T15:29:02.525+0000] {processor.py:208} INFO - Processing /Users/omer/Desktop/MLOPS/7day/.env/lib/python3.11/site-packages/airflow/example_dags/example_latest_only.py took 0.039 seconds
[2024-09-18T15:30:40.435+0000] {processor.py:186} INFO - Started process (PID=98345) to work on /Users/omer/Desktop/MLOPS/7day/.env/lib/python3.11/site-packages/airflow/example_dags/example_latest_only.py
[2024-09-18T15:30:40.436+0000] {processor.py:914} INFO - Processing file /Users/omer/Desktop/MLOPS/7day/.env/lib/python3.11/site-packages/airflow/example_dags/example_latest_only.py for tasks to queue
[2024-09-18T15:30:40.436+0000] {logging_mixin.py:190} INFO - [2024-09-18T15:30:40.436+0000] {dagbag.py:587} INFO - Filling up the DagBag from /Users/omer/Desktop/MLOPS/7day/.env/lib/python3.11/site-packages/airflow/example_dags/example_latest_only.py
[2024-09-18T15:30:40.439+0000] {processor.py:925} INFO - DAG(s) 'latest_only' retrieved from /Users/omer/Desktop/MLOPS/7day/.env/lib/python3.11/site-packages/airflow/example_dags/example_latest_only.py
[2024-09-18T15:30:40.469+0000] {logging_mixin.py:190} INFO - [2024-09-18T15:30:40.469+0000] {dag.py:3229} INFO - Sync 1 DAGs
[2024-09-18T15:30:40.475+0000] {logging_mixin.py:190} INFO - [2024-09-18T15:30:40.475+0000] {dag.py:4156} INFO - Setting next_dagrun for latest_only to 2024-09-18 08:00:00+00:00, run_after=2024-09-18 12:00:00+00:00
[2024-09-18T15:30:40.480+0000] {processor.py:208} INFO - Processing /Users/omer/Desktop/MLOPS/7day/.env/lib/python3.11/site-packages/airflow/example_dags/example_latest_only.py took 0.046 seconds
[2024-09-18T15:32:18.276+0000] {processor.py:186} INFO - Started process (PID=98634) to work on /Users/omer/Desktop/MLOPS/7day/.env/lib/python3.11/site-packages/airflow/example_dags/example_latest_only.py
[2024-09-18T15:32:18.276+0000] {processor.py:914} INFO - Processing file /Users/omer/Desktop/MLOPS/7day/.env/lib/python3.11/site-packages/airflow/example_dags/example_latest_only.py for tasks to queue
[2024-09-18T15:32:18.277+0000] {logging_mixin.py:190} INFO - [2024-09-18T15:32:18.276+0000] {dagbag.py:587} INFO - Filling up the DagBag from /Users/omer/Desktop/MLOPS/7day/.env/lib/python3.11/site-packages/airflow/example_dags/example_latest_only.py
[2024-09-18T15:32:18.279+0000] {processor.py:925} INFO - DAG(s) 'latest_only' retrieved from /Users/omer/Desktop/MLOPS/7day/.env/lib/python3.11/site-packages/airflow/example_dags/example_latest_only.py
[2024-09-18T15:32:18.305+0000] {logging_mixin.py:190} INFO - [2024-09-18T15:32:18.305+0000] {dag.py:3229} INFO - Sync 1 DAGs
[2024-09-18T15:32:18.310+0000] {logging_mixin.py:190} INFO - [2024-09-18T15:32:18.310+0000] {dag.py:4156} INFO - Setting next_dagrun for latest_only to 2024-09-18 08:00:00+00:00, run_after=2024-09-18 12:00:00+00:00
[2024-09-18T15:32:18.314+0000] {processor.py:208} INFO - Processing /Users/omer/Desktop/MLOPS/7day/.env/lib/python3.11/site-packages/airflow/example_dags/example_latest_only.py took 0.039 seconds
[2024-09-18T15:34:58.602+0000] {processor.py:186} INFO - Started process (PID=99013) to work on /Users/omer/Desktop/MLOPS/7day/.env/lib/python3.11/site-packages/airflow/example_dags/example_latest_only.py
[2024-09-18T15:34:58.603+0000] {processor.py:914} INFO - Processing file /Users/omer/Desktop/MLOPS/7day/.env/lib/python3.11/site-packages/airflow/example_dags/example_latest_only.py for tasks to queue
[2024-09-18T15:34:58.603+0000] {logging_mixin.py:190} INFO - [2024-09-18T15:34:58.603+0000] {dagbag.py:587} INFO - Filling up the DagBag from /Users/omer/Desktop/MLOPS/7day/.env/lib/python3.11/site-packages/airflow/example_dags/example_latest_only.py
[2024-09-18T15:34:58.608+0000] {processor.py:925} INFO - DAG(s) 'latest_only' retrieved from /Users/omer/Desktop/MLOPS/7day/.env/lib/python3.11/site-packages/airflow/example_dags/example_latest_only.py
[2024-09-18T15:34:58.645+0000] {logging_mixin.py:190} INFO - [2024-09-18T15:34:58.645+0000] {dag.py:3229} INFO - Sync 1 DAGs
[2024-09-18T15:34:58.651+0000] {logging_mixin.py:190} INFO - [2024-09-18T15:34:58.651+0000] {dag.py:4156} INFO - Setting next_dagrun for latest_only to 2024-09-18 08:00:00+00:00, run_after=2024-09-18 12:00:00+00:00
[2024-09-18T15:34:58.661+0000] {processor.py:208} INFO - Processing /Users/omer/Desktop/MLOPS/7day/.env/lib/python3.11/site-packages/airflow/example_dags/example_latest_only.py took 0.061 seconds
