[2024-09-18T14:49:03.725+0000] {processor.py:186} INFO - Started process (PID=93928) to work on /Users/omer/Desktop/MLOPS/7day/.env/lib/python3.11/site-packages/airflow/example_dags/example_sensor_decorator.py
[2024-09-18T14:49:03.725+0000] {processor.py:914} INFO - Processing file /Users/omer/Desktop/MLOPS/7day/.env/lib/python3.11/site-packages/airflow/example_dags/example_sensor_decorator.py for tasks to queue
[2024-09-18T14:49:03.725+0000] {logging_mixin.py:190} INFO - [2024-09-18T14:49:03.725+0000] {dagbag.py:587} INFO - Filling up the DagBag from /Users/omer/Desktop/MLOPS/7day/.env/lib/python3.11/site-packages/airflow/example_dags/example_sensor_decorator.py
[2024-09-18T14:49:03.735+0000] {processor.py:925} INFO - DAG(s) 'example_sensor_decorator' retrieved from /Users/omer/Desktop/MLOPS/7day/.env/lib/python3.11/site-packages/airflow/example_dags/example_sensor_decorator.py
[2024-09-18T14:49:03.760+0000] {logging_mixin.py:190} INFO - [2024-09-18T14:49:03.760+0000] {workday.py:41} WARNING - Could not import pandas. Holidays will not be considered.
[2024-09-18T14:49:03.810+0000] {logging_mixin.py:190} INFO - [2024-09-18T14:49:03.809+0000] {override.py:1900} INFO - Created Permission View: can read on DAG:example_sensor_decorator
[2024-09-18T14:49:03.812+0000] {logging_mixin.py:190} INFO - [2024-09-18T14:49:03.812+0000] {override.py:1900} INFO - Created Permission View: can edit on DAG:example_sensor_decorator
[2024-09-18T14:49:03.814+0000] {logging_mixin.py:190} INFO - [2024-09-18T14:49:03.813+0000] {override.py:1900} INFO - Created Permission View: can delete on DAG:example_sensor_decorator
[2024-09-18T14:49:03.816+0000] {logging_mixin.py:190} INFO - [2024-09-18T14:49:03.815+0000] {override.py:1900} INFO - Created Permission View: menu access on DAG Run:example_sensor_decorator
[2024-09-18T14:49:03.817+0000] {logging_mixin.py:190} INFO - [2024-09-18T14:49:03.817+0000] {override.py:1900} INFO - Created Permission View: can read on DAG Run:example_sensor_decorator
[2024-09-18T14:49:03.819+0000] {logging_mixin.py:190} INFO - [2024-09-18T14:49:03.818+0000] {override.py:1900} INFO - Created Permission View: can delete on DAG Run:example_sensor_decorator
[2024-09-18T14:49:03.820+0000] {logging_mixin.py:190} INFO - [2024-09-18T14:49:03.820+0000] {override.py:1900} INFO - Created Permission View: can create on DAG Run:example_sensor_decorator
[2024-09-18T14:49:03.820+0000] {logging_mixin.py:190} INFO - [2024-09-18T14:49:03.820+0000] {dag.py:3229} INFO - Sync 1 DAGs
[2024-09-18T14:49:03.823+0000] {logging_mixin.py:190} INFO - [2024-09-18T14:49:03.823+0000] {dag.py:3252} INFO - Creating ORM DAG for example_sensor_decorator
[2024-09-18T14:49:03.823+0000] {logging_mixin.py:190} INFO - [2024-09-18T14:49:03.823+0000] {dag.py:4156} INFO - Setting next_dagrun for example_sensor_decorator to None, run_after=None
[2024-09-18T14:49:03.827+0000] {processor.py:208} INFO - Processing /Users/omer/Desktop/MLOPS/7day/.env/lib/python3.11/site-packages/airflow/example_dags/example_sensor_decorator.py took 0.104 seconds
[2024-09-18T14:50:23.790+0000] {processor.py:186} INFO - Started process (PID=94191) to work on /Users/omer/Desktop/MLOPS/7day/.env/lib/python3.11/site-packages/airflow/example_dags/example_sensor_decorator.py
[2024-09-18T14:50:23.791+0000] {processor.py:914} INFO - Processing file /Users/omer/Desktop/MLOPS/7day/.env/lib/python3.11/site-packages/airflow/example_dags/example_sensor_decorator.py for tasks to queue
[2024-09-18T14:50:23.791+0000] {logging_mixin.py:190} INFO - [2024-09-18T14:50:23.791+0000] {dagbag.py:587} INFO - Filling up the DagBag from /Users/omer/Desktop/MLOPS/7day/.env/lib/python3.11/site-packages/airflow/example_dags/example_sensor_decorator.py
[2024-09-18T14:50:23.800+0000] {processor.py:925} INFO - DAG(s) 'example_sensor_decorator' retrieved from /Users/omer/Desktop/MLOPS/7day/.env/lib/python3.11/site-packages/airflow/example_dags/example_sensor_decorator.py
[2024-09-18T14:50:23.823+0000] {logging_mixin.py:190} INFO - [2024-09-18T14:50:23.822+0000] {workday.py:41} WARNING - Could not import pandas. Holidays will not be considered.
[2024-09-18T14:50:23.828+0000] {logging_mixin.py:190} INFO - [2024-09-18T14:50:23.828+0000] {dag.py:3229} INFO - Sync 1 DAGs
[2024-09-18T14:50:23.850+0000] {logging_mixin.py:190} INFO - [2024-09-18T14:50:23.850+0000] {dag.py:4156} INFO - Setting next_dagrun for example_sensor_decorator to None, run_after=None
[2024-09-18T14:50:23.856+0000] {processor.py:208} INFO - Processing /Users/omer/Desktop/MLOPS/7day/.env/lib/python3.11/site-packages/airflow/example_dags/example_sensor_decorator.py took 0.067 seconds
[2024-09-18T14:52:01.935+0000] {processor.py:186} INFO - Started process (PID=94417) to work on /Users/omer/Desktop/MLOPS/7day/.env/lib/python3.11/site-packages/airflow/example_dags/example_sensor_decorator.py
[2024-09-18T14:52:01.936+0000] {processor.py:914} INFO - Processing file /Users/omer/Desktop/MLOPS/7day/.env/lib/python3.11/site-packages/airflow/example_dags/example_sensor_decorator.py for tasks to queue
[2024-09-18T14:52:01.936+0000] {logging_mixin.py:190} INFO - [2024-09-18T14:52:01.936+0000] {dagbag.py:587} INFO - Filling up the DagBag from /Users/omer/Desktop/MLOPS/7day/.env/lib/python3.11/site-packages/airflow/example_dags/example_sensor_decorator.py
[2024-09-18T14:52:01.946+0000] {processor.py:925} INFO - DAG(s) 'example_sensor_decorator' retrieved from /Users/omer/Desktop/MLOPS/7day/.env/lib/python3.11/site-packages/airflow/example_dags/example_sensor_decorator.py
[2024-09-18T14:52:01.969+0000] {logging_mixin.py:190} INFO - [2024-09-18T14:52:01.969+0000] {workday.py:41} WARNING - Could not import pandas. Holidays will not be considered.
[2024-09-18T14:52:01.974+0000] {logging_mixin.py:190} INFO - [2024-09-18T14:52:01.974+0000] {dag.py:3229} INFO - Sync 1 DAGs
[2024-09-18T14:52:01.997+0000] {logging_mixin.py:190} INFO - [2024-09-18T14:52:01.997+0000] {dag.py:4156} INFO - Setting next_dagrun for example_sensor_decorator to None, run_after=None
[2024-09-18T14:52:02.003+0000] {processor.py:208} INFO - Processing /Users/omer/Desktop/MLOPS/7day/.env/lib/python3.11/site-packages/airflow/example_dags/example_sensor_decorator.py took 0.069 seconds
[2024-09-18T14:53:42.627+0000] {processor.py:186} INFO - Started process (PID=94581) to work on /Users/omer/Desktop/MLOPS/7day/.env/lib/python3.11/site-packages/airflow/example_dags/example_sensor_decorator.py
[2024-09-18T14:53:42.628+0000] {processor.py:914} INFO - Processing file /Users/omer/Desktop/MLOPS/7day/.env/lib/python3.11/site-packages/airflow/example_dags/example_sensor_decorator.py for tasks to queue
[2024-09-18T14:53:42.628+0000] {logging_mixin.py:190} INFO - [2024-09-18T14:53:42.628+0000] {dagbag.py:587} INFO - Filling up the DagBag from /Users/omer/Desktop/MLOPS/7day/.env/lib/python3.11/site-packages/airflow/example_dags/example_sensor_decorator.py
[2024-09-18T14:53:42.638+0000] {processor.py:925} INFO - DAG(s) 'example_sensor_decorator' retrieved from /Users/omer/Desktop/MLOPS/7day/.env/lib/python3.11/site-packages/airflow/example_dags/example_sensor_decorator.py
[2024-09-18T14:53:42.661+0000] {logging_mixin.py:190} INFO - [2024-09-18T14:53:42.661+0000] {workday.py:41} WARNING - Could not import pandas. Holidays will not be considered.
[2024-09-18T14:53:42.666+0000] {logging_mixin.py:190} INFO - [2024-09-18T14:53:42.666+0000] {dag.py:3229} INFO - Sync 1 DAGs
[2024-09-18T14:53:42.688+0000] {logging_mixin.py:190} INFO - [2024-09-18T14:53:42.688+0000] {dag.py:4156} INFO - Setting next_dagrun for example_sensor_decorator to None, run_after=None
[2024-09-18T14:53:42.694+0000] {processor.py:208} INFO - Processing /Users/omer/Desktop/MLOPS/7day/.env/lib/python3.11/site-packages/airflow/example_dags/example_sensor_decorator.py took 0.068 seconds
[2024-09-18T15:21:23.929+0000] {processor.py:186} INFO - Started process (PID=97162) to work on /Users/omer/Desktop/MLOPS/7day/.env/lib/python3.11/site-packages/airflow/example_dags/example_sensor_decorator.py
[2024-09-18T15:21:23.929+0000] {processor.py:914} INFO - Processing file /Users/omer/Desktop/MLOPS/7day/.env/lib/python3.11/site-packages/airflow/example_dags/example_sensor_decorator.py for tasks to queue
[2024-09-18T15:21:23.930+0000] {logging_mixin.py:190} INFO - [2024-09-18T15:21:23.930+0000] {dagbag.py:587} INFO - Filling up the DagBag from /Users/omer/Desktop/MLOPS/7day/.env/lib/python3.11/site-packages/airflow/example_dags/example_sensor_decorator.py
[2024-09-18T15:21:23.940+0000] {processor.py:925} INFO - DAG(s) 'example_sensor_decorator' retrieved from /Users/omer/Desktop/MLOPS/7day/.env/lib/python3.11/site-packages/airflow/example_dags/example_sensor_decorator.py
[2024-09-18T15:21:23.963+0000] {logging_mixin.py:190} INFO - [2024-09-18T15:21:23.963+0000] {workday.py:41} WARNING - Could not import pandas. Holidays will not be considered.
[2024-09-18T15:21:23.969+0000] {logging_mixin.py:190} INFO - [2024-09-18T15:21:23.968+0000] {dag.py:3229} INFO - Sync 1 DAGs
[2024-09-18T15:21:23.992+0000] {logging_mixin.py:190} INFO - [2024-09-18T15:21:23.992+0000] {dag.py:4156} INFO - Setting next_dagrun for example_sensor_decorator to None, run_after=None
[2024-09-18T15:21:23.998+0000] {processor.py:208} INFO - Processing /Users/omer/Desktop/MLOPS/7day/.env/lib/python3.11/site-packages/airflow/example_dags/example_sensor_decorator.py took 0.070 seconds
[2024-09-18T15:22:42.943+0000] {processor.py:186} INFO - Started process (PID=97300) to work on /Users/omer/Desktop/MLOPS/7day/.env/lib/python3.11/site-packages/airflow/example_dags/example_sensor_decorator.py
[2024-09-18T15:22:42.944+0000] {processor.py:914} INFO - Processing file /Users/omer/Desktop/MLOPS/7day/.env/lib/python3.11/site-packages/airflow/example_dags/example_sensor_decorator.py for tasks to queue
[2024-09-18T15:22:42.944+0000] {logging_mixin.py:190} INFO - [2024-09-18T15:22:42.944+0000] {dagbag.py:587} INFO - Filling up the DagBag from /Users/omer/Desktop/MLOPS/7day/.env/lib/python3.11/site-packages/airflow/example_dags/example_sensor_decorator.py
[2024-09-18T15:22:42.956+0000] {processor.py:925} INFO - DAG(s) 'example_sensor_decorator' retrieved from /Users/omer/Desktop/MLOPS/7day/.env/lib/python3.11/site-packages/airflow/example_dags/example_sensor_decorator.py
[2024-09-18T15:22:42.982+0000] {logging_mixin.py:190} INFO - [2024-09-18T15:22:42.982+0000] {workday.py:41} WARNING - Could not import pandas. Holidays will not be considered.
[2024-09-18T15:22:42.988+0000] {logging_mixin.py:190} INFO - [2024-09-18T15:22:42.988+0000] {dag.py:3229} INFO - Sync 1 DAGs
[2024-09-18T15:22:43.020+0000] {logging_mixin.py:190} INFO - [2024-09-18T15:22:43.019+0000] {dag.py:4156} INFO - Setting next_dagrun for example_sensor_decorator to None, run_after=None
[2024-09-18T15:22:43.026+0000] {processor.py:208} INFO - Processing /Users/omer/Desktop/MLOPS/7day/.env/lib/python3.11/site-packages/airflow/example_dags/example_sensor_decorator.py took 0.084 seconds
[2024-09-18T15:25:46.597+0000] {processor.py:186} INFO - Started process (PID=97634) to work on /Users/omer/Desktop/MLOPS/7day/.env/lib/python3.11/site-packages/airflow/example_dags/example_sensor_decorator.py
[2024-09-18T15:25:46.598+0000] {processor.py:914} INFO - Processing file /Users/omer/Desktop/MLOPS/7day/.env/lib/python3.11/site-packages/airflow/example_dags/example_sensor_decorator.py for tasks to queue
[2024-09-18T15:25:46.598+0000] {logging_mixin.py:190} INFO - [2024-09-18T15:25:46.598+0000] {dagbag.py:587} INFO - Filling up the DagBag from /Users/omer/Desktop/MLOPS/7day/.env/lib/python3.11/site-packages/airflow/example_dags/example_sensor_decorator.py
[2024-09-18T15:25:46.609+0000] {processor.py:925} INFO - DAG(s) 'example_sensor_decorator' retrieved from /Users/omer/Desktop/MLOPS/7day/.env/lib/python3.11/site-packages/airflow/example_dags/example_sensor_decorator.py
[2024-09-18T15:25:46.632+0000] {logging_mixin.py:190} INFO - [2024-09-18T15:25:46.632+0000] {workday.py:41} WARNING - Could not import pandas. Holidays will not be considered.
[2024-09-18T15:25:46.638+0000] {logging_mixin.py:190} INFO - [2024-09-18T15:25:46.638+0000] {dag.py:3229} INFO - Sync 1 DAGs
[2024-09-18T15:25:46.662+0000] {logging_mixin.py:190} INFO - [2024-09-18T15:25:46.662+0000] {dag.py:4156} INFO - Setting next_dagrun for example_sensor_decorator to None, run_after=None
[2024-09-18T15:25:46.667+0000] {processor.py:208} INFO - Processing /Users/omer/Desktop/MLOPS/7day/.env/lib/python3.11/site-packages/airflow/example_dags/example_sensor_decorator.py took 0.071 seconds
[2024-09-18T15:27:07.100+0000] {processor.py:186} INFO - Started process (PID=97796) to work on /Users/omer/Desktop/MLOPS/7day/.env/lib/python3.11/site-packages/airflow/example_dags/example_sensor_decorator.py
[2024-09-18T15:27:07.101+0000] {processor.py:914} INFO - Processing file /Users/omer/Desktop/MLOPS/7day/.env/lib/python3.11/site-packages/airflow/example_dags/example_sensor_decorator.py for tasks to queue
[2024-09-18T15:27:07.101+0000] {logging_mixin.py:190} INFO - [2024-09-18T15:27:07.101+0000] {dagbag.py:587} INFO - Filling up the DagBag from /Users/omer/Desktop/MLOPS/7day/.env/lib/python3.11/site-packages/airflow/example_dags/example_sensor_decorator.py
[2024-09-18T15:27:07.112+0000] {processor.py:925} INFO - DAG(s) 'example_sensor_decorator' retrieved from /Users/omer/Desktop/MLOPS/7day/.env/lib/python3.11/site-packages/airflow/example_dags/example_sensor_decorator.py
[2024-09-18T15:27:07.135+0000] {logging_mixin.py:190} INFO - [2024-09-18T15:27:07.135+0000] {workday.py:41} WARNING - Could not import pandas. Holidays will not be considered.
[2024-09-18T15:27:07.141+0000] {logging_mixin.py:190} INFO - [2024-09-18T15:27:07.140+0000] {dag.py:3229} INFO - Sync 1 DAGs
[2024-09-18T15:27:07.163+0000] {logging_mixin.py:190} INFO - [2024-09-18T15:27:07.163+0000] {dag.py:4156} INFO - Setting next_dagrun for example_sensor_decorator to None, run_after=None
[2024-09-18T15:27:07.169+0000] {processor.py:208} INFO - Processing /Users/omer/Desktop/MLOPS/7day/.env/lib/python3.11/site-packages/airflow/example_dags/example_sensor_decorator.py took 0.070 seconds
[2024-09-18T15:28:27.225+0000] {processor.py:186} INFO - Started process (PID=97994) to work on /Users/omer/Desktop/MLOPS/7day/.env/lib/python3.11/site-packages/airflow/example_dags/example_sensor_decorator.py
[2024-09-18T15:28:27.226+0000] {processor.py:914} INFO - Processing file /Users/omer/Desktop/MLOPS/7day/.env/lib/python3.11/site-packages/airflow/example_dags/example_sensor_decorator.py for tasks to queue
[2024-09-18T15:28:27.226+0000] {logging_mixin.py:190} INFO - [2024-09-18T15:28:27.226+0000] {dagbag.py:587} INFO - Filling up the DagBag from /Users/omer/Desktop/MLOPS/7day/.env/lib/python3.11/site-packages/airflow/example_dags/example_sensor_decorator.py
[2024-09-18T15:28:27.237+0000] {processor.py:925} INFO - DAG(s) 'example_sensor_decorator' retrieved from /Users/omer/Desktop/MLOPS/7day/.env/lib/python3.11/site-packages/airflow/example_dags/example_sensor_decorator.py
[2024-09-18T15:28:27.261+0000] {logging_mixin.py:190} INFO - [2024-09-18T15:28:27.261+0000] {workday.py:41} WARNING - Could not import pandas. Holidays will not be considered.
[2024-09-18T15:28:27.267+0000] {logging_mixin.py:190} INFO - [2024-09-18T15:28:27.267+0000] {dag.py:3229} INFO - Sync 1 DAGs
[2024-09-18T15:28:27.290+0000] {logging_mixin.py:190} INFO - [2024-09-18T15:28:27.290+0000] {dag.py:4156} INFO - Setting next_dagrun for example_sensor_decorator to None, run_after=None
[2024-09-18T15:28:27.296+0000] {processor.py:208} INFO - Processing /Users/omer/Desktop/MLOPS/7day/.env/lib/python3.11/site-packages/airflow/example_dags/example_sensor_decorator.py took 0.072 seconds
[2024-09-18T15:30:05.603+0000] {processor.py:186} INFO - Started process (PID=98251) to work on /Users/omer/Desktop/MLOPS/7day/.env/lib/python3.11/site-packages/airflow/example_dags/example_sensor_decorator.py
[2024-09-18T15:30:05.604+0000] {processor.py:914} INFO - Processing file /Users/omer/Desktop/MLOPS/7day/.env/lib/python3.11/site-packages/airflow/example_dags/example_sensor_decorator.py for tasks to queue
[2024-09-18T15:30:05.604+0000] {logging_mixin.py:190} INFO - [2024-09-18T15:30:05.604+0000] {dagbag.py:587} INFO - Filling up the DagBag from /Users/omer/Desktop/MLOPS/7day/.env/lib/python3.11/site-packages/airflow/example_dags/example_sensor_decorator.py
[2024-09-18T15:30:05.615+0000] {processor.py:925} INFO - DAG(s) 'example_sensor_decorator' retrieved from /Users/omer/Desktop/MLOPS/7day/.env/lib/python3.11/site-packages/airflow/example_dags/example_sensor_decorator.py
[2024-09-18T15:30:05.639+0000] {logging_mixin.py:190} INFO - [2024-09-18T15:30:05.639+0000] {workday.py:41} WARNING - Could not import pandas. Holidays will not be considered.
[2024-09-18T15:30:05.645+0000] {logging_mixin.py:190} INFO - [2024-09-18T15:30:05.645+0000] {dag.py:3229} INFO - Sync 1 DAGs
[2024-09-18T15:30:05.668+0000] {logging_mixin.py:190} INFO - [2024-09-18T15:30:05.668+0000] {dag.py:4156} INFO - Setting next_dagrun for example_sensor_decorator to None, run_after=None
[2024-09-18T15:30:05.673+0000] {processor.py:208} INFO - Processing /Users/omer/Desktop/MLOPS/7day/.env/lib/python3.11/site-packages/airflow/example_dags/example_sensor_decorator.py took 0.071 seconds
[2024-09-18T15:31:41.815+0000] {processor.py:186} INFO - Started process (PID=98534) to work on /Users/omer/Desktop/MLOPS/7day/.env/lib/python3.11/site-packages/airflow/example_dags/example_sensor_decorator.py
[2024-09-18T15:31:41.816+0000] {processor.py:914} INFO - Processing file /Users/omer/Desktop/MLOPS/7day/.env/lib/python3.11/site-packages/airflow/example_dags/example_sensor_decorator.py for tasks to queue
[2024-09-18T15:31:41.817+0000] {logging_mixin.py:190} INFO - [2024-09-18T15:31:41.817+0000] {dagbag.py:587} INFO - Filling up the DagBag from /Users/omer/Desktop/MLOPS/7day/.env/lib/python3.11/site-packages/airflow/example_dags/example_sensor_decorator.py
[2024-09-18T15:31:41.827+0000] {processor.py:925} INFO - DAG(s) 'example_sensor_decorator' retrieved from /Users/omer/Desktop/MLOPS/7day/.env/lib/python3.11/site-packages/airflow/example_dags/example_sensor_decorator.py
[2024-09-18T15:31:41.851+0000] {logging_mixin.py:190} INFO - [2024-09-18T15:31:41.851+0000] {workday.py:41} WARNING - Could not import pandas. Holidays will not be considered.
[2024-09-18T15:31:41.856+0000] {logging_mixin.py:190} INFO - [2024-09-18T15:31:41.856+0000] {dag.py:3229} INFO - Sync 1 DAGs
[2024-09-18T15:31:41.879+0000] {logging_mixin.py:190} INFO - [2024-09-18T15:31:41.879+0000] {dag.py:4156} INFO - Setting next_dagrun for example_sensor_decorator to None, run_after=None
[2024-09-18T15:31:41.885+0000] {processor.py:208} INFO - Processing /Users/omer/Desktop/MLOPS/7day/.env/lib/python3.11/site-packages/airflow/example_dags/example_sensor_decorator.py took 0.070 seconds
[2024-09-18T15:33:33.270+0000] {processor.py:186} INFO - Started process (PID=98824) to work on /Users/omer/Desktop/MLOPS/7day/.env/lib/python3.11/site-packages/airflow/example_dags/example_sensor_decorator.py
[2024-09-18T15:33:33.271+0000] {processor.py:914} INFO - Processing file /Users/omer/Desktop/MLOPS/7day/.env/lib/python3.11/site-packages/airflow/example_dags/example_sensor_decorator.py for tasks to queue
[2024-09-18T15:33:33.272+0000] {logging_mixin.py:190} INFO - [2024-09-18T15:33:33.271+0000] {dagbag.py:587} INFO - Filling up the DagBag from /Users/omer/Desktop/MLOPS/7day/.env/lib/python3.11/site-packages/airflow/example_dags/example_sensor_decorator.py
[2024-09-18T15:33:33.282+0000] {processor.py:925} INFO - DAG(s) 'example_sensor_decorator' retrieved from /Users/omer/Desktop/MLOPS/7day/.env/lib/python3.11/site-packages/airflow/example_dags/example_sensor_decorator.py
[2024-09-18T15:33:33.305+0000] {logging_mixin.py:190} INFO - [2024-09-18T15:33:33.305+0000] {workday.py:41} WARNING - Could not import pandas. Holidays will not be considered.
[2024-09-18T15:33:33.311+0000] {logging_mixin.py:190} INFO - [2024-09-18T15:33:33.311+0000] {dag.py:3229} INFO - Sync 1 DAGs
[2024-09-18T15:33:33.335+0000] {logging_mixin.py:190} INFO - [2024-09-18T15:33:33.335+0000] {dag.py:4156} INFO - Setting next_dagrun for example_sensor_decorator to None, run_after=None
[2024-09-18T15:33:33.341+0000] {processor.py:208} INFO - Processing /Users/omer/Desktop/MLOPS/7day/.env/lib/python3.11/site-packages/airflow/example_dags/example_sensor_decorator.py took 0.072 seconds
[2024-09-18T15:34:44.674+0000] {processor.py:186} INFO - Started process (PID=98977) to work on /Users/omer/Desktop/MLOPS/7day/.env/lib/python3.11/site-packages/airflow/example_dags/example_sensor_decorator.py
[2024-09-18T15:34:44.675+0000] {processor.py:914} INFO - Processing file /Users/omer/Desktop/MLOPS/7day/.env/lib/python3.11/site-packages/airflow/example_dags/example_sensor_decorator.py for tasks to queue
[2024-09-18T15:34:44.675+0000] {logging_mixin.py:190} INFO - [2024-09-18T15:34:44.675+0000] {dagbag.py:587} INFO - Filling up the DagBag from /Users/omer/Desktop/MLOPS/7day/.env/lib/python3.11/site-packages/airflow/example_dags/example_sensor_decorator.py
[2024-09-18T15:34:44.686+0000] {processor.py:925} INFO - DAG(s) 'example_sensor_decorator' retrieved from /Users/omer/Desktop/MLOPS/7day/.env/lib/python3.11/site-packages/airflow/example_dags/example_sensor_decorator.py
[2024-09-18T15:34:44.710+0000] {logging_mixin.py:190} INFO - [2024-09-18T15:34:44.710+0000] {workday.py:41} WARNING - Could not import pandas. Holidays will not be considered.
[2024-09-18T15:34:44.716+0000] {logging_mixin.py:190} INFO - [2024-09-18T15:34:44.716+0000] {dag.py:3229} INFO - Sync 1 DAGs
[2024-09-18T15:34:44.743+0000] {logging_mixin.py:190} INFO - [2024-09-18T15:34:44.743+0000] {dag.py:4156} INFO - Setting next_dagrun for example_sensor_decorator to None, run_after=None
[2024-09-18T15:34:44.749+0000] {processor.py:208} INFO - Processing /Users/omer/Desktop/MLOPS/7day/.env/lib/python3.11/site-packages/airflow/example_dags/example_sensor_decorator.py took 0.076 seconds
[2024-09-18T15:36:04.806+0000] {processor.py:186} INFO - Started process (PID=99136) to work on /Users/omer/Desktop/MLOPS/7day/.env/lib/python3.11/site-packages/airflow/example_dags/example_sensor_decorator.py
[2024-09-18T15:36:04.807+0000] {processor.py:914} INFO - Processing file /Users/omer/Desktop/MLOPS/7day/.env/lib/python3.11/site-packages/airflow/example_dags/example_sensor_decorator.py for tasks to queue
[2024-09-18T15:36:04.807+0000] {logging_mixin.py:190} INFO - [2024-09-18T15:36:04.807+0000] {dagbag.py:587} INFO - Filling up the DagBag from /Users/omer/Desktop/MLOPS/7day/.env/lib/python3.11/site-packages/airflow/example_dags/example_sensor_decorator.py
[2024-09-18T15:36:04.818+0000] {processor.py:925} INFO - DAG(s) 'example_sensor_decorator' retrieved from /Users/omer/Desktop/MLOPS/7day/.env/lib/python3.11/site-packages/airflow/example_dags/example_sensor_decorator.py
[2024-09-18T15:36:04.844+0000] {logging_mixin.py:190} INFO - [2024-09-18T15:36:04.844+0000] {workday.py:41} WARNING - Could not import pandas. Holidays will not be considered.
[2024-09-18T15:36:04.849+0000] {logging_mixin.py:190} INFO - [2024-09-18T15:36:04.849+0000] {dag.py:3229} INFO - Sync 1 DAGs
[2024-09-18T15:36:04.873+0000] {logging_mixin.py:190} INFO - [2024-09-18T15:36:04.873+0000] {dag.py:4156} INFO - Setting next_dagrun for example_sensor_decorator to None, run_after=None
[2024-09-18T15:36:04.879+0000] {processor.py:208} INFO - Processing /Users/omer/Desktop/MLOPS/7day/.env/lib/python3.11/site-packages/airflow/example_dags/example_sensor_decorator.py took 0.078 seconds
