[2024-09-18T14:49:37.900+0000] {processor.py:186} INFO - Started process (PID=94046) to work on /Users/omer/Desktop/MLOPS/7day/.env/lib/python3.11/site-packages/airflow/example_dags/example_branch_operator.py
[2024-09-18T14:49:37.900+0000] {processor.py:914} INFO - Processing file /Users/omer/Desktop/MLOPS/7day/.env/lib/python3.11/site-packages/airflow/example_dags/example_branch_operator.py for tasks to queue
[2024-09-18T14:49:37.901+0000] {logging_mixin.py:190} INFO - [2024-09-18T14:49:37.901+0000] {dagbag.py:587} INFO - Filling up the DagBag from /Users/omer/Desktop/MLOPS/7day/.env/lib/python3.11/site-packages/airflow/example_dags/example_branch_operator.py
[2024-09-18T14:49:37.911+0000] {processor.py:925} INFO - DAG(s) 'example_branch_operator' retrieved from /Users/omer/Desktop/MLOPS/7day/.env/lib/python3.11/site-packages/airflow/example_dags/example_branch_operator.py
[2024-09-18T14:49:37.983+0000] {logging_mixin.py:190} INFO - [2024-09-18T14:49:37.983+0000] {override.py:1900} INFO - Created Permission View: can delete on DAG:example_branch_operator
[2024-09-18T14:49:37.986+0000] {logging_mixin.py:190} INFO - [2024-09-18T14:49:37.986+0000] {override.py:1900} INFO - Created Permission View: can read on DAG:example_branch_operator
[2024-09-18T14:49:37.987+0000] {logging_mixin.py:190} INFO - [2024-09-18T14:49:37.987+0000] {override.py:1900} INFO - Created Permission View: can edit on DAG:example_branch_operator
[2024-09-18T14:49:37.989+0000] {logging_mixin.py:190} INFO - [2024-09-18T14:49:37.989+0000] {override.py:1900} INFO - Created Permission View: menu access on DAG Run:example_branch_operator
[2024-09-18T14:49:37.990+0000] {logging_mixin.py:190} INFO - [2024-09-18T14:49:37.990+0000] {override.py:1900} INFO - Created Permission View: can delete on DAG Run:example_branch_operator
[2024-09-18T14:49:37.992+0000] {logging_mixin.py:190} INFO - [2024-09-18T14:49:37.992+0000] {override.py:1900} INFO - Created Permission View: can read on DAG Run:example_branch_operator
[2024-09-18T14:49:37.994+0000] {logging_mixin.py:190} INFO - [2024-09-18T14:49:37.994+0000] {override.py:1900} INFO - Created Permission View: can create on DAG Run:example_branch_operator
[2024-09-18T14:49:37.994+0000] {logging_mixin.py:190} INFO - [2024-09-18T14:49:37.994+0000] {dag.py:3229} INFO - Sync 1 DAGs
[2024-09-18T14:49:37.997+0000] {logging_mixin.py:190} INFO - [2024-09-18T14:49:37.997+0000] {dag.py:3252} INFO - Creating ORM DAG for example_branch_operator
[2024-09-18T14:49:37.999+0000] {logging_mixin.py:190} INFO - [2024-09-18T14:49:37.999+0000] {dag.py:4156} INFO - Setting next_dagrun for example_branch_operator to 2024-09-17 00:00:00+00:00, run_after=2024-09-18 00:00:00+00:00
[2024-09-18T14:49:38.004+0000] {processor.py:208} INFO - Processing /Users/omer/Desktop/MLOPS/7day/.env/lib/python3.11/site-packages/airflow/example_dags/example_branch_operator.py took 0.105 seconds
[2024-09-18T14:51:17.366+0000] {processor.py:186} INFO - Started process (PID=94301) to work on /Users/omer/Desktop/MLOPS/7day/.env/lib/python3.11/site-packages/airflow/example_dags/example_branch_operator.py
[2024-09-18T14:51:17.367+0000] {processor.py:914} INFO - Processing file /Users/omer/Desktop/MLOPS/7day/.env/lib/python3.11/site-packages/airflow/example_dags/example_branch_operator.py for tasks to queue
[2024-09-18T14:51:17.367+0000] {logging_mixin.py:190} INFO - [2024-09-18T14:51:17.367+0000] {dagbag.py:587} INFO - Filling up the DagBag from /Users/omer/Desktop/MLOPS/7day/.env/lib/python3.11/site-packages/airflow/example_dags/example_branch_operator.py
[2024-09-18T14:51:17.377+0000] {processor.py:925} INFO - DAG(s) 'example_branch_operator' retrieved from /Users/omer/Desktop/MLOPS/7day/.env/lib/python3.11/site-packages/airflow/example_dags/example_branch_operator.py
[2024-09-18T14:51:17.449+0000] {logging_mixin.py:190} INFO - [2024-09-18T14:51:17.449+0000] {dag.py:3229} INFO - Sync 1 DAGs
[2024-09-18T14:51:17.454+0000] {logging_mixin.py:190} INFO - [2024-09-18T14:51:17.454+0000] {dag.py:4156} INFO - Setting next_dagrun for example_branch_operator to 2024-09-17 00:00:00+00:00, run_after=2024-09-18 00:00:00+00:00
[2024-09-18T14:51:17.460+0000] {processor.py:208} INFO - Processing /Users/omer/Desktop/MLOPS/7day/.env/lib/python3.11/site-packages/airflow/example_dags/example_branch_operator.py took 0.095 seconds
[2024-09-18T14:52:58.364+0000] {processor.py:186} INFO - Started process (PID=94522) to work on /Users/omer/Desktop/MLOPS/7day/.env/lib/python3.11/site-packages/airflow/example_dags/example_branch_operator.py
[2024-09-18T14:52:58.366+0000] {processor.py:914} INFO - Processing file /Users/omer/Desktop/MLOPS/7day/.env/lib/python3.11/site-packages/airflow/example_dags/example_branch_operator.py for tasks to queue
[2024-09-18T14:52:58.366+0000] {logging_mixin.py:190} INFO - [2024-09-18T14:52:58.366+0000] {dagbag.py:587} INFO - Filling up the DagBag from /Users/omer/Desktop/MLOPS/7day/.env/lib/python3.11/site-packages/airflow/example_dags/example_branch_operator.py
[2024-09-18T14:52:58.375+0000] {processor.py:925} INFO - DAG(s) 'example_branch_operator' retrieved from /Users/omer/Desktop/MLOPS/7day/.env/lib/python3.11/site-packages/airflow/example_dags/example_branch_operator.py
[2024-09-18T14:52:58.446+0000] {logging_mixin.py:190} INFO - [2024-09-18T14:52:58.446+0000] {dag.py:3229} INFO - Sync 1 DAGs
[2024-09-18T14:52:58.450+0000] {logging_mixin.py:190} INFO - [2024-09-18T14:52:58.450+0000] {dag.py:4156} INFO - Setting next_dagrun for example_branch_operator to 2024-09-17 00:00:00+00:00, run_after=2024-09-18 00:00:00+00:00
[2024-09-18T14:52:58.457+0000] {processor.py:208} INFO - Processing /Users/omer/Desktop/MLOPS/7day/.env/lib/python3.11/site-packages/airflow/example_dags/example_branch_operator.py took 0.093 seconds
[2024-09-18T14:54:37.928+0000] {processor.py:186} INFO - Started process (PID=94690) to work on /Users/omer/Desktop/MLOPS/7day/.env/lib/python3.11/site-packages/airflow/example_dags/example_branch_operator.py
[2024-09-18T14:54:37.928+0000] {processor.py:914} INFO - Processing file /Users/omer/Desktop/MLOPS/7day/.env/lib/python3.11/site-packages/airflow/example_dags/example_branch_operator.py for tasks to queue
[2024-09-18T14:54:37.929+0000] {logging_mixin.py:190} INFO - [2024-09-18T14:54:37.929+0000] {dagbag.py:587} INFO - Filling up the DagBag from /Users/omer/Desktop/MLOPS/7day/.env/lib/python3.11/site-packages/airflow/example_dags/example_branch_operator.py
[2024-09-18T14:54:37.939+0000] {processor.py:925} INFO - DAG(s) 'example_branch_operator' retrieved from /Users/omer/Desktop/MLOPS/7day/.env/lib/python3.11/site-packages/airflow/example_dags/example_branch_operator.py
[2024-09-18T14:54:38.009+0000] {logging_mixin.py:190} INFO - [2024-09-18T14:54:38.009+0000] {dag.py:3229} INFO - Sync 1 DAGs
[2024-09-18T14:54:38.014+0000] {logging_mixin.py:190} INFO - [2024-09-18T14:54:38.014+0000] {dag.py:4156} INFO - Setting next_dagrun for example_branch_operator to 2024-09-17 00:00:00+00:00, run_after=2024-09-18 00:00:00+00:00
[2024-09-18T14:54:38.020+0000] {processor.py:208} INFO - Processing /Users/omer/Desktop/MLOPS/7day/.env/lib/python3.11/site-packages/airflow/example_dags/example_branch_operator.py took 0.093 seconds
[2024-09-18T15:21:57.760+0000] {processor.py:186} INFO - Started process (PID=97219) to work on /Users/omer/Desktop/MLOPS/7day/.env/lib/python3.11/site-packages/airflow/example_dags/example_branch_operator.py
[2024-09-18T15:21:57.760+0000] {processor.py:914} INFO - Processing file /Users/omer/Desktop/MLOPS/7day/.env/lib/python3.11/site-packages/airflow/example_dags/example_branch_operator.py for tasks to queue
[2024-09-18T15:21:57.760+0000] {logging_mixin.py:190} INFO - [2024-09-18T15:21:57.760+0000] {dagbag.py:587} INFO - Filling up the DagBag from /Users/omer/Desktop/MLOPS/7day/.env/lib/python3.11/site-packages/airflow/example_dags/example_branch_operator.py
[2024-09-18T15:21:57.770+0000] {processor.py:925} INFO - DAG(s) 'example_branch_operator' retrieved from /Users/omer/Desktop/MLOPS/7day/.env/lib/python3.11/site-packages/airflow/example_dags/example_branch_operator.py
[2024-09-18T15:21:57.839+0000] {logging_mixin.py:190} INFO - [2024-09-18T15:21:57.839+0000] {dag.py:3229} INFO - Sync 1 DAGs
[2024-09-18T15:21:57.844+0000] {logging_mixin.py:190} INFO - [2024-09-18T15:21:57.844+0000] {dag.py:4156} INFO - Setting next_dagrun for example_branch_operator to 2024-09-17 00:00:00+00:00, run_after=2024-09-18 00:00:00+00:00
[2024-09-18T15:21:57.849+0000] {processor.py:208} INFO - Processing /Users/omer/Desktop/MLOPS/7day/.env/lib/python3.11/site-packages/airflow/example_dags/example_branch_operator.py took 0.090 seconds
[2024-09-18T15:27:42.273+0000] {processor.py:186} INFO - Started process (PID=97851) to work on /Users/omer/Desktop/MLOPS/7day/.env/lib/python3.11/site-packages/airflow/example_dags/example_branch_operator.py
[2024-09-18T15:27:42.274+0000] {processor.py:914} INFO - Processing file /Users/omer/Desktop/MLOPS/7day/.env/lib/python3.11/site-packages/airflow/example_dags/example_branch_operator.py for tasks to queue
[2024-09-18T15:27:42.274+0000] {logging_mixin.py:190} INFO - [2024-09-18T15:27:42.274+0000] {dagbag.py:587} INFO - Filling up the DagBag from /Users/omer/Desktop/MLOPS/7day/.env/lib/python3.11/site-packages/airflow/example_dags/example_branch_operator.py
[2024-09-18T15:27:42.284+0000] {processor.py:925} INFO - DAG(s) 'example_branch_operator' retrieved from /Users/omer/Desktop/MLOPS/7day/.env/lib/python3.11/site-packages/airflow/example_dags/example_branch_operator.py
[2024-09-18T15:27:42.356+0000] {logging_mixin.py:190} INFO - [2024-09-18T15:27:42.356+0000] {dag.py:3229} INFO - Sync 1 DAGs
[2024-09-18T15:27:42.361+0000] {logging_mixin.py:190} INFO - [2024-09-18T15:27:42.361+0000] {dag.py:4156} INFO - Setting next_dagrun for example_branch_operator to 2024-09-17 00:00:00+00:00, run_after=2024-09-18 00:00:00+00:00
[2024-09-18T15:27:42.366+0000] {processor.py:208} INFO - Processing /Users/omer/Desktop/MLOPS/7day/.env/lib/python3.11/site-packages/airflow/example_dags/example_branch_operator.py took 0.094 seconds
[2024-09-18T15:29:21.986+0000] {processor.py:186} INFO - Started process (PID=98117) to work on /Users/omer/Desktop/MLOPS/7day/.env/lib/python3.11/site-packages/airflow/example_dags/example_branch_operator.py
[2024-09-18T15:29:21.987+0000] {processor.py:914} INFO - Processing file /Users/omer/Desktop/MLOPS/7day/.env/lib/python3.11/site-packages/airflow/example_dags/example_branch_operator.py for tasks to queue
[2024-09-18T15:29:21.988+0000] {logging_mixin.py:190} INFO - [2024-09-18T15:29:21.988+0000] {dagbag.py:587} INFO - Filling up the DagBag from /Users/omer/Desktop/MLOPS/7day/.env/lib/python3.11/site-packages/airflow/example_dags/example_branch_operator.py
[2024-09-18T15:29:21.997+0000] {processor.py:925} INFO - DAG(s) 'example_branch_operator' retrieved from /Users/omer/Desktop/MLOPS/7day/.env/lib/python3.11/site-packages/airflow/example_dags/example_branch_operator.py
[2024-09-18T15:29:22.071+0000] {logging_mixin.py:190} INFO - [2024-09-18T15:29:22.071+0000] {dag.py:3229} INFO - Sync 1 DAGs
[2024-09-18T15:29:22.076+0000] {logging_mixin.py:190} INFO - [2024-09-18T15:29:22.076+0000] {dag.py:4156} INFO - Setting next_dagrun for example_branch_operator to 2024-09-17 00:00:00+00:00, run_after=2024-09-18 00:00:00+00:00
[2024-09-18T15:29:22.081+0000] {processor.py:208} INFO - Processing /Users/omer/Desktop/MLOPS/7day/.env/lib/python3.11/site-packages/airflow/example_dags/example_branch_operator.py took 0.096 seconds
[2024-09-18T15:31:00.286+0000] {processor.py:186} INFO - Started process (PID=98385) to work on /Users/omer/Desktop/MLOPS/7day/.env/lib/python3.11/site-packages/airflow/example_dags/example_branch_operator.py
[2024-09-18T15:31:00.287+0000] {processor.py:914} INFO - Processing file /Users/omer/Desktop/MLOPS/7day/.env/lib/python3.11/site-packages/airflow/example_dags/example_branch_operator.py for tasks to queue
[2024-09-18T15:31:00.287+0000] {logging_mixin.py:190} INFO - [2024-09-18T15:31:00.287+0000] {dagbag.py:587} INFO - Filling up the DagBag from /Users/omer/Desktop/MLOPS/7day/.env/lib/python3.11/site-packages/airflow/example_dags/example_branch_operator.py
[2024-09-18T15:31:00.297+0000] {processor.py:925} INFO - DAG(s) 'example_branch_operator' retrieved from /Users/omer/Desktop/MLOPS/7day/.env/lib/python3.11/site-packages/airflow/example_dags/example_branch_operator.py
[2024-09-18T15:31:00.368+0000] {logging_mixin.py:190} INFO - [2024-09-18T15:31:00.368+0000] {dag.py:3229} INFO - Sync 1 DAGs
[2024-09-18T15:31:00.373+0000] {logging_mixin.py:190} INFO - [2024-09-18T15:31:00.373+0000] {dag.py:4156} INFO - Setting next_dagrun for example_branch_operator to 2024-09-17 00:00:00+00:00, run_after=2024-09-18 00:00:00+00:00
[2024-09-18T15:31:00.379+0000] {processor.py:208} INFO - Processing /Users/omer/Desktop/MLOPS/7day/.env/lib/python3.11/site-packages/airflow/example_dags/example_branch_operator.py took 0.093 seconds
[2024-09-18T15:32:37.613+0000] {processor.py:186} INFO - Started process (PID=98671) to work on /Users/omer/Desktop/MLOPS/7day/.env/lib/python3.11/site-packages/airflow/example_dags/example_branch_operator.py
[2024-09-18T15:32:37.614+0000] {processor.py:914} INFO - Processing file /Users/omer/Desktop/MLOPS/7day/.env/lib/python3.11/site-packages/airflow/example_dags/example_branch_operator.py for tasks to queue
[2024-09-18T15:32:37.614+0000] {logging_mixin.py:190} INFO - [2024-09-18T15:32:37.614+0000] {dagbag.py:587} INFO - Filling up the DagBag from /Users/omer/Desktop/MLOPS/7day/.env/lib/python3.11/site-packages/airflow/example_dags/example_branch_operator.py
[2024-09-18T15:32:37.625+0000] {processor.py:925} INFO - DAG(s) 'example_branch_operator' retrieved from /Users/omer/Desktop/MLOPS/7day/.env/lib/python3.11/site-packages/airflow/example_dags/example_branch_operator.py
[2024-09-18T15:32:37.702+0000] {logging_mixin.py:190} INFO - [2024-09-18T15:32:37.701+0000] {dag.py:3229} INFO - Sync 1 DAGs
[2024-09-18T15:32:37.707+0000] {logging_mixin.py:190} INFO - [2024-09-18T15:32:37.707+0000] {dag.py:4156} INFO - Setting next_dagrun for example_branch_operator to 2024-09-17 00:00:00+00:00, run_after=2024-09-18 00:00:00+00:00
[2024-09-18T15:32:37.712+0000] {processor.py:208} INFO - Processing /Users/omer/Desktop/MLOPS/7day/.env/lib/python3.11/site-packages/airflow/example_dags/example_branch_operator.py took 0.100 seconds
[2024-09-18T15:35:18.662+0000] {processor.py:186} INFO - Started process (PID=99049) to work on /Users/omer/Desktop/MLOPS/7day/.env/lib/python3.11/site-packages/airflow/example_dags/example_branch_operator.py
[2024-09-18T15:35:18.662+0000] {processor.py:914} INFO - Processing file /Users/omer/Desktop/MLOPS/7day/.env/lib/python3.11/site-packages/airflow/example_dags/example_branch_operator.py for tasks to queue
[2024-09-18T15:35:18.663+0000] {logging_mixin.py:190} INFO - [2024-09-18T15:35:18.663+0000] {dagbag.py:587} INFO - Filling up the DagBag from /Users/omer/Desktop/MLOPS/7day/.env/lib/python3.11/site-packages/airflow/example_dags/example_branch_operator.py
[2024-09-18T15:35:18.673+0000] {processor.py:925} INFO - DAG(s) 'example_branch_operator' retrieved from /Users/omer/Desktop/MLOPS/7day/.env/lib/python3.11/site-packages/airflow/example_dags/example_branch_operator.py
[2024-09-18T15:35:18.745+0000] {logging_mixin.py:190} INFO - [2024-09-18T15:35:18.745+0000] {dag.py:3229} INFO - Sync 1 DAGs
[2024-09-18T15:35:18.750+0000] {logging_mixin.py:190} INFO - [2024-09-18T15:35:18.750+0000] {dag.py:4156} INFO - Setting next_dagrun for example_branch_operator to 2024-09-17 00:00:00+00:00, run_after=2024-09-18 00:00:00+00:00
[2024-09-18T15:35:18.756+0000] {processor.py:208} INFO - Processing /Users/omer/Desktop/MLOPS/7day/.env/lib/python3.11/site-packages/airflow/example_dags/example_branch_operator.py took 0.095 seconds
