[2024-09-18T14:48:57.933+0000] {processor.py:186} INFO - Started process (PID=93915) to work on /Users/omer/Desktop/MLOPS/7day/.env/lib/python3.11/site-packages/airflow/example_dags/example_short_circuit_decorator.py
[2024-09-18T14:48:57.933+0000] {processor.py:914} INFO - Processing file /Users/omer/Desktop/MLOPS/7day/.env/lib/python3.11/site-packages/airflow/example_dags/example_short_circuit_decorator.py for tasks to queue
[2024-09-18T14:48:57.934+0000] {logging_mixin.py:190} INFO - [2024-09-18T14:48:57.934+0000] {dagbag.py:587} INFO - Filling up the DagBag from /Users/omer/Desktop/MLOPS/7day/.env/lib/python3.11/site-packages/airflow/example_dags/example_short_circuit_decorator.py
[2024-09-18T14:48:57.945+0000] {processor.py:925} INFO - DAG(s) 'example_short_circuit_decorator' retrieved from /Users/omer/Desktop/MLOPS/7day/.env/lib/python3.11/site-packages/airflow/example_dags/example_short_circuit_decorator.py
[2024-09-18T14:48:58.015+0000] {logging_mixin.py:190} INFO - [2024-09-18T14:48:58.015+0000] {override.py:1900} INFO - Created Permission View: can edit on DAG:example_short_circuit_decorator
[2024-09-18T14:48:58.018+0000] {logging_mixin.py:190} INFO - [2024-09-18T14:48:58.018+0000] {override.py:1900} INFO - Created Permission View: can delete on DAG:example_short_circuit_decorator
[2024-09-18T14:48:58.019+0000] {logging_mixin.py:190} INFO - [2024-09-18T14:48:58.019+0000] {override.py:1900} INFO - Created Permission View: can read on DAG:example_short_circuit_decorator
[2024-09-18T14:48:58.021+0000] {logging_mixin.py:190} INFO - [2024-09-18T14:48:58.021+0000] {override.py:1900} INFO - Created Permission View: menu access on DAG Run:example_short_circuit_decorator
[2024-09-18T14:48:58.022+0000] {logging_mixin.py:190} INFO - [2024-09-18T14:48:58.022+0000] {override.py:1900} INFO - Created Permission View: can create on DAG Run:example_short_circuit_decorator
[2024-09-18T14:48:58.024+0000] {logging_mixin.py:190} INFO - [2024-09-18T14:48:58.024+0000] {override.py:1900} INFO - Created Permission View: can delete on DAG Run:example_short_circuit_decorator
[2024-09-18T14:48:58.025+0000] {logging_mixin.py:190} INFO - [2024-09-18T14:48:58.025+0000] {override.py:1900} INFO - Created Permission View: can read on DAG Run:example_short_circuit_decorator
[2024-09-18T14:48:58.025+0000] {logging_mixin.py:190} INFO - [2024-09-18T14:48:58.025+0000] {dag.py:3229} INFO - Sync 1 DAGs
[2024-09-18T14:48:58.028+0000] {logging_mixin.py:190} INFO - [2024-09-18T14:48:58.028+0000] {dag.py:3252} INFO - Creating ORM DAG for example_short_circuit_decorator
[2024-09-18T14:48:58.029+0000] {logging_mixin.py:190} INFO - [2024-09-18T14:48:58.029+0000] {dag.py:4156} INFO - Setting next_dagrun for example_short_circuit_decorator to None, run_after=None
[2024-09-18T14:48:58.033+0000] {processor.py:208} INFO - Processing /Users/omer/Desktop/MLOPS/7day/.env/lib/python3.11/site-packages/airflow/example_dags/example_short_circuit_decorator.py took 0.100 seconds
[2024-09-18T14:50:18.243+0000] {processor.py:186} INFO - Started process (PID=94177) to work on /Users/omer/Desktop/MLOPS/7day/.env/lib/python3.11/site-packages/airflow/example_dags/example_short_circuit_decorator.py
[2024-09-18T14:50:18.243+0000] {processor.py:914} INFO - Processing file /Users/omer/Desktop/MLOPS/7day/.env/lib/python3.11/site-packages/airflow/example_dags/example_short_circuit_decorator.py for tasks to queue
[2024-09-18T14:50:18.243+0000] {logging_mixin.py:190} INFO - [2024-09-18T14:50:18.243+0000] {dagbag.py:587} INFO - Filling up the DagBag from /Users/omer/Desktop/MLOPS/7day/.env/lib/python3.11/site-packages/airflow/example_dags/example_short_circuit_decorator.py
[2024-09-18T14:50:18.255+0000] {processor.py:925} INFO - DAG(s) 'example_short_circuit_decorator' retrieved from /Users/omer/Desktop/MLOPS/7day/.env/lib/python3.11/site-packages/airflow/example_dags/example_short_circuit_decorator.py
[2024-09-18T14:50:18.283+0000] {logging_mixin.py:190} INFO - [2024-09-18T14:50:18.283+0000] {dag.py:3229} INFO - Sync 1 DAGs
[2024-09-18T14:50:18.306+0000] {logging_mixin.py:190} INFO - [2024-09-18T14:50:18.305+0000] {dag.py:4156} INFO - Setting next_dagrun for example_short_circuit_decorator to None, run_after=None
[2024-09-18T14:50:18.311+0000] {processor.py:208} INFO - Processing /Users/omer/Desktop/MLOPS/7day/.env/lib/python3.11/site-packages/airflow/example_dags/example_short_circuit_decorator.py took 0.069 seconds
[2024-09-18T14:51:56.684+0000] {processor.py:186} INFO - Started process (PID=94411) to work on /Users/omer/Desktop/MLOPS/7day/.env/lib/python3.11/site-packages/airflow/example_dags/example_short_circuit_decorator.py
[2024-09-18T14:51:56.684+0000] {processor.py:914} INFO - Processing file /Users/omer/Desktop/MLOPS/7day/.env/lib/python3.11/site-packages/airflow/example_dags/example_short_circuit_decorator.py for tasks to queue
[2024-09-18T14:51:56.684+0000] {logging_mixin.py:190} INFO - [2024-09-18T14:51:56.684+0000] {dagbag.py:587} INFO - Filling up the DagBag from /Users/omer/Desktop/MLOPS/7day/.env/lib/python3.11/site-packages/airflow/example_dags/example_short_circuit_decorator.py
[2024-09-18T14:51:56.695+0000] {processor.py:925} INFO - DAG(s) 'example_short_circuit_decorator' retrieved from /Users/omer/Desktop/MLOPS/7day/.env/lib/python3.11/site-packages/airflow/example_dags/example_short_circuit_decorator.py
[2024-09-18T14:51:56.720+0000] {logging_mixin.py:190} INFO - [2024-09-18T14:51:56.720+0000] {dag.py:3229} INFO - Sync 1 DAGs
[2024-09-18T14:51:56.743+0000] {logging_mixin.py:190} INFO - [2024-09-18T14:51:56.743+0000] {dag.py:4156} INFO - Setting next_dagrun for example_short_circuit_decorator to None, run_after=None
[2024-09-18T14:51:56.749+0000] {processor.py:208} INFO - Processing /Users/omer/Desktop/MLOPS/7day/.env/lib/python3.11/site-packages/airflow/example_dags/example_short_circuit_decorator.py took 0.066 seconds
[2024-09-18T14:53:37.019+0000] {processor.py:186} INFO - Started process (PID=94574) to work on /Users/omer/Desktop/MLOPS/7day/.env/lib/python3.11/site-packages/airflow/example_dags/example_short_circuit_decorator.py
[2024-09-18T14:53:37.020+0000] {processor.py:914} INFO - Processing file /Users/omer/Desktop/MLOPS/7day/.env/lib/python3.11/site-packages/airflow/example_dags/example_short_circuit_decorator.py for tasks to queue
[2024-09-18T14:53:37.020+0000] {logging_mixin.py:190} INFO - [2024-09-18T14:53:37.020+0000] {dagbag.py:587} INFO - Filling up the DagBag from /Users/omer/Desktop/MLOPS/7day/.env/lib/python3.11/site-packages/airflow/example_dags/example_short_circuit_decorator.py
[2024-09-18T14:53:37.031+0000] {processor.py:925} INFO - DAG(s) 'example_short_circuit_decorator' retrieved from /Users/omer/Desktop/MLOPS/7day/.env/lib/python3.11/site-packages/airflow/example_dags/example_short_circuit_decorator.py
[2024-09-18T14:53:37.058+0000] {logging_mixin.py:190} INFO - [2024-09-18T14:53:37.057+0000] {dag.py:3229} INFO - Sync 1 DAGs
[2024-09-18T14:53:37.081+0000] {logging_mixin.py:190} INFO - [2024-09-18T14:53:37.081+0000] {dag.py:4156} INFO - Setting next_dagrun for example_short_circuit_decorator to None, run_after=None
[2024-09-18T14:53:37.086+0000] {processor.py:208} INFO - Processing /Users/omer/Desktop/MLOPS/7day/.env/lib/python3.11/site-packages/airflow/example_dags/example_short_circuit_decorator.py took 0.068 seconds
[2024-09-18T15:21:18.304+0000] {processor.py:186} INFO - Started process (PID=97158) to work on /Users/omer/Desktop/MLOPS/7day/.env/lib/python3.11/site-packages/airflow/example_dags/example_short_circuit_decorator.py
[2024-09-18T15:21:18.305+0000] {processor.py:914} INFO - Processing file /Users/omer/Desktop/MLOPS/7day/.env/lib/python3.11/site-packages/airflow/example_dags/example_short_circuit_decorator.py for tasks to queue
[2024-09-18T15:21:18.305+0000] {logging_mixin.py:190} INFO - [2024-09-18T15:21:18.305+0000] {dagbag.py:587} INFO - Filling up the DagBag from /Users/omer/Desktop/MLOPS/7day/.env/lib/python3.11/site-packages/airflow/example_dags/example_short_circuit_decorator.py
[2024-09-18T15:21:18.316+0000] {processor.py:925} INFO - DAG(s) 'example_short_circuit_decorator' retrieved from /Users/omer/Desktop/MLOPS/7day/.env/lib/python3.11/site-packages/airflow/example_dags/example_short_circuit_decorator.py
[2024-09-18T15:21:18.342+0000] {logging_mixin.py:190} INFO - [2024-09-18T15:21:18.342+0000] {dag.py:3229} INFO - Sync 1 DAGs
[2024-09-18T15:21:18.367+0000] {logging_mixin.py:190} INFO - [2024-09-18T15:21:18.367+0000] {dag.py:4156} INFO - Setting next_dagrun for example_short_circuit_decorator to None, run_after=None
[2024-09-18T15:21:18.373+0000] {processor.py:208} INFO - Processing /Users/omer/Desktop/MLOPS/7day/.env/lib/python3.11/site-packages/airflow/example_dags/example_short_circuit_decorator.py took 0.069 seconds
[2024-09-18T15:22:37.313+0000] {processor.py:186} INFO - Started process (PID=97288) to work on /Users/omer/Desktop/MLOPS/7day/.env/lib/python3.11/site-packages/airflow/example_dags/example_short_circuit_decorator.py
[2024-09-18T15:22:37.314+0000] {processor.py:914} INFO - Processing file /Users/omer/Desktop/MLOPS/7day/.env/lib/python3.11/site-packages/airflow/example_dags/example_short_circuit_decorator.py for tasks to queue
[2024-09-18T15:22:37.314+0000] {logging_mixin.py:190} INFO - [2024-09-18T15:22:37.314+0000] {dagbag.py:587} INFO - Filling up the DagBag from /Users/omer/Desktop/MLOPS/7day/.env/lib/python3.11/site-packages/airflow/example_dags/example_short_circuit_decorator.py
[2024-09-18T15:22:37.325+0000] {processor.py:925} INFO - DAG(s) 'example_short_circuit_decorator' retrieved from /Users/omer/Desktop/MLOPS/7day/.env/lib/python3.11/site-packages/airflow/example_dags/example_short_circuit_decorator.py
[2024-09-18T15:22:37.353+0000] {logging_mixin.py:190} INFO - [2024-09-18T15:22:37.353+0000] {dag.py:3229} INFO - Sync 1 DAGs
[2024-09-18T15:22:37.379+0000] {logging_mixin.py:190} INFO - [2024-09-18T15:22:37.379+0000] {dag.py:4156} INFO - Setting next_dagrun for example_short_circuit_decorator to None, run_after=None
[2024-09-18T15:22:37.385+0000] {processor.py:208} INFO - Processing /Users/omer/Desktop/MLOPS/7day/.env/lib/python3.11/site-packages/airflow/example_dags/example_short_circuit_decorator.py took 0.073 seconds
[2024-09-18T15:25:40.869+0000] {processor.py:186} INFO - Started process (PID=97621) to work on /Users/omer/Desktop/MLOPS/7day/.env/lib/python3.11/site-packages/airflow/example_dags/example_short_circuit_decorator.py
[2024-09-18T15:25:40.870+0000] {processor.py:914} INFO - Processing file /Users/omer/Desktop/MLOPS/7day/.env/lib/python3.11/site-packages/airflow/example_dags/example_short_circuit_decorator.py for tasks to queue
[2024-09-18T15:25:40.871+0000] {logging_mixin.py:190} INFO - [2024-09-18T15:25:40.871+0000] {dagbag.py:587} INFO - Filling up the DagBag from /Users/omer/Desktop/MLOPS/7day/.env/lib/python3.11/site-packages/airflow/example_dags/example_short_circuit_decorator.py
[2024-09-18T15:25:40.883+0000] {processor.py:925} INFO - DAG(s) 'example_short_circuit_decorator' retrieved from /Users/omer/Desktop/MLOPS/7day/.env/lib/python3.11/site-packages/airflow/example_dags/example_short_circuit_decorator.py
[2024-09-18T15:25:40.913+0000] {logging_mixin.py:190} INFO - [2024-09-18T15:25:40.912+0000] {dag.py:3229} INFO - Sync 1 DAGs
[2024-09-18T15:25:40.943+0000] {logging_mixin.py:190} INFO - [2024-09-18T15:25:40.943+0000] {dag.py:4156} INFO - Setting next_dagrun for example_short_circuit_decorator to None, run_after=None
[2024-09-18T15:25:40.949+0000] {processor.py:208} INFO - Processing /Users/omer/Desktop/MLOPS/7day/.env/lib/python3.11/site-packages/airflow/example_dags/example_short_circuit_decorator.py took 0.082 seconds
[2024-09-18T15:27:00.652+0000] {processor.py:186} INFO - Started process (PID=97778) to work on /Users/omer/Desktop/MLOPS/7day/.env/lib/python3.11/site-packages/airflow/example_dags/example_short_circuit_decorator.py
[2024-09-18T15:27:00.654+0000] {processor.py:914} INFO - Processing file /Users/omer/Desktop/MLOPS/7day/.env/lib/python3.11/site-packages/airflow/example_dags/example_short_circuit_decorator.py for tasks to queue
[2024-09-18T15:27:00.654+0000] {logging_mixin.py:190} INFO - [2024-09-18T15:27:00.654+0000] {dagbag.py:587} INFO - Filling up the DagBag from /Users/omer/Desktop/MLOPS/7day/.env/lib/python3.11/site-packages/airflow/example_dags/example_short_circuit_decorator.py
[2024-09-18T15:27:00.664+0000] {processor.py:925} INFO - DAG(s) 'example_short_circuit_decorator' retrieved from /Users/omer/Desktop/MLOPS/7day/.env/lib/python3.11/site-packages/airflow/example_dags/example_short_circuit_decorator.py
[2024-09-18T15:27:00.692+0000] {logging_mixin.py:190} INFO - [2024-09-18T15:27:00.691+0000] {dag.py:3229} INFO - Sync 1 DAGs
[2024-09-18T15:27:00.718+0000] {logging_mixin.py:190} INFO - [2024-09-18T15:27:00.717+0000] {dag.py:4156} INFO - Setting next_dagrun for example_short_circuit_decorator to None, run_after=None
[2024-09-18T15:27:00.724+0000] {processor.py:208} INFO - Processing /Users/omer/Desktop/MLOPS/7day/.env/lib/python3.11/site-packages/airflow/example_dags/example_short_circuit_decorator.py took 0.072 seconds
[2024-09-18T15:28:21.635+0000] {processor.py:186} INFO - Started process (PID=97980) to work on /Users/omer/Desktop/MLOPS/7day/.env/lib/python3.11/site-packages/airflow/example_dags/example_short_circuit_decorator.py
[2024-09-18T15:28:21.636+0000] {processor.py:914} INFO - Processing file /Users/omer/Desktop/MLOPS/7day/.env/lib/python3.11/site-packages/airflow/example_dags/example_short_circuit_decorator.py for tasks to queue
[2024-09-18T15:28:21.637+0000] {logging_mixin.py:190} INFO - [2024-09-18T15:28:21.637+0000] {dagbag.py:587} INFO - Filling up the DagBag from /Users/omer/Desktop/MLOPS/7day/.env/lib/python3.11/site-packages/airflow/example_dags/example_short_circuit_decorator.py
[2024-09-18T15:28:21.648+0000] {processor.py:925} INFO - DAG(s) 'example_short_circuit_decorator' retrieved from /Users/omer/Desktop/MLOPS/7day/.env/lib/python3.11/site-packages/airflow/example_dags/example_short_circuit_decorator.py
[2024-09-18T15:28:21.676+0000] {logging_mixin.py:190} INFO - [2024-09-18T15:28:21.676+0000] {dag.py:3229} INFO - Sync 1 DAGs
[2024-09-18T15:28:21.701+0000] {logging_mixin.py:190} INFO - [2024-09-18T15:28:21.701+0000] {dag.py:4156} INFO - Setting next_dagrun for example_short_circuit_decorator to None, run_after=None
[2024-09-18T15:28:21.707+0000] {processor.py:208} INFO - Processing /Users/omer/Desktop/MLOPS/7day/.env/lib/python3.11/site-packages/airflow/example_dags/example_short_circuit_decorator.py took 0.073 seconds
[2024-09-18T15:30:00.382+0000] {processor.py:186} INFO - Started process (PID=98223) to work on /Users/omer/Desktop/MLOPS/7day/.env/lib/python3.11/site-packages/airflow/example_dags/example_short_circuit_decorator.py
[2024-09-18T15:30:00.384+0000] {processor.py:914} INFO - Processing file /Users/omer/Desktop/MLOPS/7day/.env/lib/python3.11/site-packages/airflow/example_dags/example_short_circuit_decorator.py for tasks to queue
[2024-09-18T15:30:00.384+0000] {logging_mixin.py:190} INFO - [2024-09-18T15:30:00.384+0000] {dagbag.py:587} INFO - Filling up the DagBag from /Users/omer/Desktop/MLOPS/7day/.env/lib/python3.11/site-packages/airflow/example_dags/example_short_circuit_decorator.py
[2024-09-18T15:30:00.395+0000] {processor.py:925} INFO - DAG(s) 'example_short_circuit_decorator' retrieved from /Users/omer/Desktop/MLOPS/7day/.env/lib/python3.11/site-packages/airflow/example_dags/example_short_circuit_decorator.py
[2024-09-18T15:30:00.422+0000] {logging_mixin.py:190} INFO - [2024-09-18T15:30:00.422+0000] {dag.py:3229} INFO - Sync 1 DAGs
[2024-09-18T15:30:00.448+0000] {logging_mixin.py:190} INFO - [2024-09-18T15:30:00.448+0000] {dag.py:4156} INFO - Setting next_dagrun for example_short_circuit_decorator to None, run_after=None
[2024-09-18T15:30:00.454+0000] {processor.py:208} INFO - Processing /Users/omer/Desktop/MLOPS/7day/.env/lib/python3.11/site-packages/airflow/example_dags/example_short_circuit_decorator.py took 0.072 seconds
[2024-09-18T15:31:36.214+0000] {processor.py:186} INFO - Started process (PID=98513) to work on /Users/omer/Desktop/MLOPS/7day/.env/lib/python3.11/site-packages/airflow/example_dags/example_short_circuit_decorator.py
[2024-09-18T15:31:36.215+0000] {processor.py:914} INFO - Processing file /Users/omer/Desktop/MLOPS/7day/.env/lib/python3.11/site-packages/airflow/example_dags/example_short_circuit_decorator.py for tasks to queue
[2024-09-18T15:31:36.215+0000] {logging_mixin.py:190} INFO - [2024-09-18T15:31:36.215+0000] {dagbag.py:587} INFO - Filling up the DagBag from /Users/omer/Desktop/MLOPS/7day/.env/lib/python3.11/site-packages/airflow/example_dags/example_short_circuit_decorator.py
[2024-09-18T15:31:36.229+0000] {processor.py:925} INFO - DAG(s) 'example_short_circuit_decorator' retrieved from /Users/omer/Desktop/MLOPS/7day/.env/lib/python3.11/site-packages/airflow/example_dags/example_short_circuit_decorator.py
[2024-09-18T15:31:36.257+0000] {logging_mixin.py:190} INFO - [2024-09-18T15:31:36.256+0000] {dag.py:3229} INFO - Sync 1 DAGs
[2024-09-18T15:31:36.280+0000] {logging_mixin.py:190} INFO - [2024-09-18T15:31:36.280+0000] {dag.py:4156} INFO - Setting next_dagrun for example_short_circuit_decorator to None, run_after=None
[2024-09-18T15:31:36.286+0000] {processor.py:208} INFO - Processing /Users/omer/Desktop/MLOPS/7day/.env/lib/python3.11/site-packages/airflow/example_dags/example_short_circuit_decorator.py took 0.073 seconds
[2024-09-18T15:33:26.849+0000] {processor.py:186} INFO - Started process (PID=98814) to work on /Users/omer/Desktop/MLOPS/7day/.env/lib/python3.11/site-packages/airflow/example_dags/example_short_circuit_decorator.py
[2024-09-18T15:33:26.849+0000] {processor.py:914} INFO - Processing file /Users/omer/Desktop/MLOPS/7day/.env/lib/python3.11/site-packages/airflow/example_dags/example_short_circuit_decorator.py for tasks to queue
[2024-09-18T15:33:26.849+0000] {logging_mixin.py:190} INFO - [2024-09-18T15:33:26.849+0000] {dagbag.py:587} INFO - Filling up the DagBag from /Users/omer/Desktop/MLOPS/7day/.env/lib/python3.11/site-packages/airflow/example_dags/example_short_circuit_decorator.py
[2024-09-18T15:33:26.861+0000] {processor.py:925} INFO - DAG(s) 'example_short_circuit_decorator' retrieved from /Users/omer/Desktop/MLOPS/7day/.env/lib/python3.11/site-packages/airflow/example_dags/example_short_circuit_decorator.py
[2024-09-18T15:33:26.887+0000] {logging_mixin.py:190} INFO - [2024-09-18T15:33:26.887+0000] {dag.py:3229} INFO - Sync 1 DAGs
[2024-09-18T15:33:26.910+0000] {logging_mixin.py:190} INFO - [2024-09-18T15:33:26.910+0000] {dag.py:4156} INFO - Setting next_dagrun for example_short_circuit_decorator to None, run_after=None
[2024-09-18T15:33:26.916+0000] {processor.py:208} INFO - Processing /Users/omer/Desktop/MLOPS/7day/.env/lib/python3.11/site-packages/airflow/example_dags/example_short_circuit_decorator.py took 0.068 seconds
[2024-09-18T15:34:38.868+0000] {processor.py:186} INFO - Started process (PID=98969) to work on /Users/omer/Desktop/MLOPS/7day/.env/lib/python3.11/site-packages/airflow/example_dags/example_short_circuit_decorator.py
[2024-09-18T15:34:38.869+0000] {processor.py:914} INFO - Processing file /Users/omer/Desktop/MLOPS/7day/.env/lib/python3.11/site-packages/airflow/example_dags/example_short_circuit_decorator.py for tasks to queue
[2024-09-18T15:34:38.870+0000] {logging_mixin.py:190} INFO - [2024-09-18T15:34:38.869+0000] {dagbag.py:587} INFO - Filling up the DagBag from /Users/omer/Desktop/MLOPS/7day/.env/lib/python3.11/site-packages/airflow/example_dags/example_short_circuit_decorator.py
[2024-09-18T15:34:38.880+0000] {processor.py:925} INFO - DAG(s) 'example_short_circuit_decorator' retrieved from /Users/omer/Desktop/MLOPS/7day/.env/lib/python3.11/site-packages/airflow/example_dags/example_short_circuit_decorator.py
[2024-09-18T15:34:38.907+0000] {logging_mixin.py:190} INFO - [2024-09-18T15:34:38.906+0000] {dag.py:3229} INFO - Sync 1 DAGs
[2024-09-18T15:34:38.932+0000] {logging_mixin.py:190} INFO - [2024-09-18T15:34:38.932+0000] {dag.py:4156} INFO - Setting next_dagrun for example_short_circuit_decorator to None, run_after=None
[2024-09-18T15:34:38.937+0000] {processor.py:208} INFO - Processing /Users/omer/Desktop/MLOPS/7day/.env/lib/python3.11/site-packages/airflow/example_dags/example_short_circuit_decorator.py took 0.070 seconds
[2024-09-18T15:35:59.079+0000] {processor.py:186} INFO - Started process (PID=99126) to work on /Users/omer/Desktop/MLOPS/7day/.env/lib/python3.11/site-packages/airflow/example_dags/example_short_circuit_decorator.py
[2024-09-18T15:35:59.080+0000] {processor.py:914} INFO - Processing file /Users/omer/Desktop/MLOPS/7day/.env/lib/python3.11/site-packages/airflow/example_dags/example_short_circuit_decorator.py for tasks to queue
[2024-09-18T15:35:59.080+0000] {logging_mixin.py:190} INFO - [2024-09-18T15:35:59.080+0000] {dagbag.py:587} INFO - Filling up the DagBag from /Users/omer/Desktop/MLOPS/7day/.env/lib/python3.11/site-packages/airflow/example_dags/example_short_circuit_decorator.py
[2024-09-18T15:35:59.091+0000] {processor.py:925} INFO - DAG(s) 'example_short_circuit_decorator' retrieved from /Users/omer/Desktop/MLOPS/7day/.env/lib/python3.11/site-packages/airflow/example_dags/example_short_circuit_decorator.py
[2024-09-18T15:35:59.119+0000] {logging_mixin.py:190} INFO - [2024-09-18T15:35:59.119+0000] {dag.py:3229} INFO - Sync 1 DAGs
[2024-09-18T15:35:59.144+0000] {logging_mixin.py:190} INFO - [2024-09-18T15:35:59.144+0000] {dag.py:4156} INFO - Setting next_dagrun for example_short_circuit_decorator to None, run_after=None
[2024-09-18T15:35:59.152+0000] {processor.py:208} INFO - Processing /Users/omer/Desktop/MLOPS/7day/.env/lib/python3.11/site-packages/airflow/example_dags/example_short_circuit_decorator.py took 0.074 seconds
