[2024-09-18T14:48:54.795+0000] {processor.py:186} INFO - Started process (PID=93911) to work on /Users/omer/Desktop/MLOPS/7day/.env/lib/python3.11/site-packages/airflow/example_dags/example_skip_dag.py
[2024-09-18T14:48:54.795+0000] {processor.py:914} INFO - Processing file /Users/omer/Desktop/MLOPS/7day/.env/lib/python3.11/site-packages/airflow/example_dags/example_skip_dag.py for tasks to queue
[2024-09-18T14:48:54.795+0000] {logging_mixin.py:190} INFO - [2024-09-18T14:48:54.795+0000] {dagbag.py:587} INFO - Filling up the DagBag from /Users/omer/Desktop/MLOPS/7day/.env/lib/python3.11/site-packages/airflow/example_dags/example_skip_dag.py
[2024-09-18T14:48:54.798+0000] {processor.py:925} INFO - DAG(s) 'example_skip_dag' retrieved from /Users/omer/Desktop/MLOPS/7day/.env/lib/python3.11/site-packages/airflow/example_dags/example_skip_dag.py
[2024-09-18T14:48:54.869+0000] {logging_mixin.py:190} INFO - [2024-09-18T14:48:54.868+0000] {override.py:1900} INFO - Created Permission View: can read on DAG:example_skip_dag
[2024-09-18T14:48:54.871+0000] {logging_mixin.py:190} INFO - [2024-09-18T14:48:54.871+0000] {override.py:1900} INFO - Created Permission View: can edit on DAG:example_skip_dag
[2024-09-18T14:48:54.872+0000] {logging_mixin.py:190} INFO - [2024-09-18T14:48:54.872+0000] {override.py:1900} INFO - Created Permission View: can delete on DAG:example_skip_dag
[2024-09-18T14:48:54.875+0000] {logging_mixin.py:190} INFO - [2024-09-18T14:48:54.874+0000] {override.py:1900} INFO - Created Permission View: can read on DAG Run:example_skip_dag
[2024-09-18T14:48:54.876+0000] {logging_mixin.py:190} INFO - [2024-09-18T14:48:54.876+0000] {override.py:1900} INFO - Created Permission View: menu access on DAG Run:example_skip_dag
[2024-09-18T14:48:54.877+0000] {logging_mixin.py:190} INFO - [2024-09-18T14:48:54.877+0000] {override.py:1900} INFO - Created Permission View: can create on DAG Run:example_skip_dag
[2024-09-18T14:48:54.879+0000] {logging_mixin.py:190} INFO - [2024-09-18T14:48:54.879+0000] {override.py:1900} INFO - Created Permission View: can delete on DAG Run:example_skip_dag
[2024-09-18T14:48:54.879+0000] {logging_mixin.py:190} INFO - [2024-09-18T14:48:54.879+0000] {dag.py:3229} INFO - Sync 1 DAGs
[2024-09-18T14:48:54.883+0000] {logging_mixin.py:190} INFO - [2024-09-18T14:48:54.883+0000] {dag.py:3252} INFO - Creating ORM DAG for example_skip_dag
[2024-09-18T14:48:54.885+0000] {logging_mixin.py:190} INFO - [2024-09-18T14:48:54.885+0000] {dag.py:4156} INFO - Setting next_dagrun for example_skip_dag to 2024-09-17 00:00:00+00:00, run_after=2024-09-18 00:00:00+00:00
[2024-09-18T14:48:54.890+0000] {processor.py:208} INFO - Processing /Users/omer/Desktop/MLOPS/7day/.env/lib/python3.11/site-packages/airflow/example_dags/example_skip_dag.py took 0.096 seconds
[2024-09-18T14:50:15.226+0000] {processor.py:186} INFO - Started process (PID=94167) to work on /Users/omer/Desktop/MLOPS/7day/.env/lib/python3.11/site-packages/airflow/example_dags/example_skip_dag.py
[2024-09-18T14:50:15.227+0000] {processor.py:914} INFO - Processing file /Users/omer/Desktop/MLOPS/7day/.env/lib/python3.11/site-packages/airflow/example_dags/example_skip_dag.py for tasks to queue
[2024-09-18T14:50:15.228+0000] {logging_mixin.py:190} INFO - [2024-09-18T14:50:15.228+0000] {dagbag.py:587} INFO - Filling up the DagBag from /Users/omer/Desktop/MLOPS/7day/.env/lib/python3.11/site-packages/airflow/example_dags/example_skip_dag.py
[2024-09-18T14:50:15.232+0000] {processor.py:925} INFO - DAG(s) 'example_skip_dag' retrieved from /Users/omer/Desktop/MLOPS/7day/.env/lib/python3.11/site-packages/airflow/example_dags/example_skip_dag.py
[2024-09-18T14:50:15.259+0000] {logging_mixin.py:190} INFO - [2024-09-18T14:50:15.259+0000] {dag.py:3229} INFO - Sync 1 DAGs
[2024-09-18T14:50:15.264+0000] {logging_mixin.py:190} INFO - [2024-09-18T14:50:15.264+0000] {dag.py:4156} INFO - Setting next_dagrun for example_skip_dag to 2024-09-17 00:00:00+00:00, run_after=2024-09-18 00:00:00+00:00
[2024-09-18T14:50:15.269+0000] {processor.py:208} INFO - Processing /Users/omer/Desktop/MLOPS/7day/.env/lib/python3.11/site-packages/airflow/example_dags/example_skip_dag.py took 0.045 seconds
[2024-09-18T14:51:53.503+0000] {processor.py:186} INFO - Started process (PID=94404) to work on /Users/omer/Desktop/MLOPS/7day/.env/lib/python3.11/site-packages/airflow/example_dags/example_skip_dag.py
[2024-09-18T14:51:53.504+0000] {processor.py:914} INFO - Processing file /Users/omer/Desktop/MLOPS/7day/.env/lib/python3.11/site-packages/airflow/example_dags/example_skip_dag.py for tasks to queue
[2024-09-18T14:51:53.505+0000] {logging_mixin.py:190} INFO - [2024-09-18T14:51:53.505+0000] {dagbag.py:587} INFO - Filling up the DagBag from /Users/omer/Desktop/MLOPS/7day/.env/lib/python3.11/site-packages/airflow/example_dags/example_skip_dag.py
[2024-09-18T14:51:53.507+0000] {processor.py:925} INFO - DAG(s) 'example_skip_dag' retrieved from /Users/omer/Desktop/MLOPS/7day/.env/lib/python3.11/site-packages/airflow/example_dags/example_skip_dag.py
[2024-09-18T14:51:53.533+0000] {logging_mixin.py:190} INFO - [2024-09-18T14:51:53.533+0000] {dag.py:3229} INFO - Sync 1 DAGs
[2024-09-18T14:51:53.538+0000] {logging_mixin.py:190} INFO - [2024-09-18T14:51:53.538+0000] {dag.py:4156} INFO - Setting next_dagrun for example_skip_dag to 2024-09-17 00:00:00+00:00, run_after=2024-09-18 00:00:00+00:00
[2024-09-18T14:51:53.543+0000] {processor.py:208} INFO - Processing /Users/omer/Desktop/MLOPS/7day/.env/lib/python3.11/site-packages/airflow/example_dags/example_skip_dag.py took 0.041 seconds
[2024-09-18T14:53:34.639+0000] {processor.py:186} INFO - Started process (PID=94572) to work on /Users/omer/Desktop/MLOPS/7day/.env/lib/python3.11/site-packages/airflow/example_dags/example_skip_dag.py
[2024-09-18T14:53:34.640+0000] {processor.py:914} INFO - Processing file /Users/omer/Desktop/MLOPS/7day/.env/lib/python3.11/site-packages/airflow/example_dags/example_skip_dag.py for tasks to queue
[2024-09-18T14:53:34.640+0000] {logging_mixin.py:190} INFO - [2024-09-18T14:53:34.640+0000] {dagbag.py:587} INFO - Filling up the DagBag from /Users/omer/Desktop/MLOPS/7day/.env/lib/python3.11/site-packages/airflow/example_dags/example_skip_dag.py
[2024-09-18T14:53:34.643+0000] {processor.py:925} INFO - DAG(s) 'example_skip_dag' retrieved from /Users/omer/Desktop/MLOPS/7day/.env/lib/python3.11/site-packages/airflow/example_dags/example_skip_dag.py
[2024-09-18T14:53:34.668+0000] {logging_mixin.py:190} INFO - [2024-09-18T14:53:34.668+0000] {dag.py:3229} INFO - Sync 1 DAGs
[2024-09-18T14:53:34.673+0000] {logging_mixin.py:190} INFO - [2024-09-18T14:53:34.673+0000] {dag.py:4156} INFO - Setting next_dagrun for example_skip_dag to 2024-09-17 00:00:00+00:00, run_after=2024-09-18 00:00:00+00:00
[2024-09-18T14:53:34.678+0000] {processor.py:208} INFO - Processing /Users/omer/Desktop/MLOPS/7day/.env/lib/python3.11/site-packages/airflow/example_dags/example_skip_dag.py took 0.039 seconds
[2024-09-18T15:21:15.074+0000] {processor.py:186} INFO - Started process (PID=97153) to work on /Users/omer/Desktop/MLOPS/7day/.env/lib/python3.11/site-packages/airflow/example_dags/example_skip_dag.py
[2024-09-18T15:21:15.075+0000] {processor.py:914} INFO - Processing file /Users/omer/Desktop/MLOPS/7day/.env/lib/python3.11/site-packages/airflow/example_dags/example_skip_dag.py for tasks to queue
[2024-09-18T15:21:15.075+0000] {logging_mixin.py:190} INFO - [2024-09-18T15:21:15.075+0000] {dagbag.py:587} INFO - Filling up the DagBag from /Users/omer/Desktop/MLOPS/7day/.env/lib/python3.11/site-packages/airflow/example_dags/example_skip_dag.py
[2024-09-18T15:21:15.078+0000] {processor.py:925} INFO - DAG(s) 'example_skip_dag' retrieved from /Users/omer/Desktop/MLOPS/7day/.env/lib/python3.11/site-packages/airflow/example_dags/example_skip_dag.py
[2024-09-18T15:21:15.104+0000] {logging_mixin.py:190} INFO - [2024-09-18T15:21:15.104+0000] {dag.py:3229} INFO - Sync 1 DAGs
[2024-09-18T15:21:15.109+0000] {logging_mixin.py:190} INFO - [2024-09-18T15:21:15.109+0000] {dag.py:4156} INFO - Setting next_dagrun for example_skip_dag to 2024-09-17 00:00:00+00:00, run_after=2024-09-18 00:00:00+00:00
[2024-09-18T15:21:15.114+0000] {processor.py:208} INFO - Processing /Users/omer/Desktop/MLOPS/7day/.env/lib/python3.11/site-packages/airflow/example_dags/example_skip_dag.py took 0.041 seconds
[2024-09-18T15:22:33.977+0000] {processor.py:186} INFO - Started process (PID=97284) to work on /Users/omer/Desktop/MLOPS/7day/.env/lib/python3.11/site-packages/airflow/example_dags/example_skip_dag.py
[2024-09-18T15:22:33.978+0000] {processor.py:914} INFO - Processing file /Users/omer/Desktop/MLOPS/7day/.env/lib/python3.11/site-packages/airflow/example_dags/example_skip_dag.py for tasks to queue
[2024-09-18T15:22:33.979+0000] {logging_mixin.py:190} INFO - [2024-09-18T15:22:33.979+0000] {dagbag.py:587} INFO - Filling up the DagBag from /Users/omer/Desktop/MLOPS/7day/.env/lib/python3.11/site-packages/airflow/example_dags/example_skip_dag.py
[2024-09-18T15:22:33.981+0000] {processor.py:925} INFO - DAG(s) 'example_skip_dag' retrieved from /Users/omer/Desktop/MLOPS/7day/.env/lib/python3.11/site-packages/airflow/example_dags/example_skip_dag.py
[2024-09-18T15:22:34.009+0000] {logging_mixin.py:190} INFO - [2024-09-18T15:22:34.009+0000] {dag.py:3229} INFO - Sync 1 DAGs
[2024-09-18T15:22:34.014+0000] {logging_mixin.py:190} INFO - [2024-09-18T15:22:34.014+0000] {dag.py:4156} INFO - Setting next_dagrun for example_skip_dag to 2024-09-17 00:00:00+00:00, run_after=2024-09-18 00:00:00+00:00
[2024-09-18T15:22:34.020+0000] {processor.py:208} INFO - Processing /Users/omer/Desktop/MLOPS/7day/.env/lib/python3.11/site-packages/airflow/example_dags/example_skip_dag.py took 0.044 seconds
[2024-09-18T15:25:37.837+0000] {processor.py:186} INFO - Started process (PID=97616) to work on /Users/omer/Desktop/MLOPS/7day/.env/lib/python3.11/site-packages/airflow/example_dags/example_skip_dag.py
[2024-09-18T15:25:37.839+0000] {processor.py:914} INFO - Processing file /Users/omer/Desktop/MLOPS/7day/.env/lib/python3.11/site-packages/airflow/example_dags/example_skip_dag.py for tasks to queue
[2024-09-18T15:25:37.839+0000] {logging_mixin.py:190} INFO - [2024-09-18T15:25:37.839+0000] {dagbag.py:587} INFO - Filling up the DagBag from /Users/omer/Desktop/MLOPS/7day/.env/lib/python3.11/site-packages/airflow/example_dags/example_skip_dag.py
[2024-09-18T15:25:37.841+0000] {processor.py:925} INFO - DAG(s) 'example_skip_dag' retrieved from /Users/omer/Desktop/MLOPS/7day/.env/lib/python3.11/site-packages/airflow/example_dags/example_skip_dag.py
[2024-09-18T15:25:37.867+0000] {logging_mixin.py:190} INFO - [2024-09-18T15:25:37.867+0000] {dag.py:3229} INFO - Sync 1 DAGs
[2024-09-18T15:25:37.872+0000] {logging_mixin.py:190} INFO - [2024-09-18T15:25:37.872+0000] {dag.py:4156} INFO - Setting next_dagrun for example_skip_dag to 2024-09-17 00:00:00+00:00, run_after=2024-09-18 00:00:00+00:00
[2024-09-18T15:25:37.877+0000] {processor.py:208} INFO - Processing /Users/omer/Desktop/MLOPS/7day/.env/lib/python3.11/site-packages/airflow/example_dags/example_skip_dag.py took 0.041 seconds
[2024-09-18T15:26:58.560+0000] {processor.py:186} INFO - Started process (PID=97776) to work on /Users/omer/Desktop/MLOPS/7day/.env/lib/python3.11/site-packages/airflow/example_dags/example_skip_dag.py
[2024-09-18T15:26:58.561+0000] {processor.py:914} INFO - Processing file /Users/omer/Desktop/MLOPS/7day/.env/lib/python3.11/site-packages/airflow/example_dags/example_skip_dag.py for tasks to queue
[2024-09-18T15:26:58.562+0000] {logging_mixin.py:190} INFO - [2024-09-18T15:26:58.562+0000] {dagbag.py:587} INFO - Filling up the DagBag from /Users/omer/Desktop/MLOPS/7day/.env/lib/python3.11/site-packages/airflow/example_dags/example_skip_dag.py
[2024-09-18T15:26:58.564+0000] {processor.py:925} INFO - DAG(s) 'example_skip_dag' retrieved from /Users/omer/Desktop/MLOPS/7day/.env/lib/python3.11/site-packages/airflow/example_dags/example_skip_dag.py
[2024-09-18T15:26:58.592+0000] {logging_mixin.py:190} INFO - [2024-09-18T15:26:58.592+0000] {dag.py:3229} INFO - Sync 1 DAGs
[2024-09-18T15:26:58.597+0000] {logging_mixin.py:190} INFO - [2024-09-18T15:26:58.597+0000] {dag.py:4156} INFO - Setting next_dagrun for example_skip_dag to 2024-09-17 00:00:00+00:00, run_after=2024-09-18 00:00:00+00:00
[2024-09-18T15:26:58.602+0000] {processor.py:208} INFO - Processing /Users/omer/Desktop/MLOPS/7day/.env/lib/python3.11/site-packages/airflow/example_dags/example_skip_dag.py took 0.043 seconds
[2024-09-18T15:28:19.179+0000] {processor.py:186} INFO - Started process (PID=97975) to work on /Users/omer/Desktop/MLOPS/7day/.env/lib/python3.11/site-packages/airflow/example_dags/example_skip_dag.py
[2024-09-18T15:28:19.180+0000] {processor.py:914} INFO - Processing file /Users/omer/Desktop/MLOPS/7day/.env/lib/python3.11/site-packages/airflow/example_dags/example_skip_dag.py for tasks to queue
[2024-09-18T15:28:19.180+0000] {logging_mixin.py:190} INFO - [2024-09-18T15:28:19.180+0000] {dagbag.py:587} INFO - Filling up the DagBag from /Users/omer/Desktop/MLOPS/7day/.env/lib/python3.11/site-packages/airflow/example_dags/example_skip_dag.py
[2024-09-18T15:28:19.183+0000] {processor.py:925} INFO - DAG(s) 'example_skip_dag' retrieved from /Users/omer/Desktop/MLOPS/7day/.env/lib/python3.11/site-packages/airflow/example_dags/example_skip_dag.py
[2024-09-18T15:28:19.211+0000] {logging_mixin.py:190} INFO - [2024-09-18T15:28:19.210+0000] {dag.py:3229} INFO - Sync 1 DAGs
[2024-09-18T15:28:19.216+0000] {logging_mixin.py:190} INFO - [2024-09-18T15:28:19.216+0000] {dag.py:4156} INFO - Setting next_dagrun for example_skip_dag to 2024-09-17 00:00:00+00:00, run_after=2024-09-18 00:00:00+00:00
[2024-09-18T15:28:19.221+0000] {processor.py:208} INFO - Processing /Users/omer/Desktop/MLOPS/7day/.env/lib/python3.11/site-packages/airflow/example_dags/example_skip_dag.py took 0.043 seconds
[2024-09-18T15:29:57.147+0000] {processor.py:186} INFO - Started process (PID=98212) to work on /Users/omer/Desktop/MLOPS/7day/.env/lib/python3.11/site-packages/airflow/example_dags/example_skip_dag.py
[2024-09-18T15:29:57.148+0000] {processor.py:914} INFO - Processing file /Users/omer/Desktop/MLOPS/7day/.env/lib/python3.11/site-packages/airflow/example_dags/example_skip_dag.py for tasks to queue
[2024-09-18T15:29:57.148+0000] {logging_mixin.py:190} INFO - [2024-09-18T15:29:57.148+0000] {dagbag.py:587} INFO - Filling up the DagBag from /Users/omer/Desktop/MLOPS/7day/.env/lib/python3.11/site-packages/airflow/example_dags/example_skip_dag.py
[2024-09-18T15:29:57.150+0000] {processor.py:925} INFO - DAG(s) 'example_skip_dag' retrieved from /Users/omer/Desktop/MLOPS/7day/.env/lib/python3.11/site-packages/airflow/example_dags/example_skip_dag.py
[2024-09-18T15:29:57.178+0000] {logging_mixin.py:190} INFO - [2024-09-18T15:29:57.178+0000] {dag.py:3229} INFO - Sync 1 DAGs
[2024-09-18T15:29:57.183+0000] {logging_mixin.py:190} INFO - [2024-09-18T15:29:57.183+0000] {dag.py:4156} INFO - Setting next_dagrun for example_skip_dag to 2024-09-17 00:00:00+00:00, run_after=2024-09-18 00:00:00+00:00
[2024-09-18T15:29:57.188+0000] {processor.py:208} INFO - Processing /Users/omer/Desktop/MLOPS/7day/.env/lib/python3.11/site-packages/airflow/example_dags/example_skip_dag.py took 0.042 seconds
[2024-09-18T15:31:33.202+0000] {processor.py:186} INFO - Started process (PID=98498) to work on /Users/omer/Desktop/MLOPS/7day/.env/lib/python3.11/site-packages/airflow/example_dags/example_skip_dag.py
[2024-09-18T15:31:33.202+0000] {processor.py:914} INFO - Processing file /Users/omer/Desktop/MLOPS/7day/.env/lib/python3.11/site-packages/airflow/example_dags/example_skip_dag.py for tasks to queue
[2024-09-18T15:31:33.202+0000] {logging_mixin.py:190} INFO - [2024-09-18T15:31:33.202+0000] {dagbag.py:587} INFO - Filling up the DagBag from /Users/omer/Desktop/MLOPS/7day/.env/lib/python3.11/site-packages/airflow/example_dags/example_skip_dag.py
[2024-09-18T15:31:33.205+0000] {processor.py:925} INFO - DAG(s) 'example_skip_dag' retrieved from /Users/omer/Desktop/MLOPS/7day/.env/lib/python3.11/site-packages/airflow/example_dags/example_skip_dag.py
[2024-09-18T15:31:33.233+0000] {logging_mixin.py:190} INFO - [2024-09-18T15:31:33.233+0000] {dag.py:3229} INFO - Sync 1 DAGs
[2024-09-18T15:31:33.238+0000] {logging_mixin.py:190} INFO - [2024-09-18T15:31:33.238+0000] {dag.py:4156} INFO - Setting next_dagrun for example_skip_dag to 2024-09-17 00:00:00+00:00, run_after=2024-09-18 00:00:00+00:00
[2024-09-18T15:31:33.244+0000] {processor.py:208} INFO - Processing /Users/omer/Desktop/MLOPS/7day/.env/lib/python3.11/site-packages/airflow/example_dags/example_skip_dag.py took 0.043 seconds
[2024-09-18T15:33:24.610+0000] {processor.py:186} INFO - Started process (PID=98803) to work on /Users/omer/Desktop/MLOPS/7day/.env/lib/python3.11/site-packages/airflow/example_dags/example_skip_dag.py
[2024-09-18T15:33:24.611+0000] {processor.py:914} INFO - Processing file /Users/omer/Desktop/MLOPS/7day/.env/lib/python3.11/site-packages/airflow/example_dags/example_skip_dag.py for tasks to queue
[2024-09-18T15:33:24.611+0000] {logging_mixin.py:190} INFO - [2024-09-18T15:33:24.611+0000] {dagbag.py:587} INFO - Filling up the DagBag from /Users/omer/Desktop/MLOPS/7day/.env/lib/python3.11/site-packages/airflow/example_dags/example_skip_dag.py
[2024-09-18T15:33:24.613+0000] {processor.py:925} INFO - DAG(s) 'example_skip_dag' retrieved from /Users/omer/Desktop/MLOPS/7day/.env/lib/python3.11/site-packages/airflow/example_dags/example_skip_dag.py
[2024-09-18T15:33:24.640+0000] {logging_mixin.py:190} INFO - [2024-09-18T15:33:24.640+0000] {dag.py:3229} INFO - Sync 1 DAGs
[2024-09-18T15:33:24.645+0000] {logging_mixin.py:190} INFO - [2024-09-18T15:33:24.645+0000] {dag.py:4156} INFO - Setting next_dagrun for example_skip_dag to 2024-09-17 00:00:00+00:00, run_after=2024-09-18 00:00:00+00:00
[2024-09-18T15:33:24.650+0000] {processor.py:208} INFO - Processing /Users/omer/Desktop/MLOPS/7day/.env/lib/python3.11/site-packages/airflow/example_dags/example_skip_dag.py took 0.041 seconds
[2024-09-18T15:34:35.649+0000] {processor.py:186} INFO - Started process (PID=98964) to work on /Users/omer/Desktop/MLOPS/7day/.env/lib/python3.11/site-packages/airflow/example_dags/example_skip_dag.py
[2024-09-18T15:34:35.649+0000] {processor.py:914} INFO - Processing file /Users/omer/Desktop/MLOPS/7day/.env/lib/python3.11/site-packages/airflow/example_dags/example_skip_dag.py for tasks to queue
[2024-09-18T15:34:35.650+0000] {logging_mixin.py:190} INFO - [2024-09-18T15:34:35.650+0000] {dagbag.py:587} INFO - Filling up the DagBag from /Users/omer/Desktop/MLOPS/7day/.env/lib/python3.11/site-packages/airflow/example_dags/example_skip_dag.py
[2024-09-18T15:34:35.653+0000] {processor.py:925} INFO - DAG(s) 'example_skip_dag' retrieved from /Users/omer/Desktop/MLOPS/7day/.env/lib/python3.11/site-packages/airflow/example_dags/example_skip_dag.py
[2024-09-18T15:34:35.684+0000] {logging_mixin.py:190} INFO - [2024-09-18T15:34:35.682+0000] {dag.py:3229} INFO - Sync 1 DAGs
[2024-09-18T15:34:35.690+0000] {logging_mixin.py:190} INFO - [2024-09-18T15:34:35.690+0000] {dag.py:4156} INFO - Setting next_dagrun for example_skip_dag to 2024-09-17 00:00:00+00:00, run_after=2024-09-18 00:00:00+00:00
[2024-09-18T15:34:35.695+0000] {processor.py:208} INFO - Processing /Users/omer/Desktop/MLOPS/7day/.env/lib/python3.11/site-packages/airflow/example_dags/example_skip_dag.py took 0.048 seconds
[2024-09-18T15:35:56.602+0000] {processor.py:186} INFO - Started process (PID=99121) to work on /Users/omer/Desktop/MLOPS/7day/.env/lib/python3.11/site-packages/airflow/example_dags/example_skip_dag.py
[2024-09-18T15:35:56.602+0000] {processor.py:914} INFO - Processing file /Users/omer/Desktop/MLOPS/7day/.env/lib/python3.11/site-packages/airflow/example_dags/example_skip_dag.py for tasks to queue
[2024-09-18T15:35:56.603+0000] {logging_mixin.py:190} INFO - [2024-09-18T15:35:56.603+0000] {dagbag.py:587} INFO - Filling up the DagBag from /Users/omer/Desktop/MLOPS/7day/.env/lib/python3.11/site-packages/airflow/example_dags/example_skip_dag.py
[2024-09-18T15:35:56.605+0000] {processor.py:925} INFO - DAG(s) 'example_skip_dag' retrieved from /Users/omer/Desktop/MLOPS/7day/.env/lib/python3.11/site-packages/airflow/example_dags/example_skip_dag.py
[2024-09-18T15:35:56.631+0000] {logging_mixin.py:190} INFO - [2024-09-18T15:35:56.631+0000] {dag.py:3229} INFO - Sync 1 DAGs
[2024-09-18T15:35:56.636+0000] {logging_mixin.py:190} INFO - [2024-09-18T15:35:56.636+0000] {dag.py:4156} INFO - Setting next_dagrun for example_skip_dag to 2024-09-17 00:00:00+00:00, run_after=2024-09-18 00:00:00+00:00
[2024-09-18T15:35:56.641+0000] {processor.py:208} INFO - Processing /Users/omer/Desktop/MLOPS/7day/.env/lib/python3.11/site-packages/airflow/example_dags/example_skip_dag.py took 0.040 seconds
