[2024-09-18T14:49:30.933+0000] {processor.py:186} INFO - Started process (PID=94025) to work on /Users/omer/Desktop/MLOPS/7day/.env/lib/python3.11/site-packages/airflow/example_dags/example_dataset_alias.py
[2024-09-18T14:49:30.934+0000] {processor.py:914} INFO - Processing file /Users/omer/Desktop/MLOPS/7day/.env/lib/python3.11/site-packages/airflow/example_dags/example_dataset_alias.py for tasks to queue
[2024-09-18T14:49:30.934+0000] {logging_mixin.py:190} INFO - [2024-09-18T14:49:30.934+0000] {dagbag.py:587} INFO - Filling up the DagBag from /Users/omer/Desktop/MLOPS/7day/.env/lib/python3.11/site-packages/airflow/example_dags/example_dataset_alias.py
[2024-09-18T14:49:30.979+0000] {processor.py:925} INFO - DAG(s) 'dataset_alias_example_alias_producer', 'dataset_s3_bucket_consumer', 'dataset_alias_example_alias_consumer', 'dataset_s3_bucket_producer' retrieved from /Users/omer/Desktop/MLOPS/7day/.env/lib/python3.11/site-packages/airflow/example_dags/example_dataset_alias.py
[2024-09-18T14:49:31.030+0000] {logging_mixin.py:190} INFO - [2024-09-18T14:49:31.030+0000] {override.py:1900} INFO - Created Permission View: can read on DAG:dataset_alias_example_alias_producer
[2024-09-18T14:49:31.033+0000] {logging_mixin.py:190} INFO - [2024-09-18T14:49:31.032+0000] {override.py:1900} INFO - Created Permission View: can delete on DAG:dataset_alias_example_alias_producer
[2024-09-18T14:49:31.034+0000] {logging_mixin.py:190} INFO - [2024-09-18T14:49:31.034+0000] {override.py:1900} INFO - Created Permission View: can edit on DAG:dataset_alias_example_alias_producer
[2024-09-18T14:49:31.036+0000] {logging_mixin.py:190} INFO - [2024-09-18T14:49:31.036+0000] {override.py:1900} INFO - Created Permission View: can read on DAG Run:dataset_alias_example_alias_producer
[2024-09-18T14:49:31.038+0000] {logging_mixin.py:190} INFO - [2024-09-18T14:49:31.038+0000] {override.py:1900} INFO - Created Permission View: can create on DAG Run:dataset_alias_example_alias_producer
[2024-09-18T14:49:31.039+0000] {logging_mixin.py:190} INFO - [2024-09-18T14:49:31.039+0000] {override.py:1900} INFO - Created Permission View: menu access on DAG Run:dataset_alias_example_alias_producer
[2024-09-18T14:49:31.041+0000] {logging_mixin.py:190} INFO - [2024-09-18T14:49:31.041+0000] {override.py:1900} INFO - Created Permission View: can delete on DAG Run:dataset_alias_example_alias_producer
[2024-09-18T14:49:31.044+0000] {logging_mixin.py:190} INFO - [2024-09-18T14:49:31.043+0000] {override.py:1900} INFO - Created Permission View: can read on DAG:dataset_s3_bucket_consumer
[2024-09-18T14:49:31.045+0000] {logging_mixin.py:190} INFO - [2024-09-18T14:49:31.045+0000] {override.py:1900} INFO - Created Permission View: can delete on DAG:dataset_s3_bucket_consumer
[2024-09-18T14:49:31.047+0000] {logging_mixin.py:190} INFO - [2024-09-18T14:49:31.047+0000] {override.py:1900} INFO - Created Permission View: can edit on DAG:dataset_s3_bucket_consumer
[2024-09-18T14:49:31.049+0000] {logging_mixin.py:190} INFO - [2024-09-18T14:49:31.048+0000] {override.py:1900} INFO - Created Permission View: can read on DAG Run:dataset_s3_bucket_consumer
[2024-09-18T14:49:31.050+0000] {logging_mixin.py:190} INFO - [2024-09-18T14:49:31.050+0000] {override.py:1900} INFO - Created Permission View: can create on DAG Run:dataset_s3_bucket_consumer
[2024-09-18T14:49:31.051+0000] {logging_mixin.py:190} INFO - [2024-09-18T14:49:31.051+0000] {override.py:1900} INFO - Created Permission View: menu access on DAG Run:dataset_s3_bucket_consumer
[2024-09-18T14:49:31.053+0000] {logging_mixin.py:190} INFO - [2024-09-18T14:49:31.053+0000] {override.py:1900} INFO - Created Permission View: can delete on DAG Run:dataset_s3_bucket_consumer
[2024-09-18T14:49:31.055+0000] {logging_mixin.py:190} INFO - [2024-09-18T14:49:31.055+0000] {override.py:1900} INFO - Created Permission View: can read on DAG:dataset_alias_example_alias_consumer
[2024-09-18T14:49:31.057+0000] {logging_mixin.py:190} INFO - [2024-09-18T14:49:31.056+0000] {override.py:1900} INFO - Created Permission View: can delete on DAG:dataset_alias_example_alias_consumer
[2024-09-18T14:49:31.058+0000] {logging_mixin.py:190} INFO - [2024-09-18T14:49:31.058+0000] {override.py:1900} INFO - Created Permission View: can edit on DAG:dataset_alias_example_alias_consumer
[2024-09-18T14:49:31.060+0000] {logging_mixin.py:190} INFO - [2024-09-18T14:49:31.060+0000] {override.py:1900} INFO - Created Permission View: can read on DAG Run:dataset_alias_example_alias_consumer
[2024-09-18T14:49:31.061+0000] {logging_mixin.py:190} INFO - [2024-09-18T14:49:31.061+0000] {override.py:1900} INFO - Created Permission View: can create on DAG Run:dataset_alias_example_alias_consumer
[2024-09-18T14:49:31.062+0000] {logging_mixin.py:190} INFO - [2024-09-18T14:49:31.062+0000] {override.py:1900} INFO - Created Permission View: menu access on DAG Run:dataset_alias_example_alias_consumer
[2024-09-18T14:49:31.063+0000] {logging_mixin.py:190} INFO - [2024-09-18T14:49:31.063+0000] {override.py:1900} INFO - Created Permission View: can delete on DAG Run:dataset_alias_example_alias_consumer
[2024-09-18T14:49:31.067+0000] {logging_mixin.py:190} INFO - [2024-09-18T14:49:31.067+0000] {override.py:1900} INFO - Created Permission View: can read on DAG:dataset_s3_bucket_producer
[2024-09-18T14:49:31.069+0000] {logging_mixin.py:190} INFO - [2024-09-18T14:49:31.069+0000] {override.py:1900} INFO - Created Permission View: can delete on DAG:dataset_s3_bucket_producer
[2024-09-18T14:49:31.070+0000] {logging_mixin.py:190} INFO - [2024-09-18T14:49:31.070+0000] {override.py:1900} INFO - Created Permission View: can edit on DAG:dataset_s3_bucket_producer
[2024-09-18T14:49:31.072+0000] {logging_mixin.py:190} INFO - [2024-09-18T14:49:31.072+0000] {override.py:1900} INFO - Created Permission View: can read on DAG Run:dataset_s3_bucket_producer
[2024-09-18T14:49:31.074+0000] {logging_mixin.py:190} INFO - [2024-09-18T14:49:31.074+0000] {override.py:1900} INFO - Created Permission View: can create on DAG Run:dataset_s3_bucket_producer
[2024-09-18T14:49:31.076+0000] {logging_mixin.py:190} INFO - [2024-09-18T14:49:31.076+0000] {override.py:1900} INFO - Created Permission View: menu access on DAG Run:dataset_s3_bucket_producer
[2024-09-18T14:49:31.077+0000] {logging_mixin.py:190} INFO - [2024-09-18T14:49:31.077+0000] {override.py:1900} INFO - Created Permission View: can delete on DAG Run:dataset_s3_bucket_producer
[2024-09-18T14:49:31.077+0000] {logging_mixin.py:190} INFO - [2024-09-18T14:49:31.077+0000] {dag.py:3229} INFO - Sync 4 DAGs
[2024-09-18T14:49:31.081+0000] {logging_mixin.py:190} INFO - [2024-09-18T14:49:31.081+0000] {dag.py:3252} INFO - Creating ORM DAG for dataset_s3_bucket_producer
[2024-09-18T14:49:31.081+0000] {logging_mixin.py:190} INFO - [2024-09-18T14:49:31.081+0000] {dag.py:3252} INFO - Creating ORM DAG for dataset_alias_example_alias_consumer
[2024-09-18T14:49:31.082+0000] {logging_mixin.py:190} INFO - [2024-09-18T14:49:31.082+0000] {dag.py:3252} INFO - Creating ORM DAG for dataset_alias_example_alias_producer
[2024-09-18T14:49:31.082+0000] {logging_mixin.py:190} INFO - [2024-09-18T14:49:31.082+0000] {dag.py:3252} INFO - Creating ORM DAG for dataset_s3_bucket_consumer
[2024-09-18T14:49:31.084+0000] {logging_mixin.py:190} INFO - [2024-09-18T14:49:31.084+0000] {dag.py:4156} INFO - Setting next_dagrun for dataset_alias_example_alias_consumer to None, run_after=None
[2024-09-18T14:49:31.084+0000] {logging_mixin.py:190} INFO - [2024-09-18T14:49:31.084+0000] {dag.py:4156} INFO - Setting next_dagrun for dataset_alias_example_alias_producer to None, run_after=None
[2024-09-18T14:49:31.084+0000] {logging_mixin.py:190} INFO - [2024-09-18T14:49:31.084+0000] {dag.py:4156} INFO - Setting next_dagrun for dataset_s3_bucket_consumer to None, run_after=None
[2024-09-18T14:49:31.084+0000] {logging_mixin.py:190} INFO - [2024-09-18T14:49:31.084+0000] {dag.py:4156} INFO - Setting next_dagrun for dataset_s3_bucket_producer to None, run_after=None
[2024-09-18T14:49:31.095+0000] {logging_mixin.py:190} INFO - [2024-09-18T14:49:31.095+0000] {workday.py:41} WARNING - Could not import pandas. Holidays will not be considered.
[2024-09-18T14:49:31.102+0000] {processor.py:208} INFO - Processing /Users/omer/Desktop/MLOPS/7day/.env/lib/python3.11/site-packages/airflow/example_dags/example_dataset_alias.py took 0.170 seconds
[2024-09-18T14:51:10.217+0000] {processor.py:186} INFO - Started process (PID=94293) to work on /Users/omer/Desktop/MLOPS/7day/.env/lib/python3.11/site-packages/airflow/example_dags/example_dataset_alias.py
[2024-09-18T14:51:10.218+0000] {processor.py:914} INFO - Processing file /Users/omer/Desktop/MLOPS/7day/.env/lib/python3.11/site-packages/airflow/example_dags/example_dataset_alias.py for tasks to queue
[2024-09-18T14:51:10.218+0000] {logging_mixin.py:190} INFO - [2024-09-18T14:51:10.218+0000] {dagbag.py:587} INFO - Filling up the DagBag from /Users/omer/Desktop/MLOPS/7day/.env/lib/python3.11/site-packages/airflow/example_dags/example_dataset_alias.py
[2024-09-18T14:51:10.261+0000] {processor.py:925} INFO - DAG(s) 'dataset_s3_bucket_producer', 'dataset_s3_bucket_consumer', 'dataset_alias_example_alias_consumer', 'dataset_alias_example_alias_producer' retrieved from /Users/omer/Desktop/MLOPS/7day/.env/lib/python3.11/site-packages/airflow/example_dags/example_dataset_alias.py
[2024-09-18T14:51:10.287+0000] {logging_mixin.py:190} INFO - [2024-09-18T14:51:10.287+0000] {dag.py:3229} INFO - Sync 4 DAGs
[2024-09-18T14:51:10.292+0000] {logging_mixin.py:190} INFO - [2024-09-18T14:51:10.292+0000] {dag.py:4156} INFO - Setting next_dagrun for dataset_alias_example_alias_consumer to None, run_after=None
[2024-09-18T14:51:10.293+0000] {logging_mixin.py:190} INFO - [2024-09-18T14:51:10.293+0000] {dag.py:4156} INFO - Setting next_dagrun for dataset_alias_example_alias_producer to None, run_after=None
[2024-09-18T14:51:10.293+0000] {logging_mixin.py:190} INFO - [2024-09-18T14:51:10.293+0000] {dag.py:4156} INFO - Setting next_dagrun for dataset_s3_bucket_consumer to None, run_after=None
[2024-09-18T14:51:10.293+0000] {logging_mixin.py:190} INFO - [2024-09-18T14:51:10.293+0000] {dag.py:4156} INFO - Setting next_dagrun for dataset_s3_bucket_producer to None, run_after=None
[2024-09-18T14:51:10.298+0000] {processor.py:208} INFO - Processing /Users/omer/Desktop/MLOPS/7day/.env/lib/python3.11/site-packages/airflow/example_dags/example_dataset_alias.py took 0.082 seconds
[2024-09-18T14:52:50.491+0000] {processor.py:186} INFO - Started process (PID=94507) to work on /Users/omer/Desktop/MLOPS/7day/.env/lib/python3.11/site-packages/airflow/example_dags/example_dataset_alias.py
[2024-09-18T14:52:50.491+0000] {processor.py:914} INFO - Processing file /Users/omer/Desktop/MLOPS/7day/.env/lib/python3.11/site-packages/airflow/example_dags/example_dataset_alias.py for tasks to queue
[2024-09-18T14:52:50.491+0000] {logging_mixin.py:190} INFO - [2024-09-18T14:52:50.491+0000] {dagbag.py:587} INFO - Filling up the DagBag from /Users/omer/Desktop/MLOPS/7day/.env/lib/python3.11/site-packages/airflow/example_dags/example_dataset_alias.py
[2024-09-18T14:52:50.537+0000] {processor.py:925} INFO - DAG(s) 'dataset_alias_example_alias_producer', 'dataset_s3_bucket_consumer', 'dataset_alias_example_alias_consumer', 'dataset_s3_bucket_producer' retrieved from /Users/omer/Desktop/MLOPS/7day/.env/lib/python3.11/site-packages/airflow/example_dags/example_dataset_alias.py
[2024-09-18T14:52:50.591+0000] {logging_mixin.py:190} INFO - [2024-09-18T14:52:50.590+0000] {dag.py:3229} INFO - Sync 4 DAGs
[2024-09-18T14:52:50.596+0000] {logging_mixin.py:190} INFO - [2024-09-18T14:52:50.596+0000] {dag.py:4156} INFO - Setting next_dagrun for dataset_alias_example_alias_consumer to None, run_after=None
[2024-09-18T14:52:50.596+0000] {logging_mixin.py:190} INFO - [2024-09-18T14:52:50.596+0000] {dag.py:4156} INFO - Setting next_dagrun for dataset_alias_example_alias_producer to None, run_after=None
[2024-09-18T14:52:50.597+0000] {logging_mixin.py:190} INFO - [2024-09-18T14:52:50.597+0000] {dag.py:4156} INFO - Setting next_dagrun for dataset_s3_bucket_consumer to None, run_after=None
[2024-09-18T14:52:50.597+0000] {logging_mixin.py:190} INFO - [2024-09-18T14:52:50.597+0000] {dag.py:4156} INFO - Setting next_dagrun for dataset_s3_bucket_producer to None, run_after=None
[2024-09-18T14:52:50.603+0000] {processor.py:208} INFO - Processing /Users/omer/Desktop/MLOPS/7day/.env/lib/python3.11/site-packages/airflow/example_dags/example_dataset_alias.py took 0.113 seconds
[2024-09-18T14:54:30.176+0000] {processor.py:186} INFO - Started process (PID=94671) to work on /Users/omer/Desktop/MLOPS/7day/.env/lib/python3.11/site-packages/airflow/example_dags/example_dataset_alias.py
[2024-09-18T14:54:30.176+0000] {processor.py:914} INFO - Processing file /Users/omer/Desktop/MLOPS/7day/.env/lib/python3.11/site-packages/airflow/example_dags/example_dataset_alias.py for tasks to queue
[2024-09-18T14:54:30.177+0000] {logging_mixin.py:190} INFO - [2024-09-18T14:54:30.177+0000] {dagbag.py:587} INFO - Filling up the DagBag from /Users/omer/Desktop/MLOPS/7day/.env/lib/python3.11/site-packages/airflow/example_dags/example_dataset_alias.py
[2024-09-18T14:54:30.222+0000] {processor.py:925} INFO - DAG(s) 'dataset_alias_example_alias_consumer', 'dataset_s3_bucket_producer', 'dataset_s3_bucket_consumer', 'dataset_alias_example_alias_producer' retrieved from /Users/omer/Desktop/MLOPS/7day/.env/lib/python3.11/site-packages/airflow/example_dags/example_dataset_alias.py
[2024-09-18T14:54:30.252+0000] {logging_mixin.py:190} INFO - [2024-09-18T14:54:30.252+0000] {dag.py:3229} INFO - Sync 4 DAGs
[2024-09-18T14:54:30.257+0000] {logging_mixin.py:190} INFO - [2024-09-18T14:54:30.257+0000] {dag.py:4156} INFO - Setting next_dagrun for dataset_alias_example_alias_consumer to None, run_after=None
[2024-09-18T14:54:30.258+0000] {logging_mixin.py:190} INFO - [2024-09-18T14:54:30.258+0000] {dag.py:4156} INFO - Setting next_dagrun for dataset_alias_example_alias_producer to None, run_after=None
[2024-09-18T14:54:30.258+0000] {logging_mixin.py:190} INFO - [2024-09-18T14:54:30.258+0000] {dag.py:4156} INFO - Setting next_dagrun for dataset_s3_bucket_consumer to None, run_after=None
[2024-09-18T14:54:30.258+0000] {logging_mixin.py:190} INFO - [2024-09-18T14:54:30.258+0000] {dag.py:4156} INFO - Setting next_dagrun for dataset_s3_bucket_producer to None, run_after=None
[2024-09-18T14:54:30.264+0000] {processor.py:208} INFO - Processing /Users/omer/Desktop/MLOPS/7day/.env/lib/python3.11/site-packages/airflow/example_dags/example_dataset_alias.py took 0.089 seconds
[2024-09-18T15:21:49.849+0000] {processor.py:186} INFO - Started process (PID=97208) to work on /Users/omer/Desktop/MLOPS/7day/.env/lib/python3.11/site-packages/airflow/example_dags/example_dataset_alias.py
[2024-09-18T15:21:49.850+0000] {processor.py:914} INFO - Processing file /Users/omer/Desktop/MLOPS/7day/.env/lib/python3.11/site-packages/airflow/example_dags/example_dataset_alias.py for tasks to queue
[2024-09-18T15:21:49.851+0000] {logging_mixin.py:190} INFO - [2024-09-18T15:21:49.851+0000] {dagbag.py:587} INFO - Filling up the DagBag from /Users/omer/Desktop/MLOPS/7day/.env/lib/python3.11/site-packages/airflow/example_dags/example_dataset_alias.py
[2024-09-18T15:21:49.892+0000] {processor.py:925} INFO - DAG(s) 'dataset_s3_bucket_consumer', 'dataset_alias_example_alias_consumer', 'dataset_s3_bucket_producer', 'dataset_alias_example_alias_producer' retrieved from /Users/omer/Desktop/MLOPS/7day/.env/lib/python3.11/site-packages/airflow/example_dags/example_dataset_alias.py
[2024-09-18T15:21:49.919+0000] {logging_mixin.py:190} INFO - [2024-09-18T15:21:49.919+0000] {dag.py:3229} INFO - Sync 4 DAGs
[2024-09-18T15:21:49.924+0000] {logging_mixin.py:190} INFO - [2024-09-18T15:21:49.923+0000] {dag.py:4156} INFO - Setting next_dagrun for dataset_alias_example_alias_consumer to None, run_after=None
[2024-09-18T15:21:49.924+0000] {logging_mixin.py:190} INFO - [2024-09-18T15:21:49.924+0000] {dag.py:4156} INFO - Setting next_dagrun for dataset_alias_example_alias_producer to None, run_after=None
[2024-09-18T15:21:49.924+0000] {logging_mixin.py:190} INFO - [2024-09-18T15:21:49.924+0000] {dag.py:4156} INFO - Setting next_dagrun for dataset_s3_bucket_consumer to None, run_after=None
[2024-09-18T15:21:49.925+0000] {logging_mixin.py:190} INFO - [2024-09-18T15:21:49.925+0000] {dag.py:4156} INFO - Setting next_dagrun for dataset_s3_bucket_producer to None, run_after=None
[2024-09-18T15:21:49.930+0000] {processor.py:208} INFO - Processing /Users/omer/Desktop/MLOPS/7day/.env/lib/python3.11/site-packages/airflow/example_dags/example_dataset_alias.py took 0.082 seconds
[2024-09-18T15:23:29.260+0000] {processor.py:186} INFO - Started process (PID=97383) to work on /Users/omer/Desktop/MLOPS/7day/.env/lib/python3.11/site-packages/airflow/example_dags/example_dataset_alias.py
[2024-09-18T15:23:29.261+0000] {processor.py:914} INFO - Processing file /Users/omer/Desktop/MLOPS/7day/.env/lib/python3.11/site-packages/airflow/example_dags/example_dataset_alias.py for tasks to queue
[2024-09-18T15:23:29.261+0000] {logging_mixin.py:190} INFO - [2024-09-18T15:23:29.261+0000] {dagbag.py:587} INFO - Filling up the DagBag from /Users/omer/Desktop/MLOPS/7day/.env/lib/python3.11/site-packages/airflow/example_dags/example_dataset_alias.py
[2024-09-18T15:23:29.314+0000] {processor.py:925} INFO - DAG(s) 'dataset_alias_example_alias_producer', 'dataset_s3_bucket_producer', 'dataset_s3_bucket_consumer', 'dataset_alias_example_alias_consumer' retrieved from /Users/omer/Desktop/MLOPS/7day/.env/lib/python3.11/site-packages/airflow/example_dags/example_dataset_alias.py
[2024-09-18T15:23:29.342+0000] {logging_mixin.py:190} INFO - [2024-09-18T15:23:29.342+0000] {dag.py:3229} INFO - Sync 4 DAGs
[2024-09-18T15:23:29.348+0000] {logging_mixin.py:190} INFO - [2024-09-18T15:23:29.347+0000] {dag.py:4156} INFO - Setting next_dagrun for dataset_alias_example_alias_consumer to None, run_after=None
[2024-09-18T15:23:29.348+0000] {logging_mixin.py:190} INFO - [2024-09-18T15:23:29.348+0000] {dag.py:4156} INFO - Setting next_dagrun for dataset_alias_example_alias_producer to None, run_after=None
[2024-09-18T15:23:29.348+0000] {logging_mixin.py:190} INFO - [2024-09-18T15:23:29.348+0000] {dag.py:4156} INFO - Setting next_dagrun for dataset_s3_bucket_consumer to None, run_after=None
[2024-09-18T15:23:29.349+0000] {logging_mixin.py:190} INFO - [2024-09-18T15:23:29.349+0000] {dag.py:4156} INFO - Setting next_dagrun for dataset_s3_bucket_producer to None, run_after=None
[2024-09-18T15:23:29.355+0000] {processor.py:208} INFO - Processing /Users/omer/Desktop/MLOPS/7day/.env/lib/python3.11/site-packages/airflow/example_dags/example_dataset_alias.py took 0.096 seconds
[2024-09-18T15:27:34.146+0000] {processor.py:186} INFO - Started process (PID=97836) to work on /Users/omer/Desktop/MLOPS/7day/.env/lib/python3.11/site-packages/airflow/example_dags/example_dataset_alias.py
[2024-09-18T15:27:34.146+0000] {processor.py:914} INFO - Processing file /Users/omer/Desktop/MLOPS/7day/.env/lib/python3.11/site-packages/airflow/example_dags/example_dataset_alias.py for tasks to queue
[2024-09-18T15:27:34.147+0000] {logging_mixin.py:190} INFO - [2024-09-18T15:27:34.146+0000] {dagbag.py:587} INFO - Filling up the DagBag from /Users/omer/Desktop/MLOPS/7day/.env/lib/python3.11/site-packages/airflow/example_dags/example_dataset_alias.py
[2024-09-18T15:27:34.192+0000] {processor.py:925} INFO - DAG(s) 'dataset_s3_bucket_producer', 'dataset_s3_bucket_consumer', 'dataset_alias_example_alias_producer', 'dataset_alias_example_alias_consumer' retrieved from /Users/omer/Desktop/MLOPS/7day/.env/lib/python3.11/site-packages/airflow/example_dags/example_dataset_alias.py
[2024-09-18T15:27:34.221+0000] {logging_mixin.py:190} INFO - [2024-09-18T15:27:34.221+0000] {dag.py:3229} INFO - Sync 4 DAGs
[2024-09-18T15:27:34.226+0000] {logging_mixin.py:190} INFO - [2024-09-18T15:27:34.226+0000] {dag.py:4156} INFO - Setting next_dagrun for dataset_alias_example_alias_consumer to None, run_after=None
[2024-09-18T15:27:34.227+0000] {logging_mixin.py:190} INFO - [2024-09-18T15:27:34.227+0000] {dag.py:4156} INFO - Setting next_dagrun for dataset_alias_example_alias_producer to None, run_after=None
[2024-09-18T15:27:34.227+0000] {logging_mixin.py:190} INFO - [2024-09-18T15:27:34.227+0000] {dag.py:4156} INFO - Setting next_dagrun for dataset_s3_bucket_consumer to None, run_after=None
[2024-09-18T15:27:34.227+0000] {logging_mixin.py:190} INFO - [2024-09-18T15:27:34.227+0000] {dag.py:4156} INFO - Setting next_dagrun for dataset_s3_bucket_producer to None, run_after=None
[2024-09-18T15:27:34.234+0000] {processor.py:208} INFO - Processing /Users/omer/Desktop/MLOPS/7day/.env/lib/python3.11/site-packages/airflow/example_dags/example_dataset_alias.py took 0.089 seconds
[2024-09-18T15:29:15.465+0000] {processor.py:186} INFO - Started process (PID=98109) to work on /Users/omer/Desktop/MLOPS/7day/.env/lib/python3.11/site-packages/airflow/example_dags/example_dataset_alias.py
[2024-09-18T15:29:15.466+0000] {processor.py:914} INFO - Processing file /Users/omer/Desktop/MLOPS/7day/.env/lib/python3.11/site-packages/airflow/example_dags/example_dataset_alias.py for tasks to queue
[2024-09-18T15:29:15.466+0000] {logging_mixin.py:190} INFO - [2024-09-18T15:29:15.466+0000] {dagbag.py:587} INFO - Filling up the DagBag from /Users/omer/Desktop/MLOPS/7day/.env/lib/python3.11/site-packages/airflow/example_dags/example_dataset_alias.py
[2024-09-18T15:29:15.508+0000] {processor.py:925} INFO - DAG(s) 'dataset_s3_bucket_producer', 'dataset_s3_bucket_consumer', 'dataset_alias_example_alias_consumer', 'dataset_alias_example_alias_producer' retrieved from /Users/omer/Desktop/MLOPS/7day/.env/lib/python3.11/site-packages/airflow/example_dags/example_dataset_alias.py
[2024-09-18T15:29:15.534+0000] {logging_mixin.py:190} INFO - [2024-09-18T15:29:15.534+0000] {dag.py:3229} INFO - Sync 4 DAGs
[2024-09-18T15:29:15.539+0000] {logging_mixin.py:190} INFO - [2024-09-18T15:29:15.539+0000] {dag.py:4156} INFO - Setting next_dagrun for dataset_alias_example_alias_consumer to None, run_after=None
[2024-09-18T15:29:15.539+0000] {logging_mixin.py:190} INFO - [2024-09-18T15:29:15.539+0000] {dag.py:4156} INFO - Setting next_dagrun for dataset_alias_example_alias_producer to None, run_after=None
[2024-09-18T15:29:15.540+0000] {logging_mixin.py:190} INFO - [2024-09-18T15:29:15.540+0000] {dag.py:4156} INFO - Setting next_dagrun for dataset_s3_bucket_consumer to None, run_after=None
[2024-09-18T15:29:15.540+0000] {logging_mixin.py:190} INFO - [2024-09-18T15:29:15.540+0000] {dag.py:4156} INFO - Setting next_dagrun for dataset_s3_bucket_producer to None, run_after=None
[2024-09-18T15:29:15.546+0000] {processor.py:208} INFO - Processing /Users/omer/Desktop/MLOPS/7day/.env/lib/python3.11/site-packages/airflow/example_dags/example_dataset_alias.py took 0.082 seconds
[2024-09-18T15:30:53.086+0000] {processor.py:186} INFO - Started process (PID=98377) to work on /Users/omer/Desktop/MLOPS/7day/.env/lib/python3.11/site-packages/airflow/example_dags/example_dataset_alias.py
[2024-09-18T15:30:53.086+0000] {processor.py:914} INFO - Processing file /Users/omer/Desktop/MLOPS/7day/.env/lib/python3.11/site-packages/airflow/example_dags/example_dataset_alias.py for tasks to queue
[2024-09-18T15:30:53.087+0000] {logging_mixin.py:190} INFO - [2024-09-18T15:30:53.087+0000] {dagbag.py:587} INFO - Filling up the DagBag from /Users/omer/Desktop/MLOPS/7day/.env/lib/python3.11/site-packages/airflow/example_dags/example_dataset_alias.py
[2024-09-18T15:30:53.128+0000] {processor.py:925} INFO - DAG(s) 'dataset_alias_example_alias_producer', 'dataset_alias_example_alias_consumer', 'dataset_s3_bucket_producer', 'dataset_s3_bucket_consumer' retrieved from /Users/omer/Desktop/MLOPS/7day/.env/lib/python3.11/site-packages/airflow/example_dags/example_dataset_alias.py
[2024-09-18T15:30:53.154+0000] {logging_mixin.py:190} INFO - [2024-09-18T15:30:53.154+0000] {dag.py:3229} INFO - Sync 4 DAGs
[2024-09-18T15:30:53.159+0000] {logging_mixin.py:190} INFO - [2024-09-18T15:30:53.159+0000] {dag.py:4156} INFO - Setting next_dagrun for dataset_alias_example_alias_consumer to None, run_after=None
[2024-09-18T15:30:53.160+0000] {logging_mixin.py:190} INFO - [2024-09-18T15:30:53.160+0000] {dag.py:4156} INFO - Setting next_dagrun for dataset_alias_example_alias_producer to None, run_after=None
[2024-09-18T15:30:53.160+0000] {logging_mixin.py:190} INFO - [2024-09-18T15:30:53.160+0000] {dag.py:4156} INFO - Setting next_dagrun for dataset_s3_bucket_consumer to None, run_after=None
[2024-09-18T15:30:53.160+0000] {logging_mixin.py:190} INFO - [2024-09-18T15:30:53.160+0000] {dag.py:4156} INFO - Setting next_dagrun for dataset_s3_bucket_producer to None, run_after=None
[2024-09-18T15:30:53.167+0000] {processor.py:208} INFO - Processing /Users/omer/Desktop/MLOPS/7day/.env/lib/python3.11/site-packages/airflow/example_dags/example_dataset_alias.py took 0.082 seconds
[2024-09-18T15:32:31.219+0000] {processor.py:186} INFO - Started process (PID=98663) to work on /Users/omer/Desktop/MLOPS/7day/.env/lib/python3.11/site-packages/airflow/example_dags/example_dataset_alias.py
[2024-09-18T15:32:31.220+0000] {processor.py:914} INFO - Processing file /Users/omer/Desktop/MLOPS/7day/.env/lib/python3.11/site-packages/airflow/example_dags/example_dataset_alias.py for tasks to queue
[2024-09-18T15:32:31.220+0000] {logging_mixin.py:190} INFO - [2024-09-18T15:32:31.220+0000] {dagbag.py:587} INFO - Filling up the DagBag from /Users/omer/Desktop/MLOPS/7day/.env/lib/python3.11/site-packages/airflow/example_dags/example_dataset_alias.py
[2024-09-18T15:32:31.263+0000] {processor.py:925} INFO - DAG(s) 'dataset_alias_example_alias_consumer', 'dataset_s3_bucket_consumer', 'dataset_s3_bucket_producer', 'dataset_alias_example_alias_producer' retrieved from /Users/omer/Desktop/MLOPS/7day/.env/lib/python3.11/site-packages/airflow/example_dags/example_dataset_alias.py
[2024-09-18T15:32:31.291+0000] {logging_mixin.py:190} INFO - [2024-09-18T15:32:31.291+0000] {dag.py:3229} INFO - Sync 4 DAGs
[2024-09-18T15:32:31.296+0000] {logging_mixin.py:190} INFO - [2024-09-18T15:32:31.296+0000] {dag.py:4156} INFO - Setting next_dagrun for dataset_alias_example_alias_consumer to None, run_after=None
[2024-09-18T15:32:31.296+0000] {logging_mixin.py:190} INFO - [2024-09-18T15:32:31.296+0000] {dag.py:4156} INFO - Setting next_dagrun for dataset_alias_example_alias_producer to None, run_after=None
[2024-09-18T15:32:31.296+0000] {logging_mixin.py:190} INFO - [2024-09-18T15:32:31.296+0000] {dag.py:4156} INFO - Setting next_dagrun for dataset_s3_bucket_consumer to None, run_after=None
[2024-09-18T15:32:31.297+0000] {logging_mixin.py:190} INFO - [2024-09-18T15:32:31.297+0000] {dag.py:4156} INFO - Setting next_dagrun for dataset_s3_bucket_producer to None, run_after=None
[2024-09-18T15:32:31.302+0000] {processor.py:208} INFO - Processing /Users/omer/Desktop/MLOPS/7day/.env/lib/python3.11/site-packages/airflow/example_dags/example_dataset_alias.py took 0.084 seconds
[2024-09-18T15:35:10.944+0000] {processor.py:186} INFO - Started process (PID=99036) to work on /Users/omer/Desktop/MLOPS/7day/.env/lib/python3.11/site-packages/airflow/example_dags/example_dataset_alias.py
[2024-09-18T15:35:10.945+0000] {processor.py:914} INFO - Processing file /Users/omer/Desktop/MLOPS/7day/.env/lib/python3.11/site-packages/airflow/example_dags/example_dataset_alias.py for tasks to queue
[2024-09-18T15:35:10.946+0000] {logging_mixin.py:190} INFO - [2024-09-18T15:35:10.945+0000] {dagbag.py:587} INFO - Filling up the DagBag from /Users/omer/Desktop/MLOPS/7day/.env/lib/python3.11/site-packages/airflow/example_dags/example_dataset_alias.py
[2024-09-18T15:35:11.003+0000] {processor.py:925} INFO - DAG(s) 'dataset_alias_example_alias_producer', 'dataset_s3_bucket_producer', 'dataset_alias_example_alias_consumer', 'dataset_s3_bucket_consumer' retrieved from /Users/omer/Desktop/MLOPS/7day/.env/lib/python3.11/site-packages/airflow/example_dags/example_dataset_alias.py
[2024-09-18T15:35:11.037+0000] {logging_mixin.py:190} INFO - [2024-09-18T15:35:11.036+0000] {dag.py:3229} INFO - Sync 4 DAGs
[2024-09-18T15:35:11.042+0000] {logging_mixin.py:190} INFO - [2024-09-18T15:35:11.042+0000] {dag.py:4156} INFO - Setting next_dagrun for dataset_alias_example_alias_consumer to None, run_after=None
[2024-09-18T15:35:11.043+0000] {logging_mixin.py:190} INFO - [2024-09-18T15:35:11.043+0000] {dag.py:4156} INFO - Setting next_dagrun for dataset_alias_example_alias_producer to None, run_after=None
[2024-09-18T15:35:11.043+0000] {logging_mixin.py:190} INFO - [2024-09-18T15:35:11.043+0000] {dag.py:4156} INFO - Setting next_dagrun for dataset_s3_bucket_consumer to None, run_after=None
[2024-09-18T15:35:11.043+0000] {logging_mixin.py:190} INFO - [2024-09-18T15:35:11.043+0000] {dag.py:4156} INFO - Setting next_dagrun for dataset_s3_bucket_producer to None, run_after=None
[2024-09-18T15:35:11.050+0000] {processor.py:208} INFO - Processing /Users/omer/Desktop/MLOPS/7day/.env/lib/python3.11/site-packages/airflow/example_dags/example_dataset_alias.py took 0.107 seconds
