[2024-09-18T14:49:22.591+0000] {processor.py:186} INFO - Started process (PID=93998) to work on /Users/omer/Desktop/MLOPS/7day/.env/lib/python3.11/site-packages/airflow/example_dags/example_external_task_marker_dag.py
[2024-09-18T14:49:22.592+0000] {processor.py:914} INFO - Processing file /Users/omer/Desktop/MLOPS/7day/.env/lib/python3.11/site-packages/airflow/example_dags/example_external_task_marker_dag.py for tasks to queue
[2024-09-18T14:49:22.592+0000] {logging_mixin.py:190} INFO - [2024-09-18T14:49:22.592+0000] {dagbag.py:587} INFO - Filling up the DagBag from /Users/omer/Desktop/MLOPS/7day/.env/lib/python3.11/site-packages/airflow/example_dags/example_external_task_marker_dag.py
[2024-09-18T14:49:22.596+0000] {processor.py:925} INFO - DAG(s) 'example_external_task_marker_parent', 'example_external_task_marker_child' retrieved from /Users/omer/Desktop/MLOPS/7day/.env/lib/python3.11/site-packages/airflow/example_dags/example_external_task_marker_dag.py
[2024-09-18T14:49:22.663+0000] {logging_mixin.py:190} INFO - [2024-09-18T14:49:22.663+0000] {override.py:1900} INFO - Created Permission View: can read on DAG:example_external_task_marker_parent
[2024-09-18T14:49:22.666+0000] {logging_mixin.py:190} INFO - [2024-09-18T14:49:22.666+0000] {override.py:1900} INFO - Created Permission View: can edit on DAG:example_external_task_marker_parent
[2024-09-18T14:49:22.667+0000] {logging_mixin.py:190} INFO - [2024-09-18T14:49:22.667+0000] {override.py:1900} INFO - Created Permission View: can delete on DAG:example_external_task_marker_parent
[2024-09-18T14:49:22.669+0000] {logging_mixin.py:190} INFO - [2024-09-18T14:49:22.669+0000] {override.py:1900} INFO - Created Permission View: can read on DAG Run:example_external_task_marker_parent
[2024-09-18T14:49:22.671+0000] {logging_mixin.py:190} INFO - [2024-09-18T14:49:22.670+0000] {override.py:1900} INFO - Created Permission View: can create on DAG Run:example_external_task_marker_parent
[2024-09-18T14:49:22.672+0000] {logging_mixin.py:190} INFO - [2024-09-18T14:49:22.672+0000] {override.py:1900} INFO - Created Permission View: can delete on DAG Run:example_external_task_marker_parent
[2024-09-18T14:49:22.673+0000] {logging_mixin.py:190} INFO - [2024-09-18T14:49:22.673+0000] {override.py:1900} INFO - Created Permission View: menu access on DAG Run:example_external_task_marker_parent
[2024-09-18T14:49:22.675+0000] {logging_mixin.py:190} INFO - [2024-09-18T14:49:22.675+0000] {workday.py:41} WARNING - Could not import pandas. Holidays will not be considered.
[2024-09-18T14:49:22.681+0000] {logging_mixin.py:190} INFO - [2024-09-18T14:49:22.681+0000] {override.py:1900} INFO - Created Permission View: can read on DAG:example_external_task_marker_child
[2024-09-18T14:49:22.682+0000] {logging_mixin.py:190} INFO - [2024-09-18T14:49:22.682+0000] {override.py:1900} INFO - Created Permission View: can edit on DAG:example_external_task_marker_child
[2024-09-18T14:49:22.684+0000] {logging_mixin.py:190} INFO - [2024-09-18T14:49:22.684+0000] {override.py:1900} INFO - Created Permission View: can delete on DAG:example_external_task_marker_child
[2024-09-18T14:49:22.685+0000] {logging_mixin.py:190} INFO - [2024-09-18T14:49:22.685+0000] {override.py:1900} INFO - Created Permission View: can read on DAG Run:example_external_task_marker_child
[2024-09-18T14:49:22.687+0000] {logging_mixin.py:190} INFO - [2024-09-18T14:49:22.687+0000] {override.py:1900} INFO - Created Permission View: can create on DAG Run:example_external_task_marker_child
[2024-09-18T14:49:22.688+0000] {logging_mixin.py:190} INFO - [2024-09-18T14:49:22.688+0000] {override.py:1900} INFO - Created Permission View: can delete on DAG Run:example_external_task_marker_child
[2024-09-18T14:49:22.689+0000] {logging_mixin.py:190} INFO - [2024-09-18T14:49:22.689+0000] {override.py:1900} INFO - Created Permission View: menu access on DAG Run:example_external_task_marker_child
[2024-09-18T14:49:22.690+0000] {logging_mixin.py:190} INFO - [2024-09-18T14:49:22.689+0000] {dag.py:3229} INFO - Sync 2 DAGs
[2024-09-18T14:49:22.693+0000] {logging_mixin.py:190} INFO - [2024-09-18T14:49:22.693+0000] {dag.py:3252} INFO - Creating ORM DAG for example_external_task_marker_parent
[2024-09-18T14:49:22.693+0000] {logging_mixin.py:190} INFO - [2024-09-18T14:49:22.693+0000] {dag.py:3252} INFO - Creating ORM DAG for example_external_task_marker_child
[2024-09-18T14:49:22.693+0000] {logging_mixin.py:190} INFO - [2024-09-18T14:49:22.693+0000] {dag.py:4156} INFO - Setting next_dagrun for example_external_task_marker_child to None, run_after=None
[2024-09-18T14:49:22.694+0000] {logging_mixin.py:190} INFO - [2024-09-18T14:49:22.694+0000] {dag.py:4156} INFO - Setting next_dagrun for example_external_task_marker_parent to None, run_after=None
[2024-09-18T14:49:22.698+0000] {processor.py:208} INFO - Processing /Users/omer/Desktop/MLOPS/7day/.env/lib/python3.11/site-packages/airflow/example_dags/example_external_task_marker_dag.py took 0.107 seconds
[2024-09-18T14:51:01.403+0000] {processor.py:186} INFO - Started process (PID=94273) to work on /Users/omer/Desktop/MLOPS/7day/.env/lib/python3.11/site-packages/airflow/example_dags/example_external_task_marker_dag.py
[2024-09-18T14:51:01.403+0000] {processor.py:914} INFO - Processing file /Users/omer/Desktop/MLOPS/7day/.env/lib/python3.11/site-packages/airflow/example_dags/example_external_task_marker_dag.py for tasks to queue
[2024-09-18T14:51:01.404+0000] {logging_mixin.py:190} INFO - [2024-09-18T14:51:01.404+0000] {dagbag.py:587} INFO - Filling up the DagBag from /Users/omer/Desktop/MLOPS/7day/.env/lib/python3.11/site-packages/airflow/example_dags/example_external_task_marker_dag.py
[2024-09-18T14:51:01.408+0000] {processor.py:925} INFO - DAG(s) 'example_external_task_marker_child', 'example_external_task_marker_parent' retrieved from /Users/omer/Desktop/MLOPS/7day/.env/lib/python3.11/site-packages/airflow/example_dags/example_external_task_marker_dag.py
[2024-09-18T14:51:01.432+0000] {logging_mixin.py:190} INFO - [2024-09-18T14:51:01.432+0000] {workday.py:41} WARNING - Could not import pandas. Holidays will not be considered.
[2024-09-18T14:51:01.437+0000] {logging_mixin.py:190} INFO - [2024-09-18T14:51:01.437+0000] {dag.py:3229} INFO - Sync 2 DAGs
[2024-09-18T14:51:01.440+0000] {logging_mixin.py:190} INFO - [2024-09-18T14:51:01.440+0000] {dag.py:4156} INFO - Setting next_dagrun for example_external_task_marker_child to None, run_after=None
[2024-09-18T14:51:01.441+0000] {logging_mixin.py:190} INFO - [2024-09-18T14:51:01.441+0000] {dag.py:4156} INFO - Setting next_dagrun for example_external_task_marker_parent to None, run_after=None
[2024-09-18T14:51:01.445+0000] {processor.py:208} INFO - Processing /Users/omer/Desktop/MLOPS/7day/.env/lib/python3.11/site-packages/airflow/example_dags/example_external_task_marker_dag.py took 0.043 seconds
[2024-09-18T14:52:41.744+0000] {processor.py:186} INFO - Started process (PID=94495) to work on /Users/omer/Desktop/MLOPS/7day/.env/lib/python3.11/site-packages/airflow/example_dags/example_external_task_marker_dag.py
[2024-09-18T14:52:41.745+0000] {processor.py:914} INFO - Processing file /Users/omer/Desktop/MLOPS/7day/.env/lib/python3.11/site-packages/airflow/example_dags/example_external_task_marker_dag.py for tasks to queue
[2024-09-18T14:52:41.745+0000] {logging_mixin.py:190} INFO - [2024-09-18T14:52:41.745+0000] {dagbag.py:587} INFO - Filling up the DagBag from /Users/omer/Desktop/MLOPS/7day/.env/lib/python3.11/site-packages/airflow/example_dags/example_external_task_marker_dag.py
[2024-09-18T14:52:41.749+0000] {processor.py:925} INFO - DAG(s) 'example_external_task_marker_parent', 'example_external_task_marker_child' retrieved from /Users/omer/Desktop/MLOPS/7day/.env/lib/python3.11/site-packages/airflow/example_dags/example_external_task_marker_dag.py
[2024-09-18T14:52:41.777+0000] {logging_mixin.py:190} INFO - [2024-09-18T14:52:41.776+0000] {workday.py:41} WARNING - Could not import pandas. Holidays will not be considered.
[2024-09-18T14:52:41.781+0000] {logging_mixin.py:190} INFO - [2024-09-18T14:52:41.781+0000] {dag.py:3229} INFO - Sync 2 DAGs
[2024-09-18T14:52:41.785+0000] {logging_mixin.py:190} INFO - [2024-09-18T14:52:41.785+0000] {dag.py:4156} INFO - Setting next_dagrun for example_external_task_marker_child to None, run_after=None
[2024-09-18T14:52:41.786+0000] {logging_mixin.py:190} INFO - [2024-09-18T14:52:41.786+0000] {dag.py:4156} INFO - Setting next_dagrun for example_external_task_marker_parent to None, run_after=None
[2024-09-18T14:52:41.791+0000] {processor.py:208} INFO - Processing /Users/omer/Desktop/MLOPS/7day/.env/lib/python3.11/site-packages/airflow/example_dags/example_external_task_marker_dag.py took 0.048 seconds
[2024-09-18T14:54:21.860+0000] {processor.py:186} INFO - Started process (PID=94656) to work on /Users/omer/Desktop/MLOPS/7day/.env/lib/python3.11/site-packages/airflow/example_dags/example_external_task_marker_dag.py
[2024-09-18T14:54:21.862+0000] {processor.py:914} INFO - Processing file /Users/omer/Desktop/MLOPS/7day/.env/lib/python3.11/site-packages/airflow/example_dags/example_external_task_marker_dag.py for tasks to queue
[2024-09-18T14:54:21.862+0000] {logging_mixin.py:190} INFO - [2024-09-18T14:54:21.862+0000] {dagbag.py:587} INFO - Filling up the DagBag from /Users/omer/Desktop/MLOPS/7day/.env/lib/python3.11/site-packages/airflow/example_dags/example_external_task_marker_dag.py
[2024-09-18T14:54:21.865+0000] {processor.py:925} INFO - DAG(s) 'example_external_task_marker_child', 'example_external_task_marker_parent' retrieved from /Users/omer/Desktop/MLOPS/7day/.env/lib/python3.11/site-packages/airflow/example_dags/example_external_task_marker_dag.py
[2024-09-18T14:54:21.889+0000] {logging_mixin.py:190} INFO - [2024-09-18T14:54:21.889+0000] {workday.py:41} WARNING - Could not import pandas. Holidays will not be considered.
[2024-09-18T14:54:21.895+0000] {logging_mixin.py:190} INFO - [2024-09-18T14:54:21.895+0000] {dag.py:3229} INFO - Sync 2 DAGs
[2024-09-18T14:54:21.898+0000] {logging_mixin.py:190} INFO - [2024-09-18T14:54:21.898+0000] {dag.py:4156} INFO - Setting next_dagrun for example_external_task_marker_child to None, run_after=None
[2024-09-18T14:54:21.899+0000] {logging_mixin.py:190} INFO - [2024-09-18T14:54:21.899+0000] {dag.py:4156} INFO - Setting next_dagrun for example_external_task_marker_parent to None, run_after=None
[2024-09-18T14:54:21.903+0000] {processor.py:208} INFO - Processing /Users/omer/Desktop/MLOPS/7day/.env/lib/python3.11/site-packages/airflow/example_dags/example_external_task_marker_dag.py took 0.044 seconds
[2024-09-18T15:21:41.655+0000] {processor.py:186} INFO - Started process (PID=97192) to work on /Users/omer/Desktop/MLOPS/7day/.env/lib/python3.11/site-packages/airflow/example_dags/example_external_task_marker_dag.py
[2024-09-18T15:21:41.656+0000] {processor.py:914} INFO - Processing file /Users/omer/Desktop/MLOPS/7day/.env/lib/python3.11/site-packages/airflow/example_dags/example_external_task_marker_dag.py for tasks to queue
[2024-09-18T15:21:41.656+0000] {logging_mixin.py:190} INFO - [2024-09-18T15:21:41.656+0000] {dagbag.py:587} INFO - Filling up the DagBag from /Users/omer/Desktop/MLOPS/7day/.env/lib/python3.11/site-packages/airflow/example_dags/example_external_task_marker_dag.py
[2024-09-18T15:21:41.660+0000] {processor.py:925} INFO - DAG(s) 'example_external_task_marker_parent', 'example_external_task_marker_child' retrieved from /Users/omer/Desktop/MLOPS/7day/.env/lib/python3.11/site-packages/airflow/example_dags/example_external_task_marker_dag.py
[2024-09-18T15:21:41.686+0000] {logging_mixin.py:190} INFO - [2024-09-18T15:21:41.686+0000] {workday.py:41} WARNING - Could not import pandas. Holidays will not be considered.
[2024-09-18T15:21:41.689+0000] {logging_mixin.py:190} INFO - [2024-09-18T15:21:41.689+0000] {dag.py:3229} INFO - Sync 2 DAGs
[2024-09-18T15:21:41.692+0000] {logging_mixin.py:190} INFO - [2024-09-18T15:21:41.692+0000] {dag.py:4156} INFO - Setting next_dagrun for example_external_task_marker_child to None, run_after=None
[2024-09-18T15:21:41.693+0000] {logging_mixin.py:190} INFO - [2024-09-18T15:21:41.693+0000] {dag.py:4156} INFO - Setting next_dagrun for example_external_task_marker_parent to None, run_after=None
[2024-09-18T15:21:41.698+0000] {processor.py:208} INFO - Processing /Users/omer/Desktop/MLOPS/7day/.env/lib/python3.11/site-packages/airflow/example_dags/example_external_task_marker_dag.py took 0.044 seconds
[2024-09-18T15:23:20.672+0000] {processor.py:186} INFO - Started process (PID=97373) to work on /Users/omer/Desktop/MLOPS/7day/.env/lib/python3.11/site-packages/airflow/example_dags/example_external_task_marker_dag.py
[2024-09-18T15:23:20.673+0000] {processor.py:914} INFO - Processing file /Users/omer/Desktop/MLOPS/7day/.env/lib/python3.11/site-packages/airflow/example_dags/example_external_task_marker_dag.py for tasks to queue
[2024-09-18T15:23:20.673+0000] {logging_mixin.py:190} INFO - [2024-09-18T15:23:20.673+0000] {dagbag.py:587} INFO - Filling up the DagBag from /Users/omer/Desktop/MLOPS/7day/.env/lib/python3.11/site-packages/airflow/example_dags/example_external_task_marker_dag.py
[2024-09-18T15:23:20.677+0000] {processor.py:925} INFO - DAG(s) 'example_external_task_marker_child', 'example_external_task_marker_parent' retrieved from /Users/omer/Desktop/MLOPS/7day/.env/lib/python3.11/site-packages/airflow/example_dags/example_external_task_marker_dag.py
[2024-09-18T15:23:20.701+0000] {logging_mixin.py:190} INFO - [2024-09-18T15:23:20.701+0000] {workday.py:41} WARNING - Could not import pandas. Holidays will not be considered.
[2024-09-18T15:23:20.706+0000] {logging_mixin.py:190} INFO - [2024-09-18T15:23:20.706+0000] {dag.py:3229} INFO - Sync 2 DAGs
[2024-09-18T15:23:20.709+0000] {logging_mixin.py:190} INFO - [2024-09-18T15:23:20.709+0000] {dag.py:4156} INFO - Setting next_dagrun for example_external_task_marker_child to None, run_after=None
[2024-09-18T15:23:20.710+0000] {logging_mixin.py:190} INFO - [2024-09-18T15:23:20.710+0000] {dag.py:4156} INFO - Setting next_dagrun for example_external_task_marker_parent to None, run_after=None
[2024-09-18T15:23:20.715+0000] {processor.py:208} INFO - Processing /Users/omer/Desktop/MLOPS/7day/.env/lib/python3.11/site-packages/airflow/example_dags/example_external_task_marker_dag.py took 0.043 seconds
[2024-09-18T15:27:25.979+0000] {processor.py:186} INFO - Started process (PID=97824) to work on /Users/omer/Desktop/MLOPS/7day/.env/lib/python3.11/site-packages/airflow/example_dags/example_external_task_marker_dag.py
[2024-09-18T15:27:25.979+0000] {processor.py:914} INFO - Processing file /Users/omer/Desktop/MLOPS/7day/.env/lib/python3.11/site-packages/airflow/example_dags/example_external_task_marker_dag.py for tasks to queue
[2024-09-18T15:27:25.980+0000] {logging_mixin.py:190} INFO - [2024-09-18T15:27:25.980+0000] {dagbag.py:587} INFO - Filling up the DagBag from /Users/omer/Desktop/MLOPS/7day/.env/lib/python3.11/site-packages/airflow/example_dags/example_external_task_marker_dag.py
[2024-09-18T15:27:25.984+0000] {processor.py:925} INFO - DAG(s) 'example_external_task_marker_parent', 'example_external_task_marker_child' retrieved from /Users/omer/Desktop/MLOPS/7day/.env/lib/python3.11/site-packages/airflow/example_dags/example_external_task_marker_dag.py
[2024-09-18T15:27:26.012+0000] {logging_mixin.py:190} INFO - [2024-09-18T15:27:26.012+0000] {workday.py:41} WARNING - Could not import pandas. Holidays will not be considered.
[2024-09-18T15:27:26.016+0000] {logging_mixin.py:190} INFO - [2024-09-18T15:27:26.016+0000] {dag.py:3229} INFO - Sync 2 DAGs
[2024-09-18T15:27:26.020+0000] {logging_mixin.py:190} INFO - [2024-09-18T15:27:26.020+0000] {dag.py:4156} INFO - Setting next_dagrun for example_external_task_marker_child to None, run_after=None
[2024-09-18T15:27:26.021+0000] {logging_mixin.py:190} INFO - [2024-09-18T15:27:26.021+0000] {dag.py:4156} INFO - Setting next_dagrun for example_external_task_marker_parent to None, run_after=None
[2024-09-18T15:27:26.026+0000] {processor.py:208} INFO - Processing /Users/omer/Desktop/MLOPS/7day/.env/lib/python3.11/site-packages/airflow/example_dags/example_external_task_marker_dag.py took 0.049 seconds
[2024-09-18T15:29:06.594+0000] {processor.py:186} INFO - Started process (PID=98080) to work on /Users/omer/Desktop/MLOPS/7day/.env/lib/python3.11/site-packages/airflow/example_dags/example_external_task_marker_dag.py
[2024-09-18T15:29:06.595+0000] {processor.py:914} INFO - Processing file /Users/omer/Desktop/MLOPS/7day/.env/lib/python3.11/site-packages/airflow/example_dags/example_external_task_marker_dag.py for tasks to queue
[2024-09-18T15:29:06.595+0000] {logging_mixin.py:190} INFO - [2024-09-18T15:29:06.595+0000] {dagbag.py:587} INFO - Filling up the DagBag from /Users/omer/Desktop/MLOPS/7day/.env/lib/python3.11/site-packages/airflow/example_dags/example_external_task_marker_dag.py
[2024-09-18T15:29:06.599+0000] {processor.py:925} INFO - DAG(s) 'example_external_task_marker_child', 'example_external_task_marker_parent' retrieved from /Users/omer/Desktop/MLOPS/7day/.env/lib/python3.11/site-packages/airflow/example_dags/example_external_task_marker_dag.py
[2024-09-18T15:29:06.623+0000] {logging_mixin.py:190} INFO - [2024-09-18T15:29:06.623+0000] {workday.py:41} WARNING - Could not import pandas. Holidays will not be considered.
[2024-09-18T15:29:06.628+0000] {logging_mixin.py:190} INFO - [2024-09-18T15:29:06.628+0000] {dag.py:3229} INFO - Sync 2 DAGs
[2024-09-18T15:29:06.631+0000] {logging_mixin.py:190} INFO - [2024-09-18T15:29:06.631+0000] {dag.py:4156} INFO - Setting next_dagrun for example_external_task_marker_child to None, run_after=None
[2024-09-18T15:29:06.632+0000] {logging_mixin.py:190} INFO - [2024-09-18T15:29:06.632+0000] {dag.py:4156} INFO - Setting next_dagrun for example_external_task_marker_parent to None, run_after=None
[2024-09-18T15:29:06.636+0000] {processor.py:208} INFO - Processing /Users/omer/Desktop/MLOPS/7day/.env/lib/python3.11/site-packages/airflow/example_dags/example_external_task_marker_dag.py took 0.043 seconds
[2024-09-18T15:30:44.279+0000] {processor.py:186} INFO - Started process (PID=98353) to work on /Users/omer/Desktop/MLOPS/7day/.env/lib/python3.11/site-packages/airflow/example_dags/example_external_task_marker_dag.py
[2024-09-18T15:30:44.280+0000] {processor.py:914} INFO - Processing file /Users/omer/Desktop/MLOPS/7day/.env/lib/python3.11/site-packages/airflow/example_dags/example_external_task_marker_dag.py for tasks to queue
[2024-09-18T15:30:44.280+0000] {logging_mixin.py:190} INFO - [2024-09-18T15:30:44.280+0000] {dagbag.py:587} INFO - Filling up the DagBag from /Users/omer/Desktop/MLOPS/7day/.env/lib/python3.11/site-packages/airflow/example_dags/example_external_task_marker_dag.py
[2024-09-18T15:30:44.284+0000] {processor.py:925} INFO - DAG(s) 'example_external_task_marker_child', 'example_external_task_marker_parent' retrieved from /Users/omer/Desktop/MLOPS/7day/.env/lib/python3.11/site-packages/airflow/example_dags/example_external_task_marker_dag.py
[2024-09-18T15:30:44.308+0000] {logging_mixin.py:190} INFO - [2024-09-18T15:30:44.308+0000] {workday.py:41} WARNING - Could not import pandas. Holidays will not be considered.
[2024-09-18T15:30:44.313+0000] {logging_mixin.py:190} INFO - [2024-09-18T15:30:44.313+0000] {dag.py:3229} INFO - Sync 2 DAGs
[2024-09-18T15:30:44.316+0000] {logging_mixin.py:190} INFO - [2024-09-18T15:30:44.316+0000] {dag.py:4156} INFO - Setting next_dagrun for example_external_task_marker_child to None, run_after=None
[2024-09-18T15:30:44.317+0000] {logging_mixin.py:190} INFO - [2024-09-18T15:30:44.317+0000] {dag.py:4156} INFO - Setting next_dagrun for example_external_task_marker_parent to None, run_after=None
[2024-09-18T15:30:44.322+0000] {processor.py:208} INFO - Processing /Users/omer/Desktop/MLOPS/7day/.env/lib/python3.11/site-packages/airflow/example_dags/example_external_task_marker_dag.py took 0.044 seconds
[2024-09-18T15:32:22.260+0000] {processor.py:186} INFO - Started process (PID=98640) to work on /Users/omer/Desktop/MLOPS/7day/.env/lib/python3.11/site-packages/airflow/example_dags/example_external_task_marker_dag.py
[2024-09-18T15:32:22.261+0000] {processor.py:914} INFO - Processing file /Users/omer/Desktop/MLOPS/7day/.env/lib/python3.11/site-packages/airflow/example_dags/example_external_task_marker_dag.py for tasks to queue
[2024-09-18T15:32:22.261+0000] {logging_mixin.py:190} INFO - [2024-09-18T15:32:22.261+0000] {dagbag.py:587} INFO - Filling up the DagBag from /Users/omer/Desktop/MLOPS/7day/.env/lib/python3.11/site-packages/airflow/example_dags/example_external_task_marker_dag.py
[2024-09-18T15:32:22.265+0000] {processor.py:925} INFO - DAG(s) 'example_external_task_marker_child', 'example_external_task_marker_parent' retrieved from /Users/omer/Desktop/MLOPS/7day/.env/lib/python3.11/site-packages/airflow/example_dags/example_external_task_marker_dag.py
[2024-09-18T15:32:22.291+0000] {logging_mixin.py:190} INFO - [2024-09-18T15:32:22.291+0000] {workday.py:41} WARNING - Could not import pandas. Holidays will not be considered.
[2024-09-18T15:32:22.296+0000] {logging_mixin.py:190} INFO - [2024-09-18T15:32:22.296+0000] {dag.py:3229} INFO - Sync 2 DAGs
[2024-09-18T15:32:22.299+0000] {logging_mixin.py:190} INFO - [2024-09-18T15:32:22.299+0000] {dag.py:4156} INFO - Setting next_dagrun for example_external_task_marker_child to None, run_after=None
[2024-09-18T15:32:22.300+0000] {logging_mixin.py:190} INFO - [2024-09-18T15:32:22.300+0000] {dag.py:4156} INFO - Setting next_dagrun for example_external_task_marker_parent to None, run_after=None
[2024-09-18T15:32:22.306+0000] {processor.py:208} INFO - Processing /Users/omer/Desktop/MLOPS/7day/.env/lib/python3.11/site-packages/airflow/example_dags/example_external_task_marker_dag.py took 0.047 seconds
[2024-09-18T15:35:03.328+0000] {processor.py:186} INFO - Started process (PID=99025) to work on /Users/omer/Desktop/MLOPS/7day/.env/lib/python3.11/site-packages/airflow/example_dags/example_external_task_marker_dag.py
[2024-09-18T15:35:03.329+0000] {processor.py:914} INFO - Processing file /Users/omer/Desktop/MLOPS/7day/.env/lib/python3.11/site-packages/airflow/example_dags/example_external_task_marker_dag.py for tasks to queue
[2024-09-18T15:35:03.330+0000] {logging_mixin.py:190} INFO - [2024-09-18T15:35:03.330+0000] {dagbag.py:587} INFO - Filling up the DagBag from /Users/omer/Desktop/MLOPS/7day/.env/lib/python3.11/site-packages/airflow/example_dags/example_external_task_marker_dag.py
[2024-09-18T15:35:03.334+0000] {processor.py:925} INFO - DAG(s) 'example_external_task_marker_parent', 'example_external_task_marker_child' retrieved from /Users/omer/Desktop/MLOPS/7day/.env/lib/python3.11/site-packages/airflow/example_dags/example_external_task_marker_dag.py
[2024-09-18T15:35:03.360+0000] {logging_mixin.py:190} INFO - [2024-09-18T15:35:03.360+0000] {workday.py:41} WARNING - Could not import pandas. Holidays will not be considered.
[2024-09-18T15:35:03.363+0000] {logging_mixin.py:190} INFO - [2024-09-18T15:35:03.363+0000] {dag.py:3229} INFO - Sync 2 DAGs
[2024-09-18T15:35:03.367+0000] {logging_mixin.py:190} INFO - [2024-09-18T15:35:03.366+0000] {dag.py:4156} INFO - Setting next_dagrun for example_external_task_marker_child to None, run_after=None
[2024-09-18T15:35:03.367+0000] {logging_mixin.py:190} INFO - [2024-09-18T15:35:03.367+0000] {dag.py:4156} INFO - Setting next_dagrun for example_external_task_marker_parent to None, run_after=None
[2024-09-18T15:35:03.372+0000] {processor.py:208} INFO - Processing /Users/omer/Desktop/MLOPS/7day/.env/lib/python3.11/site-packages/airflow/example_dags/example_external_task_marker_dag.py took 0.045 seconds
