[2024-09-18T14:49:13.444+0000] {processor.py:186} INFO - Started process (PID=93975) to work on /Users/omer/Desktop/MLOPS/7day/.env/lib/python3.11/site-packages/airflow/example_dags/example_nested_branch_dag.py
[2024-09-18T14:49:13.445+0000] {processor.py:914} INFO - Processing file /Users/omer/Desktop/MLOPS/7day/.env/lib/python3.11/site-packages/airflow/example_dags/example_nested_branch_dag.py for tasks to queue
[2024-09-18T14:49:13.445+0000] {logging_mixin.py:190} INFO - [2024-09-18T14:49:13.445+0000] {dagbag.py:587} INFO - Filling up the DagBag from /Users/omer/Desktop/MLOPS/7day/.env/lib/python3.11/site-packages/airflow/example_dags/example_nested_branch_dag.py
[2024-09-18T14:49:13.456+0000] {processor.py:925} INFO - DAG(s) 'example_nested_branch_dag' retrieved from /Users/omer/Desktop/MLOPS/7day/.env/lib/python3.11/site-packages/airflow/example_dags/example_nested_branch_dag.py
[2024-09-18T14:49:13.526+0000] {logging_mixin.py:190} INFO - [2024-09-18T14:49:13.526+0000] {override.py:1900} INFO - Created Permission View: can edit on DAG:example_nested_branch_dag
[2024-09-18T14:49:13.528+0000] {logging_mixin.py:190} INFO - [2024-09-18T14:49:13.528+0000] {override.py:1900} INFO - Created Permission View: can delete on DAG:example_nested_branch_dag
[2024-09-18T14:49:13.529+0000] {logging_mixin.py:190} INFO - [2024-09-18T14:49:13.529+0000] {override.py:1900} INFO - Created Permission View: can read on DAG:example_nested_branch_dag
[2024-09-18T14:49:13.532+0000] {logging_mixin.py:190} INFO - [2024-09-18T14:49:13.531+0000] {override.py:1900} INFO - Created Permission View: can create on DAG Run:example_nested_branch_dag
[2024-09-18T14:49:13.533+0000] {logging_mixin.py:190} INFO - [2024-09-18T14:49:13.533+0000] {override.py:1900} INFO - Created Permission View: menu access on DAG Run:example_nested_branch_dag
[2024-09-18T14:49:13.534+0000] {logging_mixin.py:190} INFO - [2024-09-18T14:49:13.534+0000] {override.py:1900} INFO - Created Permission View: can delete on DAG Run:example_nested_branch_dag
[2024-09-18T14:49:13.536+0000] {logging_mixin.py:190} INFO - [2024-09-18T14:49:13.536+0000] {override.py:1900} INFO - Created Permission View: can read on DAG Run:example_nested_branch_dag
[2024-09-18T14:49:13.536+0000] {logging_mixin.py:190} INFO - [2024-09-18T14:49:13.536+0000] {dag.py:3229} INFO - Sync 1 DAGs
[2024-09-18T14:49:13.539+0000] {logging_mixin.py:190} INFO - [2024-09-18T14:49:13.539+0000] {dag.py:3252} INFO - Creating ORM DAG for example_nested_branch_dag
[2024-09-18T14:49:13.541+0000] {logging_mixin.py:190} INFO - [2024-09-18T14:49:13.541+0000] {dag.py:4156} INFO - Setting next_dagrun for example_nested_branch_dag to 2024-09-17 00:00:00+00:00, run_after=2024-09-18 00:00:00+00:00
[2024-09-18T14:49:13.546+0000] {processor.py:208} INFO - Processing /Users/omer/Desktop/MLOPS/7day/.env/lib/python3.11/site-packages/airflow/example_dags/example_nested_branch_dag.py took 0.103 seconds
[2024-09-18T14:50:33.419+0000] {processor.py:186} INFO - Started process (PID=94210) to work on /Users/omer/Desktop/MLOPS/7day/.env/lib/python3.11/site-packages/airflow/example_dags/example_nested_branch_dag.py
[2024-09-18T14:50:33.419+0000] {processor.py:914} INFO - Processing file /Users/omer/Desktop/MLOPS/7day/.env/lib/python3.11/site-packages/airflow/example_dags/example_nested_branch_dag.py for tasks to queue
[2024-09-18T14:50:33.419+0000] {logging_mixin.py:190} INFO - [2024-09-18T14:50:33.419+0000] {dagbag.py:587} INFO - Filling up the DagBag from /Users/omer/Desktop/MLOPS/7day/.env/lib/python3.11/site-packages/airflow/example_dags/example_nested_branch_dag.py
[2024-09-18T14:50:33.430+0000] {processor.py:925} INFO - DAG(s) 'example_nested_branch_dag' retrieved from /Users/omer/Desktop/MLOPS/7day/.env/lib/python3.11/site-packages/airflow/example_dags/example_nested_branch_dag.py
[2024-09-18T14:50:33.455+0000] {logging_mixin.py:190} INFO - [2024-09-18T14:50:33.455+0000] {dag.py:3229} INFO - Sync 1 DAGs
[2024-09-18T14:50:33.480+0000] {logging_mixin.py:190} INFO - [2024-09-18T14:50:33.480+0000] {dag.py:4156} INFO - Setting next_dagrun for example_nested_branch_dag to 2024-09-17 00:00:00+00:00, run_after=2024-09-18 00:00:00+00:00
[2024-09-18T14:50:33.486+0000] {processor.py:208} INFO - Processing /Users/omer/Desktop/MLOPS/7day/.env/lib/python3.11/site-packages/airflow/example_dags/example_nested_branch_dag.py took 0.068 seconds
[2024-09-18T14:52:12.569+0000] {processor.py:186} INFO - Started process (PID=94440) to work on /Users/omer/Desktop/MLOPS/7day/.env/lib/python3.11/site-packages/airflow/example_dags/example_nested_branch_dag.py
[2024-09-18T14:52:12.570+0000] {processor.py:914} INFO - Processing file /Users/omer/Desktop/MLOPS/7day/.env/lib/python3.11/site-packages/airflow/example_dags/example_nested_branch_dag.py for tasks to queue
[2024-09-18T14:52:12.571+0000] {logging_mixin.py:190} INFO - [2024-09-18T14:52:12.570+0000] {dagbag.py:587} INFO - Filling up the DagBag from /Users/omer/Desktop/MLOPS/7day/.env/lib/python3.11/site-packages/airflow/example_dags/example_nested_branch_dag.py
[2024-09-18T14:52:12.583+0000] {processor.py:925} INFO - DAG(s) 'example_nested_branch_dag' retrieved from /Users/omer/Desktop/MLOPS/7day/.env/lib/python3.11/site-packages/airflow/example_dags/example_nested_branch_dag.py
[2024-09-18T14:52:12.609+0000] {logging_mixin.py:190} INFO - [2024-09-18T14:52:12.609+0000] {dag.py:3229} INFO - Sync 1 DAGs
[2024-09-18T14:52:12.641+0000] {logging_mixin.py:190} INFO - [2024-09-18T14:52:12.640+0000] {dag.py:4156} INFO - Setting next_dagrun for example_nested_branch_dag to 2024-09-17 00:00:00+00:00, run_after=2024-09-18 00:00:00+00:00
[2024-09-18T14:52:12.645+0000] {processor.py:208} INFO - Processing /Users/omer/Desktop/MLOPS/7day/.env/lib/python3.11/site-packages/airflow/example_dags/example_nested_branch_dag.py took 0.077 seconds
[2024-09-18T14:53:53.129+0000] {processor.py:186} INFO - Started process (PID=94613) to work on /Users/omer/Desktop/MLOPS/7day/.env/lib/python3.11/site-packages/airflow/example_dags/example_nested_branch_dag.py
[2024-09-18T14:53:53.130+0000] {processor.py:914} INFO - Processing file /Users/omer/Desktop/MLOPS/7day/.env/lib/python3.11/site-packages/airflow/example_dags/example_nested_branch_dag.py for tasks to queue
[2024-09-18T14:53:53.131+0000] {logging_mixin.py:190} INFO - [2024-09-18T14:53:53.131+0000] {dagbag.py:587} INFO - Filling up the DagBag from /Users/omer/Desktop/MLOPS/7day/.env/lib/python3.11/site-packages/airflow/example_dags/example_nested_branch_dag.py
[2024-09-18T14:53:53.141+0000] {processor.py:925} INFO - DAG(s) 'example_nested_branch_dag' retrieved from /Users/omer/Desktop/MLOPS/7day/.env/lib/python3.11/site-packages/airflow/example_dags/example_nested_branch_dag.py
[2024-09-18T14:53:53.168+0000] {logging_mixin.py:190} INFO - [2024-09-18T14:53:53.168+0000] {dag.py:3229} INFO - Sync 1 DAGs
[2024-09-18T14:53:53.192+0000] {logging_mixin.py:190} INFO - [2024-09-18T14:53:53.192+0000] {dag.py:4156} INFO - Setting next_dagrun for example_nested_branch_dag to 2024-09-17 00:00:00+00:00, run_after=2024-09-18 00:00:00+00:00
[2024-09-18T14:53:53.198+0000] {processor.py:208} INFO - Processing /Users/omer/Desktop/MLOPS/7day/.env/lib/python3.11/site-packages/airflow/example_dags/example_nested_branch_dag.py took 0.069 seconds
[2024-09-18T15:21:33.653+0000] {processor.py:186} INFO - Started process (PID=97177) to work on /Users/omer/Desktop/MLOPS/7day/.env/lib/python3.11/site-packages/airflow/example_dags/example_nested_branch_dag.py
[2024-09-18T15:21:33.654+0000] {processor.py:914} INFO - Processing file /Users/omer/Desktop/MLOPS/7day/.env/lib/python3.11/site-packages/airflow/example_dags/example_nested_branch_dag.py for tasks to queue
[2024-09-18T15:21:33.654+0000] {logging_mixin.py:190} INFO - [2024-09-18T15:21:33.654+0000] {dagbag.py:587} INFO - Filling up the DagBag from /Users/omer/Desktop/MLOPS/7day/.env/lib/python3.11/site-packages/airflow/example_dags/example_nested_branch_dag.py
[2024-09-18T15:21:33.665+0000] {processor.py:925} INFO - DAG(s) 'example_nested_branch_dag' retrieved from /Users/omer/Desktop/MLOPS/7day/.env/lib/python3.11/site-packages/airflow/example_dags/example_nested_branch_dag.py
[2024-09-18T15:21:33.691+0000] {logging_mixin.py:190} INFO - [2024-09-18T15:21:33.691+0000] {dag.py:3229} INFO - Sync 1 DAGs
[2024-09-18T15:21:33.716+0000] {logging_mixin.py:190} INFO - [2024-09-18T15:21:33.716+0000] {dag.py:4156} INFO - Setting next_dagrun for example_nested_branch_dag to 2024-09-17 00:00:00+00:00, run_after=2024-09-18 00:00:00+00:00
[2024-09-18T15:21:33.722+0000] {processor.py:208} INFO - Processing /Users/omer/Desktop/MLOPS/7day/.env/lib/python3.11/site-packages/airflow/example_dags/example_nested_branch_dag.py took 0.070 seconds
[2024-09-18T15:22:52.984+0000] {processor.py:186} INFO - Started process (PID=97320) to work on /Users/omer/Desktop/MLOPS/7day/.env/lib/python3.11/site-packages/airflow/example_dags/example_nested_branch_dag.py
[2024-09-18T15:22:52.984+0000] {processor.py:914} INFO - Processing file /Users/omer/Desktop/MLOPS/7day/.env/lib/python3.11/site-packages/airflow/example_dags/example_nested_branch_dag.py for tasks to queue
[2024-09-18T15:22:52.985+0000] {logging_mixin.py:190} INFO - [2024-09-18T15:22:52.985+0000] {dagbag.py:587} INFO - Filling up the DagBag from /Users/omer/Desktop/MLOPS/7day/.env/lib/python3.11/site-packages/airflow/example_dags/example_nested_branch_dag.py
[2024-09-18T15:22:52.996+0000] {processor.py:925} INFO - DAG(s) 'example_nested_branch_dag' retrieved from /Users/omer/Desktop/MLOPS/7day/.env/lib/python3.11/site-packages/airflow/example_dags/example_nested_branch_dag.py
[2024-09-18T15:22:53.023+0000] {logging_mixin.py:190} INFO - [2024-09-18T15:22:53.023+0000] {dag.py:3229} INFO - Sync 1 DAGs
[2024-09-18T15:22:53.050+0000] {logging_mixin.py:190} INFO - [2024-09-18T15:22:53.050+0000] {dag.py:4156} INFO - Setting next_dagrun for example_nested_branch_dag to 2024-09-17 00:00:00+00:00, run_after=2024-09-18 00:00:00+00:00
[2024-09-18T15:22:53.056+0000] {processor.py:208} INFO - Processing /Users/omer/Desktop/MLOPS/7day/.env/lib/python3.11/site-packages/airflow/example_dags/example_nested_branch_dag.py took 0.073 seconds
[2024-09-18T15:27:17.261+0000] {processor.py:186} INFO - Started process (PID=97809) to work on /Users/omer/Desktop/MLOPS/7day/.env/lib/python3.11/site-packages/airflow/example_dags/example_nested_branch_dag.py
[2024-09-18T15:27:17.262+0000] {processor.py:914} INFO - Processing file /Users/omer/Desktop/MLOPS/7day/.env/lib/python3.11/site-packages/airflow/example_dags/example_nested_branch_dag.py for tasks to queue
[2024-09-18T15:27:17.262+0000] {logging_mixin.py:190} INFO - [2024-09-18T15:27:17.262+0000] {dagbag.py:587} INFO - Filling up the DagBag from /Users/omer/Desktop/MLOPS/7day/.env/lib/python3.11/site-packages/airflow/example_dags/example_nested_branch_dag.py
[2024-09-18T15:27:17.273+0000] {processor.py:925} INFO - DAG(s) 'example_nested_branch_dag' retrieved from /Users/omer/Desktop/MLOPS/7day/.env/lib/python3.11/site-packages/airflow/example_dags/example_nested_branch_dag.py
[2024-09-18T15:27:17.299+0000] {logging_mixin.py:190} INFO - [2024-09-18T15:27:17.299+0000] {dag.py:3229} INFO - Sync 1 DAGs
[2024-09-18T15:27:17.326+0000] {logging_mixin.py:190} INFO - [2024-09-18T15:27:17.326+0000] {dag.py:4156} INFO - Setting next_dagrun for example_nested_branch_dag to 2024-09-17 00:00:00+00:00, run_after=2024-09-18 00:00:00+00:00
[2024-09-18T15:27:17.331+0000] {processor.py:208} INFO - Processing /Users/omer/Desktop/MLOPS/7day/.env/lib/python3.11/site-packages/airflow/example_dags/example_nested_branch_dag.py took 0.071 seconds
[2024-09-18T15:28:36.857+0000] {processor.py:186} INFO - Started process (PID=98008) to work on /Users/omer/Desktop/MLOPS/7day/.env/lib/python3.11/site-packages/airflow/example_dags/example_nested_branch_dag.py
[2024-09-18T15:28:36.858+0000] {processor.py:914} INFO - Processing file /Users/omer/Desktop/MLOPS/7day/.env/lib/python3.11/site-packages/airflow/example_dags/example_nested_branch_dag.py for tasks to queue
[2024-09-18T15:28:36.858+0000] {logging_mixin.py:190} INFO - [2024-09-18T15:28:36.858+0000] {dagbag.py:587} INFO - Filling up the DagBag from /Users/omer/Desktop/MLOPS/7day/.env/lib/python3.11/site-packages/airflow/example_dags/example_nested_branch_dag.py
[2024-09-18T15:28:36.872+0000] {processor.py:925} INFO - DAG(s) 'example_nested_branch_dag' retrieved from /Users/omer/Desktop/MLOPS/7day/.env/lib/python3.11/site-packages/airflow/example_dags/example_nested_branch_dag.py
[2024-09-18T15:28:36.898+0000] {logging_mixin.py:190} INFO - [2024-09-18T15:28:36.898+0000] {dag.py:3229} INFO - Sync 1 DAGs
[2024-09-18T15:28:36.924+0000] {logging_mixin.py:190} INFO - [2024-09-18T15:28:36.924+0000] {dag.py:4156} INFO - Setting next_dagrun for example_nested_branch_dag to 2024-09-17 00:00:00+00:00, run_after=2024-09-18 00:00:00+00:00
[2024-09-18T15:28:36.929+0000] {processor.py:208} INFO - Processing /Users/omer/Desktop/MLOPS/7day/.env/lib/python3.11/site-packages/airflow/example_dags/example_nested_branch_dag.py took 0.073 seconds
[2024-09-18T15:30:15.863+0000] {processor.py:186} INFO - Started process (PID=98283) to work on /Users/omer/Desktop/MLOPS/7day/.env/lib/python3.11/site-packages/airflow/example_dags/example_nested_branch_dag.py
[2024-09-18T15:30:15.864+0000] {processor.py:914} INFO - Processing file /Users/omer/Desktop/MLOPS/7day/.env/lib/python3.11/site-packages/airflow/example_dags/example_nested_branch_dag.py for tasks to queue
[2024-09-18T15:30:15.864+0000] {logging_mixin.py:190} INFO - [2024-09-18T15:30:15.864+0000] {dagbag.py:587} INFO - Filling up the DagBag from /Users/omer/Desktop/MLOPS/7day/.env/lib/python3.11/site-packages/airflow/example_dags/example_nested_branch_dag.py
[2024-09-18T15:30:15.875+0000] {processor.py:925} INFO - DAG(s) 'example_nested_branch_dag' retrieved from /Users/omer/Desktop/MLOPS/7day/.env/lib/python3.11/site-packages/airflow/example_dags/example_nested_branch_dag.py
[2024-09-18T15:30:15.902+0000] {logging_mixin.py:190} INFO - [2024-09-18T15:30:15.902+0000] {dag.py:3229} INFO - Sync 1 DAGs
[2024-09-18T15:30:15.933+0000] {logging_mixin.py:190} INFO - [2024-09-18T15:30:15.933+0000] {dag.py:4156} INFO - Setting next_dagrun for example_nested_branch_dag to 2024-09-17 00:00:00+00:00, run_after=2024-09-18 00:00:00+00:00
[2024-09-18T15:30:15.939+0000] {processor.py:208} INFO - Processing /Users/omer/Desktop/MLOPS/7day/.env/lib/python3.11/site-packages/airflow/example_dags/example_nested_branch_dag.py took 0.077 seconds
[2024-09-18T15:31:52.345+0000] {processor.py:186} INFO - Started process (PID=98562) to work on /Users/omer/Desktop/MLOPS/7day/.env/lib/python3.11/site-packages/airflow/example_dags/example_nested_branch_dag.py
[2024-09-18T15:31:52.346+0000] {processor.py:914} INFO - Processing file /Users/omer/Desktop/MLOPS/7day/.env/lib/python3.11/site-packages/airflow/example_dags/example_nested_branch_dag.py for tasks to queue
[2024-09-18T15:31:52.346+0000] {logging_mixin.py:190} INFO - [2024-09-18T15:31:52.346+0000] {dagbag.py:587} INFO - Filling up the DagBag from /Users/omer/Desktop/MLOPS/7day/.env/lib/python3.11/site-packages/airflow/example_dags/example_nested_branch_dag.py
[2024-09-18T15:31:52.359+0000] {processor.py:925} INFO - DAG(s) 'example_nested_branch_dag' retrieved from /Users/omer/Desktop/MLOPS/7day/.env/lib/python3.11/site-packages/airflow/example_dags/example_nested_branch_dag.py
[2024-09-18T15:31:52.387+0000] {logging_mixin.py:190} INFO - [2024-09-18T15:31:52.387+0000] {dag.py:3229} INFO - Sync 1 DAGs
[2024-09-18T15:31:52.422+0000] {logging_mixin.py:190} INFO - [2024-09-18T15:31:52.421+0000] {dag.py:4156} INFO - Setting next_dagrun for example_nested_branch_dag to 2024-09-17 00:00:00+00:00, run_after=2024-09-18 00:00:00+00:00
[2024-09-18T15:31:52.427+0000] {processor.py:208} INFO - Processing /Users/omer/Desktop/MLOPS/7day/.env/lib/python3.11/site-packages/airflow/example_dags/example_nested_branch_dag.py took 0.083 seconds
[2024-09-18T15:34:54.607+0000] {processor.py:186} INFO - Started process (PID=99007) to work on /Users/omer/Desktop/MLOPS/7day/.env/lib/python3.11/site-packages/airflow/example_dags/example_nested_branch_dag.py
[2024-09-18T15:34:54.608+0000] {processor.py:914} INFO - Processing file /Users/omer/Desktop/MLOPS/7day/.env/lib/python3.11/site-packages/airflow/example_dags/example_nested_branch_dag.py for tasks to queue
[2024-09-18T15:34:54.608+0000] {logging_mixin.py:190} INFO - [2024-09-18T15:34:54.608+0000] {dagbag.py:587} INFO - Filling up the DagBag from /Users/omer/Desktop/MLOPS/7day/.env/lib/python3.11/site-packages/airflow/example_dags/example_nested_branch_dag.py
[2024-09-18T15:34:54.621+0000] {processor.py:925} INFO - DAG(s) 'example_nested_branch_dag' retrieved from /Users/omer/Desktop/MLOPS/7day/.env/lib/python3.11/site-packages/airflow/example_dags/example_nested_branch_dag.py
[2024-09-18T15:34:54.650+0000] {logging_mixin.py:190} INFO - [2024-09-18T15:34:54.650+0000] {dag.py:3229} INFO - Sync 1 DAGs
[2024-09-18T15:34:54.682+0000] {logging_mixin.py:190} INFO - [2024-09-18T15:34:54.682+0000] {dag.py:4156} INFO - Setting next_dagrun for example_nested_branch_dag to 2024-09-17 00:00:00+00:00, run_after=2024-09-18 00:00:00+00:00
[2024-09-18T15:34:54.687+0000] {processor.py:208} INFO - Processing /Users/omer/Desktop/MLOPS/7day/.env/lib/python3.11/site-packages/airflow/example_dags/example_nested_branch_dag.py took 0.081 seconds
