[2024-09-18T14:48:45.177+0000] {processor.py:186} INFO - Started process (PID=93881) to work on /Users/omer/Desktop/MLOPS/7day/.env/lib/python3.11/site-packages/airflow/example_dags/example_trigger_target_dag.py
[2024-09-18T14:48:45.178+0000] {processor.py:914} INFO - Processing file /Users/omer/Desktop/MLOPS/7day/.env/lib/python3.11/site-packages/airflow/example_dags/example_trigger_target_dag.py for tasks to queue
[2024-09-18T14:48:45.178+0000] {logging_mixin.py:190} INFO - [2024-09-18T14:48:45.178+0000] {dagbag.py:587} INFO - Filling up the DagBag from /Users/omer/Desktop/MLOPS/7day/.env/lib/python3.11/site-packages/airflow/example_dags/example_trigger_target_dag.py
[2024-09-18T14:48:45.189+0000] {processor.py:925} INFO - DAG(s) 'example_trigger_target_dag' retrieved from /Users/omer/Desktop/MLOPS/7day/.env/lib/python3.11/site-packages/airflow/example_dags/example_trigger_target_dag.py
[2024-09-18T14:48:45.256+0000] {logging_mixin.py:190} INFO - [2024-09-18T14:48:45.255+0000] {override.py:1900} INFO - Created Permission View: can read on DAG:example_trigger_target_dag
[2024-09-18T14:48:45.258+0000] {logging_mixin.py:190} INFO - [2024-09-18T14:48:45.258+0000] {override.py:1900} INFO - Created Permission View: can delete on DAG:example_trigger_target_dag
[2024-09-18T14:48:45.259+0000] {logging_mixin.py:190} INFO - [2024-09-18T14:48:45.259+0000] {override.py:1900} INFO - Created Permission View: can edit on DAG:example_trigger_target_dag
[2024-09-18T14:48:45.261+0000] {logging_mixin.py:190} INFO - [2024-09-18T14:48:45.261+0000] {override.py:1900} INFO - Created Permission View: menu access on DAG Run:example_trigger_target_dag
[2024-09-18T14:48:45.263+0000] {logging_mixin.py:190} INFO - [2024-09-18T14:48:45.263+0000] {override.py:1900} INFO - Created Permission View: can read on DAG Run:example_trigger_target_dag
[2024-09-18T14:48:45.264+0000] {logging_mixin.py:190} INFO - [2024-09-18T14:48:45.264+0000] {override.py:1900} INFO - Created Permission View: can delete on DAG Run:example_trigger_target_dag
[2024-09-18T14:48:45.265+0000] {logging_mixin.py:190} INFO - [2024-09-18T14:48:45.265+0000] {override.py:1900} INFO - Created Permission View: can create on DAG Run:example_trigger_target_dag
[2024-09-18T14:48:45.265+0000] {logging_mixin.py:190} INFO - [2024-09-18T14:48:45.265+0000] {dag.py:3229} INFO - Sync 1 DAGs
[2024-09-18T14:48:45.268+0000] {logging_mixin.py:190} INFO - [2024-09-18T14:48:45.268+0000] {dag.py:3252} INFO - Creating ORM DAG for example_trigger_target_dag
[2024-09-18T14:48:45.269+0000] {logging_mixin.py:190} INFO - [2024-09-18T14:48:45.269+0000] {dag.py:4156} INFO - Setting next_dagrun for example_trigger_target_dag to None, run_after=None
[2024-09-18T14:48:45.273+0000] {processor.py:208} INFO - Processing /Users/omer/Desktop/MLOPS/7day/.env/lib/python3.11/site-packages/airflow/example_dags/example_trigger_target_dag.py took 0.096 seconds
[2024-09-18T14:50:05.385+0000] {processor.py:186} INFO - Started process (PID=94125) to work on /Users/omer/Desktop/MLOPS/7day/.env/lib/python3.11/site-packages/airflow/example_dags/example_trigger_target_dag.py
[2024-09-18T14:50:05.386+0000] {processor.py:914} INFO - Processing file /Users/omer/Desktop/MLOPS/7day/.env/lib/python3.11/site-packages/airflow/example_dags/example_trigger_target_dag.py for tasks to queue
[2024-09-18T14:50:05.386+0000] {logging_mixin.py:190} INFO - [2024-09-18T14:50:05.386+0000] {dagbag.py:587} INFO - Filling up the DagBag from /Users/omer/Desktop/MLOPS/7day/.env/lib/python3.11/site-packages/airflow/example_dags/example_trigger_target_dag.py
[2024-09-18T14:50:05.396+0000] {processor.py:925} INFO - DAG(s) 'example_trigger_target_dag' retrieved from /Users/omer/Desktop/MLOPS/7day/.env/lib/python3.11/site-packages/airflow/example_dags/example_trigger_target_dag.py
[2024-09-18T14:50:05.421+0000] {logging_mixin.py:190} INFO - [2024-09-18T14:50:05.421+0000] {dag.py:3229} INFO - Sync 1 DAGs
[2024-09-18T14:50:05.444+0000] {logging_mixin.py:190} INFO - [2024-09-18T14:50:05.444+0000] {dag.py:4156} INFO - Setting next_dagrun for example_trigger_target_dag to None, run_after=None
[2024-09-18T14:50:05.450+0000] {processor.py:208} INFO - Processing /Users/omer/Desktop/MLOPS/7day/.env/lib/python3.11/site-packages/airflow/example_dags/example_trigger_target_dag.py took 0.066 seconds
[2024-09-18T14:50:54.322+0000] {processor.py:186} INFO - Started process (PID=94261) to work on /Users/omer/Desktop/MLOPS/7day/.env/lib/python3.11/site-packages/airflow/example_dags/example_trigger_target_dag.py
[2024-09-18T14:50:54.322+0000] {processor.py:914} INFO - Processing file /Users/omer/Desktop/MLOPS/7day/.env/lib/python3.11/site-packages/airflow/example_dags/example_trigger_target_dag.py for tasks to queue
[2024-09-18T14:50:54.323+0000] {logging_mixin.py:190} INFO - [2024-09-18T14:50:54.323+0000] {dagbag.py:587} INFO - Filling up the DagBag from /Users/omer/Desktop/MLOPS/7day/.env/lib/python3.11/site-packages/airflow/example_dags/example_trigger_target_dag.py
[2024-09-18T14:50:54.333+0000] {processor.py:925} INFO - DAG(s) 'example_trigger_target_dag' retrieved from /Users/omer/Desktop/MLOPS/7day/.env/lib/python3.11/site-packages/airflow/example_dags/example_trigger_target_dag.py
[2024-09-18T14:50:54.358+0000] {logging_mixin.py:190} INFO - [2024-09-18T14:50:54.358+0000] {dag.py:3229} INFO - Sync 1 DAGs
[2024-09-18T14:50:54.381+0000] {logging_mixin.py:190} INFO - [2024-09-18T14:50:54.380+0000] {dag.py:4156} INFO - Setting next_dagrun for example_trigger_target_dag to None, run_after=None
[2024-09-18T14:50:54.386+0000] {processor.py:208} INFO - Processing /Users/omer/Desktop/MLOPS/7day/.env/lib/python3.11/site-packages/airflow/example_dags/example_trigger_target_dag.py took 0.065 seconds
[2024-09-18T14:51:43.264+0000] {processor.py:186} INFO - Started process (PID=94371) to work on /Users/omer/Desktop/MLOPS/7day/.env/lib/python3.11/site-packages/airflow/example_dags/example_trigger_target_dag.py
[2024-09-18T14:51:43.265+0000] {processor.py:914} INFO - Processing file /Users/omer/Desktop/MLOPS/7day/.env/lib/python3.11/site-packages/airflow/example_dags/example_trigger_target_dag.py for tasks to queue
[2024-09-18T14:51:43.265+0000] {logging_mixin.py:190} INFO - [2024-09-18T14:51:43.265+0000] {dagbag.py:587} INFO - Filling up the DagBag from /Users/omer/Desktop/MLOPS/7day/.env/lib/python3.11/site-packages/airflow/example_dags/example_trigger_target_dag.py
[2024-09-18T14:51:43.275+0000] {processor.py:925} INFO - DAG(s) 'example_trigger_target_dag' retrieved from /Users/omer/Desktop/MLOPS/7day/.env/lib/python3.11/site-packages/airflow/example_dags/example_trigger_target_dag.py
[2024-09-18T14:51:43.302+0000] {logging_mixin.py:190} INFO - [2024-09-18T14:51:43.301+0000] {dag.py:3229} INFO - Sync 1 DAGs
[2024-09-18T14:51:43.328+0000] {logging_mixin.py:190} INFO - [2024-09-18T14:51:43.328+0000] {dag.py:4156} INFO - Setting next_dagrun for example_trigger_target_dag to None, run_after=None
[2024-09-18T14:51:43.333+0000] {processor.py:208} INFO - Processing /Users/omer/Desktop/MLOPS/7day/.env/lib/python3.11/site-packages/airflow/example_dags/example_trigger_target_dag.py took 0.070 seconds
[2024-09-18T14:52:34.672+0000] {processor.py:186} INFO - Started process (PID=94476) to work on /Users/omer/Desktop/MLOPS/7day/.env/lib/python3.11/site-packages/airflow/example_dags/example_trigger_target_dag.py
[2024-09-18T14:52:34.672+0000] {processor.py:914} INFO - Processing file /Users/omer/Desktop/MLOPS/7day/.env/lib/python3.11/site-packages/airflow/example_dags/example_trigger_target_dag.py for tasks to queue
[2024-09-18T14:52:34.673+0000] {logging_mixin.py:190} INFO - [2024-09-18T14:52:34.673+0000] {dagbag.py:587} INFO - Filling up the DagBag from /Users/omer/Desktop/MLOPS/7day/.env/lib/python3.11/site-packages/airflow/example_dags/example_trigger_target_dag.py
[2024-09-18T14:52:34.683+0000] {processor.py:925} INFO - DAG(s) 'example_trigger_target_dag' retrieved from /Users/omer/Desktop/MLOPS/7day/.env/lib/python3.11/site-packages/airflow/example_dags/example_trigger_target_dag.py
[2024-09-18T14:52:34.709+0000] {logging_mixin.py:190} INFO - [2024-09-18T14:52:34.709+0000] {dag.py:3229} INFO - Sync 1 DAGs
[2024-09-18T14:52:34.737+0000] {logging_mixin.py:190} INFO - [2024-09-18T14:52:34.737+0000] {dag.py:4156} INFO - Setting next_dagrun for example_trigger_target_dag to None, run_after=None
[2024-09-18T14:52:34.742+0000] {processor.py:208} INFO - Processing /Users/omer/Desktop/MLOPS/7day/.env/lib/python3.11/site-packages/airflow/example_dags/example_trigger_target_dag.py took 0.071 seconds
[2024-09-18T14:53:25.572+0000] {processor.py:186} INFO - Started process (PID=94556) to work on /Users/omer/Desktop/MLOPS/7day/.env/lib/python3.11/site-packages/airflow/example_dags/example_trigger_target_dag.py
[2024-09-18T14:53:25.573+0000] {processor.py:914} INFO - Processing file /Users/omer/Desktop/MLOPS/7day/.env/lib/python3.11/site-packages/airflow/example_dags/example_trigger_target_dag.py for tasks to queue
[2024-09-18T14:53:25.573+0000] {logging_mixin.py:190} INFO - [2024-09-18T14:53:25.573+0000] {dagbag.py:587} INFO - Filling up the DagBag from /Users/omer/Desktop/MLOPS/7day/.env/lib/python3.11/site-packages/airflow/example_dags/example_trigger_target_dag.py
[2024-09-18T14:53:25.583+0000] {processor.py:925} INFO - DAG(s) 'example_trigger_target_dag' retrieved from /Users/omer/Desktop/MLOPS/7day/.env/lib/python3.11/site-packages/airflow/example_dags/example_trigger_target_dag.py
[2024-09-18T14:53:25.607+0000] {logging_mixin.py:190} INFO - [2024-09-18T14:53:25.607+0000] {dag.py:3229} INFO - Sync 1 DAGs
[2024-09-18T14:53:25.630+0000] {logging_mixin.py:190} INFO - [2024-09-18T14:53:25.629+0000] {dag.py:4156} INFO - Setting next_dagrun for example_trigger_target_dag to None, run_after=None
[2024-09-18T14:53:25.635+0000] {processor.py:208} INFO - Processing /Users/omer/Desktop/MLOPS/7day/.env/lib/python3.11/site-packages/airflow/example_dags/example_trigger_target_dag.py took 0.064 seconds
[2024-09-18T14:54:15.517+0000] {processor.py:186} INFO - Started process (PID=94646) to work on /Users/omer/Desktop/MLOPS/7day/.env/lib/python3.11/site-packages/airflow/example_dags/example_trigger_target_dag.py
[2024-09-18T14:54:15.517+0000] {processor.py:914} INFO - Processing file /Users/omer/Desktop/MLOPS/7day/.env/lib/python3.11/site-packages/airflow/example_dags/example_trigger_target_dag.py for tasks to queue
[2024-09-18T14:54:15.517+0000] {logging_mixin.py:190} INFO - [2024-09-18T14:54:15.517+0000] {dagbag.py:587} INFO - Filling up the DagBag from /Users/omer/Desktop/MLOPS/7day/.env/lib/python3.11/site-packages/airflow/example_dags/example_trigger_target_dag.py
[2024-09-18T14:54:15.527+0000] {processor.py:925} INFO - DAG(s) 'example_trigger_target_dag' retrieved from /Users/omer/Desktop/MLOPS/7day/.env/lib/python3.11/site-packages/airflow/example_dags/example_trigger_target_dag.py
[2024-09-18T14:54:15.553+0000] {logging_mixin.py:190} INFO - [2024-09-18T14:54:15.553+0000] {dag.py:3229} INFO - Sync 1 DAGs
[2024-09-18T14:54:15.576+0000] {logging_mixin.py:190} INFO - [2024-09-18T14:54:15.576+0000] {dag.py:4156} INFO - Setting next_dagrun for example_trigger_target_dag to None, run_after=None
[2024-09-18T14:54:15.582+0000] {processor.py:208} INFO - Processing /Users/omer/Desktop/MLOPS/7day/.env/lib/python3.11/site-packages/airflow/example_dags/example_trigger_target_dag.py took 0.066 seconds
[2024-09-18T15:21:05.519+0000] {processor.py:186} INFO - Started process (PID=97133) to work on /Users/omer/Desktop/MLOPS/7day/.env/lib/python3.11/site-packages/airflow/example_dags/example_trigger_target_dag.py
[2024-09-18T15:21:05.519+0000] {processor.py:914} INFO - Processing file /Users/omer/Desktop/MLOPS/7day/.env/lib/python3.11/site-packages/airflow/example_dags/example_trigger_target_dag.py for tasks to queue
[2024-09-18T15:21:05.520+0000] {logging_mixin.py:190} INFO - [2024-09-18T15:21:05.519+0000] {dagbag.py:587} INFO - Filling up the DagBag from /Users/omer/Desktop/MLOPS/7day/.env/lib/python3.11/site-packages/airflow/example_dags/example_trigger_target_dag.py
[2024-09-18T15:21:05.530+0000] {processor.py:925} INFO - DAG(s) 'example_trigger_target_dag' retrieved from /Users/omer/Desktop/MLOPS/7day/.env/lib/python3.11/site-packages/airflow/example_dags/example_trigger_target_dag.py
[2024-09-18T15:21:05.557+0000] {logging_mixin.py:190} INFO - [2024-09-18T15:21:05.557+0000] {dag.py:3229} INFO - Sync 1 DAGs
[2024-09-18T15:21:05.580+0000] {logging_mixin.py:190} INFO - [2024-09-18T15:21:05.580+0000] {dag.py:4156} INFO - Setting next_dagrun for example_trigger_target_dag to None, run_after=None
[2024-09-18T15:21:05.586+0000] {processor.py:208} INFO - Processing /Users/omer/Desktop/MLOPS/7day/.env/lib/python3.11/site-packages/airflow/example_dags/example_trigger_target_dag.py took 0.068 seconds
[2024-09-18T15:22:24.342+0000] {processor.py:186} INFO - Started process (PID=97270) to work on /Users/omer/Desktop/MLOPS/7day/.env/lib/python3.11/site-packages/airflow/example_dags/example_trigger_target_dag.py
[2024-09-18T15:22:24.343+0000] {processor.py:914} INFO - Processing file /Users/omer/Desktop/MLOPS/7day/.env/lib/python3.11/site-packages/airflow/example_dags/example_trigger_target_dag.py for tasks to queue
[2024-09-18T15:22:24.344+0000] {logging_mixin.py:190} INFO - [2024-09-18T15:22:24.344+0000] {dagbag.py:587} INFO - Filling up the DagBag from /Users/omer/Desktop/MLOPS/7day/.env/lib/python3.11/site-packages/airflow/example_dags/example_trigger_target_dag.py
[2024-09-18T15:22:24.353+0000] {processor.py:925} INFO - DAG(s) 'example_trigger_target_dag' retrieved from /Users/omer/Desktop/MLOPS/7day/.env/lib/python3.11/site-packages/airflow/example_dags/example_trigger_target_dag.py
[2024-09-18T15:22:24.379+0000] {logging_mixin.py:190} INFO - [2024-09-18T15:22:24.379+0000] {dag.py:3229} INFO - Sync 1 DAGs
[2024-09-18T15:22:24.404+0000] {logging_mixin.py:190} INFO - [2024-09-18T15:22:24.404+0000] {dag.py:4156} INFO - Setting next_dagrun for example_trigger_target_dag to None, run_after=None
[2024-09-18T15:22:24.409+0000] {processor.py:208} INFO - Processing /Users/omer/Desktop/MLOPS/7day/.env/lib/python3.11/site-packages/airflow/example_dags/example_trigger_target_dag.py took 0.068 seconds
[2024-09-18T15:25:28.133+0000] {processor.py:186} INFO - Started process (PID=97607) to work on /Users/omer/Desktop/MLOPS/7day/.env/lib/python3.11/site-packages/airflow/example_dags/example_trigger_target_dag.py
[2024-09-18T15:25:28.135+0000] {processor.py:914} INFO - Processing file /Users/omer/Desktop/MLOPS/7day/.env/lib/python3.11/site-packages/airflow/example_dags/example_trigger_target_dag.py for tasks to queue
[2024-09-18T15:25:28.135+0000] {logging_mixin.py:190} INFO - [2024-09-18T15:25:28.135+0000] {dagbag.py:587} INFO - Filling up the DagBag from /Users/omer/Desktop/MLOPS/7day/.env/lib/python3.11/site-packages/airflow/example_dags/example_trigger_target_dag.py
[2024-09-18T15:25:28.145+0000] {processor.py:925} INFO - DAG(s) 'example_trigger_target_dag' retrieved from /Users/omer/Desktop/MLOPS/7day/.env/lib/python3.11/site-packages/airflow/example_dags/example_trigger_target_dag.py
[2024-09-18T15:25:28.170+0000] {logging_mixin.py:190} INFO - [2024-09-18T15:25:28.170+0000] {dag.py:3229} INFO - Sync 1 DAGs
[2024-09-18T15:25:28.193+0000] {logging_mixin.py:190} INFO - [2024-09-18T15:25:28.193+0000] {dag.py:4156} INFO - Setting next_dagrun for example_trigger_target_dag to None, run_after=None
[2024-09-18T15:25:28.199+0000] {processor.py:208} INFO - Processing /Users/omer/Desktop/MLOPS/7day/.env/lib/python3.11/site-packages/airflow/example_dags/example_trigger_target_dag.py took 0.067 seconds
[2024-09-18T15:26:48.898+0000] {processor.py:186} INFO - Started process (PID=97757) to work on /Users/omer/Desktop/MLOPS/7day/.env/lib/python3.11/site-packages/airflow/example_dags/example_trigger_target_dag.py
[2024-09-18T15:26:48.899+0000] {processor.py:914} INFO - Processing file /Users/omer/Desktop/MLOPS/7day/.env/lib/python3.11/site-packages/airflow/example_dags/example_trigger_target_dag.py for tasks to queue
[2024-09-18T15:26:48.900+0000] {logging_mixin.py:190} INFO - [2024-09-18T15:26:48.899+0000] {dagbag.py:587} INFO - Filling up the DagBag from /Users/omer/Desktop/MLOPS/7day/.env/lib/python3.11/site-packages/airflow/example_dags/example_trigger_target_dag.py
[2024-09-18T15:26:48.909+0000] {processor.py:925} INFO - DAG(s) 'example_trigger_target_dag' retrieved from /Users/omer/Desktop/MLOPS/7day/.env/lib/python3.11/site-packages/airflow/example_dags/example_trigger_target_dag.py
[2024-09-18T15:26:48.934+0000] {logging_mixin.py:190} INFO - [2024-09-18T15:26:48.934+0000] {dag.py:3229} INFO - Sync 1 DAGs
[2024-09-18T15:26:48.957+0000] {logging_mixin.py:190} INFO - [2024-09-18T15:26:48.957+0000] {dag.py:4156} INFO - Setting next_dagrun for example_trigger_target_dag to None, run_after=None
[2024-09-18T15:26:48.963+0000] {processor.py:208} INFO - Processing /Users/omer/Desktop/MLOPS/7day/.env/lib/python3.11/site-packages/airflow/example_dags/example_trigger_target_dag.py took 0.066 seconds
[2024-09-18T15:28:08.786+0000] {processor.py:186} INFO - Started process (PID=97962) to work on /Users/omer/Desktop/MLOPS/7day/.env/lib/python3.11/site-packages/airflow/example_dags/example_trigger_target_dag.py
[2024-09-18T15:28:08.786+0000] {processor.py:914} INFO - Processing file /Users/omer/Desktop/MLOPS/7day/.env/lib/python3.11/site-packages/airflow/example_dags/example_trigger_target_dag.py for tasks to queue
[2024-09-18T15:28:08.786+0000] {logging_mixin.py:190} INFO - [2024-09-18T15:28:08.786+0000] {dagbag.py:587} INFO - Filling up the DagBag from /Users/omer/Desktop/MLOPS/7day/.env/lib/python3.11/site-packages/airflow/example_dags/example_trigger_target_dag.py
[2024-09-18T15:28:08.796+0000] {processor.py:925} INFO - DAG(s) 'example_trigger_target_dag' retrieved from /Users/omer/Desktop/MLOPS/7day/.env/lib/python3.11/site-packages/airflow/example_dags/example_trigger_target_dag.py
[2024-09-18T15:28:08.821+0000] {logging_mixin.py:190} INFO - [2024-09-18T15:28:08.821+0000] {dag.py:3229} INFO - Sync 1 DAGs
[2024-09-18T15:28:08.844+0000] {logging_mixin.py:190} INFO - [2024-09-18T15:28:08.844+0000] {dag.py:4156} INFO - Setting next_dagrun for example_trigger_target_dag to None, run_after=None
[2024-09-18T15:28:08.849+0000] {processor.py:208} INFO - Processing /Users/omer/Desktop/MLOPS/7day/.env/lib/python3.11/site-packages/airflow/example_dags/example_trigger_target_dag.py took 0.065 seconds
[2024-09-18T15:28:59.284+0000] {processor.py:186} INFO - Started process (PID=98067) to work on /Users/omer/Desktop/MLOPS/7day/.env/lib/python3.11/site-packages/airflow/example_dags/example_trigger_target_dag.py
[2024-09-18T15:28:59.285+0000] {processor.py:914} INFO - Processing file /Users/omer/Desktop/MLOPS/7day/.env/lib/python3.11/site-packages/airflow/example_dags/example_trigger_target_dag.py for tasks to queue
[2024-09-18T15:28:59.285+0000] {logging_mixin.py:190} INFO - [2024-09-18T15:28:59.285+0000] {dagbag.py:587} INFO - Filling up the DagBag from /Users/omer/Desktop/MLOPS/7day/.env/lib/python3.11/site-packages/airflow/example_dags/example_trigger_target_dag.py
[2024-09-18T15:28:59.296+0000] {processor.py:925} INFO - DAG(s) 'example_trigger_target_dag' retrieved from /Users/omer/Desktop/MLOPS/7day/.env/lib/python3.11/site-packages/airflow/example_dags/example_trigger_target_dag.py
[2024-09-18T15:28:59.322+0000] {logging_mixin.py:190} INFO - [2024-09-18T15:28:59.322+0000] {dag.py:3229} INFO - Sync 1 DAGs
[2024-09-18T15:28:59.351+0000] {logging_mixin.py:190} INFO - [2024-09-18T15:28:59.350+0000] {dag.py:4156} INFO - Setting next_dagrun for example_trigger_target_dag to None, run_after=None
[2024-09-18T15:28:59.356+0000] {processor.py:208} INFO - Processing /Users/omer/Desktop/MLOPS/7day/.env/lib/python3.11/site-packages/airflow/example_dags/example_trigger_target_dag.py took 0.073 seconds
[2024-09-18T15:29:48.310+0000] {processor.py:186} INFO - Started process (PID=98196) to work on /Users/omer/Desktop/MLOPS/7day/.env/lib/python3.11/site-packages/airflow/example_dags/example_trigger_target_dag.py
[2024-09-18T15:29:48.311+0000] {processor.py:914} INFO - Processing file /Users/omer/Desktop/MLOPS/7day/.env/lib/python3.11/site-packages/airflow/example_dags/example_trigger_target_dag.py for tasks to queue
[2024-09-18T15:29:48.312+0000] {logging_mixin.py:190} INFO - [2024-09-18T15:29:48.312+0000] {dagbag.py:587} INFO - Filling up the DagBag from /Users/omer/Desktop/MLOPS/7day/.env/lib/python3.11/site-packages/airflow/example_dags/example_trigger_target_dag.py
[2024-09-18T15:29:48.321+0000] {processor.py:925} INFO - DAG(s) 'example_trigger_target_dag' retrieved from /Users/omer/Desktop/MLOPS/7day/.env/lib/python3.11/site-packages/airflow/example_dags/example_trigger_target_dag.py
[2024-09-18T15:29:48.347+0000] {logging_mixin.py:190} INFO - [2024-09-18T15:29:48.347+0000] {dag.py:3229} INFO - Sync 1 DAGs
[2024-09-18T15:29:48.373+0000] {logging_mixin.py:190} INFO - [2024-09-18T15:29:48.373+0000] {dag.py:4156} INFO - Setting next_dagrun for example_trigger_target_dag to None, run_after=None
[2024-09-18T15:29:48.379+0000] {processor.py:208} INFO - Processing /Users/omer/Desktop/MLOPS/7day/.env/lib/python3.11/site-packages/airflow/example_dags/example_trigger_target_dag.py took 0.069 seconds
[2024-09-18T15:30:38.043+0000] {processor.py:186} INFO - Started process (PID=98334) to work on /Users/omer/Desktop/MLOPS/7day/.env/lib/python3.11/site-packages/airflow/example_dags/example_trigger_target_dag.py
[2024-09-18T15:30:38.044+0000] {processor.py:914} INFO - Processing file /Users/omer/Desktop/MLOPS/7day/.env/lib/python3.11/site-packages/airflow/example_dags/example_trigger_target_dag.py for tasks to queue
[2024-09-18T15:30:38.044+0000] {logging_mixin.py:190} INFO - [2024-09-18T15:30:38.044+0000] {dagbag.py:587} INFO - Filling up the DagBag from /Users/omer/Desktop/MLOPS/7day/.env/lib/python3.11/site-packages/airflow/example_dags/example_trigger_target_dag.py
[2024-09-18T15:30:38.054+0000] {processor.py:925} INFO - DAG(s) 'example_trigger_target_dag' retrieved from /Users/omer/Desktop/MLOPS/7day/.env/lib/python3.11/site-packages/airflow/example_dags/example_trigger_target_dag.py
[2024-09-18T15:30:38.080+0000] {logging_mixin.py:190} INFO - [2024-09-18T15:30:38.080+0000] {dag.py:3229} INFO - Sync 1 DAGs
[2024-09-18T15:30:38.103+0000] {logging_mixin.py:190} INFO - [2024-09-18T15:30:38.103+0000] {dag.py:4156} INFO - Setting next_dagrun for example_trigger_target_dag to None, run_after=None
[2024-09-18T15:30:38.108+0000] {processor.py:208} INFO - Processing /Users/omer/Desktop/MLOPS/7day/.env/lib/python3.11/site-packages/airflow/example_dags/example_trigger_target_dag.py took 0.066 seconds
[2024-09-18T15:32:14.768+0000] {processor.py:186} INFO - Started process (PID=98627) to work on /Users/omer/Desktop/MLOPS/7day/.env/lib/python3.11/site-packages/airflow/example_dags/example_trigger_target_dag.py
[2024-09-18T15:32:14.769+0000] {processor.py:914} INFO - Processing file /Users/omer/Desktop/MLOPS/7day/.env/lib/python3.11/site-packages/airflow/example_dags/example_trigger_target_dag.py for tasks to queue
[2024-09-18T15:32:14.770+0000] {logging_mixin.py:190} INFO - [2024-09-18T15:32:14.770+0000] {dagbag.py:587} INFO - Filling up the DagBag from /Users/omer/Desktop/MLOPS/7day/.env/lib/python3.11/site-packages/airflow/example_dags/example_trigger_target_dag.py
[2024-09-18T15:32:14.780+0000] {processor.py:925} INFO - DAG(s) 'example_trigger_target_dag' retrieved from /Users/omer/Desktop/MLOPS/7day/.env/lib/python3.11/site-packages/airflow/example_dags/example_trigger_target_dag.py
[2024-09-18T15:32:14.807+0000] {logging_mixin.py:190} INFO - [2024-09-18T15:32:14.807+0000] {dag.py:3229} INFO - Sync 1 DAGs
[2024-09-18T15:32:14.832+0000] {logging_mixin.py:190} INFO - [2024-09-18T15:32:14.832+0000] {dag.py:4156} INFO - Setting next_dagrun for example_trigger_target_dag to None, run_after=None
[2024-09-18T15:32:14.838+0000] {processor.py:208} INFO - Processing /Users/omer/Desktop/MLOPS/7day/.env/lib/python3.11/site-packages/airflow/example_dags/example_trigger_target_dag.py took 0.070 seconds
[2024-09-18T15:33:14.948+0000] {processor.py:186} INFO - Started process (PID=98776) to work on /Users/omer/Desktop/MLOPS/7day/.env/lib/python3.11/site-packages/airflow/example_dags/example_trigger_target_dag.py
[2024-09-18T15:33:14.949+0000] {processor.py:914} INFO - Processing file /Users/omer/Desktop/MLOPS/7day/.env/lib/python3.11/site-packages/airflow/example_dags/example_trigger_target_dag.py for tasks to queue
[2024-09-18T15:33:14.949+0000] {logging_mixin.py:190} INFO - [2024-09-18T15:33:14.949+0000] {dagbag.py:587} INFO - Filling up the DagBag from /Users/omer/Desktop/MLOPS/7day/.env/lib/python3.11/site-packages/airflow/example_dags/example_trigger_target_dag.py
[2024-09-18T15:33:14.959+0000] {processor.py:925} INFO - DAG(s) 'example_trigger_target_dag' retrieved from /Users/omer/Desktop/MLOPS/7day/.env/lib/python3.11/site-packages/airflow/example_dags/example_trigger_target_dag.py
[2024-09-18T15:33:14.985+0000] {logging_mixin.py:190} INFO - [2024-09-18T15:33:14.985+0000] {dag.py:3229} INFO - Sync 1 DAGs
[2024-09-18T15:33:15.009+0000] {logging_mixin.py:190} INFO - [2024-09-18T15:33:15.009+0000] {dag.py:4156} INFO - Setting next_dagrun for example_trigger_target_dag to None, run_after=None
[2024-09-18T15:33:15.014+0000] {processor.py:208} INFO - Processing /Users/omer/Desktop/MLOPS/7day/.env/lib/python3.11/site-packages/airflow/example_dags/example_trigger_target_dag.py took 0.067 seconds
[2024-09-18T15:34:26.043+0000] {processor.py:186} INFO - Started process (PID=98936) to work on /Users/omer/Desktop/MLOPS/7day/.env/lib/python3.11/site-packages/airflow/example_dags/example_trigger_target_dag.py
[2024-09-18T15:34:26.043+0000] {processor.py:914} INFO - Processing file /Users/omer/Desktop/MLOPS/7day/.env/lib/python3.11/site-packages/airflow/example_dags/example_trigger_target_dag.py for tasks to queue
[2024-09-18T15:34:26.044+0000] {logging_mixin.py:190} INFO - [2024-09-18T15:34:26.044+0000] {dagbag.py:587} INFO - Filling up the DagBag from /Users/omer/Desktop/MLOPS/7day/.env/lib/python3.11/site-packages/airflow/example_dags/example_trigger_target_dag.py
[2024-09-18T15:34:26.055+0000] {processor.py:925} INFO - DAG(s) 'example_trigger_target_dag' retrieved from /Users/omer/Desktop/MLOPS/7day/.env/lib/python3.11/site-packages/airflow/example_dags/example_trigger_target_dag.py
[2024-09-18T15:34:26.081+0000] {logging_mixin.py:190} INFO - [2024-09-18T15:34:26.081+0000] {dag.py:3229} INFO - Sync 1 DAGs
[2024-09-18T15:34:26.106+0000] {logging_mixin.py:190} INFO - [2024-09-18T15:34:26.106+0000] {dag.py:4156} INFO - Setting next_dagrun for example_trigger_target_dag to None, run_after=None
[2024-09-18T15:34:26.112+0000] {processor.py:208} INFO - Processing /Users/omer/Desktop/MLOPS/7day/.env/lib/python3.11/site-packages/airflow/example_dags/example_trigger_target_dag.py took 0.070 seconds
[2024-09-18T15:35:46.140+0000] {processor.py:186} INFO - Started process (PID=99099) to work on /Users/omer/Desktop/MLOPS/7day/.env/lib/python3.11/site-packages/airflow/example_dags/example_trigger_target_dag.py
[2024-09-18T15:35:46.142+0000] {processor.py:914} INFO - Processing file /Users/omer/Desktop/MLOPS/7day/.env/lib/python3.11/site-packages/airflow/example_dags/example_trigger_target_dag.py for tasks to queue
[2024-09-18T15:35:46.142+0000] {logging_mixin.py:190} INFO - [2024-09-18T15:35:46.142+0000] {dagbag.py:587} INFO - Filling up the DagBag from /Users/omer/Desktop/MLOPS/7day/.env/lib/python3.11/site-packages/airflow/example_dags/example_trigger_target_dag.py
[2024-09-18T15:35:46.152+0000] {processor.py:925} INFO - DAG(s) 'example_trigger_target_dag' retrieved from /Users/omer/Desktop/MLOPS/7day/.env/lib/python3.11/site-packages/airflow/example_dags/example_trigger_target_dag.py
[2024-09-18T15:35:46.177+0000] {logging_mixin.py:190} INFO - [2024-09-18T15:35:46.177+0000] {dag.py:3229} INFO - Sync 1 DAGs
[2024-09-18T15:35:46.200+0000] {logging_mixin.py:190} INFO - [2024-09-18T15:35:46.200+0000] {dag.py:4156} INFO - Setting next_dagrun for example_trigger_target_dag to None, run_after=None
[2024-09-18T15:35:46.206+0000] {processor.py:208} INFO - Processing /Users/omer/Desktop/MLOPS/7day/.env/lib/python3.11/site-packages/airflow/example_dags/example_trigger_target_dag.py took 0.067 seconds
