[2024-09-18T14:48:56.301+0000] {processor.py:186} INFO - Started process (PID=93914) to work on /Users/omer/Desktop/MLOPS/7day/.env/lib/python3.11/site-packages/airflow/example_dags/example_short_circuit_operator.py
[2024-09-18T14:48:56.301+0000] {processor.py:914} INFO - Processing file /Users/omer/Desktop/MLOPS/7day/.env/lib/python3.11/site-packages/airflow/example_dags/example_short_circuit_operator.py for tasks to queue
[2024-09-18T14:48:56.302+0000] {logging_mixin.py:190} INFO - [2024-09-18T14:48:56.302+0000] {dagbag.py:587} INFO - Filling up the DagBag from /Users/omer/Desktop/MLOPS/7day/.env/lib/python3.11/site-packages/airflow/example_dags/example_short_circuit_operator.py
[2024-09-18T14:48:56.309+0000] {processor.py:925} INFO - DAG(s) 'example_short_circuit_operator' retrieved from /Users/omer/Desktop/MLOPS/7day/.env/lib/python3.11/site-packages/airflow/example_dags/example_short_circuit_operator.py
[2024-09-18T14:48:56.379+0000] {logging_mixin.py:190} INFO - [2024-09-18T14:48:56.379+0000] {override.py:1900} INFO - Created Permission View: can delete on DAG:example_short_circuit_operator
[2024-09-18T14:48:56.381+0000] {logging_mixin.py:190} INFO - [2024-09-18T14:48:56.381+0000] {override.py:1900} INFO - Created Permission View: can edit on DAG:example_short_circuit_operator
[2024-09-18T14:48:56.383+0000] {logging_mixin.py:190} INFO - [2024-09-18T14:48:56.383+0000] {override.py:1900} INFO - Created Permission View: can read on DAG:example_short_circuit_operator
[2024-09-18T14:48:56.385+0000] {logging_mixin.py:190} INFO - [2024-09-18T14:48:56.385+0000] {override.py:1900} INFO - Created Permission View: can create on DAG Run:example_short_circuit_operator
[2024-09-18T14:48:56.386+0000] {logging_mixin.py:190} INFO - [2024-09-18T14:48:56.386+0000] {override.py:1900} INFO - Created Permission View: menu access on DAG Run:example_short_circuit_operator
[2024-09-18T14:48:56.387+0000] {logging_mixin.py:190} INFO - [2024-09-18T14:48:56.387+0000] {override.py:1900} INFO - Created Permission View: can read on DAG Run:example_short_circuit_operator
[2024-09-18T14:48:56.389+0000] {logging_mixin.py:190} INFO - [2024-09-18T14:48:56.389+0000] {override.py:1900} INFO - Created Permission View: can delete on DAG Run:example_short_circuit_operator
[2024-09-18T14:48:56.389+0000] {logging_mixin.py:190} INFO - [2024-09-18T14:48:56.389+0000] {dag.py:3229} INFO - Sync 1 DAGs
[2024-09-18T14:48:56.392+0000] {logging_mixin.py:190} INFO - [2024-09-18T14:48:56.392+0000] {dag.py:3252} INFO - Creating ORM DAG for example_short_circuit_operator
[2024-09-18T14:48:56.392+0000] {logging_mixin.py:190} INFO - [2024-09-18T14:48:56.392+0000] {dag.py:4156} INFO - Setting next_dagrun for example_short_circuit_operator to None, run_after=None
[2024-09-18T14:48:56.397+0000] {processor.py:208} INFO - Processing /Users/omer/Desktop/MLOPS/7day/.env/lib/python3.11/site-packages/airflow/example_dags/example_short_circuit_operator.py took 0.096 seconds
[2024-09-18T14:50:16.632+0000] {processor.py:186} INFO - Started process (PID=94174) to work on /Users/omer/Desktop/MLOPS/7day/.env/lib/python3.11/site-packages/airflow/example_dags/example_short_circuit_operator.py
[2024-09-18T14:50:16.633+0000] {processor.py:914} INFO - Processing file /Users/omer/Desktop/MLOPS/7day/.env/lib/python3.11/site-packages/airflow/example_dags/example_short_circuit_operator.py for tasks to queue
[2024-09-18T14:50:16.633+0000] {logging_mixin.py:190} INFO - [2024-09-18T14:50:16.633+0000] {dagbag.py:587} INFO - Filling up the DagBag from /Users/omer/Desktop/MLOPS/7day/.env/lib/python3.11/site-packages/airflow/example_dags/example_short_circuit_operator.py
[2024-09-18T14:50:16.641+0000] {processor.py:925} INFO - DAG(s) 'example_short_circuit_operator' retrieved from /Users/omer/Desktop/MLOPS/7day/.env/lib/python3.11/site-packages/airflow/example_dags/example_short_circuit_operator.py
[2024-09-18T14:50:16.668+0000] {logging_mixin.py:190} INFO - [2024-09-18T14:50:16.668+0000] {dag.py:3229} INFO - Sync 1 DAGs
[2024-09-18T14:50:16.671+0000] {logging_mixin.py:190} INFO - [2024-09-18T14:50:16.671+0000] {dag.py:4156} INFO - Setting next_dagrun for example_short_circuit_operator to None, run_after=None
[2024-09-18T14:50:16.698+0000] {processor.py:208} INFO - Processing /Users/omer/Desktop/MLOPS/7day/.env/lib/python3.11/site-packages/airflow/example_dags/example_short_circuit_operator.py took 0.067 seconds
[2024-09-18T14:51:55.083+0000] {processor.py:186} INFO - Started process (PID=94410) to work on /Users/omer/Desktop/MLOPS/7day/.env/lib/python3.11/site-packages/airflow/example_dags/example_short_circuit_operator.py
[2024-09-18T14:51:55.084+0000] {processor.py:914} INFO - Processing file /Users/omer/Desktop/MLOPS/7day/.env/lib/python3.11/site-packages/airflow/example_dags/example_short_circuit_operator.py for tasks to queue
[2024-09-18T14:51:55.085+0000] {logging_mixin.py:190} INFO - [2024-09-18T14:51:55.085+0000] {dagbag.py:587} INFO - Filling up the DagBag from /Users/omer/Desktop/MLOPS/7day/.env/lib/python3.11/site-packages/airflow/example_dags/example_short_circuit_operator.py
[2024-09-18T14:51:55.092+0000] {processor.py:925} INFO - DAG(s) 'example_short_circuit_operator' retrieved from /Users/omer/Desktop/MLOPS/7day/.env/lib/python3.11/site-packages/airflow/example_dags/example_short_circuit_operator.py
[2024-09-18T14:51:55.118+0000] {logging_mixin.py:190} INFO - [2024-09-18T14:51:55.118+0000] {dag.py:3229} INFO - Sync 1 DAGs
[2024-09-18T14:51:55.121+0000] {logging_mixin.py:190} INFO - [2024-09-18T14:51:55.121+0000] {dag.py:4156} INFO - Setting next_dagrun for example_short_circuit_operator to None, run_after=None
[2024-09-18T14:51:55.149+0000] {processor.py:208} INFO - Processing /Users/omer/Desktop/MLOPS/7day/.env/lib/python3.11/site-packages/airflow/example_dags/example_short_circuit_operator.py took 0.067 seconds
[2024-09-18T14:53:36.220+0000] {processor.py:186} INFO - Started process (PID=94573) to work on /Users/omer/Desktop/MLOPS/7day/.env/lib/python3.11/site-packages/airflow/example_dags/example_short_circuit_operator.py
[2024-09-18T14:53:36.221+0000] {processor.py:914} INFO - Processing file /Users/omer/Desktop/MLOPS/7day/.env/lib/python3.11/site-packages/airflow/example_dags/example_short_circuit_operator.py for tasks to queue
[2024-09-18T14:53:36.221+0000] {logging_mixin.py:190} INFO - [2024-09-18T14:53:36.221+0000] {dagbag.py:587} INFO - Filling up the DagBag from /Users/omer/Desktop/MLOPS/7day/.env/lib/python3.11/site-packages/airflow/example_dags/example_short_circuit_operator.py
[2024-09-18T14:53:36.228+0000] {processor.py:925} INFO - DAG(s) 'example_short_circuit_operator' retrieved from /Users/omer/Desktop/MLOPS/7day/.env/lib/python3.11/site-packages/airflow/example_dags/example_short_circuit_operator.py
[2024-09-18T14:53:36.254+0000] {logging_mixin.py:190} INFO - [2024-09-18T14:53:36.254+0000] {dag.py:3229} INFO - Sync 1 DAGs
[2024-09-18T14:53:36.257+0000] {logging_mixin.py:190} INFO - [2024-09-18T14:53:36.257+0000] {dag.py:4156} INFO - Setting next_dagrun for example_short_circuit_operator to None, run_after=None
[2024-09-18T14:53:36.283+0000] {processor.py:208} INFO - Processing /Users/omer/Desktop/MLOPS/7day/.env/lib/python3.11/site-packages/airflow/example_dags/example_short_circuit_operator.py took 0.064 seconds
[2024-09-18T15:21:16.670+0000] {processor.py:186} INFO - Started process (PID=97154) to work on /Users/omer/Desktop/MLOPS/7day/.env/lib/python3.11/site-packages/airflow/example_dags/example_short_circuit_operator.py
[2024-09-18T15:21:16.671+0000] {processor.py:914} INFO - Processing file /Users/omer/Desktop/MLOPS/7day/.env/lib/python3.11/site-packages/airflow/example_dags/example_short_circuit_operator.py for tasks to queue
[2024-09-18T15:21:16.671+0000] {logging_mixin.py:190} INFO - [2024-09-18T15:21:16.671+0000] {dagbag.py:587} INFO - Filling up the DagBag from /Users/omer/Desktop/MLOPS/7day/.env/lib/python3.11/site-packages/airflow/example_dags/example_short_circuit_operator.py
[2024-09-18T15:21:16.678+0000] {processor.py:925} INFO - DAG(s) 'example_short_circuit_operator' retrieved from /Users/omer/Desktop/MLOPS/7day/.env/lib/python3.11/site-packages/airflow/example_dags/example_short_circuit_operator.py
[2024-09-18T15:21:16.704+0000] {logging_mixin.py:190} INFO - [2024-09-18T15:21:16.704+0000] {dag.py:3229} INFO - Sync 1 DAGs
[2024-09-18T15:21:16.707+0000] {logging_mixin.py:190} INFO - [2024-09-18T15:21:16.707+0000] {dag.py:4156} INFO - Setting next_dagrun for example_short_circuit_operator to None, run_after=None
[2024-09-18T15:21:16.733+0000] {processor.py:208} INFO - Processing /Users/omer/Desktop/MLOPS/7day/.env/lib/python3.11/site-packages/airflow/example_dags/example_short_circuit_operator.py took 0.064 seconds
[2024-09-18T15:22:35.613+0000] {processor.py:186} INFO - Started process (PID=97285) to work on /Users/omer/Desktop/MLOPS/7day/.env/lib/python3.11/site-packages/airflow/example_dags/example_short_circuit_operator.py
[2024-09-18T15:22:35.614+0000] {processor.py:914} INFO - Processing file /Users/omer/Desktop/MLOPS/7day/.env/lib/python3.11/site-packages/airflow/example_dags/example_short_circuit_operator.py for tasks to queue
[2024-09-18T15:22:35.615+0000] {logging_mixin.py:190} INFO - [2024-09-18T15:22:35.614+0000] {dagbag.py:587} INFO - Filling up the DagBag from /Users/omer/Desktop/MLOPS/7day/.env/lib/python3.11/site-packages/airflow/example_dags/example_short_circuit_operator.py
[2024-09-18T15:22:35.622+0000] {processor.py:925} INFO - DAG(s) 'example_short_circuit_operator' retrieved from /Users/omer/Desktop/MLOPS/7day/.env/lib/python3.11/site-packages/airflow/example_dags/example_short_circuit_operator.py
[2024-09-18T15:22:35.648+0000] {logging_mixin.py:190} INFO - [2024-09-18T15:22:35.648+0000] {dag.py:3229} INFO - Sync 1 DAGs
[2024-09-18T15:22:35.651+0000] {logging_mixin.py:190} INFO - [2024-09-18T15:22:35.651+0000] {dag.py:4156} INFO - Setting next_dagrun for example_short_circuit_operator to None, run_after=None
[2024-09-18T15:22:35.676+0000] {processor.py:208} INFO - Processing /Users/omer/Desktop/MLOPS/7day/.env/lib/python3.11/site-packages/airflow/example_dags/example_short_circuit_operator.py took 0.064 seconds
[2024-09-18T15:25:39.208+0000] {processor.py:186} INFO - Started process (PID=97617) to work on /Users/omer/Desktop/MLOPS/7day/.env/lib/python3.11/site-packages/airflow/example_dags/example_short_circuit_operator.py
[2024-09-18T15:25:39.209+0000] {processor.py:914} INFO - Processing file /Users/omer/Desktop/MLOPS/7day/.env/lib/python3.11/site-packages/airflow/example_dags/example_short_circuit_operator.py for tasks to queue
[2024-09-18T15:25:39.210+0000] {logging_mixin.py:190} INFO - [2024-09-18T15:25:39.210+0000] {dagbag.py:587} INFO - Filling up the DagBag from /Users/omer/Desktop/MLOPS/7day/.env/lib/python3.11/site-packages/airflow/example_dags/example_short_circuit_operator.py
[2024-09-18T15:25:39.218+0000] {processor.py:925} INFO - DAG(s) 'example_short_circuit_operator' retrieved from /Users/omer/Desktop/MLOPS/7day/.env/lib/python3.11/site-packages/airflow/example_dags/example_short_circuit_operator.py
[2024-09-18T15:25:39.245+0000] {logging_mixin.py:190} INFO - [2024-09-18T15:25:39.245+0000] {dag.py:3229} INFO - Sync 1 DAGs
[2024-09-18T15:25:39.248+0000] {logging_mixin.py:190} INFO - [2024-09-18T15:25:39.248+0000] {dag.py:4156} INFO - Setting next_dagrun for example_short_circuit_operator to None, run_after=None
[2024-09-18T15:25:39.275+0000] {processor.py:208} INFO - Processing /Users/omer/Desktop/MLOPS/7day/.env/lib/python3.11/site-packages/airflow/example_dags/example_short_circuit_operator.py took 0.068 seconds
[2024-09-18T15:26:59.949+0000] {processor.py:186} INFO - Started process (PID=97777) to work on /Users/omer/Desktop/MLOPS/7day/.env/lib/python3.11/site-packages/airflow/example_dags/example_short_circuit_operator.py
[2024-09-18T15:26:59.951+0000] {processor.py:914} INFO - Processing file /Users/omer/Desktop/MLOPS/7day/.env/lib/python3.11/site-packages/airflow/example_dags/example_short_circuit_operator.py for tasks to queue
[2024-09-18T15:26:59.951+0000] {logging_mixin.py:190} INFO - [2024-09-18T15:26:59.951+0000] {dagbag.py:587} INFO - Filling up the DagBag from /Users/omer/Desktop/MLOPS/7day/.env/lib/python3.11/site-packages/airflow/example_dags/example_short_circuit_operator.py
[2024-09-18T15:26:59.959+0000] {processor.py:925} INFO - DAG(s) 'example_short_circuit_operator' retrieved from /Users/omer/Desktop/MLOPS/7day/.env/lib/python3.11/site-packages/airflow/example_dags/example_short_circuit_operator.py
[2024-09-18T15:26:59.984+0000] {logging_mixin.py:190} INFO - [2024-09-18T15:26:59.984+0000] {dag.py:3229} INFO - Sync 1 DAGs
[2024-09-18T15:26:59.987+0000] {logging_mixin.py:190} INFO - [2024-09-18T15:26:59.987+0000] {dag.py:4156} INFO - Setting next_dagrun for example_short_circuit_operator to None, run_after=None
[2024-09-18T15:27:00.013+0000] {processor.py:208} INFO - Processing /Users/omer/Desktop/MLOPS/7day/.env/lib/python3.11/site-packages/airflow/example_dags/example_short_circuit_operator.py took 0.065 seconds
[2024-09-18T15:28:19.983+0000] {processor.py:186} INFO - Started process (PID=97979) to work on /Users/omer/Desktop/MLOPS/7day/.env/lib/python3.11/site-packages/airflow/example_dags/example_short_circuit_operator.py
[2024-09-18T15:28:19.985+0000] {processor.py:914} INFO - Processing file /Users/omer/Desktop/MLOPS/7day/.env/lib/python3.11/site-packages/airflow/example_dags/example_short_circuit_operator.py for tasks to queue
[2024-09-18T15:28:19.985+0000] {logging_mixin.py:190} INFO - [2024-09-18T15:28:19.985+0000] {dagbag.py:587} INFO - Filling up the DagBag from /Users/omer/Desktop/MLOPS/7day/.env/lib/python3.11/site-packages/airflow/example_dags/example_short_circuit_operator.py
[2024-09-18T15:28:19.993+0000] {processor.py:925} INFO - DAG(s) 'example_short_circuit_operator' retrieved from /Users/omer/Desktop/MLOPS/7day/.env/lib/python3.11/site-packages/airflow/example_dags/example_short_circuit_operator.py
[2024-09-18T15:28:20.021+0000] {logging_mixin.py:190} INFO - [2024-09-18T15:28:20.021+0000] {dag.py:3229} INFO - Sync 1 DAGs
[2024-09-18T15:28:20.024+0000] {logging_mixin.py:190} INFO - [2024-09-18T15:28:20.024+0000] {dag.py:4156} INFO - Setting next_dagrun for example_short_circuit_operator to None, run_after=None
[2024-09-18T15:28:20.055+0000] {processor.py:208} INFO - Processing /Users/omer/Desktop/MLOPS/7day/.env/lib/python3.11/site-packages/airflow/example_dags/example_short_circuit_operator.py took 0.072 seconds
[2024-09-18T15:29:58.731+0000] {processor.py:186} INFO - Started process (PID=98219) to work on /Users/omer/Desktop/MLOPS/7day/.env/lib/python3.11/site-packages/airflow/example_dags/example_short_circuit_operator.py
[2024-09-18T15:29:58.732+0000] {processor.py:914} INFO - Processing file /Users/omer/Desktop/MLOPS/7day/.env/lib/python3.11/site-packages/airflow/example_dags/example_short_circuit_operator.py for tasks to queue
[2024-09-18T15:29:58.732+0000] {logging_mixin.py:190} INFO - [2024-09-18T15:29:58.732+0000] {dagbag.py:587} INFO - Filling up the DagBag from /Users/omer/Desktop/MLOPS/7day/.env/lib/python3.11/site-packages/airflow/example_dags/example_short_circuit_operator.py
[2024-09-18T15:29:58.741+0000] {processor.py:925} INFO - DAG(s) 'example_short_circuit_operator' retrieved from /Users/omer/Desktop/MLOPS/7day/.env/lib/python3.11/site-packages/airflow/example_dags/example_short_circuit_operator.py
[2024-09-18T15:29:58.768+0000] {logging_mixin.py:190} INFO - [2024-09-18T15:29:58.768+0000] {dag.py:3229} INFO - Sync 1 DAGs
[2024-09-18T15:29:58.771+0000] {logging_mixin.py:190} INFO - [2024-09-18T15:29:58.771+0000] {dag.py:4156} INFO - Setting next_dagrun for example_short_circuit_operator to None, run_after=None
[2024-09-18T15:29:58.801+0000] {processor.py:208} INFO - Processing /Users/omer/Desktop/MLOPS/7day/.env/lib/python3.11/site-packages/airflow/example_dags/example_short_circuit_operator.py took 0.071 seconds
[2024-09-18T15:31:34.769+0000] {processor.py:186} INFO - Started process (PID=98505) to work on /Users/omer/Desktop/MLOPS/7day/.env/lib/python3.11/site-packages/airflow/example_dags/example_short_circuit_operator.py
[2024-09-18T15:31:34.771+0000] {processor.py:914} INFO - Processing file /Users/omer/Desktop/MLOPS/7day/.env/lib/python3.11/site-packages/airflow/example_dags/example_short_circuit_operator.py for tasks to queue
[2024-09-18T15:31:34.771+0000] {logging_mixin.py:190} INFO - [2024-09-18T15:31:34.771+0000] {dagbag.py:587} INFO - Filling up the DagBag from /Users/omer/Desktop/MLOPS/7day/.env/lib/python3.11/site-packages/airflow/example_dags/example_short_circuit_operator.py
[2024-09-18T15:31:34.778+0000] {processor.py:925} INFO - DAG(s) 'example_short_circuit_operator' retrieved from /Users/omer/Desktop/MLOPS/7day/.env/lib/python3.11/site-packages/airflow/example_dags/example_short_circuit_operator.py
[2024-09-18T15:31:34.804+0000] {logging_mixin.py:190} INFO - [2024-09-18T15:31:34.804+0000] {dag.py:3229} INFO - Sync 1 DAGs
[2024-09-18T15:31:34.807+0000] {logging_mixin.py:190} INFO - [2024-09-18T15:31:34.807+0000] {dag.py:4156} INFO - Setting next_dagrun for example_short_circuit_operator to None, run_after=None
[2024-09-18T15:31:34.832+0000] {processor.py:208} INFO - Processing /Users/omer/Desktop/MLOPS/7day/.env/lib/python3.11/site-packages/airflow/example_dags/example_short_circuit_operator.py took 0.064 seconds
[2024-09-18T15:33:26.122+0000] {processor.py:186} INFO - Started process (PID=98806) to work on /Users/omer/Desktop/MLOPS/7day/.env/lib/python3.11/site-packages/airflow/example_dags/example_short_circuit_operator.py
[2024-09-18T15:33:26.123+0000] {processor.py:914} INFO - Processing file /Users/omer/Desktop/MLOPS/7day/.env/lib/python3.11/site-packages/airflow/example_dags/example_short_circuit_operator.py for tasks to queue
[2024-09-18T15:33:26.123+0000] {logging_mixin.py:190} INFO - [2024-09-18T15:33:26.123+0000] {dagbag.py:587} INFO - Filling up the DagBag from /Users/omer/Desktop/MLOPS/7day/.env/lib/python3.11/site-packages/airflow/example_dags/example_short_circuit_operator.py
[2024-09-18T15:33:26.132+0000] {processor.py:925} INFO - DAG(s) 'example_short_circuit_operator' retrieved from /Users/omer/Desktop/MLOPS/7day/.env/lib/python3.11/site-packages/airflow/example_dags/example_short_circuit_operator.py
[2024-09-18T15:33:26.161+0000] {logging_mixin.py:190} INFO - [2024-09-18T15:33:26.161+0000] {dag.py:3229} INFO - Sync 1 DAGs
[2024-09-18T15:33:26.164+0000] {logging_mixin.py:190} INFO - [2024-09-18T15:33:26.164+0000] {dag.py:4156} INFO - Setting next_dagrun for example_short_circuit_operator to None, run_after=None
[2024-09-18T15:33:26.199+0000] {processor.py:208} INFO - Processing /Users/omer/Desktop/MLOPS/7day/.env/lib/python3.11/site-packages/airflow/example_dags/example_short_circuit_operator.py took 0.077 seconds
[2024-09-18T15:34:37.157+0000] {processor.py:186} INFO - Started process (PID=98967) to work on /Users/omer/Desktop/MLOPS/7day/.env/lib/python3.11/site-packages/airflow/example_dags/example_short_circuit_operator.py
[2024-09-18T15:34:37.157+0000] {processor.py:914} INFO - Processing file /Users/omer/Desktop/MLOPS/7day/.env/lib/python3.11/site-packages/airflow/example_dags/example_short_circuit_operator.py for tasks to queue
[2024-09-18T15:34:37.157+0000] {logging_mixin.py:190} INFO - [2024-09-18T15:34:37.157+0000] {dagbag.py:587} INFO - Filling up the DagBag from /Users/omer/Desktop/MLOPS/7day/.env/lib/python3.11/site-packages/airflow/example_dags/example_short_circuit_operator.py
[2024-09-18T15:34:37.165+0000] {processor.py:925} INFO - DAG(s) 'example_short_circuit_operator' retrieved from /Users/omer/Desktop/MLOPS/7day/.env/lib/python3.11/site-packages/airflow/example_dags/example_short_circuit_operator.py
[2024-09-18T15:34:37.192+0000] {logging_mixin.py:190} INFO - [2024-09-18T15:34:37.192+0000] {dag.py:3229} INFO - Sync 1 DAGs
[2024-09-18T15:34:37.195+0000] {logging_mixin.py:190} INFO - [2024-09-18T15:34:37.195+0000] {dag.py:4156} INFO - Setting next_dagrun for example_short_circuit_operator to None, run_after=None
[2024-09-18T15:34:37.224+0000] {processor.py:208} INFO - Processing /Users/omer/Desktop/MLOPS/7day/.env/lib/python3.11/site-packages/airflow/example_dags/example_short_circuit_operator.py took 0.068 seconds
[2024-09-18T15:35:57.362+0000] {processor.py:186} INFO - Started process (PID=99122) to work on /Users/omer/Desktop/MLOPS/7day/.env/lib/python3.11/site-packages/airflow/example_dags/example_short_circuit_operator.py
[2024-09-18T15:35:57.363+0000] {processor.py:914} INFO - Processing file /Users/omer/Desktop/MLOPS/7day/.env/lib/python3.11/site-packages/airflow/example_dags/example_short_circuit_operator.py for tasks to queue
[2024-09-18T15:35:57.364+0000] {logging_mixin.py:190} INFO - [2024-09-18T15:35:57.363+0000] {dagbag.py:587} INFO - Filling up the DagBag from /Users/omer/Desktop/MLOPS/7day/.env/lib/python3.11/site-packages/airflow/example_dags/example_short_circuit_operator.py
[2024-09-18T15:35:57.374+0000] {processor.py:925} INFO - DAG(s) 'example_short_circuit_operator' retrieved from /Users/omer/Desktop/MLOPS/7day/.env/lib/python3.11/site-packages/airflow/example_dags/example_short_circuit_operator.py
[2024-09-18T15:35:57.404+0000] {logging_mixin.py:190} INFO - [2024-09-18T15:35:57.403+0000] {dag.py:3229} INFO - Sync 1 DAGs
[2024-09-18T15:35:57.407+0000] {logging_mixin.py:190} INFO - [2024-09-18T15:35:57.407+0000] {dag.py:4156} INFO - Setting next_dagrun for example_short_circuit_operator to None, run_after=None
[2024-09-18T15:35:57.439+0000] {processor.py:208} INFO - Processing /Users/omer/Desktop/MLOPS/7day/.env/lib/python3.11/site-packages/airflow/example_dags/example_short_circuit_operator.py took 0.078 seconds
