[2024-09-18T14:48:43.524+0000] {processor.py:186} INFO - Started process (PID=93878) to work on /Users/omer/Desktop/MLOPS/7day/.env/lib/python3.11/site-packages/airflow/example_dags/example_workday_timetable.py
[2024-09-18T14:48:43.525+0000] {processor.py:914} INFO - Processing file /Users/omer/Desktop/MLOPS/7day/.env/lib/python3.11/site-packages/airflow/example_dags/example_workday_timetable.py for tasks to queue
[2024-09-18T14:48:43.525+0000] {logging_mixin.py:190} INFO - [2024-09-18T14:48:43.525+0000] {dagbag.py:587} INFO - Filling up the DagBag from /Users/omer/Desktop/MLOPS/7day/.env/lib/python3.11/site-packages/airflow/example_dags/example_workday_timetable.py
[2024-09-18T14:48:43.526+0000] {logging_mixin.py:190} INFO - [2024-09-18T14:48:43.526+0000] {workday.py:41} WARNING - Could not import pandas. Holidays will not be considered.
[2024-09-18T14:48:43.528+0000] {processor.py:925} INFO - DAG(s) 'example_workday_timetable' retrieved from /Users/omer/Desktop/MLOPS/7day/.env/lib/python3.11/site-packages/airflow/example_dags/example_workday_timetable.py
[2024-09-18T14:48:43.552+0000] {logging_mixin.py:190} INFO - [2024-09-18T14:48:43.552+0000] {workday.py:41} WARNING - Could not import pandas. Holidays will not be considered.
[2024-09-18T14:48:43.600+0000] {logging_mixin.py:190} INFO - [2024-09-18T14:48:43.600+0000] {override.py:1900} INFO - Created Permission View: can edit on DAG:example_workday_timetable
[2024-09-18T14:48:43.603+0000] {logging_mixin.py:190} INFO - [2024-09-18T14:48:43.603+0000] {override.py:1900} INFO - Created Permission View: can delete on DAG:example_workday_timetable
[2024-09-18T14:48:43.605+0000] {logging_mixin.py:190} INFO - [2024-09-18T14:48:43.605+0000] {override.py:1900} INFO - Created Permission View: can read on DAG:example_workday_timetable
[2024-09-18T14:48:43.608+0000] {logging_mixin.py:190} INFO - [2024-09-18T14:48:43.607+0000] {override.py:1900} INFO - Created Permission View: can delete on DAG Run:example_workday_timetable
[2024-09-18T14:48:43.610+0000] {logging_mixin.py:190} INFO - [2024-09-18T14:48:43.609+0000] {override.py:1900} INFO - Created Permission View: can read on DAG Run:example_workday_timetable
[2024-09-18T14:48:43.611+0000] {logging_mixin.py:190} INFO - [2024-09-18T14:48:43.611+0000] {override.py:1900} INFO - Created Permission View: can create on DAG Run:example_workday_timetable
[2024-09-18T14:48:43.612+0000] {logging_mixin.py:190} INFO - [2024-09-18T14:48:43.612+0000] {override.py:1900} INFO - Created Permission View: menu access on DAG Run:example_workday_timetable
[2024-09-18T14:48:43.613+0000] {logging_mixin.py:190} INFO - [2024-09-18T14:48:43.612+0000] {dag.py:3229} INFO - Sync 1 DAGs
[2024-09-18T14:48:43.616+0000] {logging_mixin.py:190} INFO - [2024-09-18T14:48:43.616+0000] {dag.py:3252} INFO - Creating ORM DAG for example_workday_timetable
[2024-09-18T14:48:43.619+0000] {logging_mixin.py:190} INFO - [2024-09-18T14:48:43.618+0000] {dag.py:4156} INFO - Setting next_dagrun for example_workday_timetable to 2021-01-01 00:00:00+00:00, run_after=2021-01-02 00:00:00+00:00
[2024-09-18T14:48:43.623+0000] {processor.py:208} INFO - Processing /Users/omer/Desktop/MLOPS/7day/.env/lib/python3.11/site-packages/airflow/example_dags/example_workday_timetable.py took 0.100 seconds
[2024-09-18T14:50:03.688+0000] {processor.py:186} INFO - Started process (PID=94124) to work on /Users/omer/Desktop/MLOPS/7day/.env/lib/python3.11/site-packages/airflow/example_dags/example_workday_timetable.py
[2024-09-18T14:50:03.689+0000] {processor.py:914} INFO - Processing file /Users/omer/Desktop/MLOPS/7day/.env/lib/python3.11/site-packages/airflow/example_dags/example_workday_timetable.py for tasks to queue
[2024-09-18T14:50:03.690+0000] {logging_mixin.py:190} INFO - [2024-09-18T14:50:03.690+0000] {dagbag.py:587} INFO - Filling up the DagBag from /Users/omer/Desktop/MLOPS/7day/.env/lib/python3.11/site-packages/airflow/example_dags/example_workday_timetable.py
[2024-09-18T14:50:03.692+0000] {logging_mixin.py:190} INFO - [2024-09-18T14:50:03.692+0000] {workday.py:41} WARNING - Could not import pandas. Holidays will not be considered.
[2024-09-18T14:50:03.693+0000] {processor.py:925} INFO - DAG(s) 'example_workday_timetable' retrieved from /Users/omer/Desktop/MLOPS/7day/.env/lib/python3.11/site-packages/airflow/example_dags/example_workday_timetable.py
[2024-09-18T14:50:03.719+0000] {logging_mixin.py:190} INFO - [2024-09-18T14:50:03.719+0000] {workday.py:41} WARNING - Could not import pandas. Holidays will not be considered.
[2024-09-18T14:50:03.725+0000] {logging_mixin.py:190} INFO - [2024-09-18T14:50:03.724+0000] {dag.py:3229} INFO - Sync 1 DAGs
[2024-09-18T14:50:03.730+0000] {logging_mixin.py:190} INFO - [2024-09-18T14:50:03.729+0000] {dag.py:4156} INFO - Setting next_dagrun for example_workday_timetable to 2021-01-01 00:00:00+00:00, run_after=2021-01-02 00:00:00+00:00
[2024-09-18T14:50:03.736+0000] {processor.py:208} INFO - Processing /Users/omer/Desktop/MLOPS/7day/.env/lib/python3.11/site-packages/airflow/example_dags/example_workday_timetable.py took 0.049 seconds
[2024-09-18T14:50:52.751+0000] {processor.py:186} INFO - Started process (PID=94248) to work on /Users/omer/Desktop/MLOPS/7day/.env/lib/python3.11/site-packages/airflow/example_dags/example_workday_timetable.py
[2024-09-18T14:50:52.752+0000] {processor.py:914} INFO - Processing file /Users/omer/Desktop/MLOPS/7day/.env/lib/python3.11/site-packages/airflow/example_dags/example_workday_timetable.py for tasks to queue
[2024-09-18T14:50:52.752+0000] {logging_mixin.py:190} INFO - [2024-09-18T14:50:52.752+0000] {dagbag.py:587} INFO - Filling up the DagBag from /Users/omer/Desktop/MLOPS/7day/.env/lib/python3.11/site-packages/airflow/example_dags/example_workday_timetable.py
[2024-09-18T14:50:52.754+0000] {logging_mixin.py:190} INFO - [2024-09-18T14:50:52.754+0000] {workday.py:41} WARNING - Could not import pandas. Holidays will not be considered.
[2024-09-18T14:50:52.755+0000] {processor.py:925} INFO - DAG(s) 'example_workday_timetable' retrieved from /Users/omer/Desktop/MLOPS/7day/.env/lib/python3.11/site-packages/airflow/example_dags/example_workday_timetable.py
[2024-09-18T14:50:52.778+0000] {logging_mixin.py:190} INFO - [2024-09-18T14:50:52.778+0000] {workday.py:41} WARNING - Could not import pandas. Holidays will not be considered.
[2024-09-18T14:50:52.783+0000] {logging_mixin.py:190} INFO - [2024-09-18T14:50:52.783+0000] {dag.py:3229} INFO - Sync 1 DAGs
[2024-09-18T14:50:52.788+0000] {logging_mixin.py:190} INFO - [2024-09-18T14:50:52.788+0000] {dag.py:4156} INFO - Setting next_dagrun for example_workday_timetable to 2021-01-01 00:00:00+00:00, run_after=2021-01-02 00:00:00+00:00
[2024-09-18T14:50:52.793+0000] {processor.py:208} INFO - Processing /Users/omer/Desktop/MLOPS/7day/.env/lib/python3.11/site-packages/airflow/example_dags/example_workday_timetable.py took 0.043 seconds
[2024-09-18T14:51:42.208+0000] {processor.py:186} INFO - Started process (PID=94369) to work on /Users/omer/Desktop/MLOPS/7day/.env/lib/python3.11/site-packages/airflow/example_dags/example_workday_timetable.py
[2024-09-18T14:51:42.208+0000] {processor.py:914} INFO - Processing file /Users/omer/Desktop/MLOPS/7day/.env/lib/python3.11/site-packages/airflow/example_dags/example_workday_timetable.py for tasks to queue
[2024-09-18T14:51:42.208+0000] {logging_mixin.py:190} INFO - [2024-09-18T14:51:42.208+0000] {dagbag.py:587} INFO - Filling up the DagBag from /Users/omer/Desktop/MLOPS/7day/.env/lib/python3.11/site-packages/airflow/example_dags/example_workday_timetable.py
[2024-09-18T14:51:42.210+0000] {logging_mixin.py:190} INFO - [2024-09-18T14:51:42.210+0000] {workday.py:41} WARNING - Could not import pandas. Holidays will not be considered.
[2024-09-18T14:51:42.211+0000] {processor.py:925} INFO - DAG(s) 'example_workday_timetable' retrieved from /Users/omer/Desktop/MLOPS/7day/.env/lib/python3.11/site-packages/airflow/example_dags/example_workday_timetable.py
[2024-09-18T14:51:42.234+0000] {logging_mixin.py:190} INFO - [2024-09-18T14:51:42.233+0000] {workday.py:41} WARNING - Could not import pandas. Holidays will not be considered.
[2024-09-18T14:51:42.239+0000] {logging_mixin.py:190} INFO - [2024-09-18T14:51:42.239+0000] {dag.py:3229} INFO - Sync 1 DAGs
[2024-09-18T14:51:42.243+0000] {logging_mixin.py:190} INFO - [2024-09-18T14:51:42.243+0000] {dag.py:4156} INFO - Setting next_dagrun for example_workday_timetable to 2021-01-01 00:00:00+00:00, run_after=2021-01-02 00:00:00+00:00
[2024-09-18T14:51:42.248+0000] {processor.py:208} INFO - Processing /Users/omer/Desktop/MLOPS/7day/.env/lib/python3.11/site-packages/airflow/example_dags/example_workday_timetable.py took 0.041 seconds
[2024-09-18T14:52:33.044+0000] {processor.py:186} INFO - Started process (PID=94475) to work on /Users/omer/Desktop/MLOPS/7day/.env/lib/python3.11/site-packages/airflow/example_dags/example_workday_timetable.py
[2024-09-18T14:52:33.047+0000] {processor.py:914} INFO - Processing file /Users/omer/Desktop/MLOPS/7day/.env/lib/python3.11/site-packages/airflow/example_dags/example_workday_timetable.py for tasks to queue
[2024-09-18T14:52:33.048+0000] {logging_mixin.py:190} INFO - [2024-09-18T14:52:33.048+0000] {dagbag.py:587} INFO - Filling up the DagBag from /Users/omer/Desktop/MLOPS/7day/.env/lib/python3.11/site-packages/airflow/example_dags/example_workday_timetable.py
[2024-09-18T14:52:33.049+0000] {logging_mixin.py:190} INFO - [2024-09-18T14:52:33.049+0000] {workday.py:41} WARNING - Could not import pandas. Holidays will not be considered.
[2024-09-18T14:52:33.053+0000] {processor.py:925} INFO - DAG(s) 'example_workday_timetable' retrieved from /Users/omer/Desktop/MLOPS/7day/.env/lib/python3.11/site-packages/airflow/example_dags/example_workday_timetable.py
[2024-09-18T14:52:33.078+0000] {logging_mixin.py:190} INFO - [2024-09-18T14:52:33.078+0000] {workday.py:41} WARNING - Could not import pandas. Holidays will not be considered.
[2024-09-18T14:52:33.084+0000] {logging_mixin.py:190} INFO - [2024-09-18T14:52:33.084+0000] {dag.py:3229} INFO - Sync 1 DAGs
[2024-09-18T14:52:33.089+0000] {logging_mixin.py:190} INFO - [2024-09-18T14:52:33.089+0000] {dag.py:4156} INFO - Setting next_dagrun for example_workday_timetable to 2021-01-01 00:00:00+00:00, run_after=2021-01-02 00:00:00+00:00
[2024-09-18T14:52:33.094+0000] {processor.py:208} INFO - Processing /Users/omer/Desktop/MLOPS/7day/.env/lib/python3.11/site-packages/airflow/example_dags/example_workday_timetable.py took 0.051 seconds
[2024-09-18T14:53:23.989+0000] {processor.py:186} INFO - Started process (PID=94555) to work on /Users/omer/Desktop/MLOPS/7day/.env/lib/python3.11/site-packages/airflow/example_dags/example_workday_timetable.py
[2024-09-18T14:53:23.990+0000] {processor.py:914} INFO - Processing file /Users/omer/Desktop/MLOPS/7day/.env/lib/python3.11/site-packages/airflow/example_dags/example_workday_timetable.py for tasks to queue
[2024-09-18T14:53:23.990+0000] {logging_mixin.py:190} INFO - [2024-09-18T14:53:23.990+0000] {dagbag.py:587} INFO - Filling up the DagBag from /Users/omer/Desktop/MLOPS/7day/.env/lib/python3.11/site-packages/airflow/example_dags/example_workday_timetable.py
[2024-09-18T14:53:23.992+0000] {logging_mixin.py:190} INFO - [2024-09-18T14:53:23.992+0000] {workday.py:41} WARNING - Could not import pandas. Holidays will not be considered.
[2024-09-18T14:53:23.993+0000] {processor.py:925} INFO - DAG(s) 'example_workday_timetable' retrieved from /Users/omer/Desktop/MLOPS/7day/.env/lib/python3.11/site-packages/airflow/example_dags/example_workday_timetable.py
[2024-09-18T14:53:24.016+0000] {logging_mixin.py:190} INFO - [2024-09-18T14:53:24.016+0000] {workday.py:41} WARNING - Could not import pandas. Holidays will not be considered.
[2024-09-18T14:53:24.022+0000] {logging_mixin.py:190} INFO - [2024-09-18T14:53:24.022+0000] {dag.py:3229} INFO - Sync 1 DAGs
[2024-09-18T14:53:24.027+0000] {logging_mixin.py:190} INFO - [2024-09-18T14:53:24.026+0000] {dag.py:4156} INFO - Setting next_dagrun for example_workday_timetable to 2021-01-01 00:00:00+00:00, run_after=2021-01-02 00:00:00+00:00
[2024-09-18T14:53:24.032+0000] {processor.py:208} INFO - Processing /Users/omer/Desktop/MLOPS/7day/.env/lib/python3.11/site-packages/airflow/example_dags/example_workday_timetable.py took 0.044 seconds
[2024-09-18T14:54:13.865+0000] {processor.py:186} INFO - Started process (PID=94639) to work on /Users/omer/Desktop/MLOPS/7day/.env/lib/python3.11/site-packages/airflow/example_dags/example_workday_timetable.py
[2024-09-18T14:54:13.866+0000] {processor.py:914} INFO - Processing file /Users/omer/Desktop/MLOPS/7day/.env/lib/python3.11/site-packages/airflow/example_dags/example_workday_timetable.py for tasks to queue
[2024-09-18T14:54:13.867+0000] {logging_mixin.py:190} INFO - [2024-09-18T14:54:13.867+0000] {dagbag.py:587} INFO - Filling up the DagBag from /Users/omer/Desktop/MLOPS/7day/.env/lib/python3.11/site-packages/airflow/example_dags/example_workday_timetable.py
[2024-09-18T14:54:13.869+0000] {logging_mixin.py:190} INFO - [2024-09-18T14:54:13.869+0000] {workday.py:41} WARNING - Could not import pandas. Holidays will not be considered.
[2024-09-18T14:54:13.871+0000] {processor.py:925} INFO - DAG(s) 'example_workday_timetable' retrieved from /Users/omer/Desktop/MLOPS/7day/.env/lib/python3.11/site-packages/airflow/example_dags/example_workday_timetable.py
[2024-09-18T14:54:13.897+0000] {logging_mixin.py:190} INFO - [2024-09-18T14:54:13.897+0000] {workday.py:41} WARNING - Could not import pandas. Holidays will not be considered.
[2024-09-18T14:54:13.903+0000] {logging_mixin.py:190} INFO - [2024-09-18T14:54:13.903+0000] {dag.py:3229} INFO - Sync 1 DAGs
[2024-09-18T14:54:13.908+0000] {logging_mixin.py:190} INFO - [2024-09-18T14:54:13.908+0000] {dag.py:4156} INFO - Setting next_dagrun for example_workday_timetable to 2021-01-01 00:00:00+00:00, run_after=2021-01-02 00:00:00+00:00
[2024-09-18T14:54:13.914+0000] {processor.py:208} INFO - Processing /Users/omer/Desktop/MLOPS/7day/.env/lib/python3.11/site-packages/airflow/example_dags/example_workday_timetable.py took 0.050 seconds
[2024-09-18T14:55:02.538+0000] {processor.py:186} INFO - Started process (PID=94754) to work on /Users/omer/Desktop/MLOPS/7day/.env/lib/python3.11/site-packages/airflow/example_dags/example_workday_timetable.py
[2024-09-18T14:55:02.538+0000] {processor.py:914} INFO - Processing file /Users/omer/Desktop/MLOPS/7day/.env/lib/python3.11/site-packages/airflow/example_dags/example_workday_timetable.py for tasks to queue
[2024-09-18T14:55:02.538+0000] {logging_mixin.py:190} INFO - [2024-09-18T14:55:02.538+0000] {dagbag.py:587} INFO - Filling up the DagBag from /Users/omer/Desktop/MLOPS/7day/.env/lib/python3.11/site-packages/airflow/example_dags/example_workday_timetable.py
[2024-09-18T14:55:02.540+0000] {logging_mixin.py:190} INFO - [2024-09-18T14:55:02.540+0000] {workday.py:41} WARNING - Could not import pandas. Holidays will not be considered.
[2024-09-18T14:55:02.542+0000] {processor.py:925} INFO - DAG(s) 'example_workday_timetable' retrieved from /Users/omer/Desktop/MLOPS/7day/.env/lib/python3.11/site-packages/airflow/example_dags/example_workday_timetable.py
[2024-09-18T14:55:02.566+0000] {logging_mixin.py:190} INFO - [2024-09-18T14:55:02.565+0000] {workday.py:41} WARNING - Could not import pandas. Holidays will not be considered.
[2024-09-18T14:55:02.572+0000] {logging_mixin.py:190} INFO - [2024-09-18T14:55:02.572+0000] {dag.py:3229} INFO - Sync 1 DAGs
[2024-09-18T14:55:02.577+0000] {logging_mixin.py:190} INFO - [2024-09-18T14:55:02.576+0000] {dag.py:4156} INFO - Setting next_dagrun for example_workday_timetable to 2021-01-01 00:00:00+00:00, run_after=2021-01-02 00:00:00+00:00
[2024-09-18T14:55:02.582+0000] {processor.py:208} INFO - Processing /Users/omer/Desktop/MLOPS/7day/.env/lib/python3.11/site-packages/airflow/example_dags/example_workday_timetable.py took 0.045 seconds
[2024-09-18T15:12:39.577+0000] {processor.py:186} INFO - Started process (PID=96592) to work on /Users/omer/Desktop/MLOPS/7day/.env/lib/python3.11/site-packages/airflow/example_dags/example_workday_timetable.py
[2024-09-18T15:12:39.578+0000] {processor.py:914} INFO - Processing file /Users/omer/Desktop/MLOPS/7day/.env/lib/python3.11/site-packages/airflow/example_dags/example_workday_timetable.py for tasks to queue
[2024-09-18T15:12:39.578+0000] {logging_mixin.py:190} INFO - [2024-09-18T15:12:39.578+0000] {dagbag.py:587} INFO - Filling up the DagBag from /Users/omer/Desktop/MLOPS/7day/.env/lib/python3.11/site-packages/airflow/example_dags/example_workday_timetable.py
[2024-09-18T15:12:39.579+0000] {logging_mixin.py:190} INFO - [2024-09-18T15:12:39.579+0000] {workday.py:41} WARNING - Could not import pandas. Holidays will not be considered.
[2024-09-18T15:12:39.580+0000] {processor.py:925} INFO - DAG(s) 'example_workday_timetable' retrieved from /Users/omer/Desktop/MLOPS/7day/.env/lib/python3.11/site-packages/airflow/example_dags/example_workday_timetable.py
[2024-09-18T15:12:39.603+0000] {logging_mixin.py:190} INFO - [2024-09-18T15:12:39.603+0000] {workday.py:41} WARNING - Could not import pandas. Holidays will not be considered.
[2024-09-18T15:12:39.608+0000] {logging_mixin.py:190} INFO - [2024-09-18T15:12:39.608+0000] {dag.py:3229} INFO - Sync 1 DAGs
[2024-09-18T15:12:39.612+0000] {logging_mixin.py:190} INFO - [2024-09-18T15:12:39.612+0000] {dag.py:4156} INFO - Setting next_dagrun for example_workday_timetable to 2021-01-01 00:00:00+00:00, run_after=2021-01-02 00:00:00+00:00
[2024-09-18T15:12:39.617+0000] {processor.py:208} INFO - Processing /Users/omer/Desktop/MLOPS/7day/.env/lib/python3.11/site-packages/airflow/example_dags/example_workday_timetable.py took 0.041 seconds
[2024-09-18T15:21:03.918+0000] {processor.py:186} INFO - Started process (PID=97130) to work on /Users/omer/Desktop/MLOPS/7day/.env/lib/python3.11/site-packages/airflow/example_dags/example_workday_timetable.py
[2024-09-18T15:21:03.918+0000] {processor.py:914} INFO - Processing file /Users/omer/Desktop/MLOPS/7day/.env/lib/python3.11/site-packages/airflow/example_dags/example_workday_timetable.py for tasks to queue
[2024-09-18T15:21:03.919+0000] {logging_mixin.py:190} INFO - [2024-09-18T15:21:03.918+0000] {dagbag.py:587} INFO - Filling up the DagBag from /Users/omer/Desktop/MLOPS/7day/.env/lib/python3.11/site-packages/airflow/example_dags/example_workday_timetable.py
[2024-09-18T15:21:03.920+0000] {logging_mixin.py:190} INFO - [2024-09-18T15:21:03.920+0000] {workday.py:41} WARNING - Could not import pandas. Holidays will not be considered.
[2024-09-18T15:21:03.922+0000] {processor.py:925} INFO - DAG(s) 'example_workday_timetable' retrieved from /Users/omer/Desktop/MLOPS/7day/.env/lib/python3.11/site-packages/airflow/example_dags/example_workday_timetable.py
[2024-09-18T15:21:03.947+0000] {logging_mixin.py:190} INFO - [2024-09-18T15:21:03.947+0000] {workday.py:41} WARNING - Could not import pandas. Holidays will not be considered.
[2024-09-18T15:21:03.953+0000] {logging_mixin.py:190} INFO - [2024-09-18T15:21:03.953+0000] {dag.py:3229} INFO - Sync 1 DAGs
[2024-09-18T15:21:03.959+0000] {logging_mixin.py:190} INFO - [2024-09-18T15:21:03.958+0000] {dag.py:4156} INFO - Setting next_dagrun for example_workday_timetable to 2021-01-01 00:00:00+00:00, run_after=2021-01-02 00:00:00+00:00
[2024-09-18T15:21:03.964+0000] {processor.py:208} INFO - Processing /Users/omer/Desktop/MLOPS/7day/.env/lib/python3.11/site-packages/airflow/example_dags/example_workday_timetable.py took 0.048 seconds
[2024-09-18T15:22:22.739+0000] {processor.py:186} INFO - Started process (PID=97269) to work on /Users/omer/Desktop/MLOPS/7day/.env/lib/python3.11/site-packages/airflow/example_dags/example_workday_timetable.py
[2024-09-18T15:22:22.739+0000] {processor.py:914} INFO - Processing file /Users/omer/Desktop/MLOPS/7day/.env/lib/python3.11/site-packages/airflow/example_dags/example_workday_timetable.py for tasks to queue
[2024-09-18T15:22:22.740+0000] {logging_mixin.py:190} INFO - [2024-09-18T15:22:22.740+0000] {dagbag.py:587} INFO - Filling up the DagBag from /Users/omer/Desktop/MLOPS/7day/.env/lib/python3.11/site-packages/airflow/example_dags/example_workday_timetable.py
[2024-09-18T15:22:22.741+0000] {logging_mixin.py:190} INFO - [2024-09-18T15:22:22.741+0000] {workday.py:41} WARNING - Could not import pandas. Holidays will not be considered.
[2024-09-18T15:22:22.743+0000] {processor.py:925} INFO - DAG(s) 'example_workday_timetable' retrieved from /Users/omer/Desktop/MLOPS/7day/.env/lib/python3.11/site-packages/airflow/example_dags/example_workday_timetable.py
[2024-09-18T15:22:22.767+0000] {logging_mixin.py:190} INFO - [2024-09-18T15:22:22.767+0000] {workday.py:41} WARNING - Could not import pandas. Holidays will not be considered.
[2024-09-18T15:22:22.773+0000] {logging_mixin.py:190} INFO - [2024-09-18T15:22:22.773+0000] {dag.py:3229} INFO - Sync 1 DAGs
[2024-09-18T15:22:22.778+0000] {logging_mixin.py:190} INFO - [2024-09-18T15:22:22.778+0000] {dag.py:4156} INFO - Setting next_dagrun for example_workday_timetable to 2021-01-01 00:00:00+00:00, run_after=2021-01-02 00:00:00+00:00
[2024-09-18T15:22:22.783+0000] {processor.py:208} INFO - Processing /Users/omer/Desktop/MLOPS/7day/.env/lib/python3.11/site-packages/airflow/example_dags/example_workday_timetable.py took 0.045 seconds
[2024-09-18T15:23:12.156+0000] {processor.py:186} INFO - Started process (PID=97350) to work on /Users/omer/Desktop/MLOPS/7day/.env/lib/python3.11/site-packages/airflow/example_dags/example_workday_timetable.py
[2024-09-18T15:23:12.156+0000] {processor.py:914} INFO - Processing file /Users/omer/Desktop/MLOPS/7day/.env/lib/python3.11/site-packages/airflow/example_dags/example_workday_timetable.py for tasks to queue
[2024-09-18T15:23:12.157+0000] {logging_mixin.py:190} INFO - [2024-09-18T15:23:12.156+0000] {dagbag.py:587} INFO - Filling up the DagBag from /Users/omer/Desktop/MLOPS/7day/.env/lib/python3.11/site-packages/airflow/example_dags/example_workday_timetable.py
[2024-09-18T15:23:12.159+0000] {logging_mixin.py:190} INFO - [2024-09-18T15:23:12.158+0000] {workday.py:41} WARNING - Could not import pandas. Holidays will not be considered.
[2024-09-18T15:23:12.160+0000] {processor.py:925} INFO - DAG(s) 'example_workday_timetable' retrieved from /Users/omer/Desktop/MLOPS/7day/.env/lib/python3.11/site-packages/airflow/example_dags/example_workday_timetable.py
[2024-09-18T15:23:12.185+0000] {logging_mixin.py:190} INFO - [2024-09-18T15:23:12.185+0000] {workday.py:41} WARNING - Could not import pandas. Holidays will not be considered.
[2024-09-18T15:23:12.191+0000] {logging_mixin.py:190} INFO - [2024-09-18T15:23:12.191+0000] {dag.py:3229} INFO - Sync 1 DAGs
[2024-09-18T15:23:12.196+0000] {logging_mixin.py:190} INFO - [2024-09-18T15:23:12.196+0000] {dag.py:4156} INFO - Setting next_dagrun for example_workday_timetable to 2021-01-01 00:00:00+00:00, run_after=2021-01-02 00:00:00+00:00
[2024-09-18T15:23:12.201+0000] {processor.py:208} INFO - Processing /Users/omer/Desktop/MLOPS/7day/.env/lib/python3.11/site-packages/airflow/example_dags/example_workday_timetable.py took 0.046 seconds
[2024-09-18T15:25:26.527+0000] {processor.py:186} INFO - Started process (PID=97599) to work on /Users/omer/Desktop/MLOPS/7day/.env/lib/python3.11/site-packages/airflow/example_dags/example_workday_timetable.py
[2024-09-18T15:25:26.529+0000] {processor.py:914} INFO - Processing file /Users/omer/Desktop/MLOPS/7day/.env/lib/python3.11/site-packages/airflow/example_dags/example_workday_timetable.py for tasks to queue
[2024-09-18T15:25:26.529+0000] {logging_mixin.py:190} INFO - [2024-09-18T15:25:26.529+0000] {dagbag.py:587} INFO - Filling up the DagBag from /Users/omer/Desktop/MLOPS/7day/.env/lib/python3.11/site-packages/airflow/example_dags/example_workday_timetable.py
[2024-09-18T15:25:26.530+0000] {logging_mixin.py:190} INFO - [2024-09-18T15:25:26.530+0000] {workday.py:41} WARNING - Could not import pandas. Holidays will not be considered.
[2024-09-18T15:25:26.532+0000] {processor.py:925} INFO - DAG(s) 'example_workday_timetable' retrieved from /Users/omer/Desktop/MLOPS/7day/.env/lib/python3.11/site-packages/airflow/example_dags/example_workday_timetable.py
[2024-09-18T15:25:26.557+0000] {logging_mixin.py:190} INFO - [2024-09-18T15:25:26.557+0000] {workday.py:41} WARNING - Could not import pandas. Holidays will not be considered.
[2024-09-18T15:25:26.563+0000] {logging_mixin.py:190} INFO - [2024-09-18T15:25:26.563+0000] {dag.py:3229} INFO - Sync 1 DAGs
[2024-09-18T15:25:26.568+0000] {logging_mixin.py:190} INFO - [2024-09-18T15:25:26.568+0000] {dag.py:4156} INFO - Setting next_dagrun for example_workday_timetable to 2021-01-01 00:00:00+00:00, run_after=2021-01-02 00:00:00+00:00
[2024-09-18T15:25:26.573+0000] {processor.py:208} INFO - Processing /Users/omer/Desktop/MLOPS/7day/.env/lib/python3.11/site-packages/airflow/example_dags/example_workday_timetable.py took 0.047 seconds
[2024-09-18T15:26:47.289+0000] {processor.py:186} INFO - Started process (PID=97753) to work on /Users/omer/Desktop/MLOPS/7day/.env/lib/python3.11/site-packages/airflow/example_dags/example_workday_timetable.py
[2024-09-18T15:26:47.290+0000] {processor.py:914} INFO - Processing file /Users/omer/Desktop/MLOPS/7day/.env/lib/python3.11/site-packages/airflow/example_dags/example_workday_timetable.py for tasks to queue
[2024-09-18T15:26:47.290+0000] {logging_mixin.py:190} INFO - [2024-09-18T15:26:47.290+0000] {dagbag.py:587} INFO - Filling up the DagBag from /Users/omer/Desktop/MLOPS/7day/.env/lib/python3.11/site-packages/airflow/example_dags/example_workday_timetable.py
[2024-09-18T15:26:47.291+0000] {logging_mixin.py:190} INFO - [2024-09-18T15:26:47.291+0000] {workday.py:41} WARNING - Could not import pandas. Holidays will not be considered.
[2024-09-18T15:26:47.292+0000] {processor.py:925} INFO - DAG(s) 'example_workday_timetable' retrieved from /Users/omer/Desktop/MLOPS/7day/.env/lib/python3.11/site-packages/airflow/example_dags/example_workday_timetable.py
[2024-09-18T15:26:47.315+0000] {logging_mixin.py:190} INFO - [2024-09-18T15:26:47.315+0000] {workday.py:41} WARNING - Could not import pandas. Holidays will not be considered.
[2024-09-18T15:26:47.321+0000] {logging_mixin.py:190} INFO - [2024-09-18T15:26:47.320+0000] {dag.py:3229} INFO - Sync 1 DAGs
[2024-09-18T15:26:47.325+0000] {logging_mixin.py:190} INFO - [2024-09-18T15:26:47.325+0000] {dag.py:4156} INFO - Setting next_dagrun for example_workday_timetable to 2021-01-01 00:00:00+00:00, run_after=2021-01-02 00:00:00+00:00
[2024-09-18T15:26:47.330+0000] {processor.py:208} INFO - Processing /Users/omer/Desktop/MLOPS/7day/.env/lib/python3.11/site-packages/airflow/example_dags/example_workday_timetable.py took 0.042 seconds
[2024-09-18T15:28:07.304+0000] {processor.py:186} INFO - Started process (PID=97959) to work on /Users/omer/Desktop/MLOPS/7day/.env/lib/python3.11/site-packages/airflow/example_dags/example_workday_timetable.py
[2024-09-18T15:28:07.304+0000] {processor.py:914} INFO - Processing file /Users/omer/Desktop/MLOPS/7day/.env/lib/python3.11/site-packages/airflow/example_dags/example_workday_timetable.py for tasks to queue
[2024-09-18T15:28:07.305+0000] {logging_mixin.py:190} INFO - [2024-09-18T15:28:07.304+0000] {dagbag.py:587} INFO - Filling up the DagBag from /Users/omer/Desktop/MLOPS/7day/.env/lib/python3.11/site-packages/airflow/example_dags/example_workday_timetable.py
[2024-09-18T15:28:07.306+0000] {logging_mixin.py:190} INFO - [2024-09-18T15:28:07.306+0000] {workday.py:41} WARNING - Could not import pandas. Holidays will not be considered.
[2024-09-18T15:28:07.308+0000] {processor.py:925} INFO - DAG(s) 'example_workday_timetable' retrieved from /Users/omer/Desktop/MLOPS/7day/.env/lib/python3.11/site-packages/airflow/example_dags/example_workday_timetable.py
[2024-09-18T15:28:07.333+0000] {logging_mixin.py:190} INFO - [2024-09-18T15:28:07.333+0000] {workday.py:41} WARNING - Could not import pandas. Holidays will not be considered.
[2024-09-18T15:28:07.338+0000] {logging_mixin.py:190} INFO - [2024-09-18T15:28:07.338+0000] {dag.py:3229} INFO - Sync 1 DAGs
[2024-09-18T15:28:07.343+0000] {logging_mixin.py:190} INFO - [2024-09-18T15:28:07.343+0000] {dag.py:4156} INFO - Setting next_dagrun for example_workday_timetable to 2021-01-01 00:00:00+00:00, run_after=2021-01-02 00:00:00+00:00
[2024-09-18T15:28:07.349+0000] {processor.py:208} INFO - Processing /Users/omer/Desktop/MLOPS/7day/.env/lib/python3.11/site-packages/airflow/example_dags/example_workday_timetable.py took 0.046 seconds
[2024-09-18T15:28:57.922+0000] {processor.py:186} INFO - Started process (PID=98066) to work on /Users/omer/Desktop/MLOPS/7day/.env/lib/python3.11/site-packages/airflow/example_dags/example_workday_timetable.py
[2024-09-18T15:28:57.923+0000] {processor.py:914} INFO - Processing file /Users/omer/Desktop/MLOPS/7day/.env/lib/python3.11/site-packages/airflow/example_dags/example_workday_timetable.py for tasks to queue
[2024-09-18T15:28:57.924+0000] {logging_mixin.py:190} INFO - [2024-09-18T15:28:57.924+0000] {dagbag.py:587} INFO - Filling up the DagBag from /Users/omer/Desktop/MLOPS/7day/.env/lib/python3.11/site-packages/airflow/example_dags/example_workday_timetable.py
[2024-09-18T15:28:57.924+0000] {logging_mixin.py:190} INFO - [2024-09-18T15:28:57.924+0000] {workday.py:41} WARNING - Could not import pandas. Holidays will not be considered.
[2024-09-18T15:28:57.926+0000] {processor.py:925} INFO - DAG(s) 'example_workday_timetable' retrieved from /Users/omer/Desktop/MLOPS/7day/.env/lib/python3.11/site-packages/airflow/example_dags/example_workday_timetable.py
[2024-09-18T15:28:57.949+0000] {logging_mixin.py:190} INFO - [2024-09-18T15:28:57.949+0000] {workday.py:41} WARNING - Could not import pandas. Holidays will not be considered.
[2024-09-18T15:28:57.954+0000] {logging_mixin.py:190} INFO - [2024-09-18T15:28:57.954+0000] {dag.py:3229} INFO - Sync 1 DAGs
[2024-09-18T15:28:57.959+0000] {logging_mixin.py:190} INFO - [2024-09-18T15:28:57.959+0000] {dag.py:4156} INFO - Setting next_dagrun for example_workday_timetable to 2021-01-01 00:00:00+00:00, run_after=2021-01-02 00:00:00+00:00
[2024-09-18T15:28:57.964+0000] {processor.py:208} INFO - Processing /Users/omer/Desktop/MLOPS/7day/.env/lib/python3.11/site-packages/airflow/example_dags/example_workday_timetable.py took 0.043 seconds
[2024-09-18T15:29:47.736+0000] {processor.py:186} INFO - Started process (PID=98188) to work on /Users/omer/Desktop/MLOPS/7day/.env/lib/python3.11/site-packages/airflow/example_dags/example_workday_timetable.py
[2024-09-18T15:29:47.737+0000] {processor.py:914} INFO - Processing file /Users/omer/Desktop/MLOPS/7day/.env/lib/python3.11/site-packages/airflow/example_dags/example_workday_timetable.py for tasks to queue
[2024-09-18T15:29:47.738+0000] {logging_mixin.py:190} INFO - [2024-09-18T15:29:47.737+0000] {dagbag.py:587} INFO - Filling up the DagBag from /Users/omer/Desktop/MLOPS/7day/.env/lib/python3.11/site-packages/airflow/example_dags/example_workday_timetable.py
[2024-09-18T15:29:47.739+0000] {logging_mixin.py:190} INFO - [2024-09-18T15:29:47.739+0000] {workday.py:41} WARNING - Could not import pandas. Holidays will not be considered.
[2024-09-18T15:29:47.741+0000] {processor.py:925} INFO - DAG(s) 'example_workday_timetable' retrieved from /Users/omer/Desktop/MLOPS/7day/.env/lib/python3.11/site-packages/airflow/example_dags/example_workday_timetable.py
[2024-09-18T15:29:47.764+0000] {logging_mixin.py:190} INFO - [2024-09-18T15:29:47.764+0000] {workday.py:41} WARNING - Could not import pandas. Holidays will not be considered.
[2024-09-18T15:29:47.769+0000] {logging_mixin.py:190} INFO - [2024-09-18T15:29:47.769+0000] {dag.py:3229} INFO - Sync 1 DAGs
[2024-09-18T15:29:47.774+0000] {logging_mixin.py:190} INFO - [2024-09-18T15:29:47.774+0000] {dag.py:4156} INFO - Setting next_dagrun for example_workday_timetable to 2021-01-01 00:00:00+00:00, run_after=2021-01-02 00:00:00+00:00
[2024-09-18T15:29:47.778+0000] {processor.py:208} INFO - Processing /Users/omer/Desktop/MLOPS/7day/.env/lib/python3.11/site-packages/airflow/example_dags/example_workday_timetable.py took 0.043 seconds
[2024-09-18T15:30:36.444+0000] {processor.py:186} INFO - Started process (PID=98333) to work on /Users/omer/Desktop/MLOPS/7day/.env/lib/python3.11/site-packages/airflow/example_dags/example_workday_timetable.py
[2024-09-18T15:30:36.445+0000] {processor.py:914} INFO - Processing file /Users/omer/Desktop/MLOPS/7day/.env/lib/python3.11/site-packages/airflow/example_dags/example_workday_timetable.py for tasks to queue
[2024-09-18T15:30:36.445+0000] {logging_mixin.py:190} INFO - [2024-09-18T15:30:36.445+0000] {dagbag.py:587} INFO - Filling up the DagBag from /Users/omer/Desktop/MLOPS/7day/.env/lib/python3.11/site-packages/airflow/example_dags/example_workday_timetable.py
[2024-09-18T15:30:36.447+0000] {logging_mixin.py:190} INFO - [2024-09-18T15:30:36.447+0000] {workday.py:41} WARNING - Could not import pandas. Holidays will not be considered.
[2024-09-18T15:30:36.448+0000] {processor.py:925} INFO - DAG(s) 'example_workday_timetable' retrieved from /Users/omer/Desktop/MLOPS/7day/.env/lib/python3.11/site-packages/airflow/example_dags/example_workday_timetable.py
[2024-09-18T15:30:36.472+0000] {logging_mixin.py:190} INFO - [2024-09-18T15:30:36.472+0000] {workday.py:41} WARNING - Could not import pandas. Holidays will not be considered.
[2024-09-18T15:30:36.478+0000] {logging_mixin.py:190} INFO - [2024-09-18T15:30:36.477+0000] {dag.py:3229} INFO - Sync 1 DAGs
[2024-09-18T15:30:36.483+0000] {logging_mixin.py:190} INFO - [2024-09-18T15:30:36.483+0000] {dag.py:4156} INFO - Setting next_dagrun for example_workday_timetable to 2021-01-01 00:00:00+00:00, run_after=2021-01-02 00:00:00+00:00
[2024-09-18T15:30:36.488+0000] {processor.py:208} INFO - Processing /Users/omer/Desktop/MLOPS/7day/.env/lib/python3.11/site-packages/airflow/example_dags/example_workday_timetable.py took 0.045 seconds
[2024-09-18T15:31:25.002+0000] {processor.py:186} INFO - Started process (PID=98465) to work on /Users/omer/Desktop/MLOPS/7day/.env/lib/python3.11/site-packages/airflow/example_dags/example_workday_timetable.py
[2024-09-18T15:31:25.003+0000] {processor.py:914} INFO - Processing file /Users/omer/Desktop/MLOPS/7day/.env/lib/python3.11/site-packages/airflow/example_dags/example_workday_timetable.py for tasks to queue
[2024-09-18T15:31:25.003+0000] {logging_mixin.py:190} INFO - [2024-09-18T15:31:25.003+0000] {dagbag.py:587} INFO - Filling up the DagBag from /Users/omer/Desktop/MLOPS/7day/.env/lib/python3.11/site-packages/airflow/example_dags/example_workday_timetable.py
[2024-09-18T15:31:25.005+0000] {logging_mixin.py:190} INFO - [2024-09-18T15:31:25.005+0000] {workday.py:41} WARNING - Could not import pandas. Holidays will not be considered.
[2024-09-18T15:31:25.006+0000] {processor.py:925} INFO - DAG(s) 'example_workday_timetable' retrieved from /Users/omer/Desktop/MLOPS/7day/.env/lib/python3.11/site-packages/airflow/example_dags/example_workday_timetable.py
[2024-09-18T15:31:25.031+0000] {logging_mixin.py:190} INFO - [2024-09-18T15:31:25.031+0000] {workday.py:41} WARNING - Could not import pandas. Holidays will not be considered.
[2024-09-18T15:31:25.036+0000] {logging_mixin.py:190} INFO - [2024-09-18T15:31:25.036+0000] {dag.py:3229} INFO - Sync 1 DAGs
[2024-09-18T15:31:25.041+0000] {logging_mixin.py:190} INFO - [2024-09-18T15:31:25.041+0000] {dag.py:4156} INFO - Setting next_dagrun for example_workday_timetable to 2021-01-01 00:00:00+00:00, run_after=2021-01-02 00:00:00+00:00
[2024-09-18T15:31:25.046+0000] {processor.py:208} INFO - Processing /Users/omer/Desktop/MLOPS/7day/.env/lib/python3.11/site-packages/airflow/example_dags/example_workday_timetable.py took 0.045 seconds
[2024-09-18T15:32:13.092+0000] {processor.py:186} INFO - Started process (PID=98626) to work on /Users/omer/Desktop/MLOPS/7day/.env/lib/python3.11/site-packages/airflow/example_dags/example_workday_timetable.py
[2024-09-18T15:32:13.092+0000] {processor.py:914} INFO - Processing file /Users/omer/Desktop/MLOPS/7day/.env/lib/python3.11/site-packages/airflow/example_dags/example_workday_timetable.py for tasks to queue
[2024-09-18T15:32:13.092+0000] {logging_mixin.py:190} INFO - [2024-09-18T15:32:13.092+0000] {dagbag.py:587} INFO - Filling up the DagBag from /Users/omer/Desktop/MLOPS/7day/.env/lib/python3.11/site-packages/airflow/example_dags/example_workday_timetable.py
[2024-09-18T15:32:13.094+0000] {logging_mixin.py:190} INFO - [2024-09-18T15:32:13.094+0000] {workday.py:41} WARNING - Could not import pandas. Holidays will not be considered.
[2024-09-18T15:32:13.095+0000] {processor.py:925} INFO - DAG(s) 'example_workday_timetable' retrieved from /Users/omer/Desktop/MLOPS/7day/.env/lib/python3.11/site-packages/airflow/example_dags/example_workday_timetable.py
[2024-09-18T15:32:13.120+0000] {logging_mixin.py:190} INFO - [2024-09-18T15:32:13.120+0000] {workday.py:41} WARNING - Could not import pandas. Holidays will not be considered.
[2024-09-18T15:32:13.126+0000] {logging_mixin.py:190} INFO - [2024-09-18T15:32:13.126+0000] {dag.py:3229} INFO - Sync 1 DAGs
[2024-09-18T15:32:13.131+0000] {logging_mixin.py:190} INFO - [2024-09-18T15:32:13.131+0000] {dag.py:4156} INFO - Setting next_dagrun for example_workday_timetable to 2021-01-01 00:00:00+00:00, run_after=2021-01-02 00:00:00+00:00
[2024-09-18T15:32:13.137+0000] {processor.py:208} INFO - Processing /Users/omer/Desktop/MLOPS/7day/.env/lib/python3.11/site-packages/airflow/example_dags/example_workday_timetable.py took 0.046 seconds
[2024-09-18T15:33:13.358+0000] {processor.py:186} INFO - Started process (PID=98768) to work on /Users/omer/Desktop/MLOPS/7day/.env/lib/python3.11/site-packages/airflow/example_dags/example_workday_timetable.py
[2024-09-18T15:33:13.359+0000] {processor.py:914} INFO - Processing file /Users/omer/Desktop/MLOPS/7day/.env/lib/python3.11/site-packages/airflow/example_dags/example_workday_timetable.py for tasks to queue
[2024-09-18T15:33:13.360+0000] {logging_mixin.py:190} INFO - [2024-09-18T15:33:13.359+0000] {dagbag.py:587} INFO - Filling up the DagBag from /Users/omer/Desktop/MLOPS/7day/.env/lib/python3.11/site-packages/airflow/example_dags/example_workday_timetable.py
[2024-09-18T15:33:13.361+0000] {logging_mixin.py:190} INFO - [2024-09-18T15:33:13.361+0000] {workday.py:41} WARNING - Could not import pandas. Holidays will not be considered.
[2024-09-18T15:33:13.363+0000] {processor.py:925} INFO - DAG(s) 'example_workday_timetable' retrieved from /Users/omer/Desktop/MLOPS/7day/.env/lib/python3.11/site-packages/airflow/example_dags/example_workday_timetable.py
[2024-09-18T15:33:13.386+0000] {logging_mixin.py:190} INFO - [2024-09-18T15:33:13.386+0000] {workday.py:41} WARNING - Could not import pandas. Holidays will not be considered.
[2024-09-18T15:33:13.391+0000] {logging_mixin.py:190} INFO - [2024-09-18T15:33:13.391+0000] {dag.py:3229} INFO - Sync 1 DAGs
[2024-09-18T15:33:13.396+0000] {logging_mixin.py:190} INFO - [2024-09-18T15:33:13.396+0000] {dag.py:4156} INFO - Setting next_dagrun for example_workday_timetable to 2021-01-01 00:00:00+00:00, run_after=2021-01-02 00:00:00+00:00
[2024-09-18T15:33:13.401+0000] {processor.py:208} INFO - Processing /Users/omer/Desktop/MLOPS/7day/.env/lib/python3.11/site-packages/airflow/example_dags/example_workday_timetable.py took 0.043 seconds
[2024-09-18T15:34:24.412+0000] {processor.py:186} INFO - Started process (PID=98933) to work on /Users/omer/Desktop/MLOPS/7day/.env/lib/python3.11/site-packages/airflow/example_dags/example_workday_timetable.py
[2024-09-18T15:34:24.413+0000] {processor.py:914} INFO - Processing file /Users/omer/Desktop/MLOPS/7day/.env/lib/python3.11/site-packages/airflow/example_dags/example_workday_timetable.py for tasks to queue
[2024-09-18T15:34:24.414+0000] {logging_mixin.py:190} INFO - [2024-09-18T15:34:24.414+0000] {dagbag.py:587} INFO - Filling up the DagBag from /Users/omer/Desktop/MLOPS/7day/.env/lib/python3.11/site-packages/airflow/example_dags/example_workday_timetable.py
[2024-09-18T15:34:24.415+0000] {logging_mixin.py:190} INFO - [2024-09-18T15:34:24.415+0000] {workday.py:41} WARNING - Could not import pandas. Holidays will not be considered.
[2024-09-18T15:34:24.417+0000] {processor.py:925} INFO - DAG(s) 'example_workday_timetable' retrieved from /Users/omer/Desktop/MLOPS/7day/.env/lib/python3.11/site-packages/airflow/example_dags/example_workday_timetable.py
[2024-09-18T15:34:24.442+0000] {logging_mixin.py:190} INFO - [2024-09-18T15:34:24.441+0000] {workday.py:41} WARNING - Could not import pandas. Holidays will not be considered.
[2024-09-18T15:34:24.447+0000] {logging_mixin.py:190} INFO - [2024-09-18T15:34:24.447+0000] {dag.py:3229} INFO - Sync 1 DAGs
[2024-09-18T15:34:24.453+0000] {logging_mixin.py:190} INFO - [2024-09-18T15:34:24.453+0000] {dag.py:4156} INFO - Setting next_dagrun for example_workday_timetable to 2021-01-01 00:00:00+00:00, run_after=2021-01-02 00:00:00+00:00
[2024-09-18T15:34:24.458+0000] {processor.py:208} INFO - Processing /Users/omer/Desktop/MLOPS/7day/.env/lib/python3.11/site-packages/airflow/example_dags/example_workday_timetable.py took 0.047 seconds
[2024-09-18T15:35:45.420+0000] {processor.py:186} INFO - Started process (PID=99098) to work on /Users/omer/Desktop/MLOPS/7day/.env/lib/python3.11/site-packages/airflow/example_dags/example_workday_timetable.py
[2024-09-18T15:35:45.421+0000] {processor.py:914} INFO - Processing file /Users/omer/Desktop/MLOPS/7day/.env/lib/python3.11/site-packages/airflow/example_dags/example_workday_timetable.py for tasks to queue
[2024-09-18T15:35:45.422+0000] {logging_mixin.py:190} INFO - [2024-09-18T15:35:45.422+0000] {dagbag.py:587} INFO - Filling up the DagBag from /Users/omer/Desktop/MLOPS/7day/.env/lib/python3.11/site-packages/airflow/example_dags/example_workday_timetable.py
[2024-09-18T15:35:45.423+0000] {logging_mixin.py:190} INFO - [2024-09-18T15:35:45.423+0000] {workday.py:41} WARNING - Could not import pandas. Holidays will not be considered.
[2024-09-18T15:35:45.425+0000] {processor.py:925} INFO - DAG(s) 'example_workday_timetable' retrieved from /Users/omer/Desktop/MLOPS/7day/.env/lib/python3.11/site-packages/airflow/example_dags/example_workday_timetable.py
[2024-09-18T15:35:45.449+0000] {logging_mixin.py:190} INFO - [2024-09-18T15:35:45.449+0000] {workday.py:41} WARNING - Could not import pandas. Holidays will not be considered.
[2024-09-18T15:35:45.455+0000] {logging_mixin.py:190} INFO - [2024-09-18T15:35:45.454+0000] {dag.py:3229} INFO - Sync 1 DAGs
[2024-09-18T15:35:45.460+0000] {logging_mixin.py:190} INFO - [2024-09-18T15:35:45.460+0000] {dag.py:4156} INFO - Setting next_dagrun for example_workday_timetable to 2021-01-01 00:00:00+00:00, run_after=2021-01-02 00:00:00+00:00
[2024-09-18T15:35:45.465+0000] {processor.py:208} INFO - Processing /Users/omer/Desktop/MLOPS/7day/.env/lib/python3.11/site-packages/airflow/example_dags/example_workday_timetable.py took 0.045 seconds
