[2024-09-18T14:49:08.593+0000] {processor.py:186} INFO - Started process (PID=93947) to work on /Users/omer/Desktop/MLOPS/7day/.env/lib/python3.11/site-packages/airflow/example_dags/example_params_ui_tutorial.py
[2024-09-18T14:49:08.593+0000] {processor.py:914} INFO - Processing file /Users/omer/Desktop/MLOPS/7day/.env/lib/python3.11/site-packages/airflow/example_dags/example_params_ui_tutorial.py for tasks to queue
[2024-09-18T14:49:08.594+0000] {logging_mixin.py:190} INFO - [2024-09-18T14:49:08.594+0000] {dagbag.py:587} INFO - Filling up the DagBag from /Users/omer/Desktop/MLOPS/7day/.env/lib/python3.11/site-packages/airflow/example_dags/example_params_ui_tutorial.py
[2024-09-18T14:49:08.605+0000] {processor.py:925} INFO - DAG(s) 'example_params_ui_tutorial' retrieved from /Users/omer/Desktop/MLOPS/7day/.env/lib/python3.11/site-packages/airflow/example_dags/example_params_ui_tutorial.py
[2024-09-18T14:49:08.681+0000] {logging_mixin.py:190} INFO - [2024-09-18T14:49:08.681+0000] {override.py:1900} INFO - Created Permission View: can delete on DAG:example_params_ui_tutorial
[2024-09-18T14:49:08.683+0000] {logging_mixin.py:190} INFO - [2024-09-18T14:49:08.683+0000] {override.py:1900} INFO - Created Permission View: can read on DAG:example_params_ui_tutorial
[2024-09-18T14:49:08.685+0000] {logging_mixin.py:190} INFO - [2024-09-18T14:49:08.685+0000] {override.py:1900} INFO - Created Permission View: can edit on DAG:example_params_ui_tutorial
[2024-09-18T14:49:08.687+0000] {logging_mixin.py:190} INFO - [2024-09-18T14:49:08.687+0000] {override.py:1900} INFO - Created Permission View: can create on DAG Run:example_params_ui_tutorial
[2024-09-18T14:49:08.689+0000] {logging_mixin.py:190} INFO - [2024-09-18T14:49:08.689+0000] {override.py:1900} INFO - Created Permission View: menu access on DAG Run:example_params_ui_tutorial
[2024-09-18T14:49:08.690+0000] {logging_mixin.py:190} INFO - [2024-09-18T14:49:08.690+0000] {override.py:1900} INFO - Created Permission View: can delete on DAG Run:example_params_ui_tutorial
[2024-09-18T14:49:08.692+0000] {logging_mixin.py:190} INFO - [2024-09-18T14:49:08.692+0000] {override.py:1900} INFO - Created Permission View: can read on DAG Run:example_params_ui_tutorial
[2024-09-18T14:49:08.692+0000] {logging_mixin.py:190} INFO - [2024-09-18T14:49:08.692+0000] {dag.py:3229} INFO - Sync 1 DAGs
[2024-09-18T14:49:08.695+0000] {logging_mixin.py:190} INFO - [2024-09-18T14:49:08.695+0000] {dag.py:3252} INFO - Creating ORM DAG for example_params_ui_tutorial
[2024-09-18T14:49:08.695+0000] {logging_mixin.py:190} INFO - [2024-09-18T14:49:08.695+0000] {dag.py:4156} INFO - Setting next_dagrun for example_params_ui_tutorial to None, run_after=None
[2024-09-18T14:49:08.699+0000] {processor.py:208} INFO - Processing /Users/omer/Desktop/MLOPS/7day/.env/lib/python3.11/site-packages/airflow/example_dags/example_params_ui_tutorial.py took 0.107 seconds
[2024-09-18T14:50:29.232+0000] {processor.py:186} INFO - Started process (PID=94198) to work on /Users/omer/Desktop/MLOPS/7day/.env/lib/python3.11/site-packages/airflow/example_dags/example_params_ui_tutorial.py
[2024-09-18T14:50:29.233+0000] {processor.py:914} INFO - Processing file /Users/omer/Desktop/MLOPS/7day/.env/lib/python3.11/site-packages/airflow/example_dags/example_params_ui_tutorial.py for tasks to queue
[2024-09-18T14:50:29.233+0000] {logging_mixin.py:190} INFO - [2024-09-18T14:50:29.233+0000] {dagbag.py:587} INFO - Filling up the DagBag from /Users/omer/Desktop/MLOPS/7day/.env/lib/python3.11/site-packages/airflow/example_dags/example_params_ui_tutorial.py
[2024-09-18T14:50:29.243+0000] {processor.py:925} INFO - DAG(s) 'example_params_ui_tutorial' retrieved from /Users/omer/Desktop/MLOPS/7day/.env/lib/python3.11/site-packages/airflow/example_dags/example_params_ui_tutorial.py
[2024-09-18T14:50:29.275+0000] {logging_mixin.py:190} INFO - [2024-09-18T14:50:29.274+0000] {dag.py:3229} INFO - Sync 1 DAGs
[2024-09-18T14:50:29.297+0000] {logging_mixin.py:190} INFO - [2024-09-18T14:50:29.297+0000] {dag.py:4156} INFO - Setting next_dagrun for example_params_ui_tutorial to None, run_after=None
[2024-09-18T14:50:29.302+0000] {processor.py:208} INFO - Processing /Users/omer/Desktop/MLOPS/7day/.env/lib/python3.11/site-packages/airflow/example_dags/example_params_ui_tutorial.py took 0.071 seconds
[2024-09-18T14:52:07.509+0000] {processor.py:186} INFO - Started process (PID=94427) to work on /Users/omer/Desktop/MLOPS/7day/.env/lib/python3.11/site-packages/airflow/example_dags/example_params_ui_tutorial.py
[2024-09-18T14:52:07.510+0000] {processor.py:914} INFO - Processing file /Users/omer/Desktop/MLOPS/7day/.env/lib/python3.11/site-packages/airflow/example_dags/example_params_ui_tutorial.py for tasks to queue
[2024-09-18T14:52:07.511+0000] {logging_mixin.py:190} INFO - [2024-09-18T14:52:07.510+0000] {dagbag.py:587} INFO - Filling up the DagBag from /Users/omer/Desktop/MLOPS/7day/.env/lib/python3.11/site-packages/airflow/example_dags/example_params_ui_tutorial.py
[2024-09-18T14:52:07.522+0000] {processor.py:925} INFO - DAG(s) 'example_params_ui_tutorial' retrieved from /Users/omer/Desktop/MLOPS/7day/.env/lib/python3.11/site-packages/airflow/example_dags/example_params_ui_tutorial.py
[2024-09-18T14:52:07.554+0000] {logging_mixin.py:190} INFO - [2024-09-18T14:52:07.554+0000] {dag.py:3229} INFO - Sync 1 DAGs
[2024-09-18T14:52:07.580+0000] {logging_mixin.py:190} INFO - [2024-09-18T14:52:07.580+0000] {dag.py:4156} INFO - Setting next_dagrun for example_params_ui_tutorial to None, run_after=None
[2024-09-18T14:52:07.585+0000] {processor.py:208} INFO - Processing /Users/omer/Desktop/MLOPS/7day/.env/lib/python3.11/site-packages/airflow/example_dags/example_params_ui_tutorial.py took 0.077 seconds
[2024-09-18T14:53:48.232+0000] {processor.py:186} INFO - Started process (PID=94604) to work on /Users/omer/Desktop/MLOPS/7day/.env/lib/python3.11/site-packages/airflow/example_dags/example_params_ui_tutorial.py
[2024-09-18T14:53:48.233+0000] {processor.py:914} INFO - Processing file /Users/omer/Desktop/MLOPS/7day/.env/lib/python3.11/site-packages/airflow/example_dags/example_params_ui_tutorial.py for tasks to queue
[2024-09-18T14:53:48.233+0000] {logging_mixin.py:190} INFO - [2024-09-18T14:53:48.233+0000] {dagbag.py:587} INFO - Filling up the DagBag from /Users/omer/Desktop/MLOPS/7day/.env/lib/python3.11/site-packages/airflow/example_dags/example_params_ui_tutorial.py
[2024-09-18T14:53:48.244+0000] {processor.py:925} INFO - DAG(s) 'example_params_ui_tutorial' retrieved from /Users/omer/Desktop/MLOPS/7day/.env/lib/python3.11/site-packages/airflow/example_dags/example_params_ui_tutorial.py
[2024-09-18T14:53:48.277+0000] {logging_mixin.py:190} INFO - [2024-09-18T14:53:48.277+0000] {dag.py:3229} INFO - Sync 1 DAGs
[2024-09-18T14:53:48.300+0000] {logging_mixin.py:190} INFO - [2024-09-18T14:53:48.300+0000] {dag.py:4156} INFO - Setting next_dagrun for example_params_ui_tutorial to None, run_after=None
[2024-09-18T14:53:48.306+0000] {processor.py:208} INFO - Processing /Users/omer/Desktop/MLOPS/7day/.env/lib/python3.11/site-packages/airflow/example_dags/example_params_ui_tutorial.py took 0.074 seconds
[2024-09-18T15:21:28.918+0000] {processor.py:186} INFO - Started process (PID=97172) to work on /Users/omer/Desktop/MLOPS/7day/.env/lib/python3.11/site-packages/airflow/example_dags/example_params_ui_tutorial.py
[2024-09-18T15:21:28.919+0000] {processor.py:914} INFO - Processing file /Users/omer/Desktop/MLOPS/7day/.env/lib/python3.11/site-packages/airflow/example_dags/example_params_ui_tutorial.py for tasks to queue
[2024-09-18T15:21:28.919+0000] {logging_mixin.py:190} INFO - [2024-09-18T15:21:28.919+0000] {dagbag.py:587} INFO - Filling up the DagBag from /Users/omer/Desktop/MLOPS/7day/.env/lib/python3.11/site-packages/airflow/example_dags/example_params_ui_tutorial.py
[2024-09-18T15:21:28.929+0000] {processor.py:925} INFO - DAG(s) 'example_params_ui_tutorial' retrieved from /Users/omer/Desktop/MLOPS/7day/.env/lib/python3.11/site-packages/airflow/example_dags/example_params_ui_tutorial.py
[2024-09-18T15:21:28.961+0000] {logging_mixin.py:190} INFO - [2024-09-18T15:21:28.960+0000] {dag.py:3229} INFO - Sync 1 DAGs
[2024-09-18T15:21:28.983+0000] {logging_mixin.py:190} INFO - [2024-09-18T15:21:28.983+0000] {dag.py:4156} INFO - Setting next_dagrun for example_params_ui_tutorial to None, run_after=None
[2024-09-18T15:21:28.988+0000] {processor.py:208} INFO - Processing /Users/omer/Desktop/MLOPS/7day/.env/lib/python3.11/site-packages/airflow/example_dags/example_params_ui_tutorial.py took 0.071 seconds
[2024-09-18T15:22:48.595+0000] {processor.py:186} INFO - Started process (PID=97314) to work on /Users/omer/Desktop/MLOPS/7day/.env/lib/python3.11/site-packages/airflow/example_dags/example_params_ui_tutorial.py
[2024-09-18T15:22:48.595+0000] {processor.py:914} INFO - Processing file /Users/omer/Desktop/MLOPS/7day/.env/lib/python3.11/site-packages/airflow/example_dags/example_params_ui_tutorial.py for tasks to queue
[2024-09-18T15:22:48.596+0000] {logging_mixin.py:190} INFO - [2024-09-18T15:22:48.596+0000] {dagbag.py:587} INFO - Filling up the DagBag from /Users/omer/Desktop/MLOPS/7day/.env/lib/python3.11/site-packages/airflow/example_dags/example_params_ui_tutorial.py
[2024-09-18T15:22:48.606+0000] {processor.py:925} INFO - DAG(s) 'example_params_ui_tutorial' retrieved from /Users/omer/Desktop/MLOPS/7day/.env/lib/python3.11/site-packages/airflow/example_dags/example_params_ui_tutorial.py
[2024-09-18T15:22:48.638+0000] {logging_mixin.py:190} INFO - [2024-09-18T15:22:48.638+0000] {dag.py:3229} INFO - Sync 1 DAGs
[2024-09-18T15:22:48.669+0000] {logging_mixin.py:190} INFO - [2024-09-18T15:22:48.669+0000] {dag.py:4156} INFO - Setting next_dagrun for example_params_ui_tutorial to None, run_after=None
[2024-09-18T15:22:48.675+0000] {processor.py:208} INFO - Processing /Users/omer/Desktop/MLOPS/7day/.env/lib/python3.11/site-packages/airflow/example_dags/example_params_ui_tutorial.py took 0.081 seconds
[2024-09-18T15:25:51.475+0000] {processor.py:186} INFO - Started process (PID=97641) to work on /Users/omer/Desktop/MLOPS/7day/.env/lib/python3.11/site-packages/airflow/example_dags/example_params_ui_tutorial.py
[2024-09-18T15:25:51.475+0000] {processor.py:914} INFO - Processing file /Users/omer/Desktop/MLOPS/7day/.env/lib/python3.11/site-packages/airflow/example_dags/example_params_ui_tutorial.py for tasks to queue
[2024-09-18T15:25:51.475+0000] {logging_mixin.py:190} INFO - [2024-09-18T15:25:51.475+0000] {dagbag.py:587} INFO - Filling up the DagBag from /Users/omer/Desktop/MLOPS/7day/.env/lib/python3.11/site-packages/airflow/example_dags/example_params_ui_tutorial.py
[2024-09-18T15:25:51.486+0000] {processor.py:925} INFO - DAG(s) 'example_params_ui_tutorial' retrieved from /Users/omer/Desktop/MLOPS/7day/.env/lib/python3.11/site-packages/airflow/example_dags/example_params_ui_tutorial.py
[2024-09-18T15:25:51.518+0000] {logging_mixin.py:190} INFO - [2024-09-18T15:25:51.518+0000] {dag.py:3229} INFO - Sync 1 DAGs
[2024-09-18T15:25:51.541+0000] {logging_mixin.py:190} INFO - [2024-09-18T15:25:51.541+0000] {dag.py:4156} INFO - Setting next_dagrun for example_params_ui_tutorial to None, run_after=None
[2024-09-18T15:25:51.546+0000] {processor.py:208} INFO - Processing /Users/omer/Desktop/MLOPS/7day/.env/lib/python3.11/site-packages/airflow/example_dags/example_params_ui_tutorial.py took 0.073 seconds
[2024-09-18T15:27:13.010+0000] {processor.py:186} INFO - Started process (PID=97803) to work on /Users/omer/Desktop/MLOPS/7day/.env/lib/python3.11/site-packages/airflow/example_dags/example_params_ui_tutorial.py
[2024-09-18T15:27:13.011+0000] {processor.py:914} INFO - Processing file /Users/omer/Desktop/MLOPS/7day/.env/lib/python3.11/site-packages/airflow/example_dags/example_params_ui_tutorial.py for tasks to queue
[2024-09-18T15:27:13.012+0000] {logging_mixin.py:190} INFO - [2024-09-18T15:27:13.012+0000] {dagbag.py:587} INFO - Filling up the DagBag from /Users/omer/Desktop/MLOPS/7day/.env/lib/python3.11/site-packages/airflow/example_dags/example_params_ui_tutorial.py
[2024-09-18T15:27:13.025+0000] {processor.py:925} INFO - DAG(s) 'example_params_ui_tutorial' retrieved from /Users/omer/Desktop/MLOPS/7day/.env/lib/python3.11/site-packages/airflow/example_dags/example_params_ui_tutorial.py
[2024-09-18T15:27:13.060+0000] {logging_mixin.py:190} INFO - [2024-09-18T15:27:13.060+0000] {dag.py:3229} INFO - Sync 1 DAGs
[2024-09-18T15:27:13.087+0000] {logging_mixin.py:190} INFO - [2024-09-18T15:27:13.087+0000] {dag.py:4156} INFO - Setting next_dagrun for example_params_ui_tutorial to None, run_after=None
[2024-09-18T15:27:13.092+0000] {processor.py:208} INFO - Processing /Users/omer/Desktop/MLOPS/7day/.env/lib/python3.11/site-packages/airflow/example_dags/example_params_ui_tutorial.py took 0.083 seconds
[2024-09-18T15:28:32.822+0000] {processor.py:186} INFO - Started process (PID=98001) to work on /Users/omer/Desktop/MLOPS/7day/.env/lib/python3.11/site-packages/airflow/example_dags/example_params_ui_tutorial.py
[2024-09-18T15:28:32.823+0000] {processor.py:914} INFO - Processing file /Users/omer/Desktop/MLOPS/7day/.env/lib/python3.11/site-packages/airflow/example_dags/example_params_ui_tutorial.py for tasks to queue
[2024-09-18T15:28:32.823+0000] {logging_mixin.py:190} INFO - [2024-09-18T15:28:32.823+0000] {dagbag.py:587} INFO - Filling up the DagBag from /Users/omer/Desktop/MLOPS/7day/.env/lib/python3.11/site-packages/airflow/example_dags/example_params_ui_tutorial.py
[2024-09-18T15:28:32.834+0000] {processor.py:925} INFO - DAG(s) 'example_params_ui_tutorial' retrieved from /Users/omer/Desktop/MLOPS/7day/.env/lib/python3.11/site-packages/airflow/example_dags/example_params_ui_tutorial.py
[2024-09-18T15:28:32.867+0000] {logging_mixin.py:190} INFO - [2024-09-18T15:28:32.866+0000] {dag.py:3229} INFO - Sync 1 DAGs
[2024-09-18T15:28:32.891+0000] {logging_mixin.py:190} INFO - [2024-09-18T15:28:32.890+0000] {dag.py:4156} INFO - Setting next_dagrun for example_params_ui_tutorial to None, run_after=None
[2024-09-18T15:28:32.896+0000] {processor.py:208} INFO - Processing /Users/omer/Desktop/MLOPS/7day/.env/lib/python3.11/site-packages/airflow/example_dags/example_params_ui_tutorial.py took 0.075 seconds
[2024-09-18T15:30:10.961+0000] {processor.py:186} INFO - Started process (PID=98263) to work on /Users/omer/Desktop/MLOPS/7day/.env/lib/python3.11/site-packages/airflow/example_dags/example_params_ui_tutorial.py
[2024-09-18T15:30:10.962+0000] {processor.py:914} INFO - Processing file /Users/omer/Desktop/MLOPS/7day/.env/lib/python3.11/site-packages/airflow/example_dags/example_params_ui_tutorial.py for tasks to queue
[2024-09-18T15:30:10.962+0000] {logging_mixin.py:190} INFO - [2024-09-18T15:30:10.962+0000] {dagbag.py:587} INFO - Filling up the DagBag from /Users/omer/Desktop/MLOPS/7day/.env/lib/python3.11/site-packages/airflow/example_dags/example_params_ui_tutorial.py
[2024-09-18T15:30:10.972+0000] {processor.py:925} INFO - DAG(s) 'example_params_ui_tutorial' retrieved from /Users/omer/Desktop/MLOPS/7day/.env/lib/python3.11/site-packages/airflow/example_dags/example_params_ui_tutorial.py
[2024-09-18T15:30:11.004+0000] {logging_mixin.py:190} INFO - [2024-09-18T15:30:11.004+0000] {dag.py:3229} INFO - Sync 1 DAGs
[2024-09-18T15:30:11.027+0000] {logging_mixin.py:190} INFO - [2024-09-18T15:30:11.027+0000] {dag.py:4156} INFO - Setting next_dagrun for example_params_ui_tutorial to None, run_after=None
[2024-09-18T15:30:11.033+0000] {processor.py:208} INFO - Processing /Users/omer/Desktop/MLOPS/7day/.env/lib/python3.11/site-packages/airflow/example_dags/example_params_ui_tutorial.py took 0.072 seconds
[2024-09-18T15:31:47.404+0000] {processor.py:186} INFO - Started process (PID=98546) to work on /Users/omer/Desktop/MLOPS/7day/.env/lib/python3.11/site-packages/airflow/example_dags/example_params_ui_tutorial.py
[2024-09-18T15:31:47.405+0000] {processor.py:914} INFO - Processing file /Users/omer/Desktop/MLOPS/7day/.env/lib/python3.11/site-packages/airflow/example_dags/example_params_ui_tutorial.py for tasks to queue
[2024-09-18T15:31:47.405+0000] {logging_mixin.py:190} INFO - [2024-09-18T15:31:47.405+0000] {dagbag.py:587} INFO - Filling up the DagBag from /Users/omer/Desktop/MLOPS/7day/.env/lib/python3.11/site-packages/airflow/example_dags/example_params_ui_tutorial.py
[2024-09-18T15:31:47.419+0000] {processor.py:925} INFO - DAG(s) 'example_params_ui_tutorial' retrieved from /Users/omer/Desktop/MLOPS/7day/.env/lib/python3.11/site-packages/airflow/example_dags/example_params_ui_tutorial.py
[2024-09-18T15:31:47.452+0000] {logging_mixin.py:190} INFO - [2024-09-18T15:31:47.452+0000] {dag.py:3229} INFO - Sync 1 DAGs
[2024-09-18T15:31:47.475+0000] {logging_mixin.py:190} INFO - [2024-09-18T15:31:47.475+0000] {dag.py:4156} INFO - Setting next_dagrun for example_params_ui_tutorial to None, run_after=None
[2024-09-18T15:31:47.481+0000] {processor.py:208} INFO - Processing /Users/omer/Desktop/MLOPS/7day/.env/lib/python3.11/site-packages/airflow/example_dags/example_params_ui_tutorial.py took 0.078 seconds
[2024-09-18T15:33:39.001+0000] {processor.py:186} INFO - Started process (PID=98832) to work on /Users/omer/Desktop/MLOPS/7day/.env/lib/python3.11/site-packages/airflow/example_dags/example_params_ui_tutorial.py
[2024-09-18T15:33:39.002+0000] {processor.py:914} INFO - Processing file /Users/omer/Desktop/MLOPS/7day/.env/lib/python3.11/site-packages/airflow/example_dags/example_params_ui_tutorial.py for tasks to queue
[2024-09-18T15:33:39.002+0000] {logging_mixin.py:190} INFO - [2024-09-18T15:33:39.002+0000] {dagbag.py:587} INFO - Filling up the DagBag from /Users/omer/Desktop/MLOPS/7day/.env/lib/python3.11/site-packages/airflow/example_dags/example_params_ui_tutorial.py
[2024-09-18T15:33:39.012+0000] {processor.py:925} INFO - DAG(s) 'example_params_ui_tutorial' retrieved from /Users/omer/Desktop/MLOPS/7day/.env/lib/python3.11/site-packages/airflow/example_dags/example_params_ui_tutorial.py
[2024-09-18T15:33:39.043+0000] {logging_mixin.py:190} INFO - [2024-09-18T15:33:39.043+0000] {dag.py:3229} INFO - Sync 1 DAGs
[2024-09-18T15:33:39.065+0000] {logging_mixin.py:190} INFO - [2024-09-18T15:33:39.065+0000] {dag.py:4156} INFO - Setting next_dagrun for example_params_ui_tutorial to None, run_after=None
[2024-09-18T15:33:39.071+0000] {processor.py:208} INFO - Processing /Users/omer/Desktop/MLOPS/7day/.env/lib/python3.11/site-packages/airflow/example_dags/example_params_ui_tutorial.py took 0.070 seconds
[2024-09-18T15:34:50.343+0000] {processor.py:186} INFO - Started process (PID=98999) to work on /Users/omer/Desktop/MLOPS/7day/.env/lib/python3.11/site-packages/airflow/example_dags/example_params_ui_tutorial.py
[2024-09-18T15:34:50.344+0000] {processor.py:914} INFO - Processing file /Users/omer/Desktop/MLOPS/7day/.env/lib/python3.11/site-packages/airflow/example_dags/example_params_ui_tutorial.py for tasks to queue
[2024-09-18T15:34:50.344+0000] {logging_mixin.py:190} INFO - [2024-09-18T15:34:50.344+0000] {dagbag.py:587} INFO - Filling up the DagBag from /Users/omer/Desktop/MLOPS/7day/.env/lib/python3.11/site-packages/airflow/example_dags/example_params_ui_tutorial.py
[2024-09-18T15:34:50.356+0000] {processor.py:925} INFO - DAG(s) 'example_params_ui_tutorial' retrieved from /Users/omer/Desktop/MLOPS/7day/.env/lib/python3.11/site-packages/airflow/example_dags/example_params_ui_tutorial.py
[2024-09-18T15:34:50.390+0000] {logging_mixin.py:190} INFO - [2024-09-18T15:34:50.390+0000] {dag.py:3229} INFO - Sync 1 DAGs
[2024-09-18T15:34:50.418+0000] {logging_mixin.py:190} INFO - [2024-09-18T15:34:50.418+0000] {dag.py:4156} INFO - Setting next_dagrun for example_params_ui_tutorial to None, run_after=None
[2024-09-18T15:34:50.425+0000] {processor.py:208} INFO - Processing /Users/omer/Desktop/MLOPS/7day/.env/lib/python3.11/site-packages/airflow/example_dags/example_params_ui_tutorial.py took 0.082 seconds
[2024-09-18T15:36:10.581+0000] {processor.py:186} INFO - Started process (PID=99158) to work on /Users/omer/Desktop/MLOPS/7day/.env/lib/python3.11/site-packages/airflow/example_dags/example_params_ui_tutorial.py
[2024-09-18T15:36:10.582+0000] {processor.py:914} INFO - Processing file /Users/omer/Desktop/MLOPS/7day/.env/lib/python3.11/site-packages/airflow/example_dags/example_params_ui_tutorial.py for tasks to queue
[2024-09-18T15:36:10.582+0000] {logging_mixin.py:190} INFO - [2024-09-18T15:36:10.582+0000] {dagbag.py:587} INFO - Filling up the DagBag from /Users/omer/Desktop/MLOPS/7day/.env/lib/python3.11/site-packages/airflow/example_dags/example_params_ui_tutorial.py
[2024-09-18T15:36:10.592+0000] {processor.py:925} INFO - DAG(s) 'example_params_ui_tutorial' retrieved from /Users/omer/Desktop/MLOPS/7day/.env/lib/python3.11/site-packages/airflow/example_dags/example_params_ui_tutorial.py
[2024-09-18T15:36:10.624+0000] {logging_mixin.py:190} INFO - [2024-09-18T15:36:10.624+0000] {dag.py:3229} INFO - Sync 1 DAGs
[2024-09-18T15:36:10.649+0000] {logging_mixin.py:190} INFO - [2024-09-18T15:36:10.649+0000] {dag.py:4156} INFO - Setting next_dagrun for example_params_ui_tutorial to None, run_after=None
[2024-09-18T15:36:10.656+0000] {processor.py:208} INFO - Processing /Users/omer/Desktop/MLOPS/7day/.env/lib/python3.11/site-packages/airflow/example_dags/example_params_ui_tutorial.py took 0.075 seconds
