[2024-09-18T14:49:20.825+0000] {processor.py:186} INFO - Started process (PID=93989) to work on /Users/omer/Desktop/MLOPS/7day/.env/lib/python3.11/site-packages/airflow/example_dags/example_inlet_event_extra.py
[2024-09-18T14:49:20.826+0000] {processor.py:914} INFO - Processing file /Users/omer/Desktop/MLOPS/7day/.env/lib/python3.11/site-packages/airflow/example_dags/example_inlet_event_extra.py for tasks to queue
[2024-09-18T14:49:20.826+0000] {logging_mixin.py:190} INFO - [2024-09-18T14:49:20.826+0000] {dagbag.py:587} INFO - Filling up the DagBag from /Users/omer/Desktop/MLOPS/7day/.env/lib/python3.11/site-packages/airflow/example_dags/example_inlet_event_extra.py
[2024-09-18T14:49:20.854+0000] {processor.py:925} INFO - DAG(s) 'read_dataset_event', 'read_dataset_event_from_classic' retrieved from /Users/omer/Desktop/MLOPS/7day/.env/lib/python3.11/site-packages/airflow/example_dags/example_inlet_event_extra.py
[2024-09-18T14:49:20.931+0000] {logging_mixin.py:190} INFO - [2024-09-18T14:49:20.931+0000] {override.py:1900} INFO - Created Permission View: can edit on DAG:read_dataset_event
[2024-09-18T14:49:20.934+0000] {logging_mixin.py:190} INFO - [2024-09-18T14:49:20.934+0000] {override.py:1900} INFO - Created Permission View: can read on DAG:read_dataset_event
[2024-09-18T14:49:20.935+0000] {logging_mixin.py:190} INFO - [2024-09-18T14:49:20.935+0000] {override.py:1900} INFO - Created Permission View: can delete on DAG:read_dataset_event
[2024-09-18T14:49:20.939+0000] {logging_mixin.py:190} INFO - [2024-09-18T14:49:20.939+0000] {override.py:1900} INFO - Created Permission View: can read on DAG Run:read_dataset_event
[2024-09-18T14:49:20.941+0000] {logging_mixin.py:190} INFO - [2024-09-18T14:49:20.941+0000] {override.py:1900} INFO - Created Permission View: can delete on DAG Run:read_dataset_event
[2024-09-18T14:49:20.943+0000] {logging_mixin.py:190} INFO - [2024-09-18T14:49:20.943+0000] {override.py:1900} INFO - Created Permission View: can create on DAG Run:read_dataset_event
[2024-09-18T14:49:20.945+0000] {logging_mixin.py:190} INFO - [2024-09-18T14:49:20.945+0000] {override.py:1900} INFO - Created Permission View: menu access on DAG Run:read_dataset_event
[2024-09-18T14:49:20.949+0000] {logging_mixin.py:190} INFO - [2024-09-18T14:49:20.949+0000] {override.py:1900} INFO - Created Permission View: can edit on DAG:read_dataset_event_from_classic
[2024-09-18T14:49:20.950+0000] {logging_mixin.py:190} INFO - [2024-09-18T14:49:20.950+0000] {override.py:1900} INFO - Created Permission View: can read on DAG:read_dataset_event_from_classic
[2024-09-18T14:49:20.952+0000] {logging_mixin.py:190} INFO - [2024-09-18T14:49:20.952+0000] {override.py:1900} INFO - Created Permission View: can delete on DAG:read_dataset_event_from_classic
[2024-09-18T14:49:20.954+0000] {logging_mixin.py:190} INFO - [2024-09-18T14:49:20.954+0000] {override.py:1900} INFO - Created Permission View: can read on DAG Run:read_dataset_event_from_classic
[2024-09-18T14:49:20.956+0000] {logging_mixin.py:190} INFO - [2024-09-18T14:49:20.956+0000] {override.py:1900} INFO - Created Permission View: can delete on DAG Run:read_dataset_event_from_classic
[2024-09-18T14:49:20.957+0000] {logging_mixin.py:190} INFO - [2024-09-18T14:49:20.957+0000] {override.py:1900} INFO - Created Permission View: can create on DAG Run:read_dataset_event_from_classic
[2024-09-18T14:49:20.959+0000] {logging_mixin.py:190} INFO - [2024-09-18T14:49:20.959+0000] {override.py:1900} INFO - Created Permission View: menu access on DAG Run:read_dataset_event_from_classic
[2024-09-18T14:49:20.959+0000] {logging_mixin.py:190} INFO - [2024-09-18T14:49:20.959+0000] {dag.py:3229} INFO - Sync 2 DAGs
[2024-09-18T14:49:20.962+0000] {logging_mixin.py:190} INFO - [2024-09-18T14:49:20.962+0000] {dag.py:3252} INFO - Creating ORM DAG for read_dataset_event_from_classic
[2024-09-18T14:49:20.962+0000] {logging_mixin.py:190} INFO - [2024-09-18T14:49:20.962+0000] {dag.py:3252} INFO - Creating ORM DAG for read_dataset_event
[2024-09-18T14:49:20.965+0000] {logging_mixin.py:190} INFO - [2024-09-18T14:49:20.965+0000] {dag.py:4156} INFO - Setting next_dagrun for read_dataset_event to 2024-09-17 00:00:00+00:00, run_after=2024-09-18 00:00:00+00:00
[2024-09-18T14:49:20.966+0000] {logging_mixin.py:190} INFO - [2024-09-18T14:49:20.966+0000] {dag.py:4156} INFO - Setting next_dagrun for read_dataset_event_from_classic to 2024-09-17 00:00:00+00:00, run_after=2024-09-18 00:00:00+00:00
[2024-09-18T14:49:20.971+0000] {processor.py:208} INFO - Processing /Users/omer/Desktop/MLOPS/7day/.env/lib/python3.11/site-packages/airflow/example_dags/example_inlet_event_extra.py took 0.146 seconds
[2024-09-18T14:51:00.199+0000] {processor.py:186} INFO - Started process (PID=94272) to work on /Users/omer/Desktop/MLOPS/7day/.env/lib/python3.11/site-packages/airflow/example_dags/example_inlet_event_extra.py
[2024-09-18T14:51:00.200+0000] {processor.py:914} INFO - Processing file /Users/omer/Desktop/MLOPS/7day/.env/lib/python3.11/site-packages/airflow/example_dags/example_inlet_event_extra.py for tasks to queue
[2024-09-18T14:51:00.200+0000] {logging_mixin.py:190} INFO - [2024-09-18T14:51:00.200+0000] {dagbag.py:587} INFO - Filling up the DagBag from /Users/omer/Desktop/MLOPS/7day/.env/lib/python3.11/site-packages/airflow/example_dags/example_inlet_event_extra.py
[2024-09-18T14:51:00.224+0000] {processor.py:925} INFO - DAG(s) 'read_dataset_event_from_classic', 'read_dataset_event' retrieved from /Users/omer/Desktop/MLOPS/7day/.env/lib/python3.11/site-packages/airflow/example_dags/example_inlet_event_extra.py
[2024-09-18T14:51:00.249+0000] {logging_mixin.py:190} INFO - [2024-09-18T14:51:00.249+0000] {dag.py:3229} INFO - Sync 2 DAGs
[2024-09-18T14:51:00.275+0000] {logging_mixin.py:190} INFO - [2024-09-18T14:51:00.275+0000] {dag.py:4156} INFO - Setting next_dagrun for read_dataset_event to 2024-09-17 00:00:00+00:00, run_after=2024-09-18 00:00:00+00:00
[2024-09-18T14:51:00.279+0000] {logging_mixin.py:190} INFO - [2024-09-18T14:51:00.279+0000] {dag.py:4156} INFO - Setting next_dagrun for read_dataset_event_from_classic to 2024-09-17 00:00:00+00:00, run_after=2024-09-18 00:00:00+00:00
[2024-09-18T14:51:00.283+0000] {processor.py:208} INFO - Processing /Users/omer/Desktop/MLOPS/7day/.env/lib/python3.11/site-packages/airflow/example_dags/example_inlet_event_extra.py took 0.085 seconds
[2024-09-18T14:52:40.946+0000] {processor.py:186} INFO - Started process (PID=94489) to work on /Users/omer/Desktop/MLOPS/7day/.env/lib/python3.11/site-packages/airflow/example_dags/example_inlet_event_extra.py
[2024-09-18T14:52:40.947+0000] {processor.py:914} INFO - Processing file /Users/omer/Desktop/MLOPS/7day/.env/lib/python3.11/site-packages/airflow/example_dags/example_inlet_event_extra.py for tasks to queue
[2024-09-18T14:52:40.947+0000] {logging_mixin.py:190} INFO - [2024-09-18T14:52:40.947+0000] {dagbag.py:587} INFO - Filling up the DagBag from /Users/omer/Desktop/MLOPS/7day/.env/lib/python3.11/site-packages/airflow/example_dags/example_inlet_event_extra.py
[2024-09-18T14:52:40.975+0000] {processor.py:925} INFO - DAG(s) 'read_dataset_event', 'read_dataset_event_from_classic' retrieved from /Users/omer/Desktop/MLOPS/7day/.env/lib/python3.11/site-packages/airflow/example_dags/example_inlet_event_extra.py
[2024-09-18T14:52:41.002+0000] {logging_mixin.py:190} INFO - [2024-09-18T14:52:41.002+0000] {dag.py:3229} INFO - Sync 2 DAGs
[2024-09-18T14:52:41.030+0000] {logging_mixin.py:190} INFO - [2024-09-18T14:52:41.030+0000] {dag.py:4156} INFO - Setting next_dagrun for read_dataset_event to 2024-09-17 00:00:00+00:00, run_after=2024-09-18 00:00:00+00:00
[2024-09-18T14:52:41.032+0000] {logging_mixin.py:190} INFO - [2024-09-18T14:52:41.032+0000] {dag.py:4156} INFO - Setting next_dagrun for read_dataset_event_from_classic to 2024-09-17 00:00:00+00:00, run_after=2024-09-18 00:00:00+00:00
[2024-09-18T14:52:41.037+0000] {processor.py:208} INFO - Processing /Users/omer/Desktop/MLOPS/7day/.env/lib/python3.11/site-packages/airflow/example_dags/example_inlet_event_extra.py took 0.092 seconds
[2024-09-18T14:54:20.618+0000] {processor.py:186} INFO - Started process (PID=94655) to work on /Users/omer/Desktop/MLOPS/7day/.env/lib/python3.11/site-packages/airflow/example_dags/example_inlet_event_extra.py
[2024-09-18T14:54:20.619+0000] {processor.py:914} INFO - Processing file /Users/omer/Desktop/MLOPS/7day/.env/lib/python3.11/site-packages/airflow/example_dags/example_inlet_event_extra.py for tasks to queue
[2024-09-18T14:54:20.619+0000] {logging_mixin.py:190} INFO - [2024-09-18T14:54:20.619+0000] {dagbag.py:587} INFO - Filling up the DagBag from /Users/omer/Desktop/MLOPS/7day/.env/lib/python3.11/site-packages/airflow/example_dags/example_inlet_event_extra.py
[2024-09-18T14:54:20.644+0000] {processor.py:925} INFO - DAG(s) 'read_dataset_event', 'read_dataset_event_from_classic' retrieved from /Users/omer/Desktop/MLOPS/7day/.env/lib/python3.11/site-packages/airflow/example_dags/example_inlet_event_extra.py
[2024-09-18T14:54:20.669+0000] {logging_mixin.py:190} INFO - [2024-09-18T14:54:20.669+0000] {dag.py:3229} INFO - Sync 2 DAGs
[2024-09-18T14:54:20.695+0000] {logging_mixin.py:190} INFO - [2024-09-18T14:54:20.695+0000] {dag.py:4156} INFO - Setting next_dagrun for read_dataset_event to 2024-09-17 00:00:00+00:00, run_after=2024-09-18 00:00:00+00:00
[2024-09-18T14:54:20.696+0000] {logging_mixin.py:190} INFO - [2024-09-18T14:54:20.696+0000] {dag.py:4156} INFO - Setting next_dagrun for read_dataset_event_from_classic to 2024-09-17 00:00:00+00:00, run_after=2024-09-18 00:00:00+00:00
[2024-09-18T14:54:20.701+0000] {processor.py:208} INFO - Processing /Users/omer/Desktop/MLOPS/7day/.env/lib/python3.11/site-packages/airflow/example_dags/example_inlet_event_extra.py took 0.084 seconds
[2024-09-18T15:21:40.810+0000] {processor.py:186} INFO - Started process (PID=97188) to work on /Users/omer/Desktop/MLOPS/7day/.env/lib/python3.11/site-packages/airflow/example_dags/example_inlet_event_extra.py
[2024-09-18T15:21:40.811+0000] {processor.py:914} INFO - Processing file /Users/omer/Desktop/MLOPS/7day/.env/lib/python3.11/site-packages/airflow/example_dags/example_inlet_event_extra.py for tasks to queue
[2024-09-18T15:21:40.811+0000] {logging_mixin.py:190} INFO - [2024-09-18T15:21:40.811+0000] {dagbag.py:587} INFO - Filling up the DagBag from /Users/omer/Desktop/MLOPS/7day/.env/lib/python3.11/site-packages/airflow/example_dags/example_inlet_event_extra.py
[2024-09-18T15:21:40.833+0000] {processor.py:925} INFO - DAG(s) 'read_dataset_event', 'read_dataset_event_from_classic' retrieved from /Users/omer/Desktop/MLOPS/7day/.env/lib/python3.11/site-packages/airflow/example_dags/example_inlet_event_extra.py
[2024-09-18T15:21:40.859+0000] {logging_mixin.py:190} INFO - [2024-09-18T15:21:40.859+0000] {dag.py:3229} INFO - Sync 2 DAGs
[2024-09-18T15:21:40.883+0000] {logging_mixin.py:190} INFO - [2024-09-18T15:21:40.883+0000] {dag.py:4156} INFO - Setting next_dagrun for read_dataset_event to 2024-09-17 00:00:00+00:00, run_after=2024-09-18 00:00:00+00:00
[2024-09-18T15:21:40.884+0000] {logging_mixin.py:190} INFO - [2024-09-18T15:21:40.884+0000] {dag.py:4156} INFO - Setting next_dagrun for read_dataset_event_from_classic to 2024-09-17 00:00:00+00:00, run_after=2024-09-18 00:00:00+00:00
[2024-09-18T15:21:40.889+0000] {processor.py:208} INFO - Processing /Users/omer/Desktop/MLOPS/7day/.env/lib/python3.11/site-packages/airflow/example_dags/example_inlet_event_extra.py took 0.080 seconds
[2024-09-18T15:23:19.466+0000] {processor.py:186} INFO - Started process (PID=97367) to work on /Users/omer/Desktop/MLOPS/7day/.env/lib/python3.11/site-packages/airflow/example_dags/example_inlet_event_extra.py
[2024-09-18T15:23:19.467+0000] {processor.py:914} INFO - Processing file /Users/omer/Desktop/MLOPS/7day/.env/lib/python3.11/site-packages/airflow/example_dags/example_inlet_event_extra.py for tasks to queue
[2024-09-18T15:23:19.467+0000] {logging_mixin.py:190} INFO - [2024-09-18T15:23:19.467+0000] {dagbag.py:587} INFO - Filling up the DagBag from /Users/omer/Desktop/MLOPS/7day/.env/lib/python3.11/site-packages/airflow/example_dags/example_inlet_event_extra.py
[2024-09-18T15:23:19.493+0000] {processor.py:925} INFO - DAG(s) 'read_dataset_event', 'read_dataset_event_from_classic' retrieved from /Users/omer/Desktop/MLOPS/7day/.env/lib/python3.11/site-packages/airflow/example_dags/example_inlet_event_extra.py
[2024-09-18T15:23:19.519+0000] {logging_mixin.py:190} INFO - [2024-09-18T15:23:19.519+0000] {dag.py:3229} INFO - Sync 2 DAGs
[2024-09-18T15:23:19.543+0000] {logging_mixin.py:190} INFO - [2024-09-18T15:23:19.543+0000] {dag.py:4156} INFO - Setting next_dagrun for read_dataset_event to 2024-09-17 00:00:00+00:00, run_after=2024-09-18 00:00:00+00:00
[2024-09-18T15:23:19.545+0000] {logging_mixin.py:190} INFO - [2024-09-18T15:23:19.545+0000] {dag.py:4156} INFO - Setting next_dagrun for read_dataset_event_from_classic to 2024-09-17 00:00:00+00:00, run_after=2024-09-18 00:00:00+00:00
[2024-09-18T15:23:19.549+0000] {processor.py:208} INFO - Processing /Users/omer/Desktop/MLOPS/7day/.env/lib/python3.11/site-packages/airflow/example_dags/example_inlet_event_extra.py took 0.084 seconds
[2024-09-18T15:27:24.270+0000] {processor.py:186} INFO - Started process (PID=97823) to work on /Users/omer/Desktop/MLOPS/7day/.env/lib/python3.11/site-packages/airflow/example_dags/example_inlet_event_extra.py
[2024-09-18T15:27:24.271+0000] {processor.py:914} INFO - Processing file /Users/omer/Desktop/MLOPS/7day/.env/lib/python3.11/site-packages/airflow/example_dags/example_inlet_event_extra.py for tasks to queue
[2024-09-18T15:27:24.272+0000] {logging_mixin.py:190} INFO - [2024-09-18T15:27:24.271+0000] {dagbag.py:587} INFO - Filling up the DagBag from /Users/omer/Desktop/MLOPS/7day/.env/lib/python3.11/site-packages/airflow/example_dags/example_inlet_event_extra.py
[2024-09-18T15:27:24.295+0000] {processor.py:925} INFO - DAG(s) 'read_dataset_event_from_classic', 'read_dataset_event' retrieved from /Users/omer/Desktop/MLOPS/7day/.env/lib/python3.11/site-packages/airflow/example_dags/example_inlet_event_extra.py
[2024-09-18T15:27:24.320+0000] {logging_mixin.py:190} INFO - [2024-09-18T15:27:24.320+0000] {dag.py:3229} INFO - Sync 2 DAGs
[2024-09-18T15:27:24.345+0000] {logging_mixin.py:190} INFO - [2024-09-18T15:27:24.345+0000] {dag.py:4156} INFO - Setting next_dagrun for read_dataset_event to 2024-09-17 00:00:00+00:00, run_after=2024-09-18 00:00:00+00:00
[2024-09-18T15:27:24.346+0000] {logging_mixin.py:190} INFO - [2024-09-18T15:27:24.346+0000] {dag.py:4156} INFO - Setting next_dagrun for read_dataset_event_from_classic to 2024-09-17 00:00:00+00:00, run_after=2024-09-18 00:00:00+00:00
[2024-09-18T15:27:24.351+0000] {processor.py:208} INFO - Processing /Users/omer/Desktop/MLOPS/7day/.env/lib/python3.11/site-packages/airflow/example_dags/example_inlet_event_extra.py took 0.082 seconds
[2024-09-18T15:29:04.938+0000] {processor.py:186} INFO - Started process (PID=98079) to work on /Users/omer/Desktop/MLOPS/7day/.env/lib/python3.11/site-packages/airflow/example_dags/example_inlet_event_extra.py
[2024-09-18T15:29:04.939+0000] {processor.py:914} INFO - Processing file /Users/omer/Desktop/MLOPS/7day/.env/lib/python3.11/site-packages/airflow/example_dags/example_inlet_event_extra.py for tasks to queue
[2024-09-18T15:29:04.939+0000] {logging_mixin.py:190} INFO - [2024-09-18T15:29:04.939+0000] {dagbag.py:587} INFO - Filling up the DagBag from /Users/omer/Desktop/MLOPS/7day/.env/lib/python3.11/site-packages/airflow/example_dags/example_inlet_event_extra.py
[2024-09-18T15:29:04.963+0000] {processor.py:925} INFO - DAG(s) 'read_dataset_event', 'read_dataset_event_from_classic' retrieved from /Users/omer/Desktop/MLOPS/7day/.env/lib/python3.11/site-packages/airflow/example_dags/example_inlet_event_extra.py
[2024-09-18T15:29:04.991+0000] {logging_mixin.py:190} INFO - [2024-09-18T15:29:04.991+0000] {dag.py:3229} INFO - Sync 2 DAGs
[2024-09-18T15:29:05.017+0000] {logging_mixin.py:190} INFO - [2024-09-18T15:29:05.017+0000] {dag.py:4156} INFO - Setting next_dagrun for read_dataset_event to 2024-09-17 00:00:00+00:00, run_after=2024-09-18 00:00:00+00:00
[2024-09-18T15:29:05.019+0000] {logging_mixin.py:190} INFO - [2024-09-18T15:29:05.019+0000] {dag.py:4156} INFO - Setting next_dagrun for read_dataset_event_from_classic to 2024-09-17 00:00:00+00:00, run_after=2024-09-18 00:00:00+00:00
[2024-09-18T15:29:05.024+0000] {processor.py:208} INFO - Processing /Users/omer/Desktop/MLOPS/7day/.env/lib/python3.11/site-packages/airflow/example_dags/example_inlet_event_extra.py took 0.086 seconds
[2024-09-18T15:30:42.668+0000] {processor.py:186} INFO - Started process (PID=98352) to work on /Users/omer/Desktop/MLOPS/7day/.env/lib/python3.11/site-packages/airflow/example_dags/example_inlet_event_extra.py
[2024-09-18T15:30:42.668+0000] {processor.py:914} INFO - Processing file /Users/omer/Desktop/MLOPS/7day/.env/lib/python3.11/site-packages/airflow/example_dags/example_inlet_event_extra.py for tasks to queue
[2024-09-18T15:30:42.668+0000] {logging_mixin.py:190} INFO - [2024-09-18T15:30:42.668+0000] {dagbag.py:587} INFO - Filling up the DagBag from /Users/omer/Desktop/MLOPS/7day/.env/lib/python3.11/site-packages/airflow/example_dags/example_inlet_event_extra.py
[2024-09-18T15:30:42.692+0000] {processor.py:925} INFO - DAG(s) 'read_dataset_event_from_classic', 'read_dataset_event' retrieved from /Users/omer/Desktop/MLOPS/7day/.env/lib/python3.11/site-packages/airflow/example_dags/example_inlet_event_extra.py
[2024-09-18T15:30:42.718+0000] {logging_mixin.py:190} INFO - [2024-09-18T15:30:42.718+0000] {dag.py:3229} INFO - Sync 2 DAGs
[2024-09-18T15:30:42.743+0000] {logging_mixin.py:190} INFO - [2024-09-18T15:30:42.743+0000] {dag.py:4156} INFO - Setting next_dagrun for read_dataset_event to 2024-09-17 00:00:00+00:00, run_after=2024-09-18 00:00:00+00:00
[2024-09-18T15:30:42.744+0000] {logging_mixin.py:190} INFO - [2024-09-18T15:30:42.744+0000] {dag.py:4156} INFO - Setting next_dagrun for read_dataset_event_from_classic to 2024-09-17 00:00:00+00:00, run_after=2024-09-18 00:00:00+00:00
[2024-09-18T15:30:42.748+0000] {processor.py:208} INFO - Processing /Users/omer/Desktop/MLOPS/7day/.env/lib/python3.11/site-packages/airflow/example_dags/example_inlet_event_extra.py took 0.082 seconds
[2024-09-18T15:32:20.600+0000] {processor.py:186} INFO - Started process (PID=98636) to work on /Users/omer/Desktop/MLOPS/7day/.env/lib/python3.11/site-packages/airflow/example_dags/example_inlet_event_extra.py
[2024-09-18T15:32:20.601+0000] {processor.py:914} INFO - Processing file /Users/omer/Desktop/MLOPS/7day/.env/lib/python3.11/site-packages/airflow/example_dags/example_inlet_event_extra.py for tasks to queue
[2024-09-18T15:32:20.601+0000] {logging_mixin.py:190} INFO - [2024-09-18T15:32:20.601+0000] {dagbag.py:587} INFO - Filling up the DagBag from /Users/omer/Desktop/MLOPS/7day/.env/lib/python3.11/site-packages/airflow/example_dags/example_inlet_event_extra.py
[2024-09-18T15:32:20.625+0000] {processor.py:925} INFO - DAG(s) 'read_dataset_event_from_classic', 'read_dataset_event' retrieved from /Users/omer/Desktop/MLOPS/7day/.env/lib/python3.11/site-packages/airflow/example_dags/example_inlet_event_extra.py
[2024-09-18T15:32:20.651+0000] {logging_mixin.py:190} INFO - [2024-09-18T15:32:20.651+0000] {dag.py:3229} INFO - Sync 2 DAGs
[2024-09-18T15:32:20.677+0000] {logging_mixin.py:190} INFO - [2024-09-18T15:32:20.677+0000] {dag.py:4156} INFO - Setting next_dagrun for read_dataset_event to 2024-09-17 00:00:00+00:00, run_after=2024-09-18 00:00:00+00:00
[2024-09-18T15:32:20.678+0000] {logging_mixin.py:190} INFO - [2024-09-18T15:32:20.678+0000] {dag.py:4156} INFO - Setting next_dagrun for read_dataset_event_from_classic to 2024-09-17 00:00:00+00:00, run_after=2024-09-18 00:00:00+00:00
[2024-09-18T15:32:20.683+0000] {processor.py:208} INFO - Processing /Users/omer/Desktop/MLOPS/7day/.env/lib/python3.11/site-packages/airflow/example_dags/example_inlet_event_extra.py took 0.084 seconds
[2024-09-18T15:35:01.559+0000] {processor.py:186} INFO - Started process (PID=99017) to work on /Users/omer/Desktop/MLOPS/7day/.env/lib/python3.11/site-packages/airflow/example_dags/example_inlet_event_extra.py
[2024-09-18T15:35:01.560+0000] {processor.py:914} INFO - Processing file /Users/omer/Desktop/MLOPS/7day/.env/lib/python3.11/site-packages/airflow/example_dags/example_inlet_event_extra.py for tasks to queue
[2024-09-18T15:35:01.560+0000] {logging_mixin.py:190} INFO - [2024-09-18T15:35:01.560+0000] {dagbag.py:587} INFO - Filling up the DagBag from /Users/omer/Desktop/MLOPS/7day/.env/lib/python3.11/site-packages/airflow/example_dags/example_inlet_event_extra.py
[2024-09-18T15:35:01.584+0000] {processor.py:925} INFO - DAG(s) 'read_dataset_event_from_classic', 'read_dataset_event' retrieved from /Users/omer/Desktop/MLOPS/7day/.env/lib/python3.11/site-packages/airflow/example_dags/example_inlet_event_extra.py
[2024-09-18T15:35:01.610+0000] {logging_mixin.py:190} INFO - [2024-09-18T15:35:01.610+0000] {dag.py:3229} INFO - Sync 2 DAGs
[2024-09-18T15:35:01.636+0000] {logging_mixin.py:190} INFO - [2024-09-18T15:35:01.636+0000] {dag.py:4156} INFO - Setting next_dagrun for read_dataset_event to 2024-09-17 00:00:00+00:00, run_after=2024-09-18 00:00:00+00:00
[2024-09-18T15:35:01.637+0000] {logging_mixin.py:190} INFO - [2024-09-18T15:35:01.637+0000] {dag.py:4156} INFO - Setting next_dagrun for read_dataset_event_from_classic to 2024-09-17 00:00:00+00:00, run_after=2024-09-18 00:00:00+00:00
[2024-09-18T15:35:01.642+0000] {processor.py:208} INFO - Processing /Users/omer/Desktop/MLOPS/7day/.env/lib/python3.11/site-packages/airflow/example_dags/example_inlet_event_extra.py took 0.084 seconds
