[2024-09-18T14:48:58.779+0000] {processor.py:186} INFO - Started process (PID=93919) to work on /Users/omer/Desktop/MLOPS/7day/.env/lib/python3.11/site-packages/airflow/example_dags/example_setup_teardown_taskflow.py
[2024-09-18T14:48:58.780+0000] {processor.py:914} INFO - Processing file /Users/omer/Desktop/MLOPS/7day/.env/lib/python3.11/site-packages/airflow/example_dags/example_setup_teardown_taskflow.py for tasks to queue
[2024-09-18T14:48:58.780+0000] {logging_mixin.py:190} INFO - [2024-09-18T14:48:58.780+0000] {dagbag.py:587} INFO - Filling up the DagBag from /Users/omer/Desktop/MLOPS/7day/.env/lib/python3.11/site-packages/airflow/example_dags/example_setup_teardown_taskflow.py
[2024-09-18T14:48:58.791+0000] {processor.py:925} INFO - DAG(s) 'example_setup_teardown_taskflow' retrieved from /Users/omer/Desktop/MLOPS/7day/.env/lib/python3.11/site-packages/airflow/example_dags/example_setup_teardown_taskflow.py
[2024-09-18T14:48:58.861+0000] {logging_mixin.py:190} INFO - [2024-09-18T14:48:58.861+0000] {override.py:1900} INFO - Created Permission View: can edit on DAG:example_setup_teardown_taskflow
[2024-09-18T14:48:58.863+0000] {logging_mixin.py:190} INFO - [2024-09-18T14:48:58.863+0000] {override.py:1900} INFO - Created Permission View: can read on DAG:example_setup_teardown_taskflow
[2024-09-18T14:48:58.865+0000] {logging_mixin.py:190} INFO - [2024-09-18T14:48:58.865+0000] {override.py:1900} INFO - Created Permission View: can delete on DAG:example_setup_teardown_taskflow
[2024-09-18T14:48:58.867+0000] {logging_mixin.py:190} INFO - [2024-09-18T14:48:58.867+0000] {override.py:1900} INFO - Created Permission View: menu access on DAG Run:example_setup_teardown_taskflow
[2024-09-18T14:48:58.868+0000] {logging_mixin.py:190} INFO - [2024-09-18T14:48:58.868+0000] {override.py:1900} INFO - Created Permission View: can read on DAG Run:example_setup_teardown_taskflow
[2024-09-18T14:48:58.870+0000] {logging_mixin.py:190} INFO - [2024-09-18T14:48:58.870+0000] {override.py:1900} INFO - Created Permission View: can create on DAG Run:example_setup_teardown_taskflow
[2024-09-18T14:48:58.871+0000] {logging_mixin.py:190} INFO - [2024-09-18T14:48:58.871+0000] {override.py:1900} INFO - Created Permission View: can delete on DAG Run:example_setup_teardown_taskflow
[2024-09-18T14:48:58.871+0000] {logging_mixin.py:190} INFO - [2024-09-18T14:48:58.871+0000] {dag.py:3229} INFO - Sync 1 DAGs
[2024-09-18T14:48:58.874+0000] {logging_mixin.py:190} INFO - [2024-09-18T14:48:58.874+0000] {dag.py:3252} INFO - Creating ORM DAG for example_setup_teardown_taskflow
[2024-09-18T14:48:58.875+0000] {logging_mixin.py:190} INFO - [2024-09-18T14:48:58.874+0000] {dag.py:4156} INFO - Setting next_dagrun for example_setup_teardown_taskflow to None, run_after=None
[2024-09-18T14:48:58.879+0000] {processor.py:208} INFO - Processing /Users/omer/Desktop/MLOPS/7day/.env/lib/python3.11/site-packages/airflow/example_dags/example_setup_teardown_taskflow.py took 0.100 seconds
[2024-09-18T14:50:19.842+0000] {processor.py:186} INFO - Started process (PID=94183) to work on /Users/omer/Desktop/MLOPS/7day/.env/lib/python3.11/site-packages/airflow/example_dags/example_setup_teardown_taskflow.py
[2024-09-18T14:50:19.843+0000] {processor.py:914} INFO - Processing file /Users/omer/Desktop/MLOPS/7day/.env/lib/python3.11/site-packages/airflow/example_dags/example_setup_teardown_taskflow.py for tasks to queue
[2024-09-18T14:50:19.843+0000] {logging_mixin.py:190} INFO - [2024-09-18T14:50:19.843+0000] {dagbag.py:587} INFO - Filling up the DagBag from /Users/omer/Desktop/MLOPS/7day/.env/lib/python3.11/site-packages/airflow/example_dags/example_setup_teardown_taskflow.py
[2024-09-18T14:50:19.854+0000] {processor.py:925} INFO - DAG(s) 'example_setup_teardown_taskflow' retrieved from /Users/omer/Desktop/MLOPS/7day/.env/lib/python3.11/site-packages/airflow/example_dags/example_setup_teardown_taskflow.py
[2024-09-18T14:50:19.879+0000] {logging_mixin.py:190} INFO - [2024-09-18T14:50:19.879+0000] {dag.py:3229} INFO - Sync 1 DAGs
[2024-09-18T14:50:19.901+0000] {logging_mixin.py:190} INFO - [2024-09-18T14:50:19.901+0000] {dag.py:4156} INFO - Setting next_dagrun for example_setup_teardown_taskflow to None, run_after=None
[2024-09-18T14:50:19.906+0000] {processor.py:208} INFO - Processing /Users/omer/Desktop/MLOPS/7day/.env/lib/python3.11/site-packages/airflow/example_dags/example_setup_teardown_taskflow.py took 0.065 seconds
[2024-09-18T14:51:57.516+0000] {processor.py:186} INFO - Started process (PID=94412) to work on /Users/omer/Desktop/MLOPS/7day/.env/lib/python3.11/site-packages/airflow/example_dags/example_setup_teardown_taskflow.py
[2024-09-18T14:51:57.517+0000] {processor.py:914} INFO - Processing file /Users/omer/Desktop/MLOPS/7day/.env/lib/python3.11/site-packages/airflow/example_dags/example_setup_teardown_taskflow.py for tasks to queue
[2024-09-18T14:51:57.517+0000] {logging_mixin.py:190} INFO - [2024-09-18T14:51:57.517+0000] {dagbag.py:587} INFO - Filling up the DagBag from /Users/omer/Desktop/MLOPS/7day/.env/lib/python3.11/site-packages/airflow/example_dags/example_setup_teardown_taskflow.py
[2024-09-18T14:51:57.533+0000] {processor.py:925} INFO - DAG(s) 'example_setup_teardown_taskflow' retrieved from /Users/omer/Desktop/MLOPS/7day/.env/lib/python3.11/site-packages/airflow/example_dags/example_setup_teardown_taskflow.py
[2024-09-18T14:51:57.559+0000] {logging_mixin.py:190} INFO - [2024-09-18T14:51:57.559+0000] {dag.py:3229} INFO - Sync 1 DAGs
[2024-09-18T14:51:57.583+0000] {logging_mixin.py:190} INFO - [2024-09-18T14:51:57.583+0000] {dag.py:4156} INFO - Setting next_dagrun for example_setup_teardown_taskflow to None, run_after=None
[2024-09-18T14:51:57.589+0000] {processor.py:208} INFO - Processing /Users/omer/Desktop/MLOPS/7day/.env/lib/python3.11/site-packages/airflow/example_dags/example_setup_teardown_taskflow.py took 0.074 seconds
[2024-09-18T14:53:37.933+0000] {processor.py:186} INFO - Started process (PID=94575) to work on /Users/omer/Desktop/MLOPS/7day/.env/lib/python3.11/site-packages/airflow/example_dags/example_setup_teardown_taskflow.py
[2024-09-18T14:53:37.934+0000] {processor.py:914} INFO - Processing file /Users/omer/Desktop/MLOPS/7day/.env/lib/python3.11/site-packages/airflow/example_dags/example_setup_teardown_taskflow.py for tasks to queue
[2024-09-18T14:53:37.934+0000] {logging_mixin.py:190} INFO - [2024-09-18T14:53:37.934+0000] {dagbag.py:587} INFO - Filling up the DagBag from /Users/omer/Desktop/MLOPS/7day/.env/lib/python3.11/site-packages/airflow/example_dags/example_setup_teardown_taskflow.py
[2024-09-18T14:53:37.945+0000] {processor.py:925} INFO - DAG(s) 'example_setup_teardown_taskflow' retrieved from /Users/omer/Desktop/MLOPS/7day/.env/lib/python3.11/site-packages/airflow/example_dags/example_setup_teardown_taskflow.py
[2024-09-18T14:53:37.972+0000] {logging_mixin.py:190} INFO - [2024-09-18T14:53:37.971+0000] {dag.py:3229} INFO - Sync 1 DAGs
[2024-09-18T14:53:37.994+0000] {logging_mixin.py:190} INFO - [2024-09-18T14:53:37.994+0000] {dag.py:4156} INFO - Setting next_dagrun for example_setup_teardown_taskflow to None, run_after=None
[2024-09-18T14:53:38.000+0000] {processor.py:208} INFO - Processing /Users/omer/Desktop/MLOPS/7day/.env/lib/python3.11/site-packages/airflow/example_dags/example_setup_teardown_taskflow.py took 0.068 seconds
[2024-09-18T15:21:19.143+0000] {processor.py:186} INFO - Started process (PID=97159) to work on /Users/omer/Desktop/MLOPS/7day/.env/lib/python3.11/site-packages/airflow/example_dags/example_setup_teardown_taskflow.py
[2024-09-18T15:21:19.144+0000] {processor.py:914} INFO - Processing file /Users/omer/Desktop/MLOPS/7day/.env/lib/python3.11/site-packages/airflow/example_dags/example_setup_teardown_taskflow.py for tasks to queue
[2024-09-18T15:21:19.144+0000] {logging_mixin.py:190} INFO - [2024-09-18T15:21:19.144+0000] {dagbag.py:587} INFO - Filling up the DagBag from /Users/omer/Desktop/MLOPS/7day/.env/lib/python3.11/site-packages/airflow/example_dags/example_setup_teardown_taskflow.py
[2024-09-18T15:21:19.155+0000] {processor.py:925} INFO - DAG(s) 'example_setup_teardown_taskflow' retrieved from /Users/omer/Desktop/MLOPS/7day/.env/lib/python3.11/site-packages/airflow/example_dags/example_setup_teardown_taskflow.py
[2024-09-18T15:21:19.183+0000] {logging_mixin.py:190} INFO - [2024-09-18T15:21:19.183+0000] {dag.py:3229} INFO - Sync 1 DAGs
[2024-09-18T15:21:19.207+0000] {logging_mixin.py:190} INFO - [2024-09-18T15:21:19.207+0000] {dag.py:4156} INFO - Setting next_dagrun for example_setup_teardown_taskflow to None, run_after=None
[2024-09-18T15:21:19.212+0000] {processor.py:208} INFO - Processing /Users/omer/Desktop/MLOPS/7day/.env/lib/python3.11/site-packages/airflow/example_dags/example_setup_teardown_taskflow.py took 0.071 seconds
[2024-09-18T15:22:38.945+0000] {processor.py:186} INFO - Started process (PID=97292) to work on /Users/omer/Desktop/MLOPS/7day/.env/lib/python3.11/site-packages/airflow/example_dags/example_setup_teardown_taskflow.py
[2024-09-18T15:22:38.945+0000] {processor.py:914} INFO - Processing file /Users/omer/Desktop/MLOPS/7day/.env/lib/python3.11/site-packages/airflow/example_dags/example_setup_teardown_taskflow.py for tasks to queue
[2024-09-18T15:22:38.945+0000] {logging_mixin.py:190} INFO - [2024-09-18T15:22:38.945+0000] {dagbag.py:587} INFO - Filling up the DagBag from /Users/omer/Desktop/MLOPS/7day/.env/lib/python3.11/site-packages/airflow/example_dags/example_setup_teardown_taskflow.py
[2024-09-18T15:22:38.956+0000] {processor.py:925} INFO - DAG(s) 'example_setup_teardown_taskflow' retrieved from /Users/omer/Desktop/MLOPS/7day/.env/lib/python3.11/site-packages/airflow/example_dags/example_setup_teardown_taskflow.py
[2024-09-18T15:22:38.983+0000] {logging_mixin.py:190} INFO - [2024-09-18T15:22:38.983+0000] {dag.py:3229} INFO - Sync 1 DAGs
[2024-09-18T15:22:39.007+0000] {logging_mixin.py:190} INFO - [2024-09-18T15:22:39.007+0000] {dag.py:4156} INFO - Setting next_dagrun for example_setup_teardown_taskflow to None, run_after=None
[2024-09-18T15:22:39.013+0000] {processor.py:208} INFO - Processing /Users/omer/Desktop/MLOPS/7day/.env/lib/python3.11/site-packages/airflow/example_dags/example_setup_teardown_taskflow.py took 0.069 seconds
[2024-09-18T15:25:41.824+0000] {processor.py:186} INFO - Started process (PID=97622) to work on /Users/omer/Desktop/MLOPS/7day/.env/lib/python3.11/site-packages/airflow/example_dags/example_setup_teardown_taskflow.py
[2024-09-18T15:25:41.825+0000] {processor.py:914} INFO - Processing file /Users/omer/Desktop/MLOPS/7day/.env/lib/python3.11/site-packages/airflow/example_dags/example_setup_teardown_taskflow.py for tasks to queue
[2024-09-18T15:25:41.825+0000] {logging_mixin.py:190} INFO - [2024-09-18T15:25:41.825+0000] {dagbag.py:587} INFO - Filling up the DagBag from /Users/omer/Desktop/MLOPS/7day/.env/lib/python3.11/site-packages/airflow/example_dags/example_setup_teardown_taskflow.py
[2024-09-18T15:25:41.836+0000] {processor.py:925} INFO - DAG(s) 'example_setup_teardown_taskflow' retrieved from /Users/omer/Desktop/MLOPS/7day/.env/lib/python3.11/site-packages/airflow/example_dags/example_setup_teardown_taskflow.py
[2024-09-18T15:25:41.863+0000] {logging_mixin.py:190} INFO - [2024-09-18T15:25:41.863+0000] {dag.py:3229} INFO - Sync 1 DAGs
[2024-09-18T15:25:41.886+0000] {logging_mixin.py:190} INFO - [2024-09-18T15:25:41.886+0000] {dag.py:4156} INFO - Setting next_dagrun for example_setup_teardown_taskflow to None, run_after=None
[2024-09-18T15:25:41.891+0000] {processor.py:208} INFO - Processing /Users/omer/Desktop/MLOPS/7day/.env/lib/python3.11/site-packages/airflow/example_dags/example_setup_teardown_taskflow.py took 0.068 seconds
[2024-09-18T15:27:02.280+0000] {processor.py:186} INFO - Started process (PID=97782) to work on /Users/omer/Desktop/MLOPS/7day/.env/lib/python3.11/site-packages/airflow/example_dags/example_setup_teardown_taskflow.py
[2024-09-18T15:27:02.281+0000] {processor.py:914} INFO - Processing file /Users/omer/Desktop/MLOPS/7day/.env/lib/python3.11/site-packages/airflow/example_dags/example_setup_teardown_taskflow.py for tasks to queue
[2024-09-18T15:27:02.281+0000] {logging_mixin.py:190} INFO - [2024-09-18T15:27:02.281+0000] {dagbag.py:587} INFO - Filling up the DagBag from /Users/omer/Desktop/MLOPS/7day/.env/lib/python3.11/site-packages/airflow/example_dags/example_setup_teardown_taskflow.py
[2024-09-18T15:27:02.293+0000] {processor.py:925} INFO - DAG(s) 'example_setup_teardown_taskflow' retrieved from /Users/omer/Desktop/MLOPS/7day/.env/lib/python3.11/site-packages/airflow/example_dags/example_setup_teardown_taskflow.py
[2024-09-18T15:27:02.321+0000] {logging_mixin.py:190} INFO - [2024-09-18T15:27:02.320+0000] {dag.py:3229} INFO - Sync 1 DAGs
[2024-09-18T15:27:02.345+0000] {logging_mixin.py:190} INFO - [2024-09-18T15:27:02.345+0000] {dag.py:4156} INFO - Setting next_dagrun for example_setup_teardown_taskflow to None, run_after=None
[2024-09-18T15:27:02.351+0000] {processor.py:208} INFO - Processing /Users/omer/Desktop/MLOPS/7day/.env/lib/python3.11/site-packages/airflow/example_dags/example_setup_teardown_taskflow.py took 0.072 seconds
[2024-09-18T15:28:23.246+0000] {processor.py:186} INFO - Started process (PID=97987) to work on /Users/omer/Desktop/MLOPS/7day/.env/lib/python3.11/site-packages/airflow/example_dags/example_setup_teardown_taskflow.py
[2024-09-18T15:28:23.247+0000] {processor.py:914} INFO - Processing file /Users/omer/Desktop/MLOPS/7day/.env/lib/python3.11/site-packages/airflow/example_dags/example_setup_teardown_taskflow.py for tasks to queue
[2024-09-18T15:28:23.247+0000] {logging_mixin.py:190} INFO - [2024-09-18T15:28:23.247+0000] {dagbag.py:587} INFO - Filling up the DagBag from /Users/omer/Desktop/MLOPS/7day/.env/lib/python3.11/site-packages/airflow/example_dags/example_setup_teardown_taskflow.py
[2024-09-18T15:28:23.259+0000] {processor.py:925} INFO - DAG(s) 'example_setup_teardown_taskflow' retrieved from /Users/omer/Desktop/MLOPS/7day/.env/lib/python3.11/site-packages/airflow/example_dags/example_setup_teardown_taskflow.py
[2024-09-18T15:28:23.287+0000] {logging_mixin.py:190} INFO - [2024-09-18T15:28:23.287+0000] {dag.py:3229} INFO - Sync 1 DAGs
[2024-09-18T15:28:23.314+0000] {logging_mixin.py:190} INFO - [2024-09-18T15:28:23.314+0000] {dag.py:4156} INFO - Setting next_dagrun for example_setup_teardown_taskflow to None, run_after=None
[2024-09-18T15:28:23.320+0000] {processor.py:208} INFO - Processing /Users/omer/Desktop/MLOPS/7day/.env/lib/python3.11/site-packages/airflow/example_dags/example_setup_teardown_taskflow.py took 0.075 seconds
[2024-09-18T15:30:01.141+0000] {processor.py:186} INFO - Started process (PID=98224) to work on /Users/omer/Desktop/MLOPS/7day/.env/lib/python3.11/site-packages/airflow/example_dags/example_setup_teardown_taskflow.py
[2024-09-18T15:30:01.142+0000] {processor.py:914} INFO - Processing file /Users/omer/Desktop/MLOPS/7day/.env/lib/python3.11/site-packages/airflow/example_dags/example_setup_teardown_taskflow.py for tasks to queue
[2024-09-18T15:30:01.142+0000] {logging_mixin.py:190} INFO - [2024-09-18T15:30:01.142+0000] {dagbag.py:587} INFO - Filling up the DagBag from /Users/omer/Desktop/MLOPS/7day/.env/lib/python3.11/site-packages/airflow/example_dags/example_setup_teardown_taskflow.py
[2024-09-18T15:30:01.153+0000] {processor.py:925} INFO - DAG(s) 'example_setup_teardown_taskflow' retrieved from /Users/omer/Desktop/MLOPS/7day/.env/lib/python3.11/site-packages/airflow/example_dags/example_setup_teardown_taskflow.py
[2024-09-18T15:30:01.179+0000] {logging_mixin.py:190} INFO - [2024-09-18T15:30:01.179+0000] {dag.py:3229} INFO - Sync 1 DAGs
[2024-09-18T15:30:01.202+0000] {logging_mixin.py:190} INFO - [2024-09-18T15:30:01.202+0000] {dag.py:4156} INFO - Setting next_dagrun for example_setup_teardown_taskflow to None, run_after=None
[2024-09-18T15:30:01.208+0000] {processor.py:208} INFO - Processing /Users/omer/Desktop/MLOPS/7day/.env/lib/python3.11/site-packages/airflow/example_dags/example_setup_teardown_taskflow.py took 0.068 seconds
[2024-09-18T15:31:37.834+0000] {processor.py:186} INFO - Started process (PID=98524) to work on /Users/omer/Desktop/MLOPS/7day/.env/lib/python3.11/site-packages/airflow/example_dags/example_setup_teardown_taskflow.py
[2024-09-18T15:31:37.835+0000] {processor.py:914} INFO - Processing file /Users/omer/Desktop/MLOPS/7day/.env/lib/python3.11/site-packages/airflow/example_dags/example_setup_teardown_taskflow.py for tasks to queue
[2024-09-18T15:31:37.835+0000] {logging_mixin.py:190} INFO - [2024-09-18T15:31:37.835+0000] {dagbag.py:587} INFO - Filling up the DagBag from /Users/omer/Desktop/MLOPS/7day/.env/lib/python3.11/site-packages/airflow/example_dags/example_setup_teardown_taskflow.py
[2024-09-18T15:31:37.846+0000] {processor.py:925} INFO - DAG(s) 'example_setup_teardown_taskflow' retrieved from /Users/omer/Desktop/MLOPS/7day/.env/lib/python3.11/site-packages/airflow/example_dags/example_setup_teardown_taskflow.py
[2024-09-18T15:31:37.871+0000] {logging_mixin.py:190} INFO - [2024-09-18T15:31:37.871+0000] {dag.py:3229} INFO - Sync 1 DAGs
[2024-09-18T15:31:37.894+0000] {logging_mixin.py:190} INFO - [2024-09-18T15:31:37.894+0000] {dag.py:4156} INFO - Setting next_dagrun for example_setup_teardown_taskflow to None, run_after=None
[2024-09-18T15:31:37.899+0000] {processor.py:208} INFO - Processing /Users/omer/Desktop/MLOPS/7day/.env/lib/python3.11/site-packages/airflow/example_dags/example_setup_teardown_taskflow.py took 0.065 seconds
[2024-09-18T15:33:28.475+0000] {processor.py:186} INFO - Started process (PID=98815) to work on /Users/omer/Desktop/MLOPS/7day/.env/lib/python3.11/site-packages/airflow/example_dags/example_setup_teardown_taskflow.py
[2024-09-18T15:33:28.475+0000] {processor.py:914} INFO - Processing file /Users/omer/Desktop/MLOPS/7day/.env/lib/python3.11/site-packages/airflow/example_dags/example_setup_teardown_taskflow.py for tasks to queue
[2024-09-18T15:33:28.475+0000] {logging_mixin.py:190} INFO - [2024-09-18T15:33:28.475+0000] {dagbag.py:587} INFO - Filling up the DagBag from /Users/omer/Desktop/MLOPS/7day/.env/lib/python3.11/site-packages/airflow/example_dags/example_setup_teardown_taskflow.py
[2024-09-18T15:33:28.486+0000] {processor.py:925} INFO - DAG(s) 'example_setup_teardown_taskflow' retrieved from /Users/omer/Desktop/MLOPS/7day/.env/lib/python3.11/site-packages/airflow/example_dags/example_setup_teardown_taskflow.py
[2024-09-18T15:33:28.513+0000] {logging_mixin.py:190} INFO - [2024-09-18T15:33:28.513+0000] {dag.py:3229} INFO - Sync 1 DAGs
[2024-09-18T15:33:28.539+0000] {logging_mixin.py:190} INFO - [2024-09-18T15:33:28.539+0000] {dag.py:4156} INFO - Setting next_dagrun for example_setup_teardown_taskflow to None, run_after=None
[2024-09-18T15:33:28.544+0000] {processor.py:208} INFO - Processing /Users/omer/Desktop/MLOPS/7day/.env/lib/python3.11/site-packages/airflow/example_dags/example_setup_teardown_taskflow.py took 0.070 seconds
[2024-09-18T15:34:39.672+0000] {processor.py:186} INFO - Started process (PID=98971) to work on /Users/omer/Desktop/MLOPS/7day/.env/lib/python3.11/site-packages/airflow/example_dags/example_setup_teardown_taskflow.py
[2024-09-18T15:34:39.674+0000] {processor.py:914} INFO - Processing file /Users/omer/Desktop/MLOPS/7day/.env/lib/python3.11/site-packages/airflow/example_dags/example_setup_teardown_taskflow.py for tasks to queue
[2024-09-18T15:34:39.674+0000] {logging_mixin.py:190} INFO - [2024-09-18T15:34:39.674+0000] {dagbag.py:587} INFO - Filling up the DagBag from /Users/omer/Desktop/MLOPS/7day/.env/lib/python3.11/site-packages/airflow/example_dags/example_setup_teardown_taskflow.py
[2024-09-18T15:34:39.686+0000] {processor.py:925} INFO - DAG(s) 'example_setup_teardown_taskflow' retrieved from /Users/omer/Desktop/MLOPS/7day/.env/lib/python3.11/site-packages/airflow/example_dags/example_setup_teardown_taskflow.py
[2024-09-18T15:34:39.712+0000] {logging_mixin.py:190} INFO - [2024-09-18T15:34:39.712+0000] {dag.py:3229} INFO - Sync 1 DAGs
[2024-09-18T15:34:39.737+0000] {logging_mixin.py:190} INFO - [2024-09-18T15:34:39.737+0000] {dag.py:4156} INFO - Setting next_dagrun for example_setup_teardown_taskflow to None, run_after=None
[2024-09-18T15:34:39.743+0000] {processor.py:208} INFO - Processing /Users/omer/Desktop/MLOPS/7day/.env/lib/python3.11/site-packages/airflow/example_dags/example_setup_teardown_taskflow.py took 0.072 seconds
[2024-09-18T15:36:00.711+0000] {processor.py:186} INFO - Started process (PID=99127) to work on /Users/omer/Desktop/MLOPS/7day/.env/lib/python3.11/site-packages/airflow/example_dags/example_setup_teardown_taskflow.py
[2024-09-18T15:36:00.711+0000] {processor.py:914} INFO - Processing file /Users/omer/Desktop/MLOPS/7day/.env/lib/python3.11/site-packages/airflow/example_dags/example_setup_teardown_taskflow.py for tasks to queue
[2024-09-18T15:36:00.712+0000] {logging_mixin.py:190} INFO - [2024-09-18T15:36:00.712+0000] {dagbag.py:587} INFO - Filling up the DagBag from /Users/omer/Desktop/MLOPS/7day/.env/lib/python3.11/site-packages/airflow/example_dags/example_setup_teardown_taskflow.py
[2024-09-18T15:36:00.723+0000] {processor.py:925} INFO - DAG(s) 'example_setup_teardown_taskflow' retrieved from /Users/omer/Desktop/MLOPS/7day/.env/lib/python3.11/site-packages/airflow/example_dags/example_setup_teardown_taskflow.py
[2024-09-18T15:36:00.750+0000] {logging_mixin.py:190} INFO - [2024-09-18T15:36:00.749+0000] {dag.py:3229} INFO - Sync 1 DAGs
[2024-09-18T15:36:00.773+0000] {logging_mixin.py:190} INFO - [2024-09-18T15:36:00.773+0000] {dag.py:4156} INFO - Setting next_dagrun for example_setup_teardown_taskflow to None, run_after=None
[2024-09-18T15:36:00.779+0000] {processor.py:208} INFO - Processing /Users/omer/Desktop/MLOPS/7day/.env/lib/python3.11/site-packages/airflow/example_dags/example_setup_teardown_taskflow.py took 0.069 seconds
