[2024-09-18T14:48:50.803+0000] {processor.py:186} INFO - Started process (PID=93890) to work on /Users/omer/Desktop/MLOPS/7day/.env/lib/python3.11/site-packages/airflow/example_dags/example_task_group.py
[2024-09-18T14:48:50.804+0000] {processor.py:914} INFO - Processing file /Users/omer/Desktop/MLOPS/7day/.env/lib/python3.11/site-packages/airflow/example_dags/example_task_group.py for tasks to queue
[2024-09-18T14:48:50.804+0000] {logging_mixin.py:190} INFO - [2024-09-18T14:48:50.804+0000] {dagbag.py:587} INFO - Filling up the DagBag from /Users/omer/Desktop/MLOPS/7day/.env/lib/python3.11/site-packages/airflow/example_dags/example_task_group.py
[2024-09-18T14:48:50.807+0000] {processor.py:925} INFO - DAG(s) 'example_task_group' retrieved from /Users/omer/Desktop/MLOPS/7day/.env/lib/python3.11/site-packages/airflow/example_dags/example_task_group.py
[2024-09-18T14:48:50.876+0000] {logging_mixin.py:190} INFO - [2024-09-18T14:48:50.875+0000] {override.py:1900} INFO - Created Permission View: can edit on DAG:example_task_group
[2024-09-18T14:48:50.878+0000] {logging_mixin.py:190} INFO - [2024-09-18T14:48:50.878+0000] {override.py:1900} INFO - Created Permission View: can read on DAG:example_task_group
[2024-09-18T14:48:50.879+0000] {logging_mixin.py:190} INFO - [2024-09-18T14:48:50.879+0000] {override.py:1900} INFO - Created Permission View: can delete on DAG:example_task_group
[2024-09-18T14:48:50.881+0000] {logging_mixin.py:190} INFO - [2024-09-18T14:48:50.881+0000] {override.py:1900} INFO - Created Permission View: menu access on DAG Run:example_task_group
[2024-09-18T14:48:50.883+0000] {logging_mixin.py:190} INFO - [2024-09-18T14:48:50.883+0000] {override.py:1900} INFO - Created Permission View: can delete on DAG Run:example_task_group
[2024-09-18T14:48:50.884+0000] {logging_mixin.py:190} INFO - [2024-09-18T14:48:50.884+0000] {override.py:1900} INFO - Created Permission View: can create on DAG Run:example_task_group
[2024-09-18T14:48:50.886+0000] {logging_mixin.py:190} INFO - [2024-09-18T14:48:50.885+0000] {override.py:1900} INFO - Created Permission View: can read on DAG Run:example_task_group
[2024-09-18T14:48:50.886+0000] {logging_mixin.py:190} INFO - [2024-09-18T14:48:50.886+0000] {dag.py:3229} INFO - Sync 1 DAGs
[2024-09-18T14:48:50.889+0000] {logging_mixin.py:190} INFO - [2024-09-18T14:48:50.889+0000] {dag.py:3252} INFO - Creating ORM DAG for example_task_group
[2024-09-18T14:48:50.889+0000] {logging_mixin.py:190} INFO - [2024-09-18T14:48:50.889+0000] {dag.py:4156} INFO - Setting next_dagrun for example_task_group to None, run_after=None
[2024-09-18T14:48:50.893+0000] {processor.py:208} INFO - Processing /Users/omer/Desktop/MLOPS/7day/.env/lib/python3.11/site-packages/airflow/example_dags/example_task_group.py took 0.091 seconds
[2024-09-18T14:50:11.000+0000] {processor.py:186} INFO - Started process (PID=94143) to work on /Users/omer/Desktop/MLOPS/7day/.env/lib/python3.11/site-packages/airflow/example_dags/example_task_group.py
[2024-09-18T14:50:11.000+0000] {processor.py:914} INFO - Processing file /Users/omer/Desktop/MLOPS/7day/.env/lib/python3.11/site-packages/airflow/example_dags/example_task_group.py for tasks to queue
[2024-09-18T14:50:11.001+0000] {logging_mixin.py:190} INFO - [2024-09-18T14:50:11.000+0000] {dagbag.py:587} INFO - Filling up the DagBag from /Users/omer/Desktop/MLOPS/7day/.env/lib/python3.11/site-packages/airflow/example_dags/example_task_group.py
[2024-09-18T14:50:11.004+0000] {processor.py:925} INFO - DAG(s) 'example_task_group' retrieved from /Users/omer/Desktop/MLOPS/7day/.env/lib/python3.11/site-packages/airflow/example_dags/example_task_group.py
[2024-09-18T14:50:11.030+0000] {logging_mixin.py:190} INFO - [2024-09-18T14:50:11.030+0000] {dag.py:3229} INFO - Sync 1 DAGs
[2024-09-18T14:50:11.033+0000] {logging_mixin.py:190} INFO - [2024-09-18T14:50:11.032+0000] {dag.py:4156} INFO - Setting next_dagrun for example_task_group to None, run_after=None
[2024-09-18T14:50:11.037+0000] {processor.py:208} INFO - Processing /Users/omer/Desktop/MLOPS/7day/.env/lib/python3.11/site-packages/airflow/example_dags/example_task_group.py took 0.038 seconds
[2024-09-18T14:51:49.485+0000] {processor.py:186} INFO - Started process (PID=94393) to work on /Users/omer/Desktop/MLOPS/7day/.env/lib/python3.11/site-packages/airflow/example_dags/example_task_group.py
[2024-09-18T14:51:49.485+0000] {processor.py:914} INFO - Processing file /Users/omer/Desktop/MLOPS/7day/.env/lib/python3.11/site-packages/airflow/example_dags/example_task_group.py for tasks to queue
[2024-09-18T14:51:49.485+0000] {logging_mixin.py:190} INFO - [2024-09-18T14:51:49.485+0000] {dagbag.py:587} INFO - Filling up the DagBag from /Users/omer/Desktop/MLOPS/7day/.env/lib/python3.11/site-packages/airflow/example_dags/example_task_group.py
[2024-09-18T14:51:49.488+0000] {processor.py:925} INFO - DAG(s) 'example_task_group' retrieved from /Users/omer/Desktop/MLOPS/7day/.env/lib/python3.11/site-packages/airflow/example_dags/example_task_group.py
[2024-09-18T14:51:49.516+0000] {logging_mixin.py:190} INFO - [2024-09-18T14:51:49.516+0000] {dag.py:3229} INFO - Sync 1 DAGs
[2024-09-18T14:51:49.519+0000] {logging_mixin.py:190} INFO - [2024-09-18T14:51:49.519+0000] {dag.py:4156} INFO - Setting next_dagrun for example_task_group to None, run_after=None
[2024-09-18T14:51:49.524+0000] {processor.py:208} INFO - Processing /Users/omer/Desktop/MLOPS/7day/.env/lib/python3.11/site-packages/airflow/example_dags/example_task_group.py took 0.040 seconds
[2024-09-18T14:53:29.806+0000] {processor.py:186} INFO - Started process (PID=94566) to work on /Users/omer/Desktop/MLOPS/7day/.env/lib/python3.11/site-packages/airflow/example_dags/example_task_group.py
[2024-09-18T14:53:29.807+0000] {processor.py:914} INFO - Processing file /Users/omer/Desktop/MLOPS/7day/.env/lib/python3.11/site-packages/airflow/example_dags/example_task_group.py for tasks to queue
[2024-09-18T14:53:29.807+0000] {logging_mixin.py:190} INFO - [2024-09-18T14:53:29.807+0000] {dagbag.py:587} INFO - Filling up the DagBag from /Users/omer/Desktop/MLOPS/7day/.env/lib/python3.11/site-packages/airflow/example_dags/example_task_group.py
[2024-09-18T14:53:29.809+0000] {processor.py:925} INFO - DAG(s) 'example_task_group' retrieved from /Users/omer/Desktop/MLOPS/7day/.env/lib/python3.11/site-packages/airflow/example_dags/example_task_group.py
[2024-09-18T14:53:29.835+0000] {logging_mixin.py:190} INFO - [2024-09-18T14:53:29.835+0000] {dag.py:3229} INFO - Sync 1 DAGs
[2024-09-18T14:53:29.838+0000] {logging_mixin.py:190} INFO - [2024-09-18T14:53:29.838+0000] {dag.py:4156} INFO - Setting next_dagrun for example_task_group to None, run_after=None
[2024-09-18T14:53:29.844+0000] {processor.py:208} INFO - Processing /Users/omer/Desktop/MLOPS/7day/.env/lib/python3.11/site-packages/airflow/example_dags/example_task_group.py took 0.038 seconds
[2024-09-18T14:55:06.491+0000] {processor.py:186} INFO - Started process (PID=94767) to work on /Users/omer/Desktop/MLOPS/7day/.env/lib/python3.11/site-packages/airflow/example_dags/example_task_group.py
[2024-09-18T14:55:06.493+0000] {processor.py:914} INFO - Processing file /Users/omer/Desktop/MLOPS/7day/.env/lib/python3.11/site-packages/airflow/example_dags/example_task_group.py for tasks to queue
[2024-09-18T14:55:06.493+0000] {logging_mixin.py:190} INFO - [2024-09-18T14:55:06.493+0000] {dagbag.py:587} INFO - Filling up the DagBag from /Users/omer/Desktop/MLOPS/7day/.env/lib/python3.11/site-packages/airflow/example_dags/example_task_group.py
[2024-09-18T14:55:06.496+0000] {processor.py:925} INFO - DAG(s) 'example_task_group' retrieved from /Users/omer/Desktop/MLOPS/7day/.env/lib/python3.11/site-packages/airflow/example_dags/example_task_group.py
[2024-09-18T14:55:06.522+0000] {logging_mixin.py:190} INFO - [2024-09-18T14:55:06.521+0000] {dag.py:3229} INFO - Sync 1 DAGs
[2024-09-18T14:55:06.524+0000] {logging_mixin.py:190} INFO - [2024-09-18T14:55:06.524+0000] {dag.py:4156} INFO - Setting next_dagrun for example_task_group to None, run_after=None
[2024-09-18T14:55:06.530+0000] {processor.py:208} INFO - Processing /Users/omer/Desktop/MLOPS/7day/.env/lib/python3.11/site-packages/airflow/example_dags/example_task_group.py took 0.039 seconds
[2024-09-18T15:21:11.148+0000] {processor.py:186} INFO - Started process (PID=97145) to work on /Users/omer/Desktop/MLOPS/7day/.env/lib/python3.11/site-packages/airflow/example_dags/example_task_group.py
[2024-09-18T15:21:11.149+0000] {processor.py:914} INFO - Processing file /Users/omer/Desktop/MLOPS/7day/.env/lib/python3.11/site-packages/airflow/example_dags/example_task_group.py for tasks to queue
[2024-09-18T15:21:11.149+0000] {logging_mixin.py:190} INFO - [2024-09-18T15:21:11.149+0000] {dagbag.py:587} INFO - Filling up the DagBag from /Users/omer/Desktop/MLOPS/7day/.env/lib/python3.11/site-packages/airflow/example_dags/example_task_group.py
[2024-09-18T15:21:11.152+0000] {processor.py:925} INFO - DAG(s) 'example_task_group' retrieved from /Users/omer/Desktop/MLOPS/7day/.env/lib/python3.11/site-packages/airflow/example_dags/example_task_group.py
[2024-09-18T15:21:11.178+0000] {logging_mixin.py:190} INFO - [2024-09-18T15:21:11.178+0000] {dag.py:3229} INFO - Sync 1 DAGs
[2024-09-18T15:21:11.181+0000] {logging_mixin.py:190} INFO - [2024-09-18T15:21:11.181+0000] {dag.py:4156} INFO - Setting next_dagrun for example_task_group to None, run_after=None
[2024-09-18T15:21:11.187+0000] {processor.py:208} INFO - Processing /Users/omer/Desktop/MLOPS/7day/.env/lib/python3.11/site-packages/airflow/example_dags/example_task_group.py took 0.040 seconds
[2024-09-18T15:22:30.052+0000] {processor.py:186} INFO - Started process (PID=97274) to work on /Users/omer/Desktop/MLOPS/7day/.env/lib/python3.11/site-packages/airflow/example_dags/example_task_group.py
[2024-09-18T15:22:30.052+0000] {processor.py:914} INFO - Processing file /Users/omer/Desktop/MLOPS/7day/.env/lib/python3.11/site-packages/airflow/example_dags/example_task_group.py for tasks to queue
[2024-09-18T15:22:30.053+0000] {logging_mixin.py:190} INFO - [2024-09-18T15:22:30.053+0000] {dagbag.py:587} INFO - Filling up the DagBag from /Users/omer/Desktop/MLOPS/7day/.env/lib/python3.11/site-packages/airflow/example_dags/example_task_group.py
[2024-09-18T15:22:30.056+0000] {processor.py:925} INFO - DAG(s) 'example_task_group' retrieved from /Users/omer/Desktop/MLOPS/7day/.env/lib/python3.11/site-packages/airflow/example_dags/example_task_group.py
[2024-09-18T15:22:30.085+0000] {logging_mixin.py:190} INFO - [2024-09-18T15:22:30.085+0000] {dag.py:3229} INFO - Sync 1 DAGs
[2024-09-18T15:22:30.088+0000] {logging_mixin.py:190} INFO - [2024-09-18T15:22:30.088+0000] {dag.py:4156} INFO - Setting next_dagrun for example_task_group to None, run_after=None
[2024-09-18T15:22:30.094+0000] {processor.py:208} INFO - Processing /Users/omer/Desktop/MLOPS/7day/.env/lib/python3.11/site-packages/airflow/example_dags/example_task_group.py took 0.042 seconds
[2024-09-18T15:25:33.934+0000] {processor.py:186} INFO - Started process (PID=97612) to work on /Users/omer/Desktop/MLOPS/7day/.env/lib/python3.11/site-packages/airflow/example_dags/example_task_group.py
[2024-09-18T15:25:33.935+0000] {processor.py:914} INFO - Processing file /Users/omer/Desktop/MLOPS/7day/.env/lib/python3.11/site-packages/airflow/example_dags/example_task_group.py for tasks to queue
[2024-09-18T15:25:33.935+0000] {logging_mixin.py:190} INFO - [2024-09-18T15:25:33.935+0000] {dagbag.py:587} INFO - Filling up the DagBag from /Users/omer/Desktop/MLOPS/7day/.env/lib/python3.11/site-packages/airflow/example_dags/example_task_group.py
[2024-09-18T15:25:33.938+0000] {processor.py:925} INFO - DAG(s) 'example_task_group' retrieved from /Users/omer/Desktop/MLOPS/7day/.env/lib/python3.11/site-packages/airflow/example_dags/example_task_group.py
[2024-09-18T15:25:33.964+0000] {logging_mixin.py:190} INFO - [2024-09-18T15:25:33.964+0000] {dag.py:3229} INFO - Sync 1 DAGs
[2024-09-18T15:25:33.967+0000] {logging_mixin.py:190} INFO - [2024-09-18T15:25:33.967+0000] {dag.py:4156} INFO - Setting next_dagrun for example_task_group to None, run_after=None
[2024-09-18T15:25:33.972+0000] {processor.py:208} INFO - Processing /Users/omer/Desktop/MLOPS/7day/.env/lib/python3.11/site-packages/airflow/example_dags/example_task_group.py took 0.039 seconds
[2024-09-18T15:26:54.578+0000] {processor.py:186} INFO - Started process (PID=97770) to work on /Users/omer/Desktop/MLOPS/7day/.env/lib/python3.11/site-packages/airflow/example_dags/example_task_group.py
[2024-09-18T15:26:54.579+0000] {processor.py:914} INFO - Processing file /Users/omer/Desktop/MLOPS/7day/.env/lib/python3.11/site-packages/airflow/example_dags/example_task_group.py for tasks to queue
[2024-09-18T15:26:54.579+0000] {logging_mixin.py:190} INFO - [2024-09-18T15:26:54.579+0000] {dagbag.py:587} INFO - Filling up the DagBag from /Users/omer/Desktop/MLOPS/7day/.env/lib/python3.11/site-packages/airflow/example_dags/example_task_group.py
[2024-09-18T15:26:54.582+0000] {processor.py:925} INFO - DAG(s) 'example_task_group' retrieved from /Users/omer/Desktop/MLOPS/7day/.env/lib/python3.11/site-packages/airflow/example_dags/example_task_group.py
[2024-09-18T15:26:54.611+0000] {logging_mixin.py:190} INFO - [2024-09-18T15:26:54.611+0000] {dag.py:3229} INFO - Sync 1 DAGs
[2024-09-18T15:26:54.614+0000] {logging_mixin.py:190} INFO - [2024-09-18T15:26:54.614+0000] {dag.py:4156} INFO - Setting next_dagrun for example_task_group to None, run_after=None
[2024-09-18T15:26:54.621+0000] {processor.py:208} INFO - Processing /Users/omer/Desktop/MLOPS/7day/.env/lib/python3.11/site-packages/airflow/example_dags/example_task_group.py took 0.045 seconds
[2024-09-18T15:28:14.390+0000] {processor.py:186} INFO - Started process (PID=97969) to work on /Users/omer/Desktop/MLOPS/7day/.env/lib/python3.11/site-packages/airflow/example_dags/example_task_group.py
[2024-09-18T15:28:14.391+0000] {processor.py:914} INFO - Processing file /Users/omer/Desktop/MLOPS/7day/.env/lib/python3.11/site-packages/airflow/example_dags/example_task_group.py for tasks to queue
[2024-09-18T15:28:14.391+0000] {logging_mixin.py:190} INFO - [2024-09-18T15:28:14.391+0000] {dagbag.py:587} INFO - Filling up the DagBag from /Users/omer/Desktop/MLOPS/7day/.env/lib/python3.11/site-packages/airflow/example_dags/example_task_group.py
[2024-09-18T15:28:14.394+0000] {processor.py:925} INFO - DAG(s) 'example_task_group' retrieved from /Users/omer/Desktop/MLOPS/7day/.env/lib/python3.11/site-packages/airflow/example_dags/example_task_group.py
[2024-09-18T15:28:14.421+0000] {logging_mixin.py:190} INFO - [2024-09-18T15:28:14.421+0000] {dag.py:3229} INFO - Sync 1 DAGs
[2024-09-18T15:28:14.424+0000] {logging_mixin.py:190} INFO - [2024-09-18T15:28:14.424+0000] {dag.py:4156} INFO - Setting next_dagrun for example_task_group to None, run_after=None
[2024-09-18T15:28:14.429+0000] {processor.py:208} INFO - Processing /Users/omer/Desktop/MLOPS/7day/.env/lib/python3.11/site-packages/airflow/example_dags/example_task_group.py took 0.040 seconds
[2024-09-18T15:29:53.164+0000] {processor.py:186} INFO - Started process (PID=98204) to work on /Users/omer/Desktop/MLOPS/7day/.env/lib/python3.11/site-packages/airflow/example_dags/example_task_group.py
[2024-09-18T15:29:53.165+0000] {processor.py:914} INFO - Processing file /Users/omer/Desktop/MLOPS/7day/.env/lib/python3.11/site-packages/airflow/example_dags/example_task_group.py for tasks to queue
[2024-09-18T15:29:53.166+0000] {logging_mixin.py:190} INFO - [2024-09-18T15:29:53.166+0000] {dagbag.py:587} INFO - Filling up the DagBag from /Users/omer/Desktop/MLOPS/7day/.env/lib/python3.11/site-packages/airflow/example_dags/example_task_group.py
[2024-09-18T15:29:53.168+0000] {processor.py:925} INFO - DAG(s) 'example_task_group' retrieved from /Users/omer/Desktop/MLOPS/7day/.env/lib/python3.11/site-packages/airflow/example_dags/example_task_group.py
[2024-09-18T15:29:53.194+0000] {logging_mixin.py:190} INFO - [2024-09-18T15:29:53.194+0000] {dag.py:3229} INFO - Sync 1 DAGs
[2024-09-18T15:29:53.197+0000] {logging_mixin.py:190} INFO - [2024-09-18T15:29:53.197+0000] {dag.py:4156} INFO - Setting next_dagrun for example_task_group to None, run_after=None
[2024-09-18T15:29:53.202+0000] {processor.py:208} INFO - Processing /Users/omer/Desktop/MLOPS/7day/.env/lib/python3.11/site-packages/airflow/example_dags/example_task_group.py took 0.038 seconds
[2024-09-18T15:31:29.338+0000] {processor.py:186} INFO - Started process (PID=98481) to work on /Users/omer/Desktop/MLOPS/7day/.env/lib/python3.11/site-packages/airflow/example_dags/example_task_group.py
[2024-09-18T15:31:29.339+0000] {processor.py:914} INFO - Processing file /Users/omer/Desktop/MLOPS/7day/.env/lib/python3.11/site-packages/airflow/example_dags/example_task_group.py for tasks to queue
[2024-09-18T15:31:29.339+0000] {logging_mixin.py:190} INFO - [2024-09-18T15:31:29.339+0000] {dagbag.py:587} INFO - Filling up the DagBag from /Users/omer/Desktop/MLOPS/7day/.env/lib/python3.11/site-packages/airflow/example_dags/example_task_group.py
[2024-09-18T15:31:29.342+0000] {processor.py:925} INFO - DAG(s) 'example_task_group' retrieved from /Users/omer/Desktop/MLOPS/7day/.env/lib/python3.11/site-packages/airflow/example_dags/example_task_group.py
[2024-09-18T15:31:29.369+0000] {logging_mixin.py:190} INFO - [2024-09-18T15:31:29.369+0000] {dag.py:3229} INFO - Sync 1 DAGs
[2024-09-18T15:31:29.372+0000] {logging_mixin.py:190} INFO - [2024-09-18T15:31:29.372+0000] {dag.py:4156} INFO - Setting next_dagrun for example_task_group to None, run_after=None
[2024-09-18T15:31:29.377+0000] {processor.py:208} INFO - Processing /Users/omer/Desktop/MLOPS/7day/.env/lib/python3.11/site-packages/airflow/example_dags/example_task_group.py took 0.040 seconds
[2024-09-18T15:33:20.551+0000] {processor.py:186} INFO - Started process (PID=98794) to work on /Users/omer/Desktop/MLOPS/7day/.env/lib/python3.11/site-packages/airflow/example_dags/example_task_group.py
[2024-09-18T15:33:20.552+0000] {processor.py:914} INFO - Processing file /Users/omer/Desktop/MLOPS/7day/.env/lib/python3.11/site-packages/airflow/example_dags/example_task_group.py for tasks to queue
[2024-09-18T15:33:20.553+0000] {logging_mixin.py:190} INFO - [2024-09-18T15:33:20.553+0000] {dagbag.py:587} INFO - Filling up the DagBag from /Users/omer/Desktop/MLOPS/7day/.env/lib/python3.11/site-packages/airflow/example_dags/example_task_group.py
[2024-09-18T15:33:20.556+0000] {processor.py:925} INFO - DAG(s) 'example_task_group' retrieved from /Users/omer/Desktop/MLOPS/7day/.env/lib/python3.11/site-packages/airflow/example_dags/example_task_group.py
[2024-09-18T15:33:20.583+0000] {logging_mixin.py:190} INFO - [2024-09-18T15:33:20.583+0000] {dag.py:3229} INFO - Sync 1 DAGs
[2024-09-18T15:33:20.586+0000] {logging_mixin.py:190} INFO - [2024-09-18T15:33:20.586+0000] {dag.py:4156} INFO - Setting next_dagrun for example_task_group to None, run_after=None
[2024-09-18T15:33:20.592+0000] {processor.py:208} INFO - Processing /Users/omer/Desktop/MLOPS/7day/.env/lib/python3.11/site-packages/airflow/example_dags/example_task_group.py took 0.041 seconds
[2024-09-18T15:34:31.702+0000] {processor.py:186} INFO - Started process (PID=98950) to work on /Users/omer/Desktop/MLOPS/7day/.env/lib/python3.11/site-packages/airflow/example_dags/example_task_group.py
[2024-09-18T15:34:31.702+0000] {processor.py:914} INFO - Processing file /Users/omer/Desktop/MLOPS/7day/.env/lib/python3.11/site-packages/airflow/example_dags/example_task_group.py for tasks to queue
[2024-09-18T15:34:31.703+0000] {logging_mixin.py:190} INFO - [2024-09-18T15:34:31.702+0000] {dagbag.py:587} INFO - Filling up the DagBag from /Users/omer/Desktop/MLOPS/7day/.env/lib/python3.11/site-packages/airflow/example_dags/example_task_group.py
[2024-09-18T15:34:31.705+0000] {processor.py:925} INFO - DAG(s) 'example_task_group' retrieved from /Users/omer/Desktop/MLOPS/7day/.env/lib/python3.11/site-packages/airflow/example_dags/example_task_group.py
[2024-09-18T15:34:31.733+0000] {logging_mixin.py:190} INFO - [2024-09-18T15:34:31.732+0000] {dag.py:3229} INFO - Sync 1 DAGs
[2024-09-18T15:34:31.735+0000] {logging_mixin.py:190} INFO - [2024-09-18T15:34:31.735+0000] {dag.py:4156} INFO - Setting next_dagrun for example_task_group to None, run_after=None
[2024-09-18T15:34:31.741+0000] {processor.py:208} INFO - Processing /Users/omer/Desktop/MLOPS/7day/.env/lib/python3.11/site-packages/airflow/example_dags/example_task_group.py took 0.040 seconds
[2024-09-18T15:35:51.759+0000] {processor.py:186} INFO - Started process (PID=99112) to work on /Users/omer/Desktop/MLOPS/7day/.env/lib/python3.11/site-packages/airflow/example_dags/example_task_group.py
[2024-09-18T15:35:51.760+0000] {processor.py:914} INFO - Processing file /Users/omer/Desktop/MLOPS/7day/.env/lib/python3.11/site-packages/airflow/example_dags/example_task_group.py for tasks to queue
[2024-09-18T15:35:51.760+0000] {logging_mixin.py:190} INFO - [2024-09-18T15:35:51.760+0000] {dagbag.py:587} INFO - Filling up the DagBag from /Users/omer/Desktop/MLOPS/7day/.env/lib/python3.11/site-packages/airflow/example_dags/example_task_group.py
[2024-09-18T15:35:51.763+0000] {processor.py:925} INFO - DAG(s) 'example_task_group' retrieved from /Users/omer/Desktop/MLOPS/7day/.env/lib/python3.11/site-packages/airflow/example_dags/example_task_group.py
[2024-09-18T15:35:51.792+0000] {logging_mixin.py:190} INFO - [2024-09-18T15:35:51.792+0000] {dag.py:3229} INFO - Sync 1 DAGs
[2024-09-18T15:35:51.795+0000] {logging_mixin.py:190} INFO - [2024-09-18T15:35:51.795+0000] {dag.py:4156} INFO - Setting next_dagrun for example_task_group to None, run_after=None
[2024-09-18T15:35:51.801+0000] {processor.py:208} INFO - Processing /Users/omer/Desktop/MLOPS/7day/.env/lib/python3.11/site-packages/airflow/example_dags/example_task_group.py took 0.043 seconds
