[2024-09-18T14:48:35.524+0000] {processor.py:186} INFO - Started process (PID=93854) to work on /Users/omer/Desktop/MLOPS/7day/.env/lib/python3.11/site-packages/airflow/example_dags/tutorial_taskflow_api.py
[2024-09-18T14:48:35.525+0000] {processor.py:914} INFO - Processing file /Users/omer/Desktop/MLOPS/7day/.env/lib/python3.11/site-packages/airflow/example_dags/tutorial_taskflow_api.py for tasks to queue
[2024-09-18T14:48:35.525+0000] {logging_mixin.py:190} INFO - [2024-09-18T14:48:35.525+0000] {dagbag.py:587} INFO - Filling up the DagBag from /Users/omer/Desktop/MLOPS/7day/.env/lib/python3.11/site-packages/airflow/example_dags/tutorial_taskflow_api.py
[2024-09-18T14:48:35.535+0000] {processor.py:925} INFO - DAG(s) 'tutorial_taskflow_api' retrieved from /Users/omer/Desktop/MLOPS/7day/.env/lib/python3.11/site-packages/airflow/example_dags/tutorial_taskflow_api.py
[2024-09-18T14:48:35.608+0000] {logging_mixin.py:190} INFO - [2024-09-18T14:48:35.608+0000] {override.py:1900} INFO - Created Permission View: can edit on DAG:tutorial_taskflow_api
[2024-09-18T14:48:35.610+0000] {logging_mixin.py:190} INFO - [2024-09-18T14:48:35.610+0000] {override.py:1900} INFO - Created Permission View: can read on DAG:tutorial_taskflow_api
[2024-09-18T14:48:35.612+0000] {logging_mixin.py:190} INFO - [2024-09-18T14:48:35.612+0000] {override.py:1900} INFO - Created Permission View: can delete on DAG:tutorial_taskflow_api
[2024-09-18T14:48:35.613+0000] {logging_mixin.py:190} INFO - [2024-09-18T14:48:35.613+0000] {override.py:1900} INFO - Created Permission View: can create on DAG Run:tutorial_taskflow_api
[2024-09-18T14:48:35.615+0000] {logging_mixin.py:190} INFO - [2024-09-18T14:48:35.615+0000] {override.py:1900} INFO - Created Permission View: can read on DAG Run:tutorial_taskflow_api
[2024-09-18T14:48:35.616+0000] {logging_mixin.py:190} INFO - [2024-09-18T14:48:35.616+0000] {override.py:1900} INFO - Created Permission View: menu access on DAG Run:tutorial_taskflow_api
[2024-09-18T14:48:35.618+0000] {logging_mixin.py:190} INFO - [2024-09-18T14:48:35.618+0000] {override.py:1900} INFO - Created Permission View: can delete on DAG Run:tutorial_taskflow_api
[2024-09-18T14:48:35.618+0000] {logging_mixin.py:190} INFO - [2024-09-18T14:48:35.618+0000] {dag.py:3229} INFO - Sync 1 DAGs
[2024-09-18T14:48:35.621+0000] {logging_mixin.py:190} INFO - [2024-09-18T14:48:35.621+0000] {dag.py:3252} INFO - Creating ORM DAG for tutorial_taskflow_api
[2024-09-18T14:48:35.621+0000] {logging_mixin.py:190} INFO - [2024-09-18T14:48:35.621+0000] {dag.py:4156} INFO - Setting next_dagrun for tutorial_taskflow_api to None, run_after=None
[2024-09-18T14:48:35.626+0000] {processor.py:208} INFO - Processing /Users/omer/Desktop/MLOPS/7day/.env/lib/python3.11/site-packages/airflow/example_dags/tutorial_taskflow_api.py took 0.102 seconds
[2024-09-18T14:49:54.757+0000] {processor.py:186} INFO - Started process (PID=94100) to work on /Users/omer/Desktop/MLOPS/7day/.env/lib/python3.11/site-packages/airflow/example_dags/tutorial_taskflow_api.py
[2024-09-18T14:49:54.758+0000] {processor.py:914} INFO - Processing file /Users/omer/Desktop/MLOPS/7day/.env/lib/python3.11/site-packages/airflow/example_dags/tutorial_taskflow_api.py for tasks to queue
[2024-09-18T14:49:54.759+0000] {logging_mixin.py:190} INFO - [2024-09-18T14:49:54.759+0000] {dagbag.py:587} INFO - Filling up the DagBag from /Users/omer/Desktop/MLOPS/7day/.env/lib/python3.11/site-packages/airflow/example_dags/tutorial_taskflow_api.py
[2024-09-18T14:49:54.769+0000] {processor.py:925} INFO - DAG(s) 'tutorial_taskflow_api' retrieved from /Users/omer/Desktop/MLOPS/7day/.env/lib/python3.11/site-packages/airflow/example_dags/tutorial_taskflow_api.py
[2024-09-18T14:49:54.793+0000] {logging_mixin.py:190} INFO - [2024-09-18T14:49:54.793+0000] {dag.py:3229} INFO - Sync 1 DAGs
[2024-09-18T14:49:54.815+0000] {logging_mixin.py:190} INFO - [2024-09-18T14:49:54.815+0000] {dag.py:4156} INFO - Setting next_dagrun for tutorial_taskflow_api to None, run_after=None
[2024-09-18T14:49:54.821+0000] {processor.py:208} INFO - Processing /Users/omer/Desktop/MLOPS/7day/.env/lib/python3.11/site-packages/airflow/example_dags/tutorial_taskflow_api.py took 0.064 seconds
[2024-09-18T14:50:44.585+0000] {processor.py:186} INFO - Started process (PID=94229) to work on /Users/omer/Desktop/MLOPS/7day/.env/lib/python3.11/site-packages/airflow/example_dags/tutorial_taskflow_api.py
[2024-09-18T14:50:44.586+0000] {processor.py:914} INFO - Processing file /Users/omer/Desktop/MLOPS/7day/.env/lib/python3.11/site-packages/airflow/example_dags/tutorial_taskflow_api.py for tasks to queue
[2024-09-18T14:50:44.586+0000] {logging_mixin.py:190} INFO - [2024-09-18T14:50:44.586+0000] {dagbag.py:587} INFO - Filling up the DagBag from /Users/omer/Desktop/MLOPS/7day/.env/lib/python3.11/site-packages/airflow/example_dags/tutorial_taskflow_api.py
[2024-09-18T14:50:44.596+0000] {processor.py:925} INFO - DAG(s) 'tutorial_taskflow_api' retrieved from /Users/omer/Desktop/MLOPS/7day/.env/lib/python3.11/site-packages/airflow/example_dags/tutorial_taskflow_api.py
[2024-09-18T14:50:44.622+0000] {logging_mixin.py:190} INFO - [2024-09-18T14:50:44.622+0000] {dag.py:3229} INFO - Sync 1 DAGs
[2024-09-18T14:50:44.645+0000] {logging_mixin.py:190} INFO - [2024-09-18T14:50:44.645+0000] {dag.py:4156} INFO - Setting next_dagrun for tutorial_taskflow_api to None, run_after=None
[2024-09-18T14:50:44.651+0000] {processor.py:208} INFO - Processing /Users/omer/Desktop/MLOPS/7day/.env/lib/python3.11/site-packages/airflow/example_dags/tutorial_taskflow_api.py took 0.066 seconds
[2024-09-18T14:51:34.312+0000] {processor.py:186} INFO - Started process (PID=94348) to work on /Users/omer/Desktop/MLOPS/7day/.env/lib/python3.11/site-packages/airflow/example_dags/tutorial_taskflow_api.py
[2024-09-18T14:51:34.312+0000] {processor.py:914} INFO - Processing file /Users/omer/Desktop/MLOPS/7day/.env/lib/python3.11/site-packages/airflow/example_dags/tutorial_taskflow_api.py for tasks to queue
[2024-09-18T14:51:34.312+0000] {logging_mixin.py:190} INFO - [2024-09-18T14:51:34.312+0000] {dagbag.py:587} INFO - Filling up the DagBag from /Users/omer/Desktop/MLOPS/7day/.env/lib/python3.11/site-packages/airflow/example_dags/tutorial_taskflow_api.py
[2024-09-18T14:51:34.324+0000] {processor.py:925} INFO - DAG(s) 'tutorial_taskflow_api' retrieved from /Users/omer/Desktop/MLOPS/7day/.env/lib/python3.11/site-packages/airflow/example_dags/tutorial_taskflow_api.py
[2024-09-18T14:51:34.351+0000] {logging_mixin.py:190} INFO - [2024-09-18T14:51:34.351+0000] {dag.py:3229} INFO - Sync 1 DAGs
[2024-09-18T14:51:34.375+0000] {logging_mixin.py:190} INFO - [2024-09-18T14:51:34.375+0000] {dag.py:4156} INFO - Setting next_dagrun for tutorial_taskflow_api to None, run_after=None
[2024-09-18T14:51:34.381+0000] {processor.py:208} INFO - Processing /Users/omer/Desktop/MLOPS/7day/.env/lib/python3.11/site-packages/airflow/example_dags/tutorial_taskflow_api.py took 0.070 seconds
[2024-09-18T14:52:24.725+0000] {processor.py:186} INFO - Started process (PID=94466) to work on /Users/omer/Desktop/MLOPS/7day/.env/lib/python3.11/site-packages/airflow/example_dags/tutorial_taskflow_api.py
[2024-09-18T14:52:24.726+0000] {processor.py:914} INFO - Processing file /Users/omer/Desktop/MLOPS/7day/.env/lib/python3.11/site-packages/airflow/example_dags/tutorial_taskflow_api.py for tasks to queue
[2024-09-18T14:52:24.726+0000] {logging_mixin.py:190} INFO - [2024-09-18T14:52:24.726+0000] {dagbag.py:587} INFO - Filling up the DagBag from /Users/omer/Desktop/MLOPS/7day/.env/lib/python3.11/site-packages/airflow/example_dags/tutorial_taskflow_api.py
[2024-09-18T14:52:24.736+0000] {processor.py:925} INFO - DAG(s) 'tutorial_taskflow_api' retrieved from /Users/omer/Desktop/MLOPS/7day/.env/lib/python3.11/site-packages/airflow/example_dags/tutorial_taskflow_api.py
[2024-09-18T14:52:24.761+0000] {logging_mixin.py:190} INFO - [2024-09-18T14:52:24.761+0000] {dag.py:3229} INFO - Sync 1 DAGs
[2024-09-18T14:52:24.787+0000] {logging_mixin.py:190} INFO - [2024-09-18T14:52:24.786+0000] {dag.py:4156} INFO - Setting next_dagrun for tutorial_taskflow_api to None, run_after=None
[2024-09-18T14:52:24.793+0000] {processor.py:208} INFO - Processing /Users/omer/Desktop/MLOPS/7day/.env/lib/python3.11/site-packages/airflow/example_dags/tutorial_taskflow_api.py took 0.068 seconds
[2024-09-18T14:53:15.152+0000] {processor.py:186} INFO - Started process (PID=94547) to work on /Users/omer/Desktop/MLOPS/7day/.env/lib/python3.11/site-packages/airflow/example_dags/tutorial_taskflow_api.py
[2024-09-18T14:53:15.153+0000] {processor.py:914} INFO - Processing file /Users/omer/Desktop/MLOPS/7day/.env/lib/python3.11/site-packages/airflow/example_dags/tutorial_taskflow_api.py for tasks to queue
[2024-09-18T14:53:15.153+0000] {logging_mixin.py:190} INFO - [2024-09-18T14:53:15.153+0000] {dagbag.py:587} INFO - Filling up the DagBag from /Users/omer/Desktop/MLOPS/7day/.env/lib/python3.11/site-packages/airflow/example_dags/tutorial_taskflow_api.py
[2024-09-18T14:53:15.163+0000] {processor.py:925} INFO - DAG(s) 'tutorial_taskflow_api' retrieved from /Users/omer/Desktop/MLOPS/7day/.env/lib/python3.11/site-packages/airflow/example_dags/tutorial_taskflow_api.py
[2024-09-18T14:53:15.188+0000] {logging_mixin.py:190} INFO - [2024-09-18T14:53:15.188+0000] {dag.py:3229} INFO - Sync 1 DAGs
[2024-09-18T14:53:15.210+0000] {logging_mixin.py:190} INFO - [2024-09-18T14:53:15.210+0000] {dag.py:4156} INFO - Setting next_dagrun for tutorial_taskflow_api to None, run_after=None
[2024-09-18T14:53:15.216+0000] {processor.py:208} INFO - Processing /Users/omer/Desktop/MLOPS/7day/.env/lib/python3.11/site-packages/airflow/example_dags/tutorial_taskflow_api.py took 0.065 seconds
[2024-09-18T14:54:04.981+0000] {processor.py:186} INFO - Started process (PID=94631) to work on /Users/omer/Desktop/MLOPS/7day/.env/lib/python3.11/site-packages/airflow/example_dags/tutorial_taskflow_api.py
[2024-09-18T14:54:04.982+0000] {processor.py:914} INFO - Processing file /Users/omer/Desktop/MLOPS/7day/.env/lib/python3.11/site-packages/airflow/example_dags/tutorial_taskflow_api.py for tasks to queue
[2024-09-18T14:54:04.982+0000] {logging_mixin.py:190} INFO - [2024-09-18T14:54:04.982+0000] {dagbag.py:587} INFO - Filling up the DagBag from /Users/omer/Desktop/MLOPS/7day/.env/lib/python3.11/site-packages/airflow/example_dags/tutorial_taskflow_api.py
[2024-09-18T14:54:04.992+0000] {processor.py:925} INFO - DAG(s) 'tutorial_taskflow_api' retrieved from /Users/omer/Desktop/MLOPS/7day/.env/lib/python3.11/site-packages/airflow/example_dags/tutorial_taskflow_api.py
[2024-09-18T14:54:05.017+0000] {logging_mixin.py:190} INFO - [2024-09-18T14:54:05.017+0000] {dag.py:3229} INFO - Sync 1 DAGs
[2024-09-18T14:54:05.040+0000] {logging_mixin.py:190} INFO - [2024-09-18T14:54:05.040+0000] {dag.py:4156} INFO - Setting next_dagrun for tutorial_taskflow_api to None, run_after=None
[2024-09-18T14:54:05.046+0000] {processor.py:208} INFO - Processing /Users/omer/Desktop/MLOPS/7day/.env/lib/python3.11/site-packages/airflow/example_dags/tutorial_taskflow_api.py took 0.065 seconds
[2024-09-18T14:54:53.672+0000] {processor.py:186} INFO - Started process (PID=94745) to work on /Users/omer/Desktop/MLOPS/7day/.env/lib/python3.11/site-packages/airflow/example_dags/tutorial_taskflow_api.py
[2024-09-18T14:54:53.673+0000] {processor.py:914} INFO - Processing file /Users/omer/Desktop/MLOPS/7day/.env/lib/python3.11/site-packages/airflow/example_dags/tutorial_taskflow_api.py for tasks to queue
[2024-09-18T14:54:53.674+0000] {logging_mixin.py:190} INFO - [2024-09-18T14:54:53.674+0000] {dagbag.py:587} INFO - Filling up the DagBag from /Users/omer/Desktop/MLOPS/7day/.env/lib/python3.11/site-packages/airflow/example_dags/tutorial_taskflow_api.py
[2024-09-18T14:54:53.684+0000] {processor.py:925} INFO - DAG(s) 'tutorial_taskflow_api' retrieved from /Users/omer/Desktop/MLOPS/7day/.env/lib/python3.11/site-packages/airflow/example_dags/tutorial_taskflow_api.py
[2024-09-18T14:54:53.710+0000] {logging_mixin.py:190} INFO - [2024-09-18T14:54:53.710+0000] {dag.py:3229} INFO - Sync 1 DAGs
[2024-09-18T14:54:53.733+0000] {logging_mixin.py:190} INFO - [2024-09-18T14:54:53.733+0000] {dag.py:4156} INFO - Setting next_dagrun for tutorial_taskflow_api to None, run_after=None
[2024-09-18T14:54:53.739+0000] {processor.py:208} INFO - Processing /Users/omer/Desktop/MLOPS/7day/.env/lib/python3.11/site-packages/airflow/example_dags/tutorial_taskflow_api.py took 0.067 seconds
[2024-09-18T15:12:31.557+0000] {processor.py:186} INFO - Started process (PID=96573) to work on /Users/omer/Desktop/MLOPS/7day/.env/lib/python3.11/site-packages/airflow/example_dags/tutorial_taskflow_api.py
[2024-09-18T15:12:31.558+0000] {processor.py:914} INFO - Processing file /Users/omer/Desktop/MLOPS/7day/.env/lib/python3.11/site-packages/airflow/example_dags/tutorial_taskflow_api.py for tasks to queue
[2024-09-18T15:12:31.558+0000] {logging_mixin.py:190} INFO - [2024-09-18T15:12:31.558+0000] {dagbag.py:587} INFO - Filling up the DagBag from /Users/omer/Desktop/MLOPS/7day/.env/lib/python3.11/site-packages/airflow/example_dags/tutorial_taskflow_api.py
[2024-09-18T15:12:31.570+0000] {processor.py:925} INFO - DAG(s) 'tutorial_taskflow_api' retrieved from /Users/omer/Desktop/MLOPS/7day/.env/lib/python3.11/site-packages/airflow/example_dags/tutorial_taskflow_api.py
[2024-09-18T15:12:31.596+0000] {logging_mixin.py:190} INFO - [2024-09-18T15:12:31.596+0000] {dag.py:3229} INFO - Sync 1 DAGs
[2024-09-18T15:12:31.625+0000] {logging_mixin.py:190} INFO - [2024-09-18T15:12:31.625+0000] {dag.py:4156} INFO - Setting next_dagrun for tutorial_taskflow_api to None, run_after=None
[2024-09-18T15:12:31.632+0000] {processor.py:208} INFO - Processing /Users/omer/Desktop/MLOPS/7day/.env/lib/python3.11/site-packages/airflow/example_dags/tutorial_taskflow_api.py took 0.076 seconds
[2024-09-18T15:20:56.062+0000] {processor.py:186} INFO - Started process (PID=97114) to work on /Users/omer/Desktop/MLOPS/7day/.env/lib/python3.11/site-packages/airflow/example_dags/tutorial_taskflow_api.py
[2024-09-18T15:20:56.063+0000] {processor.py:914} INFO - Processing file /Users/omer/Desktop/MLOPS/7day/.env/lib/python3.11/site-packages/airflow/example_dags/tutorial_taskflow_api.py for tasks to queue
[2024-09-18T15:20:56.063+0000] {logging_mixin.py:190} INFO - [2024-09-18T15:20:56.063+0000] {dagbag.py:587} INFO - Filling up the DagBag from /Users/omer/Desktop/MLOPS/7day/.env/lib/python3.11/site-packages/airflow/example_dags/tutorial_taskflow_api.py
[2024-09-18T15:20:56.073+0000] {processor.py:925} INFO - DAG(s) 'tutorial_taskflow_api' retrieved from /Users/omer/Desktop/MLOPS/7day/.env/lib/python3.11/site-packages/airflow/example_dags/tutorial_taskflow_api.py
[2024-09-18T15:20:56.098+0000] {logging_mixin.py:190} INFO - [2024-09-18T15:20:56.098+0000] {dag.py:3229} INFO - Sync 1 DAGs
[2024-09-18T15:20:56.120+0000] {logging_mixin.py:190} INFO - [2024-09-18T15:20:56.120+0000] {dag.py:4156} INFO - Setting next_dagrun for tutorial_taskflow_api to None, run_after=None
[2024-09-18T15:20:56.126+0000] {processor.py:208} INFO - Processing /Users/omer/Desktop/MLOPS/7day/.env/lib/python3.11/site-packages/airflow/example_dags/tutorial_taskflow_api.py took 0.065 seconds
[2024-09-18T15:22:14.548+0000] {processor.py:186} INFO - Started process (PID=97252) to work on /Users/omer/Desktop/MLOPS/7day/.env/lib/python3.11/site-packages/airflow/example_dags/tutorial_taskflow_api.py
[2024-09-18T15:22:14.548+0000] {processor.py:914} INFO - Processing file /Users/omer/Desktop/MLOPS/7day/.env/lib/python3.11/site-packages/airflow/example_dags/tutorial_taskflow_api.py for tasks to queue
[2024-09-18T15:22:14.549+0000] {logging_mixin.py:190} INFO - [2024-09-18T15:22:14.549+0000] {dagbag.py:587} INFO - Filling up the DagBag from /Users/omer/Desktop/MLOPS/7day/.env/lib/python3.11/site-packages/airflow/example_dags/tutorial_taskflow_api.py
[2024-09-18T15:22:14.559+0000] {processor.py:925} INFO - DAG(s) 'tutorial_taskflow_api' retrieved from /Users/omer/Desktop/MLOPS/7day/.env/lib/python3.11/site-packages/airflow/example_dags/tutorial_taskflow_api.py
[2024-09-18T15:22:14.584+0000] {logging_mixin.py:190} INFO - [2024-09-18T15:22:14.584+0000] {dag.py:3229} INFO - Sync 1 DAGs
[2024-09-18T15:22:14.608+0000] {logging_mixin.py:190} INFO - [2024-09-18T15:22:14.607+0000] {dag.py:4156} INFO - Setting next_dagrun for tutorial_taskflow_api to None, run_after=None
[2024-09-18T15:22:14.614+0000] {processor.py:208} INFO - Processing /Users/omer/Desktop/MLOPS/7day/.env/lib/python3.11/site-packages/airflow/example_dags/tutorial_taskflow_api.py took 0.067 seconds
[2024-09-18T15:23:03.303+0000] {processor.py:186} INFO - Started process (PID=97339) to work on /Users/omer/Desktop/MLOPS/7day/.env/lib/python3.11/site-packages/airflow/example_dags/tutorial_taskflow_api.py
[2024-09-18T15:23:03.303+0000] {processor.py:914} INFO - Processing file /Users/omer/Desktop/MLOPS/7day/.env/lib/python3.11/site-packages/airflow/example_dags/tutorial_taskflow_api.py for tasks to queue
[2024-09-18T15:23:03.303+0000] {logging_mixin.py:190} INFO - [2024-09-18T15:23:03.303+0000] {dagbag.py:587} INFO - Filling up the DagBag from /Users/omer/Desktop/MLOPS/7day/.env/lib/python3.11/site-packages/airflow/example_dags/tutorial_taskflow_api.py
[2024-09-18T15:23:03.314+0000] {processor.py:925} INFO - DAG(s) 'tutorial_taskflow_api' retrieved from /Users/omer/Desktop/MLOPS/7day/.env/lib/python3.11/site-packages/airflow/example_dags/tutorial_taskflow_api.py
[2024-09-18T15:23:03.339+0000] {logging_mixin.py:190} INFO - [2024-09-18T15:23:03.339+0000] {dag.py:3229} INFO - Sync 1 DAGs
[2024-09-18T15:23:03.362+0000] {logging_mixin.py:190} INFO - [2024-09-18T15:23:03.362+0000] {dag.py:4156} INFO - Setting next_dagrun for tutorial_taskflow_api to None, run_after=None
[2024-09-18T15:23:03.368+0000] {processor.py:208} INFO - Processing /Users/omer/Desktop/MLOPS/7day/.env/lib/python3.11/site-packages/airflow/example_dags/tutorial_taskflow_api.py took 0.066 seconds
[2024-09-18T15:25:18.456+0000] {processor.py:186} INFO - Started process (PID=97586) to work on /Users/omer/Desktop/MLOPS/7day/.env/lib/python3.11/site-packages/airflow/example_dags/tutorial_taskflow_api.py
[2024-09-18T15:25:18.457+0000] {processor.py:914} INFO - Processing file /Users/omer/Desktop/MLOPS/7day/.env/lib/python3.11/site-packages/airflow/example_dags/tutorial_taskflow_api.py for tasks to queue
[2024-09-18T15:25:18.457+0000] {logging_mixin.py:190} INFO - [2024-09-18T15:25:18.457+0000] {dagbag.py:587} INFO - Filling up the DagBag from /Users/omer/Desktop/MLOPS/7day/.env/lib/python3.11/site-packages/airflow/example_dags/tutorial_taskflow_api.py
[2024-09-18T15:25:18.467+0000] {processor.py:925} INFO - DAG(s) 'tutorial_taskflow_api' retrieved from /Users/omer/Desktop/MLOPS/7day/.env/lib/python3.11/site-packages/airflow/example_dags/tutorial_taskflow_api.py
[2024-09-18T15:25:18.493+0000] {logging_mixin.py:190} INFO - [2024-09-18T15:25:18.493+0000] {dag.py:3229} INFO - Sync 1 DAGs
[2024-09-18T15:25:18.518+0000] {logging_mixin.py:190} INFO - [2024-09-18T15:25:18.518+0000] {dag.py:4156} INFO - Setting next_dagrun for tutorial_taskflow_api to None, run_after=None
[2024-09-18T15:25:18.524+0000] {processor.py:208} INFO - Processing /Users/omer/Desktop/MLOPS/7day/.env/lib/python3.11/site-packages/airflow/example_dags/tutorial_taskflow_api.py took 0.069 seconds
[2024-09-18T15:26:39.349+0000] {processor.py:186} INFO - Started process (PID=97736) to work on /Users/omer/Desktop/MLOPS/7day/.env/lib/python3.11/site-packages/airflow/example_dags/tutorial_taskflow_api.py
[2024-09-18T15:26:39.350+0000] {processor.py:914} INFO - Processing file /Users/omer/Desktop/MLOPS/7day/.env/lib/python3.11/site-packages/airflow/example_dags/tutorial_taskflow_api.py for tasks to queue
[2024-09-18T15:26:39.350+0000] {logging_mixin.py:190} INFO - [2024-09-18T15:26:39.350+0000] {dagbag.py:587} INFO - Filling up the DagBag from /Users/omer/Desktop/MLOPS/7day/.env/lib/python3.11/site-packages/airflow/example_dags/tutorial_taskflow_api.py
[2024-09-18T15:26:39.361+0000] {processor.py:925} INFO - DAG(s) 'tutorial_taskflow_api' retrieved from /Users/omer/Desktop/MLOPS/7day/.env/lib/python3.11/site-packages/airflow/example_dags/tutorial_taskflow_api.py
[2024-09-18T15:26:39.391+0000] {logging_mixin.py:190} INFO - [2024-09-18T15:26:39.390+0000] {dag.py:3229} INFO - Sync 1 DAGs
[2024-09-18T15:26:39.421+0000] {logging_mixin.py:190} INFO - [2024-09-18T15:26:39.421+0000] {dag.py:4156} INFO - Setting next_dagrun for tutorial_taskflow_api to None, run_after=None
[2024-09-18T15:26:39.428+0000] {processor.py:208} INFO - Processing /Users/omer/Desktop/MLOPS/7day/.env/lib/python3.11/site-packages/airflow/example_dags/tutorial_taskflow_api.py took 0.081 seconds
[2024-09-18T15:27:59.060+0000] {processor.py:186} INFO - Started process (PID=97876) to work on /Users/omer/Desktop/MLOPS/7day/.env/lib/python3.11/site-packages/airflow/example_dags/tutorial_taskflow_api.py
[2024-09-18T15:27:59.061+0000] {processor.py:914} INFO - Processing file /Users/omer/Desktop/MLOPS/7day/.env/lib/python3.11/site-packages/airflow/example_dags/tutorial_taskflow_api.py for tasks to queue
[2024-09-18T15:27:59.061+0000] {logging_mixin.py:190} INFO - [2024-09-18T15:27:59.061+0000] {dagbag.py:587} INFO - Filling up the DagBag from /Users/omer/Desktop/MLOPS/7day/.env/lib/python3.11/site-packages/airflow/example_dags/tutorial_taskflow_api.py
[2024-09-18T15:27:59.071+0000] {processor.py:925} INFO - DAG(s) 'tutorial_taskflow_api' retrieved from /Users/omer/Desktop/MLOPS/7day/.env/lib/python3.11/site-packages/airflow/example_dags/tutorial_taskflow_api.py
[2024-09-18T15:27:59.096+0000] {logging_mixin.py:190} INFO - [2024-09-18T15:27:59.096+0000] {dag.py:3229} INFO - Sync 1 DAGs
[2024-09-18T15:27:59.120+0000] {logging_mixin.py:190} INFO - [2024-09-18T15:27:59.119+0000] {dag.py:4156} INFO - Setting next_dagrun for tutorial_taskflow_api to None, run_after=None
[2024-09-18T15:27:59.125+0000] {processor.py:208} INFO - Processing /Users/omer/Desktop/MLOPS/7day/.env/lib/python3.11/site-packages/airflow/example_dags/tutorial_taskflow_api.py took 0.066 seconds
[2024-09-18T15:28:49.678+0000] {processor.py:186} INFO - Started process (PID=98042) to work on /Users/omer/Desktop/MLOPS/7day/.env/lib/python3.11/site-packages/airflow/example_dags/tutorial_taskflow_api.py
[2024-09-18T15:28:49.679+0000] {processor.py:914} INFO - Processing file /Users/omer/Desktop/MLOPS/7day/.env/lib/python3.11/site-packages/airflow/example_dags/tutorial_taskflow_api.py for tasks to queue
[2024-09-18T15:28:49.679+0000] {logging_mixin.py:190} INFO - [2024-09-18T15:28:49.679+0000] {dagbag.py:587} INFO - Filling up the DagBag from /Users/omer/Desktop/MLOPS/7day/.env/lib/python3.11/site-packages/airflow/example_dags/tutorial_taskflow_api.py
[2024-09-18T15:28:49.689+0000] {processor.py:925} INFO - DAG(s) 'tutorial_taskflow_api' retrieved from /Users/omer/Desktop/MLOPS/7day/.env/lib/python3.11/site-packages/airflow/example_dags/tutorial_taskflow_api.py
[2024-09-18T15:28:49.715+0000] {logging_mixin.py:190} INFO - [2024-09-18T15:28:49.715+0000] {dag.py:3229} INFO - Sync 1 DAGs
[2024-09-18T15:28:49.737+0000] {logging_mixin.py:190} INFO - [2024-09-18T15:28:49.737+0000] {dag.py:4156} INFO - Setting next_dagrun for tutorial_taskflow_api to None, run_after=None
[2024-09-18T15:28:49.743+0000] {processor.py:208} INFO - Processing /Users/omer/Desktop/MLOPS/7day/.env/lib/python3.11/site-packages/airflow/example_dags/tutorial_taskflow_api.py took 0.066 seconds
[2024-09-18T15:29:38.890+0000] {processor.py:186} INFO - Started process (PID=98160) to work on /Users/omer/Desktop/MLOPS/7day/.env/lib/python3.11/site-packages/airflow/example_dags/tutorial_taskflow_api.py
[2024-09-18T15:29:38.890+0000] {processor.py:914} INFO - Processing file /Users/omer/Desktop/MLOPS/7day/.env/lib/python3.11/site-packages/airflow/example_dags/tutorial_taskflow_api.py for tasks to queue
[2024-09-18T15:29:38.891+0000] {logging_mixin.py:190} INFO - [2024-09-18T15:29:38.890+0000] {dagbag.py:587} INFO - Filling up the DagBag from /Users/omer/Desktop/MLOPS/7day/.env/lib/python3.11/site-packages/airflow/example_dags/tutorial_taskflow_api.py
[2024-09-18T15:29:38.901+0000] {processor.py:925} INFO - DAG(s) 'tutorial_taskflow_api' retrieved from /Users/omer/Desktop/MLOPS/7day/.env/lib/python3.11/site-packages/airflow/example_dags/tutorial_taskflow_api.py
[2024-09-18T15:29:38.927+0000] {logging_mixin.py:190} INFO - [2024-09-18T15:29:38.927+0000] {dag.py:3229} INFO - Sync 1 DAGs
[2024-09-18T15:29:38.951+0000] {logging_mixin.py:190} INFO - [2024-09-18T15:29:38.950+0000] {dag.py:4156} INFO - Setting next_dagrun for tutorial_taskflow_api to None, run_after=None
[2024-09-18T15:29:38.956+0000] {processor.py:208} INFO - Processing /Users/omer/Desktop/MLOPS/7day/.env/lib/python3.11/site-packages/airflow/example_dags/tutorial_taskflow_api.py took 0.067 seconds
[2024-09-18T15:30:28.464+0000] {processor.py:186} INFO - Started process (PID=98307) to work on /Users/omer/Desktop/MLOPS/7day/.env/lib/python3.11/site-packages/airflow/example_dags/tutorial_taskflow_api.py
[2024-09-18T15:30:28.465+0000] {processor.py:914} INFO - Processing file /Users/omer/Desktop/MLOPS/7day/.env/lib/python3.11/site-packages/airflow/example_dags/tutorial_taskflow_api.py for tasks to queue
[2024-09-18T15:30:28.465+0000] {logging_mixin.py:190} INFO - [2024-09-18T15:30:28.465+0000] {dagbag.py:587} INFO - Filling up the DagBag from /Users/omer/Desktop/MLOPS/7day/.env/lib/python3.11/site-packages/airflow/example_dags/tutorial_taskflow_api.py
[2024-09-18T15:30:28.476+0000] {processor.py:925} INFO - DAG(s) 'tutorial_taskflow_api' retrieved from /Users/omer/Desktop/MLOPS/7day/.env/lib/python3.11/site-packages/airflow/example_dags/tutorial_taskflow_api.py
[2024-09-18T15:30:28.501+0000] {logging_mixin.py:190} INFO - [2024-09-18T15:30:28.501+0000] {dag.py:3229} INFO - Sync 1 DAGs
[2024-09-18T15:30:28.523+0000] {logging_mixin.py:190} INFO - [2024-09-18T15:30:28.523+0000] {dag.py:4156} INFO - Setting next_dagrun for tutorial_taskflow_api to None, run_after=None
[2024-09-18T15:30:28.529+0000] {processor.py:208} INFO - Processing /Users/omer/Desktop/MLOPS/7day/.env/lib/python3.11/site-packages/airflow/example_dags/tutorial_taskflow_api.py took 0.066 seconds
[2024-09-18T15:31:17.043+0000] {processor.py:186} INFO - Started process (PID=98432) to work on /Users/omer/Desktop/MLOPS/7day/.env/lib/python3.11/site-packages/airflow/example_dags/tutorial_taskflow_api.py
[2024-09-18T15:31:17.044+0000] {processor.py:914} INFO - Processing file /Users/omer/Desktop/MLOPS/7day/.env/lib/python3.11/site-packages/airflow/example_dags/tutorial_taskflow_api.py for tasks to queue
[2024-09-18T15:31:17.044+0000] {logging_mixin.py:190} INFO - [2024-09-18T15:31:17.044+0000] {dagbag.py:587} INFO - Filling up the DagBag from /Users/omer/Desktop/MLOPS/7day/.env/lib/python3.11/site-packages/airflow/example_dags/tutorial_taskflow_api.py
[2024-09-18T15:31:17.054+0000] {processor.py:925} INFO - DAG(s) 'tutorial_taskflow_api' retrieved from /Users/omer/Desktop/MLOPS/7day/.env/lib/python3.11/site-packages/airflow/example_dags/tutorial_taskflow_api.py
[2024-09-18T15:31:17.079+0000] {logging_mixin.py:190} INFO - [2024-09-18T15:31:17.079+0000] {dag.py:3229} INFO - Sync 1 DAGs
[2024-09-18T15:31:17.102+0000] {logging_mixin.py:190} INFO - [2024-09-18T15:31:17.102+0000] {dag.py:4156} INFO - Setting next_dagrun for tutorial_taskflow_api to None, run_after=None
[2024-09-18T15:31:17.107+0000] {processor.py:208} INFO - Processing /Users/omer/Desktop/MLOPS/7day/.env/lib/python3.11/site-packages/airflow/example_dags/tutorial_taskflow_api.py took 0.066 seconds
[2024-09-18T15:32:04.149+0000] {processor.py:186} INFO - Started process (PID=98603) to work on /Users/omer/Desktop/MLOPS/7day/.env/lib/python3.11/site-packages/airflow/example_dags/tutorial_taskflow_api.py
[2024-09-18T15:32:04.149+0000] {processor.py:914} INFO - Processing file /Users/omer/Desktop/MLOPS/7day/.env/lib/python3.11/site-packages/airflow/example_dags/tutorial_taskflow_api.py for tasks to queue
[2024-09-18T15:32:04.149+0000] {logging_mixin.py:190} INFO - [2024-09-18T15:32:04.149+0000] {dagbag.py:587} INFO - Filling up the DagBag from /Users/omer/Desktop/MLOPS/7day/.env/lib/python3.11/site-packages/airflow/example_dags/tutorial_taskflow_api.py
[2024-09-18T15:32:04.160+0000] {processor.py:925} INFO - DAG(s) 'tutorial_taskflow_api' retrieved from /Users/omer/Desktop/MLOPS/7day/.env/lib/python3.11/site-packages/airflow/example_dags/tutorial_taskflow_api.py
[2024-09-18T15:32:04.186+0000] {logging_mixin.py:190} INFO - [2024-09-18T15:32:04.185+0000] {dag.py:3229} INFO - Sync 1 DAGs
[2024-09-18T15:32:04.208+0000] {logging_mixin.py:190} INFO - [2024-09-18T15:32:04.208+0000] {dag.py:4156} INFO - Setting next_dagrun for tutorial_taskflow_api to None, run_after=None
[2024-09-18T15:32:04.214+0000] {processor.py:208} INFO - Processing /Users/omer/Desktop/MLOPS/7day/.env/lib/python3.11/site-packages/airflow/example_dags/tutorial_taskflow_api.py took 0.067 seconds
[2024-09-18T15:33:05.378+0000] {processor.py:186} INFO - Started process (PID=98741) to work on /Users/omer/Desktop/MLOPS/7day/.env/lib/python3.11/site-packages/airflow/example_dags/tutorial_taskflow_api.py
[2024-09-18T15:33:05.379+0000] {processor.py:914} INFO - Processing file /Users/omer/Desktop/MLOPS/7day/.env/lib/python3.11/site-packages/airflow/example_dags/tutorial_taskflow_api.py for tasks to queue
[2024-09-18T15:33:05.379+0000] {logging_mixin.py:190} INFO - [2024-09-18T15:33:05.379+0000] {dagbag.py:587} INFO - Filling up the DagBag from /Users/omer/Desktop/MLOPS/7day/.env/lib/python3.11/site-packages/airflow/example_dags/tutorial_taskflow_api.py
[2024-09-18T15:33:05.391+0000] {processor.py:925} INFO - DAG(s) 'tutorial_taskflow_api' retrieved from /Users/omer/Desktop/MLOPS/7day/.env/lib/python3.11/site-packages/airflow/example_dags/tutorial_taskflow_api.py
[2024-09-18T15:33:05.418+0000] {logging_mixin.py:190} INFO - [2024-09-18T15:33:05.418+0000] {dag.py:3229} INFO - Sync 1 DAGs
[2024-09-18T15:33:05.446+0000] {logging_mixin.py:190} INFO - [2024-09-18T15:33:05.446+0000] {dag.py:4156} INFO - Setting next_dagrun for tutorial_taskflow_api to None, run_after=None
[2024-09-18T15:33:05.453+0000] {processor.py:208} INFO - Processing /Users/omer/Desktop/MLOPS/7day/.env/lib/python3.11/site-packages/airflow/example_dags/tutorial_taskflow_api.py took 0.076 seconds
[2024-09-18T15:34:16.246+0000] {processor.py:186} INFO - Started process (PID=98919) to work on /Users/omer/Desktop/MLOPS/7day/.env/lib/python3.11/site-packages/airflow/example_dags/tutorial_taskflow_api.py
[2024-09-18T15:34:16.247+0000] {processor.py:914} INFO - Processing file /Users/omer/Desktop/MLOPS/7day/.env/lib/python3.11/site-packages/airflow/example_dags/tutorial_taskflow_api.py for tasks to queue
[2024-09-18T15:34:16.248+0000] {logging_mixin.py:190} INFO - [2024-09-18T15:34:16.248+0000] {dagbag.py:587} INFO - Filling up the DagBag from /Users/omer/Desktop/MLOPS/7day/.env/lib/python3.11/site-packages/airflow/example_dags/tutorial_taskflow_api.py
[2024-09-18T15:34:16.258+0000] {processor.py:925} INFO - DAG(s) 'tutorial_taskflow_api' retrieved from /Users/omer/Desktop/MLOPS/7day/.env/lib/python3.11/site-packages/airflow/example_dags/tutorial_taskflow_api.py
[2024-09-18T15:34:16.284+0000] {logging_mixin.py:190} INFO - [2024-09-18T15:34:16.284+0000] {dag.py:3229} INFO - Sync 1 DAGs
[2024-09-18T15:34:16.308+0000] {logging_mixin.py:190} INFO - [2024-09-18T15:34:16.308+0000] {dag.py:4156} INFO - Setting next_dagrun for tutorial_taskflow_api to None, run_after=None
[2024-09-18T15:34:16.314+0000] {processor.py:208} INFO - Processing /Users/omer/Desktop/MLOPS/7day/.env/lib/python3.11/site-packages/airflow/example_dags/tutorial_taskflow_api.py took 0.068 seconds
[2024-09-18T15:35:36.572+0000] {processor.py:186} INFO - Started process (PID=99084) to work on /Users/omer/Desktop/MLOPS/7day/.env/lib/python3.11/site-packages/airflow/example_dags/tutorial_taskflow_api.py
[2024-09-18T15:35:36.573+0000] {processor.py:914} INFO - Processing file /Users/omer/Desktop/MLOPS/7day/.env/lib/python3.11/site-packages/airflow/example_dags/tutorial_taskflow_api.py for tasks to queue
[2024-09-18T15:35:36.573+0000] {logging_mixin.py:190} INFO - [2024-09-18T15:35:36.573+0000] {dagbag.py:587} INFO - Filling up the DagBag from /Users/omer/Desktop/MLOPS/7day/.env/lib/python3.11/site-packages/airflow/example_dags/tutorial_taskflow_api.py
[2024-09-18T15:35:36.583+0000] {processor.py:925} INFO - DAG(s) 'tutorial_taskflow_api' retrieved from /Users/omer/Desktop/MLOPS/7day/.env/lib/python3.11/site-packages/airflow/example_dags/tutorial_taskflow_api.py
[2024-09-18T15:35:36.609+0000] {logging_mixin.py:190} INFO - [2024-09-18T15:35:36.608+0000] {dag.py:3229} INFO - Sync 1 DAGs
[2024-09-18T15:35:36.632+0000] {logging_mixin.py:190} INFO - [2024-09-18T15:35:36.632+0000] {dag.py:4156} INFO - Setting next_dagrun for tutorial_taskflow_api to None, run_after=None
[2024-09-18T15:35:36.638+0000] {processor.py:208} INFO - Processing /Users/omer/Desktop/MLOPS/7day/.env/lib/python3.11/site-packages/airflow/example_dags/tutorial_taskflow_api.py took 0.067 seconds
