[2024-09-18T14:48:33.852+0000] {processor.py:186} INFO - Started process (PID=93853) to work on /Users/omer/Desktop/MLOPS/7day/.env/lib/python3.11/site-packages/airflow/example_dags/tutorial_taskflow_api_virtualenv.py
[2024-09-18T14:48:33.852+0000] {processor.py:914} INFO - Processing file /Users/omer/Desktop/MLOPS/7day/.env/lib/python3.11/site-packages/airflow/example_dags/tutorial_taskflow_api_virtualenv.py for tasks to queue
[2024-09-18T14:48:33.852+0000] {logging_mixin.py:190} INFO - [2024-09-18T14:48:33.852+0000] {dagbag.py:587} INFO - Filling up the DagBag from /Users/omer/Desktop/MLOPS/7day/.env/lib/python3.11/site-packages/airflow/example_dags/tutorial_taskflow_api_virtualenv.py
[2024-09-18T14:48:33.865+0000] {processor.py:925} INFO - DAG(s) 'tutorial_taskflow_api_virtualenv' retrieved from /Users/omer/Desktop/MLOPS/7day/.env/lib/python3.11/site-packages/airflow/example_dags/tutorial_taskflow_api_virtualenv.py
[2024-09-18T14:48:33.954+0000] {logging_mixin.py:190} INFO - [2024-09-18T14:48:33.953+0000] {override.py:1900} INFO - Created Permission View: can read on DAG:tutorial_taskflow_api_virtualenv
[2024-09-18T14:48:33.956+0000] {logging_mixin.py:190} INFO - [2024-09-18T14:48:33.956+0000] {override.py:1900} INFO - Created Permission View: can edit on DAG:tutorial_taskflow_api_virtualenv
[2024-09-18T14:48:33.958+0000] {logging_mixin.py:190} INFO - [2024-09-18T14:48:33.958+0000] {override.py:1900} INFO - Created Permission View: can delete on DAG:tutorial_taskflow_api_virtualenv
[2024-09-18T14:48:33.960+0000] {logging_mixin.py:190} INFO - [2024-09-18T14:48:33.960+0000] {override.py:1900} INFO - Created Permission View: can read on DAG Run:tutorial_taskflow_api_virtualenv
[2024-09-18T14:48:33.963+0000] {logging_mixin.py:190} INFO - [2024-09-18T14:48:33.963+0000] {override.py:1900} INFO - Created Permission View: can delete on DAG Run:tutorial_taskflow_api_virtualenv
[2024-09-18T14:48:33.965+0000] {logging_mixin.py:190} INFO - [2024-09-18T14:48:33.965+0000] {override.py:1900} INFO - Created Permission View: can create on DAG Run:tutorial_taskflow_api_virtualenv
[2024-09-18T14:48:33.966+0000] {logging_mixin.py:190} INFO - [2024-09-18T14:48:33.966+0000] {override.py:1900} INFO - Created Permission View: menu access on DAG Run:tutorial_taskflow_api_virtualenv
[2024-09-18T14:48:33.967+0000] {logging_mixin.py:190} INFO - [2024-09-18T14:48:33.966+0000] {dag.py:3229} INFO - Sync 1 DAGs
[2024-09-18T14:48:33.970+0000] {logging_mixin.py:190} INFO - [2024-09-18T14:48:33.970+0000] {dag.py:3252} INFO - Creating ORM DAG for tutorial_taskflow_api_virtualenv
[2024-09-18T14:48:33.970+0000] {logging_mixin.py:190} INFO - [2024-09-18T14:48:33.970+0000] {dag.py:4156} INFO - Setting next_dagrun for tutorial_taskflow_api_virtualenv to None, run_after=None
[2024-09-18T14:48:33.975+0000] {processor.py:208} INFO - Processing /Users/omer/Desktop/MLOPS/7day/.env/lib/python3.11/site-packages/airflow/example_dags/tutorial_taskflow_api_virtualenv.py took 0.124 seconds
[2024-09-18T14:49:53.888+0000] {processor.py:186} INFO - Started process (PID=94093) to work on /Users/omer/Desktop/MLOPS/7day/.env/lib/python3.11/site-packages/airflow/example_dags/tutorial_taskflow_api_virtualenv.py
[2024-09-18T14:49:53.889+0000] {processor.py:914} INFO - Processing file /Users/omer/Desktop/MLOPS/7day/.env/lib/python3.11/site-packages/airflow/example_dags/tutorial_taskflow_api_virtualenv.py for tasks to queue
[2024-09-18T14:49:53.889+0000] {logging_mixin.py:190} INFO - [2024-09-18T14:49:53.889+0000] {dagbag.py:587} INFO - Filling up the DagBag from /Users/omer/Desktop/MLOPS/7day/.env/lib/python3.11/site-packages/airflow/example_dags/tutorial_taskflow_api_virtualenv.py
[2024-09-18T14:49:53.900+0000] {processor.py:925} INFO - DAG(s) 'tutorial_taskflow_api_virtualenv' retrieved from /Users/omer/Desktop/MLOPS/7day/.env/lib/python3.11/site-packages/airflow/example_dags/tutorial_taskflow_api_virtualenv.py
[2024-09-18T14:49:53.975+0000] {logging_mixin.py:190} INFO - [2024-09-18T14:49:53.975+0000] {dag.py:3229} INFO - Sync 1 DAGs
[2024-09-18T14:49:53.978+0000] {logging_mixin.py:190} INFO - [2024-09-18T14:49:53.978+0000] {dag.py:4156} INFO - Setting next_dagrun for tutorial_taskflow_api_virtualenv to None, run_after=None
[2024-09-18T14:49:53.983+0000] {processor.py:208} INFO - Processing /Users/omer/Desktop/MLOPS/7day/.env/lib/python3.11/site-packages/airflow/example_dags/tutorial_taskflow_api_virtualenv.py took 0.096 seconds
[2024-09-18T14:50:43.705+0000] {processor.py:186} INFO - Started process (PID=94225) to work on /Users/omer/Desktop/MLOPS/7day/.env/lib/python3.11/site-packages/airflow/example_dags/tutorial_taskflow_api_virtualenv.py
[2024-09-18T14:50:43.706+0000] {processor.py:914} INFO - Processing file /Users/omer/Desktop/MLOPS/7day/.env/lib/python3.11/site-packages/airflow/example_dags/tutorial_taskflow_api_virtualenv.py for tasks to queue
[2024-09-18T14:50:43.706+0000] {logging_mixin.py:190} INFO - [2024-09-18T14:50:43.706+0000] {dagbag.py:587} INFO - Filling up the DagBag from /Users/omer/Desktop/MLOPS/7day/.env/lib/python3.11/site-packages/airflow/example_dags/tutorial_taskflow_api_virtualenv.py
[2024-09-18T14:50:43.718+0000] {processor.py:925} INFO - DAG(s) 'tutorial_taskflow_api_virtualenv' retrieved from /Users/omer/Desktop/MLOPS/7day/.env/lib/python3.11/site-packages/airflow/example_dags/tutorial_taskflow_api_virtualenv.py
[2024-09-18T14:50:43.807+0000] {logging_mixin.py:190} INFO - [2024-09-18T14:50:43.807+0000] {dag.py:3229} INFO - Sync 1 DAGs
[2024-09-18T14:50:43.810+0000] {logging_mixin.py:190} INFO - [2024-09-18T14:50:43.810+0000] {dag.py:4156} INFO - Setting next_dagrun for tutorial_taskflow_api_virtualenv to None, run_after=None
[2024-09-18T14:50:43.815+0000] {processor.py:208} INFO - Processing /Users/omer/Desktop/MLOPS/7day/.env/lib/python3.11/site-packages/airflow/example_dags/tutorial_taskflow_api_virtualenv.py took 0.111 seconds
[2024-09-18T14:51:32.622+0000] {processor.py:186} INFO - Started process (PID=94344) to work on /Users/omer/Desktop/MLOPS/7day/.env/lib/python3.11/site-packages/airflow/example_dags/tutorial_taskflow_api_virtualenv.py
[2024-09-18T14:51:32.623+0000] {processor.py:914} INFO - Processing file /Users/omer/Desktop/MLOPS/7day/.env/lib/python3.11/site-packages/airflow/example_dags/tutorial_taskflow_api_virtualenv.py for tasks to queue
[2024-09-18T14:51:32.623+0000] {logging_mixin.py:190} INFO - [2024-09-18T14:51:32.623+0000] {dagbag.py:587} INFO - Filling up the DagBag from /Users/omer/Desktop/MLOPS/7day/.env/lib/python3.11/site-packages/airflow/example_dags/tutorial_taskflow_api_virtualenv.py
[2024-09-18T14:51:32.634+0000] {processor.py:925} INFO - DAG(s) 'tutorial_taskflow_api_virtualenv' retrieved from /Users/omer/Desktop/MLOPS/7day/.env/lib/python3.11/site-packages/airflow/example_dags/tutorial_taskflow_api_virtualenv.py
[2024-09-18T14:51:32.705+0000] {logging_mixin.py:190} INFO - [2024-09-18T14:51:32.704+0000] {dag.py:3229} INFO - Sync 1 DAGs
[2024-09-18T14:51:32.707+0000] {logging_mixin.py:190} INFO - [2024-09-18T14:51:32.707+0000] {dag.py:4156} INFO - Setting next_dagrun for tutorial_taskflow_api_virtualenv to None, run_after=None
[2024-09-18T14:51:32.713+0000] {processor.py:208} INFO - Processing /Users/omer/Desktop/MLOPS/7day/.env/lib/python3.11/site-packages/airflow/example_dags/tutorial_taskflow_api_virtualenv.py took 0.091 seconds
[2024-09-18T14:52:23.001+0000] {processor.py:186} INFO - Started process (PID=94462) to work on /Users/omer/Desktop/MLOPS/7day/.env/lib/python3.11/site-packages/airflow/example_dags/tutorial_taskflow_api_virtualenv.py
[2024-09-18T14:52:23.002+0000] {processor.py:914} INFO - Processing file /Users/omer/Desktop/MLOPS/7day/.env/lib/python3.11/site-packages/airflow/example_dags/tutorial_taskflow_api_virtualenv.py for tasks to queue
[2024-09-18T14:52:23.002+0000] {logging_mixin.py:190} INFO - [2024-09-18T14:52:23.002+0000] {dagbag.py:587} INFO - Filling up the DagBag from /Users/omer/Desktop/MLOPS/7day/.env/lib/python3.11/site-packages/airflow/example_dags/tutorial_taskflow_api_virtualenv.py
[2024-09-18T14:52:23.014+0000] {processor.py:925} INFO - DAG(s) 'tutorial_taskflow_api_virtualenv' retrieved from /Users/omer/Desktop/MLOPS/7day/.env/lib/python3.11/site-packages/airflow/example_dags/tutorial_taskflow_api_virtualenv.py
[2024-09-18T14:52:23.096+0000] {logging_mixin.py:190} INFO - [2024-09-18T14:52:23.096+0000] {dag.py:3229} INFO - Sync 1 DAGs
[2024-09-18T14:52:23.099+0000] {logging_mixin.py:190} INFO - [2024-09-18T14:52:23.099+0000] {dag.py:4156} INFO - Setting next_dagrun for tutorial_taskflow_api_virtualenv to None, run_after=None
[2024-09-18T14:52:23.104+0000] {processor.py:208} INFO - Processing /Users/omer/Desktop/MLOPS/7day/.env/lib/python3.11/site-packages/airflow/example_dags/tutorial_taskflow_api_virtualenv.py took 0.104 seconds
[2024-09-18T14:53:14.286+0000] {processor.py:186} INFO - Started process (PID=94546) to work on /Users/omer/Desktop/MLOPS/7day/.env/lib/python3.11/site-packages/airflow/example_dags/tutorial_taskflow_api_virtualenv.py
[2024-09-18T14:53:14.287+0000] {processor.py:914} INFO - Processing file /Users/omer/Desktop/MLOPS/7day/.env/lib/python3.11/site-packages/airflow/example_dags/tutorial_taskflow_api_virtualenv.py for tasks to queue
[2024-09-18T14:53:14.287+0000] {logging_mixin.py:190} INFO - [2024-09-18T14:53:14.287+0000] {dagbag.py:587} INFO - Filling up the DagBag from /Users/omer/Desktop/MLOPS/7day/.env/lib/python3.11/site-packages/airflow/example_dags/tutorial_taskflow_api_virtualenv.py
[2024-09-18T14:53:14.298+0000] {processor.py:925} INFO - DAG(s) 'tutorial_taskflow_api_virtualenv' retrieved from /Users/omer/Desktop/MLOPS/7day/.env/lib/python3.11/site-packages/airflow/example_dags/tutorial_taskflow_api_virtualenv.py
[2024-09-18T14:53:14.366+0000] {logging_mixin.py:190} INFO - [2024-09-18T14:53:14.366+0000] {dag.py:3229} INFO - Sync 1 DAGs
[2024-09-18T14:53:14.368+0000] {logging_mixin.py:190} INFO - [2024-09-18T14:53:14.368+0000] {dag.py:4156} INFO - Setting next_dagrun for tutorial_taskflow_api_virtualenv to None, run_after=None
[2024-09-18T14:53:14.374+0000] {processor.py:208} INFO - Processing /Users/omer/Desktop/MLOPS/7day/.env/lib/python3.11/site-packages/airflow/example_dags/tutorial_taskflow_api_virtualenv.py took 0.089 seconds
[2024-09-18T14:54:04.121+0000] {processor.py:186} INFO - Started process (PID=94630) to work on /Users/omer/Desktop/MLOPS/7day/.env/lib/python3.11/site-packages/airflow/example_dags/tutorial_taskflow_api_virtualenv.py
[2024-09-18T14:54:04.122+0000] {processor.py:914} INFO - Processing file /Users/omer/Desktop/MLOPS/7day/.env/lib/python3.11/site-packages/airflow/example_dags/tutorial_taskflow_api_virtualenv.py for tasks to queue
[2024-09-18T14:54:04.123+0000] {logging_mixin.py:190} INFO - [2024-09-18T14:54:04.122+0000] {dagbag.py:587} INFO - Filling up the DagBag from /Users/omer/Desktop/MLOPS/7day/.env/lib/python3.11/site-packages/airflow/example_dags/tutorial_taskflow_api_virtualenv.py
[2024-09-18T14:54:04.134+0000] {processor.py:925} INFO - DAG(s) 'tutorial_taskflow_api_virtualenv' retrieved from /Users/omer/Desktop/MLOPS/7day/.env/lib/python3.11/site-packages/airflow/example_dags/tutorial_taskflow_api_virtualenv.py
[2024-09-18T14:54:04.214+0000] {logging_mixin.py:190} INFO - [2024-09-18T14:54:04.214+0000] {dag.py:3229} INFO - Sync 1 DAGs
[2024-09-18T14:54:04.217+0000] {logging_mixin.py:190} INFO - [2024-09-18T14:54:04.217+0000] {dag.py:4156} INFO - Setting next_dagrun for tutorial_taskflow_api_virtualenv to None, run_after=None
[2024-09-18T14:54:04.222+0000] {processor.py:208} INFO - Processing /Users/omer/Desktop/MLOPS/7day/.env/lib/python3.11/site-packages/airflow/example_dags/tutorial_taskflow_api_virtualenv.py took 0.102 seconds
[2024-09-18T14:54:51.975+0000] {processor.py:186} INFO - Started process (PID=94736) to work on /Users/omer/Desktop/MLOPS/7day/.env/lib/python3.11/site-packages/airflow/example_dags/tutorial_taskflow_api_virtualenv.py
[2024-09-18T14:54:51.976+0000] {processor.py:914} INFO - Processing file /Users/omer/Desktop/MLOPS/7day/.env/lib/python3.11/site-packages/airflow/example_dags/tutorial_taskflow_api_virtualenv.py for tasks to queue
[2024-09-18T14:54:51.977+0000] {logging_mixin.py:190} INFO - [2024-09-18T14:54:51.977+0000] {dagbag.py:587} INFO - Filling up the DagBag from /Users/omer/Desktop/MLOPS/7day/.env/lib/python3.11/site-packages/airflow/example_dags/tutorial_taskflow_api_virtualenv.py
[2024-09-18T14:54:51.990+0000] {processor.py:925} INFO - DAG(s) 'tutorial_taskflow_api_virtualenv' retrieved from /Users/omer/Desktop/MLOPS/7day/.env/lib/python3.11/site-packages/airflow/example_dags/tutorial_taskflow_api_virtualenv.py
[2024-09-18T14:54:52.075+0000] {logging_mixin.py:190} INFO - [2024-09-18T14:54:52.075+0000] {dag.py:3229} INFO - Sync 1 DAGs
[2024-09-18T14:54:52.079+0000] {logging_mixin.py:190} INFO - [2024-09-18T14:54:52.078+0000] {dag.py:4156} INFO - Setting next_dagrun for tutorial_taskflow_api_virtualenv to None, run_after=None
[2024-09-18T14:54:52.084+0000] {processor.py:208} INFO - Processing /Users/omer/Desktop/MLOPS/7day/.env/lib/python3.11/site-packages/airflow/example_dags/tutorial_taskflow_api_virtualenv.py took 0.110 seconds
[2024-09-18T15:12:29.902+0000] {processor.py:186} INFO - Started process (PID=96572) to work on /Users/omer/Desktop/MLOPS/7day/.env/lib/python3.11/site-packages/airflow/example_dags/tutorial_taskflow_api_virtualenv.py
[2024-09-18T15:12:29.903+0000] {processor.py:914} INFO - Processing file /Users/omer/Desktop/MLOPS/7day/.env/lib/python3.11/site-packages/airflow/example_dags/tutorial_taskflow_api_virtualenv.py for tasks to queue
[2024-09-18T15:12:29.903+0000] {logging_mixin.py:190} INFO - [2024-09-18T15:12:29.903+0000] {dagbag.py:587} INFO - Filling up the DagBag from /Users/omer/Desktop/MLOPS/7day/.env/lib/python3.11/site-packages/airflow/example_dags/tutorial_taskflow_api_virtualenv.py
[2024-09-18T15:12:29.915+0000] {processor.py:925} INFO - DAG(s) 'tutorial_taskflow_api_virtualenv' retrieved from /Users/omer/Desktop/MLOPS/7day/.env/lib/python3.11/site-packages/airflow/example_dags/tutorial_taskflow_api_virtualenv.py
[2024-09-18T15:12:29.998+0000] {logging_mixin.py:190} INFO - [2024-09-18T15:12:29.998+0000] {dag.py:3229} INFO - Sync 1 DAGs
[2024-09-18T15:12:30.001+0000] {logging_mixin.py:190} INFO - [2024-09-18T15:12:30.001+0000] {dag.py:4156} INFO - Setting next_dagrun for tutorial_taskflow_api_virtualenv to None, run_after=None
[2024-09-18T15:12:30.006+0000] {processor.py:208} INFO - Processing /Users/omer/Desktop/MLOPS/7day/.env/lib/python3.11/site-packages/airflow/example_dags/tutorial_taskflow_api_virtualenv.py took 0.105 seconds
[2024-09-18T15:20:54.403+0000] {processor.py:186} INFO - Started process (PID=97108) to work on /Users/omer/Desktop/MLOPS/7day/.env/lib/python3.11/site-packages/airflow/example_dags/tutorial_taskflow_api_virtualenv.py
[2024-09-18T15:20:54.404+0000] {processor.py:914} INFO - Processing file /Users/omer/Desktop/MLOPS/7day/.env/lib/python3.11/site-packages/airflow/example_dags/tutorial_taskflow_api_virtualenv.py for tasks to queue
[2024-09-18T15:20:54.404+0000] {logging_mixin.py:190} INFO - [2024-09-18T15:20:54.404+0000] {dagbag.py:587} INFO - Filling up the DagBag from /Users/omer/Desktop/MLOPS/7day/.env/lib/python3.11/site-packages/airflow/example_dags/tutorial_taskflow_api_virtualenv.py
[2024-09-18T15:20:54.420+0000] {processor.py:925} INFO - DAG(s) 'tutorial_taskflow_api_virtualenv' retrieved from /Users/omer/Desktop/MLOPS/7day/.env/lib/python3.11/site-packages/airflow/example_dags/tutorial_taskflow_api_virtualenv.py
[2024-09-18T15:20:54.507+0000] {logging_mixin.py:190} INFO - [2024-09-18T15:20:54.507+0000] {dag.py:3229} INFO - Sync 1 DAGs
[2024-09-18T15:20:54.510+0000] {logging_mixin.py:190} INFO - [2024-09-18T15:20:54.510+0000] {dag.py:4156} INFO - Setting next_dagrun for tutorial_taskflow_api_virtualenv to None, run_after=None
[2024-09-18T15:20:54.515+0000] {processor.py:208} INFO - Processing /Users/omer/Desktop/MLOPS/7day/.env/lib/python3.11/site-packages/airflow/example_dags/tutorial_taskflow_api_virtualenv.py took 0.113 seconds
[2024-09-18T15:22:12.862+0000] {processor.py:186} INFO - Started process (PID=97250) to work on /Users/omer/Desktop/MLOPS/7day/.env/lib/python3.11/site-packages/airflow/example_dags/tutorial_taskflow_api_virtualenv.py
[2024-09-18T15:22:12.862+0000] {processor.py:914} INFO - Processing file /Users/omer/Desktop/MLOPS/7day/.env/lib/python3.11/site-packages/airflow/example_dags/tutorial_taskflow_api_virtualenv.py for tasks to queue
[2024-09-18T15:22:12.862+0000] {logging_mixin.py:190} INFO - [2024-09-18T15:22:12.862+0000] {dagbag.py:587} INFO - Filling up the DagBag from /Users/omer/Desktop/MLOPS/7day/.env/lib/python3.11/site-packages/airflow/example_dags/tutorial_taskflow_api_virtualenv.py
[2024-09-18T15:22:12.873+0000] {processor.py:925} INFO - DAG(s) 'tutorial_taskflow_api_virtualenv' retrieved from /Users/omer/Desktop/MLOPS/7day/.env/lib/python3.11/site-packages/airflow/example_dags/tutorial_taskflow_api_virtualenv.py
[2024-09-18T15:22:12.943+0000] {logging_mixin.py:190} INFO - [2024-09-18T15:22:12.943+0000] {dag.py:3229} INFO - Sync 1 DAGs
[2024-09-18T15:22:12.946+0000] {logging_mixin.py:190} INFO - [2024-09-18T15:22:12.946+0000] {dag.py:4156} INFO - Setting next_dagrun for tutorial_taskflow_api_virtualenv to None, run_after=None
[2024-09-18T15:22:12.951+0000] {processor.py:208} INFO - Processing /Users/omer/Desktop/MLOPS/7day/.env/lib/python3.11/site-packages/airflow/example_dags/tutorial_taskflow_api_virtualenv.py took 0.091 seconds
[2024-09-18T15:23:01.443+0000] {processor.py:186} INFO - Started process (PID=97329) to work on /Users/omer/Desktop/MLOPS/7day/.env/lib/python3.11/site-packages/airflow/example_dags/tutorial_taskflow_api_virtualenv.py
[2024-09-18T15:23:01.443+0000] {processor.py:914} INFO - Processing file /Users/omer/Desktop/MLOPS/7day/.env/lib/python3.11/site-packages/airflow/example_dags/tutorial_taskflow_api_virtualenv.py for tasks to queue
[2024-09-18T15:23:01.444+0000] {logging_mixin.py:190} INFO - [2024-09-18T15:23:01.444+0000] {dagbag.py:587} INFO - Filling up the DagBag from /Users/omer/Desktop/MLOPS/7day/.env/lib/python3.11/site-packages/airflow/example_dags/tutorial_taskflow_api_virtualenv.py
[2024-09-18T15:23:01.456+0000] {processor.py:925} INFO - DAG(s) 'tutorial_taskflow_api_virtualenv' retrieved from /Users/omer/Desktop/MLOPS/7day/.env/lib/python3.11/site-packages/airflow/example_dags/tutorial_taskflow_api_virtualenv.py
[2024-09-18T15:23:01.552+0000] {logging_mixin.py:190} INFO - [2024-09-18T15:23:01.552+0000] {dag.py:3229} INFO - Sync 1 DAGs
[2024-09-18T15:23:01.555+0000] {logging_mixin.py:190} INFO - [2024-09-18T15:23:01.555+0000] {dag.py:4156} INFO - Setting next_dagrun for tutorial_taskflow_api_virtualenv to None, run_after=None
[2024-09-18T15:23:01.560+0000] {processor.py:208} INFO - Processing /Users/omer/Desktop/MLOPS/7day/.env/lib/python3.11/site-packages/airflow/example_dags/tutorial_taskflow_api_virtualenv.py took 0.119 seconds
[2024-09-18T15:25:16.808+0000] {processor.py:186} INFO - Started process (PID=97585) to work on /Users/omer/Desktop/MLOPS/7day/.env/lib/python3.11/site-packages/airflow/example_dags/tutorial_taskflow_api_virtualenv.py
[2024-09-18T15:25:16.809+0000] {processor.py:914} INFO - Processing file /Users/omer/Desktop/MLOPS/7day/.env/lib/python3.11/site-packages/airflow/example_dags/tutorial_taskflow_api_virtualenv.py for tasks to queue
[2024-09-18T15:25:16.810+0000] {logging_mixin.py:190} INFO - [2024-09-18T15:25:16.809+0000] {dagbag.py:587} INFO - Filling up the DagBag from /Users/omer/Desktop/MLOPS/7day/.env/lib/python3.11/site-packages/airflow/example_dags/tutorial_taskflow_api_virtualenv.py
[2024-09-18T15:25:16.822+0000] {processor.py:925} INFO - DAG(s) 'tutorial_taskflow_api_virtualenv' retrieved from /Users/omer/Desktop/MLOPS/7day/.env/lib/python3.11/site-packages/airflow/example_dags/tutorial_taskflow_api_virtualenv.py
[2024-09-18T15:25:16.907+0000] {logging_mixin.py:190} INFO - [2024-09-18T15:25:16.907+0000] {dag.py:3229} INFO - Sync 1 DAGs
[2024-09-18T15:25:16.910+0000] {logging_mixin.py:190} INFO - [2024-09-18T15:25:16.909+0000] {dag.py:4156} INFO - Setting next_dagrun for tutorial_taskflow_api_virtualenv to None, run_after=None
[2024-09-18T15:25:16.915+0000] {processor.py:208} INFO - Processing /Users/omer/Desktop/MLOPS/7day/.env/lib/python3.11/site-packages/airflow/example_dags/tutorial_taskflow_api_virtualenv.py took 0.108 seconds
[2024-09-18T15:26:37.669+0000] {processor.py:186} INFO - Started process (PID=97733) to work on /Users/omer/Desktop/MLOPS/7day/.env/lib/python3.11/site-packages/airflow/example_dags/tutorial_taskflow_api_virtualenv.py
[2024-09-18T15:26:37.669+0000] {processor.py:914} INFO - Processing file /Users/omer/Desktop/MLOPS/7day/.env/lib/python3.11/site-packages/airflow/example_dags/tutorial_taskflow_api_virtualenv.py for tasks to queue
[2024-09-18T15:26:37.670+0000] {logging_mixin.py:190} INFO - [2024-09-18T15:26:37.670+0000] {dagbag.py:587} INFO - Filling up the DagBag from /Users/omer/Desktop/MLOPS/7day/.env/lib/python3.11/site-packages/airflow/example_dags/tutorial_taskflow_api_virtualenv.py
[2024-09-18T15:26:37.682+0000] {processor.py:925} INFO - DAG(s) 'tutorial_taskflow_api_virtualenv' retrieved from /Users/omer/Desktop/MLOPS/7day/.env/lib/python3.11/site-packages/airflow/example_dags/tutorial_taskflow_api_virtualenv.py
[2024-09-18T15:26:37.766+0000] {logging_mixin.py:190} INFO - [2024-09-18T15:26:37.766+0000] {dag.py:3229} INFO - Sync 1 DAGs
[2024-09-18T15:26:37.769+0000] {logging_mixin.py:190} INFO - [2024-09-18T15:26:37.769+0000] {dag.py:4156} INFO - Setting next_dagrun for tutorial_taskflow_api_virtualenv to None, run_after=None
[2024-09-18T15:26:37.774+0000] {processor.py:208} INFO - Processing /Users/omer/Desktop/MLOPS/7day/.env/lib/python3.11/site-packages/airflow/example_dags/tutorial_taskflow_api_virtualenv.py took 0.106 seconds
[2024-09-18T15:27:57.403+0000] {processor.py:186} INFO - Started process (PID=97875) to work on /Users/omer/Desktop/MLOPS/7day/.env/lib/python3.11/site-packages/airflow/example_dags/tutorial_taskflow_api_virtualenv.py
[2024-09-18T15:27:57.405+0000] {processor.py:914} INFO - Processing file /Users/omer/Desktop/MLOPS/7day/.env/lib/python3.11/site-packages/airflow/example_dags/tutorial_taskflow_api_virtualenv.py for tasks to queue
[2024-09-18T15:27:57.405+0000] {logging_mixin.py:190} INFO - [2024-09-18T15:27:57.405+0000] {dagbag.py:587} INFO - Filling up the DagBag from /Users/omer/Desktop/MLOPS/7day/.env/lib/python3.11/site-packages/airflow/example_dags/tutorial_taskflow_api_virtualenv.py
[2024-09-18T15:27:57.416+0000] {processor.py:925} INFO - DAG(s) 'tutorial_taskflow_api_virtualenv' retrieved from /Users/omer/Desktop/MLOPS/7day/.env/lib/python3.11/site-packages/airflow/example_dags/tutorial_taskflow_api_virtualenv.py
[2024-09-18T15:27:57.485+0000] {logging_mixin.py:190} INFO - [2024-09-18T15:27:57.485+0000] {dag.py:3229} INFO - Sync 1 DAGs
[2024-09-18T15:27:57.488+0000] {logging_mixin.py:190} INFO - [2024-09-18T15:27:57.488+0000] {dag.py:4156} INFO - Setting next_dagrun for tutorial_taskflow_api_virtualenv to None, run_after=None
[2024-09-18T15:27:57.493+0000] {processor.py:208} INFO - Processing /Users/omer/Desktop/MLOPS/7day/.env/lib/python3.11/site-packages/airflow/example_dags/tutorial_taskflow_api_virtualenv.py took 0.090 seconds
[2024-09-18T15:28:48.018+0000] {processor.py:186} INFO - Started process (PID=98041) to work on /Users/omer/Desktop/MLOPS/7day/.env/lib/python3.11/site-packages/airflow/example_dags/tutorial_taskflow_api_virtualenv.py
[2024-09-18T15:28:48.019+0000] {processor.py:914} INFO - Processing file /Users/omer/Desktop/MLOPS/7day/.env/lib/python3.11/site-packages/airflow/example_dags/tutorial_taskflow_api_virtualenv.py for tasks to queue
[2024-09-18T15:28:48.019+0000] {logging_mixin.py:190} INFO - [2024-09-18T15:28:48.019+0000] {dagbag.py:587} INFO - Filling up the DagBag from /Users/omer/Desktop/MLOPS/7day/.env/lib/python3.11/site-packages/airflow/example_dags/tutorial_taskflow_api_virtualenv.py
[2024-09-18T15:28:48.030+0000] {processor.py:925} INFO - DAG(s) 'tutorial_taskflow_api_virtualenv' retrieved from /Users/omer/Desktop/MLOPS/7day/.env/lib/python3.11/site-packages/airflow/example_dags/tutorial_taskflow_api_virtualenv.py
[2024-09-18T15:28:48.115+0000] {logging_mixin.py:190} INFO - [2024-09-18T15:28:48.115+0000] {dag.py:3229} INFO - Sync 1 DAGs
[2024-09-18T15:28:48.117+0000] {logging_mixin.py:190} INFO - [2024-09-18T15:28:48.117+0000] {dag.py:4156} INFO - Setting next_dagrun for tutorial_taskflow_api_virtualenv to None, run_after=None
[2024-09-18T15:28:48.122+0000] {processor.py:208} INFO - Processing /Users/omer/Desktop/MLOPS/7day/.env/lib/python3.11/site-packages/airflow/example_dags/tutorial_taskflow_api_virtualenv.py took 0.105 seconds
[2024-09-18T15:29:37.709+0000] {processor.py:186} INFO - Started process (PID=98159) to work on /Users/omer/Desktop/MLOPS/7day/.env/lib/python3.11/site-packages/airflow/example_dags/tutorial_taskflow_api_virtualenv.py
[2024-09-18T15:29:37.710+0000] {processor.py:914} INFO - Processing file /Users/omer/Desktop/MLOPS/7day/.env/lib/python3.11/site-packages/airflow/example_dags/tutorial_taskflow_api_virtualenv.py for tasks to queue
[2024-09-18T15:29:37.710+0000] {logging_mixin.py:190} INFO - [2024-09-18T15:29:37.710+0000] {dagbag.py:587} INFO - Filling up the DagBag from /Users/omer/Desktop/MLOPS/7day/.env/lib/python3.11/site-packages/airflow/example_dags/tutorial_taskflow_api_virtualenv.py
[2024-09-18T15:29:37.721+0000] {processor.py:925} INFO - DAG(s) 'tutorial_taskflow_api_virtualenv' retrieved from /Users/omer/Desktop/MLOPS/7day/.env/lib/python3.11/site-packages/airflow/example_dags/tutorial_taskflow_api_virtualenv.py
[2024-09-18T15:29:37.791+0000] {logging_mixin.py:190} INFO - [2024-09-18T15:29:37.791+0000] {dag.py:3229} INFO - Sync 1 DAGs
[2024-09-18T15:29:37.794+0000] {logging_mixin.py:190} INFO - [2024-09-18T15:29:37.793+0000] {dag.py:4156} INFO - Setting next_dagrun for tutorial_taskflow_api_virtualenv to None, run_after=None
[2024-09-18T15:29:37.799+0000] {processor.py:208} INFO - Processing /Users/omer/Desktop/MLOPS/7day/.env/lib/python3.11/site-packages/airflow/example_dags/tutorial_taskflow_api_virtualenv.py took 0.091 seconds
[2024-09-18T15:30:26.814+0000] {processor.py:186} INFO - Started process (PID=98304) to work on /Users/omer/Desktop/MLOPS/7day/.env/lib/python3.11/site-packages/airflow/example_dags/tutorial_taskflow_api_virtualenv.py
[2024-09-18T15:30:26.815+0000] {processor.py:914} INFO - Processing file /Users/omer/Desktop/MLOPS/7day/.env/lib/python3.11/site-packages/airflow/example_dags/tutorial_taskflow_api_virtualenv.py for tasks to queue
[2024-09-18T15:30:26.815+0000] {logging_mixin.py:190} INFO - [2024-09-18T15:30:26.815+0000] {dagbag.py:587} INFO - Filling up the DagBag from /Users/omer/Desktop/MLOPS/7day/.env/lib/python3.11/site-packages/airflow/example_dags/tutorial_taskflow_api_virtualenv.py
[2024-09-18T15:30:26.827+0000] {processor.py:925} INFO - DAG(s) 'tutorial_taskflow_api_virtualenv' retrieved from /Users/omer/Desktop/MLOPS/7day/.env/lib/python3.11/site-packages/airflow/example_dags/tutorial_taskflow_api_virtualenv.py
[2024-09-18T15:30:26.911+0000] {logging_mixin.py:190} INFO - [2024-09-18T15:30:26.911+0000] {dag.py:3229} INFO - Sync 1 DAGs
[2024-09-18T15:30:26.914+0000] {logging_mixin.py:190} INFO - [2024-09-18T15:30:26.914+0000] {dag.py:4156} INFO - Setting next_dagrun for tutorial_taskflow_api_virtualenv to None, run_after=None
[2024-09-18T15:30:26.919+0000] {processor.py:208} INFO - Processing /Users/omer/Desktop/MLOPS/7day/.env/lib/python3.11/site-packages/airflow/example_dags/tutorial_taskflow_api_virtualenv.py took 0.106 seconds
[2024-09-18T15:31:15.403+0000] {processor.py:186} INFO - Started process (PID=98427) to work on /Users/omer/Desktop/MLOPS/7day/.env/lib/python3.11/site-packages/airflow/example_dags/tutorial_taskflow_api_virtualenv.py
[2024-09-18T15:31:15.404+0000] {processor.py:914} INFO - Processing file /Users/omer/Desktop/MLOPS/7day/.env/lib/python3.11/site-packages/airflow/example_dags/tutorial_taskflow_api_virtualenv.py for tasks to queue
[2024-09-18T15:31:15.404+0000] {logging_mixin.py:190} INFO - [2024-09-18T15:31:15.404+0000] {dagbag.py:587} INFO - Filling up the DagBag from /Users/omer/Desktop/MLOPS/7day/.env/lib/python3.11/site-packages/airflow/example_dags/tutorial_taskflow_api_virtualenv.py
[2024-09-18T15:31:15.415+0000] {processor.py:925} INFO - DAG(s) 'tutorial_taskflow_api_virtualenv' retrieved from /Users/omer/Desktop/MLOPS/7day/.env/lib/python3.11/site-packages/airflow/example_dags/tutorial_taskflow_api_virtualenv.py
[2024-09-18T15:31:15.485+0000] {logging_mixin.py:190} INFO - [2024-09-18T15:31:15.485+0000] {dag.py:3229} INFO - Sync 1 DAGs
[2024-09-18T15:31:15.487+0000] {logging_mixin.py:190} INFO - [2024-09-18T15:31:15.487+0000] {dag.py:4156} INFO - Setting next_dagrun for tutorial_taskflow_api_virtualenv to None, run_after=None
[2024-09-18T15:31:15.493+0000] {processor.py:208} INFO - Processing /Users/omer/Desktop/MLOPS/7day/.env/lib/python3.11/site-packages/airflow/example_dags/tutorial_taskflow_api_virtualenv.py took 0.091 seconds
[2024-09-18T15:32:03.403+0000] {processor.py:186} INFO - Started process (PID=98599) to work on /Users/omer/Desktop/MLOPS/7day/.env/lib/python3.11/site-packages/airflow/example_dags/tutorial_taskflow_api_virtualenv.py
[2024-09-18T15:32:03.403+0000] {processor.py:914} INFO - Processing file /Users/omer/Desktop/MLOPS/7day/.env/lib/python3.11/site-packages/airflow/example_dags/tutorial_taskflow_api_virtualenv.py for tasks to queue
[2024-09-18T15:32:03.404+0000] {logging_mixin.py:190} INFO - [2024-09-18T15:32:03.404+0000] {dagbag.py:587} INFO - Filling up the DagBag from /Users/omer/Desktop/MLOPS/7day/.env/lib/python3.11/site-packages/airflow/example_dags/tutorial_taskflow_api_virtualenv.py
[2024-09-18T15:32:03.417+0000] {processor.py:925} INFO - DAG(s) 'tutorial_taskflow_api_virtualenv' retrieved from /Users/omer/Desktop/MLOPS/7day/.env/lib/python3.11/site-packages/airflow/example_dags/tutorial_taskflow_api_virtualenv.py
[2024-09-18T15:32:03.487+0000] {logging_mixin.py:190} INFO - [2024-09-18T15:32:03.487+0000] {dag.py:3229} INFO - Sync 1 DAGs
[2024-09-18T15:32:03.490+0000] {logging_mixin.py:190} INFO - [2024-09-18T15:32:03.490+0000] {dag.py:4156} INFO - Setting next_dagrun for tutorial_taskflow_api_virtualenv to None, run_after=None
[2024-09-18T15:32:03.495+0000] {processor.py:208} INFO - Processing /Users/omer/Desktop/MLOPS/7day/.env/lib/python3.11/site-packages/airflow/example_dags/tutorial_taskflow_api_virtualenv.py took 0.093 seconds
[2024-09-18T15:33:03.670+0000] {processor.py:186} INFO - Started process (PID=98735) to work on /Users/omer/Desktop/MLOPS/7day/.env/lib/python3.11/site-packages/airflow/example_dags/tutorial_taskflow_api_virtualenv.py
[2024-09-18T15:33:03.671+0000] {processor.py:914} INFO - Processing file /Users/omer/Desktop/MLOPS/7day/.env/lib/python3.11/site-packages/airflow/example_dags/tutorial_taskflow_api_virtualenv.py for tasks to queue
[2024-09-18T15:33:03.672+0000] {logging_mixin.py:190} INFO - [2024-09-18T15:33:03.672+0000] {dagbag.py:587} INFO - Filling up the DagBag from /Users/omer/Desktop/MLOPS/7day/.env/lib/python3.11/site-packages/airflow/example_dags/tutorial_taskflow_api_virtualenv.py
[2024-09-18T15:33:03.684+0000] {processor.py:925} INFO - DAG(s) 'tutorial_taskflow_api_virtualenv' retrieved from /Users/omer/Desktop/MLOPS/7day/.env/lib/python3.11/site-packages/airflow/example_dags/tutorial_taskflow_api_virtualenv.py
[2024-09-18T15:33:03.771+0000] {logging_mixin.py:190} INFO - [2024-09-18T15:33:03.771+0000] {dag.py:3229} INFO - Sync 1 DAGs
[2024-09-18T15:33:03.774+0000] {logging_mixin.py:190} INFO - [2024-09-18T15:33:03.774+0000] {dag.py:4156} INFO - Setting next_dagrun for tutorial_taskflow_api_virtualenv to None, run_after=None
[2024-09-18T15:33:03.779+0000] {processor.py:208} INFO - Processing /Users/omer/Desktop/MLOPS/7day/.env/lib/python3.11/site-packages/airflow/example_dags/tutorial_taskflow_api_virtualenv.py took 0.110 seconds
[2024-09-18T15:34:14.617+0000] {processor.py:186} INFO - Started process (PID=98913) to work on /Users/omer/Desktop/MLOPS/7day/.env/lib/python3.11/site-packages/airflow/example_dags/tutorial_taskflow_api_virtualenv.py
[2024-09-18T15:34:14.618+0000] {processor.py:914} INFO - Processing file /Users/omer/Desktop/MLOPS/7day/.env/lib/python3.11/site-packages/airflow/example_dags/tutorial_taskflow_api_virtualenv.py for tasks to queue
[2024-09-18T15:34:14.619+0000] {logging_mixin.py:190} INFO - [2024-09-18T15:34:14.619+0000] {dagbag.py:587} INFO - Filling up the DagBag from /Users/omer/Desktop/MLOPS/7day/.env/lib/python3.11/site-packages/airflow/example_dags/tutorial_taskflow_api_virtualenv.py
[2024-09-18T15:34:14.631+0000] {processor.py:925} INFO - DAG(s) 'tutorial_taskflow_api_virtualenv' retrieved from /Users/omer/Desktop/MLOPS/7day/.env/lib/python3.11/site-packages/airflow/example_dags/tutorial_taskflow_api_virtualenv.py
[2024-09-18T15:34:14.712+0000] {logging_mixin.py:190} INFO - [2024-09-18T15:34:14.712+0000] {dag.py:3229} INFO - Sync 1 DAGs
[2024-09-18T15:34:14.714+0000] {logging_mixin.py:190} INFO - [2024-09-18T15:34:14.714+0000] {dag.py:4156} INFO - Setting next_dagrun for tutorial_taskflow_api_virtualenv to None, run_after=None
[2024-09-18T15:34:14.720+0000] {processor.py:208} INFO - Processing /Users/omer/Desktop/MLOPS/7day/.env/lib/python3.11/site-packages/airflow/example_dags/tutorial_taskflow_api_virtualenv.py took 0.103 seconds
[2024-09-18T15:35:34.888+0000] {processor.py:186} INFO - Started process (PID=99079) to work on /Users/omer/Desktop/MLOPS/7day/.env/lib/python3.11/site-packages/airflow/example_dags/tutorial_taskflow_api_virtualenv.py
[2024-09-18T15:35:34.889+0000] {processor.py:914} INFO - Processing file /Users/omer/Desktop/MLOPS/7day/.env/lib/python3.11/site-packages/airflow/example_dags/tutorial_taskflow_api_virtualenv.py for tasks to queue
[2024-09-18T15:35:34.890+0000] {logging_mixin.py:190} INFO - [2024-09-18T15:35:34.889+0000] {dagbag.py:587} INFO - Filling up the DagBag from /Users/omer/Desktop/MLOPS/7day/.env/lib/python3.11/site-packages/airflow/example_dags/tutorial_taskflow_api_virtualenv.py
[2024-09-18T15:35:34.903+0000] {processor.py:925} INFO - DAG(s) 'tutorial_taskflow_api_virtualenv' retrieved from /Users/omer/Desktop/MLOPS/7day/.env/lib/python3.11/site-packages/airflow/example_dags/tutorial_taskflow_api_virtualenv.py
[2024-09-18T15:35:34.985+0000] {logging_mixin.py:190} INFO - [2024-09-18T15:35:34.984+0000] {dag.py:3229} INFO - Sync 1 DAGs
[2024-09-18T15:35:34.988+0000] {logging_mixin.py:190} INFO - [2024-09-18T15:35:34.988+0000] {dag.py:4156} INFO - Setting next_dagrun for tutorial_taskflow_api_virtualenv to None, run_after=None
[2024-09-18T15:35:34.993+0000] {processor.py:208} INFO - Processing /Users/omer/Desktop/MLOPS/7day/.env/lib/python3.11/site-packages/airflow/example_dags/tutorial_taskflow_api_virtualenv.py took 0.108 seconds
