[2024-09-19T00:12:53.924+0000] {processor.py:186} INFO - Started process (PID=24467) to work on /Users/omer/anaconda3/lib/python3.11/site-packages/airflow/example_dags/example_trigger_controller_dag.py
[2024-09-19T00:12:53.924+0000] {processor.py:914} INFO - Processing file /Users/omer/anaconda3/lib/python3.11/site-packages/airflow/example_dags/example_trigger_controller_dag.py for tasks to queue
[2024-09-19T00:12:53.924+0000] {logging_mixin.py:190} INFO - [2024-09-19T00:12:53.924+0000] {dagbag.py:587} INFO - Filling up the DagBag from /Users/omer/anaconda3/lib/python3.11/site-packages/airflow/example_dags/example_trigger_controller_dag.py
[2024-09-19T00:12:53.927+0000] {processor.py:925} INFO - DAG(s) 'example_trigger_controller_dag' retrieved from /Users/omer/anaconda3/lib/python3.11/site-packages/airflow/example_dags/example_trigger_controller_dag.py
[2024-09-19T00:12:53.951+0000] {logging_mixin.py:190} INFO - [2024-09-19T00:12:53.951+0000] {dag.py:3229} INFO - Sync 1 DAGs
[2024-09-19T00:12:53.956+0000] {logging_mixin.py:190} INFO - [2024-09-19T00:12:53.956+0000] {dag.py:4156} INFO - Setting next_dagrun for example_trigger_controller_dag to 2021-01-01 00:00:00+00:00, run_after=2021-01-01 00:00:00+00:00
[2024-09-19T00:12:53.962+0000] {processor.py:208} INFO - Processing /Users/omer/anaconda3/lib/python3.11/site-packages/airflow/example_dags/example_trigger_controller_dag.py took 0.039 seconds
[2024-09-19T00:33:15.617+0000] {processor.py:186} INFO - Started process (PID=24555) to work on /Users/omer/anaconda3/lib/python3.11/site-packages/airflow/example_dags/example_trigger_controller_dag.py
[2024-09-19T00:33:15.618+0000] {processor.py:914} INFO - Processing file /Users/omer/anaconda3/lib/python3.11/site-packages/airflow/example_dags/example_trigger_controller_dag.py for tasks to queue
[2024-09-19T00:33:15.618+0000] {logging_mixin.py:190} INFO - [2024-09-19T00:33:15.618+0000] {dagbag.py:587} INFO - Filling up the DagBag from /Users/omer/anaconda3/lib/python3.11/site-packages/airflow/example_dags/example_trigger_controller_dag.py
[2024-09-19T00:33:15.621+0000] {processor.py:925} INFO - DAG(s) 'example_trigger_controller_dag' retrieved from /Users/omer/anaconda3/lib/python3.11/site-packages/airflow/example_dags/example_trigger_controller_dag.py
[2024-09-19T00:33:15.645+0000] {logging_mixin.py:190} INFO - [2024-09-19T00:33:15.644+0000] {dag.py:3229} INFO - Sync 1 DAGs
[2024-09-19T00:33:15.650+0000] {logging_mixin.py:190} INFO - [2024-09-19T00:33:15.650+0000] {dag.py:4156} INFO - Setting next_dagrun for example_trigger_controller_dag to 2021-01-01 00:00:00+00:00, run_after=2021-01-01 00:00:00+00:00
[2024-09-19T00:33:15.654+0000] {processor.py:208} INFO - Processing /Users/omer/anaconda3/lib/python3.11/site-packages/airflow/example_dags/example_trigger_controller_dag.py took 0.038 seconds
[2024-09-19T01:27:36.301+0000] {processor.py:186} INFO - Started process (PID=24666) to work on /Users/omer/anaconda3/lib/python3.11/site-packages/airflow/example_dags/example_trigger_controller_dag.py
[2024-09-19T01:27:36.302+0000] {processor.py:914} INFO - Processing file /Users/omer/anaconda3/lib/python3.11/site-packages/airflow/example_dags/example_trigger_controller_dag.py for tasks to queue
[2024-09-19T01:27:36.302+0000] {logging_mixin.py:190} INFO - [2024-09-19T01:27:36.302+0000] {dagbag.py:587} INFO - Filling up the DagBag from /Users/omer/anaconda3/lib/python3.11/site-packages/airflow/example_dags/example_trigger_controller_dag.py
[2024-09-19T01:27:36.305+0000] {processor.py:925} INFO - DAG(s) 'example_trigger_controller_dag' retrieved from /Users/omer/anaconda3/lib/python3.11/site-packages/airflow/example_dags/example_trigger_controller_dag.py
[2024-09-19T01:27:36.329+0000] {logging_mixin.py:190} INFO - [2024-09-19T01:27:36.329+0000] {dag.py:3229} INFO - Sync 1 DAGs
[2024-09-19T01:27:36.334+0000] {logging_mixin.py:190} INFO - [2024-09-19T01:27:36.333+0000] {dag.py:4156} INFO - Setting next_dagrun for example_trigger_controller_dag to 2021-01-01 00:00:00+00:00, run_after=2021-01-01 00:00:00+00:00
[2024-09-19T01:27:36.338+0000] {processor.py:208} INFO - Processing /Users/omer/anaconda3/lib/python3.11/site-packages/airflow/example_dags/example_trigger_controller_dag.py took 0.038 seconds
[2024-09-19T01:44:17.419+0000] {processor.py:186} INFO - Started process (PID=24784) to work on /Users/omer/anaconda3/lib/python3.11/site-packages/airflow/example_dags/example_trigger_controller_dag.py
[2024-09-19T01:44:17.420+0000] {processor.py:914} INFO - Processing file /Users/omer/anaconda3/lib/python3.11/site-packages/airflow/example_dags/example_trigger_controller_dag.py for tasks to queue
[2024-09-19T01:44:17.420+0000] {logging_mixin.py:190} INFO - [2024-09-19T01:44:17.420+0000] {dagbag.py:587} INFO - Filling up the DagBag from /Users/omer/anaconda3/lib/python3.11/site-packages/airflow/example_dags/example_trigger_controller_dag.py
[2024-09-19T01:44:17.423+0000] {processor.py:925} INFO - DAG(s) 'example_trigger_controller_dag' retrieved from /Users/omer/anaconda3/lib/python3.11/site-packages/airflow/example_dags/example_trigger_controller_dag.py
[2024-09-19T01:44:17.447+0000] {logging_mixin.py:190} INFO - [2024-09-19T01:44:17.447+0000] {dag.py:3229} INFO - Sync 1 DAGs
[2024-09-19T01:44:17.452+0000] {logging_mixin.py:190} INFO - [2024-09-19T01:44:17.452+0000] {dag.py:4156} INFO - Setting next_dagrun for example_trigger_controller_dag to 2021-01-01 00:00:00+00:00, run_after=2021-01-01 00:00:00+00:00
[2024-09-19T01:44:17.457+0000] {processor.py:208} INFO - Processing /Users/omer/anaconda3/lib/python3.11/site-packages/airflow/example_dags/example_trigger_controller_dag.py took 0.038 seconds
[2024-09-19T02:24:31.849+0000] {processor.py:186} INFO - Started process (PID=24906) to work on /Users/omer/anaconda3/lib/python3.11/site-packages/airflow/example_dags/example_trigger_controller_dag.py
[2024-09-19T02:24:31.850+0000] {processor.py:914} INFO - Processing file /Users/omer/anaconda3/lib/python3.11/site-packages/airflow/example_dags/example_trigger_controller_dag.py for tasks to queue
[2024-09-19T02:24:31.850+0000] {logging_mixin.py:190} INFO - [2024-09-19T02:24:31.850+0000] {dagbag.py:587} INFO - Filling up the DagBag from /Users/omer/anaconda3/lib/python3.11/site-packages/airflow/example_dags/example_trigger_controller_dag.py
[2024-09-19T02:24:31.853+0000] {processor.py:925} INFO - DAG(s) 'example_trigger_controller_dag' retrieved from /Users/omer/anaconda3/lib/python3.11/site-packages/airflow/example_dags/example_trigger_controller_dag.py
[2024-09-19T02:24:31.877+0000] {logging_mixin.py:190} INFO - [2024-09-19T02:24:31.877+0000] {dag.py:3229} INFO - Sync 1 DAGs
[2024-09-19T02:24:31.882+0000] {logging_mixin.py:190} INFO - [2024-09-19T02:24:31.882+0000] {dag.py:4156} INFO - Setting next_dagrun for example_trigger_controller_dag to 2021-01-01 00:00:00+00:00, run_after=2021-01-01 00:00:00+00:00
[2024-09-19T02:24:31.886+0000] {processor.py:208} INFO - Processing /Users/omer/anaconda3/lib/python3.11/site-packages/airflow/example_dags/example_trigger_controller_dag.py took 0.039 seconds
[2024-09-19T03:04:03.565+0000] {processor.py:186} INFO - Started process (PID=25015) to work on /Users/omer/anaconda3/lib/python3.11/site-packages/airflow/example_dags/example_trigger_controller_dag.py
[2024-09-19T03:04:03.566+0000] {processor.py:914} INFO - Processing file /Users/omer/anaconda3/lib/python3.11/site-packages/airflow/example_dags/example_trigger_controller_dag.py for tasks to queue
[2024-09-19T03:04:03.566+0000] {logging_mixin.py:190} INFO - [2024-09-19T03:04:03.566+0000] {dagbag.py:587} INFO - Filling up the DagBag from /Users/omer/anaconda3/lib/python3.11/site-packages/airflow/example_dags/example_trigger_controller_dag.py
[2024-09-19T03:04:03.569+0000] {processor.py:925} INFO - DAG(s) 'example_trigger_controller_dag' retrieved from /Users/omer/anaconda3/lib/python3.11/site-packages/airflow/example_dags/example_trigger_controller_dag.py
[2024-09-19T03:04:03.593+0000] {logging_mixin.py:190} INFO - [2024-09-19T03:04:03.593+0000] {dag.py:3229} INFO - Sync 1 DAGs
[2024-09-19T03:04:03.598+0000] {logging_mixin.py:190} INFO - [2024-09-19T03:04:03.598+0000] {dag.py:4156} INFO - Setting next_dagrun for example_trigger_controller_dag to 2021-01-01 00:00:00+00:00, run_after=2021-01-01 00:00:00+00:00
[2024-09-19T03:04:03.602+0000] {processor.py:208} INFO - Processing /Users/omer/anaconda3/lib/python3.11/site-packages/airflow/example_dags/example_trigger_controller_dag.py took 0.038 seconds
[2024-09-19T03:40:57.961+0000] {processor.py:186} INFO - Started process (PID=25170) to work on /Users/omer/anaconda3/lib/python3.11/site-packages/airflow/example_dags/example_trigger_controller_dag.py
[2024-09-19T03:40:57.962+0000] {processor.py:914} INFO - Processing file /Users/omer/anaconda3/lib/python3.11/site-packages/airflow/example_dags/example_trigger_controller_dag.py for tasks to queue
[2024-09-19T03:40:57.962+0000] {logging_mixin.py:190} INFO - [2024-09-19T03:40:57.962+0000] {dagbag.py:587} INFO - Filling up the DagBag from /Users/omer/anaconda3/lib/python3.11/site-packages/airflow/example_dags/example_trigger_controller_dag.py
[2024-09-19T03:40:57.965+0000] {processor.py:925} INFO - DAG(s) 'example_trigger_controller_dag' retrieved from /Users/omer/anaconda3/lib/python3.11/site-packages/airflow/example_dags/example_trigger_controller_dag.py
[2024-09-19T03:40:57.989+0000] {logging_mixin.py:190} INFO - [2024-09-19T03:40:57.989+0000] {dag.py:3229} INFO - Sync 1 DAGs
[2024-09-19T03:40:57.993+0000] {logging_mixin.py:190} INFO - [2024-09-19T03:40:57.993+0000] {dag.py:4156} INFO - Setting next_dagrun for example_trigger_controller_dag to 2021-01-01 00:00:00+00:00, run_after=2021-01-01 00:00:00+00:00
[2024-09-19T03:40:57.998+0000] {processor.py:208} INFO - Processing /Users/omer/anaconda3/lib/python3.11/site-packages/airflow/example_dags/example_trigger_controller_dag.py took 0.039 seconds
[2024-09-19T04:20:45.812+0000] {processor.py:186} INFO - Started process (PID=25290) to work on /Users/omer/anaconda3/lib/python3.11/site-packages/airflow/example_dags/example_trigger_controller_dag.py
[2024-09-19T04:20:45.813+0000] {processor.py:914} INFO - Processing file /Users/omer/anaconda3/lib/python3.11/site-packages/airflow/example_dags/example_trigger_controller_dag.py for tasks to queue
[2024-09-19T04:20:45.813+0000] {logging_mixin.py:190} INFO - [2024-09-19T04:20:45.813+0000] {dagbag.py:587} INFO - Filling up the DagBag from /Users/omer/anaconda3/lib/python3.11/site-packages/airflow/example_dags/example_trigger_controller_dag.py
[2024-09-19T04:20:45.816+0000] {processor.py:925} INFO - DAG(s) 'example_trigger_controller_dag' retrieved from /Users/omer/anaconda3/lib/python3.11/site-packages/airflow/example_dags/example_trigger_controller_dag.py
[2024-09-19T04:20:45.840+0000] {logging_mixin.py:190} INFO - [2024-09-19T04:20:45.840+0000] {dag.py:3229} INFO - Sync 1 DAGs
[2024-09-19T04:20:45.845+0000] {logging_mixin.py:190} INFO - [2024-09-19T04:20:45.845+0000] {dag.py:4156} INFO - Setting next_dagrun for example_trigger_controller_dag to 2021-01-01 00:00:00+00:00, run_after=2021-01-01 00:00:00+00:00
[2024-09-19T04:20:45.850+0000] {processor.py:208} INFO - Processing /Users/omer/anaconda3/lib/python3.11/site-packages/airflow/example_dags/example_trigger_controller_dag.py took 0.038 seconds
[2024-09-19T04:42:47.814+0000] {processor.py:186} INFO - Started process (PID=25404) to work on /Users/omer/anaconda3/lib/python3.11/site-packages/airflow/example_dags/example_trigger_controller_dag.py
[2024-09-19T04:42:47.815+0000] {processor.py:914} INFO - Processing file /Users/omer/anaconda3/lib/python3.11/site-packages/airflow/example_dags/example_trigger_controller_dag.py for tasks to queue
[2024-09-19T04:42:47.815+0000] {logging_mixin.py:190} INFO - [2024-09-19T04:42:47.815+0000] {dagbag.py:587} INFO - Filling up the DagBag from /Users/omer/anaconda3/lib/python3.11/site-packages/airflow/example_dags/example_trigger_controller_dag.py
[2024-09-19T04:42:47.818+0000] {processor.py:925} INFO - DAG(s) 'example_trigger_controller_dag' retrieved from /Users/omer/anaconda3/lib/python3.11/site-packages/airflow/example_dags/example_trigger_controller_dag.py
[2024-09-19T04:42:47.843+0000] {logging_mixin.py:190} INFO - [2024-09-19T04:42:47.843+0000] {dag.py:3229} INFO - Sync 1 DAGs
[2024-09-19T04:42:47.847+0000] {logging_mixin.py:190} INFO - [2024-09-19T04:42:47.847+0000] {dag.py:4156} INFO - Setting next_dagrun for example_trigger_controller_dag to 2021-01-01 00:00:00+00:00, run_after=2021-01-01 00:00:00+00:00
[2024-09-19T04:42:47.852+0000] {processor.py:208} INFO - Processing /Users/omer/anaconda3/lib/python3.11/site-packages/airflow/example_dags/example_trigger_controller_dag.py took 0.039 seconds
[2024-09-19T05:20:37.283+0000] {processor.py:186} INFO - Started process (PID=25527) to work on /Users/omer/anaconda3/lib/python3.11/site-packages/airflow/example_dags/example_trigger_controller_dag.py
[2024-09-19T05:20:37.285+0000] {processor.py:914} INFO - Processing file /Users/omer/anaconda3/lib/python3.11/site-packages/airflow/example_dags/example_trigger_controller_dag.py for tasks to queue
[2024-09-19T05:20:37.285+0000] {logging_mixin.py:190} INFO - [2024-09-19T05:20:37.285+0000] {dagbag.py:587} INFO - Filling up the DagBag from /Users/omer/anaconda3/lib/python3.11/site-packages/airflow/example_dags/example_trigger_controller_dag.py
[2024-09-19T05:20:37.288+0000] {processor.py:925} INFO - DAG(s) 'example_trigger_controller_dag' retrieved from /Users/omer/anaconda3/lib/python3.11/site-packages/airflow/example_dags/example_trigger_controller_dag.py
[2024-09-19T05:20:37.312+0000] {logging_mixin.py:190} INFO - [2024-09-19T05:20:37.312+0000] {dag.py:3229} INFO - Sync 1 DAGs
[2024-09-19T05:20:37.317+0000] {logging_mixin.py:190} INFO - [2024-09-19T05:20:37.317+0000] {dag.py:4156} INFO - Setting next_dagrun for example_trigger_controller_dag to 2021-01-01 00:00:00+00:00, run_after=2021-01-01 00:00:00+00:00
[2024-09-19T05:20:37.321+0000] {processor.py:208} INFO - Processing /Users/omer/anaconda3/lib/python3.11/site-packages/airflow/example_dags/example_trigger_controller_dag.py took 0.039 seconds
[2024-09-19T05:59:45.672+0000] {processor.py:186} INFO - Started process (PID=25648) to work on /Users/omer/anaconda3/lib/python3.11/site-packages/airflow/example_dags/example_trigger_controller_dag.py
[2024-09-19T05:59:45.673+0000] {processor.py:914} INFO - Processing file /Users/omer/anaconda3/lib/python3.11/site-packages/airflow/example_dags/example_trigger_controller_dag.py for tasks to queue
[2024-09-19T05:59:45.673+0000] {logging_mixin.py:190} INFO - [2024-09-19T05:59:45.673+0000] {dagbag.py:587} INFO - Filling up the DagBag from /Users/omer/anaconda3/lib/python3.11/site-packages/airflow/example_dags/example_trigger_controller_dag.py
[2024-09-19T05:59:45.676+0000] {processor.py:925} INFO - DAG(s) 'example_trigger_controller_dag' retrieved from /Users/omer/anaconda3/lib/python3.11/site-packages/airflow/example_dags/example_trigger_controller_dag.py
[2024-09-19T05:59:45.700+0000] {logging_mixin.py:190} INFO - [2024-09-19T05:59:45.699+0000] {dag.py:3229} INFO - Sync 1 DAGs
[2024-09-19T05:59:45.705+0000] {logging_mixin.py:190} INFO - [2024-09-19T05:59:45.704+0000] {dag.py:4156} INFO - Setting next_dagrun for example_trigger_controller_dag to 2021-01-01 00:00:00+00:00, run_after=2021-01-01 00:00:00+00:00
[2024-09-19T05:59:45.709+0000] {processor.py:208} INFO - Processing /Users/omer/anaconda3/lib/python3.11/site-packages/airflow/example_dags/example_trigger_controller_dag.py took 0.039 seconds
[2024-09-19T06:15:55.572+0000] {processor.py:186} INFO - Started process (PID=25761) to work on /Users/omer/anaconda3/lib/python3.11/site-packages/airflow/example_dags/example_trigger_controller_dag.py
[2024-09-19T06:15:55.574+0000] {processor.py:914} INFO - Processing file /Users/omer/anaconda3/lib/python3.11/site-packages/airflow/example_dags/example_trigger_controller_dag.py for tasks to queue
[2024-09-19T06:15:55.574+0000] {logging_mixin.py:190} INFO - [2024-09-19T06:15:55.574+0000] {dagbag.py:587} INFO - Filling up the DagBag from /Users/omer/anaconda3/lib/python3.11/site-packages/airflow/example_dags/example_trigger_controller_dag.py
[2024-09-19T06:15:55.578+0000] {processor.py:925} INFO - DAG(s) 'example_trigger_controller_dag' retrieved from /Users/omer/anaconda3/lib/python3.11/site-packages/airflow/example_dags/example_trigger_controller_dag.py
[2024-09-19T06:15:55.602+0000] {logging_mixin.py:190} INFO - [2024-09-19T06:15:55.602+0000] {dag.py:3229} INFO - Sync 1 DAGs
[2024-09-19T06:15:55.607+0000] {logging_mixin.py:190} INFO - [2024-09-19T06:15:55.607+0000] {dag.py:4156} INFO - Setting next_dagrun for example_trigger_controller_dag to 2021-01-01 00:00:00+00:00, run_after=2021-01-01 00:00:00+00:00
[2024-09-19T06:15:55.612+0000] {processor.py:208} INFO - Processing /Users/omer/anaconda3/lib/python3.11/site-packages/airflow/example_dags/example_trigger_controller_dag.py took 0.041 seconds
[2024-09-19T06:17:18.034+0000] {processor.py:186} INFO - Started process (PID=25874) to work on /Users/omer/anaconda3/lib/python3.11/site-packages/airflow/example_dags/example_trigger_controller_dag.py
[2024-09-19T06:17:18.035+0000] {processor.py:914} INFO - Processing file /Users/omer/anaconda3/lib/python3.11/site-packages/airflow/example_dags/example_trigger_controller_dag.py for tasks to queue
[2024-09-19T06:17:18.035+0000] {logging_mixin.py:190} INFO - [2024-09-19T06:17:18.035+0000] {dagbag.py:587} INFO - Filling up the DagBag from /Users/omer/anaconda3/lib/python3.11/site-packages/airflow/example_dags/example_trigger_controller_dag.py
[2024-09-19T06:17:18.038+0000] {processor.py:925} INFO - DAG(s) 'example_trigger_controller_dag' retrieved from /Users/omer/anaconda3/lib/python3.11/site-packages/airflow/example_dags/example_trigger_controller_dag.py
[2024-09-19T06:17:18.063+0000] {logging_mixin.py:190} INFO - [2024-09-19T06:17:18.062+0000] {dag.py:3229} INFO - Sync 1 DAGs
[2024-09-19T06:17:18.067+0000] {logging_mixin.py:190} INFO - [2024-09-19T06:17:18.067+0000] {dag.py:4156} INFO - Setting next_dagrun for example_trigger_controller_dag to 2021-01-01 00:00:00+00:00, run_after=2021-01-01 00:00:00+00:00
[2024-09-19T06:17:18.072+0000] {processor.py:208} INFO - Processing /Users/omer/anaconda3/lib/python3.11/site-packages/airflow/example_dags/example_trigger_controller_dag.py took 0.040 seconds
[2024-09-19T06:18:32.635+0000] {processor.py:186} INFO - Started process (PID=25958) to work on /Users/omer/anaconda3/lib/python3.11/site-packages/airflow/example_dags/example_trigger_controller_dag.py
[2024-09-19T06:18:32.636+0000] {processor.py:914} INFO - Processing file /Users/omer/anaconda3/lib/python3.11/site-packages/airflow/example_dags/example_trigger_controller_dag.py for tasks to queue
[2024-09-19T06:18:32.636+0000] {logging_mixin.py:190} INFO - [2024-09-19T06:18:32.636+0000] {dagbag.py:587} INFO - Filling up the DagBag from /Users/omer/anaconda3/lib/python3.11/site-packages/airflow/example_dags/example_trigger_controller_dag.py
[2024-09-19T06:18:32.640+0000] {processor.py:925} INFO - DAG(s) 'example_trigger_controller_dag' retrieved from /Users/omer/anaconda3/lib/python3.11/site-packages/airflow/example_dags/example_trigger_controller_dag.py
[2024-09-19T06:18:32.664+0000] {logging_mixin.py:190} INFO - [2024-09-19T06:18:32.664+0000] {dag.py:3229} INFO - Sync 1 DAGs
[2024-09-19T06:18:32.669+0000] {logging_mixin.py:190} INFO - [2024-09-19T06:18:32.669+0000] {dag.py:4156} INFO - Setting next_dagrun for example_trigger_controller_dag to 2021-01-01 00:00:00+00:00, run_after=2021-01-01 00:00:00+00:00
[2024-09-19T06:18:32.674+0000] {processor.py:208} INFO - Processing /Users/omer/anaconda3/lib/python3.11/site-packages/airflow/example_dags/example_trigger_controller_dag.py took 0.039 seconds
[2024-09-19T06:19:45.914+0000] {processor.py:186} INFO - Started process (PID=26062) to work on /Users/omer/anaconda3/lib/python3.11/site-packages/airflow/example_dags/example_trigger_controller_dag.py
[2024-09-19T06:19:45.915+0000] {processor.py:914} INFO - Processing file /Users/omer/anaconda3/lib/python3.11/site-packages/airflow/example_dags/example_trigger_controller_dag.py for tasks to queue
[2024-09-19T06:19:45.915+0000] {logging_mixin.py:190} INFO - [2024-09-19T06:19:45.915+0000] {dagbag.py:587} INFO - Filling up the DagBag from /Users/omer/anaconda3/lib/python3.11/site-packages/airflow/example_dags/example_trigger_controller_dag.py
[2024-09-19T06:19:45.918+0000] {processor.py:925} INFO - DAG(s) 'example_trigger_controller_dag' retrieved from /Users/omer/anaconda3/lib/python3.11/site-packages/airflow/example_dags/example_trigger_controller_dag.py
[2024-09-19T06:19:45.944+0000] {logging_mixin.py:190} INFO - [2024-09-19T06:19:45.944+0000] {dag.py:3229} INFO - Sync 1 DAGs
[2024-09-19T06:19:45.949+0000] {logging_mixin.py:190} INFO - [2024-09-19T06:19:45.949+0000] {dag.py:4156} INFO - Setting next_dagrun for example_trigger_controller_dag to 2021-01-01 00:00:00+00:00, run_after=2021-01-01 00:00:00+00:00
[2024-09-19T06:19:45.954+0000] {processor.py:208} INFO - Processing /Users/omer/anaconda3/lib/python3.11/site-packages/airflow/example_dags/example_trigger_controller_dag.py took 0.041 seconds
[2024-09-19T06:21:24.491+0000] {processor.py:186} INFO - Started process (PID=26247) to work on /Users/omer/anaconda3/lib/python3.11/site-packages/airflow/example_dags/example_trigger_controller_dag.py
[2024-09-19T06:21:24.491+0000] {processor.py:914} INFO - Processing file /Users/omer/anaconda3/lib/python3.11/site-packages/airflow/example_dags/example_trigger_controller_dag.py for tasks to queue
[2024-09-19T06:21:24.491+0000] {logging_mixin.py:190} INFO - [2024-09-19T06:21:24.491+0000] {dagbag.py:587} INFO - Filling up the DagBag from /Users/omer/anaconda3/lib/python3.11/site-packages/airflow/example_dags/example_trigger_controller_dag.py
[2024-09-19T06:21:24.495+0000] {processor.py:925} INFO - DAG(s) 'example_trigger_controller_dag' retrieved from /Users/omer/anaconda3/lib/python3.11/site-packages/airflow/example_dags/example_trigger_controller_dag.py
[2024-09-19T06:21:24.520+0000] {logging_mixin.py:190} INFO - [2024-09-19T06:21:24.520+0000] {dag.py:3229} INFO - Sync 1 DAGs
[2024-09-19T06:21:24.526+0000] {logging_mixin.py:190} INFO - [2024-09-19T06:21:24.526+0000] {dag.py:4156} INFO - Setting next_dagrun for example_trigger_controller_dag to 2021-01-01 00:00:00+00:00, run_after=2021-01-01 00:00:00+00:00
[2024-09-19T06:21:24.531+0000] {processor.py:208} INFO - Processing /Users/omer/anaconda3/lib/python3.11/site-packages/airflow/example_dags/example_trigger_controller_dag.py took 0.041 seconds
[2024-09-19T06:23:07.901+0000] {processor.py:186} INFO - Started process (PID=26387) to work on /Users/omer/anaconda3/lib/python3.11/site-packages/airflow/example_dags/example_trigger_controller_dag.py
[2024-09-19T06:23:07.901+0000] {processor.py:914} INFO - Processing file /Users/omer/anaconda3/lib/python3.11/site-packages/airflow/example_dags/example_trigger_controller_dag.py for tasks to queue
[2024-09-19T06:23:07.902+0000] {logging_mixin.py:190} INFO - [2024-09-19T06:23:07.902+0000] {dagbag.py:587} INFO - Filling up the DagBag from /Users/omer/anaconda3/lib/python3.11/site-packages/airflow/example_dags/example_trigger_controller_dag.py
[2024-09-19T06:23:07.905+0000] {processor.py:925} INFO - DAG(s) 'example_trigger_controller_dag' retrieved from /Users/omer/anaconda3/lib/python3.11/site-packages/airflow/example_dags/example_trigger_controller_dag.py
[2024-09-19T06:23:07.931+0000] {logging_mixin.py:190} INFO - [2024-09-19T06:23:07.931+0000] {dag.py:3229} INFO - Sync 1 DAGs
[2024-09-19T06:23:07.936+0000] {logging_mixin.py:190} INFO - [2024-09-19T06:23:07.936+0000] {dag.py:4156} INFO - Setting next_dagrun for example_trigger_controller_dag to 2021-01-01 00:00:00+00:00, run_after=2021-01-01 00:00:00+00:00
[2024-09-19T06:23:07.941+0000] {processor.py:208} INFO - Processing /Users/omer/anaconda3/lib/python3.11/site-packages/airflow/example_dags/example_trigger_controller_dag.py took 0.041 seconds
[2024-09-19T06:24:17.527+0000] {processor.py:186} INFO - Started process (PID=26454) to work on /Users/omer/anaconda3/lib/python3.11/site-packages/airflow/example_dags/example_trigger_controller_dag.py
[2024-09-19T06:24:17.528+0000] {processor.py:914} INFO - Processing file /Users/omer/anaconda3/lib/python3.11/site-packages/airflow/example_dags/example_trigger_controller_dag.py for tasks to queue
[2024-09-19T06:24:17.528+0000] {logging_mixin.py:190} INFO - [2024-09-19T06:24:17.528+0000] {dagbag.py:587} INFO - Filling up the DagBag from /Users/omer/anaconda3/lib/python3.11/site-packages/airflow/example_dags/example_trigger_controller_dag.py
[2024-09-19T06:24:17.531+0000] {processor.py:925} INFO - DAG(s) 'example_trigger_controller_dag' retrieved from /Users/omer/anaconda3/lib/python3.11/site-packages/airflow/example_dags/example_trigger_controller_dag.py
[2024-09-19T06:24:17.557+0000] {logging_mixin.py:190} INFO - [2024-09-19T06:24:17.557+0000] {dag.py:3229} INFO - Sync 1 DAGs
[2024-09-19T06:24:17.562+0000] {logging_mixin.py:190} INFO - [2024-09-19T06:24:17.562+0000] {dag.py:4156} INFO - Setting next_dagrun for example_trigger_controller_dag to 2021-01-01 00:00:00+00:00, run_after=2021-01-01 00:00:00+00:00
[2024-09-19T06:24:17.567+0000] {processor.py:208} INFO - Processing /Users/omer/anaconda3/lib/python3.11/site-packages/airflow/example_dags/example_trigger_controller_dag.py took 0.040 seconds
[2024-09-19T06:25:24.897+0000] {processor.py:186} INFO - Started process (PID=26573) to work on /Users/omer/anaconda3/lib/python3.11/site-packages/airflow/example_dags/example_trigger_controller_dag.py
[2024-09-19T06:25:24.898+0000] {processor.py:914} INFO - Processing file /Users/omer/anaconda3/lib/python3.11/site-packages/airflow/example_dags/example_trigger_controller_dag.py for tasks to queue
[2024-09-19T06:25:24.898+0000] {logging_mixin.py:190} INFO - [2024-09-19T06:25:24.898+0000] {dagbag.py:587} INFO - Filling up the DagBag from /Users/omer/anaconda3/lib/python3.11/site-packages/airflow/example_dags/example_trigger_controller_dag.py
[2024-09-19T06:25:24.902+0000] {processor.py:925} INFO - DAG(s) 'example_trigger_controller_dag' retrieved from /Users/omer/anaconda3/lib/python3.11/site-packages/airflow/example_dags/example_trigger_controller_dag.py
[2024-09-19T06:25:24.927+0000] {logging_mixin.py:190} INFO - [2024-09-19T06:25:24.927+0000] {dag.py:3229} INFO - Sync 1 DAGs
[2024-09-19T06:25:24.932+0000] {logging_mixin.py:190} INFO - [2024-09-19T06:25:24.932+0000] {dag.py:4156} INFO - Setting next_dagrun for example_trigger_controller_dag to 2021-01-01 00:00:00+00:00, run_after=2021-01-01 00:00:00+00:00
[2024-09-19T06:25:24.937+0000] {processor.py:208} INFO - Processing /Users/omer/anaconda3/lib/python3.11/site-packages/airflow/example_dags/example_trigger_controller_dag.py took 0.041 seconds
