[2024-09-19T00:51:51.637+0000] {processor.py:186} INFO - Started process (PID=24605) to work on /Users/omer/anaconda3/lib/python3.11/site-packages/airflow/example_dags/example_dynamic_task_mapping_with_no_taskflow_operators.py
[2024-09-19T00:51:51.638+0000] {processor.py:914} INFO - Processing file /Users/omer/anaconda3/lib/python3.11/site-packages/airflow/example_dags/example_dynamic_task_mapping_with_no_taskflow_operators.py for tasks to queue
[2024-09-19T00:51:51.638+0000] {logging_mixin.py:190} INFO - [2024-09-19T00:51:51.638+0000] {dagbag.py:587} INFO - Filling up the DagBag from /Users/omer/anaconda3/lib/python3.11/site-packages/airflow/example_dags/example_dynamic_task_mapping_with_no_taskflow_operators.py
[2024-09-19T00:51:51.640+0000] {processor.py:925} INFO - DAG(s) 'example_dynamic_task_mapping_with_no_taskflow_operators' retrieved from /Users/omer/anaconda3/lib/python3.11/site-packages/airflow/example_dags/example_dynamic_task_mapping_with_no_taskflow_operators.py
[2024-09-19T00:51:51.665+0000] {logging_mixin.py:190} INFO - [2024-09-19T00:51:51.665+0000] {dag.py:3229} INFO - Sync 1 DAGs
[2024-09-19T00:51:51.668+0000] {logging_mixin.py:190} INFO - [2024-09-19T00:51:51.668+0000] {dag.py:4156} INFO - Setting next_dagrun for example_dynamic_task_mapping_with_no_taskflow_operators to None, run_after=None
[2024-09-19T00:51:51.673+0000] {processor.py:208} INFO - Processing /Users/omer/anaconda3/lib/python3.11/site-packages/airflow/example_dags/example_dynamic_task_mapping_with_no_taskflow_operators.py took 0.037 seconds
[2024-09-19T01:41:00.035+0000] {processor.py:186} INFO - Started process (PID=24714) to work on /Users/omer/anaconda3/lib/python3.11/site-packages/airflow/example_dags/example_dynamic_task_mapping_with_no_taskflow_operators.py
[2024-09-19T01:41:00.036+0000] {processor.py:914} INFO - Processing file /Users/omer/anaconda3/lib/python3.11/site-packages/airflow/example_dags/example_dynamic_task_mapping_with_no_taskflow_operators.py for tasks to queue
[2024-09-19T01:41:00.036+0000] {logging_mixin.py:190} INFO - [2024-09-19T01:41:00.036+0000] {dagbag.py:587} INFO - Filling up the DagBag from /Users/omer/anaconda3/lib/python3.11/site-packages/airflow/example_dags/example_dynamic_task_mapping_with_no_taskflow_operators.py
[2024-09-19T01:41:00.038+0000] {processor.py:925} INFO - DAG(s) 'example_dynamic_task_mapping_with_no_taskflow_operators' retrieved from /Users/omer/anaconda3/lib/python3.11/site-packages/airflow/example_dags/example_dynamic_task_mapping_with_no_taskflow_operators.py
[2024-09-19T01:41:00.062+0000] {logging_mixin.py:190} INFO - [2024-09-19T01:41:00.062+0000] {dag.py:3229} INFO - Sync 1 DAGs
[2024-09-19T01:41:00.065+0000] {logging_mixin.py:190} INFO - [2024-09-19T01:41:00.065+0000] {dag.py:4156} INFO - Setting next_dagrun for example_dynamic_task_mapping_with_no_taskflow_operators to None, run_after=None
[2024-09-19T01:41:00.071+0000] {processor.py:208} INFO - Processing /Users/omer/anaconda3/lib/python3.11/site-packages/airflow/example_dags/example_dynamic_task_mapping_with_no_taskflow_operators.py took 0.036 seconds
[2024-09-19T02:05:03.104+0000] {processor.py:186} INFO - Started process (PID=24840) to work on /Users/omer/anaconda3/lib/python3.11/site-packages/airflow/example_dags/example_dynamic_task_mapping_with_no_taskflow_operators.py
[2024-09-19T02:05:03.104+0000] {processor.py:914} INFO - Processing file /Users/omer/anaconda3/lib/python3.11/site-packages/airflow/example_dags/example_dynamic_task_mapping_with_no_taskflow_operators.py for tasks to queue
[2024-09-19T02:05:03.104+0000] {logging_mixin.py:190} INFO - [2024-09-19T02:05:03.104+0000] {dagbag.py:587} INFO - Filling up the DagBag from /Users/omer/anaconda3/lib/python3.11/site-packages/airflow/example_dags/example_dynamic_task_mapping_with_no_taskflow_operators.py
[2024-09-19T02:05:03.106+0000] {processor.py:925} INFO - DAG(s) 'example_dynamic_task_mapping_with_no_taskflow_operators' retrieved from /Users/omer/anaconda3/lib/python3.11/site-packages/airflow/example_dags/example_dynamic_task_mapping_with_no_taskflow_operators.py
[2024-09-19T02:05:03.131+0000] {logging_mixin.py:190} INFO - [2024-09-19T02:05:03.131+0000] {dag.py:3229} INFO - Sync 1 DAGs
[2024-09-19T02:05:03.134+0000] {logging_mixin.py:190} INFO - [2024-09-19T02:05:03.133+0000] {dag.py:4156} INFO - Setting next_dagrun for example_dynamic_task_mapping_with_no_taskflow_operators to None, run_after=None
[2024-09-19T02:05:03.139+0000] {processor.py:208} INFO - Processing /Users/omer/anaconda3/lib/python3.11/site-packages/airflow/example_dags/example_dynamic_task_mapping_with_no_taskflow_operators.py took 0.036 seconds
[2024-09-19T02:43:40.583+0000] {processor.py:186} INFO - Started process (PID=24963) to work on /Users/omer/anaconda3/lib/python3.11/site-packages/airflow/example_dags/example_dynamic_task_mapping_with_no_taskflow_operators.py
[2024-09-19T02:43:40.584+0000] {processor.py:914} INFO - Processing file /Users/omer/anaconda3/lib/python3.11/site-packages/airflow/example_dags/example_dynamic_task_mapping_with_no_taskflow_operators.py for tasks to queue
[2024-09-19T02:43:40.584+0000] {logging_mixin.py:190} INFO - [2024-09-19T02:43:40.584+0000] {dagbag.py:587} INFO - Filling up the DagBag from /Users/omer/anaconda3/lib/python3.11/site-packages/airflow/example_dags/example_dynamic_task_mapping_with_no_taskflow_operators.py
[2024-09-19T02:43:40.586+0000] {processor.py:925} INFO - DAG(s) 'example_dynamic_task_mapping_with_no_taskflow_operators' retrieved from /Users/omer/anaconda3/lib/python3.11/site-packages/airflow/example_dags/example_dynamic_task_mapping_with_no_taskflow_operators.py
[2024-09-19T02:43:40.611+0000] {logging_mixin.py:190} INFO - [2024-09-19T02:43:40.611+0000] {dag.py:3229} INFO - Sync 1 DAGs
[2024-09-19T02:43:40.614+0000] {logging_mixin.py:190} INFO - [2024-09-19T02:43:40.614+0000] {dag.py:4156} INFO - Setting next_dagrun for example_dynamic_task_mapping_with_no_taskflow_operators to None, run_after=None
[2024-09-19T02:43:40.619+0000] {processor.py:208} INFO - Processing /Users/omer/anaconda3/lib/python3.11/site-packages/airflow/example_dags/example_dynamic_task_mapping_with_no_taskflow_operators.py took 0.037 seconds
[2024-09-19T03:21:07.638+0000] {processor.py:186} INFO - Started process (PID=25068) to work on /Users/omer/anaconda3/lib/python3.11/site-packages/airflow/example_dags/example_dynamic_task_mapping_with_no_taskflow_operators.py
[2024-09-19T03:21:07.639+0000] {processor.py:914} INFO - Processing file /Users/omer/anaconda3/lib/python3.11/site-packages/airflow/example_dags/example_dynamic_task_mapping_with_no_taskflow_operators.py for tasks to queue
[2024-09-19T03:21:07.640+0000] {logging_mixin.py:190} INFO - [2024-09-19T03:21:07.640+0000] {dagbag.py:587} INFO - Filling up the DagBag from /Users/omer/anaconda3/lib/python3.11/site-packages/airflow/example_dags/example_dynamic_task_mapping_with_no_taskflow_operators.py
[2024-09-19T03:21:07.642+0000] {processor.py:925} INFO - DAG(s) 'example_dynamic_task_mapping_with_no_taskflow_operators' retrieved from /Users/omer/anaconda3/lib/python3.11/site-packages/airflow/example_dags/example_dynamic_task_mapping_with_no_taskflow_operators.py
[2024-09-19T03:21:07.667+0000] {logging_mixin.py:190} INFO - [2024-09-19T03:21:07.667+0000] {dag.py:3229} INFO - Sync 1 DAGs
[2024-09-19T03:21:07.670+0000] {logging_mixin.py:190} INFO - [2024-09-19T03:21:07.669+0000] {dag.py:4156} INFO - Setting next_dagrun for example_dynamic_task_mapping_with_no_taskflow_operators to None, run_after=None
[2024-09-19T03:21:07.675+0000] {processor.py:208} INFO - Processing /Users/omer/anaconda3/lib/python3.11/site-packages/airflow/example_dags/example_dynamic_task_mapping_with_no_taskflow_operators.py took 0.037 seconds
[2024-09-19T04:00:18.603+0000] {processor.py:186} INFO - Started process (PID=25235) to work on /Users/omer/anaconda3/lib/python3.11/site-packages/airflow/example_dags/example_dynamic_task_mapping_with_no_taskflow_operators.py
[2024-09-19T04:00:18.604+0000] {processor.py:914} INFO - Processing file /Users/omer/anaconda3/lib/python3.11/site-packages/airflow/example_dags/example_dynamic_task_mapping_with_no_taskflow_operators.py for tasks to queue
[2024-09-19T04:00:18.604+0000] {logging_mixin.py:190} INFO - [2024-09-19T04:00:18.604+0000] {dagbag.py:587} INFO - Filling up the DagBag from /Users/omer/anaconda3/lib/python3.11/site-packages/airflow/example_dags/example_dynamic_task_mapping_with_no_taskflow_operators.py
[2024-09-19T04:00:18.606+0000] {processor.py:925} INFO - DAG(s) 'example_dynamic_task_mapping_with_no_taskflow_operators' retrieved from /Users/omer/anaconda3/lib/python3.11/site-packages/airflow/example_dags/example_dynamic_task_mapping_with_no_taskflow_operators.py
[2024-09-19T04:00:18.631+0000] {logging_mixin.py:190} INFO - [2024-09-19T04:00:18.631+0000] {dag.py:3229} INFO - Sync 1 DAGs
[2024-09-19T04:00:18.634+0000] {logging_mixin.py:190} INFO - [2024-09-19T04:00:18.634+0000] {dag.py:4156} INFO - Setting next_dagrun for example_dynamic_task_mapping_with_no_taskflow_operators to None, run_after=None
[2024-09-19T04:00:18.639+0000] {processor.py:208} INFO - Processing /Users/omer/anaconda3/lib/python3.11/site-packages/airflow/example_dags/example_dynamic_task_mapping_with_no_taskflow_operators.py took 0.037 seconds
[2024-09-19T04:39:28.548+0000] {processor.py:186} INFO - Started process (PID=25345) to work on /Users/omer/anaconda3/lib/python3.11/site-packages/airflow/example_dags/example_dynamic_task_mapping_with_no_taskflow_operators.py
[2024-09-19T04:39:28.548+0000] {processor.py:914} INFO - Processing file /Users/omer/anaconda3/lib/python3.11/site-packages/airflow/example_dags/example_dynamic_task_mapping_with_no_taskflow_operators.py for tasks to queue
[2024-09-19T04:39:28.548+0000] {logging_mixin.py:190} INFO - [2024-09-19T04:39:28.548+0000] {dagbag.py:587} INFO - Filling up the DagBag from /Users/omer/anaconda3/lib/python3.11/site-packages/airflow/example_dags/example_dynamic_task_mapping_with_no_taskflow_operators.py
[2024-09-19T04:39:28.550+0000] {processor.py:925} INFO - DAG(s) 'example_dynamic_task_mapping_with_no_taskflow_operators' retrieved from /Users/omer/anaconda3/lib/python3.11/site-packages/airflow/example_dags/example_dynamic_task_mapping_with_no_taskflow_operators.py
[2024-09-19T04:39:28.575+0000] {logging_mixin.py:190} INFO - [2024-09-19T04:39:28.575+0000] {dag.py:3229} INFO - Sync 1 DAGs
[2024-09-19T04:39:28.578+0000] {logging_mixin.py:190} INFO - [2024-09-19T04:39:28.578+0000] {dag.py:4156} INFO - Setting next_dagrun for example_dynamic_task_mapping_with_no_taskflow_operators to None, run_after=None
[2024-09-19T04:39:28.583+0000] {processor.py:208} INFO - Processing /Users/omer/anaconda3/lib/python3.11/site-packages/airflow/example_dags/example_dynamic_task_mapping_with_no_taskflow_operators.py took 0.036 seconds
[2024-09-19T05:00:03.258+0000] {processor.py:186} INFO - Started process (PID=25468) to work on /Users/omer/anaconda3/lib/python3.11/site-packages/airflow/example_dags/example_dynamic_task_mapping_with_no_taskflow_operators.py
[2024-09-19T05:00:03.259+0000] {processor.py:914} INFO - Processing file /Users/omer/anaconda3/lib/python3.11/site-packages/airflow/example_dags/example_dynamic_task_mapping_with_no_taskflow_operators.py for tasks to queue
[2024-09-19T05:00:03.259+0000] {logging_mixin.py:190} INFO - [2024-09-19T05:00:03.259+0000] {dagbag.py:587} INFO - Filling up the DagBag from /Users/omer/anaconda3/lib/python3.11/site-packages/airflow/example_dags/example_dynamic_task_mapping_with_no_taskflow_operators.py
[2024-09-19T05:00:03.261+0000] {processor.py:925} INFO - DAG(s) 'example_dynamic_task_mapping_with_no_taskflow_operators' retrieved from /Users/omer/anaconda3/lib/python3.11/site-packages/airflow/example_dags/example_dynamic_task_mapping_with_no_taskflow_operators.py
[2024-09-19T05:00:03.286+0000] {logging_mixin.py:190} INFO - [2024-09-19T05:00:03.286+0000] {dag.py:3229} INFO - Sync 1 DAGs
[2024-09-19T05:00:03.288+0000] {logging_mixin.py:190} INFO - [2024-09-19T05:00:03.288+0000] {dag.py:4156} INFO - Setting next_dagrun for example_dynamic_task_mapping_with_no_taskflow_operators to None, run_after=None
[2024-09-19T05:00:03.294+0000] {processor.py:208} INFO - Processing /Users/omer/anaconda3/lib/python3.11/site-packages/airflow/example_dags/example_dynamic_task_mapping_with_no_taskflow_operators.py took 0.036 seconds
[2024-09-19T05:40:47.384+0000] {processor.py:186} INFO - Started process (PID=25586) to work on /Users/omer/anaconda3/lib/python3.11/site-packages/airflow/example_dags/example_dynamic_task_mapping_with_no_taskflow_operators.py
[2024-09-19T05:40:47.385+0000] {processor.py:914} INFO - Processing file /Users/omer/anaconda3/lib/python3.11/site-packages/airflow/example_dags/example_dynamic_task_mapping_with_no_taskflow_operators.py for tasks to queue
[2024-09-19T05:40:47.385+0000] {logging_mixin.py:190} INFO - [2024-09-19T05:40:47.385+0000] {dagbag.py:587} INFO - Filling up the DagBag from /Users/omer/anaconda3/lib/python3.11/site-packages/airflow/example_dags/example_dynamic_task_mapping_with_no_taskflow_operators.py
[2024-09-19T05:40:47.387+0000] {processor.py:925} INFO - DAG(s) 'example_dynamic_task_mapping_with_no_taskflow_operators' retrieved from /Users/omer/anaconda3/lib/python3.11/site-packages/airflow/example_dags/example_dynamic_task_mapping_with_no_taskflow_operators.py
[2024-09-19T05:40:47.412+0000] {logging_mixin.py:190} INFO - [2024-09-19T05:40:47.412+0000] {dag.py:3229} INFO - Sync 1 DAGs
[2024-09-19T05:40:47.415+0000] {logging_mixin.py:190} INFO - [2024-09-19T05:40:47.415+0000] {dag.py:4156} INFO - Setting next_dagrun for example_dynamic_task_mapping_with_no_taskflow_operators to None, run_after=None
[2024-09-19T05:40:47.420+0000] {processor.py:208} INFO - Processing /Users/omer/anaconda3/lib/python3.11/site-packages/airflow/example_dags/example_dynamic_task_mapping_with_no_taskflow_operators.py took 0.037 seconds
[2024-09-19T06:15:19.468+0000] {processor.py:186} INFO - Started process (PID=25720) to work on /Users/omer/anaconda3/lib/python3.11/site-packages/airflow/example_dags/example_dynamic_task_mapping_with_no_taskflow_operators.py
[2024-09-19T06:15:19.468+0000] {processor.py:914} INFO - Processing file /Users/omer/anaconda3/lib/python3.11/site-packages/airflow/example_dags/example_dynamic_task_mapping_with_no_taskflow_operators.py for tasks to queue
[2024-09-19T06:15:19.468+0000] {logging_mixin.py:190} INFO - [2024-09-19T06:15:19.468+0000] {dagbag.py:587} INFO - Filling up the DagBag from /Users/omer/anaconda3/lib/python3.11/site-packages/airflow/example_dags/example_dynamic_task_mapping_with_no_taskflow_operators.py
[2024-09-19T06:15:19.470+0000] {processor.py:925} INFO - DAG(s) 'example_dynamic_task_mapping_with_no_taskflow_operators' retrieved from /Users/omer/anaconda3/lib/python3.11/site-packages/airflow/example_dags/example_dynamic_task_mapping_with_no_taskflow_operators.py
[2024-09-19T06:15:19.496+0000] {logging_mixin.py:190} INFO - [2024-09-19T06:15:19.496+0000] {dag.py:3229} INFO - Sync 1 DAGs
[2024-09-19T06:15:19.499+0000] {logging_mixin.py:190} INFO - [2024-09-19T06:15:19.499+0000] {dag.py:4156} INFO - Setting next_dagrun for example_dynamic_task_mapping_with_no_taskflow_operators to None, run_after=None
[2024-09-19T06:15:19.505+0000] {processor.py:208} INFO - Processing /Users/omer/anaconda3/lib/python3.11/site-packages/airflow/example_dags/example_dynamic_task_mapping_with_no_taskflow_operators.py took 0.038 seconds
[2024-09-19T06:17:56.222+0000] {processor.py:186} INFO - Started process (PID=25914) to work on /Users/omer/anaconda3/lib/python3.11/site-packages/airflow/example_dags/example_dynamic_task_mapping_with_no_taskflow_operators.py
[2024-09-19T06:17:56.223+0000] {processor.py:914} INFO - Processing file /Users/omer/anaconda3/lib/python3.11/site-packages/airflow/example_dags/example_dynamic_task_mapping_with_no_taskflow_operators.py for tasks to queue
[2024-09-19T06:17:56.223+0000] {logging_mixin.py:190} INFO - [2024-09-19T06:17:56.223+0000] {dagbag.py:587} INFO - Filling up the DagBag from /Users/omer/anaconda3/lib/python3.11/site-packages/airflow/example_dags/example_dynamic_task_mapping_with_no_taskflow_operators.py
[2024-09-19T06:17:56.225+0000] {processor.py:925} INFO - DAG(s) 'example_dynamic_task_mapping_with_no_taskflow_operators' retrieved from /Users/omer/anaconda3/lib/python3.11/site-packages/airflow/example_dags/example_dynamic_task_mapping_with_no_taskflow_operators.py
[2024-09-19T06:17:56.252+0000] {logging_mixin.py:190} INFO - [2024-09-19T06:17:56.252+0000] {dag.py:3229} INFO - Sync 1 DAGs
[2024-09-19T06:17:56.255+0000] {logging_mixin.py:190} INFO - [2024-09-19T06:17:56.255+0000] {dag.py:4156} INFO - Setting next_dagrun for example_dynamic_task_mapping_with_no_taskflow_operators to None, run_after=None
[2024-09-19T06:17:56.261+0000] {processor.py:208} INFO - Processing /Users/omer/anaconda3/lib/python3.11/site-packages/airflow/example_dags/example_dynamic_task_mapping_with_no_taskflow_operators.py took 0.041 seconds
[2024-09-19T06:22:13.476+0000] {processor.py:186} INFO - Started process (PID=26328) to work on /Users/omer/anaconda3/lib/python3.11/site-packages/airflow/example_dags/example_dynamic_task_mapping_with_no_taskflow_operators.py
[2024-09-19T06:22:13.477+0000] {processor.py:914} INFO - Processing file /Users/omer/anaconda3/lib/python3.11/site-packages/airflow/example_dags/example_dynamic_task_mapping_with_no_taskflow_operators.py for tasks to queue
[2024-09-19T06:22:13.477+0000] {logging_mixin.py:190} INFO - [2024-09-19T06:22:13.477+0000] {dagbag.py:587} INFO - Filling up the DagBag from /Users/omer/anaconda3/lib/python3.11/site-packages/airflow/example_dags/example_dynamic_task_mapping_with_no_taskflow_operators.py
[2024-09-19T06:22:13.479+0000] {processor.py:925} INFO - DAG(s) 'example_dynamic_task_mapping_with_no_taskflow_operators' retrieved from /Users/omer/anaconda3/lib/python3.11/site-packages/airflow/example_dags/example_dynamic_task_mapping_with_no_taskflow_operators.py
[2024-09-19T06:22:13.505+0000] {logging_mixin.py:190} INFO - [2024-09-19T06:22:13.505+0000] {dag.py:3229} INFO - Sync 1 DAGs
[2024-09-19T06:22:13.508+0000] {logging_mixin.py:190} INFO - [2024-09-19T06:22:13.508+0000] {dag.py:4156} INFO - Setting next_dagrun for example_dynamic_task_mapping_with_no_taskflow_operators to None, run_after=None
[2024-09-19T06:22:13.513+0000] {processor.py:208} INFO - Processing /Users/omer/anaconda3/lib/python3.11/site-packages/airflow/example_dags/example_dynamic_task_mapping_with_no_taskflow_operators.py took 0.038 seconds
[2024-09-19T06:24:33.301+0000] {processor.py:186} INFO - Started process (PID=26490) to work on /Users/omer/anaconda3/lib/python3.11/site-packages/airflow/example_dags/example_dynamic_task_mapping_with_no_taskflow_operators.py
[2024-09-19T06:24:33.302+0000] {processor.py:914} INFO - Processing file /Users/omer/anaconda3/lib/python3.11/site-packages/airflow/example_dags/example_dynamic_task_mapping_with_no_taskflow_operators.py for tasks to queue
[2024-09-19T06:24:33.303+0000] {logging_mixin.py:190} INFO - [2024-09-19T06:24:33.303+0000] {dagbag.py:587} INFO - Filling up the DagBag from /Users/omer/anaconda3/lib/python3.11/site-packages/airflow/example_dags/example_dynamic_task_mapping_with_no_taskflow_operators.py
[2024-09-19T06:24:33.305+0000] {processor.py:925} INFO - DAG(s) 'example_dynamic_task_mapping_with_no_taskflow_operators' retrieved from /Users/omer/anaconda3/lib/python3.11/site-packages/airflow/example_dags/example_dynamic_task_mapping_with_no_taskflow_operators.py
[2024-09-19T06:24:33.331+0000] {logging_mixin.py:190} INFO - [2024-09-19T06:24:33.331+0000] {dag.py:3229} INFO - Sync 1 DAGs
[2024-09-19T06:24:33.334+0000] {logging_mixin.py:190} INFO - [2024-09-19T06:24:33.334+0000] {dag.py:4156} INFO - Setting next_dagrun for example_dynamic_task_mapping_with_no_taskflow_operators to None, run_after=None
[2024-09-19T06:24:33.340+0000] {processor.py:208} INFO - Processing /Users/omer/anaconda3/lib/python3.11/site-packages/airflow/example_dags/example_dynamic_task_mapping_with_no_taskflow_operators.py took 0.039 seconds
