[2024-09-19T00:13:25.994+0000] {processor.py:186} INFO - Started process (PID=24473) to work on /Users/omer/anaconda3/lib/python3.11/site-packages/airflow/example_dags/example_subdag_operator.py
[2024-09-19T00:13:25.994+0000] {processor.py:914} INFO - Processing file /Users/omer/anaconda3/lib/python3.11/site-packages/airflow/example_dags/example_subdag_operator.py for tasks to queue
[2024-09-19T00:13:25.994+0000] {logging_mixin.py:190} INFO - [2024-09-19T00:13:25.994+0000] {dagbag.py:587} INFO - Filling up the DagBag from /Users/omer/anaconda3/lib/python3.11/site-packages/airflow/example_dags/example_subdag_operator.py
[2024-09-19T00:13:26.021+0000] {processor.py:925} INFO - DAG(s) 'example_subdag_operator.section-1', 'example_subdag_operator.section-2', 'example_subdag_operator' retrieved from /Users/omer/anaconda3/lib/python3.11/site-packages/airflow/example_dags/example_subdag_operator.py
[2024-09-19T00:13:26.068+0000] {logging_mixin.py:190} INFO - [2024-09-19T00:13:26.068+0000] {utils.py:148} INFO - Note: NumExpr detected 12 cores but "NUMEXPR_MAX_THREADS" not set, so enforcing safe limit of 8.
[2024-09-19T00:13:26.068+0000] {logging_mixin.py:190} INFO - [2024-09-19T00:13:26.068+0000] {utils.py:160} INFO - NumExpr defaulting to 8 threads.
[2024-09-19T00:13:26.190+0000] {logging_mixin.py:190} INFO - [2024-09-19T00:13:26.190+0000] {dag.py:3229} INFO - Sync 3 DAGs
[2024-09-19T00:13:26.195+0000] {logging_mixin.py:190} INFO - [2024-09-19T00:13:26.195+0000] {dag.py:4156} INFO - Setting next_dagrun for example_subdag_operator to 2022-01-01 00:00:00+00:00, run_after=2022-01-01 00:00:00+00:00
[2024-09-19T00:13:26.196+0000] {logging_mixin.py:190} INFO - [2024-09-19T00:13:26.196+0000] {dag.py:4156} INFO - Setting next_dagrun for example_subdag_operator.section-1 to None, run_after=None
[2024-09-19T00:13:26.196+0000] {logging_mixin.py:190} INFO - [2024-09-19T00:13:26.196+0000] {dag.py:4156} INFO - Setting next_dagrun for example_subdag_operator.section-2 to None, run_after=None
[2024-09-19T00:13:26.198+0000] {logging_mixin.py:190} INFO - [2024-09-19T00:13:26.198+0000] {dag.py:3229} INFO - Sync 2 DAGs
[2024-09-19T00:13:26.199+0000] {logging_mixin.py:190} INFO - [2024-09-19T00:13:26.199+0000] {dag.py:4156} INFO - Setting next_dagrun for example_subdag_operator.section-1 to None, run_after=None
[2024-09-19T00:13:26.199+0000] {logging_mixin.py:190} INFO - [2024-09-19T00:13:26.199+0000] {dag.py:4156} INFO - Setting next_dagrun for example_subdag_operator.section-2 to None, run_after=None
[2024-09-19T00:13:26.203+0000] {processor.py:208} INFO - Processing /Users/omer/anaconda3/lib/python3.11/site-packages/airflow/example_dags/example_subdag_operator.py took 0.211 seconds
[2024-09-19T00:33:47.608+0000] {processor.py:186} INFO - Started process (PID=24559) to work on /Users/omer/anaconda3/lib/python3.11/site-packages/airflow/example_dags/example_subdag_operator.py
[2024-09-19T00:33:47.609+0000] {processor.py:914} INFO - Processing file /Users/omer/anaconda3/lib/python3.11/site-packages/airflow/example_dags/example_subdag_operator.py for tasks to queue
[2024-09-19T00:33:47.609+0000] {logging_mixin.py:190} INFO - [2024-09-19T00:33:47.609+0000] {dagbag.py:587} INFO - Filling up the DagBag from /Users/omer/anaconda3/lib/python3.11/site-packages/airflow/example_dags/example_subdag_operator.py
[2024-09-19T00:33:47.636+0000] {processor.py:925} INFO - DAG(s) 'example_subdag_operator.section-1', 'example_subdag_operator.section-2', 'example_subdag_operator' retrieved from /Users/omer/anaconda3/lib/python3.11/site-packages/airflow/example_dags/example_subdag_operator.py
[2024-09-19T00:33:47.683+0000] {logging_mixin.py:190} INFO - [2024-09-19T00:33:47.683+0000] {utils.py:148} INFO - Note: NumExpr detected 12 cores but "NUMEXPR_MAX_THREADS" not set, so enforcing safe limit of 8.
[2024-09-19T00:33:47.683+0000] {logging_mixin.py:190} INFO - [2024-09-19T00:33:47.683+0000] {utils.py:160} INFO - NumExpr defaulting to 8 threads.
[2024-09-19T00:33:47.801+0000] {logging_mixin.py:190} INFO - [2024-09-19T00:33:47.801+0000] {dag.py:3229} INFO - Sync 3 DAGs
[2024-09-19T00:33:47.807+0000] {logging_mixin.py:190} INFO - [2024-09-19T00:33:47.807+0000] {dag.py:4156} INFO - Setting next_dagrun for example_subdag_operator to 2022-01-01 00:00:00+00:00, run_after=2022-01-01 00:00:00+00:00
[2024-09-19T00:33:47.808+0000] {logging_mixin.py:190} INFO - [2024-09-19T00:33:47.808+0000] {dag.py:4156} INFO - Setting next_dagrun for example_subdag_operator.section-1 to None, run_after=None
[2024-09-19T00:33:47.808+0000] {logging_mixin.py:190} INFO - [2024-09-19T00:33:47.808+0000] {dag.py:4156} INFO - Setting next_dagrun for example_subdag_operator.section-2 to None, run_after=None
[2024-09-19T00:33:47.810+0000] {logging_mixin.py:190} INFO - [2024-09-19T00:33:47.810+0000] {dag.py:3229} INFO - Sync 2 DAGs
[2024-09-19T00:33:47.811+0000] {logging_mixin.py:190} INFO - [2024-09-19T00:33:47.811+0000] {dag.py:4156} INFO - Setting next_dagrun for example_subdag_operator.section-1 to None, run_after=None
[2024-09-19T00:33:47.811+0000] {logging_mixin.py:190} INFO - [2024-09-19T00:33:47.811+0000] {dag.py:4156} INFO - Setting next_dagrun for example_subdag_operator.section-2 to None, run_after=None
[2024-09-19T00:33:47.815+0000] {processor.py:208} INFO - Processing /Users/omer/anaconda3/lib/python3.11/site-packages/airflow/example_dags/example_subdag_operator.py took 0.208 seconds
[2024-09-19T01:27:43.276+0000] {processor.py:186} INFO - Started process (PID=24670) to work on /Users/omer/anaconda3/lib/python3.11/site-packages/airflow/example_dags/example_subdag_operator.py
[2024-09-19T01:27:43.277+0000] {processor.py:914} INFO - Processing file /Users/omer/anaconda3/lib/python3.11/site-packages/airflow/example_dags/example_subdag_operator.py for tasks to queue
[2024-09-19T01:27:43.277+0000] {logging_mixin.py:190} INFO - [2024-09-19T01:27:43.277+0000] {dagbag.py:587} INFO - Filling up the DagBag from /Users/omer/anaconda3/lib/python3.11/site-packages/airflow/example_dags/example_subdag_operator.py
[2024-09-19T01:27:43.303+0000] {processor.py:925} INFO - DAG(s) 'example_subdag_operator.section-1', 'example_subdag_operator.section-2', 'example_subdag_operator' retrieved from /Users/omer/anaconda3/lib/python3.11/site-packages/airflow/example_dags/example_subdag_operator.py
[2024-09-19T01:27:43.348+0000] {logging_mixin.py:190} INFO - [2024-09-19T01:27:43.348+0000] {utils.py:148} INFO - Note: NumExpr detected 12 cores but "NUMEXPR_MAX_THREADS" not set, so enforcing safe limit of 8.
[2024-09-19T01:27:43.349+0000] {logging_mixin.py:190} INFO - [2024-09-19T01:27:43.349+0000] {utils.py:160} INFO - NumExpr defaulting to 8 threads.
[2024-09-19T01:27:43.456+0000] {logging_mixin.py:190} INFO - [2024-09-19T01:27:43.456+0000] {dag.py:3229} INFO - Sync 3 DAGs
[2024-09-19T01:27:43.461+0000] {logging_mixin.py:190} INFO - [2024-09-19T01:27:43.460+0000] {dag.py:4156} INFO - Setting next_dagrun for example_subdag_operator to 2022-01-01 00:00:00+00:00, run_after=2022-01-01 00:00:00+00:00
[2024-09-19T01:27:43.461+0000] {logging_mixin.py:190} INFO - [2024-09-19T01:27:43.461+0000] {dag.py:4156} INFO - Setting next_dagrun for example_subdag_operator.section-1 to None, run_after=None
[2024-09-19T01:27:43.462+0000] {logging_mixin.py:190} INFO - [2024-09-19T01:27:43.462+0000] {dag.py:4156} INFO - Setting next_dagrun for example_subdag_operator.section-2 to None, run_after=None
[2024-09-19T01:27:43.463+0000] {logging_mixin.py:190} INFO - [2024-09-19T01:27:43.463+0000] {dag.py:3229} INFO - Sync 2 DAGs
[2024-09-19T01:27:43.465+0000] {logging_mixin.py:190} INFO - [2024-09-19T01:27:43.465+0000] {dag.py:4156} INFO - Setting next_dagrun for example_subdag_operator.section-1 to None, run_after=None
[2024-09-19T01:27:43.465+0000] {logging_mixin.py:190} INFO - [2024-09-19T01:27:43.465+0000] {dag.py:4156} INFO - Setting next_dagrun for example_subdag_operator.section-2 to None, run_after=None
[2024-09-19T01:27:43.468+0000] {processor.py:208} INFO - Processing /Users/omer/anaconda3/lib/python3.11/site-packages/airflow/example_dags/example_subdag_operator.py took 0.193 seconds
[2024-09-19T02:02:43.205+0000] {processor.py:186} INFO - Started process (PID=24791) to work on /Users/omer/anaconda3/lib/python3.11/site-packages/airflow/example_dags/example_subdag_operator.py
[2024-09-19T02:02:43.206+0000] {processor.py:914} INFO - Processing file /Users/omer/anaconda3/lib/python3.11/site-packages/airflow/example_dags/example_subdag_operator.py for tasks to queue
[2024-09-19T02:02:43.206+0000] {logging_mixin.py:190} INFO - [2024-09-19T02:02:43.206+0000] {dagbag.py:587} INFO - Filling up the DagBag from /Users/omer/anaconda3/lib/python3.11/site-packages/airflow/example_dags/example_subdag_operator.py
[2024-09-19T02:02:43.232+0000] {processor.py:925} INFO - DAG(s) 'example_subdag_operator.section-1', 'example_subdag_operator.section-2', 'example_subdag_operator' retrieved from /Users/omer/anaconda3/lib/python3.11/site-packages/airflow/example_dags/example_subdag_operator.py
[2024-09-19T02:02:43.279+0000] {logging_mixin.py:190} INFO - [2024-09-19T02:02:43.279+0000] {utils.py:148} INFO - Note: NumExpr detected 12 cores but "NUMEXPR_MAX_THREADS" not set, so enforcing safe limit of 8.
[2024-09-19T02:02:43.279+0000] {logging_mixin.py:190} INFO - [2024-09-19T02:02:43.279+0000] {utils.py:160} INFO - NumExpr defaulting to 8 threads.
[2024-09-19T02:02:43.393+0000] {logging_mixin.py:190} INFO - [2024-09-19T02:02:43.393+0000] {dag.py:3229} INFO - Sync 3 DAGs
[2024-09-19T02:02:43.398+0000] {logging_mixin.py:190} INFO - [2024-09-19T02:02:43.398+0000] {dag.py:4156} INFO - Setting next_dagrun for example_subdag_operator to 2022-01-01 00:00:00+00:00, run_after=2022-01-01 00:00:00+00:00
[2024-09-19T02:02:43.399+0000] {logging_mixin.py:190} INFO - [2024-09-19T02:02:43.399+0000] {dag.py:4156} INFO - Setting next_dagrun for example_subdag_operator.section-1 to None, run_after=None
[2024-09-19T02:02:43.399+0000] {logging_mixin.py:190} INFO - [2024-09-19T02:02:43.399+0000] {dag.py:4156} INFO - Setting next_dagrun for example_subdag_operator.section-2 to None, run_after=None
[2024-09-19T02:02:43.401+0000] {logging_mixin.py:190} INFO - [2024-09-19T02:02:43.401+0000] {dag.py:3229} INFO - Sync 2 DAGs
[2024-09-19T02:02:43.402+0000] {logging_mixin.py:190} INFO - [2024-09-19T02:02:43.402+0000] {dag.py:4156} INFO - Setting next_dagrun for example_subdag_operator.section-1 to None, run_after=None
[2024-09-19T02:02:43.402+0000] {logging_mixin.py:190} INFO - [2024-09-19T02:02:43.402+0000] {dag.py:4156} INFO - Setting next_dagrun for example_subdag_operator.section-2 to None, run_after=None
[2024-09-19T02:02:43.406+0000] {processor.py:208} INFO - Processing /Users/omer/anaconda3/lib/python3.11/site-packages/airflow/example_dags/example_subdag_operator.py took 0.201 seconds
[2024-09-19T02:25:03.879+0000] {processor.py:186} INFO - Started process (PID=24910) to work on /Users/omer/anaconda3/lib/python3.11/site-packages/airflow/example_dags/example_subdag_operator.py
[2024-09-19T02:25:03.880+0000] {processor.py:914} INFO - Processing file /Users/omer/anaconda3/lib/python3.11/site-packages/airflow/example_dags/example_subdag_operator.py for tasks to queue
[2024-09-19T02:25:03.881+0000] {logging_mixin.py:190} INFO - [2024-09-19T02:25:03.881+0000] {dagbag.py:587} INFO - Filling up the DagBag from /Users/omer/anaconda3/lib/python3.11/site-packages/airflow/example_dags/example_subdag_operator.py
[2024-09-19T02:25:03.908+0000] {processor.py:925} INFO - DAG(s) 'example_subdag_operator.section-1', 'example_subdag_operator.section-2', 'example_subdag_operator' retrieved from /Users/omer/anaconda3/lib/python3.11/site-packages/airflow/example_dags/example_subdag_operator.py
[2024-09-19T02:25:03.953+0000] {logging_mixin.py:190} INFO - [2024-09-19T02:25:03.953+0000] {utils.py:148} INFO - Note: NumExpr detected 12 cores but "NUMEXPR_MAX_THREADS" not set, so enforcing safe limit of 8.
[2024-09-19T02:25:03.953+0000] {logging_mixin.py:190} INFO - [2024-09-19T02:25:03.953+0000] {utils.py:160} INFO - NumExpr defaulting to 8 threads.
[2024-09-19T02:25:04.062+0000] {logging_mixin.py:190} INFO - [2024-09-19T02:25:04.062+0000] {dag.py:3229} INFO - Sync 3 DAGs
[2024-09-19T02:25:04.067+0000] {logging_mixin.py:190} INFO - [2024-09-19T02:25:04.067+0000] {dag.py:4156} INFO - Setting next_dagrun for example_subdag_operator to 2022-01-01 00:00:00+00:00, run_after=2022-01-01 00:00:00+00:00
[2024-09-19T02:25:04.068+0000] {logging_mixin.py:190} INFO - [2024-09-19T02:25:04.068+0000] {dag.py:4156} INFO - Setting next_dagrun for example_subdag_operator.section-1 to None, run_after=None
[2024-09-19T02:25:04.068+0000] {logging_mixin.py:190} INFO - [2024-09-19T02:25:04.068+0000] {dag.py:4156} INFO - Setting next_dagrun for example_subdag_operator.section-2 to None, run_after=None
[2024-09-19T02:25:04.070+0000] {logging_mixin.py:190} INFO - [2024-09-19T02:25:04.070+0000] {dag.py:3229} INFO - Sync 2 DAGs
[2024-09-19T02:25:04.071+0000] {logging_mixin.py:190} INFO - [2024-09-19T02:25:04.071+0000] {dag.py:4156} INFO - Setting next_dagrun for example_subdag_operator.section-1 to None, run_after=None
[2024-09-19T02:25:04.071+0000] {logging_mixin.py:190} INFO - [2024-09-19T02:25:04.071+0000] {dag.py:4156} INFO - Setting next_dagrun for example_subdag_operator.section-2 to None, run_after=None
[2024-09-19T02:25:04.075+0000] {processor.py:208} INFO - Processing /Users/omer/anaconda3/lib/python3.11/site-packages/airflow/example_dags/example_subdag_operator.py took 0.197 seconds
[2024-09-19T03:04:35.616+0000] {processor.py:186} INFO - Started process (PID=25019) to work on /Users/omer/anaconda3/lib/python3.11/site-packages/airflow/example_dags/example_subdag_operator.py
[2024-09-19T03:04:35.616+0000] {processor.py:914} INFO - Processing file /Users/omer/anaconda3/lib/python3.11/site-packages/airflow/example_dags/example_subdag_operator.py for tasks to queue
[2024-09-19T03:04:35.616+0000] {logging_mixin.py:190} INFO - [2024-09-19T03:04:35.616+0000] {dagbag.py:587} INFO - Filling up the DagBag from /Users/omer/anaconda3/lib/python3.11/site-packages/airflow/example_dags/example_subdag_operator.py
[2024-09-19T03:04:35.645+0000] {processor.py:925} INFO - DAG(s) 'example_subdag_operator.section-1', 'example_subdag_operator.section-2', 'example_subdag_operator' retrieved from /Users/omer/anaconda3/lib/python3.11/site-packages/airflow/example_dags/example_subdag_operator.py
[2024-09-19T03:04:35.699+0000] {logging_mixin.py:190} INFO - [2024-09-19T03:04:35.699+0000] {utils.py:148} INFO - Note: NumExpr detected 12 cores but "NUMEXPR_MAX_THREADS" not set, so enforcing safe limit of 8.
[2024-09-19T03:04:35.699+0000] {logging_mixin.py:190} INFO - [2024-09-19T03:04:35.699+0000] {utils.py:160} INFO - NumExpr defaulting to 8 threads.
[2024-09-19T03:04:35.817+0000] {logging_mixin.py:190} INFO - [2024-09-19T03:04:35.817+0000] {dag.py:3229} INFO - Sync 3 DAGs
[2024-09-19T03:04:35.822+0000] {logging_mixin.py:190} INFO - [2024-09-19T03:04:35.822+0000] {dag.py:4156} INFO - Setting next_dagrun for example_subdag_operator to 2022-01-01 00:00:00+00:00, run_after=2022-01-01 00:00:00+00:00
[2024-09-19T03:04:35.823+0000] {logging_mixin.py:190} INFO - [2024-09-19T03:04:35.823+0000] {dag.py:4156} INFO - Setting next_dagrun for example_subdag_operator.section-1 to None, run_after=None
[2024-09-19T03:04:35.823+0000] {logging_mixin.py:190} INFO - [2024-09-19T03:04:35.823+0000] {dag.py:4156} INFO - Setting next_dagrun for example_subdag_operator.section-2 to None, run_after=None
[2024-09-19T03:04:35.824+0000] {logging_mixin.py:190} INFO - [2024-09-19T03:04:35.824+0000] {dag.py:3229} INFO - Sync 2 DAGs
[2024-09-19T03:04:35.826+0000] {logging_mixin.py:190} INFO - [2024-09-19T03:04:35.826+0000] {dag.py:4156} INFO - Setting next_dagrun for example_subdag_operator.section-1 to None, run_after=None
[2024-09-19T03:04:35.826+0000] {logging_mixin.py:190} INFO - [2024-09-19T03:04:35.826+0000] {dag.py:4156} INFO - Setting next_dagrun for example_subdag_operator.section-2 to None, run_after=None
[2024-09-19T03:04:35.829+0000] {processor.py:208} INFO - Processing /Users/omer/anaconda3/lib/python3.11/site-packages/airflow/example_dags/example_subdag_operator.py took 0.214 seconds
[2024-09-19T03:41:29.529+0000] {processor.py:186} INFO - Started process (PID=25174) to work on /Users/omer/anaconda3/lib/python3.11/site-packages/airflow/example_dags/example_subdag_operator.py
[2024-09-19T03:41:29.530+0000] {processor.py:914} INFO - Processing file /Users/omer/anaconda3/lib/python3.11/site-packages/airflow/example_dags/example_subdag_operator.py for tasks to queue
[2024-09-19T03:41:29.530+0000] {logging_mixin.py:190} INFO - [2024-09-19T03:41:29.530+0000] {dagbag.py:587} INFO - Filling up the DagBag from /Users/omer/anaconda3/lib/python3.11/site-packages/airflow/example_dags/example_subdag_operator.py
[2024-09-19T03:41:29.557+0000] {processor.py:925} INFO - DAG(s) 'example_subdag_operator.section-1', 'example_subdag_operator.section-2', 'example_subdag_operator' retrieved from /Users/omer/anaconda3/lib/python3.11/site-packages/airflow/example_dags/example_subdag_operator.py
[2024-09-19T03:41:29.602+0000] {logging_mixin.py:190} INFO - [2024-09-19T03:41:29.602+0000] {utils.py:148} INFO - Note: NumExpr detected 12 cores but "NUMEXPR_MAX_THREADS" not set, so enforcing safe limit of 8.
[2024-09-19T03:41:29.602+0000] {logging_mixin.py:190} INFO - [2024-09-19T03:41:29.602+0000] {utils.py:160} INFO - NumExpr defaulting to 8 threads.
[2024-09-19T03:41:29.710+0000] {logging_mixin.py:190} INFO - [2024-09-19T03:41:29.710+0000] {dag.py:3229} INFO - Sync 3 DAGs
[2024-09-19T03:41:29.715+0000] {logging_mixin.py:190} INFO - [2024-09-19T03:41:29.715+0000] {dag.py:4156} INFO - Setting next_dagrun for example_subdag_operator to 2022-01-01 00:00:00+00:00, run_after=2022-01-01 00:00:00+00:00
[2024-09-19T03:41:29.716+0000] {logging_mixin.py:190} INFO - [2024-09-19T03:41:29.716+0000] {dag.py:4156} INFO - Setting next_dagrun for example_subdag_operator.section-1 to None, run_after=None
[2024-09-19T03:41:29.716+0000] {logging_mixin.py:190} INFO - [2024-09-19T03:41:29.716+0000] {dag.py:4156} INFO - Setting next_dagrun for example_subdag_operator.section-2 to None, run_after=None
[2024-09-19T03:41:29.718+0000] {logging_mixin.py:190} INFO - [2024-09-19T03:41:29.718+0000] {dag.py:3229} INFO - Sync 2 DAGs
[2024-09-19T03:41:29.719+0000] {logging_mixin.py:190} INFO - [2024-09-19T03:41:29.719+0000] {dag.py:4156} INFO - Setting next_dagrun for example_subdag_operator.section-1 to None, run_after=None
[2024-09-19T03:41:29.719+0000] {logging_mixin.py:190} INFO - [2024-09-19T03:41:29.719+0000] {dag.py:4156} INFO - Setting next_dagrun for example_subdag_operator.section-2 to None, run_after=None
[2024-09-19T03:41:29.723+0000] {processor.py:208} INFO - Processing /Users/omer/anaconda3/lib/python3.11/site-packages/airflow/example_dags/example_subdag_operator.py took 0.194 seconds
[2024-09-19T04:21:18.298+0000] {processor.py:186} INFO - Started process (PID=25297) to work on /Users/omer/anaconda3/lib/python3.11/site-packages/airflow/example_dags/example_subdag_operator.py
[2024-09-19T04:21:18.298+0000] {processor.py:914} INFO - Processing file /Users/omer/anaconda3/lib/python3.11/site-packages/airflow/example_dags/example_subdag_operator.py for tasks to queue
[2024-09-19T04:21:18.299+0000] {logging_mixin.py:190} INFO - [2024-09-19T04:21:18.299+0000] {dagbag.py:587} INFO - Filling up the DagBag from /Users/omer/anaconda3/lib/python3.11/site-packages/airflow/example_dags/example_subdag_operator.py
[2024-09-19T04:21:18.326+0000] {processor.py:925} INFO - DAG(s) 'example_subdag_operator.section-1', 'example_subdag_operator.section-2', 'example_subdag_operator' retrieved from /Users/omer/anaconda3/lib/python3.11/site-packages/airflow/example_dags/example_subdag_operator.py
[2024-09-19T04:21:18.373+0000] {logging_mixin.py:190} INFO - [2024-09-19T04:21:18.373+0000] {utils.py:148} INFO - Note: NumExpr detected 12 cores but "NUMEXPR_MAX_THREADS" not set, so enforcing safe limit of 8.
[2024-09-19T04:21:18.373+0000] {logging_mixin.py:190} INFO - [2024-09-19T04:21:18.373+0000] {utils.py:160} INFO - NumExpr defaulting to 8 threads.
[2024-09-19T04:21:18.503+0000] {logging_mixin.py:190} INFO - [2024-09-19T04:21:18.503+0000] {dag.py:3229} INFO - Sync 3 DAGs
[2024-09-19T04:21:18.508+0000] {logging_mixin.py:190} INFO - [2024-09-19T04:21:18.508+0000] {dag.py:4156} INFO - Setting next_dagrun for example_subdag_operator to 2022-01-01 00:00:00+00:00, run_after=2022-01-01 00:00:00+00:00
[2024-09-19T04:21:18.509+0000] {logging_mixin.py:190} INFO - [2024-09-19T04:21:18.509+0000] {dag.py:4156} INFO - Setting next_dagrun for example_subdag_operator.section-1 to None, run_after=None
[2024-09-19T04:21:18.510+0000] {logging_mixin.py:190} INFO - [2024-09-19T04:21:18.510+0000] {dag.py:4156} INFO - Setting next_dagrun for example_subdag_operator.section-2 to None, run_after=None
[2024-09-19T04:21:18.511+0000] {logging_mixin.py:190} INFO - [2024-09-19T04:21:18.511+0000] {dag.py:3229} INFO - Sync 2 DAGs
[2024-09-19T04:21:18.513+0000] {logging_mixin.py:190} INFO - [2024-09-19T04:21:18.513+0000] {dag.py:4156} INFO - Setting next_dagrun for example_subdag_operator.section-1 to None, run_after=None
[2024-09-19T04:21:18.513+0000] {logging_mixin.py:190} INFO - [2024-09-19T04:21:18.513+0000] {dag.py:4156} INFO - Setting next_dagrun for example_subdag_operator.section-2 to None, run_after=None
[2024-09-19T04:21:18.516+0000] {processor.py:208} INFO - Processing /Users/omer/anaconda3/lib/python3.11/site-packages/airflow/example_dags/example_subdag_operator.py took 0.220 seconds
[2024-09-19T04:58:08.451+0000] {processor.py:186} INFO - Started process (PID=25410) to work on /Users/omer/anaconda3/lib/python3.11/site-packages/airflow/example_dags/example_subdag_operator.py
[2024-09-19T04:58:08.451+0000] {processor.py:914} INFO - Processing file /Users/omer/anaconda3/lib/python3.11/site-packages/airflow/example_dags/example_subdag_operator.py for tasks to queue
[2024-09-19T04:58:08.451+0000] {logging_mixin.py:190} INFO - [2024-09-19T04:58:08.451+0000] {dagbag.py:587} INFO - Filling up the DagBag from /Users/omer/anaconda3/lib/python3.11/site-packages/airflow/example_dags/example_subdag_operator.py
[2024-09-19T04:58:08.479+0000] {processor.py:925} INFO - DAG(s) 'example_subdag_operator.section-1', 'example_subdag_operator.section-2', 'example_subdag_operator' retrieved from /Users/omer/anaconda3/lib/python3.11/site-packages/airflow/example_dags/example_subdag_operator.py
[2024-09-19T04:58:08.528+0000] {logging_mixin.py:190} INFO - [2024-09-19T04:58:08.527+0000] {utils.py:148} INFO - Note: NumExpr detected 12 cores but "NUMEXPR_MAX_THREADS" not set, so enforcing safe limit of 8.
[2024-09-19T04:58:08.528+0000] {logging_mixin.py:190} INFO - [2024-09-19T04:58:08.528+0000] {utils.py:160} INFO - NumExpr defaulting to 8 threads.
[2024-09-19T04:58:08.640+0000] {logging_mixin.py:190} INFO - [2024-09-19T04:58:08.640+0000] {dag.py:3229} INFO - Sync 3 DAGs
[2024-09-19T04:58:08.645+0000] {logging_mixin.py:190} INFO - [2024-09-19T04:58:08.645+0000] {dag.py:4156} INFO - Setting next_dagrun for example_subdag_operator to 2022-01-01 00:00:00+00:00, run_after=2022-01-01 00:00:00+00:00
[2024-09-19T04:58:08.646+0000] {logging_mixin.py:190} INFO - [2024-09-19T04:58:08.646+0000] {dag.py:4156} INFO - Setting next_dagrun for example_subdag_operator.section-1 to None, run_after=None
[2024-09-19T04:58:08.646+0000] {logging_mixin.py:190} INFO - [2024-09-19T04:58:08.646+0000] {dag.py:4156} INFO - Setting next_dagrun for example_subdag_operator.section-2 to None, run_after=None
[2024-09-19T04:58:08.648+0000] {logging_mixin.py:190} INFO - [2024-09-19T04:58:08.648+0000] {dag.py:3229} INFO - Sync 2 DAGs
[2024-09-19T04:58:08.649+0000] {logging_mixin.py:190} INFO - [2024-09-19T04:58:08.649+0000] {dag.py:4156} INFO - Setting next_dagrun for example_subdag_operator.section-1 to None, run_after=None
[2024-09-19T04:58:08.649+0000] {logging_mixin.py:190} INFO - [2024-09-19T04:58:08.649+0000] {dag.py:4156} INFO - Setting next_dagrun for example_subdag_operator.section-2 to None, run_after=None
[2024-09-19T04:58:08.652+0000] {processor.py:208} INFO - Processing /Users/omer/anaconda3/lib/python3.11/site-packages/airflow/example_dags/example_subdag_operator.py took 0.202 seconds
[2024-09-19T05:21:10.196+0000] {processor.py:186} INFO - Started process (PID=25533) to work on /Users/omer/anaconda3/lib/python3.11/site-packages/airflow/example_dags/example_subdag_operator.py
[2024-09-19T05:21:10.196+0000] {processor.py:914} INFO - Processing file /Users/omer/anaconda3/lib/python3.11/site-packages/airflow/example_dags/example_subdag_operator.py for tasks to queue
[2024-09-19T05:21:10.197+0000] {logging_mixin.py:190} INFO - [2024-09-19T05:21:10.197+0000] {dagbag.py:587} INFO - Filling up the DagBag from /Users/omer/anaconda3/lib/python3.11/site-packages/airflow/example_dags/example_subdag_operator.py
[2024-09-19T05:21:10.223+0000] {processor.py:925} INFO - DAG(s) 'example_subdag_operator.section-1', 'example_subdag_operator.section-2', 'example_subdag_operator' retrieved from /Users/omer/anaconda3/lib/python3.11/site-packages/airflow/example_dags/example_subdag_operator.py
[2024-09-19T05:21:10.270+0000] {logging_mixin.py:190} INFO - [2024-09-19T05:21:10.270+0000] {utils.py:148} INFO - Note: NumExpr detected 12 cores but "NUMEXPR_MAX_THREADS" not set, so enforcing safe limit of 8.
[2024-09-19T05:21:10.270+0000] {logging_mixin.py:190} INFO - [2024-09-19T05:21:10.270+0000] {utils.py:160} INFO - NumExpr defaulting to 8 threads.
[2024-09-19T05:21:10.379+0000] {logging_mixin.py:190} INFO - [2024-09-19T05:21:10.379+0000] {dag.py:3229} INFO - Sync 3 DAGs
[2024-09-19T05:21:10.384+0000] {logging_mixin.py:190} INFO - [2024-09-19T05:21:10.384+0000] {dag.py:4156} INFO - Setting next_dagrun for example_subdag_operator to 2022-01-01 00:00:00+00:00, run_after=2022-01-01 00:00:00+00:00
[2024-09-19T05:21:10.384+0000] {logging_mixin.py:190} INFO - [2024-09-19T05:21:10.384+0000] {dag.py:4156} INFO - Setting next_dagrun for example_subdag_operator.section-1 to None, run_after=None
[2024-09-19T05:21:10.385+0000] {logging_mixin.py:190} INFO - [2024-09-19T05:21:10.385+0000] {dag.py:4156} INFO - Setting next_dagrun for example_subdag_operator.section-2 to None, run_after=None
[2024-09-19T05:21:10.386+0000] {logging_mixin.py:190} INFO - [2024-09-19T05:21:10.386+0000] {dag.py:3229} INFO - Sync 2 DAGs
[2024-09-19T05:21:10.388+0000] {logging_mixin.py:190} INFO - [2024-09-19T05:21:10.388+0000] {dag.py:4156} INFO - Setting next_dagrun for example_subdag_operator.section-1 to None, run_after=None
[2024-09-19T05:21:10.388+0000] {logging_mixin.py:190} INFO - [2024-09-19T05:21:10.388+0000] {dag.py:4156} INFO - Setting next_dagrun for example_subdag_operator.section-2 to None, run_after=None
[2024-09-19T05:21:10.391+0000] {processor.py:208} INFO - Processing /Users/omer/anaconda3/lib/python3.11/site-packages/airflow/example_dags/example_subdag_operator.py took 0.196 seconds
[2024-09-19T06:00:17.661+0000] {processor.py:186} INFO - Started process (PID=25654) to work on /Users/omer/anaconda3/lib/python3.11/site-packages/airflow/example_dags/example_subdag_operator.py
[2024-09-19T06:00:17.662+0000] {processor.py:914} INFO - Processing file /Users/omer/anaconda3/lib/python3.11/site-packages/airflow/example_dags/example_subdag_operator.py for tasks to queue
[2024-09-19T06:00:17.663+0000] {logging_mixin.py:190} INFO - [2024-09-19T06:00:17.663+0000] {dagbag.py:587} INFO - Filling up the DagBag from /Users/omer/anaconda3/lib/python3.11/site-packages/airflow/example_dags/example_subdag_operator.py
[2024-09-19T06:00:17.689+0000] {processor.py:925} INFO - DAG(s) 'example_subdag_operator.section-1', 'example_subdag_operator.section-2', 'example_subdag_operator' retrieved from /Users/omer/anaconda3/lib/python3.11/site-packages/airflow/example_dags/example_subdag_operator.py
[2024-09-19T06:00:17.735+0000] {logging_mixin.py:190} INFO - [2024-09-19T06:00:17.735+0000] {utils.py:148} INFO - Note: NumExpr detected 12 cores but "NUMEXPR_MAX_THREADS" not set, so enforcing safe limit of 8.
[2024-09-19T06:00:17.735+0000] {logging_mixin.py:190} INFO - [2024-09-19T06:00:17.735+0000] {utils.py:160} INFO - NumExpr defaulting to 8 threads.
[2024-09-19T06:00:17.842+0000] {logging_mixin.py:190} INFO - [2024-09-19T06:00:17.842+0000] {dag.py:3229} INFO - Sync 3 DAGs
[2024-09-19T06:00:17.847+0000] {logging_mixin.py:190} INFO - [2024-09-19T06:00:17.847+0000] {dag.py:4156} INFO - Setting next_dagrun for example_subdag_operator to 2022-01-01 00:00:00+00:00, run_after=2022-01-01 00:00:00+00:00
[2024-09-19T06:00:17.848+0000] {logging_mixin.py:190} INFO - [2024-09-19T06:00:17.848+0000] {dag.py:4156} INFO - Setting next_dagrun for example_subdag_operator.section-1 to None, run_after=None
[2024-09-19T06:00:17.848+0000] {logging_mixin.py:190} INFO - [2024-09-19T06:00:17.848+0000] {dag.py:4156} INFO - Setting next_dagrun for example_subdag_operator.section-2 to None, run_after=None
[2024-09-19T06:00:17.850+0000] {logging_mixin.py:190} INFO - [2024-09-19T06:00:17.850+0000] {dag.py:3229} INFO - Sync 2 DAGs
[2024-09-19T06:00:17.851+0000] {logging_mixin.py:190} INFO - [2024-09-19T06:00:17.851+0000] {dag.py:4156} INFO - Setting next_dagrun for example_subdag_operator.section-1 to None, run_after=None
[2024-09-19T06:00:17.851+0000] {logging_mixin.py:190} INFO - [2024-09-19T06:00:17.851+0000] {dag.py:4156} INFO - Setting next_dagrun for example_subdag_operator.section-2 to None, run_after=None
[2024-09-19T06:00:17.855+0000] {processor.py:208} INFO - Processing /Users/omer/anaconda3/lib/python3.11/site-packages/airflow/example_dags/example_subdag_operator.py took 0.194 seconds
[2024-09-19T06:16:02.536+0000] {processor.py:186} INFO - Started process (PID=25765) to work on /Users/omer/anaconda3/lib/python3.11/site-packages/airflow/example_dags/example_subdag_operator.py
[2024-09-19T06:16:02.537+0000] {processor.py:914} INFO - Processing file /Users/omer/anaconda3/lib/python3.11/site-packages/airflow/example_dags/example_subdag_operator.py for tasks to queue
[2024-09-19T06:16:02.537+0000] {logging_mixin.py:190} INFO - [2024-09-19T06:16:02.537+0000] {dagbag.py:587} INFO - Filling up the DagBag from /Users/omer/anaconda3/lib/python3.11/site-packages/airflow/example_dags/example_subdag_operator.py
[2024-09-19T06:16:02.564+0000] {processor.py:925} INFO - DAG(s) 'example_subdag_operator.section-1', 'example_subdag_operator.section-2', 'example_subdag_operator' retrieved from /Users/omer/anaconda3/lib/python3.11/site-packages/airflow/example_dags/example_subdag_operator.py
[2024-09-19T06:16:02.611+0000] {logging_mixin.py:190} INFO - [2024-09-19T06:16:02.611+0000] {utils.py:148} INFO - Note: NumExpr detected 12 cores but "NUMEXPR_MAX_THREADS" not set, so enforcing safe limit of 8.
[2024-09-19T06:16:02.611+0000] {logging_mixin.py:190} INFO - [2024-09-19T06:16:02.611+0000] {utils.py:160} INFO - NumExpr defaulting to 8 threads.
[2024-09-19T06:16:02.756+0000] {logging_mixin.py:190} INFO - [2024-09-19T06:16:02.756+0000] {dag.py:3229} INFO - Sync 3 DAGs
[2024-09-19T06:16:02.762+0000] {logging_mixin.py:190} INFO - [2024-09-19T06:16:02.762+0000] {dag.py:4156} INFO - Setting next_dagrun for example_subdag_operator to 2022-01-01 00:00:00+00:00, run_after=2022-01-01 00:00:00+00:00
[2024-09-19T06:16:02.763+0000] {logging_mixin.py:190} INFO - [2024-09-19T06:16:02.763+0000] {dag.py:4156} INFO - Setting next_dagrun for example_subdag_operator.section-1 to None, run_after=None
[2024-09-19T06:16:02.763+0000] {logging_mixin.py:190} INFO - [2024-09-19T06:16:02.763+0000] {dag.py:4156} INFO - Setting next_dagrun for example_subdag_operator.section-2 to None, run_after=None
[2024-09-19T06:16:02.765+0000] {logging_mixin.py:190} INFO - [2024-09-19T06:16:02.765+0000] {dag.py:3229} INFO - Sync 2 DAGs
[2024-09-19T06:16:02.767+0000] {logging_mixin.py:190} INFO - [2024-09-19T06:16:02.767+0000] {dag.py:4156} INFO - Setting next_dagrun for example_subdag_operator.section-1 to None, run_after=None
[2024-09-19T06:16:02.767+0000] {logging_mixin.py:190} INFO - [2024-09-19T06:16:02.767+0000] {dag.py:4156} INFO - Setting next_dagrun for example_subdag_operator.section-2 to None, run_after=None
[2024-09-19T06:16:02.771+0000] {processor.py:208} INFO - Processing /Users/omer/anaconda3/lib/python3.11/site-packages/airflow/example_dags/example_subdag_operator.py took 0.236 seconds
[2024-09-19T06:17:25.790+0000] {processor.py:186} INFO - Started process (PID=25878) to work on /Users/omer/anaconda3/lib/python3.11/site-packages/airflow/example_dags/example_subdag_operator.py
[2024-09-19T06:17:25.791+0000] {processor.py:914} INFO - Processing file /Users/omer/anaconda3/lib/python3.11/site-packages/airflow/example_dags/example_subdag_operator.py for tasks to queue
[2024-09-19T06:17:25.791+0000] {logging_mixin.py:190} INFO - [2024-09-19T06:17:25.791+0000] {dagbag.py:587} INFO - Filling up the DagBag from /Users/omer/anaconda3/lib/python3.11/site-packages/airflow/example_dags/example_subdag_operator.py
[2024-09-19T06:17:25.819+0000] {processor.py:925} INFO - DAG(s) 'example_subdag_operator.section-1', 'example_subdag_operator.section-2', 'example_subdag_operator' retrieved from /Users/omer/anaconda3/lib/python3.11/site-packages/airflow/example_dags/example_subdag_operator.py
[2024-09-19T06:17:25.880+0000] {logging_mixin.py:190} INFO - [2024-09-19T06:17:25.880+0000] {utils.py:148} INFO - Note: NumExpr detected 12 cores but "NUMEXPR_MAX_THREADS" not set, so enforcing safe limit of 8.
[2024-09-19T06:17:25.881+0000] {logging_mixin.py:190} INFO - [2024-09-19T06:17:25.881+0000] {utils.py:160} INFO - NumExpr defaulting to 8 threads.
[2024-09-19T06:17:26.017+0000] {logging_mixin.py:190} INFO - [2024-09-19T06:17:26.017+0000] {dag.py:3229} INFO - Sync 3 DAGs
[2024-09-19T06:17:26.022+0000] {logging_mixin.py:190} INFO - [2024-09-19T06:17:26.022+0000] {dag.py:4156} INFO - Setting next_dagrun for example_subdag_operator to 2022-01-01 00:00:00+00:00, run_after=2022-01-01 00:00:00+00:00
[2024-09-19T06:17:26.022+0000] {logging_mixin.py:190} INFO - [2024-09-19T06:17:26.022+0000] {dag.py:4156} INFO - Setting next_dagrun for example_subdag_operator.section-1 to None, run_after=None
[2024-09-19T06:17:26.023+0000] {logging_mixin.py:190} INFO - [2024-09-19T06:17:26.023+0000] {dag.py:4156} INFO - Setting next_dagrun for example_subdag_operator.section-2 to None, run_after=None
[2024-09-19T06:17:26.024+0000] {logging_mixin.py:190} INFO - [2024-09-19T06:17:26.024+0000] {dag.py:3229} INFO - Sync 2 DAGs
[2024-09-19T06:17:26.026+0000] {logging_mixin.py:190} INFO - [2024-09-19T06:17:26.026+0000] {dag.py:4156} INFO - Setting next_dagrun for example_subdag_operator.section-1 to None, run_after=None
[2024-09-19T06:17:26.026+0000] {logging_mixin.py:190} INFO - [2024-09-19T06:17:26.026+0000] {dag.py:4156} INFO - Setting next_dagrun for example_subdag_operator.section-2 to None, run_after=None
[2024-09-19T06:17:26.029+0000] {processor.py:208} INFO - Processing /Users/omer/anaconda3/lib/python3.11/site-packages/airflow/example_dags/example_subdag_operator.py took 0.240 seconds
[2024-09-19T06:18:40.531+0000] {processor.py:186} INFO - Started process (PID=25965) to work on /Users/omer/anaconda3/lib/python3.11/site-packages/airflow/example_dags/example_subdag_operator.py
[2024-09-19T06:18:40.532+0000] {processor.py:914} INFO - Processing file /Users/omer/anaconda3/lib/python3.11/site-packages/airflow/example_dags/example_subdag_operator.py for tasks to queue
[2024-09-19T06:18:40.532+0000] {logging_mixin.py:190} INFO - [2024-09-19T06:18:40.532+0000] {dagbag.py:587} INFO - Filling up the DagBag from /Users/omer/anaconda3/lib/python3.11/site-packages/airflow/example_dags/example_subdag_operator.py
[2024-09-19T06:18:40.563+0000] {processor.py:925} INFO - DAG(s) 'example_subdag_operator.section-1', 'example_subdag_operator.section-2', 'example_subdag_operator' retrieved from /Users/omer/anaconda3/lib/python3.11/site-packages/airflow/example_dags/example_subdag_operator.py
[2024-09-19T06:18:40.615+0000] {logging_mixin.py:190} INFO - [2024-09-19T06:18:40.615+0000] {utils.py:148} INFO - Note: NumExpr detected 12 cores but "NUMEXPR_MAX_THREADS" not set, so enforcing safe limit of 8.
[2024-09-19T06:18:40.615+0000] {logging_mixin.py:190} INFO - [2024-09-19T06:18:40.615+0000] {utils.py:160} INFO - NumExpr defaulting to 8 threads.
[2024-09-19T06:18:40.737+0000] {logging_mixin.py:190} INFO - [2024-09-19T06:18:40.737+0000] {dag.py:3229} INFO - Sync 3 DAGs
[2024-09-19T06:18:40.742+0000] {logging_mixin.py:190} INFO - [2024-09-19T06:18:40.742+0000] {dag.py:4156} INFO - Setting next_dagrun for example_subdag_operator to 2022-01-01 00:00:00+00:00, run_after=2022-01-01 00:00:00+00:00
[2024-09-19T06:18:40.743+0000] {logging_mixin.py:190} INFO - [2024-09-19T06:18:40.743+0000] {dag.py:4156} INFO - Setting next_dagrun for example_subdag_operator.section-1 to None, run_after=None
[2024-09-19T06:18:40.743+0000] {logging_mixin.py:190} INFO - [2024-09-19T06:18:40.743+0000] {dag.py:4156} INFO - Setting next_dagrun for example_subdag_operator.section-2 to None, run_after=None
[2024-09-19T06:18:40.745+0000] {logging_mixin.py:190} INFO - [2024-09-19T06:18:40.745+0000] {dag.py:3229} INFO - Sync 2 DAGs
[2024-09-19T06:18:40.746+0000] {logging_mixin.py:190} INFO - [2024-09-19T06:18:40.746+0000] {dag.py:4156} INFO - Setting next_dagrun for example_subdag_operator.section-1 to None, run_after=None
[2024-09-19T06:18:40.746+0000] {logging_mixin.py:190} INFO - [2024-09-19T06:18:40.746+0000] {dag.py:4156} INFO - Setting next_dagrun for example_subdag_operator.section-2 to None, run_after=None
[2024-09-19T06:18:40.750+0000] {processor.py:208} INFO - Processing /Users/omer/anaconda3/lib/python3.11/site-packages/airflow/example_dags/example_subdag_operator.py took 0.220 seconds
[2024-09-19T06:19:52.946+0000] {processor.py:186} INFO - Started process (PID=26075) to work on /Users/omer/anaconda3/lib/python3.11/site-packages/airflow/example_dags/example_subdag_operator.py
[2024-09-19T06:19:52.946+0000] {processor.py:914} INFO - Processing file /Users/omer/anaconda3/lib/python3.11/site-packages/airflow/example_dags/example_subdag_operator.py for tasks to queue
[2024-09-19T06:19:52.947+0000] {logging_mixin.py:190} INFO - [2024-09-19T06:19:52.947+0000] {dagbag.py:587} INFO - Filling up the DagBag from /Users/omer/anaconda3/lib/python3.11/site-packages/airflow/example_dags/example_subdag_operator.py
[2024-09-19T06:19:52.976+0000] {processor.py:925} INFO - DAG(s) 'example_subdag_operator.section-1', 'example_subdag_operator.section-2', 'example_subdag_operator' retrieved from /Users/omer/anaconda3/lib/python3.11/site-packages/airflow/example_dags/example_subdag_operator.py
[2024-09-19T06:19:53.025+0000] {logging_mixin.py:190} INFO - [2024-09-19T06:19:53.024+0000] {utils.py:148} INFO - Note: NumExpr detected 12 cores but "NUMEXPR_MAX_THREADS" not set, so enforcing safe limit of 8.
[2024-09-19T06:19:53.025+0000] {logging_mixin.py:190} INFO - [2024-09-19T06:19:53.025+0000] {utils.py:160} INFO - NumExpr defaulting to 8 threads.
[2024-09-19T06:19:53.144+0000] {logging_mixin.py:190} INFO - [2024-09-19T06:19:53.144+0000] {dag.py:3229} INFO - Sync 3 DAGs
[2024-09-19T06:19:53.149+0000] {logging_mixin.py:190} INFO - [2024-09-19T06:19:53.149+0000] {dag.py:4156} INFO - Setting next_dagrun for example_subdag_operator to 2022-01-01 00:00:00+00:00, run_after=2022-01-01 00:00:00+00:00
[2024-09-19T06:19:53.150+0000] {logging_mixin.py:190} INFO - [2024-09-19T06:19:53.150+0000] {dag.py:4156} INFO - Setting next_dagrun for example_subdag_operator.section-1 to None, run_after=None
[2024-09-19T06:19:53.150+0000] {logging_mixin.py:190} INFO - [2024-09-19T06:19:53.150+0000] {dag.py:4156} INFO - Setting next_dagrun for example_subdag_operator.section-2 to None, run_after=None
[2024-09-19T06:19:53.152+0000] {logging_mixin.py:190} INFO - [2024-09-19T06:19:53.152+0000] {dag.py:3229} INFO - Sync 2 DAGs
[2024-09-19T06:19:53.153+0000] {logging_mixin.py:190} INFO - [2024-09-19T06:19:53.153+0000] {dag.py:4156} INFO - Setting next_dagrun for example_subdag_operator.section-1 to None, run_after=None
[2024-09-19T06:19:53.153+0000] {logging_mixin.py:190} INFO - [2024-09-19T06:19:53.153+0000] {dag.py:4156} INFO - Setting next_dagrun for example_subdag_operator.section-2 to None, run_after=None
[2024-09-19T06:19:53.157+0000] {processor.py:208} INFO - Processing /Users/omer/anaconda3/lib/python3.11/site-packages/airflow/example_dags/example_subdag_operator.py took 0.212 seconds
[2024-09-19T06:21:32.383+0000] {processor.py:186} INFO - Started process (PID=26268) to work on /Users/omer/anaconda3/lib/python3.11/site-packages/airflow/example_dags/example_subdag_operator.py
[2024-09-19T06:21:32.384+0000] {processor.py:914} INFO - Processing file /Users/omer/anaconda3/lib/python3.11/site-packages/airflow/example_dags/example_subdag_operator.py for tasks to queue
[2024-09-19T06:21:32.384+0000] {logging_mixin.py:190} INFO - [2024-09-19T06:21:32.384+0000] {dagbag.py:587} INFO - Filling up the DagBag from /Users/omer/anaconda3/lib/python3.11/site-packages/airflow/example_dags/example_subdag_operator.py
[2024-09-19T06:21:32.412+0000] {processor.py:925} INFO - DAG(s) 'example_subdag_operator.section-1', 'example_subdag_operator.section-2', 'example_subdag_operator' retrieved from /Users/omer/anaconda3/lib/python3.11/site-packages/airflow/example_dags/example_subdag_operator.py
[2024-09-19T06:21:32.461+0000] {logging_mixin.py:190} INFO - [2024-09-19T06:21:32.461+0000] {utils.py:148} INFO - Note: NumExpr detected 12 cores but "NUMEXPR_MAX_THREADS" not set, so enforcing safe limit of 8.
[2024-09-19T06:21:32.461+0000] {logging_mixin.py:190} INFO - [2024-09-19T06:21:32.461+0000] {utils.py:160} INFO - NumExpr defaulting to 8 threads.
[2024-09-19T06:21:32.575+0000] {logging_mixin.py:190} INFO - [2024-09-19T06:21:32.575+0000] {dag.py:3229} INFO - Sync 3 DAGs
[2024-09-19T06:21:32.580+0000] {logging_mixin.py:190} INFO - [2024-09-19T06:21:32.580+0000] {dag.py:4156} INFO - Setting next_dagrun for example_subdag_operator to 2022-01-01 00:00:00+00:00, run_after=2022-01-01 00:00:00+00:00
[2024-09-19T06:21:32.581+0000] {logging_mixin.py:190} INFO - [2024-09-19T06:21:32.581+0000] {dag.py:4156} INFO - Setting next_dagrun for example_subdag_operator.section-1 to None, run_after=None
[2024-09-19T06:21:32.581+0000] {logging_mixin.py:190} INFO - [2024-09-19T06:21:32.581+0000] {dag.py:4156} INFO - Setting next_dagrun for example_subdag_operator.section-2 to None, run_after=None
[2024-09-19T06:21:32.583+0000] {logging_mixin.py:190} INFO - [2024-09-19T06:21:32.583+0000] {dag.py:3229} INFO - Sync 2 DAGs
[2024-09-19T06:21:32.585+0000] {logging_mixin.py:190} INFO - [2024-09-19T06:21:32.585+0000] {dag.py:4156} INFO - Setting next_dagrun for example_subdag_operator.section-1 to None, run_after=None
[2024-09-19T06:21:32.585+0000] {logging_mixin.py:190} INFO - [2024-09-19T06:21:32.585+0000] {dag.py:4156} INFO - Setting next_dagrun for example_subdag_operator.section-2 to None, run_after=None
[2024-09-19T06:21:32.588+0000] {processor.py:208} INFO - Processing /Users/omer/anaconda3/lib/python3.11/site-packages/airflow/example_dags/example_subdag_operator.py took 0.206 seconds
[2024-09-19T06:23:15.673+0000] {processor.py:186} INFO - Started process (PID=26391) to work on /Users/omer/anaconda3/lib/python3.11/site-packages/airflow/example_dags/example_subdag_operator.py
[2024-09-19T06:23:15.674+0000] {processor.py:914} INFO - Processing file /Users/omer/anaconda3/lib/python3.11/site-packages/airflow/example_dags/example_subdag_operator.py for tasks to queue
[2024-09-19T06:23:15.674+0000] {logging_mixin.py:190} INFO - [2024-09-19T06:23:15.674+0000] {dagbag.py:587} INFO - Filling up the DagBag from /Users/omer/anaconda3/lib/python3.11/site-packages/airflow/example_dags/example_subdag_operator.py
[2024-09-19T06:23:15.702+0000] {processor.py:925} INFO - DAG(s) 'example_subdag_operator.section-1', 'example_subdag_operator.section-2', 'example_subdag_operator' retrieved from /Users/omer/anaconda3/lib/python3.11/site-packages/airflow/example_dags/example_subdag_operator.py
[2024-09-19T06:23:15.750+0000] {logging_mixin.py:190} INFO - [2024-09-19T06:23:15.750+0000] {utils.py:148} INFO - Note: NumExpr detected 12 cores but "NUMEXPR_MAX_THREADS" not set, so enforcing safe limit of 8.
[2024-09-19T06:23:15.750+0000] {logging_mixin.py:190} INFO - [2024-09-19T06:23:15.750+0000] {utils.py:160} INFO - NumExpr defaulting to 8 threads.
[2024-09-19T06:23:15.863+0000] {logging_mixin.py:190} INFO - [2024-09-19T06:23:15.863+0000] {dag.py:3229} INFO - Sync 3 DAGs
[2024-09-19T06:23:15.868+0000] {logging_mixin.py:190} INFO - [2024-09-19T06:23:15.868+0000] {dag.py:4156} INFO - Setting next_dagrun for example_subdag_operator to 2022-01-01 00:00:00+00:00, run_after=2022-01-01 00:00:00+00:00
[2024-09-19T06:23:15.869+0000] {logging_mixin.py:190} INFO - [2024-09-19T06:23:15.869+0000] {dag.py:4156} INFO - Setting next_dagrun for example_subdag_operator.section-1 to None, run_after=None
[2024-09-19T06:23:15.869+0000] {logging_mixin.py:190} INFO - [2024-09-19T06:23:15.869+0000] {dag.py:4156} INFO - Setting next_dagrun for example_subdag_operator.section-2 to None, run_after=None
[2024-09-19T06:23:15.870+0000] {logging_mixin.py:190} INFO - [2024-09-19T06:23:15.870+0000] {dag.py:3229} INFO - Sync 2 DAGs
[2024-09-19T06:23:15.872+0000] {logging_mixin.py:190} INFO - [2024-09-19T06:23:15.872+0000] {dag.py:4156} INFO - Setting next_dagrun for example_subdag_operator.section-1 to None, run_after=None
[2024-09-19T06:23:15.872+0000] {logging_mixin.py:190} INFO - [2024-09-19T06:23:15.872+0000] {dag.py:4156} INFO - Setting next_dagrun for example_subdag_operator.section-2 to None, run_after=None
[2024-09-19T06:23:15.876+0000] {processor.py:208} INFO - Processing /Users/omer/anaconda3/lib/python3.11/site-packages/airflow/example_dags/example_subdag_operator.py took 0.203 seconds
[2024-09-19T06:24:24.363+0000] {processor.py:186} INFO - Started process (PID=26476) to work on /Users/omer/anaconda3/lib/python3.11/site-packages/airflow/example_dags/example_subdag_operator.py
[2024-09-19T06:24:24.364+0000] {processor.py:914} INFO - Processing file /Users/omer/anaconda3/lib/python3.11/site-packages/airflow/example_dags/example_subdag_operator.py for tasks to queue
[2024-09-19T06:24:24.364+0000] {logging_mixin.py:190} INFO - [2024-09-19T06:24:24.364+0000] {dagbag.py:587} INFO - Filling up the DagBag from /Users/omer/anaconda3/lib/python3.11/site-packages/airflow/example_dags/example_subdag_operator.py
[2024-09-19T06:24:24.393+0000] {processor.py:925} INFO - DAG(s) 'example_subdag_operator.section-1', 'example_subdag_operator.section-2', 'example_subdag_operator' retrieved from /Users/omer/anaconda3/lib/python3.11/site-packages/airflow/example_dags/example_subdag_operator.py
[2024-09-19T06:24:24.441+0000] {logging_mixin.py:190} INFO - [2024-09-19T06:24:24.441+0000] {utils.py:148} INFO - Note: NumExpr detected 12 cores but "NUMEXPR_MAX_THREADS" not set, so enforcing safe limit of 8.
[2024-09-19T06:24:24.441+0000] {logging_mixin.py:190} INFO - [2024-09-19T06:24:24.441+0000] {utils.py:160} INFO - NumExpr defaulting to 8 threads.
[2024-09-19T06:24:24.557+0000] {logging_mixin.py:190} INFO - [2024-09-19T06:24:24.557+0000] {dag.py:3229} INFO - Sync 3 DAGs
[2024-09-19T06:24:24.562+0000] {logging_mixin.py:190} INFO - [2024-09-19T06:24:24.562+0000] {dag.py:4156} INFO - Setting next_dagrun for example_subdag_operator to 2022-01-01 00:00:00+00:00, run_after=2022-01-01 00:00:00+00:00
[2024-09-19T06:24:24.563+0000] {logging_mixin.py:190} INFO - [2024-09-19T06:24:24.563+0000] {dag.py:4156} INFO - Setting next_dagrun for example_subdag_operator.section-1 to None, run_after=None
[2024-09-19T06:24:24.563+0000] {logging_mixin.py:190} INFO - [2024-09-19T06:24:24.563+0000] {dag.py:4156} INFO - Setting next_dagrun for example_subdag_operator.section-2 to None, run_after=None
[2024-09-19T06:24:24.565+0000] {logging_mixin.py:190} INFO - [2024-09-19T06:24:24.565+0000] {dag.py:3229} INFO - Sync 2 DAGs
[2024-09-19T06:24:24.566+0000] {logging_mixin.py:190} INFO - [2024-09-19T06:24:24.566+0000] {dag.py:4156} INFO - Setting next_dagrun for example_subdag_operator.section-1 to None, run_after=None
[2024-09-19T06:24:24.566+0000] {logging_mixin.py:190} INFO - [2024-09-19T06:24:24.566+0000] {dag.py:4156} INFO - Setting next_dagrun for example_subdag_operator.section-2 to None, run_after=None
[2024-09-19T06:24:24.570+0000] {processor.py:208} INFO - Processing /Users/omer/anaconda3/lib/python3.11/site-packages/airflow/example_dags/example_subdag_operator.py took 0.208 seconds
[2024-09-19T06:25:32.920+0000] {processor.py:186} INFO - Started process (PID=26587) to work on /Users/omer/anaconda3/lib/python3.11/site-packages/airflow/example_dags/example_subdag_operator.py
[2024-09-19T06:25:32.921+0000] {processor.py:914} INFO - Processing file /Users/omer/anaconda3/lib/python3.11/site-packages/airflow/example_dags/example_subdag_operator.py for tasks to queue
[2024-09-19T06:25:32.921+0000] {logging_mixin.py:190} INFO - [2024-09-19T06:25:32.921+0000] {dagbag.py:587} INFO - Filling up the DagBag from /Users/omer/anaconda3/lib/python3.11/site-packages/airflow/example_dags/example_subdag_operator.py
[2024-09-19T06:25:32.952+0000] {processor.py:925} INFO - DAG(s) 'example_subdag_operator.section-1', 'example_subdag_operator.section-2', 'example_subdag_operator' retrieved from /Users/omer/anaconda3/lib/python3.11/site-packages/airflow/example_dags/example_subdag_operator.py
[2024-09-19T06:25:33.006+0000] {logging_mixin.py:190} INFO - [2024-09-19T06:25:33.006+0000] {utils.py:148} INFO - Note: NumExpr detected 12 cores but "NUMEXPR_MAX_THREADS" not set, so enforcing safe limit of 8.
[2024-09-19T06:25:33.006+0000] {logging_mixin.py:190} INFO - [2024-09-19T06:25:33.006+0000] {utils.py:160} INFO - NumExpr defaulting to 8 threads.
[2024-09-19T06:25:33.133+0000] {logging_mixin.py:190} INFO - [2024-09-19T06:25:33.133+0000] {dag.py:3229} INFO - Sync 3 DAGs
[2024-09-19T06:25:33.139+0000] {logging_mixin.py:190} INFO - [2024-09-19T06:25:33.138+0000] {dag.py:4156} INFO - Setting next_dagrun for example_subdag_operator to 2022-01-01 00:00:00+00:00, run_after=2022-01-01 00:00:00+00:00
[2024-09-19T06:25:33.140+0000] {logging_mixin.py:190} INFO - [2024-09-19T06:25:33.139+0000] {dag.py:4156} INFO - Setting next_dagrun for example_subdag_operator.section-1 to None, run_after=None
[2024-09-19T06:25:33.140+0000] {logging_mixin.py:190} INFO - [2024-09-19T06:25:33.140+0000] {dag.py:4156} INFO - Setting next_dagrun for example_subdag_operator.section-2 to None, run_after=None
[2024-09-19T06:25:33.141+0000] {logging_mixin.py:190} INFO - [2024-09-19T06:25:33.141+0000] {dag.py:3229} INFO - Sync 2 DAGs
[2024-09-19T06:25:33.143+0000] {logging_mixin.py:190} INFO - [2024-09-19T06:25:33.143+0000] {dag.py:4156} INFO - Setting next_dagrun for example_subdag_operator.section-1 to None, run_after=None
[2024-09-19T06:25:33.143+0000] {logging_mixin.py:190} INFO - [2024-09-19T06:25:33.143+0000] {dag.py:4156} INFO - Setting next_dagrun for example_subdag_operator.section-2 to None, run_after=None
[2024-09-19T06:25:33.148+0000] {processor.py:208} INFO - Processing /Users/omer/anaconda3/lib/python3.11/site-packages/airflow/example_dags/example_subdag_operator.py took 0.229 seconds
