[2024-09-19T00:15:32.470+0000] {processor.py:186} INFO - Started process (PID=24507) to work on /Users/omer/anaconda3/lib/python3.11/site-packages/airflow/example_dags/example_nested_branch_dag.py
[2024-09-19T00:15:32.470+0000] {processor.py:914} INFO - Processing file /Users/omer/anaconda3/lib/python3.11/site-packages/airflow/example_dags/example_nested_branch_dag.py for tasks to queue
[2024-09-19T00:15:32.470+0000] {logging_mixin.py:190} INFO - [2024-09-19T00:15:32.470+0000] {dagbag.py:587} INFO - Filling up the DagBag from /Users/omer/anaconda3/lib/python3.11/site-packages/airflow/example_dags/example_nested_branch_dag.py
[2024-09-19T00:15:32.482+0000] {processor.py:925} INFO - DAG(s) 'example_nested_branch_dag' retrieved from /Users/omer/anaconda3/lib/python3.11/site-packages/airflow/example_dags/example_nested_branch_dag.py
[2024-09-19T00:15:32.507+0000] {logging_mixin.py:190} INFO - [2024-09-19T00:15:32.507+0000] {dag.py:3229} INFO - Sync 1 DAGs
[2024-09-19T00:15:32.512+0000] {logging_mixin.py:190} INFO - [2024-09-19T00:15:32.512+0000] {dag.py:4156} INFO - Setting next_dagrun for example_nested_branch_dag to 2024-09-18 00:00:00+00:00, run_after=2024-09-19 00:00:00+00:00
[2024-09-19T00:15:32.517+0000] {processor.py:208} INFO - Processing /Users/omer/anaconda3/lib/python3.11/site-packages/airflow/example_dags/example_nested_branch_dag.py took 0.048 seconds
[2024-09-19T00:51:21.164+0000] {processor.py:186} INFO - Started process (PID=24596) to work on /Users/omer/anaconda3/lib/python3.11/site-packages/airflow/example_dags/example_nested_branch_dag.py
[2024-09-19T00:51:21.165+0000] {processor.py:914} INFO - Processing file /Users/omer/anaconda3/lib/python3.11/site-packages/airflow/example_dags/example_nested_branch_dag.py for tasks to queue
[2024-09-19T00:51:21.166+0000] {logging_mixin.py:190} INFO - [2024-09-19T00:51:21.166+0000] {dagbag.py:587} INFO - Filling up the DagBag from /Users/omer/anaconda3/lib/python3.11/site-packages/airflow/example_dags/example_nested_branch_dag.py
[2024-09-19T00:51:21.177+0000] {processor.py:925} INFO - DAG(s) 'example_nested_branch_dag' retrieved from /Users/omer/anaconda3/lib/python3.11/site-packages/airflow/example_dags/example_nested_branch_dag.py
[2024-09-19T00:51:21.202+0000] {logging_mixin.py:190} INFO - [2024-09-19T00:51:21.201+0000] {dag.py:3229} INFO - Sync 1 DAGs
[2024-09-19T00:51:21.206+0000] {logging_mixin.py:190} INFO - [2024-09-19T00:51:21.206+0000] {dag.py:4156} INFO - Setting next_dagrun for example_nested_branch_dag to 2024-09-18 00:00:00+00:00, run_after=2024-09-19 00:00:00+00:00
[2024-09-19T00:51:21.211+0000] {processor.py:208} INFO - Processing /Users/omer/anaconda3/lib/python3.11/site-packages/airflow/example_dags/example_nested_branch_dag.py took 0.048 seconds
[2024-09-19T01:28:11.062+0000] {processor.py:186} INFO - Started process (PID=24697) to work on /Users/omer/anaconda3/lib/python3.11/site-packages/airflow/example_dags/example_nested_branch_dag.py
[2024-09-19T01:28:11.063+0000] {processor.py:914} INFO - Processing file /Users/omer/anaconda3/lib/python3.11/site-packages/airflow/example_dags/example_nested_branch_dag.py for tasks to queue
[2024-09-19T01:28:11.063+0000] {logging_mixin.py:190} INFO - [2024-09-19T01:28:11.063+0000] {dagbag.py:587} INFO - Filling up the DagBag from /Users/omer/anaconda3/lib/python3.11/site-packages/airflow/example_dags/example_nested_branch_dag.py
[2024-09-19T01:28:11.074+0000] {processor.py:925} INFO - DAG(s) 'example_nested_branch_dag' retrieved from /Users/omer/anaconda3/lib/python3.11/site-packages/airflow/example_dags/example_nested_branch_dag.py
[2024-09-19T01:28:11.099+0000] {logging_mixin.py:190} INFO - [2024-09-19T01:28:11.099+0000] {dag.py:3229} INFO - Sync 1 DAGs
[2024-09-19T01:28:11.104+0000] {logging_mixin.py:190} INFO - [2024-09-19T01:28:11.104+0000] {dag.py:4156} INFO - Setting next_dagrun for example_nested_branch_dag to 2024-09-18 00:00:00+00:00, run_after=2024-09-19 00:00:00+00:00
[2024-09-19T01:28:11.109+0000] {processor.py:208} INFO - Processing /Users/omer/anaconda3/lib/python3.11/site-packages/airflow/example_dags/example_nested_branch_dag.py took 0.048 seconds
[2024-09-19T02:03:59.428+0000] {processor.py:186} INFO - Started process (PID=24825) to work on /Users/omer/anaconda3/lib/python3.11/site-packages/airflow/example_dags/example_nested_branch_dag.py
[2024-09-19T02:03:59.429+0000] {processor.py:914} INFO - Processing file /Users/omer/anaconda3/lib/python3.11/site-packages/airflow/example_dags/example_nested_branch_dag.py for tasks to queue
[2024-09-19T02:03:59.429+0000] {logging_mixin.py:190} INFO - [2024-09-19T02:03:59.429+0000] {dagbag.py:587} INFO - Filling up the DagBag from /Users/omer/anaconda3/lib/python3.11/site-packages/airflow/example_dags/example_nested_branch_dag.py
[2024-09-19T02:03:59.440+0000] {processor.py:925} INFO - DAG(s) 'example_nested_branch_dag' retrieved from /Users/omer/anaconda3/lib/python3.11/site-packages/airflow/example_dags/example_nested_branch_dag.py
[2024-09-19T02:03:59.465+0000] {logging_mixin.py:190} INFO - [2024-09-19T02:03:59.465+0000] {dag.py:3229} INFO - Sync 1 DAGs
[2024-09-19T02:03:59.470+0000] {logging_mixin.py:190} INFO - [2024-09-19T02:03:59.470+0000] {dag.py:4156} INFO - Setting next_dagrun for example_nested_branch_dag to 2024-09-18 00:00:00+00:00, run_after=2024-09-19 00:00:00+00:00
[2024-09-19T02:03:59.476+0000] {processor.py:208} INFO - Processing /Users/omer/anaconda3/lib/python3.11/site-packages/airflow/example_dags/example_nested_branch_dag.py took 0.048 seconds
[2024-09-19T02:43:02.448+0000] {processor.py:186} INFO - Started process (PID=24947) to work on /Users/omer/anaconda3/lib/python3.11/site-packages/airflow/example_dags/example_nested_branch_dag.py
[2024-09-19T02:43:02.448+0000] {processor.py:914} INFO - Processing file /Users/omer/anaconda3/lib/python3.11/site-packages/airflow/example_dags/example_nested_branch_dag.py for tasks to queue
[2024-09-19T02:43:02.449+0000] {logging_mixin.py:190} INFO - [2024-09-19T02:43:02.448+0000] {dagbag.py:587} INFO - Filling up the DagBag from /Users/omer/anaconda3/lib/python3.11/site-packages/airflow/example_dags/example_nested_branch_dag.py
[2024-09-19T02:43:02.460+0000] {processor.py:925} INFO - DAG(s) 'example_nested_branch_dag' retrieved from /Users/omer/anaconda3/lib/python3.11/site-packages/airflow/example_dags/example_nested_branch_dag.py
[2024-09-19T02:43:02.484+0000] {logging_mixin.py:190} INFO - [2024-09-19T02:43:02.484+0000] {dag.py:3229} INFO - Sync 1 DAGs
[2024-09-19T02:43:02.489+0000] {logging_mixin.py:190} INFO - [2024-09-19T02:43:02.489+0000] {dag.py:4156} INFO - Setting next_dagrun for example_nested_branch_dag to 2024-09-18 00:00:00+00:00, run_after=2024-09-19 00:00:00+00:00
[2024-09-19T02:43:02.494+0000] {processor.py:208} INFO - Processing /Users/omer/anaconda3/lib/python3.11/site-packages/airflow/example_dags/example_nested_branch_dag.py took 0.047 seconds
[2024-09-19T03:20:29.649+0000] {processor.py:186} INFO - Started process (PID=25051) to work on /Users/omer/anaconda3/lib/python3.11/site-packages/airflow/example_dags/example_nested_branch_dag.py
[2024-09-19T03:20:29.649+0000] {processor.py:914} INFO - Processing file /Users/omer/anaconda3/lib/python3.11/site-packages/airflow/example_dags/example_nested_branch_dag.py for tasks to queue
[2024-09-19T03:20:29.649+0000] {logging_mixin.py:190} INFO - [2024-09-19T03:20:29.649+0000] {dagbag.py:587} INFO - Filling up the DagBag from /Users/omer/anaconda3/lib/python3.11/site-packages/airflow/example_dags/example_nested_branch_dag.py
[2024-09-19T03:20:29.661+0000] {processor.py:925} INFO - DAG(s) 'example_nested_branch_dag' retrieved from /Users/omer/anaconda3/lib/python3.11/site-packages/airflow/example_dags/example_nested_branch_dag.py
[2024-09-19T03:20:29.686+0000] {logging_mixin.py:190} INFO - [2024-09-19T03:20:29.686+0000] {dag.py:3229} INFO - Sync 1 DAGs
[2024-09-19T03:20:29.691+0000] {logging_mixin.py:190} INFO - [2024-09-19T03:20:29.691+0000] {dag.py:4156} INFO - Setting next_dagrun for example_nested_branch_dag to 2024-09-18 00:00:00+00:00, run_after=2024-09-19 00:00:00+00:00
[2024-09-19T03:20:29.696+0000] {processor.py:208} INFO - Processing /Users/omer/anaconda3/lib/python3.11/site-packages/airflow/example_dags/example_nested_branch_dag.py took 0.048 seconds
[2024-09-19T03:59:40.874+0000] {processor.py:186} INFO - Started process (PID=25208) to work on /Users/omer/anaconda3/lib/python3.11/site-packages/airflow/example_dags/example_nested_branch_dag.py
[2024-09-19T03:59:40.875+0000] {processor.py:914} INFO - Processing file /Users/omer/anaconda3/lib/python3.11/site-packages/airflow/example_dags/example_nested_branch_dag.py for tasks to queue
[2024-09-19T03:59:40.875+0000] {logging_mixin.py:190} INFO - [2024-09-19T03:59:40.875+0000] {dagbag.py:587} INFO - Filling up the DagBag from /Users/omer/anaconda3/lib/python3.11/site-packages/airflow/example_dags/example_nested_branch_dag.py
[2024-09-19T03:59:40.886+0000] {processor.py:925} INFO - DAG(s) 'example_nested_branch_dag' retrieved from /Users/omer/anaconda3/lib/python3.11/site-packages/airflow/example_dags/example_nested_branch_dag.py
[2024-09-19T03:59:40.911+0000] {logging_mixin.py:190} INFO - [2024-09-19T03:59:40.911+0000] {dag.py:3229} INFO - Sync 1 DAGs
[2024-09-19T03:59:40.917+0000] {logging_mixin.py:190} INFO - [2024-09-19T03:59:40.916+0000] {dag.py:4156} INFO - Setting next_dagrun for example_nested_branch_dag to 2024-09-18 00:00:00+00:00, run_after=2024-09-19 00:00:00+00:00
[2024-09-19T03:59:40.921+0000] {processor.py:208} INFO - Processing /Users/omer/anaconda3/lib/python3.11/site-packages/airflow/example_dags/example_nested_branch_dag.py took 0.048 seconds
[2024-09-19T04:23:00.451+0000] {processor.py:186} INFO - Started process (PID=25325) to work on /Users/omer/anaconda3/lib/python3.11/site-packages/airflow/example_dags/example_nested_branch_dag.py
[2024-09-19T04:23:00.452+0000] {processor.py:914} INFO - Processing file /Users/omer/anaconda3/lib/python3.11/site-packages/airflow/example_dags/example_nested_branch_dag.py for tasks to queue
[2024-09-19T04:23:00.452+0000] {logging_mixin.py:190} INFO - [2024-09-19T04:23:00.452+0000] {dagbag.py:587} INFO - Filling up the DagBag from /Users/omer/anaconda3/lib/python3.11/site-packages/airflow/example_dags/example_nested_branch_dag.py
[2024-09-19T04:23:00.464+0000] {processor.py:925} INFO - DAG(s) 'example_nested_branch_dag' retrieved from /Users/omer/anaconda3/lib/python3.11/site-packages/airflow/example_dags/example_nested_branch_dag.py
[2024-09-19T04:23:00.488+0000] {logging_mixin.py:190} INFO - [2024-09-19T04:23:00.488+0000] {dag.py:3229} INFO - Sync 1 DAGs
[2024-09-19T04:23:00.493+0000] {logging_mixin.py:190} INFO - [2024-09-19T04:23:00.493+0000] {dag.py:4156} INFO - Setting next_dagrun for example_nested_branch_dag to 2024-09-18 00:00:00+00:00, run_after=2024-09-19 00:00:00+00:00
[2024-09-19T04:23:00.498+0000] {processor.py:208} INFO - Processing /Users/omer/anaconda3/lib/python3.11/site-packages/airflow/example_dags/example_nested_branch_dag.py took 0.048 seconds
[2024-09-19T04:59:25.315+0000] {processor.py:186} INFO - Started process (PID=25452) to work on /Users/omer/anaconda3/lib/python3.11/site-packages/airflow/example_dags/example_nested_branch_dag.py
[2024-09-19T04:59:25.315+0000] {processor.py:914} INFO - Processing file /Users/omer/anaconda3/lib/python3.11/site-packages/airflow/example_dags/example_nested_branch_dag.py for tasks to queue
[2024-09-19T04:59:25.315+0000] {logging_mixin.py:190} INFO - [2024-09-19T04:59:25.315+0000] {dagbag.py:587} INFO - Filling up the DagBag from /Users/omer/anaconda3/lib/python3.11/site-packages/airflow/example_dags/example_nested_branch_dag.py
[2024-09-19T04:59:25.327+0000] {processor.py:925} INFO - DAG(s) 'example_nested_branch_dag' retrieved from /Users/omer/anaconda3/lib/python3.11/site-packages/airflow/example_dags/example_nested_branch_dag.py
[2024-09-19T04:59:25.351+0000] {logging_mixin.py:190} INFO - [2024-09-19T04:59:25.351+0000] {dag.py:3229} INFO - Sync 1 DAGs
[2024-09-19T04:59:25.356+0000] {logging_mixin.py:190} INFO - [2024-09-19T04:59:25.356+0000] {dag.py:4156} INFO - Setting next_dagrun for example_nested_branch_dag to 2024-09-18 00:00:00+00:00, run_after=2024-09-19 00:00:00+00:00
[2024-09-19T04:59:25.361+0000] {processor.py:208} INFO - Processing /Users/omer/anaconda3/lib/python3.11/site-packages/airflow/example_dags/example_nested_branch_dag.py took 0.047 seconds
[2024-09-19T05:22:52.425+0000] {processor.py:186} INFO - Started process (PID=25562) to work on /Users/omer/anaconda3/lib/python3.11/site-packages/airflow/example_dags/example_nested_branch_dag.py
[2024-09-19T05:22:52.425+0000] {processor.py:914} INFO - Processing file /Users/omer/anaconda3/lib/python3.11/site-packages/airflow/example_dags/example_nested_branch_dag.py for tasks to queue
[2024-09-19T05:22:52.425+0000] {logging_mixin.py:190} INFO - [2024-09-19T05:22:52.425+0000] {dagbag.py:587} INFO - Filling up the DagBag from /Users/omer/anaconda3/lib/python3.11/site-packages/airflow/example_dags/example_nested_branch_dag.py
[2024-09-19T05:22:52.436+0000] {processor.py:925} INFO - DAG(s) 'example_nested_branch_dag' retrieved from /Users/omer/anaconda3/lib/python3.11/site-packages/airflow/example_dags/example_nested_branch_dag.py
[2024-09-19T05:22:52.461+0000] {logging_mixin.py:190} INFO - [2024-09-19T05:22:52.461+0000] {dag.py:3229} INFO - Sync 1 DAGs
[2024-09-19T05:22:52.466+0000] {logging_mixin.py:190} INFO - [2024-09-19T05:22:52.466+0000] {dag.py:4156} INFO - Setting next_dagrun for example_nested_branch_dag to 2024-09-18 00:00:00+00:00, run_after=2024-09-19 00:00:00+00:00
[2024-09-19T05:22:52.471+0000] {processor.py:208} INFO - Processing /Users/omer/anaconda3/lib/python3.11/site-packages/airflow/example_dags/example_nested_branch_dag.py took 0.047 seconds
[2024-09-19T06:01:59.078+0000] {processor.py:186} INFO - Started process (PID=25686) to work on /Users/omer/anaconda3/lib/python3.11/site-packages/airflow/example_dags/example_nested_branch_dag.py
[2024-09-19T06:01:59.079+0000] {processor.py:914} INFO - Processing file /Users/omer/anaconda3/lib/python3.11/site-packages/airflow/example_dags/example_nested_branch_dag.py for tasks to queue
[2024-09-19T06:01:59.080+0000] {logging_mixin.py:190} INFO - [2024-09-19T06:01:59.079+0000] {dagbag.py:587} INFO - Filling up the DagBag from /Users/omer/anaconda3/lib/python3.11/site-packages/airflow/example_dags/example_nested_branch_dag.py
[2024-09-19T06:01:59.091+0000] {processor.py:925} INFO - DAG(s) 'example_nested_branch_dag' retrieved from /Users/omer/anaconda3/lib/python3.11/site-packages/airflow/example_dags/example_nested_branch_dag.py
[2024-09-19T06:01:59.116+0000] {logging_mixin.py:190} INFO - [2024-09-19T06:01:59.116+0000] {dag.py:3229} INFO - Sync 1 DAGs
[2024-09-19T06:01:59.121+0000] {logging_mixin.py:190} INFO - [2024-09-19T06:01:59.121+0000] {dag.py:4156} INFO - Setting next_dagrun for example_nested_branch_dag to 2024-09-18 00:00:00+00:00, run_after=2024-09-19 00:00:00+00:00
[2024-09-19T06:01:59.126+0000] {processor.py:208} INFO - Processing /Users/omer/anaconda3/lib/python3.11/site-packages/airflow/example_dags/example_nested_branch_dag.py took 0.049 seconds
[2024-09-19T06:16:31.944+0000] {processor.py:186} INFO - Started process (PID=25805) to work on /Users/omer/anaconda3/lib/python3.11/site-packages/airflow/example_dags/example_nested_branch_dag.py
[2024-09-19T06:16:31.945+0000] {processor.py:914} INFO - Processing file /Users/omer/anaconda3/lib/python3.11/site-packages/airflow/example_dags/example_nested_branch_dag.py for tasks to queue
[2024-09-19T06:16:31.945+0000] {logging_mixin.py:190} INFO - [2024-09-19T06:16:31.945+0000] {dagbag.py:587} INFO - Filling up the DagBag from /Users/omer/anaconda3/lib/python3.11/site-packages/airflow/example_dags/example_nested_branch_dag.py
[2024-09-19T06:16:31.958+0000] {processor.py:925} INFO - DAG(s) 'example_nested_branch_dag' retrieved from /Users/omer/anaconda3/lib/python3.11/site-packages/airflow/example_dags/example_nested_branch_dag.py
[2024-09-19T06:16:31.984+0000] {logging_mixin.py:190} INFO - [2024-09-19T06:16:31.984+0000] {dag.py:3229} INFO - Sync 1 DAGs
[2024-09-19T06:16:31.989+0000] {logging_mixin.py:190} INFO - [2024-09-19T06:16:31.989+0000] {dag.py:4156} INFO - Setting next_dagrun for example_nested_branch_dag to 2024-09-18 00:00:00+00:00, run_after=2024-09-19 00:00:00+00:00
[2024-09-19T06:16:31.994+0000] {processor.py:208} INFO - Processing /Users/omer/anaconda3/lib/python3.11/site-packages/airflow/example_dags/example_nested_branch_dag.py took 0.051 seconds
[2024-09-19T06:19:00.455+0000] {processor.py:186} INFO - Started process (PID=25999) to work on /Users/omer/anaconda3/lib/python3.11/site-packages/airflow/example_dags/example_nested_branch_dag.py
[2024-09-19T06:19:00.456+0000] {processor.py:914} INFO - Processing file /Users/omer/anaconda3/lib/python3.11/site-packages/airflow/example_dags/example_nested_branch_dag.py for tasks to queue
[2024-09-19T06:19:00.457+0000] {logging_mixin.py:190} INFO - [2024-09-19T06:19:00.457+0000] {dagbag.py:587} INFO - Filling up the DagBag from /Users/omer/anaconda3/lib/python3.11/site-packages/airflow/example_dags/example_nested_branch_dag.py
[2024-09-19T06:19:00.474+0000] {processor.py:925} INFO - DAG(s) 'example_nested_branch_dag' retrieved from /Users/omer/anaconda3/lib/python3.11/site-packages/airflow/example_dags/example_nested_branch_dag.py
[2024-09-19T06:19:00.503+0000] {logging_mixin.py:190} INFO - [2024-09-19T06:19:00.503+0000] {dag.py:3229} INFO - Sync 1 DAGs
[2024-09-19T06:19:00.509+0000] {logging_mixin.py:190} INFO - [2024-09-19T06:19:00.509+0000] {dag.py:4156} INFO - Setting next_dagrun for example_nested_branch_dag to 2024-09-18 00:00:00+00:00, run_after=2024-09-19 00:00:00+00:00
[2024-09-19T06:19:00.516+0000] {processor.py:208} INFO - Processing /Users/omer/anaconda3/lib/python3.11/site-packages/airflow/example_dags/example_nested_branch_dag.py took 0.061 seconds
[2024-09-19T06:22:01.066+0000] {processor.py:186} INFO - Started process (PID=26316) to work on /Users/omer/anaconda3/lib/python3.11/site-packages/airflow/example_dags/example_nested_branch_dag.py
[2024-09-19T06:22:01.067+0000] {processor.py:914} INFO - Processing file /Users/omer/anaconda3/lib/python3.11/site-packages/airflow/example_dags/example_nested_branch_dag.py for tasks to queue
[2024-09-19T06:22:01.067+0000] {logging_mixin.py:190} INFO - [2024-09-19T06:22:01.067+0000] {dagbag.py:587} INFO - Filling up the DagBag from /Users/omer/anaconda3/lib/python3.11/site-packages/airflow/example_dags/example_nested_branch_dag.py
[2024-09-19T06:22:01.079+0000] {processor.py:925} INFO - DAG(s) 'example_nested_branch_dag' retrieved from /Users/omer/anaconda3/lib/python3.11/site-packages/airflow/example_dags/example_nested_branch_dag.py
[2024-09-19T06:22:01.105+0000] {logging_mixin.py:190} INFO - [2024-09-19T06:22:01.105+0000] {dag.py:3229} INFO - Sync 1 DAGs
[2024-09-19T06:22:01.110+0000] {logging_mixin.py:190} INFO - [2024-09-19T06:22:01.110+0000] {dag.py:4156} INFO - Setting next_dagrun for example_nested_branch_dag to 2024-09-18 00:00:00+00:00, run_after=2024-09-19 00:00:00+00:00
[2024-09-19T06:22:01.115+0000] {processor.py:208} INFO - Processing /Users/omer/anaconda3/lib/python3.11/site-packages/airflow/example_dags/example_nested_branch_dag.py took 0.050 seconds
[2024-09-19T06:23:42.770+0000] {processor.py:186} INFO - Started process (PID=26420) to work on /Users/omer/anaconda3/lib/python3.11/site-packages/airflow/example_dags/example_nested_branch_dag.py
[2024-09-19T06:23:42.771+0000] {processor.py:914} INFO - Processing file /Users/omer/anaconda3/lib/python3.11/site-packages/airflow/example_dags/example_nested_branch_dag.py for tasks to queue
[2024-09-19T06:23:42.771+0000] {logging_mixin.py:190} INFO - [2024-09-19T06:23:42.771+0000] {dagbag.py:587} INFO - Filling up the DagBag from /Users/omer/anaconda3/lib/python3.11/site-packages/airflow/example_dags/example_nested_branch_dag.py
[2024-09-19T06:23:42.783+0000] {processor.py:925} INFO - DAG(s) 'example_nested_branch_dag' retrieved from /Users/omer/anaconda3/lib/python3.11/site-packages/airflow/example_dags/example_nested_branch_dag.py
[2024-09-19T06:23:42.810+0000] {logging_mixin.py:190} INFO - [2024-09-19T06:23:42.810+0000] {dag.py:3229} INFO - Sync 1 DAGs
[2024-09-19T06:23:42.815+0000] {logging_mixin.py:190} INFO - [2024-09-19T06:23:42.815+0000] {dag.py:4156} INFO - Setting next_dagrun for example_nested_branch_dag to 2024-09-18 00:00:00+00:00, run_after=2024-09-19 00:00:00+00:00
[2024-09-19T06:23:42.820+0000] {processor.py:208} INFO - Processing /Users/omer/anaconda3/lib/python3.11/site-packages/airflow/example_dags/example_nested_branch_dag.py took 0.051 seconds
[2024-09-19T06:25:59.463+0000] {processor.py:186} INFO - Started process (PID=26638) to work on /Users/omer/anaconda3/lib/python3.11/site-packages/airflow/example_dags/example_nested_branch_dag.py
[2024-09-19T06:25:59.463+0000] {processor.py:914} INFO - Processing file /Users/omer/anaconda3/lib/python3.11/site-packages/airflow/example_dags/example_nested_branch_dag.py for tasks to queue
[2024-09-19T06:25:59.464+0000] {logging_mixin.py:190} INFO - [2024-09-19T06:25:59.464+0000] {dagbag.py:587} INFO - Filling up the DagBag from /Users/omer/anaconda3/lib/python3.11/site-packages/airflow/example_dags/example_nested_branch_dag.py
[2024-09-19T06:25:59.476+0000] {processor.py:925} INFO - DAG(s) 'example_nested_branch_dag' retrieved from /Users/omer/anaconda3/lib/python3.11/site-packages/airflow/example_dags/example_nested_branch_dag.py
[2024-09-19T06:25:59.504+0000] {logging_mixin.py:190} INFO - [2024-09-19T06:25:59.504+0000] {dag.py:3229} INFO - Sync 1 DAGs
[2024-09-19T06:25:59.510+0000] {logging_mixin.py:190} INFO - [2024-09-19T06:25:59.510+0000] {dag.py:4156} INFO - Setting next_dagrun for example_nested_branch_dag to 2024-09-18 00:00:00+00:00, run_after=2024-09-19 00:00:00+00:00
[2024-09-19T06:25:59.515+0000] {processor.py:208} INFO - Processing /Users/omer/anaconda3/lib/python3.11/site-packages/airflow/example_dags/example_nested_branch_dag.py took 0.054 seconds
