[2024-09-19T00:16:02.363+0000] {processor.py:186} INFO - Started process (PID=24513) to work on /Users/omer/anaconda3/lib/python3.11/site-packages/airflow/example_dags/example_latest_only.py
[2024-09-19T00:16:02.363+0000] {processor.py:914} INFO - Processing file /Users/omer/anaconda3/lib/python3.11/site-packages/airflow/example_dags/example_latest_only.py for tasks to queue
[2024-09-19T00:16:02.364+0000] {logging_mixin.py:190} INFO - [2024-09-19T00:16:02.363+0000] {dagbag.py:587} INFO - Filling up the DagBag from /Users/omer/anaconda3/lib/python3.11/site-packages/airflow/example_dags/example_latest_only.py
[2024-09-19T00:16:02.367+0000] {processor.py:925} INFO - DAG(s) 'latest_only' retrieved from /Users/omer/anaconda3/lib/python3.11/site-packages/airflow/example_dags/example_latest_only.py
[2024-09-19T00:16:02.392+0000] {logging_mixin.py:190} INFO - [2024-09-19T00:16:02.392+0000] {dag.py:3229} INFO - Sync 1 DAGs
[2024-09-19T00:16:02.397+0000] {logging_mixin.py:190} INFO - [2024-09-19T00:16:02.397+0000] {dag.py:4156} INFO - Setting next_dagrun for latest_only to 2024-09-18 20:00:00+00:00, run_after=2024-09-19 00:00:00+00:00
[2024-09-19T00:16:02.402+0000] {processor.py:208} INFO - Processing /Users/omer/anaconda3/lib/python3.11/site-packages/airflow/example_dags/example_latest_only.py took 0.040 seconds
[2024-09-19T01:28:16.671+0000] {processor.py:186} INFO - Started process (PID=24700) to work on /Users/omer/anaconda3/lib/python3.11/site-packages/airflow/example_dags/example_latest_only.py
[2024-09-19T01:28:16.672+0000] {processor.py:914} INFO - Processing file /Users/omer/anaconda3/lib/python3.11/site-packages/airflow/example_dags/example_latest_only.py for tasks to queue
[2024-09-19T01:28:16.673+0000] {logging_mixin.py:190} INFO - [2024-09-19T01:28:16.673+0000] {dagbag.py:587} INFO - Filling up the DagBag from /Users/omer/anaconda3/lib/python3.11/site-packages/airflow/example_dags/example_latest_only.py
[2024-09-19T01:28:16.675+0000] {processor.py:925} INFO - DAG(s) 'latest_only' retrieved from /Users/omer/anaconda3/lib/python3.11/site-packages/airflow/example_dags/example_latest_only.py
[2024-09-19T01:28:16.700+0000] {logging_mixin.py:190} INFO - [2024-09-19T01:28:16.700+0000] {dag.py:3229} INFO - Sync 1 DAGs
[2024-09-19T01:28:16.705+0000] {logging_mixin.py:190} INFO - [2024-09-19T01:28:16.705+0000] {dag.py:4156} INFO - Setting next_dagrun for latest_only to 2024-09-18 20:00:00+00:00, run_after=2024-09-19 00:00:00+00:00
[2024-09-19T01:28:16.710+0000] {processor.py:208} INFO - Processing /Users/omer/anaconda3/lib/python3.11/site-packages/airflow/example_dags/example_latest_only.py took 0.039 seconds
[2024-09-19T02:04:29.991+0000] {processor.py:186} INFO - Started process (PID=24828) to work on /Users/omer/anaconda3/lib/python3.11/site-packages/airflow/example_dags/example_latest_only.py
[2024-09-19T02:04:29.992+0000] {processor.py:914} INFO - Processing file /Users/omer/anaconda3/lib/python3.11/site-packages/airflow/example_dags/example_latest_only.py for tasks to queue
[2024-09-19T02:04:29.992+0000] {logging_mixin.py:190} INFO - [2024-09-19T02:04:29.992+0000] {dagbag.py:587} INFO - Filling up the DagBag from /Users/omer/anaconda3/lib/python3.11/site-packages/airflow/example_dags/example_latest_only.py
[2024-09-19T02:04:29.994+0000] {processor.py:925} INFO - DAG(s) 'latest_only' retrieved from /Users/omer/anaconda3/lib/python3.11/site-packages/airflow/example_dags/example_latest_only.py
[2024-09-19T02:04:30.019+0000] {logging_mixin.py:190} INFO - [2024-09-19T02:04:30.019+0000] {dag.py:3229} INFO - Sync 1 DAGs
[2024-09-19T02:04:30.024+0000] {logging_mixin.py:190} INFO - [2024-09-19T02:04:30.024+0000] {dag.py:4156} INFO - Setting next_dagrun for latest_only to 2024-09-18 20:00:00+00:00, run_after=2024-09-19 00:00:00+00:00
[2024-09-19T02:04:30.029+0000] {processor.py:208} INFO - Processing /Users/omer/anaconda3/lib/python3.11/site-packages/airflow/example_dags/example_latest_only.py took 0.039 seconds
[2024-09-19T02:43:32.733+0000] {processor.py:186} INFO - Started process (PID=24950) to work on /Users/omer/anaconda3/lib/python3.11/site-packages/airflow/example_dags/example_latest_only.py
[2024-09-19T02:43:32.734+0000] {processor.py:914} INFO - Processing file /Users/omer/anaconda3/lib/python3.11/site-packages/airflow/example_dags/example_latest_only.py for tasks to queue
[2024-09-19T02:43:32.734+0000] {logging_mixin.py:190} INFO - [2024-09-19T02:43:32.734+0000] {dagbag.py:587} INFO - Filling up the DagBag from /Users/omer/anaconda3/lib/python3.11/site-packages/airflow/example_dags/example_latest_only.py
[2024-09-19T02:43:32.736+0000] {processor.py:925} INFO - DAG(s) 'latest_only' retrieved from /Users/omer/anaconda3/lib/python3.11/site-packages/airflow/example_dags/example_latest_only.py
[2024-09-19T02:43:32.762+0000] {logging_mixin.py:190} INFO - [2024-09-19T02:43:32.762+0000] {dag.py:3229} INFO - Sync 1 DAGs
[2024-09-19T02:43:32.767+0000] {logging_mixin.py:190} INFO - [2024-09-19T02:43:32.767+0000] {dag.py:4156} INFO - Setting next_dagrun for latest_only to 2024-09-18 20:00:00+00:00, run_after=2024-09-19 00:00:00+00:00
[2024-09-19T02:43:32.772+0000] {processor.py:208} INFO - Processing /Users/omer/anaconda3/lib/python3.11/site-packages/airflow/example_dags/example_latest_only.py took 0.039 seconds
[2024-09-19T03:20:35.390+0000] {processor.py:186} INFO - Started process (PID=25058) to work on /Users/omer/anaconda3/lib/python3.11/site-packages/airflow/example_dags/example_latest_only.py
[2024-09-19T03:20:35.391+0000] {processor.py:914} INFO - Processing file /Users/omer/anaconda3/lib/python3.11/site-packages/airflow/example_dags/example_latest_only.py for tasks to queue
[2024-09-19T03:20:35.391+0000] {logging_mixin.py:190} INFO - [2024-09-19T03:20:35.391+0000] {dagbag.py:587} INFO - Filling up the DagBag from /Users/omer/anaconda3/lib/python3.11/site-packages/airflow/example_dags/example_latest_only.py
[2024-09-19T03:20:35.393+0000] {processor.py:925} INFO - DAG(s) 'latest_only' retrieved from /Users/omer/anaconda3/lib/python3.11/site-packages/airflow/example_dags/example_latest_only.py
[2024-09-19T03:20:35.418+0000] {logging_mixin.py:190} INFO - [2024-09-19T03:20:35.418+0000] {dag.py:3229} INFO - Sync 1 DAGs
[2024-09-19T03:20:35.423+0000] {logging_mixin.py:190} INFO - [2024-09-19T03:20:35.423+0000] {dag.py:4156} INFO - Setting next_dagrun for latest_only to 2024-09-18 20:00:00+00:00, run_after=2024-09-19 00:00:00+00:00
[2024-09-19T03:20:35.428+0000] {processor.py:208} INFO - Processing /Users/omer/anaconda3/lib/python3.11/site-packages/airflow/example_dags/example_latest_only.py took 0.039 seconds
[2024-09-19T04:00:11.483+0000] {processor.py:186} INFO - Started process (PID=25221) to work on /Users/omer/anaconda3/lib/python3.11/site-packages/airflow/example_dags/example_latest_only.py
[2024-09-19T04:00:11.484+0000] {processor.py:914} INFO - Processing file /Users/omer/anaconda3/lib/python3.11/site-packages/airflow/example_dags/example_latest_only.py for tasks to queue
[2024-09-19T04:00:11.485+0000] {logging_mixin.py:190} INFO - [2024-09-19T04:00:11.484+0000] {dagbag.py:587} INFO - Filling up the DagBag from /Users/omer/anaconda3/lib/python3.11/site-packages/airflow/example_dags/example_latest_only.py
[2024-09-19T04:00:11.487+0000] {processor.py:925} INFO - DAG(s) 'latest_only' retrieved from /Users/omer/anaconda3/lib/python3.11/site-packages/airflow/example_dags/example_latest_only.py
[2024-09-19T04:00:11.511+0000] {logging_mixin.py:190} INFO - [2024-09-19T04:00:11.511+0000] {dag.py:3229} INFO - Sync 1 DAGs
[2024-09-19T04:00:11.516+0000] {logging_mixin.py:190} INFO - [2024-09-19T04:00:11.516+0000] {dag.py:4156} INFO - Setting next_dagrun for latest_only to 2024-09-19 00:00:00+00:00, run_after=2024-09-19 04:00:00+00:00
[2024-09-19T04:00:11.522+0000] {processor.py:208} INFO - Processing /Users/omer/anaconda3/lib/python3.11/site-packages/airflow/example_dags/example_latest_only.py took 0.039 seconds
[2024-09-19T04:23:30.834+0000] {processor.py:186} INFO - Started process (PID=25332) to work on /Users/omer/anaconda3/lib/python3.11/site-packages/airflow/example_dags/example_latest_only.py
[2024-09-19T04:23:30.834+0000] {processor.py:914} INFO - Processing file /Users/omer/anaconda3/lib/python3.11/site-packages/airflow/example_dags/example_latest_only.py for tasks to queue
[2024-09-19T04:23:30.835+0000] {logging_mixin.py:190} INFO - [2024-09-19T04:23:30.835+0000] {dagbag.py:587} INFO - Filling up the DagBag from /Users/omer/anaconda3/lib/python3.11/site-packages/airflow/example_dags/example_latest_only.py
[2024-09-19T04:23:30.837+0000] {processor.py:925} INFO - DAG(s) 'latest_only' retrieved from /Users/omer/anaconda3/lib/python3.11/site-packages/airflow/example_dags/example_latest_only.py
[2024-09-19T04:23:30.863+0000] {logging_mixin.py:190} INFO - [2024-09-19T04:23:30.863+0000] {dag.py:3229} INFO - Sync 1 DAGs
[2024-09-19T04:23:30.868+0000] {logging_mixin.py:190} INFO - [2024-09-19T04:23:30.868+0000] {dag.py:4156} INFO - Setting next_dagrun for latest_only to 2024-09-19 00:00:00+00:00, run_after=2024-09-19 04:00:00+00:00
[2024-09-19T04:23:30.873+0000] {processor.py:208} INFO - Processing /Users/omer/anaconda3/lib/python3.11/site-packages/airflow/example_dags/example_latest_only.py took 0.040 seconds
[2024-09-19T04:59:30.910+0000] {processor.py:186} INFO - Started process (PID=25455) to work on /Users/omer/anaconda3/lib/python3.11/site-packages/airflow/example_dags/example_latest_only.py
[2024-09-19T04:59:30.911+0000] {processor.py:914} INFO - Processing file /Users/omer/anaconda3/lib/python3.11/site-packages/airflow/example_dags/example_latest_only.py for tasks to queue
[2024-09-19T04:59:30.911+0000] {logging_mixin.py:190} INFO - [2024-09-19T04:59:30.911+0000] {dagbag.py:587} INFO - Filling up the DagBag from /Users/omer/anaconda3/lib/python3.11/site-packages/airflow/example_dags/example_latest_only.py
[2024-09-19T04:59:30.913+0000] {processor.py:925} INFO - DAG(s) 'latest_only' retrieved from /Users/omer/anaconda3/lib/python3.11/site-packages/airflow/example_dags/example_latest_only.py
[2024-09-19T04:59:30.938+0000] {logging_mixin.py:190} INFO - [2024-09-19T04:59:30.938+0000] {dag.py:3229} INFO - Sync 1 DAGs
[2024-09-19T04:59:30.943+0000] {logging_mixin.py:190} INFO - [2024-09-19T04:59:30.943+0000] {dag.py:4156} INFO - Setting next_dagrun for latest_only to 2024-09-19 00:00:00+00:00, run_after=2024-09-19 04:00:00+00:00
[2024-09-19T04:59:30.948+0000] {processor.py:208} INFO - Processing /Users/omer/anaconda3/lib/python3.11/site-packages/airflow/example_dags/example_latest_only.py took 0.038 seconds
[2024-09-19T05:40:14.954+0000] {processor.py:186} INFO - Started process (PID=25570) to work on /Users/omer/anaconda3/lib/python3.11/site-packages/airflow/example_dags/example_latest_only.py
[2024-09-19T05:40:14.955+0000] {processor.py:914} INFO - Processing file /Users/omer/anaconda3/lib/python3.11/site-packages/airflow/example_dags/example_latest_only.py for tasks to queue
[2024-09-19T05:40:14.955+0000] {logging_mixin.py:190} INFO - [2024-09-19T05:40:14.955+0000] {dagbag.py:587} INFO - Filling up the DagBag from /Users/omer/anaconda3/lib/python3.11/site-packages/airflow/example_dags/example_latest_only.py
[2024-09-19T05:40:14.957+0000] {processor.py:925} INFO - DAG(s) 'latest_only' retrieved from /Users/omer/anaconda3/lib/python3.11/site-packages/airflow/example_dags/example_latest_only.py
[2024-09-19T05:40:14.982+0000] {logging_mixin.py:190} INFO - [2024-09-19T05:40:14.982+0000] {dag.py:3229} INFO - Sync 1 DAGs
[2024-09-19T05:40:14.987+0000] {logging_mixin.py:190} INFO - [2024-09-19T05:40:14.986+0000] {dag.py:4156} INFO - Setting next_dagrun for latest_only to 2024-09-19 00:00:00+00:00, run_after=2024-09-19 04:00:00+00:00
[2024-09-19T05:40:14.992+0000] {processor.py:208} INFO - Processing /Users/omer/anaconda3/lib/python3.11/site-packages/airflow/example_dags/example_latest_only.py took 0.038 seconds
[2024-09-19T06:15:11.639+0000] {processor.py:186} INFO - Started process (PID=25710) to work on /Users/omer/anaconda3/lib/python3.11/site-packages/airflow/example_dags/example_latest_only.py
[2024-09-19T06:15:11.639+0000] {processor.py:914} INFO - Processing file /Users/omer/anaconda3/lib/python3.11/site-packages/airflow/example_dags/example_latest_only.py for tasks to queue
[2024-09-19T06:15:11.640+0000] {logging_mixin.py:190} INFO - [2024-09-19T06:15:11.640+0000] {dagbag.py:587} INFO - Filling up the DagBag from /Users/omer/anaconda3/lib/python3.11/site-packages/airflow/example_dags/example_latest_only.py
[2024-09-19T06:15:11.642+0000] {processor.py:925} INFO - DAG(s) 'latest_only' retrieved from /Users/omer/anaconda3/lib/python3.11/site-packages/airflow/example_dags/example_latest_only.py
[2024-09-19T06:15:11.667+0000] {logging_mixin.py:190} INFO - [2024-09-19T06:15:11.667+0000] {dag.py:3229} INFO - Sync 1 DAGs
[2024-09-19T06:15:11.672+0000] {logging_mixin.py:190} INFO - [2024-09-19T06:15:11.672+0000] {dag.py:4156} INFO - Setting next_dagrun for latest_only to 2024-09-19 00:00:00+00:00, run_after=2024-09-19 04:00:00+00:00
[2024-09-19T06:15:11.677+0000] {processor.py:208} INFO - Processing /Users/omer/anaconda3/lib/python3.11/site-packages/airflow/example_dags/example_latest_only.py took 0.039 seconds
[2024-09-19T06:17:48.793+0000] {processor.py:186} INFO - Started process (PID=25906) to work on /Users/omer/anaconda3/lib/python3.11/site-packages/airflow/example_dags/example_latest_only.py
[2024-09-19T06:17:48.794+0000] {processor.py:914} INFO - Processing file /Users/omer/anaconda3/lib/python3.11/site-packages/airflow/example_dags/example_latest_only.py for tasks to queue
[2024-09-19T06:17:48.794+0000] {logging_mixin.py:190} INFO - [2024-09-19T06:17:48.794+0000] {dagbag.py:587} INFO - Filling up the DagBag from /Users/omer/anaconda3/lib/python3.11/site-packages/airflow/example_dags/example_latest_only.py
[2024-09-19T06:17:48.797+0000] {processor.py:925} INFO - DAG(s) 'latest_only' retrieved from /Users/omer/anaconda3/lib/python3.11/site-packages/airflow/example_dags/example_latest_only.py
[2024-09-19T06:17:48.822+0000] {logging_mixin.py:190} INFO - [2024-09-19T06:17:48.822+0000] {dag.py:3229} INFO - Sync 1 DAGs
[2024-09-19T06:17:48.828+0000] {logging_mixin.py:190} INFO - [2024-09-19T06:17:48.828+0000] {dag.py:4156} INFO - Setting next_dagrun for latest_only to 2024-09-19 00:00:00+00:00, run_after=2024-09-19 04:00:00+00:00
[2024-09-19T06:17:48.833+0000] {processor.py:208} INFO - Processing /Users/omer/anaconda3/lib/python3.11/site-packages/airflow/example_dags/example_latest_only.py took 0.040 seconds
[2024-09-19T06:20:10.633+0000] {processor.py:186} INFO - Started process (PID=26123) to work on /Users/omer/anaconda3/lib/python3.11/site-packages/airflow/example_dags/example_latest_only.py
[2024-09-19T06:20:10.634+0000] {processor.py:914} INFO - Processing file /Users/omer/anaconda3/lib/python3.11/site-packages/airflow/example_dags/example_latest_only.py for tasks to queue
[2024-09-19T06:20:10.634+0000] {logging_mixin.py:190} INFO - [2024-09-19T06:20:10.634+0000] {dagbag.py:587} INFO - Filling up the DagBag from /Users/omer/anaconda3/lib/python3.11/site-packages/airflow/example_dags/example_latest_only.py
[2024-09-19T06:20:10.636+0000] {processor.py:925} INFO - DAG(s) 'latest_only' retrieved from /Users/omer/anaconda3/lib/python3.11/site-packages/airflow/example_dags/example_latest_only.py
[2024-09-19T06:20:10.662+0000] {logging_mixin.py:190} INFO - [2024-09-19T06:20:10.662+0000] {dag.py:3229} INFO - Sync 1 DAGs
[2024-09-19T06:20:10.667+0000] {logging_mixin.py:190} INFO - [2024-09-19T06:20:10.667+0000] {dag.py:4156} INFO - Setting next_dagrun for latest_only to 2024-09-19 00:00:00+00:00, run_after=2024-09-19 04:00:00+00:00
[2024-09-19T06:20:10.672+0000] {processor.py:208} INFO - Processing /Users/omer/anaconda3/lib/python3.11/site-packages/airflow/example_dags/example_latest_only.py took 0.040 seconds
[2024-09-19T06:22:06.901+0000] {processor.py:186} INFO - Started process (PID=26324) to work on /Users/omer/anaconda3/lib/python3.11/site-packages/airflow/example_dags/example_latest_only.py
[2024-09-19T06:22:06.901+0000] {processor.py:914} INFO - Processing file /Users/omer/anaconda3/lib/python3.11/site-packages/airflow/example_dags/example_latest_only.py for tasks to queue
[2024-09-19T06:22:06.902+0000] {logging_mixin.py:190} INFO - [2024-09-19T06:22:06.902+0000] {dagbag.py:587} INFO - Filling up the DagBag from /Users/omer/anaconda3/lib/python3.11/site-packages/airflow/example_dags/example_latest_only.py
[2024-09-19T06:22:06.904+0000] {processor.py:925} INFO - DAG(s) 'latest_only' retrieved from /Users/omer/anaconda3/lib/python3.11/site-packages/airflow/example_dags/example_latest_only.py
[2024-09-19T06:22:06.932+0000] {logging_mixin.py:190} INFO - [2024-09-19T06:22:06.932+0000] {dag.py:3229} INFO - Sync 1 DAGs
[2024-09-19T06:22:06.938+0000] {logging_mixin.py:190} INFO - [2024-09-19T06:22:06.937+0000] {dag.py:4156} INFO - Setting next_dagrun for latest_only to 2024-09-19 00:00:00+00:00, run_after=2024-09-19 04:00:00+00:00
[2024-09-19T06:22:06.943+0000] {processor.py:208} INFO - Processing /Users/omer/anaconda3/lib/python3.11/site-packages/airflow/example_dags/example_latest_only.py took 0.043 seconds
[2024-09-19T06:23:47.708+0000] {processor.py:186} INFO - Started process (PID=26424) to work on /Users/omer/anaconda3/lib/python3.11/site-packages/airflow/example_dags/example_latest_only.py
[2024-09-19T06:23:47.709+0000] {processor.py:914} INFO - Processing file /Users/omer/anaconda3/lib/python3.11/site-packages/airflow/example_dags/example_latest_only.py for tasks to queue
[2024-09-19T06:23:47.709+0000] {logging_mixin.py:190} INFO - [2024-09-19T06:23:47.709+0000] {dagbag.py:587} INFO - Filling up the DagBag from /Users/omer/anaconda3/lib/python3.11/site-packages/airflow/example_dags/example_latest_only.py
[2024-09-19T06:23:47.711+0000] {processor.py:925} INFO - DAG(s) 'latest_only' retrieved from /Users/omer/anaconda3/lib/python3.11/site-packages/airflow/example_dags/example_latest_only.py
[2024-09-19T06:23:47.738+0000] {logging_mixin.py:190} INFO - [2024-09-19T06:23:47.738+0000] {dag.py:3229} INFO - Sync 1 DAGs
[2024-09-19T06:23:47.743+0000] {logging_mixin.py:190} INFO - [2024-09-19T06:23:47.743+0000] {dag.py:4156} INFO - Setting next_dagrun for latest_only to 2024-09-19 00:00:00+00:00, run_after=2024-09-19 04:00:00+00:00
[2024-09-19T06:23:47.748+0000] {processor.py:208} INFO - Processing /Users/omer/anaconda3/lib/python3.11/site-packages/airflow/example_dags/example_latest_only.py took 0.041 seconds
[2024-09-19T06:26:04.973+0000] {processor.py:186} INFO - Started process (PID=26644) to work on /Users/omer/anaconda3/lib/python3.11/site-packages/airflow/example_dags/example_latest_only.py
[2024-09-19T06:26:04.974+0000] {processor.py:914} INFO - Processing file /Users/omer/anaconda3/lib/python3.11/site-packages/airflow/example_dags/example_latest_only.py for tasks to queue
[2024-09-19T06:26:04.974+0000] {logging_mixin.py:190} INFO - [2024-09-19T06:26:04.974+0000] {dagbag.py:587} INFO - Filling up the DagBag from /Users/omer/anaconda3/lib/python3.11/site-packages/airflow/example_dags/example_latest_only.py
[2024-09-19T06:26:04.976+0000] {processor.py:925} INFO - DAG(s) 'latest_only' retrieved from /Users/omer/anaconda3/lib/python3.11/site-packages/airflow/example_dags/example_latest_only.py
[2024-09-19T06:26:05.003+0000] {logging_mixin.py:190} INFO - [2024-09-19T06:26:05.002+0000] {dag.py:3229} INFO - Sync 1 DAGs
[2024-09-19T06:26:05.008+0000] {logging_mixin.py:190} INFO - [2024-09-19T06:26:05.008+0000] {dag.py:4156} INFO - Setting next_dagrun for latest_only to 2024-09-19 00:00:00+00:00, run_after=2024-09-19 04:00:00+00:00
[2024-09-19T06:26:05.013+0000] {processor.py:208} INFO - Processing /Users/omer/anaconda3/lib/python3.11/site-packages/airflow/example_dags/example_latest_only.py took 0.041 seconds
