[2024-09-19T00:52:29.434+0000] {processor.py:186} INFO - Started process (PID=24613) to work on /Users/omer/anaconda3/lib/python3.11/site-packages/airflow/example_dags/example_branch_python_dop_operator_3.py
[2024-09-19T00:52:29.434+0000] {processor.py:914} INFO - Processing file /Users/omer/anaconda3/lib/python3.11/site-packages/airflow/example_dags/example_branch_python_dop_operator_3.py for tasks to queue
[2024-09-19T00:52:29.434+0000] {logging_mixin.py:190} INFO - [2024-09-19T00:52:29.434+0000] {dagbag.py:587} INFO - Filling up the DagBag from /Users/omer/anaconda3/lib/python3.11/site-packages/airflow/example_dags/example_branch_python_dop_operator_3.py
[2024-09-19T00:52:29.445+0000] {processor.py:925} INFO - DAG(s) 'example_branch_dop_operator_v3' retrieved from /Users/omer/anaconda3/lib/python3.11/site-packages/airflow/example_dags/example_branch_python_dop_operator_3.py
[2024-09-19T00:52:29.470+0000] {logging_mixin.py:190} INFO - [2024-09-19T00:52:29.470+0000] {dag.py:3229} INFO - Sync 1 DAGs
[2024-09-19T00:52:29.476+0000] {logging_mixin.py:190} INFO - [2024-09-19T00:52:29.476+0000] {dag.py:4156} INFO - Setting next_dagrun for example_branch_dop_operator_v3 to 2024-09-19 00:51:00+00:00, run_after=2024-09-19 00:52:00+00:00
[2024-09-19T00:52:29.481+0000] {processor.py:208} INFO - Processing /Users/omer/anaconda3/lib/python3.11/site-packages/airflow/example_dags/example_branch_python_dop_operator_3.py took 0.048 seconds
[2024-09-19T01:42:02.128+0000] {processor.py:186} INFO - Started process (PID=24726) to work on /Users/omer/anaconda3/lib/python3.11/site-packages/airflow/example_dags/example_branch_python_dop_operator_3.py
[2024-09-19T01:42:02.129+0000] {processor.py:914} INFO - Processing file /Users/omer/anaconda3/lib/python3.11/site-packages/airflow/example_dags/example_branch_python_dop_operator_3.py for tasks to queue
[2024-09-19T01:42:02.129+0000] {logging_mixin.py:190} INFO - [2024-09-19T01:42:02.129+0000] {dagbag.py:587} INFO - Filling up the DagBag from /Users/omer/anaconda3/lib/python3.11/site-packages/airflow/example_dags/example_branch_python_dop_operator_3.py
[2024-09-19T01:42:02.142+0000] {processor.py:925} INFO - DAG(s) 'example_branch_dop_operator_v3' retrieved from /Users/omer/anaconda3/lib/python3.11/site-packages/airflow/example_dags/example_branch_python_dop_operator_3.py
[2024-09-19T01:42:02.169+0000] {logging_mixin.py:190} INFO - [2024-09-19T01:42:02.169+0000] {dag.py:3229} INFO - Sync 1 DAGs
[2024-09-19T01:42:02.175+0000] {logging_mixin.py:190} INFO - [2024-09-19T01:42:02.175+0000] {dag.py:4156} INFO - Setting next_dagrun for example_branch_dop_operator_v3 to 2024-09-19 01:41:00+00:00, run_after=2024-09-19 01:42:00+00:00
[2024-09-19T01:42:02.181+0000] {processor.py:208} INFO - Processing /Users/omer/anaconda3/lib/python3.11/site-packages/airflow/example_dags/example_branch_python_dop_operator_3.py took 0.054 seconds
[2024-09-19T02:22:44.150+0000] {processor.py:186} INFO - Started process (PID=24858) to work on /Users/omer/anaconda3/lib/python3.11/site-packages/airflow/example_dags/example_branch_python_dop_operator_3.py
[2024-09-19T02:22:44.151+0000] {processor.py:914} INFO - Processing file /Users/omer/anaconda3/lib/python3.11/site-packages/airflow/example_dags/example_branch_python_dop_operator_3.py for tasks to queue
[2024-09-19T02:22:44.151+0000] {logging_mixin.py:190} INFO - [2024-09-19T02:22:44.151+0000] {dagbag.py:587} INFO - Filling up the DagBag from /Users/omer/anaconda3/lib/python3.11/site-packages/airflow/example_dags/example_branch_python_dop_operator_3.py
[2024-09-19T02:22:44.162+0000] {processor.py:925} INFO - DAG(s) 'example_branch_dop_operator_v3' retrieved from /Users/omer/anaconda3/lib/python3.11/site-packages/airflow/example_dags/example_branch_python_dop_operator_3.py
[2024-09-19T02:22:44.186+0000] {logging_mixin.py:190} INFO - [2024-09-19T02:22:44.186+0000] {dag.py:3229} INFO - Sync 1 DAGs
[2024-09-19T02:22:44.192+0000] {logging_mixin.py:190} INFO - [2024-09-19T02:22:44.192+0000] {dag.py:4156} INFO - Setting next_dagrun for example_branch_dop_operator_v3 to 2024-09-19 02:21:00+00:00, run_after=2024-09-19 02:22:00+00:00
[2024-09-19T02:22:44.197+0000] {processor.py:208} INFO - Processing /Users/omer/anaconda3/lib/python3.11/site-packages/airflow/example_dags/example_branch_python_dop_operator_3.py took 0.048 seconds
[2024-09-19T03:22:12.350+0000] {processor.py:186} INFO - Started process (PID=25085) to work on /Users/omer/anaconda3/lib/python3.11/site-packages/airflow/example_dags/example_branch_python_dop_operator_3.py
[2024-09-19T03:22:12.351+0000] {processor.py:914} INFO - Processing file /Users/omer/anaconda3/lib/python3.11/site-packages/airflow/example_dags/example_branch_python_dop_operator_3.py for tasks to queue
[2024-09-19T03:22:12.351+0000] {logging_mixin.py:190} INFO - [2024-09-19T03:22:12.351+0000] {dagbag.py:587} INFO - Filling up the DagBag from /Users/omer/anaconda3/lib/python3.11/site-packages/airflow/example_dags/example_branch_python_dop_operator_3.py
[2024-09-19T03:22:12.362+0000] {processor.py:925} INFO - DAG(s) 'example_branch_dop_operator_v3' retrieved from /Users/omer/anaconda3/lib/python3.11/site-packages/airflow/example_dags/example_branch_python_dop_operator_3.py
[2024-09-19T03:22:12.388+0000] {logging_mixin.py:190} INFO - [2024-09-19T03:22:12.388+0000] {dag.py:3229} INFO - Sync 1 DAGs
[2024-09-19T03:22:12.404+0000] {logging_mixin.py:190} INFO - [2024-09-19T03:22:12.403+0000] {dag.py:4156} INFO - Setting next_dagrun for example_branch_dop_operator_v3 to 2024-09-19 03:21:00+00:00, run_after=2024-09-19 03:22:00+00:00
[2024-09-19T03:22:12.433+0000] {processor.py:208} INFO - Processing /Users/omer/anaconda3/lib/python3.11/site-packages/airflow/example_dags/example_branch_python_dop_operator_3.py took 0.084 seconds
[2024-09-19T04:01:24.160+0000] {processor.py:186} INFO - Started process (PID=25251) to work on /Users/omer/anaconda3/lib/python3.11/site-packages/airflow/example_dags/example_branch_python_dop_operator_3.py
[2024-09-19T04:01:24.160+0000] {processor.py:914} INFO - Processing file /Users/omer/anaconda3/lib/python3.11/site-packages/airflow/example_dags/example_branch_python_dop_operator_3.py for tasks to queue
[2024-09-19T04:01:24.160+0000] {logging_mixin.py:190} INFO - [2024-09-19T04:01:24.160+0000] {dagbag.py:587} INFO - Filling up the DagBag from /Users/omer/anaconda3/lib/python3.11/site-packages/airflow/example_dags/example_branch_python_dop_operator_3.py
[2024-09-19T04:01:24.172+0000] {processor.py:925} INFO - DAG(s) 'example_branch_dop_operator_v3' retrieved from /Users/omer/anaconda3/lib/python3.11/site-packages/airflow/example_dags/example_branch_python_dop_operator_3.py
[2024-09-19T04:01:24.196+0000] {logging_mixin.py:190} INFO - [2024-09-19T04:01:24.196+0000] {dag.py:3229} INFO - Sync 1 DAGs
[2024-09-19T04:01:24.202+0000] {logging_mixin.py:190} INFO - [2024-09-19T04:01:24.202+0000] {dag.py:4156} INFO - Setting next_dagrun for example_branch_dop_operator_v3 to 2024-09-19 04:00:00+00:00, run_after=2024-09-19 04:01:00+00:00
[2024-09-19T04:01:24.207+0000] {processor.py:208} INFO - Processing /Users/omer/anaconda3/lib/python3.11/site-packages/airflow/example_dags/example_branch_python_dop_operator_3.py took 0.049 seconds
[2024-09-19T04:40:34.248+0000] {processor.py:186} INFO - Started process (PID=25365) to work on /Users/omer/anaconda3/lib/python3.11/site-packages/airflow/example_dags/example_branch_python_dop_operator_3.py
[2024-09-19T04:40:34.249+0000] {processor.py:914} INFO - Processing file /Users/omer/anaconda3/lib/python3.11/site-packages/airflow/example_dags/example_branch_python_dop_operator_3.py for tasks to queue
[2024-09-19T04:40:34.249+0000] {logging_mixin.py:190} INFO - [2024-09-19T04:40:34.249+0000] {dagbag.py:587} INFO - Filling up the DagBag from /Users/omer/anaconda3/lib/python3.11/site-packages/airflow/example_dags/example_branch_python_dop_operator_3.py
[2024-09-19T04:40:34.260+0000] {processor.py:925} INFO - DAG(s) 'example_branch_dop_operator_v3' retrieved from /Users/omer/anaconda3/lib/python3.11/site-packages/airflow/example_dags/example_branch_python_dop_operator_3.py
[2024-09-19T04:40:34.284+0000] {logging_mixin.py:190} INFO - [2024-09-19T04:40:34.284+0000] {dag.py:3229} INFO - Sync 1 DAGs
[2024-09-19T04:40:34.290+0000] {logging_mixin.py:190} INFO - [2024-09-19T04:40:34.290+0000] {dag.py:4156} INFO - Setting next_dagrun for example_branch_dop_operator_v3 to 2024-09-19 04:39:00+00:00, run_after=2024-09-19 04:40:00+00:00
[2024-09-19T04:40:34.295+0000] {processor.py:208} INFO - Processing /Users/omer/anaconda3/lib/python3.11/site-packages/airflow/example_dags/example_branch_python_dop_operator_3.py took 0.048 seconds
[2024-09-19T05:00:40.926+0000] {processor.py:186} INFO - Started process (PID=25485) to work on /Users/omer/anaconda3/lib/python3.11/site-packages/airflow/example_dags/example_branch_python_dop_operator_3.py
[2024-09-19T05:00:40.926+0000] {processor.py:914} INFO - Processing file /Users/omer/anaconda3/lib/python3.11/site-packages/airflow/example_dags/example_branch_python_dop_operator_3.py for tasks to queue
[2024-09-19T05:00:40.927+0000] {logging_mixin.py:190} INFO - [2024-09-19T05:00:40.926+0000] {dagbag.py:587} INFO - Filling up the DagBag from /Users/omer/anaconda3/lib/python3.11/site-packages/airflow/example_dags/example_branch_python_dop_operator_3.py
[2024-09-19T05:00:40.938+0000] {processor.py:925} INFO - DAG(s) 'example_branch_dop_operator_v3' retrieved from /Users/omer/anaconda3/lib/python3.11/site-packages/airflow/example_dags/example_branch_python_dop_operator_3.py
[2024-09-19T05:00:40.962+0000] {logging_mixin.py:190} INFO - [2024-09-19T05:00:40.962+0000] {dag.py:3229} INFO - Sync 1 DAGs
[2024-09-19T05:00:40.967+0000] {logging_mixin.py:190} INFO - [2024-09-19T05:00:40.967+0000] {dag.py:4156} INFO - Setting next_dagrun for example_branch_dop_operator_v3 to 2024-09-19 04:59:00+00:00, run_after=2024-09-19 05:00:00+00:00
[2024-09-19T05:00:40.972+0000] {processor.py:208} INFO - Processing /Users/omer/anaconda3/lib/python3.11/site-packages/airflow/example_dags/example_branch_python_dop_operator_3.py took 0.047 seconds
[2024-09-19T05:43:21.701+0000] {processor.py:186} INFO - Started process (PID=25598) to work on /Users/omer/anaconda3/lib/python3.11/site-packages/airflow/example_dags/example_branch_python_dop_operator_3.py
[2024-09-19T05:43:21.701+0000] {processor.py:914} INFO - Processing file /Users/omer/anaconda3/lib/python3.11/site-packages/airflow/example_dags/example_branch_python_dop_operator_3.py for tasks to queue
[2024-09-19T05:43:21.701+0000] {logging_mixin.py:190} INFO - [2024-09-19T05:43:21.701+0000] {dagbag.py:587} INFO - Filling up the DagBag from /Users/omer/anaconda3/lib/python3.11/site-packages/airflow/example_dags/example_branch_python_dop_operator_3.py
[2024-09-19T05:43:21.713+0000] {processor.py:925} INFO - DAG(s) 'example_branch_dop_operator_v3' retrieved from /Users/omer/anaconda3/lib/python3.11/site-packages/airflow/example_dags/example_branch_python_dop_operator_3.py
[2024-09-19T05:43:21.738+0000] {logging_mixin.py:190} INFO - [2024-09-19T05:43:21.737+0000] {dag.py:3229} INFO - Sync 1 DAGs
[2024-09-19T05:43:21.743+0000] {logging_mixin.py:190} INFO - [2024-09-19T05:43:21.743+0000] {dag.py:4156} INFO - Setting next_dagrun for example_branch_dop_operator_v3 to 2024-09-19 05:42:00+00:00, run_after=2024-09-19 05:43:00+00:00
[2024-09-19T05:43:21.749+0000] {processor.py:208} INFO - Processing /Users/omer/anaconda3/lib/python3.11/site-packages/airflow/example_dags/example_branch_python_dop_operator_3.py took 0.049 seconds
[2024-09-19T06:16:44.927+0000] {processor.py:186} INFO - Started process (PID=25835) to work on /Users/omer/anaconda3/lib/python3.11/site-packages/airflow/example_dags/example_branch_python_dop_operator_3.py
[2024-09-19T06:16:44.928+0000] {processor.py:914} INFO - Processing file /Users/omer/anaconda3/lib/python3.11/site-packages/airflow/example_dags/example_branch_python_dop_operator_3.py for tasks to queue
[2024-09-19T06:16:44.928+0000] {logging_mixin.py:190} INFO - [2024-09-19T06:16:44.928+0000] {dagbag.py:587} INFO - Filling up the DagBag from /Users/omer/anaconda3/lib/python3.11/site-packages/airflow/example_dags/example_branch_python_dop_operator_3.py
[2024-09-19T06:16:44.946+0000] {processor.py:925} INFO - DAG(s) 'example_branch_dop_operator_v3' retrieved from /Users/omer/anaconda3/lib/python3.11/site-packages/airflow/example_dags/example_branch_python_dop_operator_3.py
[2024-09-19T06:16:44.972+0000] {logging_mixin.py:190} INFO - [2024-09-19T06:16:44.971+0000] {dag.py:3229} INFO - Sync 1 DAGs
[2024-09-19T06:16:44.978+0000] {logging_mixin.py:190} INFO - [2024-09-19T06:16:44.978+0000] {dag.py:4156} INFO - Setting next_dagrun for example_branch_dop_operator_v3 to 2024-09-19 06:15:00+00:00, run_after=2024-09-19 06:16:00+00:00
[2024-09-19T06:16:44.983+0000] {processor.py:208} INFO - Processing /Users/omer/anaconda3/lib/python3.11/site-packages/airflow/example_dags/example_branch_python_dop_operator_3.py took 0.057 seconds
[2024-09-19T06:19:13.423+0000] {processor.py:186} INFO - Started process (PID=26017) to work on /Users/omer/anaconda3/lib/python3.11/site-packages/airflow/example_dags/example_branch_python_dop_operator_3.py
[2024-09-19T06:19:13.424+0000] {processor.py:914} INFO - Processing file /Users/omer/anaconda3/lib/python3.11/site-packages/airflow/example_dags/example_branch_python_dop_operator_3.py for tasks to queue
[2024-09-19T06:19:13.424+0000] {logging_mixin.py:190} INFO - [2024-09-19T06:19:13.424+0000] {dagbag.py:587} INFO - Filling up the DagBag from /Users/omer/anaconda3/lib/python3.11/site-packages/airflow/example_dags/example_branch_python_dop_operator_3.py
[2024-09-19T06:19:13.435+0000] {processor.py:925} INFO - DAG(s) 'example_branch_dop_operator_v3' retrieved from /Users/omer/anaconda3/lib/python3.11/site-packages/airflow/example_dags/example_branch_python_dop_operator_3.py
[2024-09-19T06:19:13.461+0000] {logging_mixin.py:190} INFO - [2024-09-19T06:19:13.461+0000] {dag.py:3229} INFO - Sync 1 DAGs
[2024-09-19T06:19:13.467+0000] {logging_mixin.py:190} INFO - [2024-09-19T06:19:13.467+0000] {dag.py:4156} INFO - Setting next_dagrun for example_branch_dop_operator_v3 to 2024-09-19 06:18:00+00:00, run_after=2024-09-19 06:19:00+00:00
[2024-09-19T06:19:13.472+0000] {processor.py:208} INFO - Processing /Users/omer/anaconda3/lib/python3.11/site-packages/airflow/example_dags/example_branch_python_dop_operator_3.py took 0.050 seconds
[2024-09-19T06:22:28.253+0000] {processor.py:186} INFO - Started process (PID=26344) to work on /Users/omer/anaconda3/lib/python3.11/site-packages/airflow/example_dags/example_branch_python_dop_operator_3.py
[2024-09-19T06:22:28.254+0000] {processor.py:914} INFO - Processing file /Users/omer/anaconda3/lib/python3.11/site-packages/airflow/example_dags/example_branch_python_dop_operator_3.py for tasks to queue
[2024-09-19T06:22:28.255+0000] {logging_mixin.py:190} INFO - [2024-09-19T06:22:28.255+0000] {dagbag.py:587} INFO - Filling up the DagBag from /Users/omer/anaconda3/lib/python3.11/site-packages/airflow/example_dags/example_branch_python_dop_operator_3.py
[2024-09-19T06:22:28.266+0000] {processor.py:925} INFO - DAG(s) 'example_branch_dop_operator_v3' retrieved from /Users/omer/anaconda3/lib/python3.11/site-packages/airflow/example_dags/example_branch_python_dop_operator_3.py
[2024-09-19T06:22:28.292+0000] {logging_mixin.py:190} INFO - [2024-09-19T06:22:28.292+0000] {dag.py:3229} INFO - Sync 1 DAGs
[2024-09-19T06:22:28.298+0000] {logging_mixin.py:190} INFO - [2024-09-19T06:22:28.298+0000] {dag.py:4156} INFO - Setting next_dagrun for example_branch_dop_operator_v3 to 2024-09-19 06:21:00+00:00, run_after=2024-09-19 06:22:00+00:00
[2024-09-19T06:22:28.303+0000] {processor.py:208} INFO - Processing /Users/omer/anaconda3/lib/python3.11/site-packages/airflow/example_dags/example_branch_python_dop_operator_3.py took 0.051 seconds
[2024-09-19T06:24:48.127+0000] {processor.py:186} INFO - Started process (PID=26516) to work on /Users/omer/anaconda3/lib/python3.11/site-packages/airflow/example_dags/example_branch_python_dop_operator_3.py
[2024-09-19T06:24:48.128+0000] {processor.py:914} INFO - Processing file /Users/omer/anaconda3/lib/python3.11/site-packages/airflow/example_dags/example_branch_python_dop_operator_3.py for tasks to queue
[2024-09-19T06:24:48.129+0000] {logging_mixin.py:190} INFO - [2024-09-19T06:24:48.128+0000] {dagbag.py:587} INFO - Filling up the DagBag from /Users/omer/anaconda3/lib/python3.11/site-packages/airflow/example_dags/example_branch_python_dop_operator_3.py
[2024-09-19T06:24:48.140+0000] {processor.py:925} INFO - DAG(s) 'example_branch_dop_operator_v3' retrieved from /Users/omer/anaconda3/lib/python3.11/site-packages/airflow/example_dags/example_branch_python_dop_operator_3.py
[2024-09-19T06:24:48.165+0000] {logging_mixin.py:190} INFO - [2024-09-19T06:24:48.165+0000] {dag.py:3229} INFO - Sync 1 DAGs
[2024-09-19T06:24:48.171+0000] {logging_mixin.py:190} INFO - [2024-09-19T06:24:48.171+0000] {dag.py:4156} INFO - Setting next_dagrun for example_branch_dop_operator_v3 to 2024-09-19 06:23:00+00:00, run_after=2024-09-19 06:24:00+00:00
[2024-09-19T06:24:48.177+0000] {processor.py:208} INFO - Processing /Users/omer/anaconda3/lib/python3.11/site-packages/airflow/example_dags/example_branch_python_dop_operator_3.py took 0.051 seconds
