[2024-09-19T00:32:45.201+0000] {processor.py:186} INFO - Started process (PID=24552) to work on /Users/omer/anaconda3/lib/python3.11/site-packages/airflow/example_dags/example_xcom.py
[2024-09-19T00:32:45.201+0000] {processor.py:914} INFO - Processing file /Users/omer/anaconda3/lib/python3.11/site-packages/airflow/example_dags/example_xcom.py for tasks to queue
[2024-09-19T00:32:45.201+0000] {logging_mixin.py:190} INFO - [2024-09-19T00:32:45.201+0000] {dagbag.py:587} INFO - Filling up the DagBag from /Users/omer/anaconda3/lib/python3.11/site-packages/airflow/example_dags/example_xcom.py
[2024-09-19T00:32:45.211+0000] {processor.py:925} INFO - DAG(s) 'example_xcom' retrieved from /Users/omer/anaconda3/lib/python3.11/site-packages/airflow/example_dags/example_xcom.py
[2024-09-19T00:32:45.236+0000] {logging_mixin.py:190} INFO - [2024-09-19T00:32:45.236+0000] {dag.py:3229} INFO - Sync 1 DAGs
[2024-09-19T00:32:45.240+0000] {logging_mixin.py:190} INFO - [2024-09-19T00:32:45.240+0000] {dag.py:4156} INFO - Setting next_dagrun for example_xcom to 2021-01-01 00:00:00+00:00, run_after=2021-01-01 00:00:00+00:00
[2024-09-19T00:32:45.245+0000] {processor.py:208} INFO - Processing /Users/omer/anaconda3/lib/python3.11/site-packages/airflow/example_dags/example_xcom.py took 0.046 seconds
[2024-09-19T01:27:30.474+0000] {processor.py:186} INFO - Started process (PID=24653) to work on /Users/omer/anaconda3/lib/python3.11/site-packages/airflow/example_dags/example_xcom.py
[2024-09-19T01:27:30.474+0000] {processor.py:914} INFO - Processing file /Users/omer/anaconda3/lib/python3.11/site-packages/airflow/example_dags/example_xcom.py for tasks to queue
[2024-09-19T01:27:30.475+0000] {logging_mixin.py:190} INFO - [2024-09-19T01:27:30.474+0000] {dagbag.py:587} INFO - Filling up the DagBag from /Users/omer/anaconda3/lib/python3.11/site-packages/airflow/example_dags/example_xcom.py
[2024-09-19T01:27:30.485+0000] {processor.py:925} INFO - DAG(s) 'example_xcom' retrieved from /Users/omer/anaconda3/lib/python3.11/site-packages/airflow/example_dags/example_xcom.py
[2024-09-19T01:27:30.511+0000] {logging_mixin.py:190} INFO - [2024-09-19T01:27:30.511+0000] {dag.py:3229} INFO - Sync 1 DAGs
[2024-09-19T01:27:30.515+0000] {logging_mixin.py:190} INFO - [2024-09-19T01:27:30.515+0000] {dag.py:4156} INFO - Setting next_dagrun for example_xcom to 2021-01-01 00:00:00+00:00, run_after=2021-01-01 00:00:00+00:00
[2024-09-19T01:27:30.520+0000] {processor.py:208} INFO - Processing /Users/omer/anaconda3/lib/python3.11/site-packages/airflow/example_dags/example_xcom.py took 0.047 seconds
[2024-09-19T01:44:11.486+0000] {processor.py:186} INFO - Started process (PID=24773) to work on /Users/omer/anaconda3/lib/python3.11/site-packages/airflow/example_dags/example_xcom.py
[2024-09-19T01:44:11.487+0000] {processor.py:914} INFO - Processing file /Users/omer/anaconda3/lib/python3.11/site-packages/airflow/example_dags/example_xcom.py for tasks to queue
[2024-09-19T01:44:11.487+0000] {logging_mixin.py:190} INFO - [2024-09-19T01:44:11.487+0000] {dagbag.py:587} INFO - Filling up the DagBag from /Users/omer/anaconda3/lib/python3.11/site-packages/airflow/example_dags/example_xcom.py
[2024-09-19T01:44:11.498+0000] {processor.py:925} INFO - DAG(s) 'example_xcom' retrieved from /Users/omer/anaconda3/lib/python3.11/site-packages/airflow/example_dags/example_xcom.py
[2024-09-19T01:44:11.523+0000] {logging_mixin.py:190} INFO - [2024-09-19T01:44:11.523+0000] {dag.py:3229} INFO - Sync 1 DAGs
[2024-09-19T01:44:11.527+0000] {logging_mixin.py:190} INFO - [2024-09-19T01:44:11.527+0000] {dag.py:4156} INFO - Setting next_dagrun for example_xcom to 2021-01-01 00:00:00+00:00, run_after=2021-01-01 00:00:00+00:00
[2024-09-19T01:44:11.532+0000] {processor.py:208} INFO - Processing /Users/omer/anaconda3/lib/python3.11/site-packages/airflow/example_dags/example_xcom.py took 0.048 seconds
[2024-09-19T02:24:01.515+0000] {processor.py:186} INFO - Started process (PID=24897) to work on /Users/omer/anaconda3/lib/python3.11/site-packages/airflow/example_dags/example_xcom.py
[2024-09-19T02:24:01.516+0000] {processor.py:914} INFO - Processing file /Users/omer/anaconda3/lib/python3.11/site-packages/airflow/example_dags/example_xcom.py for tasks to queue
[2024-09-19T02:24:01.516+0000] {logging_mixin.py:190} INFO - [2024-09-19T02:24:01.516+0000] {dagbag.py:587} INFO - Filling up the DagBag from /Users/omer/anaconda3/lib/python3.11/site-packages/airflow/example_dags/example_xcom.py
[2024-09-19T02:24:01.527+0000] {processor.py:925} INFO - DAG(s) 'example_xcom' retrieved from /Users/omer/anaconda3/lib/python3.11/site-packages/airflow/example_dags/example_xcom.py
[2024-09-19T02:24:01.552+0000] {logging_mixin.py:190} INFO - [2024-09-19T02:24:01.552+0000] {dag.py:3229} INFO - Sync 1 DAGs
[2024-09-19T02:24:01.556+0000] {logging_mixin.py:190} INFO - [2024-09-19T02:24:01.556+0000] {dag.py:4156} INFO - Setting next_dagrun for example_xcom to 2021-01-01 00:00:00+00:00, run_after=2021-01-01 00:00:00+00:00
[2024-09-19T02:24:01.561+0000] {processor.py:208} INFO - Processing /Users/omer/anaconda3/lib/python3.11/site-packages/airflow/example_dags/example_xcom.py took 0.047 seconds
[2024-09-19T03:03:33.416+0000] {processor.py:186} INFO - Started process (PID=25004) to work on /Users/omer/anaconda3/lib/python3.11/site-packages/airflow/example_dags/example_xcom.py
[2024-09-19T03:03:33.419+0000] {processor.py:914} INFO - Processing file /Users/omer/anaconda3/lib/python3.11/site-packages/airflow/example_dags/example_xcom.py for tasks to queue
[2024-09-19T03:03:33.419+0000] {logging_mixin.py:190} INFO - [2024-09-19T03:03:33.419+0000] {dagbag.py:587} INFO - Filling up the DagBag from /Users/omer/anaconda3/lib/python3.11/site-packages/airflow/example_dags/example_xcom.py
[2024-09-19T03:03:33.429+0000] {processor.py:925} INFO - DAG(s) 'example_xcom' retrieved from /Users/omer/anaconda3/lib/python3.11/site-packages/airflow/example_dags/example_xcom.py
[2024-09-19T03:03:33.455+0000] {logging_mixin.py:190} INFO - [2024-09-19T03:03:33.455+0000] {dag.py:3229} INFO - Sync 1 DAGs
[2024-09-19T03:03:33.460+0000] {logging_mixin.py:190} INFO - [2024-09-19T03:03:33.460+0000] {dag.py:4156} INFO - Setting next_dagrun for example_xcom to 2021-01-01 00:00:00+00:00, run_after=2021-01-01 00:00:00+00:00
[2024-09-19T03:03:33.465+0000] {processor.py:208} INFO - Processing /Users/omer/anaconda3/lib/python3.11/site-packages/airflow/example_dags/example_xcom.py took 0.051 seconds
[2024-09-19T03:40:28.029+0000] {processor.py:186} INFO - Started process (PID=25159) to work on /Users/omer/anaconda3/lib/python3.11/site-packages/airflow/example_dags/example_xcom.py
[2024-09-19T03:40:28.030+0000] {processor.py:914} INFO - Processing file /Users/omer/anaconda3/lib/python3.11/site-packages/airflow/example_dags/example_xcom.py for tasks to queue
[2024-09-19T03:40:28.031+0000] {logging_mixin.py:190} INFO - [2024-09-19T03:40:28.031+0000] {dagbag.py:587} INFO - Filling up the DagBag from /Users/omer/anaconda3/lib/python3.11/site-packages/airflow/example_dags/example_xcom.py
[2024-09-19T03:40:28.041+0000] {processor.py:925} INFO - DAG(s) 'example_xcom' retrieved from /Users/omer/anaconda3/lib/python3.11/site-packages/airflow/example_dags/example_xcom.py
[2024-09-19T03:40:28.066+0000] {logging_mixin.py:190} INFO - [2024-09-19T03:40:28.066+0000] {dag.py:3229} INFO - Sync 1 DAGs
[2024-09-19T03:40:28.070+0000] {logging_mixin.py:190} INFO - [2024-09-19T03:40:28.070+0000] {dag.py:4156} INFO - Setting next_dagrun for example_xcom to 2021-01-01 00:00:00+00:00, run_after=2021-01-01 00:00:00+00:00
[2024-09-19T03:40:28.075+0000] {processor.py:208} INFO - Processing /Users/omer/anaconda3/lib/python3.11/site-packages/airflow/example_dags/example_xcom.py took 0.047 seconds
[2024-09-19T04:03:06.489+0000] {processor.py:186} INFO - Started process (PID=25275) to work on /Users/omer/anaconda3/lib/python3.11/site-packages/airflow/example_dags/example_xcom.py
[2024-09-19T04:03:06.490+0000] {processor.py:914} INFO - Processing file /Users/omer/anaconda3/lib/python3.11/site-packages/airflow/example_dags/example_xcom.py for tasks to queue
[2024-09-19T04:03:06.490+0000] {logging_mixin.py:190} INFO - [2024-09-19T04:03:06.490+0000] {dagbag.py:587} INFO - Filling up the DagBag from /Users/omer/anaconda3/lib/python3.11/site-packages/airflow/example_dags/example_xcom.py
[2024-09-19T04:03:06.501+0000] {processor.py:925} INFO - DAG(s) 'example_xcom' retrieved from /Users/omer/anaconda3/lib/python3.11/site-packages/airflow/example_dags/example_xcom.py
[2024-09-19T04:03:06.525+0000] {logging_mixin.py:190} INFO - [2024-09-19T04:03:06.525+0000] {dag.py:3229} INFO - Sync 1 DAGs
[2024-09-19T04:03:06.529+0000] {logging_mixin.py:190} INFO - [2024-09-19T04:03:06.529+0000] {dag.py:4156} INFO - Setting next_dagrun for example_xcom to 2021-01-01 00:00:00+00:00, run_after=2021-01-01 00:00:00+00:00
[2024-09-19T04:03:06.534+0000] {processor.py:208} INFO - Processing /Users/omer/anaconda3/lib/python3.11/site-packages/airflow/example_dags/example_xcom.py took 0.046 seconds
[2024-09-19T04:42:17.472+0000] {processor.py:186} INFO - Started process (PID=25395) to work on /Users/omer/anaconda3/lib/python3.11/site-packages/airflow/example_dags/example_xcom.py
[2024-09-19T04:42:17.473+0000] {processor.py:914} INFO - Processing file /Users/omer/anaconda3/lib/python3.11/site-packages/airflow/example_dags/example_xcom.py for tasks to queue
[2024-09-19T04:42:17.474+0000] {logging_mixin.py:190} INFO - [2024-09-19T04:42:17.474+0000] {dagbag.py:587} INFO - Filling up the DagBag from /Users/omer/anaconda3/lib/python3.11/site-packages/airflow/example_dags/example_xcom.py
[2024-09-19T04:42:17.484+0000] {processor.py:925} INFO - DAG(s) 'example_xcom' retrieved from /Users/omer/anaconda3/lib/python3.11/site-packages/airflow/example_dags/example_xcom.py
[2024-09-19T04:42:17.509+0000] {logging_mixin.py:190} INFO - [2024-09-19T04:42:17.509+0000] {dag.py:3229} INFO - Sync 1 DAGs
[2024-09-19T04:42:17.513+0000] {logging_mixin.py:190} INFO - [2024-09-19T04:42:17.513+0000] {dag.py:4156} INFO - Setting next_dagrun for example_xcom to 2021-01-01 00:00:00+00:00, run_after=2021-01-01 00:00:00+00:00
[2024-09-19T04:42:17.518+0000] {processor.py:208} INFO - Processing /Users/omer/anaconda3/lib/python3.11/site-packages/airflow/example_dags/example_xcom.py took 0.046 seconds
[2024-09-19T05:20:06.470+0000] {processor.py:186} INFO - Started process (PID=25518) to work on /Users/omer/anaconda3/lib/python3.11/site-packages/airflow/example_dags/example_xcom.py
[2024-09-19T05:20:06.472+0000] {processor.py:914} INFO - Processing file /Users/omer/anaconda3/lib/python3.11/site-packages/airflow/example_dags/example_xcom.py for tasks to queue
[2024-09-19T05:20:06.472+0000] {logging_mixin.py:190} INFO - [2024-09-19T05:20:06.472+0000] {dagbag.py:587} INFO - Filling up the DagBag from /Users/omer/anaconda3/lib/python3.11/site-packages/airflow/example_dags/example_xcom.py
[2024-09-19T05:20:06.482+0000] {processor.py:925} INFO - DAG(s) 'example_xcom' retrieved from /Users/omer/anaconda3/lib/python3.11/site-packages/airflow/example_dags/example_xcom.py
[2024-09-19T05:20:06.507+0000] {logging_mixin.py:190} INFO - [2024-09-19T05:20:06.506+0000] {dag.py:3229} INFO - Sync 1 DAGs
[2024-09-19T05:20:06.511+0000] {logging_mixin.py:190} INFO - [2024-09-19T05:20:06.511+0000] {dag.py:4156} INFO - Setting next_dagrun for example_xcom to 2021-01-01 00:00:00+00:00, run_after=2021-01-01 00:00:00+00:00
[2024-09-19T05:20:06.516+0000] {processor.py:208} INFO - Processing /Users/omer/anaconda3/lib/python3.11/site-packages/airflow/example_dags/example_xcom.py took 0.046 seconds
[2024-09-19T05:59:14.955+0000] {processor.py:186} INFO - Started process (PID=25639) to work on /Users/omer/anaconda3/lib/python3.11/site-packages/airflow/example_dags/example_xcom.py
[2024-09-19T05:59:14.956+0000] {processor.py:914} INFO - Processing file /Users/omer/anaconda3/lib/python3.11/site-packages/airflow/example_dags/example_xcom.py for tasks to queue
[2024-09-19T05:59:14.956+0000] {logging_mixin.py:190} INFO - [2024-09-19T05:59:14.956+0000] {dagbag.py:587} INFO - Filling up the DagBag from /Users/omer/anaconda3/lib/python3.11/site-packages/airflow/example_dags/example_xcom.py
[2024-09-19T05:59:14.966+0000] {processor.py:925} INFO - DAG(s) 'example_xcom' retrieved from /Users/omer/anaconda3/lib/python3.11/site-packages/airflow/example_dags/example_xcom.py
[2024-09-19T05:59:14.990+0000] {logging_mixin.py:190} INFO - [2024-09-19T05:59:14.990+0000] {dag.py:3229} INFO - Sync 1 DAGs
[2024-09-19T05:59:14.995+0000] {logging_mixin.py:190} INFO - [2024-09-19T05:59:14.995+0000] {dag.py:4156} INFO - Setting next_dagrun for example_xcom to 2021-01-01 00:00:00+00:00, run_after=2021-01-01 00:00:00+00:00
[2024-09-19T05:59:15.000+0000] {processor.py:208} INFO - Processing /Users/omer/anaconda3/lib/python3.11/site-packages/airflow/example_dags/example_xcom.py took 0.046 seconds
[2024-09-19T06:15:50.386+0000] {processor.py:186} INFO - Started process (PID=25748) to work on /Users/omer/anaconda3/lib/python3.11/site-packages/airflow/example_dags/example_xcom.py
[2024-09-19T06:15:50.386+0000] {processor.py:914} INFO - Processing file /Users/omer/anaconda3/lib/python3.11/site-packages/airflow/example_dags/example_xcom.py for tasks to queue
[2024-09-19T06:15:50.386+0000] {logging_mixin.py:190} INFO - [2024-09-19T06:15:50.386+0000] {dagbag.py:587} INFO - Filling up the DagBag from /Users/omer/anaconda3/lib/python3.11/site-packages/airflow/example_dags/example_xcom.py
[2024-09-19T06:15:50.398+0000] {processor.py:925} INFO - DAG(s) 'example_xcom' retrieved from /Users/omer/anaconda3/lib/python3.11/site-packages/airflow/example_dags/example_xcom.py
[2024-09-19T06:15:50.426+0000] {logging_mixin.py:190} INFO - [2024-09-19T06:15:50.426+0000] {dag.py:3229} INFO - Sync 1 DAGs
[2024-09-19T06:15:50.439+0000] {logging_mixin.py:190} INFO - [2024-09-19T06:15:50.439+0000] {dag.py:4156} INFO - Setting next_dagrun for example_xcom to 2021-01-01 00:00:00+00:00, run_after=2021-01-01 00:00:00+00:00
[2024-09-19T06:15:50.445+0000] {processor.py:208} INFO - Processing /Users/omer/anaconda3/lib/python3.11/site-packages/airflow/example_dags/example_xcom.py took 0.060 seconds
[2024-09-19T06:17:12.921+0000] {processor.py:186} INFO - Started process (PID=25870) to work on /Users/omer/anaconda3/lib/python3.11/site-packages/airflow/example_dags/example_xcom.py
[2024-09-19T06:17:12.923+0000] {processor.py:914} INFO - Processing file /Users/omer/anaconda3/lib/python3.11/site-packages/airflow/example_dags/example_xcom.py for tasks to queue
[2024-09-19T06:17:12.923+0000] {logging_mixin.py:190} INFO - [2024-09-19T06:17:12.923+0000] {dagbag.py:587} INFO - Filling up the DagBag from /Users/omer/anaconda3/lib/python3.11/site-packages/airflow/example_dags/example_xcom.py
[2024-09-19T06:17:12.933+0000] {processor.py:925} INFO - DAG(s) 'example_xcom' retrieved from /Users/omer/anaconda3/lib/python3.11/site-packages/airflow/example_dags/example_xcom.py
[2024-09-19T06:17:12.959+0000] {logging_mixin.py:190} INFO - [2024-09-19T06:17:12.959+0000] {dag.py:3229} INFO - Sync 1 DAGs
[2024-09-19T06:17:12.964+0000] {logging_mixin.py:190} INFO - [2024-09-19T06:17:12.964+0000] {dag.py:4156} INFO - Setting next_dagrun for example_xcom to 2021-01-01 00:00:00+00:00, run_after=2021-01-01 00:00:00+00:00
[2024-09-19T06:17:12.969+0000] {processor.py:208} INFO - Processing /Users/omer/anaconda3/lib/python3.11/site-packages/airflow/example_dags/example_xcom.py took 0.048 seconds
[2024-09-19T06:18:26.623+0000] {processor.py:186} INFO - Started process (PID=25949) to work on /Users/omer/anaconda3/lib/python3.11/site-packages/airflow/example_dags/example_xcom.py
[2024-09-19T06:18:26.624+0000] {processor.py:914} INFO - Processing file /Users/omer/anaconda3/lib/python3.11/site-packages/airflow/example_dags/example_xcom.py for tasks to queue
[2024-09-19T06:18:26.624+0000] {logging_mixin.py:190} INFO - [2024-09-19T06:18:26.624+0000] {dagbag.py:587} INFO - Filling up the DagBag from /Users/omer/anaconda3/lib/python3.11/site-packages/airflow/example_dags/example_xcom.py
[2024-09-19T06:18:26.639+0000] {processor.py:925} INFO - DAG(s) 'example_xcom' retrieved from /Users/omer/anaconda3/lib/python3.11/site-packages/airflow/example_dags/example_xcom.py
[2024-09-19T06:18:26.668+0000] {logging_mixin.py:190} INFO - [2024-09-19T06:18:26.668+0000] {dag.py:3229} INFO - Sync 1 DAGs
[2024-09-19T06:18:26.673+0000] {logging_mixin.py:190} INFO - [2024-09-19T06:18:26.673+0000] {dag.py:4156} INFO - Setting next_dagrun for example_xcom to 2021-01-01 00:00:00+00:00, run_after=2021-01-01 00:00:00+00:00
[2024-09-19T06:18:26.680+0000] {processor.py:208} INFO - Processing /Users/omer/anaconda3/lib/python3.11/site-packages/airflow/example_dags/example_xcom.py took 0.058 seconds
[2024-09-19T06:19:39.858+0000] {processor.py:186} INFO - Started process (PID=26053) to work on /Users/omer/anaconda3/lib/python3.11/site-packages/airflow/example_dags/example_xcom.py
[2024-09-19T06:19:39.859+0000] {processor.py:914} INFO - Processing file /Users/omer/anaconda3/lib/python3.11/site-packages/airflow/example_dags/example_xcom.py for tasks to queue
[2024-09-19T06:19:39.859+0000] {logging_mixin.py:190} INFO - [2024-09-19T06:19:39.859+0000] {dagbag.py:587} INFO - Filling up the DagBag from /Users/omer/anaconda3/lib/python3.11/site-packages/airflow/example_dags/example_xcom.py
[2024-09-19T06:19:39.870+0000] {processor.py:925} INFO - DAG(s) 'example_xcom' retrieved from /Users/omer/anaconda3/lib/python3.11/site-packages/airflow/example_dags/example_xcom.py
[2024-09-19T06:19:39.896+0000] {logging_mixin.py:190} INFO - [2024-09-19T06:19:39.896+0000] {dag.py:3229} INFO - Sync 1 DAGs
[2024-09-19T06:19:39.901+0000] {logging_mixin.py:190} INFO - [2024-09-19T06:19:39.901+0000] {dag.py:4156} INFO - Setting next_dagrun for example_xcom to 2021-01-01 00:00:00+00:00, run_after=2021-01-01 00:00:00+00:00
[2024-09-19T06:19:39.906+0000] {processor.py:208} INFO - Processing /Users/omer/anaconda3/lib/python3.11/site-packages/airflow/example_dags/example_xcom.py took 0.048 seconds
[2024-09-19T06:21:18.518+0000] {processor.py:186} INFO - Started process (PID=26242) to work on /Users/omer/anaconda3/lib/python3.11/site-packages/airflow/example_dags/example_xcom.py
[2024-09-19T06:21:18.518+0000] {processor.py:914} INFO - Processing file /Users/omer/anaconda3/lib/python3.11/site-packages/airflow/example_dags/example_xcom.py for tasks to queue
[2024-09-19T06:21:18.519+0000] {logging_mixin.py:190} INFO - [2024-09-19T06:21:18.519+0000] {dagbag.py:587} INFO - Filling up the DagBag from /Users/omer/anaconda3/lib/python3.11/site-packages/airflow/example_dags/example_xcom.py
[2024-09-19T06:21:18.531+0000] {processor.py:925} INFO - DAG(s) 'example_xcom' retrieved from /Users/omer/anaconda3/lib/python3.11/site-packages/airflow/example_dags/example_xcom.py
[2024-09-19T06:21:18.560+0000] {logging_mixin.py:190} INFO - [2024-09-19T06:21:18.560+0000] {dag.py:3229} INFO - Sync 1 DAGs
[2024-09-19T06:21:18.565+0000] {logging_mixin.py:190} INFO - [2024-09-19T06:21:18.565+0000] {dag.py:4156} INFO - Setting next_dagrun for example_xcom to 2021-01-01 00:00:00+00:00, run_after=2021-01-01 00:00:00+00:00
[2024-09-19T06:21:18.571+0000] {processor.py:208} INFO - Processing /Users/omer/anaconda3/lib/python3.11/site-packages/airflow/example_dags/example_xcom.py took 0.054 seconds
[2024-09-19T06:23:02.327+0000] {processor.py:186} INFO - Started process (PID=26378) to work on /Users/omer/anaconda3/lib/python3.11/site-packages/airflow/example_dags/example_xcom.py
[2024-09-19T06:23:02.328+0000] {processor.py:914} INFO - Processing file /Users/omer/anaconda3/lib/python3.11/site-packages/airflow/example_dags/example_xcom.py for tasks to queue
[2024-09-19T06:23:02.328+0000] {logging_mixin.py:190} INFO - [2024-09-19T06:23:02.328+0000] {dagbag.py:587} INFO - Filling up the DagBag from /Users/omer/anaconda3/lib/python3.11/site-packages/airflow/example_dags/example_xcom.py
[2024-09-19T06:23:02.341+0000] {processor.py:925} INFO - DAG(s) 'example_xcom' retrieved from /Users/omer/anaconda3/lib/python3.11/site-packages/airflow/example_dags/example_xcom.py
[2024-09-19T06:23:02.369+0000] {logging_mixin.py:190} INFO - [2024-09-19T06:23:02.369+0000] {dag.py:3229} INFO - Sync 1 DAGs
[2024-09-19T06:23:02.375+0000] {logging_mixin.py:190} INFO - [2024-09-19T06:23:02.374+0000] {dag.py:4156} INFO - Setting next_dagrun for example_xcom to 2021-01-01 00:00:00+00:00, run_after=2021-01-01 00:00:00+00:00
[2024-09-19T06:23:02.380+0000] {processor.py:208} INFO - Processing /Users/omer/anaconda3/lib/python3.11/site-packages/airflow/example_dags/example_xcom.py took 0.054 seconds
[2024-09-19T06:24:11.465+0000] {processor.py:186} INFO - Started process (PID=26451) to work on /Users/omer/anaconda3/lib/python3.11/site-packages/airflow/example_dags/example_xcom.py
[2024-09-19T06:24:11.466+0000] {processor.py:914} INFO - Processing file /Users/omer/anaconda3/lib/python3.11/site-packages/airflow/example_dags/example_xcom.py for tasks to queue
[2024-09-19T06:24:11.466+0000] {logging_mixin.py:190} INFO - [2024-09-19T06:24:11.466+0000] {dagbag.py:587} INFO - Filling up the DagBag from /Users/omer/anaconda3/lib/python3.11/site-packages/airflow/example_dags/example_xcom.py
[2024-09-19T06:24:11.477+0000] {processor.py:925} INFO - DAG(s) 'example_xcom' retrieved from /Users/omer/anaconda3/lib/python3.11/site-packages/airflow/example_dags/example_xcom.py
[2024-09-19T06:24:11.504+0000] {logging_mixin.py:190} INFO - [2024-09-19T06:24:11.504+0000] {dag.py:3229} INFO - Sync 1 DAGs
[2024-09-19T06:24:11.509+0000] {logging_mixin.py:190} INFO - [2024-09-19T06:24:11.509+0000] {dag.py:4156} INFO - Setting next_dagrun for example_xcom to 2021-01-01 00:00:00+00:00, run_after=2021-01-01 00:00:00+00:00
[2024-09-19T06:24:11.514+0000] {processor.py:208} INFO - Processing /Users/omer/anaconda3/lib/python3.11/site-packages/airflow/example_dags/example_xcom.py took 0.050 seconds
[2024-09-19T06:25:18.882+0000] {processor.py:186} INFO - Started process (PID=26565) to work on /Users/omer/anaconda3/lib/python3.11/site-packages/airflow/example_dags/example_xcom.py
[2024-09-19T06:25:18.883+0000] {processor.py:914} INFO - Processing file /Users/omer/anaconda3/lib/python3.11/site-packages/airflow/example_dags/example_xcom.py for tasks to queue
[2024-09-19T06:25:18.883+0000] {logging_mixin.py:190} INFO - [2024-09-19T06:25:18.883+0000] {dagbag.py:587} INFO - Filling up the DagBag from /Users/omer/anaconda3/lib/python3.11/site-packages/airflow/example_dags/example_xcom.py
[2024-09-19T06:25:18.894+0000] {processor.py:925} INFO - DAG(s) 'example_xcom' retrieved from /Users/omer/anaconda3/lib/python3.11/site-packages/airflow/example_dags/example_xcom.py
[2024-09-19T06:25:18.920+0000] {logging_mixin.py:190} INFO - [2024-09-19T06:25:18.920+0000] {dag.py:3229} INFO - Sync 1 DAGs
[2024-09-19T06:25:18.925+0000] {logging_mixin.py:190} INFO - [2024-09-19T06:25:18.925+0000] {dag.py:4156} INFO - Setting next_dagrun for example_xcom to 2021-01-01 00:00:00+00:00, run_after=2021-01-01 00:00:00+00:00
[2024-09-19T06:25:18.930+0000] {processor.py:208} INFO - Processing /Users/omer/anaconda3/lib/python3.11/site-packages/airflow/example_dags/example_xcom.py took 0.049 seconds
