[2024-09-19T00:13:20.725+0000] {processor.py:186} INFO - Started process (PID=24468) to work on /Users/omer/anaconda3/lib/python3.11/site-packages/airflow/example_dags/example_time_delta_sensor_async.py
[2024-09-19T00:13:20.725+0000] {processor.py:914} INFO - Processing file /Users/omer/anaconda3/lib/python3.11/site-packages/airflow/example_dags/example_time_delta_sensor_async.py for tasks to queue
[2024-09-19T00:13:20.725+0000] {logging_mixin.py:190} INFO - [2024-09-19T00:13:20.725+0000] {dagbag.py:587} INFO - Filling up the DagBag from /Users/omer/anaconda3/lib/python3.11/site-packages/airflow/example_dags/example_time_delta_sensor_async.py
[2024-09-19T00:13:20.728+0000] {processor.py:925} INFO - DAG(s) 'example_time_delta_sensor_async' retrieved from /Users/omer/anaconda3/lib/python3.11/site-packages/airflow/example_dags/example_time_delta_sensor_async.py
[2024-09-19T00:13:20.796+0000] {logging_mixin.py:190} INFO - [2024-09-19T00:13:20.796+0000] {utils.py:148} INFO - Note: NumExpr detected 12 cores but "NUMEXPR_MAX_THREADS" not set, so enforcing safe limit of 8.
[2024-09-19T00:13:20.796+0000] {logging_mixin.py:190} INFO - [2024-09-19T00:13:20.796+0000] {utils.py:160} INFO - NumExpr defaulting to 8 threads.
[2024-09-19T00:13:20.917+0000] {logging_mixin.py:190} INFO - [2024-09-19T00:13:20.916+0000] {dag.py:3229} INFO - Sync 1 DAGs
[2024-09-19T00:13:20.919+0000] {logging_mixin.py:190} INFO - [2024-09-19T00:13:20.919+0000] {dag.py:4156} INFO - Setting next_dagrun for example_time_delta_sensor_async to None, run_after=None
[2024-09-19T00:13:20.925+0000] {processor.py:208} INFO - Processing /Users/omer/anaconda3/lib/python3.11/site-packages/airflow/example_dags/example_time_delta_sensor_async.py took 0.201 seconds
[2024-09-19T00:33:17.483+0000] {processor.py:186} INFO - Started process (PID=24556) to work on /Users/omer/anaconda3/lib/python3.11/site-packages/airflow/example_dags/example_time_delta_sensor_async.py
[2024-09-19T00:33:17.485+0000] {processor.py:914} INFO - Processing file /Users/omer/anaconda3/lib/python3.11/site-packages/airflow/example_dags/example_time_delta_sensor_async.py for tasks to queue
[2024-09-19T00:33:17.485+0000] {logging_mixin.py:190} INFO - [2024-09-19T00:33:17.485+0000] {dagbag.py:587} INFO - Filling up the DagBag from /Users/omer/anaconda3/lib/python3.11/site-packages/airflow/example_dags/example_time_delta_sensor_async.py
[2024-09-19T00:33:17.488+0000] {processor.py:925} INFO - DAG(s) 'example_time_delta_sensor_async' retrieved from /Users/omer/anaconda3/lib/python3.11/site-packages/airflow/example_dags/example_time_delta_sensor_async.py
[2024-09-19T00:33:17.552+0000] {logging_mixin.py:190} INFO - [2024-09-19T00:33:17.552+0000] {utils.py:148} INFO - Note: NumExpr detected 12 cores but "NUMEXPR_MAX_THREADS" not set, so enforcing safe limit of 8.
[2024-09-19T00:33:17.552+0000] {logging_mixin.py:190} INFO - [2024-09-19T00:33:17.552+0000] {utils.py:160} INFO - NumExpr defaulting to 8 threads.
[2024-09-19T00:33:17.680+0000] {logging_mixin.py:190} INFO - [2024-09-19T00:33:17.680+0000] {dag.py:3229} INFO - Sync 1 DAGs
[2024-09-19T00:33:17.683+0000] {logging_mixin.py:190} INFO - [2024-09-19T00:33:17.683+0000] {dag.py:4156} INFO - Setting next_dagrun for example_time_delta_sensor_async to None, run_after=None
[2024-09-19T00:33:17.688+0000] {processor.py:208} INFO - Processing /Users/omer/anaconda3/lib/python3.11/site-packages/airflow/example_dags/example_time_delta_sensor_async.py took 0.206 seconds
[2024-09-19T01:27:37.494+0000] {processor.py:186} INFO - Started process (PID=24667) to work on /Users/omer/anaconda3/lib/python3.11/site-packages/airflow/example_dags/example_time_delta_sensor_async.py
[2024-09-19T01:27:37.494+0000] {processor.py:914} INFO - Processing file /Users/omer/anaconda3/lib/python3.11/site-packages/airflow/example_dags/example_time_delta_sensor_async.py for tasks to queue
[2024-09-19T01:27:37.494+0000] {logging_mixin.py:190} INFO - [2024-09-19T01:27:37.494+0000] {dagbag.py:587} INFO - Filling up the DagBag from /Users/omer/anaconda3/lib/python3.11/site-packages/airflow/example_dags/example_time_delta_sensor_async.py
[2024-09-19T01:27:37.497+0000] {processor.py:925} INFO - DAG(s) 'example_time_delta_sensor_async' retrieved from /Users/omer/anaconda3/lib/python3.11/site-packages/airflow/example_dags/example_time_delta_sensor_async.py
[2024-09-19T01:27:37.562+0000] {logging_mixin.py:190} INFO - [2024-09-19T01:27:37.562+0000] {utils.py:148} INFO - Note: NumExpr detected 12 cores but "NUMEXPR_MAX_THREADS" not set, so enforcing safe limit of 8.
[2024-09-19T01:27:37.562+0000] {logging_mixin.py:190} INFO - [2024-09-19T01:27:37.562+0000] {utils.py:160} INFO - NumExpr defaulting to 8 threads.
[2024-09-19T01:27:37.684+0000] {logging_mixin.py:190} INFO - [2024-09-19T01:27:37.684+0000] {dag.py:3229} INFO - Sync 1 DAGs
[2024-09-19T01:27:37.687+0000] {logging_mixin.py:190} INFO - [2024-09-19T01:27:37.687+0000] {dag.py:4156} INFO - Setting next_dagrun for example_time_delta_sensor_async to None, run_after=None
[2024-09-19T01:27:37.692+0000] {processor.py:208} INFO - Processing /Users/omer/anaconda3/lib/python3.11/site-packages/airflow/example_dags/example_time_delta_sensor_async.py took 0.200 seconds
[2024-09-19T02:02:13.296+0000] {processor.py:186} INFO - Started process (PID=24785) to work on /Users/omer/anaconda3/lib/python3.11/site-packages/airflow/example_dags/example_time_delta_sensor_async.py
[2024-09-19T02:02:13.296+0000] {processor.py:914} INFO - Processing file /Users/omer/anaconda3/lib/python3.11/site-packages/airflow/example_dags/example_time_delta_sensor_async.py for tasks to queue
[2024-09-19T02:02:13.296+0000] {logging_mixin.py:190} INFO - [2024-09-19T02:02:13.296+0000] {dagbag.py:587} INFO - Filling up the DagBag from /Users/omer/anaconda3/lib/python3.11/site-packages/airflow/example_dags/example_time_delta_sensor_async.py
[2024-09-19T02:02:13.299+0000] {processor.py:925} INFO - DAG(s) 'example_time_delta_sensor_async' retrieved from /Users/omer/anaconda3/lib/python3.11/site-packages/airflow/example_dags/example_time_delta_sensor_async.py
[2024-09-19T02:02:13.364+0000] {logging_mixin.py:190} INFO - [2024-09-19T02:02:13.364+0000] {utils.py:148} INFO - Note: NumExpr detected 12 cores but "NUMEXPR_MAX_THREADS" not set, so enforcing safe limit of 8.
[2024-09-19T02:02:13.364+0000] {logging_mixin.py:190} INFO - [2024-09-19T02:02:13.364+0000] {utils.py:160} INFO - NumExpr defaulting to 8 threads.
[2024-09-19T02:02:13.473+0000] {logging_mixin.py:190} INFO - [2024-09-19T02:02:13.473+0000] {dag.py:3229} INFO - Sync 1 DAGs
[2024-09-19T02:02:13.476+0000] {logging_mixin.py:190} INFO - [2024-09-19T02:02:13.476+0000] {dag.py:4156} INFO - Setting next_dagrun for example_time_delta_sensor_async to None, run_after=None
[2024-09-19T02:02:13.481+0000] {processor.py:208} INFO - Processing /Users/omer/anaconda3/lib/python3.11/site-packages/airflow/example_dags/example_time_delta_sensor_async.py took 0.187 seconds
[2024-09-19T02:24:33.728+0000] {processor.py:186} INFO - Started process (PID=24907) to work on /Users/omer/anaconda3/lib/python3.11/site-packages/airflow/example_dags/example_time_delta_sensor_async.py
[2024-09-19T02:24:33.729+0000] {processor.py:914} INFO - Processing file /Users/omer/anaconda3/lib/python3.11/site-packages/airflow/example_dags/example_time_delta_sensor_async.py for tasks to queue
[2024-09-19T02:24:33.729+0000] {logging_mixin.py:190} INFO - [2024-09-19T02:24:33.729+0000] {dagbag.py:587} INFO - Filling up the DagBag from /Users/omer/anaconda3/lib/python3.11/site-packages/airflow/example_dags/example_time_delta_sensor_async.py
[2024-09-19T02:24:33.732+0000] {processor.py:925} INFO - DAG(s) 'example_time_delta_sensor_async' retrieved from /Users/omer/anaconda3/lib/python3.11/site-packages/airflow/example_dags/example_time_delta_sensor_async.py
[2024-09-19T02:24:33.797+0000] {logging_mixin.py:190} INFO - [2024-09-19T02:24:33.796+0000] {utils.py:148} INFO - Note: NumExpr detected 12 cores but "NUMEXPR_MAX_THREADS" not set, so enforcing safe limit of 8.
[2024-09-19T02:24:33.797+0000] {logging_mixin.py:190} INFO - [2024-09-19T02:24:33.797+0000] {utils.py:160} INFO - NumExpr defaulting to 8 threads.
[2024-09-19T02:24:33.908+0000] {logging_mixin.py:190} INFO - [2024-09-19T02:24:33.908+0000] {dag.py:3229} INFO - Sync 1 DAGs
[2024-09-19T02:24:33.911+0000] {logging_mixin.py:190} INFO - [2024-09-19T02:24:33.911+0000] {dag.py:4156} INFO - Setting next_dagrun for example_time_delta_sensor_async to None, run_after=None
[2024-09-19T02:24:33.916+0000] {processor.py:208} INFO - Processing /Users/omer/anaconda3/lib/python3.11/site-packages/airflow/example_dags/example_time_delta_sensor_async.py took 0.189 seconds
[2024-09-19T03:04:04.577+0000] {processor.py:186} INFO - Started process (PID=25016) to work on /Users/omer/anaconda3/lib/python3.11/site-packages/airflow/example_dags/example_time_delta_sensor_async.py
[2024-09-19T03:04:04.578+0000] {processor.py:914} INFO - Processing file /Users/omer/anaconda3/lib/python3.11/site-packages/airflow/example_dags/example_time_delta_sensor_async.py for tasks to queue
[2024-09-19T03:04:04.578+0000] {logging_mixin.py:190} INFO - [2024-09-19T03:04:04.578+0000] {dagbag.py:587} INFO - Filling up the DagBag from /Users/omer/anaconda3/lib/python3.11/site-packages/airflow/example_dags/example_time_delta_sensor_async.py
[2024-09-19T03:04:04.581+0000] {processor.py:925} INFO - DAG(s) 'example_time_delta_sensor_async' retrieved from /Users/omer/anaconda3/lib/python3.11/site-packages/airflow/example_dags/example_time_delta_sensor_async.py
[2024-09-19T03:04:04.645+0000] {logging_mixin.py:190} INFO - [2024-09-19T03:04:04.645+0000] {utils.py:148} INFO - Note: NumExpr detected 12 cores but "NUMEXPR_MAX_THREADS" not set, so enforcing safe limit of 8.
[2024-09-19T03:04:04.645+0000] {logging_mixin.py:190} INFO - [2024-09-19T03:04:04.645+0000] {utils.py:160} INFO - NumExpr defaulting to 8 threads.
[2024-09-19T03:04:04.754+0000] {logging_mixin.py:190} INFO - [2024-09-19T03:04:04.754+0000] {dag.py:3229} INFO - Sync 1 DAGs
[2024-09-19T03:04:04.757+0000] {logging_mixin.py:190} INFO - [2024-09-19T03:04:04.757+0000] {dag.py:4156} INFO - Setting next_dagrun for example_time_delta_sensor_async to None, run_after=None
[2024-09-19T03:04:04.763+0000] {processor.py:208} INFO - Processing /Users/omer/anaconda3/lib/python3.11/site-packages/airflow/example_dags/example_time_delta_sensor_async.py took 0.187 seconds
[2024-09-19T03:40:58.790+0000] {processor.py:186} INFO - Started process (PID=25171) to work on /Users/omer/anaconda3/lib/python3.11/site-packages/airflow/example_dags/example_time_delta_sensor_async.py
[2024-09-19T03:40:58.791+0000] {processor.py:914} INFO - Processing file /Users/omer/anaconda3/lib/python3.11/site-packages/airflow/example_dags/example_time_delta_sensor_async.py for tasks to queue
[2024-09-19T03:40:58.791+0000] {logging_mixin.py:190} INFO - [2024-09-19T03:40:58.791+0000] {dagbag.py:587} INFO - Filling up the DagBag from /Users/omer/anaconda3/lib/python3.11/site-packages/airflow/example_dags/example_time_delta_sensor_async.py
[2024-09-19T03:40:58.794+0000] {processor.py:925} INFO - DAG(s) 'example_time_delta_sensor_async' retrieved from /Users/omer/anaconda3/lib/python3.11/site-packages/airflow/example_dags/example_time_delta_sensor_async.py
[2024-09-19T03:40:58.859+0000] {logging_mixin.py:190} INFO - [2024-09-19T03:40:58.859+0000] {utils.py:148} INFO - Note: NumExpr detected 12 cores but "NUMEXPR_MAX_THREADS" not set, so enforcing safe limit of 8.
[2024-09-19T03:40:58.859+0000] {logging_mixin.py:190} INFO - [2024-09-19T03:40:58.859+0000] {utils.py:160} INFO - NumExpr defaulting to 8 threads.
[2024-09-19T03:40:58.970+0000] {logging_mixin.py:190} INFO - [2024-09-19T03:40:58.969+0000] {dag.py:3229} INFO - Sync 1 DAGs
[2024-09-19T03:40:58.972+0000] {logging_mixin.py:190} INFO - [2024-09-19T03:40:58.972+0000] {dag.py:4156} INFO - Setting next_dagrun for example_time_delta_sensor_async to None, run_after=None
[2024-09-19T03:40:58.978+0000] {processor.py:208} INFO - Processing /Users/omer/anaconda3/lib/python3.11/site-packages/airflow/example_dags/example_time_delta_sensor_async.py took 0.189 seconds
[2024-09-19T04:20:47.695+0000] {processor.py:186} INFO - Started process (PID=25294) to work on /Users/omer/anaconda3/lib/python3.11/site-packages/airflow/example_dags/example_time_delta_sensor_async.py
[2024-09-19T04:20:47.696+0000] {processor.py:914} INFO - Processing file /Users/omer/anaconda3/lib/python3.11/site-packages/airflow/example_dags/example_time_delta_sensor_async.py for tasks to queue
[2024-09-19T04:20:47.696+0000] {logging_mixin.py:190} INFO - [2024-09-19T04:20:47.696+0000] {dagbag.py:587} INFO - Filling up the DagBag from /Users/omer/anaconda3/lib/python3.11/site-packages/airflow/example_dags/example_time_delta_sensor_async.py
[2024-09-19T04:20:47.699+0000] {processor.py:925} INFO - DAG(s) 'example_time_delta_sensor_async' retrieved from /Users/omer/anaconda3/lib/python3.11/site-packages/airflow/example_dags/example_time_delta_sensor_async.py
[2024-09-19T04:20:47.763+0000] {logging_mixin.py:190} INFO - [2024-09-19T04:20:47.763+0000] {utils.py:148} INFO - Note: NumExpr detected 12 cores but "NUMEXPR_MAX_THREADS" not set, so enforcing safe limit of 8.
[2024-09-19T04:20:47.764+0000] {logging_mixin.py:190} INFO - [2024-09-19T04:20:47.764+0000] {utils.py:160} INFO - NumExpr defaulting to 8 threads.
[2024-09-19T04:20:47.893+0000] {logging_mixin.py:190} INFO - [2024-09-19T04:20:47.892+0000] {dag.py:3229} INFO - Sync 1 DAGs
[2024-09-19T04:20:47.896+0000] {logging_mixin.py:190} INFO - [2024-09-19T04:20:47.896+0000] {dag.py:4156} INFO - Setting next_dagrun for example_time_delta_sensor_async to None, run_after=None
[2024-09-19T04:20:47.901+0000] {processor.py:208} INFO - Processing /Users/omer/anaconda3/lib/python3.11/site-packages/airflow/example_dags/example_time_delta_sensor_async.py took 0.207 seconds
[2024-09-19T04:42:48.993+0000] {processor.py:186} INFO - Started process (PID=25405) to work on /Users/omer/anaconda3/lib/python3.11/site-packages/airflow/example_dags/example_time_delta_sensor_async.py
[2024-09-19T04:42:48.994+0000] {processor.py:914} INFO - Processing file /Users/omer/anaconda3/lib/python3.11/site-packages/airflow/example_dags/example_time_delta_sensor_async.py for tasks to queue
[2024-09-19T04:42:48.994+0000] {logging_mixin.py:190} INFO - [2024-09-19T04:42:48.994+0000] {dagbag.py:587} INFO - Filling up the DagBag from /Users/omer/anaconda3/lib/python3.11/site-packages/airflow/example_dags/example_time_delta_sensor_async.py
[2024-09-19T04:42:48.997+0000] {processor.py:925} INFO - DAG(s) 'example_time_delta_sensor_async' retrieved from /Users/omer/anaconda3/lib/python3.11/site-packages/airflow/example_dags/example_time_delta_sensor_async.py
[2024-09-19T04:42:49.063+0000] {logging_mixin.py:190} INFO - [2024-09-19T04:42:49.063+0000] {utils.py:148} INFO - Note: NumExpr detected 12 cores but "NUMEXPR_MAX_THREADS" not set, so enforcing safe limit of 8.
[2024-09-19T04:42:49.063+0000] {logging_mixin.py:190} INFO - [2024-09-19T04:42:49.063+0000] {utils.py:160} INFO - NumExpr defaulting to 8 threads.
[2024-09-19T04:42:49.172+0000] {logging_mixin.py:190} INFO - [2024-09-19T04:42:49.172+0000] {dag.py:3229} INFO - Sync 1 DAGs
[2024-09-19T04:42:49.175+0000] {logging_mixin.py:190} INFO - [2024-09-19T04:42:49.175+0000] {dag.py:4156} INFO - Setting next_dagrun for example_time_delta_sensor_async to None, run_after=None
[2024-09-19T04:42:49.181+0000] {processor.py:208} INFO - Processing /Users/omer/anaconda3/lib/python3.11/site-packages/airflow/example_dags/example_time_delta_sensor_async.py took 0.189 seconds
[2024-09-19T05:20:39.145+0000] {processor.py:186} INFO - Started process (PID=25530) to work on /Users/omer/anaconda3/lib/python3.11/site-packages/airflow/example_dags/example_time_delta_sensor_async.py
[2024-09-19T05:20:39.146+0000] {processor.py:914} INFO - Processing file /Users/omer/anaconda3/lib/python3.11/site-packages/airflow/example_dags/example_time_delta_sensor_async.py for tasks to queue
[2024-09-19T05:20:39.146+0000] {logging_mixin.py:190} INFO - [2024-09-19T05:20:39.146+0000] {dagbag.py:587} INFO - Filling up the DagBag from /Users/omer/anaconda3/lib/python3.11/site-packages/airflow/example_dags/example_time_delta_sensor_async.py
[2024-09-19T05:20:39.149+0000] {processor.py:925} INFO - DAG(s) 'example_time_delta_sensor_async' retrieved from /Users/omer/anaconda3/lib/python3.11/site-packages/airflow/example_dags/example_time_delta_sensor_async.py
[2024-09-19T05:20:39.213+0000] {logging_mixin.py:190} INFO - [2024-09-19T05:20:39.213+0000] {utils.py:148} INFO - Note: NumExpr detected 12 cores but "NUMEXPR_MAX_THREADS" not set, so enforcing safe limit of 8.
[2024-09-19T05:20:39.214+0000] {logging_mixin.py:190} INFO - [2024-09-19T05:20:39.213+0000] {utils.py:160} INFO - NumExpr defaulting to 8 threads.
[2024-09-19T05:20:39.323+0000] {logging_mixin.py:190} INFO - [2024-09-19T05:20:39.323+0000] {dag.py:3229} INFO - Sync 1 DAGs
[2024-09-19T05:20:39.326+0000] {logging_mixin.py:190} INFO - [2024-09-19T05:20:39.326+0000] {dag.py:4156} INFO - Setting next_dagrun for example_time_delta_sensor_async to None, run_after=None
[2024-09-19T05:20:39.338+0000] {processor.py:208} INFO - Processing /Users/omer/anaconda3/lib/python3.11/site-packages/airflow/example_dags/example_time_delta_sensor_async.py took 0.193 seconds
[2024-09-19T05:59:47.540+0000] {processor.py:186} INFO - Started process (PID=25649) to work on /Users/omer/anaconda3/lib/python3.11/site-packages/airflow/example_dags/example_time_delta_sensor_async.py
[2024-09-19T05:59:47.540+0000] {processor.py:914} INFO - Processing file /Users/omer/anaconda3/lib/python3.11/site-packages/airflow/example_dags/example_time_delta_sensor_async.py for tasks to queue
[2024-09-19T05:59:47.541+0000] {logging_mixin.py:190} INFO - [2024-09-19T05:59:47.541+0000] {dagbag.py:587} INFO - Filling up the DagBag from /Users/omer/anaconda3/lib/python3.11/site-packages/airflow/example_dags/example_time_delta_sensor_async.py
[2024-09-19T05:59:47.543+0000] {processor.py:925} INFO - DAG(s) 'example_time_delta_sensor_async' retrieved from /Users/omer/anaconda3/lib/python3.11/site-packages/airflow/example_dags/example_time_delta_sensor_async.py
[2024-09-19T05:59:47.616+0000] {logging_mixin.py:190} INFO - [2024-09-19T05:59:47.615+0000] {utils.py:148} INFO - Note: NumExpr detected 12 cores but "NUMEXPR_MAX_THREADS" not set, so enforcing safe limit of 8.
[2024-09-19T05:59:47.616+0000] {logging_mixin.py:190} INFO - [2024-09-19T05:59:47.616+0000] {utils.py:160} INFO - NumExpr defaulting to 8 threads.
[2024-09-19T05:59:47.728+0000] {logging_mixin.py:190} INFO - [2024-09-19T05:59:47.728+0000] {dag.py:3229} INFO - Sync 1 DAGs
[2024-09-19T05:59:47.731+0000] {logging_mixin.py:190} INFO - [2024-09-19T05:59:47.731+0000] {dag.py:4156} INFO - Setting next_dagrun for example_time_delta_sensor_async to None, run_after=None
[2024-09-19T05:59:47.736+0000] {processor.py:208} INFO - Processing /Users/omer/anaconda3/lib/python3.11/site-packages/airflow/example_dags/example_time_delta_sensor_async.py took 0.197 seconds
[2024-09-19T06:15:57.488+0000] {processor.py:186} INFO - Started process (PID=25762) to work on /Users/omer/anaconda3/lib/python3.11/site-packages/airflow/example_dags/example_time_delta_sensor_async.py
[2024-09-19T06:15:57.489+0000] {processor.py:914} INFO - Processing file /Users/omer/anaconda3/lib/python3.11/site-packages/airflow/example_dags/example_time_delta_sensor_async.py for tasks to queue
[2024-09-19T06:15:57.489+0000] {logging_mixin.py:190} INFO - [2024-09-19T06:15:57.489+0000] {dagbag.py:587} INFO - Filling up the DagBag from /Users/omer/anaconda3/lib/python3.11/site-packages/airflow/example_dags/example_time_delta_sensor_async.py
[2024-09-19T06:15:57.492+0000] {processor.py:925} INFO - DAG(s) 'example_time_delta_sensor_async' retrieved from /Users/omer/anaconda3/lib/python3.11/site-packages/airflow/example_dags/example_time_delta_sensor_async.py
[2024-09-19T06:15:57.558+0000] {logging_mixin.py:190} INFO - [2024-09-19T06:15:57.558+0000] {utils.py:148} INFO - Note: NumExpr detected 12 cores but "NUMEXPR_MAX_THREADS" not set, so enforcing safe limit of 8.
[2024-09-19T06:15:57.559+0000] {logging_mixin.py:190} INFO - [2024-09-19T06:15:57.559+0000] {utils.py:160} INFO - NumExpr defaulting to 8 threads.
[2024-09-19T06:15:57.670+0000] {logging_mixin.py:190} INFO - [2024-09-19T06:15:57.670+0000] {dag.py:3229} INFO - Sync 1 DAGs
[2024-09-19T06:15:57.673+0000] {logging_mixin.py:190} INFO - [2024-09-19T06:15:57.673+0000] {dag.py:4156} INFO - Setting next_dagrun for example_time_delta_sensor_async to None, run_after=None
[2024-09-19T06:15:57.678+0000] {processor.py:208} INFO - Processing /Users/omer/anaconda3/lib/python3.11/site-packages/airflow/example_dags/example_time_delta_sensor_async.py took 0.191 seconds
[2024-09-19T06:17:19.916+0000] {processor.py:186} INFO - Started process (PID=25875) to work on /Users/omer/anaconda3/lib/python3.11/site-packages/airflow/example_dags/example_time_delta_sensor_async.py
[2024-09-19T06:17:19.917+0000] {processor.py:914} INFO - Processing file /Users/omer/anaconda3/lib/python3.11/site-packages/airflow/example_dags/example_time_delta_sensor_async.py for tasks to queue
[2024-09-19T06:17:19.917+0000] {logging_mixin.py:190} INFO - [2024-09-19T06:17:19.917+0000] {dagbag.py:587} INFO - Filling up the DagBag from /Users/omer/anaconda3/lib/python3.11/site-packages/airflow/example_dags/example_time_delta_sensor_async.py
[2024-09-19T06:17:19.920+0000] {processor.py:925} INFO - DAG(s) 'example_time_delta_sensor_async' retrieved from /Users/omer/anaconda3/lib/python3.11/site-packages/airflow/example_dags/example_time_delta_sensor_async.py
[2024-09-19T06:17:19.987+0000] {logging_mixin.py:190} INFO - [2024-09-19T06:17:19.987+0000] {utils.py:148} INFO - Note: NumExpr detected 12 cores but "NUMEXPR_MAX_THREADS" not set, so enforcing safe limit of 8.
[2024-09-19T06:17:19.987+0000] {logging_mixin.py:190} INFO - [2024-09-19T06:17:19.987+0000] {utils.py:160} INFO - NumExpr defaulting to 8 threads.
[2024-09-19T06:17:20.097+0000] {logging_mixin.py:190} INFO - [2024-09-19T06:17:20.097+0000] {dag.py:3229} INFO - Sync 1 DAGs
[2024-09-19T06:17:20.100+0000] {logging_mixin.py:190} INFO - [2024-09-19T06:17:20.100+0000] {dag.py:4156} INFO - Setting next_dagrun for example_time_delta_sensor_async to None, run_after=None
[2024-09-19T06:17:20.106+0000] {processor.py:208} INFO - Processing /Users/omer/anaconda3/lib/python3.11/site-packages/airflow/example_dags/example_time_delta_sensor_async.py took 0.190 seconds
[2024-09-19T06:18:34.537+0000] {processor.py:186} INFO - Started process (PID=25959) to work on /Users/omer/anaconda3/lib/python3.11/site-packages/airflow/example_dags/example_time_delta_sensor_async.py
[2024-09-19T06:18:34.538+0000] {processor.py:914} INFO - Processing file /Users/omer/anaconda3/lib/python3.11/site-packages/airflow/example_dags/example_time_delta_sensor_async.py for tasks to queue
[2024-09-19T06:18:34.539+0000] {logging_mixin.py:190} INFO - [2024-09-19T06:18:34.539+0000] {dagbag.py:587} INFO - Filling up the DagBag from /Users/omer/anaconda3/lib/python3.11/site-packages/airflow/example_dags/example_time_delta_sensor_async.py
[2024-09-19T06:18:34.542+0000] {processor.py:925} INFO - DAG(s) 'example_time_delta_sensor_async' retrieved from /Users/omer/anaconda3/lib/python3.11/site-packages/airflow/example_dags/example_time_delta_sensor_async.py
[2024-09-19T06:18:34.607+0000] {logging_mixin.py:190} INFO - [2024-09-19T06:18:34.607+0000] {utils.py:148} INFO - Note: NumExpr detected 12 cores but "NUMEXPR_MAX_THREADS" not set, so enforcing safe limit of 8.
[2024-09-19T06:18:34.608+0000] {logging_mixin.py:190} INFO - [2024-09-19T06:18:34.608+0000] {utils.py:160} INFO - NumExpr defaulting to 8 threads.
[2024-09-19T06:18:34.720+0000] {logging_mixin.py:190} INFO - [2024-09-19T06:18:34.720+0000] {dag.py:3229} INFO - Sync 1 DAGs
[2024-09-19T06:18:34.723+0000] {logging_mixin.py:190} INFO - [2024-09-19T06:18:34.723+0000] {dag.py:4156} INFO - Setting next_dagrun for example_time_delta_sensor_async to None, run_after=None
[2024-09-19T06:18:34.728+0000] {processor.py:208} INFO - Processing /Users/omer/anaconda3/lib/python3.11/site-packages/airflow/example_dags/example_time_delta_sensor_async.py took 0.191 seconds
[2024-09-19T06:19:47.823+0000] {processor.py:186} INFO - Started process (PID=26063) to work on /Users/omer/anaconda3/lib/python3.11/site-packages/airflow/example_dags/example_time_delta_sensor_async.py
[2024-09-19T06:19:47.824+0000] {processor.py:914} INFO - Processing file /Users/omer/anaconda3/lib/python3.11/site-packages/airflow/example_dags/example_time_delta_sensor_async.py for tasks to queue
[2024-09-19T06:19:47.824+0000] {logging_mixin.py:190} INFO - [2024-09-19T06:19:47.824+0000] {dagbag.py:587} INFO - Filling up the DagBag from /Users/omer/anaconda3/lib/python3.11/site-packages/airflow/example_dags/example_time_delta_sensor_async.py
[2024-09-19T06:19:47.827+0000] {processor.py:925} INFO - DAG(s) 'example_time_delta_sensor_async' retrieved from /Users/omer/anaconda3/lib/python3.11/site-packages/airflow/example_dags/example_time_delta_sensor_async.py
[2024-09-19T06:19:47.894+0000] {logging_mixin.py:190} INFO - [2024-09-19T06:19:47.894+0000] {utils.py:148} INFO - Note: NumExpr detected 12 cores but "NUMEXPR_MAX_THREADS" not set, so enforcing safe limit of 8.
[2024-09-19T06:19:47.894+0000] {logging_mixin.py:190} INFO - [2024-09-19T06:19:47.894+0000] {utils.py:160} INFO - NumExpr defaulting to 8 threads.
[2024-09-19T06:19:48.020+0000] {logging_mixin.py:190} INFO - [2024-09-19T06:19:48.020+0000] {dag.py:3229} INFO - Sync 1 DAGs
[2024-09-19T06:19:48.023+0000] {logging_mixin.py:190} INFO - [2024-09-19T06:19:48.023+0000] {dag.py:4156} INFO - Setting next_dagrun for example_time_delta_sensor_async to None, run_after=None
[2024-09-19T06:19:48.028+0000] {processor.py:208} INFO - Processing /Users/omer/anaconda3/lib/python3.11/site-packages/airflow/example_dags/example_time_delta_sensor_async.py took 0.205 seconds
[2024-09-19T06:21:26.404+0000] {processor.py:186} INFO - Started process (PID=26248) to work on /Users/omer/anaconda3/lib/python3.11/site-packages/airflow/example_dags/example_time_delta_sensor_async.py
[2024-09-19T06:21:26.405+0000] {processor.py:914} INFO - Processing file /Users/omer/anaconda3/lib/python3.11/site-packages/airflow/example_dags/example_time_delta_sensor_async.py for tasks to queue
[2024-09-19T06:21:26.405+0000] {logging_mixin.py:190} INFO - [2024-09-19T06:21:26.405+0000] {dagbag.py:587} INFO - Filling up the DagBag from /Users/omer/anaconda3/lib/python3.11/site-packages/airflow/example_dags/example_time_delta_sensor_async.py
[2024-09-19T06:21:26.407+0000] {processor.py:925} INFO - DAG(s) 'example_time_delta_sensor_async' retrieved from /Users/omer/anaconda3/lib/python3.11/site-packages/airflow/example_dags/example_time_delta_sensor_async.py
[2024-09-19T06:21:26.479+0000] {logging_mixin.py:190} INFO - [2024-09-19T06:21:26.479+0000] {utils.py:148} INFO - Note: NumExpr detected 12 cores but "NUMEXPR_MAX_THREADS" not set, so enforcing safe limit of 8.
[2024-09-19T06:21:26.479+0000] {logging_mixin.py:190} INFO - [2024-09-19T06:21:26.479+0000] {utils.py:160} INFO - NumExpr defaulting to 8 threads.
[2024-09-19T06:21:26.611+0000] {logging_mixin.py:190} INFO - [2024-09-19T06:21:26.611+0000] {dag.py:3229} INFO - Sync 1 DAGs
[2024-09-19T06:21:26.614+0000] {logging_mixin.py:190} INFO - [2024-09-19T06:21:26.614+0000] {dag.py:4156} INFO - Setting next_dagrun for example_time_delta_sensor_async to None, run_after=None
[2024-09-19T06:21:26.620+0000] {processor.py:208} INFO - Processing /Users/omer/anaconda3/lib/python3.11/site-packages/airflow/example_dags/example_time_delta_sensor_async.py took 0.217 seconds
[2024-09-19T06:23:09.827+0000] {processor.py:186} INFO - Started process (PID=26388) to work on /Users/omer/anaconda3/lib/python3.11/site-packages/airflow/example_dags/example_time_delta_sensor_async.py
[2024-09-19T06:23:09.828+0000] {processor.py:914} INFO - Processing file /Users/omer/anaconda3/lib/python3.11/site-packages/airflow/example_dags/example_time_delta_sensor_async.py for tasks to queue
[2024-09-19T06:23:09.828+0000] {logging_mixin.py:190} INFO - [2024-09-19T06:23:09.828+0000] {dagbag.py:587} INFO - Filling up the DagBag from /Users/omer/anaconda3/lib/python3.11/site-packages/airflow/example_dags/example_time_delta_sensor_async.py
[2024-09-19T06:23:09.831+0000] {processor.py:925} INFO - DAG(s) 'example_time_delta_sensor_async' retrieved from /Users/omer/anaconda3/lib/python3.11/site-packages/airflow/example_dags/example_time_delta_sensor_async.py
[2024-09-19T06:23:09.898+0000] {logging_mixin.py:190} INFO - [2024-09-19T06:23:09.898+0000] {utils.py:148} INFO - Note: NumExpr detected 12 cores but "NUMEXPR_MAX_THREADS" not set, so enforcing safe limit of 8.
[2024-09-19T06:23:09.898+0000] {logging_mixin.py:190} INFO - [2024-09-19T06:23:09.898+0000] {utils.py:160} INFO - NumExpr defaulting to 8 threads.
[2024-09-19T06:23:10.038+0000] {logging_mixin.py:190} INFO - [2024-09-19T06:23:10.038+0000] {dag.py:3229} INFO - Sync 1 DAGs
[2024-09-19T06:23:10.041+0000] {logging_mixin.py:190} INFO - [2024-09-19T06:23:10.041+0000] {dag.py:4156} INFO - Setting next_dagrun for example_time_delta_sensor_async to None, run_after=None
[2024-09-19T06:23:10.047+0000] {processor.py:208} INFO - Processing /Users/omer/anaconda3/lib/python3.11/site-packages/airflow/example_dags/example_time_delta_sensor_async.py took 0.221 seconds
[2024-09-19T06:24:19.422+0000] {processor.py:186} INFO - Started process (PID=26455) to work on /Users/omer/anaconda3/lib/python3.11/site-packages/airflow/example_dags/example_time_delta_sensor_async.py
[2024-09-19T06:24:19.423+0000] {processor.py:914} INFO - Processing file /Users/omer/anaconda3/lib/python3.11/site-packages/airflow/example_dags/example_time_delta_sensor_async.py for tasks to queue
[2024-09-19T06:24:19.423+0000] {logging_mixin.py:190} INFO - [2024-09-19T06:24:19.423+0000] {dagbag.py:587} INFO - Filling up the DagBag from /Users/omer/anaconda3/lib/python3.11/site-packages/airflow/example_dags/example_time_delta_sensor_async.py
[2024-09-19T06:24:19.426+0000] {processor.py:925} INFO - DAG(s) 'example_time_delta_sensor_async' retrieved from /Users/omer/anaconda3/lib/python3.11/site-packages/airflow/example_dags/example_time_delta_sensor_async.py
[2024-09-19T06:24:19.493+0000] {logging_mixin.py:190} INFO - [2024-09-19T06:24:19.493+0000] {utils.py:148} INFO - Note: NumExpr detected 12 cores but "NUMEXPR_MAX_THREADS" not set, so enforcing safe limit of 8.
[2024-09-19T06:24:19.494+0000] {logging_mixin.py:190} INFO - [2024-09-19T06:24:19.493+0000] {utils.py:160} INFO - NumExpr defaulting to 8 threads.
[2024-09-19T06:24:19.606+0000] {logging_mixin.py:190} INFO - [2024-09-19T06:24:19.606+0000] {dag.py:3229} INFO - Sync 1 DAGs
[2024-09-19T06:24:19.609+0000] {logging_mixin.py:190} INFO - [2024-09-19T06:24:19.609+0000] {dag.py:4156} INFO - Setting next_dagrun for example_time_delta_sensor_async to None, run_after=None
[2024-09-19T06:24:19.615+0000] {processor.py:208} INFO - Processing /Users/omer/anaconda3/lib/python3.11/site-packages/airflow/example_dags/example_time_delta_sensor_async.py took 0.194 seconds
[2024-09-19T06:25:26.866+0000] {processor.py:186} INFO - Started process (PID=26574) to work on /Users/omer/anaconda3/lib/python3.11/site-packages/airflow/example_dags/example_time_delta_sensor_async.py
[2024-09-19T06:25:26.867+0000] {processor.py:914} INFO - Processing file /Users/omer/anaconda3/lib/python3.11/site-packages/airflow/example_dags/example_time_delta_sensor_async.py for tasks to queue
[2024-09-19T06:25:26.867+0000] {logging_mixin.py:190} INFO - [2024-09-19T06:25:26.867+0000] {dagbag.py:587} INFO - Filling up the DagBag from /Users/omer/anaconda3/lib/python3.11/site-packages/airflow/example_dags/example_time_delta_sensor_async.py
[2024-09-19T06:25:26.870+0000] {processor.py:925} INFO - DAG(s) 'example_time_delta_sensor_async' retrieved from /Users/omer/anaconda3/lib/python3.11/site-packages/airflow/example_dags/example_time_delta_sensor_async.py
[2024-09-19T06:25:26.939+0000] {logging_mixin.py:190} INFO - [2024-09-19T06:25:26.938+0000] {utils.py:148} INFO - Note: NumExpr detected 12 cores but "NUMEXPR_MAX_THREADS" not set, so enforcing safe limit of 8.
[2024-09-19T06:25:26.939+0000] {logging_mixin.py:190} INFO - [2024-09-19T06:25:26.939+0000] {utils.py:160} INFO - NumExpr defaulting to 8 threads.
[2024-09-19T06:25:27.055+0000] {logging_mixin.py:190} INFO - [2024-09-19T06:25:27.054+0000] {dag.py:3229} INFO - Sync 1 DAGs
[2024-09-19T06:25:27.058+0000] {logging_mixin.py:190} INFO - [2024-09-19T06:25:27.058+0000] {dag.py:4156} INFO - Setting next_dagrun for example_time_delta_sensor_async to None, run_after=None
[2024-09-19T06:25:27.063+0000] {processor.py:208} INFO - Processing /Users/omer/anaconda3/lib/python3.11/site-packages/airflow/example_dags/example_time_delta_sensor_async.py took 0.198 seconds
