[2024-09-19T00:53:03.337+0000] {processor.py:186} INFO - Started process (PID=24624) to work on /Users/omer/anaconda3/lib/python3.11/site-packages/airflow/example_dags/example_bash_operator.py
[2024-09-19T00:53:03.337+0000] {processor.py:914} INFO - Processing file /Users/omer/anaconda3/lib/python3.11/site-packages/airflow/example_dags/example_bash_operator.py for tasks to queue
[2024-09-19T00:53:03.337+0000] {logging_mixin.py:190} INFO - [2024-09-19T00:53:03.337+0000] {dagbag.py:587} INFO - Filling up the DagBag from /Users/omer/anaconda3/lib/python3.11/site-packages/airflow/example_dags/example_bash_operator.py
[2024-09-19T00:53:03.342+0000] {processor.py:925} INFO - DAG(s) 'example_bash_operator' retrieved from /Users/omer/anaconda3/lib/python3.11/site-packages/airflow/example_dags/example_bash_operator.py
[2024-09-19T00:53:03.368+0000] {logging_mixin.py:190} INFO - [2024-09-19T00:53:03.368+0000] {dag.py:3229} INFO - Sync 1 DAGs
[2024-09-19T00:53:03.373+0000] {logging_mixin.py:190} INFO - [2024-09-19T00:53:03.373+0000] {dag.py:4156} INFO - Setting next_dagrun for example_bash_operator to 2024-09-18 00:00:00+00:00, run_after=2024-09-19 00:00:00+00:00
[2024-09-19T00:53:03.378+0000] {processor.py:208} INFO - Processing /Users/omer/anaconda3/lib/python3.11/site-packages/airflow/example_dags/example_bash_operator.py took 0.042 seconds
[2024-09-19T02:22:47.942+0000] {processor.py:186} INFO - Started process (PID=24866) to work on /Users/omer/anaconda3/lib/python3.11/site-packages/airflow/example_dags/example_bash_operator.py
[2024-09-19T02:22:47.943+0000] {processor.py:914} INFO - Processing file /Users/omer/anaconda3/lib/python3.11/site-packages/airflow/example_dags/example_bash_operator.py for tasks to queue
[2024-09-19T02:22:47.943+0000] {logging_mixin.py:190} INFO - [2024-09-19T02:22:47.943+0000] {dagbag.py:587} INFO - Filling up the DagBag from /Users/omer/anaconda3/lib/python3.11/site-packages/airflow/example_dags/example_bash_operator.py
[2024-09-19T02:22:47.947+0000] {processor.py:925} INFO - DAG(s) 'example_bash_operator' retrieved from /Users/omer/anaconda3/lib/python3.11/site-packages/airflow/example_dags/example_bash_operator.py
[2024-09-19T02:22:47.974+0000] {logging_mixin.py:190} INFO - [2024-09-19T02:22:47.974+0000] {dag.py:3229} INFO - Sync 1 DAGs
[2024-09-19T02:22:47.979+0000] {logging_mixin.py:190} INFO - [2024-09-19T02:22:47.979+0000] {dag.py:4156} INFO - Setting next_dagrun for example_bash_operator to 2024-09-18 00:00:00+00:00, run_after=2024-09-19 00:00:00+00:00
[2024-09-19T02:22:47.984+0000] {processor.py:208} INFO - Processing /Users/omer/anaconda3/lib/python3.11/site-packages/airflow/example_dags/example_bash_operator.py took 0.042 seconds
[2024-09-19T03:22:43.288+0000] {processor.py:186} INFO - Started process (PID=25090) to work on /Users/omer/anaconda3/lib/python3.11/site-packages/airflow/example_dags/example_bash_operator.py
[2024-09-19T03:22:43.289+0000] {processor.py:914} INFO - Processing file /Users/omer/anaconda3/lib/python3.11/site-packages/airflow/example_dags/example_bash_operator.py for tasks to queue
[2024-09-19T03:22:43.289+0000] {logging_mixin.py:190} INFO - [2024-09-19T03:22:43.289+0000] {dagbag.py:587} INFO - Filling up the DagBag from /Users/omer/anaconda3/lib/python3.11/site-packages/airflow/example_dags/example_bash_operator.py
[2024-09-19T03:22:43.293+0000] {processor.py:925} INFO - DAG(s) 'example_bash_operator' retrieved from /Users/omer/anaconda3/lib/python3.11/site-packages/airflow/example_dags/example_bash_operator.py
[2024-09-19T03:22:43.320+0000] {logging_mixin.py:190} INFO - [2024-09-19T03:22:43.320+0000] {dag.py:3229} INFO - Sync 1 DAGs
[2024-09-19T03:22:43.325+0000] {logging_mixin.py:190} INFO - [2024-09-19T03:22:43.325+0000] {dag.py:4156} INFO - Setting next_dagrun for example_bash_operator to 2024-09-18 00:00:00+00:00, run_after=2024-09-19 00:00:00+00:00
[2024-09-19T03:22:43.330+0000] {processor.py:208} INFO - Processing /Users/omer/anaconda3/lib/python3.11/site-packages/airflow/example_dags/example_bash_operator.py took 0.043 seconds
[2024-09-19T04:41:03.273+0000] {processor.py:186} INFO - Started process (PID=25368) to work on /Users/omer/anaconda3/lib/python3.11/site-packages/airflow/example_dags/example_bash_operator.py
[2024-09-19T04:41:03.274+0000] {processor.py:914} INFO - Processing file /Users/omer/anaconda3/lib/python3.11/site-packages/airflow/example_dags/example_bash_operator.py for tasks to queue
[2024-09-19T04:41:03.274+0000] {logging_mixin.py:190} INFO - [2024-09-19T04:41:03.274+0000] {dagbag.py:587} INFO - Filling up the DagBag from /Users/omer/anaconda3/lib/python3.11/site-packages/airflow/example_dags/example_bash_operator.py
[2024-09-19T04:41:03.278+0000] {processor.py:925} INFO - DAG(s) 'example_bash_operator' retrieved from /Users/omer/anaconda3/lib/python3.11/site-packages/airflow/example_dags/example_bash_operator.py
[2024-09-19T04:41:03.305+0000] {logging_mixin.py:190} INFO - [2024-09-19T04:41:03.305+0000] {dag.py:3229} INFO - Sync 1 DAGs
[2024-09-19T04:41:03.310+0000] {logging_mixin.py:190} INFO - [2024-09-19T04:41:03.310+0000] {dag.py:4156} INFO - Setting next_dagrun for example_bash_operator to 2024-09-18 00:00:00+00:00, run_after=2024-09-19 00:00:00+00:00
[2024-09-19T04:41:03.316+0000] {processor.py:208} INFO - Processing /Users/omer/anaconda3/lib/python3.11/site-packages/airflow/example_dags/example_bash_operator.py took 0.044 seconds
[2024-09-19T05:43:25.512+0000] {processor.py:186} INFO - Started process (PID=25607) to work on /Users/omer/anaconda3/lib/python3.11/site-packages/airflow/example_dags/example_bash_operator.py
[2024-09-19T05:43:25.513+0000] {processor.py:914} INFO - Processing file /Users/omer/anaconda3/lib/python3.11/site-packages/airflow/example_dags/example_bash_operator.py for tasks to queue
[2024-09-19T05:43:25.513+0000] {logging_mixin.py:190} INFO - [2024-09-19T05:43:25.513+0000] {dagbag.py:587} INFO - Filling up the DagBag from /Users/omer/anaconda3/lib/python3.11/site-packages/airflow/example_dags/example_bash_operator.py
[2024-09-19T05:43:25.517+0000] {processor.py:925} INFO - DAG(s) 'example_bash_operator' retrieved from /Users/omer/anaconda3/lib/python3.11/site-packages/airflow/example_dags/example_bash_operator.py
[2024-09-19T05:43:25.543+0000] {logging_mixin.py:190} INFO - [2024-09-19T05:43:25.543+0000] {dag.py:3229} INFO - Sync 1 DAGs
[2024-09-19T05:43:25.548+0000] {logging_mixin.py:190} INFO - [2024-09-19T05:43:25.548+0000] {dag.py:4156} INFO - Setting next_dagrun for example_bash_operator to 2024-09-18 00:00:00+00:00, run_after=2024-09-19 00:00:00+00:00
[2024-09-19T05:43:25.553+0000] {processor.py:208} INFO - Processing /Users/omer/anaconda3/lib/python3.11/site-packages/airflow/example_dags/example_bash_operator.py took 0.042 seconds
[2024-09-19T06:16:48.973+0000] {processor.py:186} INFO - Started process (PID=25837) to work on /Users/omer/anaconda3/lib/python3.11/site-packages/airflow/example_dags/example_bash_operator.py
[2024-09-19T06:16:48.975+0000] {processor.py:914} INFO - Processing file /Users/omer/anaconda3/lib/python3.11/site-packages/airflow/example_dags/example_bash_operator.py for tasks to queue
[2024-09-19T06:16:48.975+0000] {logging_mixin.py:190} INFO - [2024-09-19T06:16:48.975+0000] {dagbag.py:587} INFO - Filling up the DagBag from /Users/omer/anaconda3/lib/python3.11/site-packages/airflow/example_dags/example_bash_operator.py
[2024-09-19T06:16:48.979+0000] {processor.py:925} INFO - DAG(s) 'example_bash_operator' retrieved from /Users/omer/anaconda3/lib/python3.11/site-packages/airflow/example_dags/example_bash_operator.py
[2024-09-19T06:16:49.006+0000] {logging_mixin.py:190} INFO - [2024-09-19T06:16:49.006+0000] {dag.py:3229} INFO - Sync 1 DAGs
[2024-09-19T06:16:49.011+0000] {logging_mixin.py:190} INFO - [2024-09-19T06:16:49.011+0000] {dag.py:4156} INFO - Setting next_dagrun for example_bash_operator to 2024-09-18 00:00:00+00:00, run_after=2024-09-19 00:00:00+00:00
[2024-09-19T06:16:49.016+0000] {processor.py:208} INFO - Processing /Users/omer/anaconda3/lib/python3.11/site-packages/airflow/example_dags/example_bash_operator.py took 0.044 seconds
[2024-09-19T06:19:16.517+0000] {processor.py:186} INFO - Started process (PID=26019) to work on /Users/omer/anaconda3/lib/python3.11/site-packages/airflow/example_dags/example_bash_operator.py
[2024-09-19T06:19:16.518+0000] {processor.py:914} INFO - Processing file /Users/omer/anaconda3/lib/python3.11/site-packages/airflow/example_dags/example_bash_operator.py for tasks to queue
[2024-09-19T06:19:16.518+0000] {logging_mixin.py:190} INFO - [2024-09-19T06:19:16.518+0000] {dagbag.py:587} INFO - Filling up the DagBag from /Users/omer/anaconda3/lib/python3.11/site-packages/airflow/example_dags/example_bash_operator.py
[2024-09-19T06:19:16.521+0000] {processor.py:925} INFO - DAG(s) 'example_bash_operator' retrieved from /Users/omer/anaconda3/lib/python3.11/site-packages/airflow/example_dags/example_bash_operator.py
[2024-09-19T06:19:16.550+0000] {logging_mixin.py:190} INFO - [2024-09-19T06:19:16.549+0000] {dag.py:3229} INFO - Sync 1 DAGs
[2024-09-19T06:19:16.555+0000] {logging_mixin.py:190} INFO - [2024-09-19T06:19:16.555+0000] {dag.py:4156} INFO - Setting next_dagrun for example_bash_operator to 2024-09-18 00:00:00+00:00, run_after=2024-09-19 00:00:00+00:00
[2024-09-19T06:19:16.560+0000] {processor.py:208} INFO - Processing /Users/omer/anaconda3/lib/python3.11/site-packages/airflow/example_dags/example_bash_operator.py took 0.044 seconds
[2024-09-19T06:22:38.006+0000] {processor.py:186} INFO - Started process (PID=26356) to work on /Users/omer/anaconda3/lib/python3.11/site-packages/airflow/example_dags/example_bash_operator.py
[2024-09-19T06:22:38.006+0000] {processor.py:914} INFO - Processing file /Users/omer/anaconda3/lib/python3.11/site-packages/airflow/example_dags/example_bash_operator.py for tasks to queue
[2024-09-19T06:22:38.007+0000] {logging_mixin.py:190} INFO - [2024-09-19T06:22:38.006+0000] {dagbag.py:587} INFO - Filling up the DagBag from /Users/omer/anaconda3/lib/python3.11/site-packages/airflow/example_dags/example_bash_operator.py
[2024-09-19T06:22:38.010+0000] {processor.py:925} INFO - DAG(s) 'example_bash_operator' retrieved from /Users/omer/anaconda3/lib/python3.11/site-packages/airflow/example_dags/example_bash_operator.py
[2024-09-19T06:22:38.039+0000] {logging_mixin.py:190} INFO - [2024-09-19T06:22:38.039+0000] {dag.py:3229} INFO - Sync 1 DAGs
[2024-09-19T06:22:38.044+0000] {logging_mixin.py:190} INFO - [2024-09-19T06:22:38.044+0000] {dag.py:4156} INFO - Setting next_dagrun for example_bash_operator to 2024-09-18 00:00:00+00:00, run_after=2024-09-19 00:00:00+00:00
[2024-09-19T06:22:38.049+0000] {processor.py:208} INFO - Processing /Users/omer/anaconda3/lib/python3.11/site-packages/airflow/example_dags/example_bash_operator.py took 0.045 seconds
[2024-09-19T06:24:57.109+0000] {processor.py:186} INFO - Started process (PID=26535) to work on /Users/omer/anaconda3/lib/python3.11/site-packages/airflow/example_dags/example_bash_operator.py
[2024-09-19T06:24:57.110+0000] {processor.py:914} INFO - Processing file /Users/omer/anaconda3/lib/python3.11/site-packages/airflow/example_dags/example_bash_operator.py for tasks to queue
[2024-09-19T06:24:57.110+0000] {logging_mixin.py:190} INFO - [2024-09-19T06:24:57.110+0000] {dagbag.py:587} INFO - Filling up the DagBag from /Users/omer/anaconda3/lib/python3.11/site-packages/airflow/example_dags/example_bash_operator.py
[2024-09-19T06:24:57.114+0000] {processor.py:925} INFO - DAG(s) 'example_bash_operator' retrieved from /Users/omer/anaconda3/lib/python3.11/site-packages/airflow/example_dags/example_bash_operator.py
[2024-09-19T06:24:57.143+0000] {logging_mixin.py:190} INFO - [2024-09-19T06:24:57.143+0000] {dag.py:3229} INFO - Sync 1 DAGs
[2024-09-19T06:24:57.148+0000] {logging_mixin.py:190} INFO - [2024-09-19T06:24:57.148+0000] {dag.py:4156} INFO - Setting next_dagrun for example_bash_operator to 2024-09-18 00:00:00+00:00, run_after=2024-09-19 00:00:00+00:00
[2024-09-19T06:24:57.154+0000] {processor.py:208} INFO - Processing /Users/omer/anaconda3/lib/python3.11/site-packages/airflow/example_dags/example_bash_operator.py took 0.046 seconds
