[2024-09-19T00:53:01.465+0000] {processor.py:186} INFO - Started process (PID=24623) to work on /Users/omer/anaconda3/lib/python3.11/site-packages/airflow/example_dags/example_branch_datetime_operator.py
[2024-09-19T00:53:01.465+0000] {processor.py:914} INFO - Processing file /Users/omer/anaconda3/lib/python3.11/site-packages/airflow/example_dags/example_branch_datetime_operator.py for tasks to queue
[2024-09-19T00:53:01.466+0000] {logging_mixin.py:190} INFO - [2024-09-19T00:53:01.465+0000] {dagbag.py:587} INFO - Filling up the DagBag from /Users/omer/anaconda3/lib/python3.11/site-packages/airflow/example_dags/example_branch_datetime_operator.py
[2024-09-19T00:53:01.470+0000] {processor.py:925} INFO - DAG(s) 'example_branch_datetime_operator', 'example_branch_datetime_operator_3', 'example_branch_datetime_operator_2' retrieved from /Users/omer/anaconda3/lib/python3.11/site-packages/airflow/example_dags/example_branch_datetime_operator.py
[2024-09-19T00:53:01.496+0000] {logging_mixin.py:190} INFO - [2024-09-19T00:53:01.496+0000] {dag.py:3229} INFO - Sync 3 DAGs
[2024-09-19T00:53:01.502+0000] {logging_mixin.py:190} INFO - [2024-09-19T00:53:01.502+0000] {dag.py:4156} INFO - Setting next_dagrun for example_branch_datetime_operator to 2024-09-18 00:00:00+00:00, run_after=2024-09-19 00:00:00+00:00
[2024-09-19T00:53:01.503+0000] {logging_mixin.py:190} INFO - [2024-09-19T00:53:01.503+0000] {dag.py:4156} INFO - Setting next_dagrun for example_branch_datetime_operator_2 to 2024-09-18 00:00:00+00:00, run_after=2024-09-19 00:00:00+00:00
[2024-09-19T00:53:01.503+0000] {logging_mixin.py:190} INFO - [2024-09-19T00:53:01.503+0000] {dag.py:4156} INFO - Setting next_dagrun for example_branch_datetime_operator_3 to 2024-09-18 00:00:00+00:00, run_after=2024-09-19 00:00:00+00:00
[2024-09-19T00:53:01.508+0000] {processor.py:208} INFO - Processing /Users/omer/anaconda3/lib/python3.11/site-packages/airflow/example_dags/example_branch_datetime_operator.py took 0.044 seconds
[2024-09-19T01:42:34.747+0000] {processor.py:186} INFO - Started process (PID=24737) to work on /Users/omer/anaconda3/lib/python3.11/site-packages/airflow/example_dags/example_branch_datetime_operator.py
[2024-09-19T01:42:34.748+0000] {processor.py:914} INFO - Processing file /Users/omer/anaconda3/lib/python3.11/site-packages/airflow/example_dags/example_branch_datetime_operator.py for tasks to queue
[2024-09-19T01:42:34.748+0000] {logging_mixin.py:190} INFO - [2024-09-19T01:42:34.748+0000] {dagbag.py:587} INFO - Filling up the DagBag from /Users/omer/anaconda3/lib/python3.11/site-packages/airflow/example_dags/example_branch_datetime_operator.py
[2024-09-19T01:42:34.752+0000] {processor.py:925} INFO - DAG(s) 'example_branch_datetime_operator', 'example_branch_datetime_operator_3', 'example_branch_datetime_operator_2' retrieved from /Users/omer/anaconda3/lib/python3.11/site-packages/airflow/example_dags/example_branch_datetime_operator.py
[2024-09-19T01:42:34.778+0000] {logging_mixin.py:190} INFO - [2024-09-19T01:42:34.778+0000] {dag.py:3229} INFO - Sync 3 DAGs
[2024-09-19T01:42:34.783+0000] {logging_mixin.py:190} INFO - [2024-09-19T01:42:34.783+0000] {dag.py:4156} INFO - Setting next_dagrun for example_branch_datetime_operator to 2024-09-18 00:00:00+00:00, run_after=2024-09-19 00:00:00+00:00
[2024-09-19T01:42:34.784+0000] {logging_mixin.py:190} INFO - [2024-09-19T01:42:34.784+0000] {dag.py:4156} INFO - Setting next_dagrun for example_branch_datetime_operator_2 to 2024-09-18 00:00:00+00:00, run_after=2024-09-19 00:00:00+00:00
[2024-09-19T01:42:34.785+0000] {logging_mixin.py:190} INFO - [2024-09-19T01:42:34.785+0000] {dag.py:4156} INFO - Setting next_dagrun for example_branch_datetime_operator_3 to 2024-09-18 00:00:00+00:00, run_after=2024-09-19 00:00:00+00:00
[2024-09-19T01:42:34.789+0000] {processor.py:208} INFO - Processing /Users/omer/anaconda3/lib/python3.11/site-packages/airflow/example_dags/example_branch_datetime_operator.py took 0.043 seconds
[2024-09-19T02:45:16.297+0000] {processor.py:186} INFO - Started process (PID=24980) to work on /Users/omer/anaconda3/lib/python3.11/site-packages/airflow/example_dags/example_branch_datetime_operator.py
[2024-09-19T02:45:16.298+0000] {processor.py:914} INFO - Processing file /Users/omer/anaconda3/lib/python3.11/site-packages/airflow/example_dags/example_branch_datetime_operator.py for tasks to queue
[2024-09-19T02:45:16.298+0000] {logging_mixin.py:190} INFO - [2024-09-19T02:45:16.298+0000] {dagbag.py:587} INFO - Filling up the DagBag from /Users/omer/anaconda3/lib/python3.11/site-packages/airflow/example_dags/example_branch_datetime_operator.py
[2024-09-19T02:45:16.302+0000] {processor.py:925} INFO - DAG(s) 'example_branch_datetime_operator', 'example_branch_datetime_operator_2', 'example_branch_datetime_operator_3' retrieved from /Users/omer/anaconda3/lib/python3.11/site-packages/airflow/example_dags/example_branch_datetime_operator.py
[2024-09-19T02:45:16.328+0000] {logging_mixin.py:190} INFO - [2024-09-19T02:45:16.328+0000] {dag.py:3229} INFO - Sync 3 DAGs
[2024-09-19T02:45:16.333+0000] {logging_mixin.py:190} INFO - [2024-09-19T02:45:16.333+0000] {dag.py:4156} INFO - Setting next_dagrun for example_branch_datetime_operator to 2024-09-18 00:00:00+00:00, run_after=2024-09-19 00:00:00+00:00
[2024-09-19T02:45:16.335+0000] {logging_mixin.py:190} INFO - [2024-09-19T02:45:16.334+0000] {dag.py:4156} INFO - Setting next_dagrun for example_branch_datetime_operator_2 to 2024-09-18 00:00:00+00:00, run_after=2024-09-19 00:00:00+00:00
[2024-09-19T02:45:16.335+0000] {logging_mixin.py:190} INFO - [2024-09-19T02:45:16.335+0000] {dag.py:4156} INFO - Setting next_dagrun for example_branch_datetime_operator_3 to 2024-09-18 00:00:00+00:00, run_after=2024-09-19 00:00:00+00:00
[2024-09-19T02:45:16.339+0000] {processor.py:208} INFO - Processing /Users/omer/anaconda3/lib/python3.11/site-packages/airflow/example_dags/example_branch_datetime_operator.py took 0.043 seconds
[2024-09-19T04:01:55.175+0000] {processor.py:186} INFO - Started process (PID=25255) to work on /Users/omer/anaconda3/lib/python3.11/site-packages/airflow/example_dags/example_branch_datetime_operator.py
[2024-09-19T04:01:55.183+0000] {processor.py:914} INFO - Processing file /Users/omer/anaconda3/lib/python3.11/site-packages/airflow/example_dags/example_branch_datetime_operator.py for tasks to queue
[2024-09-19T04:01:55.183+0000] {logging_mixin.py:190} INFO - [2024-09-19T04:01:55.183+0000] {dagbag.py:587} INFO - Filling up the DagBag from /Users/omer/anaconda3/lib/python3.11/site-packages/airflow/example_dags/example_branch_datetime_operator.py
[2024-09-19T04:01:55.188+0000] {processor.py:925} INFO - DAG(s) 'example_branch_datetime_operator', 'example_branch_datetime_operator_2', 'example_branch_datetime_operator_3' retrieved from /Users/omer/anaconda3/lib/python3.11/site-packages/airflow/example_dags/example_branch_datetime_operator.py
[2024-09-19T04:01:55.219+0000] {logging_mixin.py:190} INFO - [2024-09-19T04:01:55.219+0000] {dag.py:3229} INFO - Sync 3 DAGs
[2024-09-19T04:01:55.225+0000] {logging_mixin.py:190} INFO - [2024-09-19T04:01:55.225+0000] {dag.py:4156} INFO - Setting next_dagrun for example_branch_datetime_operator to 2024-09-18 00:00:00+00:00, run_after=2024-09-19 00:00:00+00:00
[2024-09-19T04:01:55.226+0000] {logging_mixin.py:190} INFO - [2024-09-19T04:01:55.226+0000] {dag.py:4156} INFO - Setting next_dagrun for example_branch_datetime_operator_2 to 2024-09-18 00:00:00+00:00, run_after=2024-09-19 00:00:00+00:00
[2024-09-19T04:01:55.226+0000] {logging_mixin.py:190} INFO - [2024-09-19T04:01:55.226+0000] {dag.py:4156} INFO - Setting next_dagrun for example_branch_datetime_operator_3 to 2024-09-18 00:00:00+00:00, run_after=2024-09-19 00:00:00+00:00
[2024-09-19T04:01:55.231+0000] {processor.py:208} INFO - Processing /Users/omer/anaconda3/lib/python3.11/site-packages/airflow/example_dags/example_branch_datetime_operator.py took 0.057 seconds
[2024-09-19T05:01:12.824+0000] {processor.py:186} INFO - Started process (PID=25491) to work on /Users/omer/anaconda3/lib/python3.11/site-packages/airflow/example_dags/example_branch_datetime_operator.py
[2024-09-19T05:01:12.825+0000] {processor.py:914} INFO - Processing file /Users/omer/anaconda3/lib/python3.11/site-packages/airflow/example_dags/example_branch_datetime_operator.py for tasks to queue
[2024-09-19T05:01:12.825+0000] {logging_mixin.py:190} INFO - [2024-09-19T05:01:12.825+0000] {dagbag.py:587} INFO - Filling up the DagBag from /Users/omer/anaconda3/lib/python3.11/site-packages/airflow/example_dags/example_branch_datetime_operator.py
[2024-09-19T05:01:12.829+0000] {processor.py:925} INFO - DAG(s) 'example_branch_datetime_operator_2', 'example_branch_datetime_operator', 'example_branch_datetime_operator_3' retrieved from /Users/omer/anaconda3/lib/python3.11/site-packages/airflow/example_dags/example_branch_datetime_operator.py
[2024-09-19T05:01:12.855+0000] {logging_mixin.py:190} INFO - [2024-09-19T05:01:12.855+0000] {dag.py:3229} INFO - Sync 3 DAGs
[2024-09-19T05:01:12.861+0000] {logging_mixin.py:190} INFO - [2024-09-19T05:01:12.861+0000] {dag.py:4156} INFO - Setting next_dagrun for example_branch_datetime_operator to 2024-09-18 00:00:00+00:00, run_after=2024-09-19 00:00:00+00:00
[2024-09-19T05:01:12.862+0000] {logging_mixin.py:190} INFO - [2024-09-19T05:01:12.862+0000] {dag.py:4156} INFO - Setting next_dagrun for example_branch_datetime_operator_2 to 2024-09-18 00:00:00+00:00, run_after=2024-09-19 00:00:00+00:00
[2024-09-19T05:01:12.862+0000] {logging_mixin.py:190} INFO - [2024-09-19T05:01:12.862+0000] {dag.py:4156} INFO - Setting next_dagrun for example_branch_datetime_operator_3 to 2024-09-18 00:00:00+00:00, run_after=2024-09-19 00:00:00+00:00
[2024-09-19T05:01:12.867+0000] {processor.py:208} INFO - Processing /Users/omer/anaconda3/lib/python3.11/site-packages/airflow/example_dags/example_branch_datetime_operator.py took 0.044 seconds
[2024-09-19T06:15:28.429+0000] {processor.py:186} INFO - Started process (PID=25725) to work on /Users/omer/anaconda3/lib/python3.11/site-packages/airflow/example_dags/example_branch_datetime_operator.py
[2024-09-19T06:15:28.430+0000] {processor.py:914} INFO - Processing file /Users/omer/anaconda3/lib/python3.11/site-packages/airflow/example_dags/example_branch_datetime_operator.py for tasks to queue
[2024-09-19T06:15:28.430+0000] {logging_mixin.py:190} INFO - [2024-09-19T06:15:28.430+0000] {dagbag.py:587} INFO - Filling up the DagBag from /Users/omer/anaconda3/lib/python3.11/site-packages/airflow/example_dags/example_branch_datetime_operator.py
[2024-09-19T06:15:28.434+0000] {processor.py:925} INFO - DAG(s) 'example_branch_datetime_operator', 'example_branch_datetime_operator_2', 'example_branch_datetime_operator_3' retrieved from /Users/omer/anaconda3/lib/python3.11/site-packages/airflow/example_dags/example_branch_datetime_operator.py
[2024-09-19T06:15:28.461+0000] {logging_mixin.py:190} INFO - [2024-09-19T06:15:28.460+0000] {dag.py:3229} INFO - Sync 3 DAGs
[2024-09-19T06:15:28.466+0000] {logging_mixin.py:190} INFO - [2024-09-19T06:15:28.466+0000] {dag.py:4156} INFO - Setting next_dagrun for example_branch_datetime_operator to 2024-09-18 00:00:00+00:00, run_after=2024-09-19 00:00:00+00:00
[2024-09-19T06:15:28.467+0000] {logging_mixin.py:190} INFO - [2024-09-19T06:15:28.467+0000] {dag.py:4156} INFO - Setting next_dagrun for example_branch_datetime_operator_2 to 2024-09-18 00:00:00+00:00, run_after=2024-09-19 00:00:00+00:00
[2024-09-19T06:15:28.468+0000] {logging_mixin.py:190} INFO - [2024-09-19T06:15:28.467+0000] {dag.py:4156} INFO - Setting next_dagrun for example_branch_datetime_operator_3 to 2024-09-18 00:00:00+00:00, run_after=2024-09-19 00:00:00+00:00
[2024-09-19T06:15:28.473+0000] {processor.py:208} INFO - Processing /Users/omer/anaconda3/lib/python3.11/site-packages/airflow/example_dags/example_branch_datetime_operator.py took 0.044 seconds
[2024-09-19T06:18:05.054+0000] {processor.py:186} INFO - Started process (PID=25931) to work on /Users/omer/anaconda3/lib/python3.11/site-packages/airflow/example_dags/example_branch_datetime_operator.py
[2024-09-19T06:18:05.055+0000] {processor.py:914} INFO - Processing file /Users/omer/anaconda3/lib/python3.11/site-packages/airflow/example_dags/example_branch_datetime_operator.py for tasks to queue
[2024-09-19T06:18:05.055+0000] {logging_mixin.py:190} INFO - [2024-09-19T06:18:05.055+0000] {dagbag.py:587} INFO - Filling up the DagBag from /Users/omer/anaconda3/lib/python3.11/site-packages/airflow/example_dags/example_branch_datetime_operator.py
[2024-09-19T06:18:05.059+0000] {processor.py:925} INFO - DAG(s) 'example_branch_datetime_operator', 'example_branch_datetime_operator_2', 'example_branch_datetime_operator_3' retrieved from /Users/omer/anaconda3/lib/python3.11/site-packages/airflow/example_dags/example_branch_datetime_operator.py
[2024-09-19T06:18:05.086+0000] {logging_mixin.py:190} INFO - [2024-09-19T06:18:05.086+0000] {dag.py:3229} INFO - Sync 3 DAGs
[2024-09-19T06:18:05.092+0000] {logging_mixin.py:190} INFO - [2024-09-19T06:18:05.092+0000] {dag.py:4156} INFO - Setting next_dagrun for example_branch_datetime_operator to 2024-09-18 00:00:00+00:00, run_after=2024-09-19 00:00:00+00:00
[2024-09-19T06:18:05.093+0000] {logging_mixin.py:190} INFO - [2024-09-19T06:18:05.093+0000] {dag.py:4156} INFO - Setting next_dagrun for example_branch_datetime_operator_2 to 2024-09-18 00:00:00+00:00, run_after=2024-09-19 00:00:00+00:00
[2024-09-19T06:18:05.094+0000] {logging_mixin.py:190} INFO - [2024-09-19T06:18:05.094+0000] {dag.py:4156} INFO - Setting next_dagrun for example_branch_datetime_operator_3 to 2024-09-18 00:00:00+00:00, run_after=2024-09-19 00:00:00+00:00
[2024-09-19T06:18:05.098+0000] {processor.py:208} INFO - Processing /Users/omer/anaconda3/lib/python3.11/site-packages/airflow/example_dags/example_branch_datetime_operator.py took 0.045 seconds
[2024-09-19T06:22:36.105+0000] {processor.py:186} INFO - Started process (PID=26355) to work on /Users/omer/anaconda3/lib/python3.11/site-packages/airflow/example_dags/example_branch_datetime_operator.py
[2024-09-19T06:22:36.106+0000] {processor.py:914} INFO - Processing file /Users/omer/anaconda3/lib/python3.11/site-packages/airflow/example_dags/example_branch_datetime_operator.py for tasks to queue
[2024-09-19T06:22:36.106+0000] {logging_mixin.py:190} INFO - [2024-09-19T06:22:36.106+0000] {dagbag.py:587} INFO - Filling up the DagBag from /Users/omer/anaconda3/lib/python3.11/site-packages/airflow/example_dags/example_branch_datetime_operator.py
[2024-09-19T06:22:36.110+0000] {processor.py:925} INFO - DAG(s) 'example_branch_datetime_operator_3', 'example_branch_datetime_operator', 'example_branch_datetime_operator_2' retrieved from /Users/omer/anaconda3/lib/python3.11/site-packages/airflow/example_dags/example_branch_datetime_operator.py
[2024-09-19T06:22:36.137+0000] {logging_mixin.py:190} INFO - [2024-09-19T06:22:36.137+0000] {dag.py:3229} INFO - Sync 3 DAGs
[2024-09-19T06:22:36.143+0000] {logging_mixin.py:190} INFO - [2024-09-19T06:22:36.143+0000] {dag.py:4156} INFO - Setting next_dagrun for example_branch_datetime_operator to 2024-09-18 00:00:00+00:00, run_after=2024-09-19 00:00:00+00:00
[2024-09-19T06:22:36.144+0000] {logging_mixin.py:190} INFO - [2024-09-19T06:22:36.144+0000] {dag.py:4156} INFO - Setting next_dagrun for example_branch_datetime_operator_2 to 2024-09-18 00:00:00+00:00, run_after=2024-09-19 00:00:00+00:00
[2024-09-19T06:22:36.145+0000] {logging_mixin.py:190} INFO - [2024-09-19T06:22:36.144+0000] {dag.py:4156} INFO - Setting next_dagrun for example_branch_datetime_operator_3 to 2024-09-18 00:00:00+00:00, run_after=2024-09-19 00:00:00+00:00
[2024-09-19T06:22:36.149+0000] {processor.py:208} INFO - Processing /Users/omer/anaconda3/lib/python3.11/site-packages/airflow/example_dags/example_branch_datetime_operator.py took 0.045 seconds
[2024-09-19T06:24:55.224+0000] {processor.py:186} INFO - Started process (PID=26528) to work on /Users/omer/anaconda3/lib/python3.11/site-packages/airflow/example_dags/example_branch_datetime_operator.py
[2024-09-19T06:24:55.225+0000] {processor.py:914} INFO - Processing file /Users/omer/anaconda3/lib/python3.11/site-packages/airflow/example_dags/example_branch_datetime_operator.py for tasks to queue
[2024-09-19T06:24:55.226+0000] {logging_mixin.py:190} INFO - [2024-09-19T06:24:55.226+0000] {dagbag.py:587} INFO - Filling up the DagBag from /Users/omer/anaconda3/lib/python3.11/site-packages/airflow/example_dags/example_branch_datetime_operator.py
[2024-09-19T06:24:55.230+0000] {processor.py:925} INFO - DAG(s) 'example_branch_datetime_operator_3', 'example_branch_datetime_operator_2', 'example_branch_datetime_operator' retrieved from /Users/omer/anaconda3/lib/python3.11/site-packages/airflow/example_dags/example_branch_datetime_operator.py
[2024-09-19T06:24:55.258+0000] {logging_mixin.py:190} INFO - [2024-09-19T06:24:55.258+0000] {dag.py:3229} INFO - Sync 3 DAGs
[2024-09-19T06:24:55.264+0000] {logging_mixin.py:190} INFO - [2024-09-19T06:24:55.264+0000] {dag.py:4156} INFO - Setting next_dagrun for example_branch_datetime_operator to 2024-09-18 00:00:00+00:00, run_after=2024-09-19 00:00:00+00:00
[2024-09-19T06:24:55.265+0000] {logging_mixin.py:190} INFO - [2024-09-19T06:24:55.265+0000] {dag.py:4156} INFO - Setting next_dagrun for example_branch_datetime_operator_2 to 2024-09-18 00:00:00+00:00, run_after=2024-09-19 00:00:00+00:00
[2024-09-19T06:24:55.265+0000] {logging_mixin.py:190} INFO - [2024-09-19T06:24:55.265+0000] {dag.py:4156} INFO - Setting next_dagrun for example_branch_datetime_operator_3 to 2024-09-18 00:00:00+00:00, run_after=2024-09-19 00:00:00+00:00
[2024-09-19T06:24:55.270+0000] {processor.py:208} INFO - Processing /Users/omer/anaconda3/lib/python3.11/site-packages/airflow/example_dags/example_branch_datetime_operator.py took 0.046 seconds
