[2024-09-19T00:16:06.097+0000] {processor.py:186} INFO - Started process (PID=24517) to work on /Users/omer/anaconda3/lib/python3.11/site-packages/airflow/example_dags/example_inlet_event_extra.py
[2024-09-19T00:16:06.097+0000] {processor.py:914} INFO - Processing file /Users/omer/anaconda3/lib/python3.11/site-packages/airflow/example_dags/example_inlet_event_extra.py for tasks to queue
[2024-09-19T00:16:06.097+0000] {logging_mixin.py:190} INFO - [2024-09-19T00:16:06.097+0000] {dagbag.py:587} INFO - Filling up the DagBag from /Users/omer/anaconda3/lib/python3.11/site-packages/airflow/example_dags/example_inlet_event_extra.py
[2024-09-19T00:16:06.128+0000] {processor.py:925} INFO - DAG(s) 'read_dataset_event_from_classic', 'read_dataset_event' retrieved from /Users/omer/anaconda3/lib/python3.11/site-packages/airflow/example_dags/example_inlet_event_extra.py
[2024-09-19T00:16:06.154+0000] {logging_mixin.py:190} INFO - [2024-09-19T00:16:06.154+0000] {dag.py:3229} INFO - Sync 2 DAGs
[2024-09-19T00:16:06.160+0000] {logging_mixin.py:190} INFO - [2024-09-19T00:16:06.159+0000] {dag.py:4156} INFO - Setting next_dagrun for read_dataset_event to 2024-09-18 00:00:00+00:00, run_after=2024-09-19 00:00:00+00:00
[2024-09-19T00:16:06.161+0000] {logging_mixin.py:190} INFO - [2024-09-19T00:16:06.161+0000] {dag.py:4156} INFO - Setting next_dagrun for read_dataset_event_from_classic to 2024-09-18 00:00:00+00:00, run_after=2024-09-19 00:00:00+00:00
[2024-09-19T00:16:06.165+0000] {processor.py:208} INFO - Processing /Users/omer/anaconda3/lib/python3.11/site-packages/airflow/example_dags/example_inlet_event_extra.py took 0.069 seconds
[2024-09-19T01:40:56.768+0000] {processor.py:186} INFO - Started process (PID=24707) to work on /Users/omer/anaconda3/lib/python3.11/site-packages/airflow/example_dags/example_inlet_event_extra.py
[2024-09-19T01:40:56.769+0000] {processor.py:914} INFO - Processing file /Users/omer/anaconda3/lib/python3.11/site-packages/airflow/example_dags/example_inlet_event_extra.py for tasks to queue
[2024-09-19T01:40:56.769+0000] {logging_mixin.py:190} INFO - [2024-09-19T01:40:56.769+0000] {dagbag.py:587} INFO - Filling up the DagBag from /Users/omer/anaconda3/lib/python3.11/site-packages/airflow/example_dags/example_inlet_event_extra.py
[2024-09-19T01:40:56.796+0000] {processor.py:925} INFO - DAG(s) 'read_dataset_event_from_classic', 'read_dataset_event' retrieved from /Users/omer/anaconda3/lib/python3.11/site-packages/airflow/example_dags/example_inlet_event_extra.py
[2024-09-19T01:40:56.821+0000] {logging_mixin.py:190} INFO - [2024-09-19T01:40:56.821+0000] {dag.py:3229} INFO - Sync 2 DAGs
[2024-09-19T01:40:56.826+0000] {logging_mixin.py:190} INFO - [2024-09-19T01:40:56.826+0000] {dag.py:4156} INFO - Setting next_dagrun for read_dataset_event to 2024-09-18 00:00:00+00:00, run_after=2024-09-19 00:00:00+00:00
[2024-09-19T01:40:56.827+0000] {logging_mixin.py:190} INFO - [2024-09-19T01:40:56.827+0000] {dag.py:4156} INFO - Setting next_dagrun for read_dataset_event_from_classic to 2024-09-18 00:00:00+00:00, run_after=2024-09-19 00:00:00+00:00
[2024-09-19T01:40:56.832+0000] {processor.py:208} INFO - Processing /Users/omer/anaconda3/lib/python3.11/site-packages/airflow/example_dags/example_inlet_event_extra.py took 0.065 seconds
[2024-09-19T02:04:58.917+0000] {processor.py:186} INFO - Started process (PID=24830) to work on /Users/omer/anaconda3/lib/python3.11/site-packages/airflow/example_dags/example_inlet_event_extra.py
[2024-09-19T02:04:58.917+0000] {processor.py:914} INFO - Processing file /Users/omer/anaconda3/lib/python3.11/site-packages/airflow/example_dags/example_inlet_event_extra.py for tasks to queue
[2024-09-19T02:04:58.918+0000] {logging_mixin.py:190} INFO - [2024-09-19T02:04:58.917+0000] {dagbag.py:587} INFO - Filling up the DagBag from /Users/omer/anaconda3/lib/python3.11/site-packages/airflow/example_dags/example_inlet_event_extra.py
[2024-09-19T02:04:58.948+0000] {processor.py:925} INFO - DAG(s) 'read_dataset_event_from_classic', 'read_dataset_event' retrieved from /Users/omer/anaconda3/lib/python3.11/site-packages/airflow/example_dags/example_inlet_event_extra.py
[2024-09-19T02:04:58.973+0000] {logging_mixin.py:190} INFO - [2024-09-19T02:04:58.973+0000] {dag.py:3229} INFO - Sync 2 DAGs
[2024-09-19T02:04:58.978+0000] {logging_mixin.py:190} INFO - [2024-09-19T02:04:58.978+0000] {dag.py:4156} INFO - Setting next_dagrun for read_dataset_event to 2024-09-18 00:00:00+00:00, run_after=2024-09-19 00:00:00+00:00
[2024-09-19T02:04:58.979+0000] {logging_mixin.py:190} INFO - [2024-09-19T02:04:58.979+0000] {dag.py:4156} INFO - Setting next_dagrun for read_dataset_event_from_classic to 2024-09-18 00:00:00+00:00, run_after=2024-09-19 00:00:00+00:00
[2024-09-19T02:04:58.984+0000] {processor.py:208} INFO - Processing /Users/omer/anaconda3/lib/python3.11/site-packages/airflow/example_dags/example_inlet_event_extra.py took 0.068 seconds
[2024-09-19T02:43:36.613+0000] {processor.py:186} INFO - Started process (PID=24955) to work on /Users/omer/anaconda3/lib/python3.11/site-packages/airflow/example_dags/example_inlet_event_extra.py
[2024-09-19T02:43:36.614+0000] {processor.py:914} INFO - Processing file /Users/omer/anaconda3/lib/python3.11/site-packages/airflow/example_dags/example_inlet_event_extra.py for tasks to queue
[2024-09-19T02:43:36.614+0000] {logging_mixin.py:190} INFO - [2024-09-19T02:43:36.614+0000] {dagbag.py:587} INFO - Filling up the DagBag from /Users/omer/anaconda3/lib/python3.11/site-packages/airflow/example_dags/example_inlet_event_extra.py
[2024-09-19T02:43:36.647+0000] {processor.py:925} INFO - DAG(s) 'read_dataset_event_from_classic', 'read_dataset_event' retrieved from /Users/omer/anaconda3/lib/python3.11/site-packages/airflow/example_dags/example_inlet_event_extra.py
[2024-09-19T02:43:36.672+0000] {logging_mixin.py:190} INFO - [2024-09-19T02:43:36.672+0000] {dag.py:3229} INFO - Sync 2 DAGs
[2024-09-19T02:43:36.678+0000] {logging_mixin.py:190} INFO - [2024-09-19T02:43:36.678+0000] {dag.py:4156} INFO - Setting next_dagrun for read_dataset_event to 2024-09-18 00:00:00+00:00, run_after=2024-09-19 00:00:00+00:00
[2024-09-19T02:43:36.679+0000] {logging_mixin.py:190} INFO - [2024-09-19T02:43:36.679+0000] {dag.py:4156} INFO - Setting next_dagrun for read_dataset_event_from_classic to 2024-09-18 00:00:00+00:00, run_after=2024-09-19 00:00:00+00:00
[2024-09-19T02:43:36.684+0000] {processor.py:208} INFO - Processing /Users/omer/anaconda3/lib/python3.11/site-packages/airflow/example_dags/example_inlet_event_extra.py took 0.072 seconds
[2024-09-19T03:21:03.566+0000] {processor.py:186} INFO - Started process (PID=25060) to work on /Users/omer/anaconda3/lib/python3.11/site-packages/airflow/example_dags/example_inlet_event_extra.py
[2024-09-19T03:21:03.567+0000] {processor.py:914} INFO - Processing file /Users/omer/anaconda3/lib/python3.11/site-packages/airflow/example_dags/example_inlet_event_extra.py for tasks to queue
[2024-09-19T03:21:03.567+0000] {logging_mixin.py:190} INFO - [2024-09-19T03:21:03.567+0000] {dagbag.py:587} INFO - Filling up the DagBag from /Users/omer/anaconda3/lib/python3.11/site-packages/airflow/example_dags/example_inlet_event_extra.py
[2024-09-19T03:21:03.598+0000] {processor.py:925} INFO - DAG(s) 'read_dataset_event', 'read_dataset_event_from_classic' retrieved from /Users/omer/anaconda3/lib/python3.11/site-packages/airflow/example_dags/example_inlet_event_extra.py
[2024-09-19T03:21:03.622+0000] {logging_mixin.py:190} INFO - [2024-09-19T03:21:03.622+0000] {dag.py:3229} INFO - Sync 2 DAGs
[2024-09-19T03:21:03.628+0000] {logging_mixin.py:190} INFO - [2024-09-19T03:21:03.628+0000] {dag.py:4156} INFO - Setting next_dagrun for read_dataset_event to 2024-09-18 00:00:00+00:00, run_after=2024-09-19 00:00:00+00:00
[2024-09-19T03:21:03.629+0000] {logging_mixin.py:190} INFO - [2024-09-19T03:21:03.629+0000] {dag.py:4156} INFO - Setting next_dagrun for read_dataset_event_from_classic to 2024-09-18 00:00:00+00:00, run_after=2024-09-19 00:00:00+00:00
[2024-09-19T03:21:03.633+0000] {processor.py:208} INFO - Processing /Users/omer/anaconda3/lib/python3.11/site-packages/airflow/example_dags/example_inlet_event_extra.py took 0.068 seconds
[2024-09-19T04:00:14.406+0000] {processor.py:186} INFO - Started process (PID=25225) to work on /Users/omer/anaconda3/lib/python3.11/site-packages/airflow/example_dags/example_inlet_event_extra.py
[2024-09-19T04:00:14.407+0000] {processor.py:914} INFO - Processing file /Users/omer/anaconda3/lib/python3.11/site-packages/airflow/example_dags/example_inlet_event_extra.py for tasks to queue
[2024-09-19T04:00:14.407+0000] {logging_mixin.py:190} INFO - [2024-09-19T04:00:14.407+0000] {dagbag.py:587} INFO - Filling up the DagBag from /Users/omer/anaconda3/lib/python3.11/site-packages/airflow/example_dags/example_inlet_event_extra.py
[2024-09-19T04:00:14.447+0000] {processor.py:925} INFO - DAG(s) 'read_dataset_event', 'read_dataset_event_from_classic' retrieved from /Users/omer/anaconda3/lib/python3.11/site-packages/airflow/example_dags/example_inlet_event_extra.py
[2024-09-19T04:00:14.472+0000] {logging_mixin.py:190} INFO - [2024-09-19T04:00:14.472+0000] {dag.py:3229} INFO - Sync 2 DAGs
[2024-09-19T04:00:14.477+0000] {logging_mixin.py:190} INFO - [2024-09-19T04:00:14.477+0000] {dag.py:4156} INFO - Setting next_dagrun for read_dataset_event to 2024-09-18 00:00:00+00:00, run_after=2024-09-19 00:00:00+00:00
[2024-09-19T04:00:14.478+0000] {logging_mixin.py:190} INFO - [2024-09-19T04:00:14.478+0000] {dag.py:4156} INFO - Setting next_dagrun for read_dataset_event_from_classic to 2024-09-18 00:00:00+00:00, run_after=2024-09-19 00:00:00+00:00
[2024-09-19T04:00:14.483+0000] {processor.py:208} INFO - Processing /Users/omer/anaconda3/lib/python3.11/site-packages/airflow/example_dags/example_inlet_event_extra.py took 0.078 seconds
[2024-09-19T04:23:34.346+0000] {processor.py:186} INFO - Started process (PID=25334) to work on /Users/omer/anaconda3/lib/python3.11/site-packages/airflow/example_dags/example_inlet_event_extra.py
[2024-09-19T04:23:34.347+0000] {processor.py:914} INFO - Processing file /Users/omer/anaconda3/lib/python3.11/site-packages/airflow/example_dags/example_inlet_event_extra.py for tasks to queue
[2024-09-19T04:23:34.347+0000] {logging_mixin.py:190} INFO - [2024-09-19T04:23:34.347+0000] {dagbag.py:587} INFO - Filling up the DagBag from /Users/omer/anaconda3/lib/python3.11/site-packages/airflow/example_dags/example_inlet_event_extra.py
[2024-09-19T04:23:34.373+0000] {processor.py:925} INFO - DAG(s) 'read_dataset_event', 'read_dataset_event_from_classic' retrieved from /Users/omer/anaconda3/lib/python3.11/site-packages/airflow/example_dags/example_inlet_event_extra.py
[2024-09-19T04:23:34.398+0000] {logging_mixin.py:190} INFO - [2024-09-19T04:23:34.398+0000] {dag.py:3229} INFO - Sync 2 DAGs
[2024-09-19T04:23:34.403+0000] {logging_mixin.py:190} INFO - [2024-09-19T04:23:34.403+0000] {dag.py:4156} INFO - Setting next_dagrun for read_dataset_event to 2024-09-18 00:00:00+00:00, run_after=2024-09-19 00:00:00+00:00
[2024-09-19T04:23:34.404+0000] {logging_mixin.py:190} INFO - [2024-09-19T04:23:34.404+0000] {dag.py:4156} INFO - Setting next_dagrun for read_dataset_event_from_classic to 2024-09-18 00:00:00+00:00, run_after=2024-09-19 00:00:00+00:00
[2024-09-19T04:23:34.409+0000] {processor.py:208} INFO - Processing /Users/omer/anaconda3/lib/python3.11/site-packages/airflow/example_dags/example_inlet_event_extra.py took 0.063 seconds
[2024-09-19T04:59:34.329+0000] {processor.py:186} INFO - Started process (PID=25461) to work on /Users/omer/anaconda3/lib/python3.11/site-packages/airflow/example_dags/example_inlet_event_extra.py
[2024-09-19T04:59:34.329+0000] {processor.py:914} INFO - Processing file /Users/omer/anaconda3/lib/python3.11/site-packages/airflow/example_dags/example_inlet_event_extra.py for tasks to queue
[2024-09-19T04:59:34.329+0000] {logging_mixin.py:190} INFO - [2024-09-19T04:59:34.329+0000] {dagbag.py:587} INFO - Filling up the DagBag from /Users/omer/anaconda3/lib/python3.11/site-packages/airflow/example_dags/example_inlet_event_extra.py
[2024-09-19T04:59:34.361+0000] {processor.py:925} INFO - DAG(s) 'read_dataset_event_from_classic', 'read_dataset_event' retrieved from /Users/omer/anaconda3/lib/python3.11/site-packages/airflow/example_dags/example_inlet_event_extra.py
[2024-09-19T04:59:34.386+0000] {logging_mixin.py:190} INFO - [2024-09-19T04:59:34.386+0000] {dag.py:3229} INFO - Sync 2 DAGs
[2024-09-19T04:59:34.392+0000] {logging_mixin.py:190} INFO - [2024-09-19T04:59:34.392+0000] {dag.py:4156} INFO - Setting next_dagrun for read_dataset_event to 2024-09-18 00:00:00+00:00, run_after=2024-09-19 00:00:00+00:00
[2024-09-19T04:59:34.393+0000] {logging_mixin.py:190} INFO - [2024-09-19T04:59:34.393+0000] {dag.py:4156} INFO - Setting next_dagrun for read_dataset_event_from_classic to 2024-09-18 00:00:00+00:00, run_after=2024-09-19 00:00:00+00:00
[2024-09-19T04:59:34.398+0000] {processor.py:208} INFO - Processing /Users/omer/anaconda3/lib/python3.11/site-packages/airflow/example_dags/example_inlet_event_extra.py took 0.070 seconds
[2024-09-19T05:40:43.663+0000] {processor.py:186} INFO - Started process (PID=25574) to work on /Users/omer/anaconda3/lib/python3.11/site-packages/airflow/example_dags/example_inlet_event_extra.py
[2024-09-19T05:40:43.664+0000] {processor.py:914} INFO - Processing file /Users/omer/anaconda3/lib/python3.11/site-packages/airflow/example_dags/example_inlet_event_extra.py for tasks to queue
[2024-09-19T05:40:43.664+0000] {logging_mixin.py:190} INFO - [2024-09-19T05:40:43.664+0000] {dagbag.py:587} INFO - Filling up the DagBag from /Users/omer/anaconda3/lib/python3.11/site-packages/airflow/example_dags/example_inlet_event_extra.py
[2024-09-19T05:40:43.699+0000] {processor.py:925} INFO - DAG(s) 'read_dataset_event_from_classic', 'read_dataset_event' retrieved from /Users/omer/anaconda3/lib/python3.11/site-packages/airflow/example_dags/example_inlet_event_extra.py
[2024-09-19T05:40:43.726+0000] {logging_mixin.py:190} INFO - [2024-09-19T05:40:43.726+0000] {dag.py:3229} INFO - Sync 2 DAGs
[2024-09-19T05:40:43.732+0000] {logging_mixin.py:190} INFO - [2024-09-19T05:40:43.731+0000] {dag.py:4156} INFO - Setting next_dagrun for read_dataset_event to 2024-09-18 00:00:00+00:00, run_after=2024-09-19 00:00:00+00:00
[2024-09-19T05:40:43.733+0000] {logging_mixin.py:190} INFO - [2024-09-19T05:40:43.733+0000] {dag.py:4156} INFO - Setting next_dagrun for read_dataset_event_from_classic to 2024-09-18 00:00:00+00:00, run_after=2024-09-19 00:00:00+00:00
[2024-09-19T05:40:43.737+0000] {processor.py:208} INFO - Processing /Users/omer/anaconda3/lib/python3.11/site-packages/airflow/example_dags/example_inlet_event_extra.py took 0.075 seconds
[2024-09-19T06:15:15.462+0000] {processor.py:186} INFO - Started process (PID=25712) to work on /Users/omer/anaconda3/lib/python3.11/site-packages/airflow/example_dags/example_inlet_event_extra.py
[2024-09-19T06:15:15.463+0000] {processor.py:914} INFO - Processing file /Users/omer/anaconda3/lib/python3.11/site-packages/airflow/example_dags/example_inlet_event_extra.py for tasks to queue
[2024-09-19T06:15:15.463+0000] {logging_mixin.py:190} INFO - [2024-09-19T06:15:15.463+0000] {dagbag.py:587} INFO - Filling up the DagBag from /Users/omer/anaconda3/lib/python3.11/site-packages/airflow/example_dags/example_inlet_event_extra.py
[2024-09-19T06:15:15.495+0000] {processor.py:925} INFO - DAG(s) 'read_dataset_event', 'read_dataset_event_from_classic' retrieved from /Users/omer/anaconda3/lib/python3.11/site-packages/airflow/example_dags/example_inlet_event_extra.py
[2024-09-19T06:15:15.520+0000] {logging_mixin.py:190} INFO - [2024-09-19T06:15:15.520+0000] {dag.py:3229} INFO - Sync 2 DAGs
[2024-09-19T06:15:15.525+0000] {logging_mixin.py:190} INFO - [2024-09-19T06:15:15.525+0000] {dag.py:4156} INFO - Setting next_dagrun for read_dataset_event to 2024-09-18 00:00:00+00:00, run_after=2024-09-19 00:00:00+00:00
[2024-09-19T06:15:15.526+0000] {logging_mixin.py:190} INFO - [2024-09-19T06:15:15.526+0000] {dag.py:4156} INFO - Setting next_dagrun for read_dataset_event_from_classic to 2024-09-18 00:00:00+00:00, run_after=2024-09-19 00:00:00+00:00
[2024-09-19T06:15:15.531+0000] {processor.py:208} INFO - Processing /Users/omer/anaconda3/lib/python3.11/site-packages/airflow/example_dags/example_inlet_event_extra.py took 0.069 seconds
[2024-09-19T06:17:52.578+0000] {processor.py:186} INFO - Started process (PID=25911) to work on /Users/omer/anaconda3/lib/python3.11/site-packages/airflow/example_dags/example_inlet_event_extra.py
[2024-09-19T06:17:52.579+0000] {processor.py:914} INFO - Processing file /Users/omer/anaconda3/lib/python3.11/site-packages/airflow/example_dags/example_inlet_event_extra.py for tasks to queue
[2024-09-19T06:17:52.579+0000] {logging_mixin.py:190} INFO - [2024-09-19T06:17:52.579+0000] {dagbag.py:587} INFO - Filling up the DagBag from /Users/omer/anaconda3/lib/python3.11/site-packages/airflow/example_dags/example_inlet_event_extra.py
[2024-09-19T06:17:52.611+0000] {processor.py:925} INFO - DAG(s) 'read_dataset_event', 'read_dataset_event_from_classic' retrieved from /Users/omer/anaconda3/lib/python3.11/site-packages/airflow/example_dags/example_inlet_event_extra.py
[2024-09-19T06:17:52.637+0000] {logging_mixin.py:190} INFO - [2024-09-19T06:17:52.637+0000] {dag.py:3229} INFO - Sync 2 DAGs
[2024-09-19T06:17:52.642+0000] {logging_mixin.py:190} INFO - [2024-09-19T06:17:52.642+0000] {dag.py:4156} INFO - Setting next_dagrun for read_dataset_event to 2024-09-18 00:00:00+00:00, run_after=2024-09-19 00:00:00+00:00
[2024-09-19T06:17:52.643+0000] {logging_mixin.py:190} INFO - [2024-09-19T06:17:52.643+0000] {dag.py:4156} INFO - Setting next_dagrun for read_dataset_event_from_classic to 2024-09-18 00:00:00+00:00, run_after=2024-09-19 00:00:00+00:00
[2024-09-19T06:17:52.648+0000] {processor.py:208} INFO - Processing /Users/omer/anaconda3/lib/python3.11/site-packages/airflow/example_dags/example_inlet_event_extra.py took 0.071 seconds
[2024-09-19T06:22:10.747+0000] {processor.py:186} INFO - Started process (PID=26326) to work on /Users/omer/anaconda3/lib/python3.11/site-packages/airflow/example_dags/example_inlet_event_extra.py
[2024-09-19T06:22:10.748+0000] {processor.py:914} INFO - Processing file /Users/omer/anaconda3/lib/python3.11/site-packages/airflow/example_dags/example_inlet_event_extra.py for tasks to queue
[2024-09-19T06:22:10.748+0000] {logging_mixin.py:190} INFO - [2024-09-19T06:22:10.748+0000] {dagbag.py:587} INFO - Filling up the DagBag from /Users/omer/anaconda3/lib/python3.11/site-packages/airflow/example_dags/example_inlet_event_extra.py
[2024-09-19T06:22:10.780+0000] {processor.py:925} INFO - DAG(s) 'read_dataset_event', 'read_dataset_event_from_classic' retrieved from /Users/omer/anaconda3/lib/python3.11/site-packages/airflow/example_dags/example_inlet_event_extra.py
[2024-09-19T06:22:10.807+0000] {logging_mixin.py:190} INFO - [2024-09-19T06:22:10.807+0000] {dag.py:3229} INFO - Sync 2 DAGs
[2024-09-19T06:22:10.813+0000] {logging_mixin.py:190} INFO - [2024-09-19T06:22:10.813+0000] {dag.py:4156} INFO - Setting next_dagrun for read_dataset_event to 2024-09-18 00:00:00+00:00, run_after=2024-09-19 00:00:00+00:00
[2024-09-19T06:22:10.814+0000] {logging_mixin.py:190} INFO - [2024-09-19T06:22:10.814+0000] {dag.py:4156} INFO - Setting next_dagrun for read_dataset_event_from_classic to 2024-09-18 00:00:00+00:00, run_after=2024-09-19 00:00:00+00:00
[2024-09-19T06:22:10.819+0000] {processor.py:208} INFO - Processing /Users/omer/anaconda3/lib/python3.11/site-packages/airflow/example_dags/example_inlet_event_extra.py took 0.072 seconds
[2024-09-19T06:23:51.560+0000] {processor.py:186} INFO - Started process (PID=26433) to work on /Users/omer/anaconda3/lib/python3.11/site-packages/airflow/example_dags/example_inlet_event_extra.py
[2024-09-19T06:23:51.561+0000] {processor.py:914} INFO - Processing file /Users/omer/anaconda3/lib/python3.11/site-packages/airflow/example_dags/example_inlet_event_extra.py for tasks to queue
[2024-09-19T06:23:51.562+0000] {logging_mixin.py:190} INFO - [2024-09-19T06:23:51.561+0000] {dagbag.py:587} INFO - Filling up the DagBag from /Users/omer/anaconda3/lib/python3.11/site-packages/airflow/example_dags/example_inlet_event_extra.py
[2024-09-19T06:23:51.589+0000] {processor.py:925} INFO - DAG(s) 'read_dataset_event', 'read_dataset_event_from_classic' retrieved from /Users/omer/anaconda3/lib/python3.11/site-packages/airflow/example_dags/example_inlet_event_extra.py
[2024-09-19T06:23:51.617+0000] {logging_mixin.py:190} INFO - [2024-09-19T06:23:51.616+0000] {dag.py:3229} INFO - Sync 2 DAGs
[2024-09-19T06:23:51.622+0000] {logging_mixin.py:190} INFO - [2024-09-19T06:23:51.622+0000] {dag.py:4156} INFO - Setting next_dagrun for read_dataset_event to 2024-09-18 00:00:00+00:00, run_after=2024-09-19 00:00:00+00:00
[2024-09-19T06:23:51.623+0000] {logging_mixin.py:190} INFO - [2024-09-19T06:23:51.623+0000] {dag.py:4156} INFO - Setting next_dagrun for read_dataset_event_from_classic to 2024-09-18 00:00:00+00:00, run_after=2024-09-19 00:00:00+00:00
[2024-09-19T06:23:51.628+0000] {processor.py:208} INFO - Processing /Users/omer/anaconda3/lib/python3.11/site-packages/airflow/example_dags/example_inlet_event_extra.py took 0.068 seconds
[2024-09-19T06:26:08.854+0000] {processor.py:186} INFO - Started process (PID=26649) to work on /Users/omer/anaconda3/lib/python3.11/site-packages/airflow/example_dags/example_inlet_event_extra.py
[2024-09-19T06:26:08.855+0000] {processor.py:914} INFO - Processing file /Users/omer/anaconda3/lib/python3.11/site-packages/airflow/example_dags/example_inlet_event_extra.py for tasks to queue
[2024-09-19T06:26:08.855+0000] {logging_mixin.py:190} INFO - [2024-09-19T06:26:08.855+0000] {dagbag.py:587} INFO - Filling up the DagBag from /Users/omer/anaconda3/lib/python3.11/site-packages/airflow/example_dags/example_inlet_event_extra.py
[2024-09-19T06:26:08.887+0000] {processor.py:925} INFO - DAG(s) 'read_dataset_event', 'read_dataset_event_from_classic' retrieved from /Users/omer/anaconda3/lib/python3.11/site-packages/airflow/example_dags/example_inlet_event_extra.py
[2024-09-19T06:26:08.913+0000] {logging_mixin.py:190} INFO - [2024-09-19T06:26:08.913+0000] {dag.py:3229} INFO - Sync 2 DAGs
[2024-09-19T06:26:08.919+0000] {logging_mixin.py:190} INFO - [2024-09-19T06:26:08.919+0000] {dag.py:4156} INFO - Setting next_dagrun for read_dataset_event to 2024-09-18 00:00:00+00:00, run_after=2024-09-19 00:00:00+00:00
[2024-09-19T06:26:08.920+0000] {logging_mixin.py:190} INFO - [2024-09-19T06:26:08.920+0000] {dag.py:4156} INFO - Setting next_dagrun for read_dataset_event_from_classic to 2024-09-18 00:00:00+00:00, run_after=2024-09-19 00:00:00+00:00
[2024-09-19T06:26:08.925+0000] {processor.py:208} INFO - Processing /Users/omer/anaconda3/lib/python3.11/site-packages/airflow/example_dags/example_inlet_event_extra.py took 0.072 seconds
