[2024-09-19T00:13:56.704+0000] {processor.py:186} INFO - Started process (PID=24476) to work on /Users/omer/anaconda3/lib/python3.11/site-packages/airflow/example_dags/example_short_circuit_operator.py
[2024-09-19T00:13:56.704+0000] {processor.py:914} INFO - Processing file /Users/omer/anaconda3/lib/python3.11/site-packages/airflow/example_dags/example_short_circuit_operator.py for tasks to queue
[2024-09-19T00:13:56.705+0000] {logging_mixin.py:190} INFO - [2024-09-19T00:13:56.704+0000] {dagbag.py:587} INFO - Filling up the DagBag from /Users/omer/anaconda3/lib/python3.11/site-packages/airflow/example_dags/example_short_circuit_operator.py
[2024-09-19T00:13:56.713+0000] {processor.py:925} INFO - DAG(s) 'example_short_circuit_operator' retrieved from /Users/omer/anaconda3/lib/python3.11/site-packages/airflow/example_dags/example_short_circuit_operator.py
[2024-09-19T00:13:56.738+0000] {logging_mixin.py:190} INFO - [2024-09-19T00:13:56.738+0000] {dag.py:3229} INFO - Sync 1 DAGs
[2024-09-19T00:13:56.741+0000] {logging_mixin.py:190} INFO - [2024-09-19T00:13:56.741+0000] {dag.py:4156} INFO - Setting next_dagrun for example_short_circuit_operator to None, run_after=None
[2024-09-19T00:13:56.746+0000] {processor.py:208} INFO - Processing /Users/omer/anaconda3/lib/python3.11/site-packages/airflow/example_dags/example_short_circuit_operator.py took 0.043 seconds
[2024-09-19T00:34:18.592+0000] {processor.py:186} INFO - Started process (PID=24568) to work on /Users/omer/anaconda3/lib/python3.11/site-packages/airflow/example_dags/example_short_circuit_operator.py
[2024-09-19T00:34:18.593+0000] {processor.py:914} INFO - Processing file /Users/omer/anaconda3/lib/python3.11/site-packages/airflow/example_dags/example_short_circuit_operator.py for tasks to queue
[2024-09-19T00:34:18.593+0000] {logging_mixin.py:190} INFO - [2024-09-19T00:34:18.593+0000] {dagbag.py:587} INFO - Filling up the DagBag from /Users/omer/anaconda3/lib/python3.11/site-packages/airflow/example_dags/example_short_circuit_operator.py
[2024-09-19T00:34:18.601+0000] {processor.py:925} INFO - DAG(s) 'example_short_circuit_operator' retrieved from /Users/omer/anaconda3/lib/python3.11/site-packages/airflow/example_dags/example_short_circuit_operator.py
[2024-09-19T00:34:18.626+0000] {logging_mixin.py:190} INFO - [2024-09-19T00:34:18.626+0000] {dag.py:3229} INFO - Sync 1 DAGs
[2024-09-19T00:34:18.629+0000] {logging_mixin.py:190} INFO - [2024-09-19T00:34:18.629+0000] {dag.py:4156} INFO - Setting next_dagrun for example_short_circuit_operator to None, run_after=None
[2024-09-19T00:34:18.634+0000] {processor.py:208} INFO - Processing /Users/omer/anaconda3/lib/python3.11/site-packages/airflow/example_dags/example_short_circuit_operator.py took 0.043 seconds
[2024-09-19T01:27:48.558+0000] {processor.py:186} INFO - Started process (PID=24679) to work on /Users/omer/anaconda3/lib/python3.11/site-packages/airflow/example_dags/example_short_circuit_operator.py
[2024-09-19T01:27:48.559+0000] {processor.py:914} INFO - Processing file /Users/omer/anaconda3/lib/python3.11/site-packages/airflow/example_dags/example_short_circuit_operator.py for tasks to queue
[2024-09-19T01:27:48.559+0000] {logging_mixin.py:190} INFO - [2024-09-19T01:27:48.559+0000] {dagbag.py:587} INFO - Filling up the DagBag from /Users/omer/anaconda3/lib/python3.11/site-packages/airflow/example_dags/example_short_circuit_operator.py
[2024-09-19T01:27:48.567+0000] {processor.py:925} INFO - DAG(s) 'example_short_circuit_operator' retrieved from /Users/omer/anaconda3/lib/python3.11/site-packages/airflow/example_dags/example_short_circuit_operator.py
[2024-09-19T01:27:48.593+0000] {logging_mixin.py:190} INFO - [2024-09-19T01:27:48.592+0000] {dag.py:3229} INFO - Sync 1 DAGs
[2024-09-19T01:27:48.595+0000] {logging_mixin.py:190} INFO - [2024-09-19T01:27:48.595+0000] {dag.py:4156} INFO - Setting next_dagrun for example_short_circuit_operator to None, run_after=None
[2024-09-19T01:27:48.600+0000] {processor.py:208} INFO - Processing /Users/omer/anaconda3/lib/python3.11/site-packages/airflow/example_dags/example_short_circuit_operator.py took 0.043 seconds
[2024-09-19T02:02:48.015+0000] {processor.py:186} INFO - Started process (PID=24797) to work on /Users/omer/anaconda3/lib/python3.11/site-packages/airflow/example_dags/example_short_circuit_operator.py
[2024-09-19T02:02:48.016+0000] {processor.py:914} INFO - Processing file /Users/omer/anaconda3/lib/python3.11/site-packages/airflow/example_dags/example_short_circuit_operator.py for tasks to queue
[2024-09-19T02:02:48.017+0000] {logging_mixin.py:190} INFO - [2024-09-19T02:02:48.016+0000] {dagbag.py:587} INFO - Filling up the DagBag from /Users/omer/anaconda3/lib/python3.11/site-packages/airflow/example_dags/example_short_circuit_operator.py
[2024-09-19T02:02:48.024+0000] {processor.py:925} INFO - DAG(s) 'example_short_circuit_operator' retrieved from /Users/omer/anaconda3/lib/python3.11/site-packages/airflow/example_dags/example_short_circuit_operator.py
[2024-09-19T02:02:48.049+0000] {logging_mixin.py:190} INFO - [2024-09-19T02:02:48.049+0000] {dag.py:3229} INFO - Sync 1 DAGs
[2024-09-19T02:02:48.052+0000] {logging_mixin.py:190} INFO - [2024-09-19T02:02:48.052+0000] {dag.py:4156} INFO - Setting next_dagrun for example_short_circuit_operator to None, run_after=None
[2024-09-19T02:02:48.057+0000] {processor.py:208} INFO - Processing /Users/omer/anaconda3/lib/python3.11/site-packages/airflow/example_dags/example_short_circuit_operator.py took 0.042 seconds
[2024-09-19T02:25:34.881+0000] {processor.py:186} INFO - Started process (PID=24913) to work on /Users/omer/anaconda3/lib/python3.11/site-packages/airflow/example_dags/example_short_circuit_operator.py
[2024-09-19T02:25:34.881+0000] {processor.py:914} INFO - Processing file /Users/omer/anaconda3/lib/python3.11/site-packages/airflow/example_dags/example_short_circuit_operator.py for tasks to queue
[2024-09-19T02:25:34.882+0000] {logging_mixin.py:190} INFO - [2024-09-19T02:25:34.882+0000] {dagbag.py:587} INFO - Filling up the DagBag from /Users/omer/anaconda3/lib/python3.11/site-packages/airflow/example_dags/example_short_circuit_operator.py
[2024-09-19T02:25:34.891+0000] {processor.py:925} INFO - DAG(s) 'example_short_circuit_operator' retrieved from /Users/omer/anaconda3/lib/python3.11/site-packages/airflow/example_dags/example_short_circuit_operator.py
[2024-09-19T02:25:34.918+0000] {logging_mixin.py:190} INFO - [2024-09-19T02:25:34.918+0000] {dag.py:3229} INFO - Sync 1 DAGs
[2024-09-19T02:25:34.921+0000] {logging_mixin.py:190} INFO - [2024-09-19T02:25:34.920+0000] {dag.py:4156} INFO - Setting next_dagrun for example_short_circuit_operator to None, run_after=None
[2024-09-19T02:25:34.926+0000] {processor.py:208} INFO - Processing /Users/omer/anaconda3/lib/python3.11/site-packages/airflow/example_dags/example_short_circuit_operator.py took 0.046 seconds
[2024-09-19T03:04:41.281+0000] {processor.py:186} INFO - Started process (PID=25026) to work on /Users/omer/anaconda3/lib/python3.11/site-packages/airflow/example_dags/example_short_circuit_operator.py
[2024-09-19T03:04:41.282+0000] {processor.py:914} INFO - Processing file /Users/omer/anaconda3/lib/python3.11/site-packages/airflow/example_dags/example_short_circuit_operator.py for tasks to queue
[2024-09-19T03:04:41.283+0000] {logging_mixin.py:190} INFO - [2024-09-19T03:04:41.282+0000] {dagbag.py:587} INFO - Filling up the DagBag from /Users/omer/anaconda3/lib/python3.11/site-packages/airflow/example_dags/example_short_circuit_operator.py
[2024-09-19T03:04:41.290+0000] {processor.py:925} INFO - DAG(s) 'example_short_circuit_operator' retrieved from /Users/omer/anaconda3/lib/python3.11/site-packages/airflow/example_dags/example_short_circuit_operator.py
[2024-09-19T03:04:41.315+0000] {logging_mixin.py:190} INFO - [2024-09-19T03:04:41.315+0000] {dag.py:3229} INFO - Sync 1 DAGs
[2024-09-19T03:04:41.318+0000] {logging_mixin.py:190} INFO - [2024-09-19T03:04:41.318+0000] {dag.py:4156} INFO - Setting next_dagrun for example_short_circuit_operator to None, run_after=None
[2024-09-19T03:04:41.323+0000] {processor.py:208} INFO - Processing /Users/omer/anaconda3/lib/python3.11/site-packages/airflow/example_dags/example_short_circuit_operator.py took 0.043 seconds
[2024-09-19T03:41:59.697+0000] {processor.py:186} INFO - Started process (PID=25177) to work on /Users/omer/anaconda3/lib/python3.11/site-packages/airflow/example_dags/example_short_circuit_operator.py
[2024-09-19T03:41:59.698+0000] {processor.py:914} INFO - Processing file /Users/omer/anaconda3/lib/python3.11/site-packages/airflow/example_dags/example_short_circuit_operator.py for tasks to queue
[2024-09-19T03:41:59.698+0000] {logging_mixin.py:190} INFO - [2024-09-19T03:41:59.698+0000] {dagbag.py:587} INFO - Filling up the DagBag from /Users/omer/anaconda3/lib/python3.11/site-packages/airflow/example_dags/example_short_circuit_operator.py
[2024-09-19T03:41:59.706+0000] {processor.py:925} INFO - DAG(s) 'example_short_circuit_operator' retrieved from /Users/omer/anaconda3/lib/python3.11/site-packages/airflow/example_dags/example_short_circuit_operator.py
[2024-09-19T03:41:59.731+0000] {logging_mixin.py:190} INFO - [2024-09-19T03:41:59.731+0000] {dag.py:3229} INFO - Sync 1 DAGs
[2024-09-19T03:41:59.734+0000] {logging_mixin.py:190} INFO - [2024-09-19T03:41:59.734+0000] {dag.py:4156} INFO - Setting next_dagrun for example_short_circuit_operator to None, run_after=None
[2024-09-19T03:41:59.739+0000] {processor.py:208} INFO - Processing /Users/omer/anaconda3/lib/python3.11/site-packages/airflow/example_dags/example_short_circuit_operator.py took 0.043 seconds
[2024-09-19T04:21:23.530+0000] {processor.py:186} INFO - Started process (PID=25300) to work on /Users/omer/anaconda3/lib/python3.11/site-packages/airflow/example_dags/example_short_circuit_operator.py
[2024-09-19T04:21:23.530+0000] {processor.py:914} INFO - Processing file /Users/omer/anaconda3/lib/python3.11/site-packages/airflow/example_dags/example_short_circuit_operator.py for tasks to queue
[2024-09-19T04:21:23.531+0000] {logging_mixin.py:190} INFO - [2024-09-19T04:21:23.531+0000] {dagbag.py:587} INFO - Filling up the DagBag from /Users/omer/anaconda3/lib/python3.11/site-packages/airflow/example_dags/example_short_circuit_operator.py
[2024-09-19T04:21:23.539+0000] {processor.py:925} INFO - DAG(s) 'example_short_circuit_operator' retrieved from /Users/omer/anaconda3/lib/python3.11/site-packages/airflow/example_dags/example_short_circuit_operator.py
[2024-09-19T04:21:23.566+0000] {logging_mixin.py:190} INFO - [2024-09-19T04:21:23.566+0000] {dag.py:3229} INFO - Sync 1 DAGs
[2024-09-19T04:21:23.569+0000] {logging_mixin.py:190} INFO - [2024-09-19T04:21:23.569+0000] {dag.py:4156} INFO - Setting next_dagrun for example_short_circuit_operator to None, run_after=None
[2024-09-19T04:21:23.574+0000] {processor.py:208} INFO - Processing /Users/omer/anaconda3/lib/python3.11/site-packages/airflow/example_dags/example_short_circuit_operator.py took 0.045 seconds
[2024-09-19T04:58:38.962+0000] {processor.py:186} INFO - Started process (PID=25422) to work on /Users/omer/anaconda3/lib/python3.11/site-packages/airflow/example_dags/example_short_circuit_operator.py
[2024-09-19T04:58:38.962+0000] {processor.py:914} INFO - Processing file /Users/omer/anaconda3/lib/python3.11/site-packages/airflow/example_dags/example_short_circuit_operator.py for tasks to queue
[2024-09-19T04:58:38.963+0000] {logging_mixin.py:190} INFO - [2024-09-19T04:58:38.962+0000] {dagbag.py:587} INFO - Filling up the DagBag from /Users/omer/anaconda3/lib/python3.11/site-packages/airflow/example_dags/example_short_circuit_operator.py
[2024-09-19T04:58:38.970+0000] {processor.py:925} INFO - DAG(s) 'example_short_circuit_operator' retrieved from /Users/omer/anaconda3/lib/python3.11/site-packages/airflow/example_dags/example_short_circuit_operator.py
[2024-09-19T04:58:38.995+0000] {logging_mixin.py:190} INFO - [2024-09-19T04:58:38.995+0000] {dag.py:3229} INFO - Sync 1 DAGs
[2024-09-19T04:58:38.998+0000] {logging_mixin.py:190} INFO - [2024-09-19T04:58:38.998+0000] {dag.py:4156} INFO - Setting next_dagrun for example_short_circuit_operator to None, run_after=None
[2024-09-19T04:58:39.003+0000] {processor.py:208} INFO - Processing /Users/omer/anaconda3/lib/python3.11/site-packages/airflow/example_dags/example_short_circuit_operator.py took 0.042 seconds
[2024-09-19T05:21:41.201+0000] {processor.py:186} INFO - Started process (PID=25539) to work on /Users/omer/anaconda3/lib/python3.11/site-packages/airflow/example_dags/example_short_circuit_operator.py
[2024-09-19T05:21:41.203+0000] {processor.py:914} INFO - Processing file /Users/omer/anaconda3/lib/python3.11/site-packages/airflow/example_dags/example_short_circuit_operator.py for tasks to queue
[2024-09-19T05:21:41.203+0000] {logging_mixin.py:190} INFO - [2024-09-19T05:21:41.203+0000] {dagbag.py:587} INFO - Filling up the DagBag from /Users/omer/anaconda3/lib/python3.11/site-packages/airflow/example_dags/example_short_circuit_operator.py
[2024-09-19T05:21:41.211+0000] {processor.py:925} INFO - DAG(s) 'example_short_circuit_operator' retrieved from /Users/omer/anaconda3/lib/python3.11/site-packages/airflow/example_dags/example_short_circuit_operator.py
[2024-09-19T05:21:41.236+0000] {logging_mixin.py:190} INFO - [2024-09-19T05:21:41.236+0000] {dag.py:3229} INFO - Sync 1 DAGs
[2024-09-19T05:21:41.239+0000] {logging_mixin.py:190} INFO - [2024-09-19T05:21:41.239+0000] {dag.py:4156} INFO - Setting next_dagrun for example_short_circuit_operator to None, run_after=None
[2024-09-19T05:21:41.244+0000] {processor.py:208} INFO - Processing /Users/omer/anaconda3/lib/python3.11/site-packages/airflow/example_dags/example_short_circuit_operator.py took 0.044 seconds
[2024-09-19T06:00:48.547+0000] {processor.py:186} INFO - Started process (PID=25660) to work on /Users/omer/anaconda3/lib/python3.11/site-packages/airflow/example_dags/example_short_circuit_operator.py
[2024-09-19T06:00:48.548+0000] {processor.py:914} INFO - Processing file /Users/omer/anaconda3/lib/python3.11/site-packages/airflow/example_dags/example_short_circuit_operator.py for tasks to queue
[2024-09-19T06:00:48.549+0000] {logging_mixin.py:190} INFO - [2024-09-19T06:00:48.548+0000] {dagbag.py:587} INFO - Filling up the DagBag from /Users/omer/anaconda3/lib/python3.11/site-packages/airflow/example_dags/example_short_circuit_operator.py
[2024-09-19T06:00:48.556+0000] {processor.py:925} INFO - DAG(s) 'example_short_circuit_operator' retrieved from /Users/omer/anaconda3/lib/python3.11/site-packages/airflow/example_dags/example_short_circuit_operator.py
[2024-09-19T06:00:48.581+0000] {logging_mixin.py:190} INFO - [2024-09-19T06:00:48.581+0000] {dag.py:3229} INFO - Sync 1 DAGs
[2024-09-19T06:00:48.584+0000] {logging_mixin.py:190} INFO - [2024-09-19T06:00:48.584+0000] {dag.py:4156} INFO - Setting next_dagrun for example_short_circuit_operator to None, run_after=None
[2024-09-19T06:00:48.589+0000] {processor.py:208} INFO - Processing /Users/omer/anaconda3/lib/python3.11/site-packages/airflow/example_dags/example_short_circuit_operator.py took 0.043 seconds
[2024-09-19T06:16:08.407+0000] {processor.py:186} INFO - Started process (PID=25774) to work on /Users/omer/anaconda3/lib/python3.11/site-packages/airflow/example_dags/example_short_circuit_operator.py
[2024-09-19T06:16:08.407+0000] {processor.py:914} INFO - Processing file /Users/omer/anaconda3/lib/python3.11/site-packages/airflow/example_dags/example_short_circuit_operator.py for tasks to queue
[2024-09-19T06:16:08.408+0000] {logging_mixin.py:190} INFO - [2024-09-19T06:16:08.408+0000] {dagbag.py:587} INFO - Filling up the DagBag from /Users/omer/anaconda3/lib/python3.11/site-packages/airflow/example_dags/example_short_circuit_operator.py
[2024-09-19T06:16:08.415+0000] {processor.py:925} INFO - DAG(s) 'example_short_circuit_operator' retrieved from /Users/omer/anaconda3/lib/python3.11/site-packages/airflow/example_dags/example_short_circuit_operator.py
[2024-09-19T06:16:08.440+0000] {logging_mixin.py:190} INFO - [2024-09-19T06:16:08.440+0000] {dag.py:3229} INFO - Sync 1 DAGs
[2024-09-19T06:16:08.443+0000] {logging_mixin.py:190} INFO - [2024-09-19T06:16:08.443+0000] {dag.py:4156} INFO - Setting next_dagrun for example_short_circuit_operator to None, run_after=None
[2024-09-19T06:16:08.448+0000] {processor.py:208} INFO - Processing /Users/omer/anaconda3/lib/python3.11/site-packages/airflow/example_dags/example_short_circuit_operator.py took 0.042 seconds
[2024-09-19T06:17:30.682+0000] {processor.py:186} INFO - Started process (PID=25887) to work on /Users/omer/anaconda3/lib/python3.11/site-packages/airflow/example_dags/example_short_circuit_operator.py
[2024-09-19T06:17:30.683+0000] {processor.py:914} INFO - Processing file /Users/omer/anaconda3/lib/python3.11/site-packages/airflow/example_dags/example_short_circuit_operator.py for tasks to queue
[2024-09-19T06:17:30.683+0000] {logging_mixin.py:190} INFO - [2024-09-19T06:17:30.683+0000] {dagbag.py:587} INFO - Filling up the DagBag from /Users/omer/anaconda3/lib/python3.11/site-packages/airflow/example_dags/example_short_circuit_operator.py
[2024-09-19T06:17:30.691+0000] {processor.py:925} INFO - DAG(s) 'example_short_circuit_operator' retrieved from /Users/omer/anaconda3/lib/python3.11/site-packages/airflow/example_dags/example_short_circuit_operator.py
[2024-09-19T06:17:30.718+0000] {logging_mixin.py:190} INFO - [2024-09-19T06:17:30.718+0000] {dag.py:3229} INFO - Sync 1 DAGs
[2024-09-19T06:17:30.721+0000] {logging_mixin.py:190} INFO - [2024-09-19T06:17:30.720+0000] {dag.py:4156} INFO - Setting next_dagrun for example_short_circuit_operator to None, run_after=None
[2024-09-19T06:17:30.726+0000] {processor.py:208} INFO - Processing /Users/omer/anaconda3/lib/python3.11/site-packages/airflow/example_dags/example_short_circuit_operator.py took 0.045 seconds
[2024-09-19T06:18:46.556+0000] {processor.py:186} INFO - Started process (PID=25973) to work on /Users/omer/anaconda3/lib/python3.11/site-packages/airflow/example_dags/example_short_circuit_operator.py
[2024-09-19T06:18:46.556+0000] {processor.py:914} INFO - Processing file /Users/omer/anaconda3/lib/python3.11/site-packages/airflow/example_dags/example_short_circuit_operator.py for tasks to queue
[2024-09-19T06:18:46.557+0000] {logging_mixin.py:190} INFO - [2024-09-19T06:18:46.557+0000] {dagbag.py:587} INFO - Filling up the DagBag from /Users/omer/anaconda3/lib/python3.11/site-packages/airflow/example_dags/example_short_circuit_operator.py
[2024-09-19T06:18:46.566+0000] {processor.py:925} INFO - DAG(s) 'example_short_circuit_operator' retrieved from /Users/omer/anaconda3/lib/python3.11/site-packages/airflow/example_dags/example_short_circuit_operator.py
[2024-09-19T06:18:46.594+0000] {logging_mixin.py:190} INFO - [2024-09-19T06:18:46.594+0000] {dag.py:3229} INFO - Sync 1 DAGs
[2024-09-19T06:18:46.598+0000] {logging_mixin.py:190} INFO - [2024-09-19T06:18:46.597+0000] {dag.py:4156} INFO - Setting next_dagrun for example_short_circuit_operator to None, run_after=None
[2024-09-19T06:18:46.603+0000] {processor.py:208} INFO - Processing /Users/omer/anaconda3/lib/python3.11/site-packages/airflow/example_dags/example_short_circuit_operator.py took 0.048 seconds
[2024-09-19T06:19:58.004+0000] {processor.py:186} INFO - Started process (PID=26090) to work on /Users/omer/anaconda3/lib/python3.11/site-packages/airflow/example_dags/example_short_circuit_operator.py
[2024-09-19T06:19:58.006+0000] {processor.py:914} INFO - Processing file /Users/omer/anaconda3/lib/python3.11/site-packages/airflow/example_dags/example_short_circuit_operator.py for tasks to queue
[2024-09-19T06:19:58.006+0000] {logging_mixin.py:190} INFO - [2024-09-19T06:19:58.006+0000] {dagbag.py:587} INFO - Filling up the DagBag from /Users/omer/anaconda3/lib/python3.11/site-packages/airflow/example_dags/example_short_circuit_operator.py
[2024-09-19T06:19:58.014+0000] {processor.py:925} INFO - DAG(s) 'example_short_circuit_operator' retrieved from /Users/omer/anaconda3/lib/python3.11/site-packages/airflow/example_dags/example_short_circuit_operator.py
[2024-09-19T06:19:58.041+0000] {logging_mixin.py:190} INFO - [2024-09-19T06:19:58.041+0000] {dag.py:3229} INFO - Sync 1 DAGs
[2024-09-19T06:19:58.044+0000] {logging_mixin.py:190} INFO - [2024-09-19T06:19:58.044+0000] {dag.py:4156} INFO - Setting next_dagrun for example_short_circuit_operator to None, run_after=None
[2024-09-19T06:19:58.049+0000] {processor.py:208} INFO - Processing /Users/omer/anaconda3/lib/python3.11/site-packages/airflow/example_dags/example_short_circuit_operator.py took 0.046 seconds
[2024-09-19T06:21:38.275+0000] {processor.py:186} INFO - Started process (PID=26277) to work on /Users/omer/anaconda3/lib/python3.11/site-packages/airflow/example_dags/example_short_circuit_operator.py
[2024-09-19T06:21:38.276+0000] {processor.py:914} INFO - Processing file /Users/omer/anaconda3/lib/python3.11/site-packages/airflow/example_dags/example_short_circuit_operator.py for tasks to queue
[2024-09-19T06:21:38.277+0000] {logging_mixin.py:190} INFO - [2024-09-19T06:21:38.276+0000] {dagbag.py:587} INFO - Filling up the DagBag from /Users/omer/anaconda3/lib/python3.11/site-packages/airflow/example_dags/example_short_circuit_operator.py
[2024-09-19T06:21:38.285+0000] {processor.py:925} INFO - DAG(s) 'example_short_circuit_operator' retrieved from /Users/omer/anaconda3/lib/python3.11/site-packages/airflow/example_dags/example_short_circuit_operator.py
[2024-09-19T06:21:38.315+0000] {logging_mixin.py:190} INFO - [2024-09-19T06:21:38.315+0000] {dag.py:3229} INFO - Sync 1 DAGs
[2024-09-19T06:21:38.319+0000] {logging_mixin.py:190} INFO - [2024-09-19T06:21:38.319+0000] {dag.py:4156} INFO - Setting next_dagrun for example_short_circuit_operator to None, run_after=None
[2024-09-19T06:21:38.324+0000] {processor.py:208} INFO - Processing /Users/omer/anaconda3/lib/python3.11/site-packages/airflow/example_dags/example_short_circuit_operator.py took 0.050 seconds
[2024-09-19T06:23:20.733+0000] {processor.py:186} INFO - Started process (PID=26400) to work on /Users/omer/anaconda3/lib/python3.11/site-packages/airflow/example_dags/example_short_circuit_operator.py
[2024-09-19T06:23:20.734+0000] {processor.py:914} INFO - Processing file /Users/omer/anaconda3/lib/python3.11/site-packages/airflow/example_dags/example_short_circuit_operator.py for tasks to queue
[2024-09-19T06:23:20.734+0000] {logging_mixin.py:190} INFO - [2024-09-19T06:23:20.734+0000] {dagbag.py:587} INFO - Filling up the DagBag from /Users/omer/anaconda3/lib/python3.11/site-packages/airflow/example_dags/example_short_circuit_operator.py
[2024-09-19T06:23:20.743+0000] {processor.py:925} INFO - DAG(s) 'example_short_circuit_operator' retrieved from /Users/omer/anaconda3/lib/python3.11/site-packages/airflow/example_dags/example_short_circuit_operator.py
[2024-09-19T06:23:20.770+0000] {logging_mixin.py:190} INFO - [2024-09-19T06:23:20.770+0000] {dag.py:3229} INFO - Sync 1 DAGs
[2024-09-19T06:23:20.773+0000] {logging_mixin.py:190} INFO - [2024-09-19T06:23:20.773+0000] {dag.py:4156} INFO - Setting next_dagrun for example_short_circuit_operator to None, run_after=None
[2024-09-19T06:23:20.779+0000] {processor.py:208} INFO - Processing /Users/omer/anaconda3/lib/python3.11/site-packages/airflow/example_dags/example_short_circuit_operator.py took 0.046 seconds
[2024-09-19T06:24:29.329+0000] {processor.py:186} INFO - Started process (PID=26485) to work on /Users/omer/anaconda3/lib/python3.11/site-packages/airflow/example_dags/example_short_circuit_operator.py
[2024-09-19T06:24:29.329+0000] {processor.py:914} INFO - Processing file /Users/omer/anaconda3/lib/python3.11/site-packages/airflow/example_dags/example_short_circuit_operator.py for tasks to queue
[2024-09-19T06:24:29.329+0000] {logging_mixin.py:190} INFO - [2024-09-19T06:24:29.329+0000] {dagbag.py:587} INFO - Filling up the DagBag from /Users/omer/anaconda3/lib/python3.11/site-packages/airflow/example_dags/example_short_circuit_operator.py
[2024-09-19T06:24:29.338+0000] {processor.py:925} INFO - DAG(s) 'example_short_circuit_operator' retrieved from /Users/omer/anaconda3/lib/python3.11/site-packages/airflow/example_dags/example_short_circuit_operator.py
[2024-09-19T06:24:29.365+0000] {logging_mixin.py:190} INFO - [2024-09-19T06:24:29.365+0000] {dag.py:3229} INFO - Sync 1 DAGs
[2024-09-19T06:24:29.368+0000] {logging_mixin.py:190} INFO - [2024-09-19T06:24:29.368+0000] {dag.py:4156} INFO - Setting next_dagrun for example_short_circuit_operator to None, run_after=None
[2024-09-19T06:24:29.373+0000] {processor.py:208} INFO - Processing /Users/omer/anaconda3/lib/python3.11/site-packages/airflow/example_dags/example_short_circuit_operator.py took 0.046 seconds
[2024-09-19T06:25:37.940+0000] {processor.py:186} INFO - Started process (PID=26593) to work on /Users/omer/anaconda3/lib/python3.11/site-packages/airflow/example_dags/example_short_circuit_operator.py
[2024-09-19T06:25:37.940+0000] {processor.py:914} INFO - Processing file /Users/omer/anaconda3/lib/python3.11/site-packages/airflow/example_dags/example_short_circuit_operator.py for tasks to queue
[2024-09-19T06:25:37.940+0000] {logging_mixin.py:190} INFO - [2024-09-19T06:25:37.940+0000] {dagbag.py:587} INFO - Filling up the DagBag from /Users/omer/anaconda3/lib/python3.11/site-packages/airflow/example_dags/example_short_circuit_operator.py
[2024-09-19T06:25:37.949+0000] {processor.py:925} INFO - DAG(s) 'example_short_circuit_operator' retrieved from /Users/omer/anaconda3/lib/python3.11/site-packages/airflow/example_dags/example_short_circuit_operator.py
[2024-09-19T06:25:37.976+0000] {logging_mixin.py:190} INFO - [2024-09-19T06:25:37.976+0000] {dag.py:3229} INFO - Sync 1 DAGs
[2024-09-19T06:25:37.979+0000] {logging_mixin.py:190} INFO - [2024-09-19T06:25:37.978+0000] {dag.py:4156} INFO - Setting next_dagrun for example_short_circuit_operator to None, run_after=None
[2024-09-19T06:25:37.984+0000] {processor.py:208} INFO - Processing /Users/omer/anaconda3/lib/python3.11/site-packages/airflow/example_dags/example_short_circuit_operator.py took 0.045 seconds
