[2024-09-19T00:14:31.235+0000] {processor.py:186} INFO - Started process (PID=24488) to work on /Users/omer/anaconda3/lib/python3.11/site-packages/airflow/example_dags/example_sensor_decorator.py
[2024-09-19T00:14:31.235+0000] {processor.py:914} INFO - Processing file /Users/omer/anaconda3/lib/python3.11/site-packages/airflow/example_dags/example_sensor_decorator.py for tasks to queue
[2024-09-19T00:14:31.235+0000] {logging_mixin.py:190} INFO - [2024-09-19T00:14:31.235+0000] {dagbag.py:587} INFO - Filling up the DagBag from /Users/omer/anaconda3/lib/python3.11/site-packages/airflow/example_dags/example_sensor_decorator.py
[2024-09-19T00:14:31.246+0000] {processor.py:925} INFO - DAG(s) 'example_sensor_decorator' retrieved from /Users/omer/anaconda3/lib/python3.11/site-packages/airflow/example_dags/example_sensor_decorator.py
[2024-09-19T00:14:31.309+0000] {logging_mixin.py:190} INFO - [2024-09-19T00:14:31.309+0000] {utils.py:148} INFO - Note: NumExpr detected 12 cores but "NUMEXPR_MAX_THREADS" not set, so enforcing safe limit of 8.
[2024-09-19T00:14:31.309+0000] {logging_mixin.py:190} INFO - [2024-09-19T00:14:31.309+0000] {utils.py:160} INFO - NumExpr defaulting to 8 threads.
[2024-09-19T00:14:56.594+0000] {logging_mixin.py:190} INFO - [2024-09-19T00:14:56.594+0000] {dag.py:3229} INFO - Sync 1 DAGs
[2024-09-19T00:14:56.599+0000] {logging_mixin.py:190} INFO - [2024-09-19T00:14:56.599+0000] {dag.py:4156} INFO - Setting next_dagrun for example_sensor_decorator to None, run_after=None
[2024-09-19T00:14:56.671+0000] {processor.py:208} INFO - Processing /Users/omer/anaconda3/lib/python3.11/site-packages/airflow/example_dags/example_sensor_decorator.py took 0.523 seconds
[2024-09-19T00:34:52.739+0000] {processor.py:186} INFO - Started process (PID=24575) to work on /Users/omer/anaconda3/lib/python3.11/site-packages/airflow/example_dags/example_sensor_decorator.py
[2024-09-19T00:34:52.740+0000] {processor.py:914} INFO - Processing file /Users/omer/anaconda3/lib/python3.11/site-packages/airflow/example_dags/example_sensor_decorator.py for tasks to queue
[2024-09-19T00:34:52.740+0000] {logging_mixin.py:190} INFO - [2024-09-19T00:34:52.740+0000] {dagbag.py:587} INFO - Filling up the DagBag from /Users/omer/anaconda3/lib/python3.11/site-packages/airflow/example_dags/example_sensor_decorator.py
[2024-09-19T00:34:52.751+0000] {processor.py:925} INFO - DAG(s) 'example_sensor_decorator' retrieved from /Users/omer/anaconda3/lib/python3.11/site-packages/airflow/example_dags/example_sensor_decorator.py
[2024-09-19T00:34:52.814+0000] {logging_mixin.py:190} INFO - [2024-09-19T00:34:52.813+0000] {utils.py:148} INFO - Note: NumExpr detected 12 cores but "NUMEXPR_MAX_THREADS" not set, so enforcing safe limit of 8.
[2024-09-19T00:34:52.814+0000] {logging_mixin.py:190} INFO - [2024-09-19T00:34:52.814+0000] {utils.py:160} INFO - NumExpr defaulting to 8 threads.
[2024-09-19T00:34:52.923+0000] {logging_mixin.py:190} INFO - [2024-09-19T00:34:52.923+0000] {dag.py:3229} INFO - Sync 1 DAGs
[2024-09-19T00:34:52.926+0000] {logging_mixin.py:190} INFO - [2024-09-19T00:34:52.926+0000] {dag.py:4156} INFO - Setting next_dagrun for example_sensor_decorator to None, run_after=None
[2024-09-19T00:34:52.932+0000] {processor.py:208} INFO - Processing /Users/omer/anaconda3/lib/python3.11/site-packages/airflow/example_dags/example_sensor_decorator.py took 0.194 seconds
[2024-09-19T01:27:59.334+0000] {processor.py:186} INFO - Started process (PID=24684) to work on /Users/omer/anaconda3/lib/python3.11/site-packages/airflow/example_dags/example_sensor_decorator.py
[2024-09-19T01:27:59.335+0000] {processor.py:914} INFO - Processing file /Users/omer/anaconda3/lib/python3.11/site-packages/airflow/example_dags/example_sensor_decorator.py for tasks to queue
[2024-09-19T01:27:59.336+0000] {logging_mixin.py:190} INFO - [2024-09-19T01:27:59.336+0000] {dagbag.py:587} INFO - Filling up the DagBag from /Users/omer/anaconda3/lib/python3.11/site-packages/airflow/example_dags/example_sensor_decorator.py
[2024-09-19T01:27:59.346+0000] {processor.py:925} INFO - DAG(s) 'example_sensor_decorator' retrieved from /Users/omer/anaconda3/lib/python3.11/site-packages/airflow/example_dags/example_sensor_decorator.py
[2024-09-19T01:27:59.409+0000] {logging_mixin.py:190} INFO - [2024-09-19T01:27:59.409+0000] {utils.py:148} INFO - Note: NumExpr detected 12 cores but "NUMEXPR_MAX_THREADS" not set, so enforcing safe limit of 8.
[2024-09-19T01:27:59.409+0000] {logging_mixin.py:190} INFO - [2024-09-19T01:27:59.409+0000] {utils.py:160} INFO - NumExpr defaulting to 8 threads.
[2024-09-19T01:27:59.518+0000] {logging_mixin.py:190} INFO - [2024-09-19T01:27:59.518+0000] {dag.py:3229} INFO - Sync 1 DAGs
[2024-09-19T01:27:59.521+0000] {logging_mixin.py:190} INFO - [2024-09-19T01:27:59.521+0000] {dag.py:4156} INFO - Setting next_dagrun for example_sensor_decorator to None, run_after=None
[2024-09-19T01:27:59.527+0000] {processor.py:208} INFO - Processing /Users/omer/anaconda3/lib/python3.11/site-packages/airflow/example_dags/example_sensor_decorator.py took 0.193 seconds
[2024-09-19T02:03:22.695+0000] {processor.py:186} INFO - Started process (PID=24811) to work on /Users/omer/anaconda3/lib/python3.11/site-packages/airflow/example_dags/example_sensor_decorator.py
[2024-09-19T02:03:22.696+0000] {processor.py:914} INFO - Processing file /Users/omer/anaconda3/lib/python3.11/site-packages/airflow/example_dags/example_sensor_decorator.py for tasks to queue
[2024-09-19T02:03:22.697+0000] {logging_mixin.py:190} INFO - [2024-09-19T02:03:22.697+0000] {dagbag.py:587} INFO - Filling up the DagBag from /Users/omer/anaconda3/lib/python3.11/site-packages/airflow/example_dags/example_sensor_decorator.py
[2024-09-19T02:03:22.707+0000] {processor.py:925} INFO - DAG(s) 'example_sensor_decorator' retrieved from /Users/omer/anaconda3/lib/python3.11/site-packages/airflow/example_dags/example_sensor_decorator.py
[2024-09-19T02:03:22.771+0000] {logging_mixin.py:190} INFO - [2024-09-19T02:03:22.770+0000] {utils.py:148} INFO - Note: NumExpr detected 12 cores but "NUMEXPR_MAX_THREADS" not set, so enforcing safe limit of 8.
[2024-09-19T02:03:22.771+0000] {logging_mixin.py:190} INFO - [2024-09-19T02:03:22.771+0000] {utils.py:160} INFO - NumExpr defaulting to 8 threads.
[2024-09-19T02:03:22.879+0000] {logging_mixin.py:190} INFO - [2024-09-19T02:03:22.879+0000] {dag.py:3229} INFO - Sync 1 DAGs
[2024-09-19T02:03:22.882+0000] {logging_mixin.py:190} INFO - [2024-09-19T02:03:22.882+0000] {dag.py:4156} INFO - Setting next_dagrun for example_sensor_decorator to None, run_after=None
[2024-09-19T02:03:22.887+0000] {processor.py:208} INFO - Processing /Users/omer/anaconda3/lib/python3.11/site-packages/airflow/example_dags/example_sensor_decorator.py took 0.193 seconds
[2024-09-19T02:41:58.728+0000] {processor.py:186} INFO - Started process (PID=24933) to work on /Users/omer/anaconda3/lib/python3.11/site-packages/airflow/example_dags/example_sensor_decorator.py
[2024-09-19T02:41:58.729+0000] {processor.py:914} INFO - Processing file /Users/omer/anaconda3/lib/python3.11/site-packages/airflow/example_dags/example_sensor_decorator.py for tasks to queue
[2024-09-19T02:41:58.729+0000] {logging_mixin.py:190} INFO - [2024-09-19T02:41:58.729+0000] {dagbag.py:587} INFO - Filling up the DagBag from /Users/omer/anaconda3/lib/python3.11/site-packages/airflow/example_dags/example_sensor_decorator.py
[2024-09-19T02:41:58.740+0000] {processor.py:925} INFO - DAG(s) 'example_sensor_decorator' retrieved from /Users/omer/anaconda3/lib/python3.11/site-packages/airflow/example_dags/example_sensor_decorator.py
[2024-09-19T02:41:58.802+0000] {logging_mixin.py:190} INFO - [2024-09-19T02:41:58.802+0000] {utils.py:148} INFO - Note: NumExpr detected 12 cores but "NUMEXPR_MAX_THREADS" not set, so enforcing safe limit of 8.
[2024-09-19T02:41:58.802+0000] {logging_mixin.py:190} INFO - [2024-09-19T02:41:58.802+0000] {utils.py:160} INFO - NumExpr defaulting to 8 threads.
[2024-09-19T02:41:58.912+0000] {logging_mixin.py:190} INFO - [2024-09-19T02:41:58.912+0000] {dag.py:3229} INFO - Sync 1 DAGs
[2024-09-19T02:41:58.915+0000] {logging_mixin.py:190} INFO - [2024-09-19T02:41:58.915+0000] {dag.py:4156} INFO - Setting next_dagrun for example_sensor_decorator to None, run_after=None
[2024-09-19T02:41:58.920+0000] {processor.py:208} INFO - Processing /Users/omer/anaconda3/lib/python3.11/site-packages/airflow/example_dags/example_sensor_decorator.py took 0.193 seconds
[2024-09-19T03:04:50.480+0000] {processor.py:186} INFO - Started process (PID=25037) to work on /Users/omer/anaconda3/lib/python3.11/site-packages/airflow/example_dags/example_sensor_decorator.py
[2024-09-19T03:04:50.481+0000] {processor.py:914} INFO - Processing file /Users/omer/anaconda3/lib/python3.11/site-packages/airflow/example_dags/example_sensor_decorator.py for tasks to queue
[2024-09-19T03:04:50.481+0000] {logging_mixin.py:190} INFO - [2024-09-19T03:04:50.481+0000] {dagbag.py:587} INFO - Filling up the DagBag from /Users/omer/anaconda3/lib/python3.11/site-packages/airflow/example_dags/example_sensor_decorator.py
[2024-09-19T03:04:50.491+0000] {processor.py:925} INFO - DAG(s) 'example_sensor_decorator' retrieved from /Users/omer/anaconda3/lib/python3.11/site-packages/airflow/example_dags/example_sensor_decorator.py
[2024-09-19T03:04:50.555+0000] {logging_mixin.py:190} INFO - [2024-09-19T03:04:50.555+0000] {utils.py:148} INFO - Note: NumExpr detected 12 cores but "NUMEXPR_MAX_THREADS" not set, so enforcing safe limit of 8.
[2024-09-19T03:04:50.555+0000] {logging_mixin.py:190} INFO - [2024-09-19T03:04:50.555+0000] {utils.py:160} INFO - NumExpr defaulting to 8 threads.
[2024-09-19T03:04:50.664+0000] {logging_mixin.py:190} INFO - [2024-09-19T03:04:50.664+0000] {dag.py:3229} INFO - Sync 1 DAGs
[2024-09-19T03:04:50.667+0000] {logging_mixin.py:190} INFO - [2024-09-19T03:04:50.667+0000] {dag.py:4156} INFO - Setting next_dagrun for example_sensor_decorator to None, run_after=None
[2024-09-19T03:04:50.673+0000] {processor.py:208} INFO - Processing /Users/omer/anaconda3/lib/python3.11/site-packages/airflow/example_dags/example_sensor_decorator.py took 0.193 seconds
[2024-09-19T03:42:33.625+0000] {processor.py:186} INFO - Started process (PID=25189) to work on /Users/omer/anaconda3/lib/python3.11/site-packages/airflow/example_dags/example_sensor_decorator.py
[2024-09-19T03:42:33.625+0000] {processor.py:914} INFO - Processing file /Users/omer/anaconda3/lib/python3.11/site-packages/airflow/example_dags/example_sensor_decorator.py for tasks to queue
[2024-09-19T03:42:33.625+0000] {logging_mixin.py:190} INFO - [2024-09-19T03:42:33.625+0000] {dagbag.py:587} INFO - Filling up the DagBag from /Users/omer/anaconda3/lib/python3.11/site-packages/airflow/example_dags/example_sensor_decorator.py
[2024-09-19T03:42:33.636+0000] {processor.py:925} INFO - DAG(s) 'example_sensor_decorator' retrieved from /Users/omer/anaconda3/lib/python3.11/site-packages/airflow/example_dags/example_sensor_decorator.py
[2024-09-19T03:42:33.699+0000] {logging_mixin.py:190} INFO - [2024-09-19T03:42:33.699+0000] {utils.py:148} INFO - Note: NumExpr detected 12 cores but "NUMEXPR_MAX_THREADS" not set, so enforcing safe limit of 8.
[2024-09-19T03:42:33.699+0000] {logging_mixin.py:190} INFO - [2024-09-19T03:42:33.699+0000] {utils.py:160} INFO - NumExpr defaulting to 8 threads.
[2024-09-19T03:42:33.807+0000] {logging_mixin.py:190} INFO - [2024-09-19T03:42:33.807+0000] {dag.py:3229} INFO - Sync 1 DAGs
[2024-09-19T03:42:33.810+0000] {logging_mixin.py:190} INFO - [2024-09-19T03:42:33.810+0000] {dag.py:4156} INFO - Setting next_dagrun for example_sensor_decorator to None, run_after=None
[2024-09-19T03:42:33.816+0000] {processor.py:208} INFO - Processing /Users/omer/anaconda3/lib/python3.11/site-packages/airflow/example_dags/example_sensor_decorator.py took 0.192 seconds
[2024-09-19T04:22:22.537+0000] {processor.py:186} INFO - Started process (PID=25311) to work on /Users/omer/anaconda3/lib/python3.11/site-packages/airflow/example_dags/example_sensor_decorator.py
[2024-09-19T04:22:22.538+0000] {processor.py:914} INFO - Processing file /Users/omer/anaconda3/lib/python3.11/site-packages/airflow/example_dags/example_sensor_decorator.py for tasks to queue
[2024-09-19T04:22:22.539+0000] {logging_mixin.py:190} INFO - [2024-09-19T04:22:22.539+0000] {dagbag.py:587} INFO - Filling up the DagBag from /Users/omer/anaconda3/lib/python3.11/site-packages/airflow/example_dags/example_sensor_decorator.py
[2024-09-19T04:22:22.550+0000] {processor.py:925} INFO - DAG(s) 'example_sensor_decorator' retrieved from /Users/omer/anaconda3/lib/python3.11/site-packages/airflow/example_dags/example_sensor_decorator.py
[2024-09-19T04:22:22.612+0000] {logging_mixin.py:190} INFO - [2024-09-19T04:22:22.612+0000] {utils.py:148} INFO - Note: NumExpr detected 12 cores but "NUMEXPR_MAX_THREADS" not set, so enforcing safe limit of 8.
[2024-09-19T04:22:22.613+0000] {logging_mixin.py:190} INFO - [2024-09-19T04:22:22.613+0000] {utils.py:160} INFO - NumExpr defaulting to 8 threads.
[2024-09-19T04:22:22.730+0000] {logging_mixin.py:190} INFO - [2024-09-19T04:22:22.729+0000] {dag.py:3229} INFO - Sync 1 DAGs
[2024-09-19T04:22:22.732+0000] {logging_mixin.py:190} INFO - [2024-09-19T04:22:22.732+0000] {dag.py:4156} INFO - Setting next_dagrun for example_sensor_decorator to None, run_after=None
[2024-09-19T04:22:22.738+0000] {processor.py:208} INFO - Processing /Users/omer/anaconda3/lib/python3.11/site-packages/airflow/example_dags/example_sensor_decorator.py took 0.201 seconds
[2024-09-19T04:58:47.570+0000] {processor.py:186} INFO - Started process (PID=25432) to work on /Users/omer/anaconda3/lib/python3.11/site-packages/airflow/example_dags/example_sensor_decorator.py
[2024-09-19T04:58:47.571+0000] {processor.py:914} INFO - Processing file /Users/omer/anaconda3/lib/python3.11/site-packages/airflow/example_dags/example_sensor_decorator.py for tasks to queue
[2024-09-19T04:58:47.571+0000] {logging_mixin.py:190} INFO - [2024-09-19T04:58:47.571+0000] {dagbag.py:587} INFO - Filling up the DagBag from /Users/omer/anaconda3/lib/python3.11/site-packages/airflow/example_dags/example_sensor_decorator.py
[2024-09-19T04:58:47.581+0000] {processor.py:925} INFO - DAG(s) 'example_sensor_decorator' retrieved from /Users/omer/anaconda3/lib/python3.11/site-packages/airflow/example_dags/example_sensor_decorator.py
[2024-09-19T04:58:47.644+0000] {logging_mixin.py:190} INFO - [2024-09-19T04:58:47.644+0000] {utils.py:148} INFO - Note: NumExpr detected 12 cores but "NUMEXPR_MAX_THREADS" not set, so enforcing safe limit of 8.
[2024-09-19T04:58:47.644+0000] {logging_mixin.py:190} INFO - [2024-09-19T04:58:47.644+0000] {utils.py:160} INFO - NumExpr defaulting to 8 threads.
[2024-09-19T04:58:47.754+0000] {logging_mixin.py:190} INFO - [2024-09-19T04:58:47.754+0000] {dag.py:3229} INFO - Sync 1 DAGs
[2024-09-19T04:58:47.757+0000] {logging_mixin.py:190} INFO - [2024-09-19T04:58:47.757+0000] {dag.py:4156} INFO - Setting next_dagrun for example_sensor_decorator to None, run_after=None
[2024-09-19T04:58:47.763+0000] {processor.py:208} INFO - Processing /Users/omer/anaconda3/lib/python3.11/site-packages/airflow/example_dags/example_sensor_decorator.py took 0.194 seconds
[2024-09-19T05:22:15.714+0000] {processor.py:186} INFO - Started process (PID=25547) to work on /Users/omer/anaconda3/lib/python3.11/site-packages/airflow/example_dags/example_sensor_decorator.py
[2024-09-19T05:22:15.714+0000] {processor.py:914} INFO - Processing file /Users/omer/anaconda3/lib/python3.11/site-packages/airflow/example_dags/example_sensor_decorator.py for tasks to queue
[2024-09-19T05:22:15.714+0000] {logging_mixin.py:190} INFO - [2024-09-19T05:22:15.714+0000] {dagbag.py:587} INFO - Filling up the DagBag from /Users/omer/anaconda3/lib/python3.11/site-packages/airflow/example_dags/example_sensor_decorator.py
[2024-09-19T05:22:15.725+0000] {processor.py:925} INFO - DAG(s) 'example_sensor_decorator' retrieved from /Users/omer/anaconda3/lib/python3.11/site-packages/airflow/example_dags/example_sensor_decorator.py
[2024-09-19T05:22:15.789+0000] {logging_mixin.py:190} INFO - [2024-09-19T05:22:15.789+0000] {utils.py:148} INFO - Note: NumExpr detected 12 cores but "NUMEXPR_MAX_THREADS" not set, so enforcing safe limit of 8.
[2024-09-19T05:22:15.789+0000] {logging_mixin.py:190} INFO - [2024-09-19T05:22:15.789+0000] {utils.py:160} INFO - NumExpr defaulting to 8 threads.
[2024-09-19T05:22:15.899+0000] {logging_mixin.py:190} INFO - [2024-09-19T05:22:15.898+0000] {dag.py:3229} INFO - Sync 1 DAGs
[2024-09-19T05:22:15.901+0000] {logging_mixin.py:190} INFO - [2024-09-19T05:22:15.901+0000] {dag.py:4156} INFO - Setting next_dagrun for example_sensor_decorator to None, run_after=None
[2024-09-19T05:22:15.907+0000] {processor.py:208} INFO - Processing /Users/omer/anaconda3/lib/python3.11/site-packages/airflow/example_dags/example_sensor_decorator.py took 0.194 seconds
[2024-09-19T06:01:21.157+0000] {processor.py:186} INFO - Started process (PID=25671) to work on /Users/omer/anaconda3/lib/python3.11/site-packages/airflow/example_dags/example_sensor_decorator.py
[2024-09-19T06:01:21.158+0000] {processor.py:914} INFO - Processing file /Users/omer/anaconda3/lib/python3.11/site-packages/airflow/example_dags/example_sensor_decorator.py for tasks to queue
[2024-09-19T06:01:21.159+0000] {logging_mixin.py:190} INFO - [2024-09-19T06:01:21.158+0000] {dagbag.py:587} INFO - Filling up the DagBag from /Users/omer/anaconda3/lib/python3.11/site-packages/airflow/example_dags/example_sensor_decorator.py
[2024-09-19T06:01:21.169+0000] {processor.py:925} INFO - DAG(s) 'example_sensor_decorator' retrieved from /Users/omer/anaconda3/lib/python3.11/site-packages/airflow/example_dags/example_sensor_decorator.py
[2024-09-19T06:01:21.233+0000] {logging_mixin.py:190} INFO - [2024-09-19T06:01:21.233+0000] {utils.py:148} INFO - Note: NumExpr detected 12 cores but "NUMEXPR_MAX_THREADS" not set, so enforcing safe limit of 8.
[2024-09-19T06:01:21.233+0000] {logging_mixin.py:190} INFO - [2024-09-19T06:01:21.233+0000] {utils.py:160} INFO - NumExpr defaulting to 8 threads.
[2024-09-19T06:01:21.342+0000] {logging_mixin.py:190} INFO - [2024-09-19T06:01:21.342+0000] {dag.py:3229} INFO - Sync 1 DAGs
[2024-09-19T06:01:21.345+0000] {logging_mixin.py:190} INFO - [2024-09-19T06:01:21.345+0000] {dag.py:4156} INFO - Setting next_dagrun for example_sensor_decorator to None, run_after=None
[2024-09-19T06:01:21.350+0000] {processor.py:208} INFO - Processing /Users/omer/anaconda3/lib/python3.11/site-packages/airflow/example_dags/example_sensor_decorator.py took 0.194 seconds
[2024-09-19T06:16:17.391+0000] {processor.py:186} INFO - Started process (PID=25780) to work on /Users/omer/anaconda3/lib/python3.11/site-packages/airflow/example_dags/example_sensor_decorator.py
[2024-09-19T06:16:17.392+0000] {processor.py:914} INFO - Processing file /Users/omer/anaconda3/lib/python3.11/site-packages/airflow/example_dags/example_sensor_decorator.py for tasks to queue
[2024-09-19T06:16:17.392+0000] {logging_mixin.py:190} INFO - [2024-09-19T06:16:17.392+0000] {dagbag.py:587} INFO - Filling up the DagBag from /Users/omer/anaconda3/lib/python3.11/site-packages/airflow/example_dags/example_sensor_decorator.py
[2024-09-19T06:16:17.403+0000] {processor.py:925} INFO - DAG(s) 'example_sensor_decorator' retrieved from /Users/omer/anaconda3/lib/python3.11/site-packages/airflow/example_dags/example_sensor_decorator.py
[2024-09-19T06:16:17.466+0000] {logging_mixin.py:190} INFO - [2024-09-19T06:16:17.466+0000] {utils.py:148} INFO - Note: NumExpr detected 12 cores but "NUMEXPR_MAX_THREADS" not set, so enforcing safe limit of 8.
[2024-09-19T06:16:17.466+0000] {logging_mixin.py:190} INFO - [2024-09-19T06:16:17.466+0000] {utils.py:160} INFO - NumExpr defaulting to 8 threads.
[2024-09-19T06:16:17.576+0000] {logging_mixin.py:190} INFO - [2024-09-19T06:16:17.576+0000] {dag.py:3229} INFO - Sync 1 DAGs
[2024-09-19T06:16:17.579+0000] {logging_mixin.py:190} INFO - [2024-09-19T06:16:17.579+0000] {dag.py:4156} INFO - Setting next_dagrun for example_sensor_decorator to None, run_after=None
[2024-09-19T06:16:17.585+0000] {processor.py:208} INFO - Processing /Users/omer/anaconda3/lib/python3.11/site-packages/airflow/example_dags/example_sensor_decorator.py took 0.195 seconds
[2024-09-19T06:17:39.063+0000] {processor.py:186} INFO - Started process (PID=25892) to work on /Users/omer/anaconda3/lib/python3.11/site-packages/airflow/example_dags/example_sensor_decorator.py
[2024-09-19T06:17:39.064+0000] {processor.py:914} INFO - Processing file /Users/omer/anaconda3/lib/python3.11/site-packages/airflow/example_dags/example_sensor_decorator.py for tasks to queue
[2024-09-19T06:17:39.065+0000] {logging_mixin.py:190} INFO - [2024-09-19T06:17:39.065+0000] {dagbag.py:587} INFO - Filling up the DagBag from /Users/omer/anaconda3/lib/python3.11/site-packages/airflow/example_dags/example_sensor_decorator.py
[2024-09-19T06:17:39.076+0000] {processor.py:925} INFO - DAG(s) 'example_sensor_decorator' retrieved from /Users/omer/anaconda3/lib/python3.11/site-packages/airflow/example_dags/example_sensor_decorator.py
[2024-09-19T06:17:39.143+0000] {logging_mixin.py:190} INFO - [2024-09-19T06:17:39.143+0000] {utils.py:148} INFO - Note: NumExpr detected 12 cores but "NUMEXPR_MAX_THREADS" not set, so enforcing safe limit of 8.
[2024-09-19T06:17:39.143+0000] {logging_mixin.py:190} INFO - [2024-09-19T06:17:39.143+0000] {utils.py:160} INFO - NumExpr defaulting to 8 threads.
[2024-09-19T06:17:39.382+0000] {logging_mixin.py:190} INFO - [2024-09-19T06:17:39.381+0000] {dag.py:3229} INFO - Sync 1 DAGs
[2024-09-19T06:17:39.403+0000] {logging_mixin.py:190} INFO - [2024-09-19T06:17:39.403+0000] {dag.py:4156} INFO - Setting next_dagrun for example_sensor_decorator to None, run_after=None
[2024-09-19T06:17:39.417+0000] {processor.py:208} INFO - Processing /Users/omer/anaconda3/lib/python3.11/site-packages/airflow/example_dags/example_sensor_decorator.py took 0.355 seconds
[2024-09-19T06:20:02.946+0000] {processor.py:186} INFO - Started process (PID=26102) to work on /Users/omer/anaconda3/lib/python3.11/site-packages/airflow/example_dags/example_sensor_decorator.py
[2024-09-19T06:20:02.947+0000] {processor.py:914} INFO - Processing file /Users/omer/anaconda3/lib/python3.11/site-packages/airflow/example_dags/example_sensor_decorator.py for tasks to queue
[2024-09-19T06:20:02.947+0000] {logging_mixin.py:190} INFO - [2024-09-19T06:20:02.947+0000] {dagbag.py:587} INFO - Filling up the DagBag from /Users/omer/anaconda3/lib/python3.11/site-packages/airflow/example_dags/example_sensor_decorator.py
[2024-09-19T06:20:02.958+0000] {processor.py:925} INFO - DAG(s) 'example_sensor_decorator' retrieved from /Users/omer/anaconda3/lib/python3.11/site-packages/airflow/example_dags/example_sensor_decorator.py
[2024-09-19T06:20:03.024+0000] {logging_mixin.py:190} INFO - [2024-09-19T06:20:03.024+0000] {utils.py:148} INFO - Note: NumExpr detected 12 cores but "NUMEXPR_MAX_THREADS" not set, so enforcing safe limit of 8.
[2024-09-19T06:20:03.024+0000] {logging_mixin.py:190} INFO - [2024-09-19T06:20:03.024+0000] {utils.py:160} INFO - NumExpr defaulting to 8 threads.
[2024-09-19T06:20:03.138+0000] {logging_mixin.py:190} INFO - [2024-09-19T06:20:03.137+0000] {dag.py:3229} INFO - Sync 1 DAGs
[2024-09-19T06:20:03.141+0000] {logging_mixin.py:190} INFO - [2024-09-19T06:20:03.141+0000] {dag.py:4156} INFO - Setting next_dagrun for example_sensor_decorator to None, run_after=None
[2024-09-19T06:20:03.146+0000] {processor.py:208} INFO - Processing /Users/omer/anaconda3/lib/python3.11/site-packages/airflow/example_dags/example_sensor_decorator.py took 0.201 seconds
[2024-09-19T06:21:47.828+0000] {processor.py:186} INFO - Started process (PID=26298) to work on /Users/omer/anaconda3/lib/python3.11/site-packages/airflow/example_dags/example_sensor_decorator.py
[2024-09-19T06:21:47.829+0000] {processor.py:914} INFO - Processing file /Users/omer/anaconda3/lib/python3.11/site-packages/airflow/example_dags/example_sensor_decorator.py for tasks to queue
[2024-09-19T06:21:47.829+0000] {logging_mixin.py:190} INFO - [2024-09-19T06:21:47.829+0000] {dagbag.py:587} INFO - Filling up the DagBag from /Users/omer/anaconda3/lib/python3.11/site-packages/airflow/example_dags/example_sensor_decorator.py
[2024-09-19T06:21:47.840+0000] {processor.py:925} INFO - DAG(s) 'example_sensor_decorator' retrieved from /Users/omer/anaconda3/lib/python3.11/site-packages/airflow/example_dags/example_sensor_decorator.py
[2024-09-19T06:21:47.906+0000] {logging_mixin.py:190} INFO - [2024-09-19T06:21:47.906+0000] {utils.py:148} INFO - Note: NumExpr detected 12 cores but "NUMEXPR_MAX_THREADS" not set, so enforcing safe limit of 8.
[2024-09-19T06:21:47.906+0000] {logging_mixin.py:190} INFO - [2024-09-19T06:21:47.906+0000] {utils.py:160} INFO - NumExpr defaulting to 8 threads.
[2024-09-19T06:21:48.019+0000] {logging_mixin.py:190} INFO - [2024-09-19T06:21:48.019+0000] {dag.py:3229} INFO - Sync 1 DAGs
[2024-09-19T06:21:48.022+0000] {logging_mixin.py:190} INFO - [2024-09-19T06:21:48.022+0000] {dag.py:4156} INFO - Setting next_dagrun for example_sensor_decorator to None, run_after=None
[2024-09-19T06:21:48.028+0000] {processor.py:208} INFO - Processing /Users/omer/anaconda3/lib/python3.11/site-packages/airflow/example_dags/example_sensor_decorator.py took 0.201 seconds
[2024-09-19T06:23:29.867+0000] {processor.py:186} INFO - Started process (PID=26405) to work on /Users/omer/anaconda3/lib/python3.11/site-packages/airflow/example_dags/example_sensor_decorator.py
[2024-09-19T06:23:29.869+0000] {processor.py:914} INFO - Processing file /Users/omer/anaconda3/lib/python3.11/site-packages/airflow/example_dags/example_sensor_decorator.py for tasks to queue
[2024-09-19T06:23:29.869+0000] {logging_mixin.py:190} INFO - [2024-09-19T06:23:29.869+0000] {dagbag.py:587} INFO - Filling up the DagBag from /Users/omer/anaconda3/lib/python3.11/site-packages/airflow/example_dags/example_sensor_decorator.py
[2024-09-19T06:23:29.879+0000] {processor.py:925} INFO - DAG(s) 'example_sensor_decorator' retrieved from /Users/omer/anaconda3/lib/python3.11/site-packages/airflow/example_dags/example_sensor_decorator.py
[2024-09-19T06:23:29.946+0000] {logging_mixin.py:190} INFO - [2024-09-19T06:23:29.946+0000] {utils.py:148} INFO - Note: NumExpr detected 12 cores but "NUMEXPR_MAX_THREADS" not set, so enforcing safe limit of 8.
[2024-09-19T06:23:29.946+0000] {logging_mixin.py:190} INFO - [2024-09-19T06:23:29.946+0000] {utils.py:160} INFO - NumExpr defaulting to 8 threads.
[2024-09-19T06:23:30.064+0000] {logging_mixin.py:190} INFO - [2024-09-19T06:23:30.064+0000] {dag.py:3229} INFO - Sync 1 DAGs
[2024-09-19T06:23:30.067+0000] {logging_mixin.py:190} INFO - [2024-09-19T06:23:30.067+0000] {dag.py:4156} INFO - Setting next_dagrun for example_sensor_decorator to None, run_after=None
[2024-09-19T06:23:30.072+0000] {processor.py:208} INFO - Processing /Users/omer/anaconda3/lib/python3.11/site-packages/airflow/example_dags/example_sensor_decorator.py took 0.206 seconds
[2024-09-19T06:25:46.588+0000] {processor.py:186} INFO - Started process (PID=26617) to work on /Users/omer/anaconda3/lib/python3.11/site-packages/airflow/example_dags/example_sensor_decorator.py
[2024-09-19T06:25:46.589+0000] {processor.py:914} INFO - Processing file /Users/omer/anaconda3/lib/python3.11/site-packages/airflow/example_dags/example_sensor_decorator.py for tasks to queue
[2024-09-19T06:25:46.589+0000] {logging_mixin.py:190} INFO - [2024-09-19T06:25:46.589+0000] {dagbag.py:587} INFO - Filling up the DagBag from /Users/omer/anaconda3/lib/python3.11/site-packages/airflow/example_dags/example_sensor_decorator.py
[2024-09-19T06:25:46.600+0000] {processor.py:925} INFO - DAG(s) 'example_sensor_decorator' retrieved from /Users/omer/anaconda3/lib/python3.11/site-packages/airflow/example_dags/example_sensor_decorator.py
[2024-09-19T06:25:46.637+0000] {logging_mixin.py:190} INFO - [2024-09-19T06:25:46.637+0000] {dag.py:3229} INFO - Sync 1 DAGs
[2024-09-19T06:25:46.640+0000] {logging_mixin.py:190} INFO - [2024-09-19T06:25:46.640+0000] {dag.py:4156} INFO - Setting next_dagrun for example_sensor_decorator to None, run_after=None
[2024-09-19T06:25:46.645+0000] {processor.py:208} INFO - Processing /Users/omer/anaconda3/lib/python3.11/site-packages/airflow/example_dags/example_sensor_decorator.py took 0.057 seconds
