[2024-09-19T00:16:01.405+0000] {processor.py:186} INFO - Started process (PID=24512) to work on /Users/omer/anaconda3/lib/python3.11/site-packages/airflow/example_dags/example_latest_only_with_trigger.py
[2024-09-19T00:16:01.405+0000] {processor.py:914} INFO - Processing file /Users/omer/anaconda3/lib/python3.11/site-packages/airflow/example_dags/example_latest_only_with_trigger.py for tasks to queue
[2024-09-19T00:16:01.405+0000] {logging_mixin.py:190} INFO - [2024-09-19T00:16:01.405+0000] {dagbag.py:587} INFO - Filling up the DagBag from /Users/omer/anaconda3/lib/python3.11/site-packages/airflow/example_dags/example_latest_only_with_trigger.py
[2024-09-19T00:16:01.412+0000] {processor.py:925} INFO - DAG(s) 'latest_only_with_trigger' retrieved from /Users/omer/anaconda3/lib/python3.11/site-packages/airflow/example_dags/example_latest_only_with_trigger.py
[2024-09-19T00:16:01.442+0000] {logging_mixin.py:190} INFO - [2024-09-19T00:16:01.442+0000] {dag.py:3229} INFO - Sync 1 DAGs
[2024-09-19T00:16:01.448+0000] {logging_mixin.py:190} INFO - [2024-09-19T00:16:01.448+0000] {dag.py:4156} INFO - Setting next_dagrun for latest_only_with_trigger to 2024-09-18 20:00:00+00:00, run_after=2024-09-19 00:00:00+00:00
[2024-09-19T00:16:01.453+0000] {processor.py:208} INFO - Processing /Users/omer/anaconda3/lib/python3.11/site-packages/airflow/example_dags/example_latest_only_with_trigger.py took 0.049 seconds
[2024-09-19T01:28:14.794+0000] {processor.py:186} INFO - Started process (PID=24699) to work on /Users/omer/anaconda3/lib/python3.11/site-packages/airflow/example_dags/example_latest_only_with_trigger.py
[2024-09-19T01:28:14.795+0000] {processor.py:914} INFO - Processing file /Users/omer/anaconda3/lib/python3.11/site-packages/airflow/example_dags/example_latest_only_with_trigger.py for tasks to queue
[2024-09-19T01:28:14.795+0000] {logging_mixin.py:190} INFO - [2024-09-19T01:28:14.795+0000] {dagbag.py:587} INFO - Filling up the DagBag from /Users/omer/anaconda3/lib/python3.11/site-packages/airflow/example_dags/example_latest_only_with_trigger.py
[2024-09-19T01:28:14.798+0000] {processor.py:925} INFO - DAG(s) 'latest_only_with_trigger' retrieved from /Users/omer/anaconda3/lib/python3.11/site-packages/airflow/example_dags/example_latest_only_with_trigger.py
[2024-09-19T01:28:14.823+0000] {logging_mixin.py:190} INFO - [2024-09-19T01:28:14.823+0000] {dag.py:3229} INFO - Sync 1 DAGs
[2024-09-19T01:28:14.828+0000] {logging_mixin.py:190} INFO - [2024-09-19T01:28:14.828+0000] {dag.py:4156} INFO - Setting next_dagrun for latest_only_with_trigger to 2024-09-18 20:00:00+00:00, run_after=2024-09-19 00:00:00+00:00
[2024-09-19T01:28:14.833+0000] {processor.py:208} INFO - Processing /Users/omer/anaconda3/lib/python3.11/site-packages/airflow/example_dags/example_latest_only_with_trigger.py took 0.040 seconds
[2024-09-19T02:04:28.113+0000] {processor.py:186} INFO - Started process (PID=24827) to work on /Users/omer/anaconda3/lib/python3.11/site-packages/airflow/example_dags/example_latest_only_with_trigger.py
[2024-09-19T02:04:28.114+0000] {processor.py:914} INFO - Processing file /Users/omer/anaconda3/lib/python3.11/site-packages/airflow/example_dags/example_latest_only_with_trigger.py for tasks to queue
[2024-09-19T02:04:28.114+0000] {logging_mixin.py:190} INFO - [2024-09-19T02:04:28.114+0000] {dagbag.py:587} INFO - Filling up the DagBag from /Users/omer/anaconda3/lib/python3.11/site-packages/airflow/example_dags/example_latest_only_with_trigger.py
[2024-09-19T02:04:28.118+0000] {processor.py:925} INFO - DAG(s) 'latest_only_with_trigger' retrieved from /Users/omer/anaconda3/lib/python3.11/site-packages/airflow/example_dags/example_latest_only_with_trigger.py
[2024-09-19T02:04:28.143+0000] {logging_mixin.py:190} INFO - [2024-09-19T02:04:28.143+0000] {dag.py:3229} INFO - Sync 1 DAGs
[2024-09-19T02:04:28.148+0000] {logging_mixin.py:190} INFO - [2024-09-19T02:04:28.148+0000] {dag.py:4156} INFO - Setting next_dagrun for latest_only_with_trigger to 2024-09-18 20:00:00+00:00, run_after=2024-09-19 00:00:00+00:00
[2024-09-19T02:04:28.153+0000] {processor.py:208} INFO - Processing /Users/omer/anaconda3/lib/python3.11/site-packages/airflow/example_dags/example_latest_only_with_trigger.py took 0.040 seconds
[2024-09-19T02:43:05.644+0000] {processor.py:186} INFO - Started process (PID=24949) to work on /Users/omer/anaconda3/lib/python3.11/site-packages/airflow/example_dags/example_latest_only_with_trigger.py
[2024-09-19T02:43:05.645+0000] {processor.py:914} INFO - Processing file /Users/omer/anaconda3/lib/python3.11/site-packages/airflow/example_dags/example_latest_only_with_trigger.py for tasks to queue
[2024-09-19T02:43:05.645+0000] {logging_mixin.py:190} INFO - [2024-09-19T02:43:05.645+0000] {dagbag.py:587} INFO - Filling up the DagBag from /Users/omer/anaconda3/lib/python3.11/site-packages/airflow/example_dags/example_latest_only_with_trigger.py
[2024-09-19T02:43:05.648+0000] {processor.py:925} INFO - DAG(s) 'latest_only_with_trigger' retrieved from /Users/omer/anaconda3/lib/python3.11/site-packages/airflow/example_dags/example_latest_only_with_trigger.py
[2024-09-19T02:43:05.673+0000] {logging_mixin.py:190} INFO - [2024-09-19T02:43:05.673+0000] {dag.py:3229} INFO - Sync 1 DAGs
[2024-09-19T02:43:05.678+0000] {logging_mixin.py:190} INFO - [2024-09-19T02:43:05.678+0000] {dag.py:4156} INFO - Setting next_dagrun for latest_only_with_trigger to 2024-09-18 20:00:00+00:00, run_after=2024-09-19 00:00:00+00:00
[2024-09-19T02:43:05.683+0000] {processor.py:208} INFO - Processing /Users/omer/anaconda3/lib/python3.11/site-packages/airflow/example_dags/example_latest_only_with_trigger.py took 0.040 seconds
[2024-09-19T03:20:33.517+0000] {processor.py:186} INFO - Started process (PID=25057) to work on /Users/omer/anaconda3/lib/python3.11/site-packages/airflow/example_dags/example_latest_only_with_trigger.py
[2024-09-19T03:20:33.518+0000] {processor.py:914} INFO - Processing file /Users/omer/anaconda3/lib/python3.11/site-packages/airflow/example_dags/example_latest_only_with_trigger.py for tasks to queue
[2024-09-19T03:20:33.519+0000] {logging_mixin.py:190} INFO - [2024-09-19T03:20:33.519+0000] {dagbag.py:587} INFO - Filling up the DagBag from /Users/omer/anaconda3/lib/python3.11/site-packages/airflow/example_dags/example_latest_only_with_trigger.py
[2024-09-19T03:20:33.521+0000] {processor.py:925} INFO - DAG(s) 'latest_only_with_trigger' retrieved from /Users/omer/anaconda3/lib/python3.11/site-packages/airflow/example_dags/example_latest_only_with_trigger.py
[2024-09-19T03:20:33.547+0000] {logging_mixin.py:190} INFO - [2024-09-19T03:20:33.547+0000] {dag.py:3229} INFO - Sync 1 DAGs
[2024-09-19T03:20:33.552+0000] {logging_mixin.py:190} INFO - [2024-09-19T03:20:33.552+0000] {dag.py:4156} INFO - Setting next_dagrun for latest_only_with_trigger to 2024-09-18 20:00:00+00:00, run_after=2024-09-19 00:00:00+00:00
[2024-09-19T03:20:33.557+0000] {processor.py:208} INFO - Processing /Users/omer/anaconda3/lib/python3.11/site-packages/airflow/example_dags/example_latest_only_with_trigger.py took 0.041 seconds
[2024-09-19T03:59:44.684+0000] {processor.py:186} INFO - Started process (PID=25220) to work on /Users/omer/anaconda3/lib/python3.11/site-packages/airflow/example_dags/example_latest_only_with_trigger.py
[2024-09-19T03:59:44.685+0000] {processor.py:914} INFO - Processing file /Users/omer/anaconda3/lib/python3.11/site-packages/airflow/example_dags/example_latest_only_with_trigger.py for tasks to queue
[2024-09-19T03:59:44.685+0000] {logging_mixin.py:190} INFO - [2024-09-19T03:59:44.685+0000] {dagbag.py:587} INFO - Filling up the DagBag from /Users/omer/anaconda3/lib/python3.11/site-packages/airflow/example_dags/example_latest_only_with_trigger.py
[2024-09-19T03:59:44.688+0000] {processor.py:925} INFO - DAG(s) 'latest_only_with_trigger' retrieved from /Users/omer/anaconda3/lib/python3.11/site-packages/airflow/example_dags/example_latest_only_with_trigger.py
[2024-09-19T03:59:44.714+0000] {logging_mixin.py:190} INFO - [2024-09-19T03:59:44.714+0000] {dag.py:3229} INFO - Sync 1 DAGs
[2024-09-19T03:59:44.719+0000] {logging_mixin.py:190} INFO - [2024-09-19T03:59:44.719+0000] {dag.py:4156} INFO - Setting next_dagrun for latest_only_with_trigger to 2024-09-18 20:00:00+00:00, run_after=2024-09-19 00:00:00+00:00
[2024-09-19T03:59:44.725+0000] {processor.py:208} INFO - Processing /Users/omer/anaconda3/lib/python3.11/site-packages/airflow/example_dags/example_latest_only_with_trigger.py took 0.041 seconds
[2024-09-19T04:23:04.047+0000] {processor.py:186} INFO - Started process (PID=25329) to work on /Users/omer/anaconda3/lib/python3.11/site-packages/airflow/example_dags/example_latest_only_with_trigger.py
[2024-09-19T04:23:04.048+0000] {processor.py:914} INFO - Processing file /Users/omer/anaconda3/lib/python3.11/site-packages/airflow/example_dags/example_latest_only_with_trigger.py for tasks to queue
[2024-09-19T04:23:04.048+0000] {logging_mixin.py:190} INFO - [2024-09-19T04:23:04.048+0000] {dagbag.py:587} INFO - Filling up the DagBag from /Users/omer/anaconda3/lib/python3.11/site-packages/airflow/example_dags/example_latest_only_with_trigger.py
[2024-09-19T04:23:04.051+0000] {processor.py:925} INFO - DAG(s) 'latest_only_with_trigger' retrieved from /Users/omer/anaconda3/lib/python3.11/site-packages/airflow/example_dags/example_latest_only_with_trigger.py
[2024-09-19T04:23:04.076+0000] {logging_mixin.py:190} INFO - [2024-09-19T04:23:04.076+0000] {dag.py:3229} INFO - Sync 1 DAGs
[2024-09-19T04:23:04.081+0000] {logging_mixin.py:190} INFO - [2024-09-19T04:23:04.081+0000] {dag.py:4156} INFO - Setting next_dagrun for latest_only_with_trigger to 2024-09-19 00:00:00+00:00, run_after=2024-09-19 04:00:00+00:00
[2024-09-19T04:23:04.086+0000] {processor.py:208} INFO - Processing /Users/omer/anaconda3/lib/python3.11/site-packages/airflow/example_dags/example_latest_only_with_trigger.py took 0.040 seconds
[2024-09-19T04:59:29.039+0000] {processor.py:186} INFO - Started process (PID=25454) to work on /Users/omer/anaconda3/lib/python3.11/site-packages/airflow/example_dags/example_latest_only_with_trigger.py
[2024-09-19T04:59:29.040+0000] {processor.py:914} INFO - Processing file /Users/omer/anaconda3/lib/python3.11/site-packages/airflow/example_dags/example_latest_only_with_trigger.py for tasks to queue
[2024-09-19T04:59:29.040+0000] {logging_mixin.py:190} INFO - [2024-09-19T04:59:29.040+0000] {dagbag.py:587} INFO - Filling up the DagBag from /Users/omer/anaconda3/lib/python3.11/site-packages/airflow/example_dags/example_latest_only_with_trigger.py
[2024-09-19T04:59:29.043+0000] {processor.py:925} INFO - DAG(s) 'latest_only_with_trigger' retrieved from /Users/omer/anaconda3/lib/python3.11/site-packages/airflow/example_dags/example_latest_only_with_trigger.py
[2024-09-19T04:59:29.067+0000] {logging_mixin.py:190} INFO - [2024-09-19T04:59:29.067+0000] {dag.py:3229} INFO - Sync 1 DAGs
[2024-09-19T04:59:29.072+0000] {logging_mixin.py:190} INFO - [2024-09-19T04:59:29.072+0000] {dag.py:4156} INFO - Setting next_dagrun for latest_only_with_trigger to 2024-09-19 00:00:00+00:00, run_after=2024-09-19 04:00:00+00:00
[2024-09-19T04:59:29.078+0000] {processor.py:208} INFO - Processing /Users/omer/anaconda3/lib/python3.11/site-packages/airflow/example_dags/example_latest_only_with_trigger.py took 0.039 seconds
[2024-09-19T05:40:13.083+0000] {processor.py:186} INFO - Started process (PID=25565) to work on /Users/omer/anaconda3/lib/python3.11/site-packages/airflow/example_dags/example_latest_only_with_trigger.py
[2024-09-19T05:40:13.083+0000] {processor.py:914} INFO - Processing file /Users/omer/anaconda3/lib/python3.11/site-packages/airflow/example_dags/example_latest_only_with_trigger.py for tasks to queue
[2024-09-19T05:40:13.083+0000] {logging_mixin.py:190} INFO - [2024-09-19T05:40:13.083+0000] {dagbag.py:587} INFO - Filling up the DagBag from /Users/omer/anaconda3/lib/python3.11/site-packages/airflow/example_dags/example_latest_only_with_trigger.py
[2024-09-19T05:40:13.086+0000] {processor.py:925} INFO - DAG(s) 'latest_only_with_trigger' retrieved from /Users/omer/anaconda3/lib/python3.11/site-packages/airflow/example_dags/example_latest_only_with_trigger.py
[2024-09-19T05:40:13.112+0000] {logging_mixin.py:190} INFO - [2024-09-19T05:40:13.112+0000] {dag.py:3229} INFO - Sync 1 DAGs
[2024-09-19T05:40:13.118+0000] {logging_mixin.py:190} INFO - [2024-09-19T05:40:13.118+0000] {dag.py:4156} INFO - Setting next_dagrun for latest_only_with_trigger to 2024-09-19 00:00:00+00:00, run_after=2024-09-19 04:00:00+00:00
[2024-09-19T05:40:13.123+0000] {processor.py:208} INFO - Processing /Users/omer/anaconda3/lib/python3.11/site-packages/airflow/example_dags/example_latest_only_with_trigger.py took 0.041 seconds
[2024-09-19T06:15:09.752+0000] {processor.py:186} INFO - Started process (PID=25709) to work on /Users/omer/anaconda3/lib/python3.11/site-packages/airflow/example_dags/example_latest_only_with_trigger.py
[2024-09-19T06:15:09.753+0000] {processor.py:914} INFO - Processing file /Users/omer/anaconda3/lib/python3.11/site-packages/airflow/example_dags/example_latest_only_with_trigger.py for tasks to queue
[2024-09-19T06:15:09.753+0000] {logging_mixin.py:190} INFO - [2024-09-19T06:15:09.753+0000] {dagbag.py:587} INFO - Filling up the DagBag from /Users/omer/anaconda3/lib/python3.11/site-packages/airflow/example_dags/example_latest_only_with_trigger.py
[2024-09-19T06:15:09.755+0000] {processor.py:925} INFO - DAG(s) 'latest_only_with_trigger' retrieved from /Users/omer/anaconda3/lib/python3.11/site-packages/airflow/example_dags/example_latest_only_with_trigger.py
[2024-09-19T06:15:09.780+0000] {logging_mixin.py:190} INFO - [2024-09-19T06:15:09.780+0000] {dag.py:3229} INFO - Sync 1 DAGs
[2024-09-19T06:15:09.786+0000] {logging_mixin.py:190} INFO - [2024-09-19T06:15:09.785+0000] {dag.py:4156} INFO - Setting next_dagrun for latest_only_with_trigger to 2024-09-19 00:00:00+00:00, run_after=2024-09-19 04:00:00+00:00
[2024-09-19T06:15:09.791+0000] {processor.py:208} INFO - Processing /Users/omer/anaconda3/lib/python3.11/site-packages/airflow/example_dags/example_latest_only_with_trigger.py took 0.039 seconds
[2024-09-19T06:17:46.903+0000] {processor.py:186} INFO - Started process (PID=25905) to work on /Users/omer/anaconda3/lib/python3.11/site-packages/airflow/example_dags/example_latest_only_with_trigger.py
[2024-09-19T06:17:46.904+0000] {processor.py:914} INFO - Processing file /Users/omer/anaconda3/lib/python3.11/site-packages/airflow/example_dags/example_latest_only_with_trigger.py for tasks to queue
[2024-09-19T06:17:46.904+0000] {logging_mixin.py:190} INFO - [2024-09-19T06:17:46.904+0000] {dagbag.py:587} INFO - Filling up the DagBag from /Users/omer/anaconda3/lib/python3.11/site-packages/airflow/example_dags/example_latest_only_with_trigger.py
[2024-09-19T06:17:46.906+0000] {processor.py:925} INFO - DAG(s) 'latest_only_with_trigger' retrieved from /Users/omer/anaconda3/lib/python3.11/site-packages/airflow/example_dags/example_latest_only_with_trigger.py
[2024-09-19T06:17:46.933+0000] {logging_mixin.py:190} INFO - [2024-09-19T06:17:46.933+0000] {dag.py:3229} INFO - Sync 1 DAGs
[2024-09-19T06:17:46.939+0000] {logging_mixin.py:190} INFO - [2024-09-19T06:17:46.939+0000] {dag.py:4156} INFO - Setting next_dagrun for latest_only_with_trigger to 2024-09-19 00:00:00+00:00, run_after=2024-09-19 04:00:00+00:00
[2024-09-19T06:17:46.945+0000] {processor.py:208} INFO - Processing /Users/omer/anaconda3/lib/python3.11/site-packages/airflow/example_dags/example_latest_only_with_trigger.py took 0.043 seconds
[2024-09-19T06:20:08.761+0000] {processor.py:186} INFO - Started process (PID=26119) to work on /Users/omer/anaconda3/lib/python3.11/site-packages/airflow/example_dags/example_latest_only_with_trigger.py
[2024-09-19T06:20:08.762+0000] {processor.py:914} INFO - Processing file /Users/omer/anaconda3/lib/python3.11/site-packages/airflow/example_dags/example_latest_only_with_trigger.py for tasks to queue
[2024-09-19T06:20:08.762+0000] {logging_mixin.py:190} INFO - [2024-09-19T06:20:08.762+0000] {dagbag.py:587} INFO - Filling up the DagBag from /Users/omer/anaconda3/lib/python3.11/site-packages/airflow/example_dags/example_latest_only_with_trigger.py
[2024-09-19T06:20:08.764+0000] {processor.py:925} INFO - DAG(s) 'latest_only_with_trigger' retrieved from /Users/omer/anaconda3/lib/python3.11/site-packages/airflow/example_dags/example_latest_only_with_trigger.py
[2024-09-19T06:20:08.791+0000] {logging_mixin.py:190} INFO - [2024-09-19T06:20:08.791+0000] {dag.py:3229} INFO - Sync 1 DAGs
[2024-09-19T06:20:08.796+0000] {logging_mixin.py:190} INFO - [2024-09-19T06:20:08.796+0000] {dag.py:4156} INFO - Setting next_dagrun for latest_only_with_trigger to 2024-09-19 00:00:00+00:00, run_after=2024-09-19 04:00:00+00:00
[2024-09-19T06:20:08.801+0000] {processor.py:208} INFO - Processing /Users/omer/anaconda3/lib/python3.11/site-packages/airflow/example_dags/example_latest_only_with_trigger.py took 0.042 seconds
[2024-09-19T06:22:04.936+0000] {processor.py:186} INFO - Started process (PID=26323) to work on /Users/omer/anaconda3/lib/python3.11/site-packages/airflow/example_dags/example_latest_only_with_trigger.py
[2024-09-19T06:22:04.937+0000] {processor.py:914} INFO - Processing file /Users/omer/anaconda3/lib/python3.11/site-packages/airflow/example_dags/example_latest_only_with_trigger.py for tasks to queue
[2024-09-19T06:22:04.937+0000] {logging_mixin.py:190} INFO - [2024-09-19T06:22:04.937+0000] {dagbag.py:587} INFO - Filling up the DagBag from /Users/omer/anaconda3/lib/python3.11/site-packages/airflow/example_dags/example_latest_only_with_trigger.py
[2024-09-19T06:22:04.939+0000] {processor.py:925} INFO - DAG(s) 'latest_only_with_trigger' retrieved from /Users/omer/anaconda3/lib/python3.11/site-packages/airflow/example_dags/example_latest_only_with_trigger.py
[2024-09-19T06:22:04.966+0000] {logging_mixin.py:190} INFO - [2024-09-19T06:22:04.966+0000] {dag.py:3229} INFO - Sync 1 DAGs
[2024-09-19T06:22:04.971+0000] {logging_mixin.py:190} INFO - [2024-09-19T06:22:04.971+0000] {dag.py:4156} INFO - Setting next_dagrun for latest_only_with_trigger to 2024-09-19 00:00:00+00:00, run_after=2024-09-19 04:00:00+00:00
[2024-09-19T06:22:04.976+0000] {processor.py:208} INFO - Processing /Users/omer/anaconda3/lib/python3.11/site-packages/airflow/example_dags/example_latest_only_with_trigger.py took 0.041 seconds
[2024-09-19T06:23:46.593+0000] {processor.py:186} INFO - Started process (PID=26423) to work on /Users/omer/anaconda3/lib/python3.11/site-packages/airflow/example_dags/example_latest_only_with_trigger.py
[2024-09-19T06:23:46.594+0000] {processor.py:914} INFO - Processing file /Users/omer/anaconda3/lib/python3.11/site-packages/airflow/example_dags/example_latest_only_with_trigger.py for tasks to queue
[2024-09-19T06:23:46.594+0000] {logging_mixin.py:190} INFO - [2024-09-19T06:23:46.594+0000] {dagbag.py:587} INFO - Filling up the DagBag from /Users/omer/anaconda3/lib/python3.11/site-packages/airflow/example_dags/example_latest_only_with_trigger.py
[2024-09-19T06:23:46.597+0000] {processor.py:925} INFO - DAG(s) 'latest_only_with_trigger' retrieved from /Users/omer/anaconda3/lib/python3.11/site-packages/airflow/example_dags/example_latest_only_with_trigger.py
[2024-09-19T06:23:46.623+0000] {logging_mixin.py:190} INFO - [2024-09-19T06:23:46.623+0000] {dag.py:3229} INFO - Sync 1 DAGs
[2024-09-19T06:23:46.628+0000] {logging_mixin.py:190} INFO - [2024-09-19T06:23:46.628+0000] {dag.py:4156} INFO - Setting next_dagrun for latest_only_with_trigger to 2024-09-19 00:00:00+00:00, run_after=2024-09-19 04:00:00+00:00
[2024-09-19T06:23:46.633+0000] {processor.py:208} INFO - Processing /Users/omer/anaconda3/lib/python3.11/site-packages/airflow/example_dags/example_latest_only_with_trigger.py took 0.041 seconds
[2024-09-19T06:26:03.083+0000] {processor.py:186} INFO - Started process (PID=26643) to work on /Users/omer/anaconda3/lib/python3.11/site-packages/airflow/example_dags/example_latest_only_with_trigger.py
[2024-09-19T06:26:03.084+0000] {processor.py:914} INFO - Processing file /Users/omer/anaconda3/lib/python3.11/site-packages/airflow/example_dags/example_latest_only_with_trigger.py for tasks to queue
[2024-09-19T06:26:03.085+0000] {logging_mixin.py:190} INFO - [2024-09-19T06:26:03.084+0000] {dagbag.py:587} INFO - Filling up the DagBag from /Users/omer/anaconda3/lib/python3.11/site-packages/airflow/example_dags/example_latest_only_with_trigger.py
[2024-09-19T06:26:03.087+0000] {processor.py:925} INFO - DAG(s) 'latest_only_with_trigger' retrieved from /Users/omer/anaconda3/lib/python3.11/site-packages/airflow/example_dags/example_latest_only_with_trigger.py
[2024-09-19T06:26:03.114+0000] {logging_mixin.py:190} INFO - [2024-09-19T06:26:03.114+0000] {dag.py:3229} INFO - Sync 1 DAGs
[2024-09-19T06:26:03.120+0000] {logging_mixin.py:190} INFO - [2024-09-19T06:26:03.120+0000] {dag.py:4156} INFO - Setting next_dagrun for latest_only_with_trigger to 2024-09-19 00:00:00+00:00, run_after=2024-09-19 04:00:00+00:00
[2024-09-19T06:26:03.125+0000] {processor.py:208} INFO - Processing /Users/omer/anaconda3/lib/python3.11/site-packages/airflow/example_dags/example_latest_only_with_trigger.py took 0.043 seconds
