[2024-09-19T00:51:57.500+0000] {processor.py:186} INFO - Started process (PID=24609) to work on /Users/omer/anaconda3/lib/python3.11/site-packages/airflow/example_dags/example_dataset_alias_with_no_taskflow.py
[2024-09-19T00:51:57.500+0000] {processor.py:914} INFO - Processing file /Users/omer/anaconda3/lib/python3.11/site-packages/airflow/example_dags/example_dataset_alias_with_no_taskflow.py for tasks to queue
[2024-09-19T00:51:57.501+0000] {logging_mixin.py:190} INFO - [2024-09-19T00:51:57.501+0000] {dagbag.py:587} INFO - Filling up the DagBag from /Users/omer/anaconda3/lib/python3.11/site-packages/airflow/example_dags/example_dataset_alias_with_no_taskflow.py
[2024-09-19T00:51:57.547+0000] {processor.py:925} INFO - DAG(s) 'dataset_s3_bucket_producer_with_no_taskflow', 'dataset_alias_example_alias_producer_with_no_taskflow', 'dataset_s3_bucket_consumer_with_no_taskflow', 'dataset_alias_example_alias_consumer_with_no_taskflow' retrieved from /Users/omer/anaconda3/lib/python3.11/site-packages/airflow/example_dags/example_dataset_alias_with_no_taskflow.py
[2024-09-19T00:51:57.553+0000] {logging_mixin.py:190} INFO - [2024-09-19T00:51:57.553+0000] {dag.py:3229} INFO - Sync 4 DAGs
[2024-09-19T00:51:57.558+0000] {logging_mixin.py:190} INFO - [2024-09-19T00:51:57.558+0000] {dag.py:4156} INFO - Setting next_dagrun for dataset_alias_example_alias_consumer_with_no_taskflow to None, run_after=None
[2024-09-19T00:51:57.559+0000] {logging_mixin.py:190} INFO - [2024-09-19T00:51:57.559+0000] {dag.py:4156} INFO - Setting next_dagrun for dataset_alias_example_alias_producer_with_no_taskflow to None, run_after=None
[2024-09-19T00:51:57.559+0000] {logging_mixin.py:190} INFO - [2024-09-19T00:51:57.559+0000] {dag.py:4156} INFO - Setting next_dagrun for dataset_s3_bucket_consumer_with_no_taskflow to None, run_after=None
[2024-09-19T00:51:57.559+0000] {logging_mixin.py:190} INFO - [2024-09-19T00:51:57.559+0000] {dag.py:4156} INFO - Setting next_dagrun for dataset_s3_bucket_producer_with_no_taskflow to None, run_after=None
[2024-09-19T00:51:57.564+0000] {processor.py:208} INFO - Processing /Users/omer/anaconda3/lib/python3.11/site-packages/airflow/example_dags/example_dataset_alias_with_no_taskflow.py took 0.065 seconds
[2024-09-19T01:41:31.070+0000] {processor.py:186} INFO - Started process (PID=24718) to work on /Users/omer/anaconda3/lib/python3.11/site-packages/airflow/example_dags/example_dataset_alias_with_no_taskflow.py
[2024-09-19T01:41:31.070+0000] {processor.py:914} INFO - Processing file /Users/omer/anaconda3/lib/python3.11/site-packages/airflow/example_dags/example_dataset_alias_with_no_taskflow.py for tasks to queue
[2024-09-19T01:41:31.071+0000] {logging_mixin.py:190} INFO - [2024-09-19T01:41:31.071+0000] {dagbag.py:587} INFO - Filling up the DagBag from /Users/omer/anaconda3/lib/python3.11/site-packages/airflow/example_dags/example_dataset_alias_with_no_taskflow.py
[2024-09-19T01:41:31.117+0000] {processor.py:925} INFO - DAG(s) 'dataset_s3_bucket_producer_with_no_taskflow', 'dataset_alias_example_alias_consumer_with_no_taskflow', 'dataset_s3_bucket_consumer_with_no_taskflow', 'dataset_alias_example_alias_producer_with_no_taskflow' retrieved from /Users/omer/anaconda3/lib/python3.11/site-packages/airflow/example_dags/example_dataset_alias_with_no_taskflow.py
[2024-09-19T01:41:31.123+0000] {logging_mixin.py:190} INFO - [2024-09-19T01:41:31.123+0000] {dag.py:3229} INFO - Sync 4 DAGs
[2024-09-19T01:41:31.128+0000] {logging_mixin.py:190} INFO - [2024-09-19T01:41:31.128+0000] {dag.py:4156} INFO - Setting next_dagrun for dataset_alias_example_alias_consumer_with_no_taskflow to None, run_after=None
[2024-09-19T01:41:31.129+0000] {logging_mixin.py:190} INFO - [2024-09-19T01:41:31.129+0000] {dag.py:4156} INFO - Setting next_dagrun for dataset_alias_example_alias_producer_with_no_taskflow to None, run_after=None
[2024-09-19T01:41:31.129+0000] {logging_mixin.py:190} INFO - [2024-09-19T01:41:31.129+0000] {dag.py:4156} INFO - Setting next_dagrun for dataset_s3_bucket_consumer_with_no_taskflow to None, run_after=None
[2024-09-19T01:41:31.129+0000] {logging_mixin.py:190} INFO - [2024-09-19T01:41:31.129+0000] {dag.py:4156} INFO - Setting next_dagrun for dataset_s3_bucket_producer_with_no_taskflow to None, run_after=None
[2024-09-19T01:41:31.135+0000] {processor.py:208} INFO - Processing /Users/omer/anaconda3/lib/python3.11/site-packages/airflow/example_dags/example_dataset_alias_with_no_taskflow.py took 0.066 seconds
[2024-09-19T02:05:35.695+0000] {processor.py:186} INFO - Started process (PID=24844) to work on /Users/omer/anaconda3/lib/python3.11/site-packages/airflow/example_dags/example_dataset_alias_with_no_taskflow.py
[2024-09-19T02:05:35.696+0000] {processor.py:914} INFO - Processing file /Users/omer/anaconda3/lib/python3.11/site-packages/airflow/example_dags/example_dataset_alias_with_no_taskflow.py for tasks to queue
[2024-09-19T02:05:35.696+0000] {logging_mixin.py:190} INFO - [2024-09-19T02:05:35.696+0000] {dagbag.py:587} INFO - Filling up the DagBag from /Users/omer/anaconda3/lib/python3.11/site-packages/airflow/example_dags/example_dataset_alias_with_no_taskflow.py
[2024-09-19T02:05:35.742+0000] {processor.py:925} INFO - DAG(s) 'dataset_alias_example_alias_producer_with_no_taskflow', 'dataset_alias_example_alias_consumer_with_no_taskflow', 'dataset_s3_bucket_producer_with_no_taskflow', 'dataset_s3_bucket_consumer_with_no_taskflow' retrieved from /Users/omer/anaconda3/lib/python3.11/site-packages/airflow/example_dags/example_dataset_alias_with_no_taskflow.py
[2024-09-19T02:05:35.748+0000] {logging_mixin.py:190} INFO - [2024-09-19T02:05:35.748+0000] {dag.py:3229} INFO - Sync 4 DAGs
[2024-09-19T02:05:35.753+0000] {logging_mixin.py:190} INFO - [2024-09-19T02:05:35.753+0000] {dag.py:4156} INFO - Setting next_dagrun for dataset_alias_example_alias_consumer_with_no_taskflow to None, run_after=None
[2024-09-19T02:05:35.754+0000] {logging_mixin.py:190} INFO - [2024-09-19T02:05:35.754+0000] {dag.py:4156} INFO - Setting next_dagrun for dataset_alias_example_alias_producer_with_no_taskflow to None, run_after=None
[2024-09-19T02:05:35.754+0000] {logging_mixin.py:190} INFO - [2024-09-19T02:05:35.754+0000] {dag.py:4156} INFO - Setting next_dagrun for dataset_s3_bucket_consumer_with_no_taskflow to None, run_after=None
[2024-09-19T02:05:35.754+0000] {logging_mixin.py:190} INFO - [2024-09-19T02:05:35.754+0000] {dag.py:4156} INFO - Setting next_dagrun for dataset_s3_bucket_producer_with_no_taskflow to None, run_after=None
[2024-09-19T02:05:35.759+0000] {processor.py:208} INFO - Processing /Users/omer/anaconda3/lib/python3.11/site-packages/airflow/example_dags/example_dataset_alias_with_no_taskflow.py took 0.065 seconds
[2024-09-19T02:44:13.371+0000] {processor.py:186} INFO - Started process (PID=24967) to work on /Users/omer/anaconda3/lib/python3.11/site-packages/airflow/example_dags/example_dataset_alias_with_no_taskflow.py
[2024-09-19T02:44:13.372+0000] {processor.py:914} INFO - Processing file /Users/omer/anaconda3/lib/python3.11/site-packages/airflow/example_dags/example_dataset_alias_with_no_taskflow.py for tasks to queue
[2024-09-19T02:44:13.373+0000] {logging_mixin.py:190} INFO - [2024-09-19T02:44:13.373+0000] {dagbag.py:587} INFO - Filling up the DagBag from /Users/omer/anaconda3/lib/python3.11/site-packages/airflow/example_dags/example_dataset_alias_with_no_taskflow.py
[2024-09-19T02:44:13.418+0000] {processor.py:925} INFO - DAG(s) 'dataset_alias_example_alias_consumer_with_no_taskflow', 'dataset_s3_bucket_consumer_with_no_taskflow', 'dataset_alias_example_alias_producer_with_no_taskflow', 'dataset_s3_bucket_producer_with_no_taskflow' retrieved from /Users/omer/anaconda3/lib/python3.11/site-packages/airflow/example_dags/example_dataset_alias_with_no_taskflow.py
[2024-09-19T02:44:13.425+0000] {logging_mixin.py:190} INFO - [2024-09-19T02:44:13.425+0000] {dag.py:3229} INFO - Sync 4 DAGs
[2024-09-19T02:44:13.429+0000] {logging_mixin.py:190} INFO - [2024-09-19T02:44:13.429+0000] {dag.py:4156} INFO - Setting next_dagrun for dataset_alias_example_alias_consumer_with_no_taskflow to None, run_after=None
[2024-09-19T02:44:13.430+0000] {logging_mixin.py:190} INFO - [2024-09-19T02:44:13.430+0000] {dag.py:4156} INFO - Setting next_dagrun for dataset_alias_example_alias_producer_with_no_taskflow to None, run_after=None
[2024-09-19T02:44:13.431+0000] {logging_mixin.py:190} INFO - [2024-09-19T02:44:13.431+0000] {dag.py:4156} INFO - Setting next_dagrun for dataset_s3_bucket_consumer_with_no_taskflow to None, run_after=None
[2024-09-19T02:44:13.431+0000] {logging_mixin.py:190} INFO - [2024-09-19T02:44:13.431+0000] {dag.py:4156} INFO - Setting next_dagrun for dataset_s3_bucket_producer_with_no_taskflow to None, run_after=None
[2024-09-19T02:44:13.436+0000] {processor.py:208} INFO - Processing /Users/omer/anaconda3/lib/python3.11/site-packages/airflow/example_dags/example_dataset_alias_with_no_taskflow.py took 0.066 seconds
[2024-09-19T03:21:39.323+0000] {processor.py:186} INFO - Started process (PID=25073) to work on /Users/omer/anaconda3/lib/python3.11/site-packages/airflow/example_dags/example_dataset_alias_with_no_taskflow.py
[2024-09-19T03:21:39.324+0000] {processor.py:914} INFO - Processing file /Users/omer/anaconda3/lib/python3.11/site-packages/airflow/example_dags/example_dataset_alias_with_no_taskflow.py for tasks to queue
[2024-09-19T03:21:39.324+0000] {logging_mixin.py:190} INFO - [2024-09-19T03:21:39.324+0000] {dagbag.py:587} INFO - Filling up the DagBag from /Users/omer/anaconda3/lib/python3.11/site-packages/airflow/example_dags/example_dataset_alias_with_no_taskflow.py
[2024-09-19T03:21:39.369+0000] {processor.py:925} INFO - DAG(s) 'dataset_s3_bucket_producer_with_no_taskflow', 'dataset_alias_example_alias_producer_with_no_taskflow', 'dataset_s3_bucket_consumer_with_no_taskflow', 'dataset_alias_example_alias_consumer_with_no_taskflow' retrieved from /Users/omer/anaconda3/lib/python3.11/site-packages/airflow/example_dags/example_dataset_alias_with_no_taskflow.py
[2024-09-19T03:21:39.376+0000] {logging_mixin.py:190} INFO - [2024-09-19T03:21:39.375+0000] {dag.py:3229} INFO - Sync 4 DAGs
[2024-09-19T03:21:39.380+0000] {logging_mixin.py:190} INFO - [2024-09-19T03:21:39.380+0000] {dag.py:4156} INFO - Setting next_dagrun for dataset_alias_example_alias_consumer_with_no_taskflow to None, run_after=None
[2024-09-19T03:21:39.381+0000] {logging_mixin.py:190} INFO - [2024-09-19T03:21:39.381+0000] {dag.py:4156} INFO - Setting next_dagrun for dataset_alias_example_alias_producer_with_no_taskflow to None, run_after=None
[2024-09-19T03:21:39.382+0000] {logging_mixin.py:190} INFO - [2024-09-19T03:21:39.382+0000] {dag.py:4156} INFO - Setting next_dagrun for dataset_s3_bucket_consumer_with_no_taskflow to None, run_after=None
[2024-09-19T03:21:39.382+0000] {logging_mixin.py:190} INFO - [2024-09-19T03:21:39.382+0000] {dag.py:4156} INFO - Setting next_dagrun for dataset_s3_bucket_producer_with_no_taskflow to None, run_after=None
[2024-09-19T03:21:39.387+0000] {processor.py:208} INFO - Processing /Users/omer/anaconda3/lib/python3.11/site-packages/airflow/example_dags/example_dataset_alias_with_no_taskflow.py took 0.066 seconds
[2024-09-19T04:00:51.419+0000] {processor.py:186} INFO - Started process (PID=25241) to work on /Users/omer/anaconda3/lib/python3.11/site-packages/airflow/example_dags/example_dataset_alias_with_no_taskflow.py
[2024-09-19T04:00:51.420+0000] {processor.py:914} INFO - Processing file /Users/omer/anaconda3/lib/python3.11/site-packages/airflow/example_dags/example_dataset_alias_with_no_taskflow.py for tasks to queue
[2024-09-19T04:00:51.420+0000] {logging_mixin.py:190} INFO - [2024-09-19T04:00:51.420+0000] {dagbag.py:587} INFO - Filling up the DagBag from /Users/omer/anaconda3/lib/python3.11/site-packages/airflow/example_dags/example_dataset_alias_with_no_taskflow.py
[2024-09-19T04:00:51.465+0000] {processor.py:925} INFO - DAG(s) 'dataset_alias_example_alias_producer_with_no_taskflow', 'dataset_s3_bucket_producer_with_no_taskflow', 'dataset_alias_example_alias_consumer_with_no_taskflow', 'dataset_s3_bucket_consumer_with_no_taskflow' retrieved from /Users/omer/anaconda3/lib/python3.11/site-packages/airflow/example_dags/example_dataset_alias_with_no_taskflow.py
[2024-09-19T04:00:51.471+0000] {logging_mixin.py:190} INFO - [2024-09-19T04:00:51.471+0000] {dag.py:3229} INFO - Sync 4 DAGs
[2024-09-19T04:00:51.476+0000] {logging_mixin.py:190} INFO - [2024-09-19T04:00:51.476+0000] {dag.py:4156} INFO - Setting next_dagrun for dataset_alias_example_alias_consumer_with_no_taskflow to None, run_after=None
[2024-09-19T04:00:51.477+0000] {logging_mixin.py:190} INFO - [2024-09-19T04:00:51.477+0000] {dag.py:4156} INFO - Setting next_dagrun for dataset_alias_example_alias_producer_with_no_taskflow to None, run_after=None
[2024-09-19T04:00:51.477+0000] {logging_mixin.py:190} INFO - [2024-09-19T04:00:51.477+0000] {dag.py:4156} INFO - Setting next_dagrun for dataset_s3_bucket_consumer_with_no_taskflow to None, run_after=None
[2024-09-19T04:00:51.477+0000] {logging_mixin.py:190} INFO - [2024-09-19T04:00:51.477+0000] {dag.py:4156} INFO - Setting next_dagrun for dataset_s3_bucket_producer_with_no_taskflow to None, run_after=None
[2024-09-19T04:00:51.483+0000] {processor.py:208} INFO - Processing /Users/omer/anaconda3/lib/python3.11/site-packages/airflow/example_dags/example_dataset_alias_with_no_taskflow.py took 0.065 seconds
[2024-09-19T04:40:01.577+0000] {processor.py:186} INFO - Started process (PID=25354) to work on /Users/omer/anaconda3/lib/python3.11/site-packages/airflow/example_dags/example_dataset_alias_with_no_taskflow.py
[2024-09-19T04:40:01.577+0000] {processor.py:914} INFO - Processing file /Users/omer/anaconda3/lib/python3.11/site-packages/airflow/example_dags/example_dataset_alias_with_no_taskflow.py for tasks to queue
[2024-09-19T04:40:01.578+0000] {logging_mixin.py:190} INFO - [2024-09-19T04:40:01.578+0000] {dagbag.py:587} INFO - Filling up the DagBag from /Users/omer/anaconda3/lib/python3.11/site-packages/airflow/example_dags/example_dataset_alias_with_no_taskflow.py
[2024-09-19T04:40:01.627+0000] {processor.py:925} INFO - DAG(s) 'dataset_s3_bucket_producer_with_no_taskflow', 'dataset_s3_bucket_consumer_with_no_taskflow', 'dataset_alias_example_alias_producer_with_no_taskflow', 'dataset_alias_example_alias_consumer_with_no_taskflow' retrieved from /Users/omer/anaconda3/lib/python3.11/site-packages/airflow/example_dags/example_dataset_alias_with_no_taskflow.py
[2024-09-19T04:40:01.633+0000] {logging_mixin.py:190} INFO - [2024-09-19T04:40:01.633+0000] {dag.py:3229} INFO - Sync 4 DAGs
[2024-09-19T04:40:01.638+0000] {logging_mixin.py:190} INFO - [2024-09-19T04:40:01.638+0000] {dag.py:4156} INFO - Setting next_dagrun for dataset_alias_example_alias_consumer_with_no_taskflow to None, run_after=None
[2024-09-19T04:40:01.639+0000] {logging_mixin.py:190} INFO - [2024-09-19T04:40:01.639+0000] {dag.py:4156} INFO - Setting next_dagrun for dataset_alias_example_alias_producer_with_no_taskflow to None, run_after=None
[2024-09-19T04:40:01.639+0000] {logging_mixin.py:190} INFO - [2024-09-19T04:40:01.639+0000] {dag.py:4156} INFO - Setting next_dagrun for dataset_s3_bucket_consumer_with_no_taskflow to None, run_after=None
[2024-09-19T04:40:01.639+0000] {logging_mixin.py:190} INFO - [2024-09-19T04:40:01.639+0000] {dag.py:4156} INFO - Setting next_dagrun for dataset_s3_bucket_producer_with_no_taskflow to None, run_after=None
[2024-09-19T04:40:01.644+0000] {processor.py:208} INFO - Processing /Users/omer/anaconda3/lib/python3.11/site-packages/airflow/example_dags/example_dataset_alias_with_no_taskflow.py took 0.068 seconds
[2024-09-19T05:00:08.922+0000] {processor.py:186} INFO - Started process (PID=25473) to work on /Users/omer/anaconda3/lib/python3.11/site-packages/airflow/example_dags/example_dataset_alias_with_no_taskflow.py
[2024-09-19T05:00:08.923+0000] {processor.py:914} INFO - Processing file /Users/omer/anaconda3/lib/python3.11/site-packages/airflow/example_dags/example_dataset_alias_with_no_taskflow.py for tasks to queue
[2024-09-19T05:00:08.923+0000] {logging_mixin.py:190} INFO - [2024-09-19T05:00:08.923+0000] {dagbag.py:587} INFO - Filling up the DagBag from /Users/omer/anaconda3/lib/python3.11/site-packages/airflow/example_dags/example_dataset_alias_with_no_taskflow.py
[2024-09-19T05:00:08.970+0000] {processor.py:925} INFO - DAG(s) 'dataset_alias_example_alias_consumer_with_no_taskflow', 'dataset_alias_example_alias_producer_with_no_taskflow', 'dataset_s3_bucket_producer_with_no_taskflow', 'dataset_s3_bucket_consumer_with_no_taskflow' retrieved from /Users/omer/anaconda3/lib/python3.11/site-packages/airflow/example_dags/example_dataset_alias_with_no_taskflow.py
[2024-09-19T05:00:08.977+0000] {logging_mixin.py:190} INFO - [2024-09-19T05:00:08.977+0000] {dag.py:3229} INFO - Sync 4 DAGs
[2024-09-19T05:00:08.981+0000] {logging_mixin.py:190} INFO - [2024-09-19T05:00:08.981+0000] {dag.py:4156} INFO - Setting next_dagrun for dataset_alias_example_alias_consumer_with_no_taskflow to None, run_after=None
[2024-09-19T05:00:08.982+0000] {logging_mixin.py:190} INFO - [2024-09-19T05:00:08.982+0000] {dag.py:4156} INFO - Setting next_dagrun for dataset_alias_example_alias_producer_with_no_taskflow to None, run_after=None
[2024-09-19T05:00:08.983+0000] {logging_mixin.py:190} INFO - [2024-09-19T05:00:08.983+0000] {dag.py:4156} INFO - Setting next_dagrun for dataset_s3_bucket_consumer_with_no_taskflow to None, run_after=None
[2024-09-19T05:00:08.983+0000] {logging_mixin.py:190} INFO - [2024-09-19T05:00:08.983+0000] {dag.py:4156} INFO - Setting next_dagrun for dataset_s3_bucket_producer_with_no_taskflow to None, run_after=None
[2024-09-19T05:00:08.988+0000] {processor.py:208} INFO - Processing /Users/omer/anaconda3/lib/python3.11/site-packages/airflow/example_dags/example_dataset_alias_with_no_taskflow.py took 0.067 seconds
[2024-09-19T05:43:14.592+0000] {processor.py:186} INFO - Started process (PID=25594) to work on /Users/omer/anaconda3/lib/python3.11/site-packages/airflow/example_dags/example_dataset_alias_with_no_taskflow.py
[2024-09-19T05:43:14.593+0000] {processor.py:914} INFO - Processing file /Users/omer/anaconda3/lib/python3.11/site-packages/airflow/example_dags/example_dataset_alias_with_no_taskflow.py for tasks to queue
[2024-09-19T05:43:14.593+0000] {logging_mixin.py:190} INFO - [2024-09-19T05:43:14.593+0000] {dagbag.py:587} INFO - Filling up the DagBag from /Users/omer/anaconda3/lib/python3.11/site-packages/airflow/example_dags/example_dataset_alias_with_no_taskflow.py
[2024-09-19T05:43:14.638+0000] {processor.py:925} INFO - DAG(s) 'dataset_s3_bucket_consumer_with_no_taskflow', 'dataset_alias_example_alias_producer_with_no_taskflow', 'dataset_alias_example_alias_consumer_with_no_taskflow', 'dataset_s3_bucket_producer_with_no_taskflow' retrieved from /Users/omer/anaconda3/lib/python3.11/site-packages/airflow/example_dags/example_dataset_alias_with_no_taskflow.py
[2024-09-19T05:43:14.644+0000] {logging_mixin.py:190} INFO - [2024-09-19T05:43:14.644+0000] {dag.py:3229} INFO - Sync 4 DAGs
[2024-09-19T05:43:14.649+0000] {logging_mixin.py:190} INFO - [2024-09-19T05:43:14.649+0000] {dag.py:4156} INFO - Setting next_dagrun for dataset_alias_example_alias_consumer_with_no_taskflow to None, run_after=None
[2024-09-19T05:43:14.650+0000] {logging_mixin.py:190} INFO - [2024-09-19T05:43:14.650+0000] {dag.py:4156} INFO - Setting next_dagrun for dataset_alias_example_alias_producer_with_no_taskflow to None, run_after=None
[2024-09-19T05:43:14.650+0000] {logging_mixin.py:190} INFO - [2024-09-19T05:43:14.650+0000] {dag.py:4156} INFO - Setting next_dagrun for dataset_s3_bucket_consumer_with_no_taskflow to None, run_after=None
[2024-09-19T05:43:14.651+0000] {logging_mixin.py:190} INFO - [2024-09-19T05:43:14.651+0000] {dag.py:4156} INFO - Setting next_dagrun for dataset_s3_bucket_producer_with_no_taskflow to None, run_after=None
[2024-09-19T05:43:14.656+0000] {processor.py:208} INFO - Processing /Users/omer/anaconda3/lib/python3.11/site-packages/airflow/example_dags/example_dataset_alias_with_no_taskflow.py took 0.065 seconds
[2024-09-19T06:16:37.674+0000] {processor.py:186} INFO - Started process (PID=25818) to work on /Users/omer/anaconda3/lib/python3.11/site-packages/airflow/example_dags/example_dataset_alias_with_no_taskflow.py
[2024-09-19T06:16:37.674+0000] {processor.py:914} INFO - Processing file /Users/omer/anaconda3/lib/python3.11/site-packages/airflow/example_dags/example_dataset_alias_with_no_taskflow.py for tasks to queue
[2024-09-19T06:16:37.675+0000] {logging_mixin.py:190} INFO - [2024-09-19T06:16:37.675+0000] {dagbag.py:587} INFO - Filling up the DagBag from /Users/omer/anaconda3/lib/python3.11/site-packages/airflow/example_dags/example_dataset_alias_with_no_taskflow.py
[2024-09-19T06:16:37.725+0000] {processor.py:925} INFO - DAG(s) 'dataset_alias_example_alias_consumer_with_no_taskflow', 'dataset_s3_bucket_producer_with_no_taskflow', 'dataset_alias_example_alias_producer_with_no_taskflow', 'dataset_s3_bucket_consumer_with_no_taskflow' retrieved from /Users/omer/anaconda3/lib/python3.11/site-packages/airflow/example_dags/example_dataset_alias_with_no_taskflow.py
[2024-09-19T06:16:37.734+0000] {logging_mixin.py:190} INFO - [2024-09-19T06:16:37.733+0000] {dag.py:3229} INFO - Sync 4 DAGs
[2024-09-19T06:16:37.740+0000] {logging_mixin.py:190} INFO - [2024-09-19T06:16:37.740+0000] {dag.py:4156} INFO - Setting next_dagrun for dataset_alias_example_alias_consumer_with_no_taskflow to None, run_after=None
[2024-09-19T06:16:37.741+0000] {logging_mixin.py:190} INFO - [2024-09-19T06:16:37.741+0000] {dag.py:4156} INFO - Setting next_dagrun for dataset_alias_example_alias_producer_with_no_taskflow to None, run_after=None
[2024-09-19T06:16:37.742+0000] {logging_mixin.py:190} INFO - [2024-09-19T06:16:37.742+0000] {dag.py:4156} INFO - Setting next_dagrun for dataset_s3_bucket_consumer_with_no_taskflow to None, run_after=None
[2024-09-19T06:16:37.742+0000] {logging_mixin.py:190} INFO - [2024-09-19T06:16:37.742+0000] {dag.py:4156} INFO - Setting next_dagrun for dataset_s3_bucket_producer_with_no_taskflow to None, run_after=None
[2024-09-19T06:16:37.749+0000] {processor.py:208} INFO - Processing /Users/omer/anaconda3/lib/python3.11/site-packages/airflow/example_dags/example_dataset_alias_with_no_taskflow.py took 0.076 seconds
[2024-09-19T06:19:06.408+0000] {processor.py:186} INFO - Started process (PID=26013) to work on /Users/omer/anaconda3/lib/python3.11/site-packages/airflow/example_dags/example_dataset_alias_with_no_taskflow.py
[2024-09-19T06:19:06.408+0000] {processor.py:914} INFO - Processing file /Users/omer/anaconda3/lib/python3.11/site-packages/airflow/example_dags/example_dataset_alias_with_no_taskflow.py for tasks to queue
[2024-09-19T06:19:06.408+0000] {logging_mixin.py:190} INFO - [2024-09-19T06:19:06.408+0000] {dagbag.py:587} INFO - Filling up the DagBag from /Users/omer/anaconda3/lib/python3.11/site-packages/airflow/example_dags/example_dataset_alias_with_no_taskflow.py
[2024-09-19T06:19:06.457+0000] {processor.py:925} INFO - DAG(s) 'dataset_alias_example_alias_producer_with_no_taskflow', 'dataset_s3_bucket_consumer_with_no_taskflow', 'dataset_s3_bucket_producer_with_no_taskflow', 'dataset_alias_example_alias_consumer_with_no_taskflow' retrieved from /Users/omer/anaconda3/lib/python3.11/site-packages/airflow/example_dags/example_dataset_alias_with_no_taskflow.py
[2024-09-19T06:19:06.463+0000] {logging_mixin.py:190} INFO - [2024-09-19T06:19:06.463+0000] {dag.py:3229} INFO - Sync 4 DAGs
[2024-09-19T06:19:06.468+0000] {logging_mixin.py:190} INFO - [2024-09-19T06:19:06.468+0000] {dag.py:4156} INFO - Setting next_dagrun for dataset_alias_example_alias_consumer_with_no_taskflow to None, run_after=None
[2024-09-19T06:19:06.469+0000] {logging_mixin.py:190} INFO - [2024-09-19T06:19:06.469+0000] {dag.py:4156} INFO - Setting next_dagrun for dataset_alias_example_alias_producer_with_no_taskflow to None, run_after=None
[2024-09-19T06:19:06.469+0000] {logging_mixin.py:190} INFO - [2024-09-19T06:19:06.469+0000] {dag.py:4156} INFO - Setting next_dagrun for dataset_s3_bucket_consumer_with_no_taskflow to None, run_after=None
[2024-09-19T06:19:06.469+0000] {logging_mixin.py:190} INFO - [2024-09-19T06:19:06.469+0000] {dag.py:4156} INFO - Setting next_dagrun for dataset_s3_bucket_producer_with_no_taskflow to None, run_after=None
[2024-09-19T06:19:06.475+0000] {processor.py:208} INFO - Processing /Users/omer/anaconda3/lib/python3.11/site-packages/airflow/example_dags/example_dataset_alias_with_no_taskflow.py took 0.069 seconds
[2024-09-19T06:22:20.508+0000] {processor.py:186} INFO - Started process (PID=26339) to work on /Users/omer/anaconda3/lib/python3.11/site-packages/airflow/example_dags/example_dataset_alias_with_no_taskflow.py
[2024-09-19T06:22:20.509+0000] {processor.py:914} INFO - Processing file /Users/omer/anaconda3/lib/python3.11/site-packages/airflow/example_dags/example_dataset_alias_with_no_taskflow.py for tasks to queue
[2024-09-19T06:22:20.509+0000] {logging_mixin.py:190} INFO - [2024-09-19T06:22:20.509+0000] {dagbag.py:587} INFO - Filling up the DagBag from /Users/omer/anaconda3/lib/python3.11/site-packages/airflow/example_dags/example_dataset_alias_with_no_taskflow.py
[2024-09-19T06:22:20.557+0000] {processor.py:925} INFO - DAG(s) 'dataset_alias_example_alias_producer_with_no_taskflow', 'dataset_alias_example_alias_consumer_with_no_taskflow', 'dataset_s3_bucket_producer_with_no_taskflow', 'dataset_s3_bucket_consumer_with_no_taskflow' retrieved from /Users/omer/anaconda3/lib/python3.11/site-packages/airflow/example_dags/example_dataset_alias_with_no_taskflow.py
[2024-09-19T06:22:20.563+0000] {logging_mixin.py:190} INFO - [2024-09-19T06:22:20.563+0000] {dag.py:3229} INFO - Sync 4 DAGs
[2024-09-19T06:22:20.568+0000] {logging_mixin.py:190} INFO - [2024-09-19T06:22:20.568+0000] {dag.py:4156} INFO - Setting next_dagrun for dataset_alias_example_alias_consumer_with_no_taskflow to None, run_after=None
[2024-09-19T06:22:20.569+0000] {logging_mixin.py:190} INFO - [2024-09-19T06:22:20.569+0000] {dag.py:4156} INFO - Setting next_dagrun for dataset_alias_example_alias_producer_with_no_taskflow to None, run_after=None
[2024-09-19T06:22:20.569+0000] {logging_mixin.py:190} INFO - [2024-09-19T06:22:20.569+0000] {dag.py:4156} INFO - Setting next_dagrun for dataset_s3_bucket_consumer_with_no_taskflow to None, run_after=None
[2024-09-19T06:22:20.569+0000] {logging_mixin.py:190} INFO - [2024-09-19T06:22:20.569+0000] {dag.py:4156} INFO - Setting next_dagrun for dataset_s3_bucket_producer_with_no_taskflow to None, run_after=None
[2024-09-19T06:22:20.575+0000] {processor.py:208} INFO - Processing /Users/omer/anaconda3/lib/python3.11/site-packages/airflow/example_dags/example_dataset_alias_with_no_taskflow.py took 0.068 seconds
[2024-09-19T06:24:40.916+0000] {processor.py:186} INFO - Started process (PID=26503) to work on /Users/omer/anaconda3/lib/python3.11/site-packages/airflow/example_dags/example_dataset_alias_with_no_taskflow.py
[2024-09-19T06:24:40.916+0000] {processor.py:914} INFO - Processing file /Users/omer/anaconda3/lib/python3.11/site-packages/airflow/example_dags/example_dataset_alias_with_no_taskflow.py for tasks to queue
[2024-09-19T06:24:40.916+0000] {logging_mixin.py:190} INFO - [2024-09-19T06:24:40.916+0000] {dagbag.py:587} INFO - Filling up the DagBag from /Users/omer/anaconda3/lib/python3.11/site-packages/airflow/example_dags/example_dataset_alias_with_no_taskflow.py
[2024-09-19T06:24:40.965+0000] {processor.py:925} INFO - DAG(s) 'dataset_alias_example_alias_consumer_with_no_taskflow', 'dataset_alias_example_alias_producer_with_no_taskflow', 'dataset_s3_bucket_producer_with_no_taskflow', 'dataset_s3_bucket_consumer_with_no_taskflow' retrieved from /Users/omer/anaconda3/lib/python3.11/site-packages/airflow/example_dags/example_dataset_alias_with_no_taskflow.py
[2024-09-19T06:24:40.971+0000] {logging_mixin.py:190} INFO - [2024-09-19T06:24:40.971+0000] {dag.py:3229} INFO - Sync 4 DAGs
[2024-09-19T06:24:40.976+0000] {logging_mixin.py:190} INFO - [2024-09-19T06:24:40.976+0000] {dag.py:4156} INFO - Setting next_dagrun for dataset_alias_example_alias_consumer_with_no_taskflow to None, run_after=None
[2024-09-19T06:24:40.977+0000] {logging_mixin.py:190} INFO - [2024-09-19T06:24:40.977+0000] {dag.py:4156} INFO - Setting next_dagrun for dataset_alias_example_alias_producer_with_no_taskflow to None, run_after=None
[2024-09-19T06:24:40.977+0000] {logging_mixin.py:190} INFO - [2024-09-19T06:24:40.977+0000] {dag.py:4156} INFO - Setting next_dagrun for dataset_s3_bucket_consumer_with_no_taskflow to None, run_after=None
[2024-09-19T06:24:40.978+0000] {logging_mixin.py:190} INFO - [2024-09-19T06:24:40.978+0000] {dag.py:4156} INFO - Setting next_dagrun for dataset_s3_bucket_producer_with_no_taskflow to None, run_after=None
[2024-09-19T06:24:40.984+0000] {processor.py:208} INFO - Processing /Users/omer/anaconda3/lib/python3.11/site-packages/airflow/example_dags/example_dataset_alias_with_no_taskflow.py took 0.069 seconds
