[2024-09-19T00:52:24.327+0000] {processor.py:186} INFO - Started process (PID=24610) to work on /Users/omer/anaconda3/lib/python3.11/site-packages/airflow/example_dags/example_dataset_alias.py
[2024-09-19T00:52:24.327+0000] {processor.py:914} INFO - Processing file /Users/omer/anaconda3/lib/python3.11/site-packages/airflow/example_dags/example_dataset_alias.py for tasks to queue
[2024-09-19T00:52:24.328+0000] {logging_mixin.py:190} INFO - [2024-09-19T00:52:24.327+0000] {dagbag.py:587} INFO - Filling up the DagBag from /Users/omer/anaconda3/lib/python3.11/site-packages/airflow/example_dags/example_dataset_alias.py
[2024-09-19T00:52:24.377+0000] {processor.py:925} INFO - DAG(s) 'dataset_alias_example_alias_producer', 'dataset_s3_bucket_producer', 'dataset_s3_bucket_consumer', 'dataset_alias_example_alias_consumer' retrieved from /Users/omer/anaconda3/lib/python3.11/site-packages/airflow/example_dags/example_dataset_alias.py
[2024-09-19T00:52:24.383+0000] {logging_mixin.py:190} INFO - [2024-09-19T00:52:24.383+0000] {dag.py:3229} INFO - Sync 4 DAGs
[2024-09-19T00:52:24.388+0000] {logging_mixin.py:190} INFO - [2024-09-19T00:52:24.388+0000] {dag.py:4156} INFO - Setting next_dagrun for dataset_alias_example_alias_consumer to None, run_after=None
[2024-09-19T00:52:24.389+0000] {logging_mixin.py:190} INFO - [2024-09-19T00:52:24.389+0000] {dag.py:4156} INFO - Setting next_dagrun for dataset_alias_example_alias_producer to None, run_after=None
[2024-09-19T00:52:24.389+0000] {logging_mixin.py:190} INFO - [2024-09-19T00:52:24.389+0000] {dag.py:4156} INFO - Setting next_dagrun for dataset_s3_bucket_consumer to None, run_after=None
[2024-09-19T00:52:24.389+0000] {logging_mixin.py:190} INFO - [2024-09-19T00:52:24.389+0000] {dag.py:4156} INFO - Setting next_dagrun for dataset_s3_bucket_producer to None, run_after=None
[2024-09-19T00:52:24.395+0000] {processor.py:208} INFO - Processing /Users/omer/anaconda3/lib/python3.11/site-packages/airflow/example_dags/example_dataset_alias.py took 0.069 seconds
[2024-09-19T01:41:33.026+0000] {processor.py:186} INFO - Started process (PID=24721) to work on /Users/omer/anaconda3/lib/python3.11/site-packages/airflow/example_dags/example_dataset_alias.py
[2024-09-19T01:41:33.027+0000] {processor.py:914} INFO - Processing file /Users/omer/anaconda3/lib/python3.11/site-packages/airflow/example_dags/example_dataset_alias.py for tasks to queue
[2024-09-19T01:41:33.027+0000] {logging_mixin.py:190} INFO - [2024-09-19T01:41:33.027+0000] {dagbag.py:587} INFO - Filling up the DagBag from /Users/omer/anaconda3/lib/python3.11/site-packages/airflow/example_dags/example_dataset_alias.py
[2024-09-19T01:41:33.079+0000] {processor.py:925} INFO - DAG(s) 'dataset_alias_example_alias_consumer', 'dataset_s3_bucket_producer', 'dataset_alias_example_alias_producer', 'dataset_s3_bucket_consumer' retrieved from /Users/omer/anaconda3/lib/python3.11/site-packages/airflow/example_dags/example_dataset_alias.py
[2024-09-19T01:41:33.085+0000] {logging_mixin.py:190} INFO - [2024-09-19T01:41:33.085+0000] {dag.py:3229} INFO - Sync 4 DAGs
[2024-09-19T01:41:33.090+0000] {logging_mixin.py:190} INFO - [2024-09-19T01:41:33.090+0000] {dag.py:4156} INFO - Setting next_dagrun for dataset_alias_example_alias_consumer to None, run_after=None
[2024-09-19T01:41:33.091+0000] {logging_mixin.py:190} INFO - [2024-09-19T01:41:33.091+0000] {dag.py:4156} INFO - Setting next_dagrun for dataset_alias_example_alias_producer to None, run_after=None
[2024-09-19T01:41:33.091+0000] {logging_mixin.py:190} INFO - [2024-09-19T01:41:33.091+0000] {dag.py:4156} INFO - Setting next_dagrun for dataset_s3_bucket_consumer to None, run_after=None
[2024-09-19T01:41:33.091+0000] {logging_mixin.py:190} INFO - [2024-09-19T01:41:33.091+0000] {dag.py:4156} INFO - Setting next_dagrun for dataset_s3_bucket_producer to None, run_after=None
[2024-09-19T01:41:33.097+0000] {processor.py:208} INFO - Processing /Users/omer/anaconda3/lib/python3.11/site-packages/airflow/example_dags/example_dataset_alias.py took 0.072 seconds
[2024-09-19T02:22:13.946+0000] {processor.py:186} INFO - Started process (PID=24845) to work on /Users/omer/anaconda3/lib/python3.11/site-packages/airflow/example_dags/example_dataset_alias.py
[2024-09-19T02:22:13.947+0000] {processor.py:914} INFO - Processing file /Users/omer/anaconda3/lib/python3.11/site-packages/airflow/example_dags/example_dataset_alias.py for tasks to queue
[2024-09-19T02:22:13.948+0000] {logging_mixin.py:190} INFO - [2024-09-19T02:22:13.948+0000] {dagbag.py:587} INFO - Filling up the DagBag from /Users/omer/anaconda3/lib/python3.11/site-packages/airflow/example_dags/example_dataset_alias.py
[2024-09-19T02:22:13.996+0000] {processor.py:925} INFO - DAG(s) 'dataset_s3_bucket_consumer', 'dataset_alias_example_alias_producer', 'dataset_s3_bucket_producer', 'dataset_alias_example_alias_consumer' retrieved from /Users/omer/anaconda3/lib/python3.11/site-packages/airflow/example_dags/example_dataset_alias.py
[2024-09-19T02:22:14.002+0000] {logging_mixin.py:190} INFO - [2024-09-19T02:22:14.002+0000] {dag.py:3229} INFO - Sync 4 DAGs
[2024-09-19T02:22:14.007+0000] {logging_mixin.py:190} INFO - [2024-09-19T02:22:14.007+0000] {dag.py:4156} INFO - Setting next_dagrun for dataset_alias_example_alias_consumer to None, run_after=None
[2024-09-19T02:22:14.008+0000] {logging_mixin.py:190} INFO - [2024-09-19T02:22:14.008+0000] {dag.py:4156} INFO - Setting next_dagrun for dataset_alias_example_alias_producer to None, run_after=None
[2024-09-19T02:22:14.008+0000] {logging_mixin.py:190} INFO - [2024-09-19T02:22:14.008+0000] {dag.py:4156} INFO - Setting next_dagrun for dataset_s3_bucket_consumer to None, run_after=None
[2024-09-19T02:22:14.008+0000] {logging_mixin.py:190} INFO - [2024-09-19T02:22:14.008+0000] {dag.py:4156} INFO - Setting next_dagrun for dataset_s3_bucket_producer to None, run_after=None
[2024-09-19T02:22:14.014+0000] {processor.py:208} INFO - Processing /Users/omer/anaconda3/lib/python3.11/site-packages/airflow/example_dags/example_dataset_alias.py took 0.068 seconds
[2024-09-19T02:44:15.267+0000] {processor.py:186} INFO - Started process (PID=24968) to work on /Users/omer/anaconda3/lib/python3.11/site-packages/airflow/example_dags/example_dataset_alias.py
[2024-09-19T02:44:15.268+0000] {processor.py:914} INFO - Processing file /Users/omer/anaconda3/lib/python3.11/site-packages/airflow/example_dags/example_dataset_alias.py for tasks to queue
[2024-09-19T02:44:15.268+0000] {logging_mixin.py:190} INFO - [2024-09-19T02:44:15.268+0000] {dagbag.py:587} INFO - Filling up the DagBag from /Users/omer/anaconda3/lib/python3.11/site-packages/airflow/example_dags/example_dataset_alias.py
[2024-09-19T02:44:15.317+0000] {processor.py:925} INFO - DAG(s) 'dataset_alias_example_alias_consumer', 'dataset_s3_bucket_producer', 'dataset_s3_bucket_consumer', 'dataset_alias_example_alias_producer' retrieved from /Users/omer/anaconda3/lib/python3.11/site-packages/airflow/example_dags/example_dataset_alias.py
[2024-09-19T02:44:15.323+0000] {logging_mixin.py:190} INFO - [2024-09-19T02:44:15.323+0000] {dag.py:3229} INFO - Sync 4 DAGs
[2024-09-19T02:44:15.328+0000] {logging_mixin.py:190} INFO - [2024-09-19T02:44:15.328+0000] {dag.py:4156} INFO - Setting next_dagrun for dataset_alias_example_alias_consumer to None, run_after=None
[2024-09-19T02:44:15.328+0000] {logging_mixin.py:190} INFO - [2024-09-19T02:44:15.328+0000] {dag.py:4156} INFO - Setting next_dagrun for dataset_alias_example_alias_producer to None, run_after=None
[2024-09-19T02:44:15.328+0000] {logging_mixin.py:190} INFO - [2024-09-19T02:44:15.328+0000] {dag.py:4156} INFO - Setting next_dagrun for dataset_s3_bucket_consumer to None, run_after=None
[2024-09-19T02:44:15.329+0000] {logging_mixin.py:190} INFO - [2024-09-19T02:44:15.329+0000] {dag.py:4156} INFO - Setting next_dagrun for dataset_s3_bucket_producer to None, run_after=None
[2024-09-19T02:44:15.334+0000] {processor.py:208} INFO - Processing /Users/omer/anaconda3/lib/python3.11/site-packages/airflow/example_dags/example_dataset_alias.py took 0.069 seconds
[2024-09-19T03:21:41.220+0000] {processor.py:186} INFO - Started process (PID=25074) to work on /Users/omer/anaconda3/lib/python3.11/site-packages/airflow/example_dags/example_dataset_alias.py
[2024-09-19T03:21:41.220+0000] {processor.py:914} INFO - Processing file /Users/omer/anaconda3/lib/python3.11/site-packages/airflow/example_dags/example_dataset_alias.py for tasks to queue
[2024-09-19T03:21:41.221+0000] {logging_mixin.py:190} INFO - [2024-09-19T03:21:41.221+0000] {dagbag.py:587} INFO - Filling up the DagBag from /Users/omer/anaconda3/lib/python3.11/site-packages/airflow/example_dags/example_dataset_alias.py
[2024-09-19T03:21:41.271+0000] {processor.py:925} INFO - DAG(s) 'dataset_alias_example_alias_producer', 'dataset_alias_example_alias_consumer', 'dataset_s3_bucket_producer', 'dataset_s3_bucket_consumer' retrieved from /Users/omer/anaconda3/lib/python3.11/site-packages/airflow/example_dags/example_dataset_alias.py
[2024-09-19T03:21:41.278+0000] {logging_mixin.py:190} INFO - [2024-09-19T03:21:41.278+0000] {dag.py:3229} INFO - Sync 4 DAGs
[2024-09-19T03:21:41.283+0000] {logging_mixin.py:190} INFO - [2024-09-19T03:21:41.283+0000] {dag.py:4156} INFO - Setting next_dagrun for dataset_alias_example_alias_consumer to None, run_after=None
[2024-09-19T03:21:41.283+0000] {logging_mixin.py:190} INFO - [2024-09-19T03:21:41.283+0000] {dag.py:4156} INFO - Setting next_dagrun for dataset_alias_example_alias_producer to None, run_after=None
[2024-09-19T03:21:41.284+0000] {logging_mixin.py:190} INFO - [2024-09-19T03:21:41.284+0000] {dag.py:4156} INFO - Setting next_dagrun for dataset_s3_bucket_consumer to None, run_after=None
[2024-09-19T03:21:41.284+0000] {logging_mixin.py:190} INFO - [2024-09-19T03:21:41.284+0000] {dag.py:4156} INFO - Setting next_dagrun for dataset_s3_bucket_producer to None, run_after=None
[2024-09-19T03:22:06.441+0000] {processor.py:208} INFO - Processing /Users/omer/anaconda3/lib/python3.11/site-packages/airflow/example_dags/example_dataset_alias.py took 0.300 seconds
[2024-09-19T04:00:53.335+0000] {processor.py:186} INFO - Started process (PID=25242) to work on /Users/omer/anaconda3/lib/python3.11/site-packages/airflow/example_dags/example_dataset_alias.py
[2024-09-19T04:00:53.336+0000] {processor.py:914} INFO - Processing file /Users/omer/anaconda3/lib/python3.11/site-packages/airflow/example_dags/example_dataset_alias.py for tasks to queue
[2024-09-19T04:00:53.336+0000] {logging_mixin.py:190} INFO - [2024-09-19T04:00:53.336+0000] {dagbag.py:587} INFO - Filling up the DagBag from /Users/omer/anaconda3/lib/python3.11/site-packages/airflow/example_dags/example_dataset_alias.py
[2024-09-19T04:00:53.386+0000] {processor.py:925} INFO - DAG(s) 'dataset_alias_example_alias_producer', 'dataset_s3_bucket_consumer', 'dataset_s3_bucket_producer', 'dataset_alias_example_alias_consumer' retrieved from /Users/omer/anaconda3/lib/python3.11/site-packages/airflow/example_dags/example_dataset_alias.py
[2024-09-19T04:00:53.392+0000] {logging_mixin.py:190} INFO - [2024-09-19T04:00:53.392+0000] {dag.py:3229} INFO - Sync 4 DAGs
[2024-09-19T04:00:53.397+0000] {logging_mixin.py:190} INFO - [2024-09-19T04:00:53.397+0000] {dag.py:4156} INFO - Setting next_dagrun for dataset_alias_example_alias_consumer to None, run_after=None
[2024-09-19T04:00:53.398+0000] {logging_mixin.py:190} INFO - [2024-09-19T04:00:53.398+0000] {dag.py:4156} INFO - Setting next_dagrun for dataset_alias_example_alias_producer to None, run_after=None
[2024-09-19T04:00:53.398+0000] {logging_mixin.py:190} INFO - [2024-09-19T04:00:53.398+0000] {dag.py:4156} INFO - Setting next_dagrun for dataset_s3_bucket_consumer to None, run_after=None
[2024-09-19T04:00:53.398+0000] {logging_mixin.py:190} INFO - [2024-09-19T04:00:53.398+0000] {dag.py:4156} INFO - Setting next_dagrun for dataset_s3_bucket_producer to None, run_after=None
[2024-09-19T04:00:53.404+0000] {processor.py:208} INFO - Processing /Users/omer/anaconda3/lib/python3.11/site-packages/airflow/example_dags/example_dataset_alias.py took 0.070 seconds
[2024-09-19T04:40:03.489+0000] {processor.py:186} INFO - Started process (PID=25355) to work on /Users/omer/anaconda3/lib/python3.11/site-packages/airflow/example_dags/example_dataset_alias.py
[2024-09-19T04:40:03.490+0000] {processor.py:914} INFO - Processing file /Users/omer/anaconda3/lib/python3.11/site-packages/airflow/example_dags/example_dataset_alias.py for tasks to queue
[2024-09-19T04:40:03.490+0000] {logging_mixin.py:190} INFO - [2024-09-19T04:40:03.490+0000] {dagbag.py:587} INFO - Filling up the DagBag from /Users/omer/anaconda3/lib/python3.11/site-packages/airflow/example_dags/example_dataset_alias.py
[2024-09-19T04:40:03.538+0000] {processor.py:925} INFO - DAG(s) 'dataset_s3_bucket_producer', 'dataset_alias_example_alias_consumer', 'dataset_alias_example_alias_producer', 'dataset_s3_bucket_consumer' retrieved from /Users/omer/anaconda3/lib/python3.11/site-packages/airflow/example_dags/example_dataset_alias.py
[2024-09-19T04:40:03.544+0000] {logging_mixin.py:190} INFO - [2024-09-19T04:40:03.544+0000] {dag.py:3229} INFO - Sync 4 DAGs
[2024-09-19T04:40:03.549+0000] {logging_mixin.py:190} INFO - [2024-09-19T04:40:03.549+0000] {dag.py:4156} INFO - Setting next_dagrun for dataset_alias_example_alias_consumer to None, run_after=None
[2024-09-19T04:40:03.550+0000] {logging_mixin.py:190} INFO - [2024-09-19T04:40:03.550+0000] {dag.py:4156} INFO - Setting next_dagrun for dataset_alias_example_alias_producer to None, run_after=None
[2024-09-19T04:40:03.550+0000] {logging_mixin.py:190} INFO - [2024-09-19T04:40:03.550+0000] {dag.py:4156} INFO - Setting next_dagrun for dataset_s3_bucket_consumer to None, run_after=None
[2024-09-19T04:40:03.550+0000] {logging_mixin.py:190} INFO - [2024-09-19T04:40:03.550+0000] {dag.py:4156} INFO - Setting next_dagrun for dataset_s3_bucket_producer to None, run_after=None
[2024-09-19T04:40:03.556+0000] {processor.py:208} INFO - Processing /Users/omer/anaconda3/lib/python3.11/site-packages/airflow/example_dags/example_dataset_alias.py took 0.068 seconds
[2024-09-19T05:00:10.140+0000] {processor.py:186} INFO - Started process (PID=25474) to work on /Users/omer/anaconda3/lib/python3.11/site-packages/airflow/example_dags/example_dataset_alias.py
[2024-09-19T05:00:10.140+0000] {processor.py:914} INFO - Processing file /Users/omer/anaconda3/lib/python3.11/site-packages/airflow/example_dags/example_dataset_alias.py for tasks to queue
[2024-09-19T05:00:10.140+0000] {logging_mixin.py:190} INFO - [2024-09-19T05:00:10.140+0000] {dagbag.py:587} INFO - Filling up the DagBag from /Users/omer/anaconda3/lib/python3.11/site-packages/airflow/example_dags/example_dataset_alias.py
[2024-09-19T05:00:10.188+0000] {processor.py:925} INFO - DAG(s) 'dataset_alias_example_alias_producer', 'dataset_s3_bucket_producer', 'dataset_s3_bucket_consumer', 'dataset_alias_example_alias_consumer' retrieved from /Users/omer/anaconda3/lib/python3.11/site-packages/airflow/example_dags/example_dataset_alias.py
[2024-09-19T05:00:10.194+0000] {logging_mixin.py:190} INFO - [2024-09-19T05:00:10.194+0000] {dag.py:3229} INFO - Sync 4 DAGs
[2024-09-19T05:00:10.199+0000] {logging_mixin.py:190} INFO - [2024-09-19T05:00:10.199+0000] {dag.py:4156} INFO - Setting next_dagrun for dataset_alias_example_alias_consumer to None, run_after=None
[2024-09-19T05:00:10.200+0000] {logging_mixin.py:190} INFO - [2024-09-19T05:00:10.200+0000] {dag.py:4156} INFO - Setting next_dagrun for dataset_alias_example_alias_producer to None, run_after=None
[2024-09-19T05:00:10.200+0000] {logging_mixin.py:190} INFO - [2024-09-19T05:00:10.200+0000] {dag.py:4156} INFO - Setting next_dagrun for dataset_s3_bucket_consumer to None, run_after=None
[2024-09-19T05:00:10.200+0000] {logging_mixin.py:190} INFO - [2024-09-19T05:00:10.200+0000] {dag.py:4156} INFO - Setting next_dagrun for dataset_s3_bucket_producer to None, run_after=None
[2024-09-19T05:00:10.206+0000] {processor.py:208} INFO - Processing /Users/omer/anaconda3/lib/python3.11/site-packages/airflow/example_dags/example_dataset_alias.py took 0.067 seconds
[2024-09-19T05:43:16.523+0000] {processor.py:186} INFO - Started process (PID=25595) to work on /Users/omer/anaconda3/lib/python3.11/site-packages/airflow/example_dags/example_dataset_alias.py
[2024-09-19T05:43:16.524+0000] {processor.py:914} INFO - Processing file /Users/omer/anaconda3/lib/python3.11/site-packages/airflow/example_dags/example_dataset_alias.py for tasks to queue
[2024-09-19T05:43:16.524+0000] {logging_mixin.py:190} INFO - [2024-09-19T05:43:16.524+0000] {dagbag.py:587} INFO - Filling up the DagBag from /Users/omer/anaconda3/lib/python3.11/site-packages/airflow/example_dags/example_dataset_alias.py
[2024-09-19T05:43:16.573+0000] {processor.py:925} INFO - DAG(s) 'dataset_alias_example_alias_consumer', 'dataset_s3_bucket_consumer', 'dataset_alias_example_alias_producer', 'dataset_s3_bucket_producer' retrieved from /Users/omer/anaconda3/lib/python3.11/site-packages/airflow/example_dags/example_dataset_alias.py
[2024-09-19T05:43:16.579+0000] {logging_mixin.py:190} INFO - [2024-09-19T05:43:16.579+0000] {dag.py:3229} INFO - Sync 4 DAGs
[2024-09-19T05:43:16.584+0000] {logging_mixin.py:190} INFO - [2024-09-19T05:43:16.584+0000] {dag.py:4156} INFO - Setting next_dagrun for dataset_alias_example_alias_consumer to None, run_after=None
[2024-09-19T05:43:16.584+0000] {logging_mixin.py:190} INFO - [2024-09-19T05:43:16.584+0000] {dag.py:4156} INFO - Setting next_dagrun for dataset_alias_example_alias_producer to None, run_after=None
[2024-09-19T05:43:16.585+0000] {logging_mixin.py:190} INFO - [2024-09-19T05:43:16.585+0000] {dag.py:4156} INFO - Setting next_dagrun for dataset_s3_bucket_consumer to None, run_after=None
[2024-09-19T05:43:16.585+0000] {logging_mixin.py:190} INFO - [2024-09-19T05:43:16.585+0000] {dag.py:4156} INFO - Setting next_dagrun for dataset_s3_bucket_producer to None, run_after=None
[2024-09-19T05:43:16.590+0000] {processor.py:208} INFO - Processing /Users/omer/anaconda3/lib/python3.11/site-packages/airflow/example_dags/example_dataset_alias.py took 0.068 seconds
[2024-09-19T06:16:38.786+0000] {processor.py:186} INFO - Started process (PID=25819) to work on /Users/omer/anaconda3/lib/python3.11/site-packages/airflow/example_dags/example_dataset_alias.py
[2024-09-19T06:16:38.787+0000] {processor.py:914} INFO - Processing file /Users/omer/anaconda3/lib/python3.11/site-packages/airflow/example_dags/example_dataset_alias.py for tasks to queue
[2024-09-19T06:16:38.787+0000] {logging_mixin.py:190} INFO - [2024-09-19T06:16:38.787+0000] {dagbag.py:587} INFO - Filling up the DagBag from /Users/omer/anaconda3/lib/python3.11/site-packages/airflow/example_dags/example_dataset_alias.py
[2024-09-19T06:16:38.852+0000] {processor.py:925} INFO - DAG(s) 'dataset_alias_example_alias_consumer', 'dataset_s3_bucket_producer', 'dataset_s3_bucket_consumer', 'dataset_alias_example_alias_producer' retrieved from /Users/omer/anaconda3/lib/python3.11/site-packages/airflow/example_dags/example_dataset_alias.py
[2024-09-19T06:16:38.864+0000] {logging_mixin.py:190} INFO - [2024-09-19T06:16:38.863+0000] {dag.py:3229} INFO - Sync 4 DAGs
[2024-09-19T06:16:38.870+0000] {logging_mixin.py:190} INFO - [2024-09-19T06:16:38.870+0000] {dag.py:4156} INFO - Setting next_dagrun for dataset_alias_example_alias_consumer to None, run_after=None
[2024-09-19T06:16:38.870+0000] {logging_mixin.py:190} INFO - [2024-09-19T06:16:38.870+0000] {dag.py:4156} INFO - Setting next_dagrun for dataset_alias_example_alias_producer to None, run_after=None
[2024-09-19T06:16:38.871+0000] {logging_mixin.py:190} INFO - [2024-09-19T06:16:38.871+0000] {dag.py:4156} INFO - Setting next_dagrun for dataset_s3_bucket_consumer to None, run_after=None
[2024-09-19T06:16:38.871+0000] {logging_mixin.py:190} INFO - [2024-09-19T06:16:38.871+0000] {dag.py:4156} INFO - Setting next_dagrun for dataset_s3_bucket_producer to None, run_after=None
[2024-09-19T06:16:38.878+0000] {processor.py:208} INFO - Processing /Users/omer/anaconda3/lib/python3.11/site-packages/airflow/example_dags/example_dataset_alias.py took 0.093 seconds
[2024-09-19T06:19:08.362+0000] {processor.py:186} INFO - Started process (PID=26014) to work on /Users/omer/anaconda3/lib/python3.11/site-packages/airflow/example_dags/example_dataset_alias.py
[2024-09-19T06:19:08.363+0000] {processor.py:914} INFO - Processing file /Users/omer/anaconda3/lib/python3.11/site-packages/airflow/example_dags/example_dataset_alias.py for tasks to queue
[2024-09-19T06:19:08.363+0000] {logging_mixin.py:190} INFO - [2024-09-19T06:19:08.363+0000] {dagbag.py:587} INFO - Filling up the DagBag from /Users/omer/anaconda3/lib/python3.11/site-packages/airflow/example_dags/example_dataset_alias.py
[2024-09-19T06:19:08.416+0000] {processor.py:925} INFO - DAG(s) 'dataset_s3_bucket_producer', 'dataset_s3_bucket_consumer', 'dataset_alias_example_alias_consumer', 'dataset_alias_example_alias_producer' retrieved from /Users/omer/anaconda3/lib/python3.11/site-packages/airflow/example_dags/example_dataset_alias.py
[2024-09-19T06:19:08.423+0000] {logging_mixin.py:190} INFO - [2024-09-19T06:19:08.423+0000] {dag.py:3229} INFO - Sync 4 DAGs
[2024-09-19T06:19:08.429+0000] {logging_mixin.py:190} INFO - [2024-09-19T06:19:08.428+0000] {dag.py:4156} INFO - Setting next_dagrun for dataset_alias_example_alias_consumer to None, run_after=None
[2024-09-19T06:19:08.429+0000] {logging_mixin.py:190} INFO - [2024-09-19T06:19:08.429+0000] {dag.py:4156} INFO - Setting next_dagrun for dataset_alias_example_alias_producer to None, run_after=None
[2024-09-19T06:19:08.429+0000] {logging_mixin.py:190} INFO - [2024-09-19T06:19:08.429+0000] {dag.py:4156} INFO - Setting next_dagrun for dataset_s3_bucket_consumer to None, run_after=None
[2024-09-19T06:19:08.430+0000] {logging_mixin.py:190} INFO - [2024-09-19T06:19:08.430+0000] {dag.py:4156} INFO - Setting next_dagrun for dataset_s3_bucket_producer to None, run_after=None
[2024-09-19T06:19:08.436+0000] {processor.py:208} INFO - Processing /Users/omer/anaconda3/lib/python3.11/site-packages/airflow/example_dags/example_dataset_alias.py took 0.074 seconds
[2024-09-19T06:22:22.422+0000] {processor.py:186} INFO - Started process (PID=26340) to work on /Users/omer/anaconda3/lib/python3.11/site-packages/airflow/example_dags/example_dataset_alias.py
[2024-09-19T06:22:22.423+0000] {processor.py:914} INFO - Processing file /Users/omer/anaconda3/lib/python3.11/site-packages/airflow/example_dags/example_dataset_alias.py for tasks to queue
[2024-09-19T06:22:22.423+0000] {logging_mixin.py:190} INFO - [2024-09-19T06:22:22.423+0000] {dagbag.py:587} INFO - Filling up the DagBag from /Users/omer/anaconda3/lib/python3.11/site-packages/airflow/example_dags/example_dataset_alias.py
[2024-09-19T06:22:22.475+0000] {processor.py:925} INFO - DAG(s) 'dataset_alias_example_alias_consumer', 'dataset_alias_example_alias_producer', 'dataset_s3_bucket_producer', 'dataset_s3_bucket_consumer' retrieved from /Users/omer/anaconda3/lib/python3.11/site-packages/airflow/example_dags/example_dataset_alias.py
[2024-09-19T06:22:22.482+0000] {logging_mixin.py:190} INFO - [2024-09-19T06:22:22.482+0000] {dag.py:3229} INFO - Sync 4 DAGs
[2024-09-19T06:22:22.487+0000] {logging_mixin.py:190} INFO - [2024-09-19T06:22:22.487+0000] {dag.py:4156} INFO - Setting next_dagrun for dataset_alias_example_alias_consumer to None, run_after=None
[2024-09-19T06:22:22.488+0000] {logging_mixin.py:190} INFO - [2024-09-19T06:22:22.488+0000] {dag.py:4156} INFO - Setting next_dagrun for dataset_alias_example_alias_producer to None, run_after=None
[2024-09-19T06:22:22.488+0000] {logging_mixin.py:190} INFO - [2024-09-19T06:22:22.488+0000] {dag.py:4156} INFO - Setting next_dagrun for dataset_s3_bucket_consumer to None, run_after=None
[2024-09-19T06:22:22.488+0000] {logging_mixin.py:190} INFO - [2024-09-19T06:22:22.488+0000] {dag.py:4156} INFO - Setting next_dagrun for dataset_s3_bucket_producer to None, run_after=None
[2024-09-19T06:22:22.495+0000] {processor.py:208} INFO - Processing /Users/omer/anaconda3/lib/python3.11/site-packages/airflow/example_dags/example_dataset_alias.py took 0.074 seconds
[2024-09-19T06:24:42.815+0000] {processor.py:186} INFO - Started process (PID=26509) to work on /Users/omer/anaconda3/lib/python3.11/site-packages/airflow/example_dags/example_dataset_alias.py
[2024-09-19T06:24:42.816+0000] {processor.py:914} INFO - Processing file /Users/omer/anaconda3/lib/python3.11/site-packages/airflow/example_dags/example_dataset_alias.py for tasks to queue
[2024-09-19T06:24:42.816+0000] {logging_mixin.py:190} INFO - [2024-09-19T06:24:42.816+0000] {dagbag.py:587} INFO - Filling up the DagBag from /Users/omer/anaconda3/lib/python3.11/site-packages/airflow/example_dags/example_dataset_alias.py
[2024-09-19T06:24:42.867+0000] {processor.py:925} INFO - DAG(s) 'dataset_alias_example_alias_consumer', 'dataset_s3_bucket_consumer', 'dataset_alias_example_alias_producer', 'dataset_s3_bucket_producer' retrieved from /Users/omer/anaconda3/lib/python3.11/site-packages/airflow/example_dags/example_dataset_alias.py
[2024-09-19T06:24:42.873+0000] {logging_mixin.py:190} INFO - [2024-09-19T06:24:42.873+0000] {dag.py:3229} INFO - Sync 4 DAGs
[2024-09-19T06:24:42.879+0000] {logging_mixin.py:190} INFO - [2024-09-19T06:24:42.879+0000] {dag.py:4156} INFO - Setting next_dagrun for dataset_alias_example_alias_consumer to None, run_after=None
[2024-09-19T06:24:42.879+0000] {logging_mixin.py:190} INFO - [2024-09-19T06:24:42.879+0000] {dag.py:4156} INFO - Setting next_dagrun for dataset_alias_example_alias_producer to None, run_after=None
[2024-09-19T06:24:42.880+0000] {logging_mixin.py:190} INFO - [2024-09-19T06:24:42.880+0000] {dag.py:4156} INFO - Setting next_dagrun for dataset_s3_bucket_consumer to None, run_after=None
[2024-09-19T06:24:42.880+0000] {logging_mixin.py:190} INFO - [2024-09-19T06:24:42.880+0000] {dag.py:4156} INFO - Setting next_dagrun for dataset_s3_bucket_producer to None, run_after=None
[2024-09-19T06:24:42.886+0000] {processor.py:208} INFO - Processing /Users/omer/anaconda3/lib/python3.11/site-packages/airflow/example_dags/example_dataset_alias.py took 0.072 seconds
