[2024-09-19T00:32:43.327+0000] {processor.py:186} INFO - Started process (PID=24551) to work on /Users/omer/anaconda3/lib/python3.11/site-packages/airflow/example_dags/example_xcomargs.py
[2024-09-19T00:32:43.327+0000] {processor.py:914} INFO - Processing file /Users/omer/anaconda3/lib/python3.11/site-packages/airflow/example_dags/example_xcomargs.py for tasks to queue
[2024-09-19T00:32:43.328+0000] {logging_mixin.py:190} INFO - [2024-09-19T00:32:43.328+0000] {dagbag.py:587} INFO - Filling up the DagBag from /Users/omer/anaconda3/lib/python3.11/site-packages/airflow/example_dags/example_xcomargs.py
[2024-09-19T00:32:43.338+0000] {processor.py:925} INFO - DAG(s) 'example_xcom_args_with_operators', 'example_xcom_args' retrieved from /Users/omer/anaconda3/lib/python3.11/site-packages/airflow/example_dags/example_xcomargs.py
[2024-09-19T00:32:43.363+0000] {logging_mixin.py:190} INFO - [2024-09-19T00:32:43.363+0000] {dag.py:3229} INFO - Sync 2 DAGs
[2024-09-19T00:32:43.366+0000] {logging_mixin.py:190} INFO - [2024-09-19T00:32:43.366+0000] {dag.py:4156} INFO - Setting next_dagrun for example_xcom_args to None, run_after=None
[2024-09-19T00:32:43.367+0000] {logging_mixin.py:190} INFO - [2024-09-19T00:32:43.367+0000] {dag.py:4156} INFO - Setting next_dagrun for example_xcom_args_with_operators to None, run_after=None
[2024-09-19T00:32:43.371+0000] {processor.py:208} INFO - Processing /Users/omer/anaconda3/lib/python3.11/site-packages/airflow/example_dags/example_xcomargs.py took 0.045 seconds
[2024-09-19T01:12:02.670+0000] {processor.py:186} INFO - Started process (PID=24650) to work on /Users/omer/anaconda3/lib/python3.11/site-packages/airflow/example_dags/example_xcomargs.py
[2024-09-19T01:12:02.670+0000] {processor.py:914} INFO - Processing file /Users/omer/anaconda3/lib/python3.11/site-packages/airflow/example_dags/example_xcomargs.py for tasks to queue
[2024-09-19T01:12:02.670+0000] {logging_mixin.py:190} INFO - [2024-09-19T01:12:02.670+0000] {dagbag.py:587} INFO - Filling up the DagBag from /Users/omer/anaconda3/lib/python3.11/site-packages/airflow/example_dags/example_xcomargs.py
[2024-09-19T01:12:02.681+0000] {processor.py:925} INFO - DAG(s) 'example_xcom_args', 'example_xcom_args_with_operators' retrieved from /Users/omer/anaconda3/lib/python3.11/site-packages/airflow/example_dags/example_xcomargs.py
[2024-09-19T01:12:02.706+0000] {logging_mixin.py:190} INFO - [2024-09-19T01:12:02.706+0000] {dag.py:3229} INFO - Sync 2 DAGs
[2024-09-19T01:12:02.709+0000] {logging_mixin.py:190} INFO - [2024-09-19T01:12:02.709+0000] {dag.py:4156} INFO - Setting next_dagrun for example_xcom_args to None, run_after=None
[2024-09-19T01:12:02.710+0000] {logging_mixin.py:190} INFO - [2024-09-19T01:12:02.710+0000] {dag.py:4156} INFO - Setting next_dagrun for example_xcom_args_with_operators to None, run_after=None
[2024-09-19T01:12:02.715+0000] {processor.py:208} INFO - Processing /Users/omer/anaconda3/lib/python3.11/site-packages/airflow/example_dags/example_xcomargs.py took 0.046 seconds
[2024-09-19T01:43:44.991+0000] {processor.py:186} INFO - Started process (PID=24771) to work on /Users/omer/anaconda3/lib/python3.11/site-packages/airflow/example_dags/example_xcomargs.py
[2024-09-19T01:43:44.992+0000] {processor.py:914} INFO - Processing file /Users/omer/anaconda3/lib/python3.11/site-packages/airflow/example_dags/example_xcomargs.py for tasks to queue
[2024-09-19T01:43:44.992+0000] {logging_mixin.py:190} INFO - [2024-09-19T01:43:44.992+0000] {dagbag.py:587} INFO - Filling up the DagBag from /Users/omer/anaconda3/lib/python3.11/site-packages/airflow/example_dags/example_xcomargs.py
[2024-09-19T01:43:45.003+0000] {processor.py:925} INFO - DAG(s) 'example_xcom_args_with_operators', 'example_xcom_args' retrieved from /Users/omer/anaconda3/lib/python3.11/site-packages/airflow/example_dags/example_xcomargs.py
[2024-09-19T01:43:45.028+0000] {logging_mixin.py:190} INFO - [2024-09-19T01:43:45.028+0000] {dag.py:3229} INFO - Sync 2 DAGs
[2024-09-19T01:43:45.031+0000] {logging_mixin.py:190} INFO - [2024-09-19T01:43:45.031+0000] {dag.py:4156} INFO - Setting next_dagrun for example_xcom_args to None, run_after=None
[2024-09-19T01:43:45.032+0000] {logging_mixin.py:190} INFO - [2024-09-19T01:43:45.032+0000] {dag.py:4156} INFO - Setting next_dagrun for example_xcom_args_with_operators to None, run_after=None
[2024-09-19T01:43:45.037+0000] {processor.py:208} INFO - Processing /Users/omer/anaconda3/lib/python3.11/site-packages/airflow/example_dags/example_xcomargs.py took 0.046 seconds
[2024-09-19T02:23:59.641+0000] {processor.py:186} INFO - Started process (PID=24895) to work on /Users/omer/anaconda3/lib/python3.11/site-packages/airflow/example_dags/example_xcomargs.py
[2024-09-19T02:23:59.643+0000] {processor.py:914} INFO - Processing file /Users/omer/anaconda3/lib/python3.11/site-packages/airflow/example_dags/example_xcomargs.py for tasks to queue
[2024-09-19T02:23:59.643+0000] {logging_mixin.py:190} INFO - [2024-09-19T02:23:59.643+0000] {dagbag.py:587} INFO - Filling up the DagBag from /Users/omer/anaconda3/lib/python3.11/site-packages/airflow/example_dags/example_xcomargs.py
[2024-09-19T02:23:59.654+0000] {processor.py:925} INFO - DAG(s) 'example_xcom_args', 'example_xcom_args_with_operators' retrieved from /Users/omer/anaconda3/lib/python3.11/site-packages/airflow/example_dags/example_xcomargs.py
[2024-09-19T02:23:59.679+0000] {logging_mixin.py:190} INFO - [2024-09-19T02:23:59.679+0000] {dag.py:3229} INFO - Sync 2 DAGs
[2024-09-19T02:23:59.682+0000] {logging_mixin.py:190} INFO - [2024-09-19T02:23:59.682+0000] {dag.py:4156} INFO - Setting next_dagrun for example_xcom_args to None, run_after=None
[2024-09-19T02:23:59.682+0000] {logging_mixin.py:190} INFO - [2024-09-19T02:23:59.682+0000] {dag.py:4156} INFO - Setting next_dagrun for example_xcom_args_with_operators to None, run_after=None
[2024-09-19T02:23:59.687+0000] {processor.py:208} INFO - Processing /Users/omer/anaconda3/lib/python3.11/site-packages/airflow/example_dags/example_xcomargs.py took 0.046 seconds
[2024-09-19T03:03:31.531+0000] {processor.py:186} INFO - Started process (PID=25003) to work on /Users/omer/anaconda3/lib/python3.11/site-packages/airflow/example_dags/example_xcomargs.py
[2024-09-19T03:03:31.532+0000] {processor.py:914} INFO - Processing file /Users/omer/anaconda3/lib/python3.11/site-packages/airflow/example_dags/example_xcomargs.py for tasks to queue
[2024-09-19T03:03:31.532+0000] {logging_mixin.py:190} INFO - [2024-09-19T03:03:31.532+0000] {dagbag.py:587} INFO - Filling up the DagBag from /Users/omer/anaconda3/lib/python3.11/site-packages/airflow/example_dags/example_xcomargs.py
[2024-09-19T03:03:31.543+0000] {processor.py:925} INFO - DAG(s) 'example_xcom_args', 'example_xcom_args_with_operators' retrieved from /Users/omer/anaconda3/lib/python3.11/site-packages/airflow/example_dags/example_xcomargs.py
[2024-09-19T03:03:31.568+0000] {logging_mixin.py:190} INFO - [2024-09-19T03:03:31.568+0000] {dag.py:3229} INFO - Sync 2 DAGs
[2024-09-19T03:03:31.571+0000] {logging_mixin.py:190} INFO - [2024-09-19T03:03:31.571+0000] {dag.py:4156} INFO - Setting next_dagrun for example_xcom_args to None, run_after=None
[2024-09-19T03:03:31.572+0000] {logging_mixin.py:190} INFO - [2024-09-19T03:03:31.572+0000] {dag.py:4156} INFO - Setting next_dagrun for example_xcom_args_with_operators to None, run_after=None
[2024-09-19T03:03:31.576+0000] {processor.py:208} INFO - Processing /Users/omer/anaconda3/lib/python3.11/site-packages/airflow/example_dags/example_xcomargs.py took 0.047 seconds
[2024-09-19T03:40:27.186+0000] {processor.py:186} INFO - Started process (PID=25158) to work on /Users/omer/anaconda3/lib/python3.11/site-packages/airflow/example_dags/example_xcomargs.py
[2024-09-19T03:40:27.186+0000] {processor.py:914} INFO - Processing file /Users/omer/anaconda3/lib/python3.11/site-packages/airflow/example_dags/example_xcomargs.py for tasks to queue
[2024-09-19T03:40:27.186+0000] {logging_mixin.py:190} INFO - [2024-09-19T03:40:27.186+0000] {dagbag.py:587} INFO - Filling up the DagBag from /Users/omer/anaconda3/lib/python3.11/site-packages/airflow/example_dags/example_xcomargs.py
[2024-09-19T03:40:27.197+0000] {processor.py:925} INFO - DAG(s) 'example_xcom_args_with_operators', 'example_xcom_args' retrieved from /Users/omer/anaconda3/lib/python3.11/site-packages/airflow/example_dags/example_xcomargs.py
[2024-09-19T03:40:27.223+0000] {logging_mixin.py:190} INFO - [2024-09-19T03:40:27.222+0000] {dag.py:3229} INFO - Sync 2 DAGs
[2024-09-19T03:40:27.225+0000] {logging_mixin.py:190} INFO - [2024-09-19T03:40:27.225+0000] {dag.py:4156} INFO - Setting next_dagrun for example_xcom_args to None, run_after=None
[2024-09-19T03:40:27.226+0000] {logging_mixin.py:190} INFO - [2024-09-19T03:40:27.226+0000] {dag.py:4156} INFO - Setting next_dagrun for example_xcom_args_with_operators to None, run_after=None
[2024-09-19T03:40:27.231+0000] {processor.py:208} INFO - Processing /Users/omer/anaconda3/lib/python3.11/site-packages/airflow/example_dags/example_xcomargs.py took 0.046 seconds
[2024-09-19T04:03:04.616+0000] {processor.py:186} INFO - Started process (PID=25274) to work on /Users/omer/anaconda3/lib/python3.11/site-packages/airflow/example_dags/example_xcomargs.py
[2024-09-19T04:03:04.617+0000] {processor.py:914} INFO - Processing file /Users/omer/anaconda3/lib/python3.11/site-packages/airflow/example_dags/example_xcomargs.py for tasks to queue
[2024-09-19T04:03:04.617+0000] {logging_mixin.py:190} INFO - [2024-09-19T04:03:04.617+0000] {dagbag.py:587} INFO - Filling up the DagBag from /Users/omer/anaconda3/lib/python3.11/site-packages/airflow/example_dags/example_xcomargs.py
[2024-09-19T04:03:04.628+0000] {processor.py:925} INFO - DAG(s) 'example_xcom_args_with_operators', 'example_xcom_args' retrieved from /Users/omer/anaconda3/lib/python3.11/site-packages/airflow/example_dags/example_xcomargs.py
[2024-09-19T04:03:04.653+0000] {logging_mixin.py:190} INFO - [2024-09-19T04:03:04.653+0000] {dag.py:3229} INFO - Sync 2 DAGs
[2024-09-19T04:03:04.656+0000] {logging_mixin.py:190} INFO - [2024-09-19T04:03:04.656+0000] {dag.py:4156} INFO - Setting next_dagrun for example_xcom_args to None, run_after=None
[2024-09-19T04:03:04.657+0000] {logging_mixin.py:190} INFO - [2024-09-19T04:03:04.657+0000] {dag.py:4156} INFO - Setting next_dagrun for example_xcom_args_with_operators to None, run_after=None
[2024-09-19T04:03:04.661+0000] {processor.py:208} INFO - Processing /Users/omer/anaconda3/lib/python3.11/site-packages/airflow/example_dags/example_xcomargs.py took 0.046 seconds
[2024-09-19T04:42:15.593+0000] {processor.py:186} INFO - Started process (PID=25394) to work on /Users/omer/anaconda3/lib/python3.11/site-packages/airflow/example_dags/example_xcomargs.py
[2024-09-19T04:42:15.593+0000] {processor.py:914} INFO - Processing file /Users/omer/anaconda3/lib/python3.11/site-packages/airflow/example_dags/example_xcomargs.py for tasks to queue
[2024-09-19T04:42:15.594+0000] {logging_mixin.py:190} INFO - [2024-09-19T04:42:15.593+0000] {dagbag.py:587} INFO - Filling up the DagBag from /Users/omer/anaconda3/lib/python3.11/site-packages/airflow/example_dags/example_xcomargs.py
[2024-09-19T04:42:15.604+0000] {processor.py:925} INFO - DAG(s) 'example_xcom_args_with_operators', 'example_xcom_args' retrieved from /Users/omer/anaconda3/lib/python3.11/site-packages/airflow/example_dags/example_xcomargs.py
[2024-09-19T04:42:15.629+0000] {logging_mixin.py:190} INFO - [2024-09-19T04:42:15.629+0000] {dag.py:3229} INFO - Sync 2 DAGs
[2024-09-19T04:42:15.632+0000] {logging_mixin.py:190} INFO - [2024-09-19T04:42:15.632+0000] {dag.py:4156} INFO - Setting next_dagrun for example_xcom_args to None, run_after=None
[2024-09-19T04:42:15.633+0000] {logging_mixin.py:190} INFO - [2024-09-19T04:42:15.633+0000] {dag.py:4156} INFO - Setting next_dagrun for example_xcom_args_with_operators to None, run_after=None
[2024-09-19T04:42:15.637+0000] {processor.py:208} INFO - Processing /Users/omer/anaconda3/lib/python3.11/site-packages/airflow/example_dags/example_xcomargs.py took 0.045 seconds
[2024-09-19T05:20:05.624+0000] {processor.py:186} INFO - Started process (PID=25515) to work on /Users/omer/anaconda3/lib/python3.11/site-packages/airflow/example_dags/example_xcomargs.py
[2024-09-19T05:20:05.626+0000] {processor.py:914} INFO - Processing file /Users/omer/anaconda3/lib/python3.11/site-packages/airflow/example_dags/example_xcomargs.py for tasks to queue
[2024-09-19T05:20:05.626+0000] {logging_mixin.py:190} INFO - [2024-09-19T05:20:05.626+0000] {dagbag.py:587} INFO - Filling up the DagBag from /Users/omer/anaconda3/lib/python3.11/site-packages/airflow/example_dags/example_xcomargs.py
[2024-09-19T05:20:05.637+0000] {processor.py:925} INFO - DAG(s) 'example_xcom_args_with_operators', 'example_xcom_args' retrieved from /Users/omer/anaconda3/lib/python3.11/site-packages/airflow/example_dags/example_xcomargs.py
[2024-09-19T05:20:05.662+0000] {logging_mixin.py:190} INFO - [2024-09-19T05:20:05.662+0000] {dag.py:3229} INFO - Sync 2 DAGs
[2024-09-19T05:20:05.665+0000] {logging_mixin.py:190} INFO - [2024-09-19T05:20:05.665+0000] {dag.py:4156} INFO - Setting next_dagrun for example_xcom_args to None, run_after=None
[2024-09-19T05:20:05.665+0000] {logging_mixin.py:190} INFO - [2024-09-19T05:20:05.665+0000] {dag.py:4156} INFO - Setting next_dagrun for example_xcom_args_with_operators to None, run_after=None
[2024-09-19T05:20:05.670+0000] {processor.py:208} INFO - Processing /Users/omer/anaconda3/lib/python3.11/site-packages/airflow/example_dags/example_xcomargs.py took 0.046 seconds
[2024-09-19T05:59:13.089+0000] {processor.py:186} INFO - Started process (PID=25638) to work on /Users/omer/anaconda3/lib/python3.11/site-packages/airflow/example_dags/example_xcomargs.py
[2024-09-19T05:59:13.090+0000] {processor.py:914} INFO - Processing file /Users/omer/anaconda3/lib/python3.11/site-packages/airflow/example_dags/example_xcomargs.py for tasks to queue
[2024-09-19T05:59:13.090+0000] {logging_mixin.py:190} INFO - [2024-09-19T05:59:13.090+0000] {dagbag.py:587} INFO - Filling up the DagBag from /Users/omer/anaconda3/lib/python3.11/site-packages/airflow/example_dags/example_xcomargs.py
[2024-09-19T05:59:13.101+0000] {processor.py:925} INFO - DAG(s) 'example_xcom_args_with_operators', 'example_xcom_args' retrieved from /Users/omer/anaconda3/lib/python3.11/site-packages/airflow/example_dags/example_xcomargs.py
[2024-09-19T05:59:13.125+0000] {logging_mixin.py:190} INFO - [2024-09-19T05:59:13.125+0000] {dag.py:3229} INFO - Sync 2 DAGs
[2024-09-19T05:59:13.128+0000] {logging_mixin.py:190} INFO - [2024-09-19T05:59:13.128+0000] {dag.py:4156} INFO - Setting next_dagrun for example_xcom_args to None, run_after=None
[2024-09-19T05:59:13.129+0000] {logging_mixin.py:190} INFO - [2024-09-19T05:59:13.129+0000] {dag.py:4156} INFO - Setting next_dagrun for example_xcom_args_with_operators to None, run_after=None
[2024-09-19T05:59:13.134+0000] {processor.py:208} INFO - Processing /Users/omer/anaconda3/lib/python3.11/site-packages/airflow/example_dags/example_xcomargs.py took 0.045 seconds
[2024-09-19T06:15:48.483+0000] {processor.py:186} INFO - Started process (PID=25747) to work on /Users/omer/anaconda3/lib/python3.11/site-packages/airflow/example_dags/example_xcomargs.py
[2024-09-19T06:15:48.484+0000] {processor.py:914} INFO - Processing file /Users/omer/anaconda3/lib/python3.11/site-packages/airflow/example_dags/example_xcomargs.py for tasks to queue
[2024-09-19T06:15:48.484+0000] {logging_mixin.py:190} INFO - [2024-09-19T06:15:48.484+0000] {dagbag.py:587} INFO - Filling up the DagBag from /Users/omer/anaconda3/lib/python3.11/site-packages/airflow/example_dags/example_xcomargs.py
[2024-09-19T06:15:48.495+0000] {processor.py:925} INFO - DAG(s) 'example_xcom_args_with_operators', 'example_xcom_args' retrieved from /Users/omer/anaconda3/lib/python3.11/site-packages/airflow/example_dags/example_xcomargs.py
[2024-09-19T06:15:48.520+0000] {logging_mixin.py:190} INFO - [2024-09-19T06:15:48.520+0000] {dag.py:3229} INFO - Sync 2 DAGs
[2024-09-19T06:15:48.523+0000] {logging_mixin.py:190} INFO - [2024-09-19T06:15:48.523+0000] {dag.py:4156} INFO - Setting next_dagrun for example_xcom_args to None, run_after=None
[2024-09-19T06:15:48.523+0000] {logging_mixin.py:190} INFO - [2024-09-19T06:15:48.523+0000] {dag.py:4156} INFO - Setting next_dagrun for example_xcom_args_with_operators to None, run_after=None
[2024-09-19T06:15:48.528+0000] {processor.py:208} INFO - Processing /Users/omer/anaconda3/lib/python3.11/site-packages/airflow/example_dags/example_xcomargs.py took 0.046 seconds
[2024-09-19T06:17:11.019+0000] {processor.py:186} INFO - Started process (PID=25864) to work on /Users/omer/anaconda3/lib/python3.11/site-packages/airflow/example_dags/example_xcomargs.py
[2024-09-19T06:17:11.020+0000] {processor.py:914} INFO - Processing file /Users/omer/anaconda3/lib/python3.11/site-packages/airflow/example_dags/example_xcomargs.py for tasks to queue
[2024-09-19T06:17:11.021+0000] {logging_mixin.py:190} INFO - [2024-09-19T06:17:11.021+0000] {dagbag.py:587} INFO - Filling up the DagBag from /Users/omer/anaconda3/lib/python3.11/site-packages/airflow/example_dags/example_xcomargs.py
[2024-09-19T06:17:11.032+0000] {processor.py:925} INFO - DAG(s) 'example_xcom_args', 'example_xcom_args_with_operators' retrieved from /Users/omer/anaconda3/lib/python3.11/site-packages/airflow/example_dags/example_xcomargs.py
[2024-09-19T06:17:11.059+0000] {logging_mixin.py:190} INFO - [2024-09-19T06:17:11.059+0000] {dag.py:3229} INFO - Sync 2 DAGs
[2024-09-19T06:17:11.062+0000] {logging_mixin.py:190} INFO - [2024-09-19T06:17:11.062+0000] {dag.py:4156} INFO - Setting next_dagrun for example_xcom_args to None, run_after=None
[2024-09-19T06:17:11.063+0000] {logging_mixin.py:190} INFO - [2024-09-19T06:17:11.063+0000] {dag.py:4156} INFO - Setting next_dagrun for example_xcom_args_with_operators to None, run_after=None
[2024-09-19T06:17:11.067+0000] {processor.py:208} INFO - Processing /Users/omer/anaconda3/lib/python3.11/site-packages/airflow/example_dags/example_xcomargs.py took 0.049 seconds
[2024-09-19T06:18:25.297+0000] {processor.py:186} INFO - Started process (PID=25948) to work on /Users/omer/anaconda3/lib/python3.11/site-packages/airflow/example_dags/example_xcomargs.py
[2024-09-19T06:18:25.298+0000] {processor.py:914} INFO - Processing file /Users/omer/anaconda3/lib/python3.11/site-packages/airflow/example_dags/example_xcomargs.py for tasks to queue
[2024-09-19T06:18:25.299+0000] {logging_mixin.py:190} INFO - [2024-09-19T06:18:25.298+0000] {dagbag.py:587} INFO - Filling up the DagBag from /Users/omer/anaconda3/lib/python3.11/site-packages/airflow/example_dags/example_xcomargs.py
[2024-09-19T06:18:25.310+0000] {processor.py:925} INFO - DAG(s) 'example_xcom_args', 'example_xcom_args_with_operators' retrieved from /Users/omer/anaconda3/lib/python3.11/site-packages/airflow/example_dags/example_xcomargs.py
[2024-09-19T06:18:25.335+0000] {logging_mixin.py:190} INFO - [2024-09-19T06:18:25.335+0000] {dag.py:3229} INFO - Sync 2 DAGs
[2024-09-19T06:18:25.338+0000] {logging_mixin.py:190} INFO - [2024-09-19T06:18:25.338+0000] {dag.py:4156} INFO - Setting next_dagrun for example_xcom_args to None, run_after=None
[2024-09-19T06:18:25.339+0000] {logging_mixin.py:190} INFO - [2024-09-19T06:18:25.339+0000] {dag.py:4156} INFO - Setting next_dagrun for example_xcom_args_with_operators to None, run_after=None
[2024-09-19T06:18:25.343+0000] {processor.py:208} INFO - Processing /Users/omer/anaconda3/lib/python3.11/site-packages/airflow/example_dags/example_xcomargs.py took 0.047 seconds
[2024-09-19T06:19:37.819+0000] {processor.py:186} INFO - Started process (PID=26048) to work on /Users/omer/anaconda3/lib/python3.11/site-packages/airflow/example_dags/example_xcomargs.py
[2024-09-19T06:19:37.820+0000] {processor.py:914} INFO - Processing file /Users/omer/anaconda3/lib/python3.11/site-packages/airflow/example_dags/example_xcomargs.py for tasks to queue
[2024-09-19T06:19:37.821+0000] {logging_mixin.py:190} INFO - [2024-09-19T06:19:37.820+0000] {dagbag.py:587} INFO - Filling up the DagBag from /Users/omer/anaconda3/lib/python3.11/site-packages/airflow/example_dags/example_xcomargs.py
[2024-09-19T06:19:37.832+0000] {processor.py:925} INFO - DAG(s) 'example_xcom_args', 'example_xcom_args_with_operators' retrieved from /Users/omer/anaconda3/lib/python3.11/site-packages/airflow/example_dags/example_xcomargs.py
[2024-09-19T06:19:37.859+0000] {logging_mixin.py:190} INFO - [2024-09-19T06:19:37.858+0000] {dag.py:3229} INFO - Sync 2 DAGs
[2024-09-19T06:19:37.862+0000] {logging_mixin.py:190} INFO - [2024-09-19T06:19:37.862+0000] {dag.py:4156} INFO - Setting next_dagrun for example_xcom_args to None, run_after=None
[2024-09-19T06:19:37.862+0000] {logging_mixin.py:190} INFO - [2024-09-19T06:19:37.862+0000] {dag.py:4156} INFO - Setting next_dagrun for example_xcom_args_with_operators to None, run_after=None
[2024-09-19T06:19:37.867+0000] {processor.py:208} INFO - Processing /Users/omer/anaconda3/lib/python3.11/site-packages/airflow/example_dags/example_xcomargs.py took 0.049 seconds
[2024-09-19T06:21:17.288+0000] {processor.py:186} INFO - Started process (PID=26241) to work on /Users/omer/anaconda3/lib/python3.11/site-packages/airflow/example_dags/example_xcomargs.py
[2024-09-19T06:21:17.290+0000] {processor.py:914} INFO - Processing file /Users/omer/anaconda3/lib/python3.11/site-packages/airflow/example_dags/example_xcomargs.py for tasks to queue
[2024-09-19T06:21:17.290+0000] {logging_mixin.py:190} INFO - [2024-09-19T06:21:17.290+0000] {dagbag.py:587} INFO - Filling up the DagBag from /Users/omer/anaconda3/lib/python3.11/site-packages/airflow/example_dags/example_xcomargs.py
[2024-09-19T06:21:17.301+0000] {processor.py:925} INFO - DAG(s) 'example_xcom_args', 'example_xcom_args_with_operators' retrieved from /Users/omer/anaconda3/lib/python3.11/site-packages/airflow/example_dags/example_xcomargs.py
[2024-09-19T06:21:17.327+0000] {logging_mixin.py:190} INFO - [2024-09-19T06:21:17.327+0000] {dag.py:3229} INFO - Sync 2 DAGs
[2024-09-19T06:21:17.331+0000] {logging_mixin.py:190} INFO - [2024-09-19T06:21:17.330+0000] {dag.py:4156} INFO - Setting next_dagrun for example_xcom_args to None, run_after=None
[2024-09-19T06:21:17.331+0000] {logging_mixin.py:190} INFO - [2024-09-19T06:21:17.331+0000] {dag.py:4156} INFO - Setting next_dagrun for example_xcom_args_with_operators to None, run_after=None
[2024-09-19T06:21:17.336+0000] {processor.py:208} INFO - Processing /Users/omer/anaconda3/lib/python3.11/site-packages/airflow/example_dags/example_xcomargs.py took 0.048 seconds
[2024-09-19T06:23:00.396+0000] {processor.py:186} INFO - Started process (PID=26377) to work on /Users/omer/anaconda3/lib/python3.11/site-packages/airflow/example_dags/example_xcomargs.py
[2024-09-19T06:23:00.397+0000] {processor.py:914} INFO - Processing file /Users/omer/anaconda3/lib/python3.11/site-packages/airflow/example_dags/example_xcomargs.py for tasks to queue
[2024-09-19T06:23:00.397+0000] {logging_mixin.py:190} INFO - [2024-09-19T06:23:00.397+0000] {dagbag.py:587} INFO - Filling up the DagBag from /Users/omer/anaconda3/lib/python3.11/site-packages/airflow/example_dags/example_xcomargs.py
[2024-09-19T06:23:00.408+0000] {processor.py:925} INFO - DAG(s) 'example_xcom_args_with_operators', 'example_xcom_args' retrieved from /Users/omer/anaconda3/lib/python3.11/site-packages/airflow/example_dags/example_xcomargs.py
[2024-09-19T06:23:00.435+0000] {logging_mixin.py:190} INFO - [2024-09-19T06:23:00.435+0000] {dag.py:3229} INFO - Sync 2 DAGs
[2024-09-19T06:23:00.438+0000] {logging_mixin.py:190} INFO - [2024-09-19T06:23:00.438+0000] {dag.py:4156} INFO - Setting next_dagrun for example_xcom_args to None, run_after=None
[2024-09-19T06:23:00.439+0000] {logging_mixin.py:190} INFO - [2024-09-19T06:23:00.439+0000] {dag.py:4156} INFO - Setting next_dagrun for example_xcom_args_with_operators to None, run_after=None
[2024-09-19T06:23:00.443+0000] {processor.py:208} INFO - Processing /Users/omer/anaconda3/lib/python3.11/site-packages/airflow/example_dags/example_xcomargs.py took 0.048 seconds
[2024-09-19T06:24:10.393+0000] {processor.py:186} INFO - Started process (PID=26450) to work on /Users/omer/anaconda3/lib/python3.11/site-packages/airflow/example_dags/example_xcomargs.py
[2024-09-19T06:24:10.394+0000] {processor.py:914} INFO - Processing file /Users/omer/anaconda3/lib/python3.11/site-packages/airflow/example_dags/example_xcomargs.py for tasks to queue
[2024-09-19T06:24:10.394+0000] {logging_mixin.py:190} INFO - [2024-09-19T06:24:10.394+0000] {dagbag.py:587} INFO - Filling up the DagBag from /Users/omer/anaconda3/lib/python3.11/site-packages/airflow/example_dags/example_xcomargs.py
[2024-09-19T06:24:10.406+0000] {processor.py:925} INFO - DAG(s) 'example_xcom_args', 'example_xcom_args_with_operators' retrieved from /Users/omer/anaconda3/lib/python3.11/site-packages/airflow/example_dags/example_xcomargs.py
[2024-09-19T06:24:10.433+0000] {logging_mixin.py:190} INFO - [2024-09-19T06:24:10.433+0000] {dag.py:3229} INFO - Sync 2 DAGs
[2024-09-19T06:24:10.436+0000] {logging_mixin.py:190} INFO - [2024-09-19T06:24:10.436+0000] {dag.py:4156} INFO - Setting next_dagrun for example_xcom_args to None, run_after=None
[2024-09-19T06:24:10.437+0000] {logging_mixin.py:190} INFO - [2024-09-19T06:24:10.437+0000] {dag.py:4156} INFO - Setting next_dagrun for example_xcom_args_with_operators to None, run_after=None
[2024-09-19T06:24:10.441+0000] {processor.py:208} INFO - Processing /Users/omer/anaconda3/lib/python3.11/site-packages/airflow/example_dags/example_xcomargs.py took 0.049 seconds
[2024-09-19T06:25:16.979+0000] {processor.py:186} INFO - Started process (PID=26564) to work on /Users/omer/anaconda3/lib/python3.11/site-packages/airflow/example_dags/example_xcomargs.py
[2024-09-19T06:25:16.980+0000] {processor.py:914} INFO - Processing file /Users/omer/anaconda3/lib/python3.11/site-packages/airflow/example_dags/example_xcomargs.py for tasks to queue
[2024-09-19T06:25:16.980+0000] {logging_mixin.py:190} INFO - [2024-09-19T06:25:16.980+0000] {dagbag.py:587} INFO - Filling up the DagBag from /Users/omer/anaconda3/lib/python3.11/site-packages/airflow/example_dags/example_xcomargs.py
[2024-09-19T06:25:16.991+0000] {processor.py:925} INFO - DAG(s) 'example_xcom_args_with_operators', 'example_xcom_args' retrieved from /Users/omer/anaconda3/lib/python3.11/site-packages/airflow/example_dags/example_xcomargs.py
[2024-09-19T06:25:17.017+0000] {logging_mixin.py:190} INFO - [2024-09-19T06:25:17.017+0000] {dag.py:3229} INFO - Sync 2 DAGs
[2024-09-19T06:25:17.020+0000] {logging_mixin.py:190} INFO - [2024-09-19T06:25:17.020+0000] {dag.py:4156} INFO - Setting next_dagrun for example_xcom_args to None, run_after=None
[2024-09-19T06:25:17.021+0000] {logging_mixin.py:190} INFO - [2024-09-19T06:25:17.021+0000] {dag.py:4156} INFO - Setting next_dagrun for example_xcom_args_with_operators to None, run_after=None
[2024-09-19T06:25:17.026+0000] {processor.py:208} INFO - Processing /Users/omer/anaconda3/lib/python3.11/site-packages/airflow/example_dags/example_xcomargs.py took 0.048 seconds
