[2024-09-19T00:52:56.368+0000] {processor.py:186} INFO - Started process (PID=24615) to work on /Users/omer/anaconda3/lib/python3.11/site-packages/airflow/example_dags/example_branch_operator_decorator.py
[2024-09-19T00:52:56.368+0000] {processor.py:914} INFO - Processing file /Users/omer/anaconda3/lib/python3.11/site-packages/airflow/example_dags/example_branch_operator_decorator.py for tasks to queue
[2024-09-19T00:52:56.368+0000] {logging_mixin.py:190} INFO - [2024-09-19T00:52:56.368+0000] {dagbag.py:587} INFO - Filling up the DagBag from /Users/omer/anaconda3/lib/python3.11/site-packages/airflow/example_dags/example_branch_operator_decorator.py
[2024-09-19T00:52:56.384+0000] {processor.py:925} INFO - DAG(s) 'example_branch_python_operator_decorator' retrieved from /Users/omer/anaconda3/lib/python3.11/site-packages/airflow/example_dags/example_branch_operator_decorator.py
[2024-09-19T00:52:56.433+0000] {logging_mixin.py:190} INFO - [2024-09-19T00:52:56.433+0000] {dag.py:3229} INFO - Sync 1 DAGs
[2024-09-19T00:52:56.438+0000] {logging_mixin.py:190} INFO - [2024-09-19T00:52:56.437+0000] {dag.py:4156} INFO - Setting next_dagrun for example_branch_python_operator_decorator to 2024-09-18 00:00:00+00:00, run_after=2024-09-19 00:00:00+00:00
[2024-09-19T00:52:56.444+0000] {processor.py:208} INFO - Processing /Users/omer/anaconda3/lib/python3.11/site-packages/airflow/example_dags/example_branch_operator_decorator.py took 0.077 seconds
[2024-09-19T01:42:04.066+0000] {processor.py:186} INFO - Started process (PID=24733) to work on /Users/omer/anaconda3/lib/python3.11/site-packages/airflow/example_dags/example_branch_operator_decorator.py
[2024-09-19T01:42:04.067+0000] {processor.py:914} INFO - Processing file /Users/omer/anaconda3/lib/python3.11/site-packages/airflow/example_dags/example_branch_operator_decorator.py for tasks to queue
[2024-09-19T01:42:04.067+0000] {logging_mixin.py:190} INFO - [2024-09-19T01:42:04.067+0000] {dagbag.py:587} INFO - Filling up the DagBag from /Users/omer/anaconda3/lib/python3.11/site-packages/airflow/example_dags/example_branch_operator_decorator.py
[2024-09-19T01:42:04.081+0000] {processor.py:925} INFO - DAG(s) 'example_branch_python_operator_decorator' retrieved from /Users/omer/anaconda3/lib/python3.11/site-packages/airflow/example_dags/example_branch_operator_decorator.py
[2024-09-19T01:42:04.130+0000] {logging_mixin.py:190} INFO - [2024-09-19T01:42:04.130+0000] {dag.py:3229} INFO - Sync 1 DAGs
[2024-09-19T01:42:04.135+0000] {logging_mixin.py:190} INFO - [2024-09-19T01:42:04.135+0000] {dag.py:4156} INFO - Setting next_dagrun for example_branch_python_operator_decorator to 2024-09-18 00:00:00+00:00, run_after=2024-09-19 00:00:00+00:00
[2024-09-19T01:42:04.140+0000] {processor.py:208} INFO - Processing /Users/omer/anaconda3/lib/python3.11/site-packages/airflow/example_dags/example_branch_operator_decorator.py took 0.075 seconds
[2024-09-19T02:22:46.045+0000] {processor.py:186} INFO - Started process (PID=24863) to work on /Users/omer/anaconda3/lib/python3.11/site-packages/airflow/example_dags/example_branch_operator_decorator.py
[2024-09-19T02:22:46.046+0000] {processor.py:914} INFO - Processing file /Users/omer/anaconda3/lib/python3.11/site-packages/airflow/example_dags/example_branch_operator_decorator.py for tasks to queue
[2024-09-19T02:22:46.046+0000] {logging_mixin.py:190} INFO - [2024-09-19T02:22:46.046+0000] {dagbag.py:587} INFO - Filling up the DagBag from /Users/omer/anaconda3/lib/python3.11/site-packages/airflow/example_dags/example_branch_operator_decorator.py
[2024-09-19T02:22:46.060+0000] {processor.py:925} INFO - DAG(s) 'example_branch_python_operator_decorator' retrieved from /Users/omer/anaconda3/lib/python3.11/site-packages/airflow/example_dags/example_branch_operator_decorator.py
[2024-09-19T02:22:46.123+0000] {logging_mixin.py:190} INFO - [2024-09-19T02:22:46.123+0000] {dag.py:3229} INFO - Sync 1 DAGs
[2024-09-19T02:22:46.128+0000] {logging_mixin.py:190} INFO - [2024-09-19T02:22:46.127+0000] {dag.py:4156} INFO - Setting next_dagrun for example_branch_python_operator_decorator to 2024-09-18 00:00:00+00:00, run_after=2024-09-19 00:00:00+00:00
[2024-09-19T02:22:46.133+0000] {processor.py:208} INFO - Processing /Users/omer/anaconda3/lib/python3.11/site-packages/airflow/example_dags/example_branch_operator_decorator.py took 0.088 seconds
[2024-09-19T03:22:39.637+0000] {processor.py:186} INFO - Started process (PID=25086) to work on /Users/omer/anaconda3/lib/python3.11/site-packages/airflow/example_dags/example_branch_operator_decorator.py
[2024-09-19T03:22:39.638+0000] {processor.py:914} INFO - Processing file /Users/omer/anaconda3/lib/python3.11/site-packages/airflow/example_dags/example_branch_operator_decorator.py for tasks to queue
[2024-09-19T03:22:39.639+0000] {logging_mixin.py:190} INFO - [2024-09-19T03:22:39.639+0000] {dagbag.py:587} INFO - Filling up the DagBag from /Users/omer/anaconda3/lib/python3.11/site-packages/airflow/example_dags/example_branch_operator_decorator.py
[2024-09-19T03:22:39.653+0000] {processor.py:925} INFO - DAG(s) 'example_branch_python_operator_decorator' retrieved from /Users/omer/anaconda3/lib/python3.11/site-packages/airflow/example_dags/example_branch_operator_decorator.py
[2024-09-19T03:22:39.716+0000] {logging_mixin.py:190} INFO - [2024-09-19T03:22:39.716+0000] {dag.py:3229} INFO - Sync 1 DAGs
[2024-09-19T03:22:39.720+0000] {logging_mixin.py:190} INFO - [2024-09-19T03:22:39.720+0000] {dag.py:4156} INFO - Setting next_dagrun for example_branch_python_operator_decorator to 2024-09-18 00:00:00+00:00, run_after=2024-09-19 00:00:00+00:00
[2024-09-19T03:22:39.726+0000] {processor.py:208} INFO - Processing /Users/omer/anaconda3/lib/python3.11/site-packages/airflow/example_dags/example_branch_operator_decorator.py took 0.090 seconds
[2024-09-19T04:01:25.294+0000] {processor.py:186} INFO - Started process (PID=25252) to work on /Users/omer/anaconda3/lib/python3.11/site-packages/airflow/example_dags/example_branch_operator_decorator.py
[2024-09-19T04:01:25.294+0000] {processor.py:914} INFO - Processing file /Users/omer/anaconda3/lib/python3.11/site-packages/airflow/example_dags/example_branch_operator_decorator.py for tasks to queue
[2024-09-19T04:01:25.295+0000] {logging_mixin.py:190} INFO - [2024-09-19T04:01:25.295+0000] {dagbag.py:587} INFO - Filling up the DagBag from /Users/omer/anaconda3/lib/python3.11/site-packages/airflow/example_dags/example_branch_operator_decorator.py
[2024-09-19T04:01:25.308+0000] {processor.py:925} INFO - DAG(s) 'example_branch_python_operator_decorator' retrieved from /Users/omer/anaconda3/lib/python3.11/site-packages/airflow/example_dags/example_branch_operator_decorator.py
[2024-09-19T04:01:25.359+0000] {logging_mixin.py:190} INFO - [2024-09-19T04:01:25.359+0000] {dag.py:3229} INFO - Sync 1 DAGs
[2024-09-19T04:01:25.364+0000] {logging_mixin.py:190} INFO - [2024-09-19T04:01:25.363+0000] {dag.py:4156} INFO - Setting next_dagrun for example_branch_python_operator_decorator to 2024-09-18 00:00:00+00:00, run_after=2024-09-19 00:00:00+00:00
[2024-09-19T04:01:25.369+0000] {processor.py:208} INFO - Processing /Users/omer/anaconda3/lib/python3.11/site-packages/airflow/example_dags/example_branch_operator_decorator.py took 0.076 seconds
[2024-09-19T04:40:35.109+0000] {processor.py:186} INFO - Started process (PID=25366) to work on /Users/omer/anaconda3/lib/python3.11/site-packages/airflow/example_dags/example_branch_operator_decorator.py
[2024-09-19T04:40:35.109+0000] {processor.py:914} INFO - Processing file /Users/omer/anaconda3/lib/python3.11/site-packages/airflow/example_dags/example_branch_operator_decorator.py for tasks to queue
[2024-09-19T04:40:35.110+0000] {logging_mixin.py:190} INFO - [2024-09-19T04:40:35.109+0000] {dagbag.py:587} INFO - Filling up the DagBag from /Users/omer/anaconda3/lib/python3.11/site-packages/airflow/example_dags/example_branch_operator_decorator.py
[2024-09-19T04:40:35.123+0000] {processor.py:925} INFO - DAG(s) 'example_branch_python_operator_decorator' retrieved from /Users/omer/anaconda3/lib/python3.11/site-packages/airflow/example_dags/example_branch_operator_decorator.py
[2024-09-19T04:40:35.173+0000] {logging_mixin.py:190} INFO - [2024-09-19T04:40:35.173+0000] {dag.py:3229} INFO - Sync 1 DAGs
[2024-09-19T04:40:35.178+0000] {logging_mixin.py:190} INFO - [2024-09-19T04:40:35.178+0000] {dag.py:4156} INFO - Setting next_dagrun for example_branch_python_operator_decorator to 2024-09-18 00:00:00+00:00, run_after=2024-09-19 00:00:00+00:00
[2024-09-19T04:40:35.184+0000] {processor.py:208} INFO - Processing /Users/omer/anaconda3/lib/python3.11/site-packages/airflow/example_dags/example_branch_operator_decorator.py took 0.076 seconds
[2024-09-19T05:00:42.803+0000] {processor.py:186} INFO - Started process (PID=25486) to work on /Users/omer/anaconda3/lib/python3.11/site-packages/airflow/example_dags/example_branch_operator_decorator.py
[2024-09-19T05:00:42.803+0000] {processor.py:914} INFO - Processing file /Users/omer/anaconda3/lib/python3.11/site-packages/airflow/example_dags/example_branch_operator_decorator.py for tasks to queue
[2024-09-19T05:00:42.803+0000] {logging_mixin.py:190} INFO - [2024-09-19T05:00:42.803+0000] {dagbag.py:587} INFO - Filling up the DagBag from /Users/omer/anaconda3/lib/python3.11/site-packages/airflow/example_dags/example_branch_operator_decorator.py
[2024-09-19T05:01:08.080+0000] {processor.py:925} INFO - DAG(s) 'example_branch_python_operator_decorator' retrieved from /Users/omer/anaconda3/lib/python3.11/site-packages/airflow/example_dags/example_branch_operator_decorator.py
[2024-09-19T05:01:08.147+0000] {logging_mixin.py:190} INFO - [2024-09-19T05:01:08.147+0000] {dag.py:3229} INFO - Sync 1 DAGs
[2024-09-19T05:01:08.152+0000] {logging_mixin.py:190} INFO - [2024-09-19T05:01:08.151+0000] {dag.py:4156} INFO - Setting next_dagrun for example_branch_python_operator_decorator to 2024-09-18 00:00:00+00:00, run_after=2024-09-19 00:00:00+00:00
[2024-09-19T05:01:08.157+0000] {processor.py:208} INFO - Processing /Users/omer/anaconda3/lib/python3.11/site-packages/airflow/example_dags/example_branch_operator_decorator.py took 0.442 seconds
[2024-09-19T06:15:22.604+0000] {processor.py:186} INFO - Started process (PID=25722) to work on /Users/omer/anaconda3/lib/python3.11/site-packages/airflow/example_dags/example_branch_operator_decorator.py
[2024-09-19T06:15:22.604+0000] {processor.py:914} INFO - Processing file /Users/omer/anaconda3/lib/python3.11/site-packages/airflow/example_dags/example_branch_operator_decorator.py for tasks to queue
[2024-09-19T06:15:22.605+0000] {logging_mixin.py:190} INFO - [2024-09-19T06:15:22.604+0000] {dagbag.py:587} INFO - Filling up the DagBag from /Users/omer/anaconda3/lib/python3.11/site-packages/airflow/example_dags/example_branch_operator_decorator.py
[2024-09-19T06:15:22.619+0000] {processor.py:925} INFO - DAG(s) 'example_branch_python_operator_decorator' retrieved from /Users/omer/anaconda3/lib/python3.11/site-packages/airflow/example_dags/example_branch_operator_decorator.py
[2024-09-19T06:15:22.687+0000] {logging_mixin.py:190} INFO - [2024-09-19T06:15:22.686+0000] {dag.py:3229} INFO - Sync 1 DAGs
[2024-09-19T06:15:22.691+0000] {logging_mixin.py:190} INFO - [2024-09-19T06:15:22.691+0000] {dag.py:4156} INFO - Setting next_dagrun for example_branch_python_operator_decorator to 2024-09-18 00:00:00+00:00, run_after=2024-09-19 00:00:00+00:00
[2024-09-19T06:15:22.697+0000] {processor.py:208} INFO - Processing /Users/omer/anaconda3/lib/python3.11/site-packages/airflow/example_dags/example_branch_operator_decorator.py took 0.094 seconds
[2024-09-19T06:18:00.046+0000] {processor.py:186} INFO - Started process (PID=25928) to work on /Users/omer/anaconda3/lib/python3.11/site-packages/airflow/example_dags/example_branch_operator_decorator.py
[2024-09-19T06:18:00.047+0000] {processor.py:914} INFO - Processing file /Users/omer/anaconda3/lib/python3.11/site-packages/airflow/example_dags/example_branch_operator_decorator.py for tasks to queue
[2024-09-19T06:18:00.047+0000] {logging_mixin.py:190} INFO - [2024-09-19T06:18:00.047+0000] {dagbag.py:587} INFO - Filling up the DagBag from /Users/omer/anaconda3/lib/python3.11/site-packages/airflow/example_dags/example_branch_operator_decorator.py
[2024-09-19T06:18:00.061+0000] {processor.py:925} INFO - DAG(s) 'example_branch_python_operator_decorator' retrieved from /Users/omer/anaconda3/lib/python3.11/site-packages/airflow/example_dags/example_branch_operator_decorator.py
[2024-09-19T06:18:00.125+0000] {logging_mixin.py:190} INFO - [2024-09-19T06:18:00.124+0000] {dag.py:3229} INFO - Sync 1 DAGs
[2024-09-19T06:18:00.130+0000] {logging_mixin.py:190} INFO - [2024-09-19T06:18:00.129+0000] {dag.py:4156} INFO - Setting next_dagrun for example_branch_python_operator_decorator to 2024-09-18 00:00:00+00:00, run_after=2024-09-19 00:00:00+00:00
[2024-09-19T06:18:00.135+0000] {processor.py:208} INFO - Processing /Users/omer/anaconda3/lib/python3.11/site-packages/airflow/example_dags/example_branch_operator_decorator.py took 0.089 seconds
[2024-09-19T06:22:29.352+0000] {processor.py:186} INFO - Started process (PID=26345) to work on /Users/omer/anaconda3/lib/python3.11/site-packages/airflow/example_dags/example_branch_operator_decorator.py
[2024-09-19T06:22:29.354+0000] {processor.py:914} INFO - Processing file /Users/omer/anaconda3/lib/python3.11/site-packages/airflow/example_dags/example_branch_operator_decorator.py for tasks to queue
[2024-09-19T06:22:29.354+0000] {logging_mixin.py:190} INFO - [2024-09-19T06:22:29.354+0000] {dagbag.py:587} INFO - Filling up the DagBag from /Users/omer/anaconda3/lib/python3.11/site-packages/airflow/example_dags/example_branch_operator_decorator.py
[2024-09-19T06:22:29.368+0000] {processor.py:925} INFO - DAG(s) 'example_branch_python_operator_decorator' retrieved from /Users/omer/anaconda3/lib/python3.11/site-packages/airflow/example_dags/example_branch_operator_decorator.py
[2024-09-19T06:22:29.420+0000] {logging_mixin.py:190} INFO - [2024-09-19T06:22:29.419+0000] {dag.py:3229} INFO - Sync 1 DAGs
[2024-09-19T06:22:29.424+0000] {logging_mixin.py:190} INFO - [2024-09-19T06:22:29.424+0000] {dag.py:4156} INFO - Setting next_dagrun for example_branch_python_operator_decorator to 2024-09-18 00:00:00+00:00, run_after=2024-09-19 00:00:00+00:00
[2024-09-19T06:22:29.430+0000] {processor.py:208} INFO - Processing /Users/omer/anaconda3/lib/python3.11/site-packages/airflow/example_dags/example_branch_operator_decorator.py took 0.078 seconds
[2024-09-19T06:24:49.999+0000] {processor.py:186} INFO - Started process (PID=26517) to work on /Users/omer/anaconda3/lib/python3.11/site-packages/airflow/example_dags/example_branch_operator_decorator.py
[2024-09-19T06:24:50.000+0000] {processor.py:914} INFO - Processing file /Users/omer/anaconda3/lib/python3.11/site-packages/airflow/example_dags/example_branch_operator_decorator.py for tasks to queue
[2024-09-19T06:24:50.000+0000] {logging_mixin.py:190} INFO - [2024-09-19T06:24:50.000+0000] {dagbag.py:587} INFO - Filling up the DagBag from /Users/omer/anaconda3/lib/python3.11/site-packages/airflow/example_dags/example_branch_operator_decorator.py
[2024-09-19T06:24:50.014+0000] {processor.py:925} INFO - DAG(s) 'example_branch_python_operator_decorator' retrieved from /Users/omer/anaconda3/lib/python3.11/site-packages/airflow/example_dags/example_branch_operator_decorator.py
[2024-09-19T06:24:50.067+0000] {logging_mixin.py:190} INFO - [2024-09-19T06:24:50.067+0000] {dag.py:3229} INFO - Sync 1 DAGs
[2024-09-19T06:24:50.072+0000] {logging_mixin.py:190} INFO - [2024-09-19T06:24:50.072+0000] {dag.py:4156} INFO - Setting next_dagrun for example_branch_python_operator_decorator to 2024-09-18 00:00:00+00:00, run_after=2024-09-19 00:00:00+00:00
[2024-09-19T06:24:50.078+0000] {processor.py:208} INFO - Processing /Users/omer/anaconda3/lib/python3.11/site-packages/airflow/example_dags/example_branch_operator_decorator.py took 0.080 seconds
