[2024-09-19T00:52:25.492+0000] {processor.py:186} INFO - Started process (PID=24611) to work on /Users/omer/anaconda3/lib/python3.11/site-packages/airflow/example_dags/example_dag_decorator.py
[2024-09-19T00:52:25.493+0000] {processor.py:914} INFO - Processing file /Users/omer/anaconda3/lib/python3.11/site-packages/airflow/example_dags/example_dag_decorator.py for tasks to queue
[2024-09-19T00:52:25.493+0000] {logging_mixin.py:190} INFO - [2024-09-19T00:52:25.493+0000] {dagbag.py:587} INFO - Filling up the DagBag from /Users/omer/anaconda3/lib/python3.11/site-packages/airflow/example_dags/example_dag_decorator.py
[2024-09-19T00:52:25.599+0000] {processor.py:925} INFO - DAG(s) 'example_dag_decorator' retrieved from /Users/omer/anaconda3/lib/python3.11/site-packages/airflow/example_dags/example_dag_decorator.py
[2024-09-19T00:52:25.682+0000] {logging_mixin.py:190} INFO - [2024-09-19T00:52:25.682+0000] {dag.py:3229} INFO - Sync 1 DAGs
[2024-09-19T00:52:25.685+0000] {logging_mixin.py:190} INFO - [2024-09-19T00:52:25.685+0000] {dag.py:4156} INFO - Setting next_dagrun for example_dag_decorator to None, run_after=None
[2024-09-19T00:52:25.690+0000] {processor.py:208} INFO - Processing /Users/omer/anaconda3/lib/python3.11/site-packages/airflow/example_dags/example_dag_decorator.py took 0.199 seconds
[2024-09-19T01:41:33.921+0000] {processor.py:186} INFO - Started process (PID=24723) to work on /Users/omer/anaconda3/lib/python3.11/site-packages/airflow/example_dags/example_dag_decorator.py
[2024-09-19T01:41:33.921+0000] {processor.py:914} INFO - Processing file /Users/omer/anaconda3/lib/python3.11/site-packages/airflow/example_dags/example_dag_decorator.py for tasks to queue
[2024-09-19T01:41:33.922+0000] {logging_mixin.py:190} INFO - [2024-09-19T01:41:33.921+0000] {dagbag.py:587} INFO - Filling up the DagBag from /Users/omer/anaconda3/lib/python3.11/site-packages/airflow/example_dags/example_dag_decorator.py
[2024-09-19T01:41:34.017+0000] {processor.py:925} INFO - DAG(s) 'example_dag_decorator' retrieved from /Users/omer/anaconda3/lib/python3.11/site-packages/airflow/example_dags/example_dag_decorator.py
[2024-09-19T01:41:34.100+0000] {logging_mixin.py:190} INFO - [2024-09-19T01:41:34.100+0000] {dag.py:3229} INFO - Sync 1 DAGs
[2024-09-19T01:41:34.103+0000] {logging_mixin.py:190} INFO - [2024-09-19T01:41:34.103+0000] {dag.py:4156} INFO - Setting next_dagrun for example_dag_decorator to None, run_after=None
[2024-09-19T01:41:34.108+0000] {processor.py:208} INFO - Processing /Users/omer/anaconda3/lib/python3.11/site-packages/airflow/example_dags/example_dag_decorator.py took 0.188 seconds
[2024-09-19T02:22:15.050+0000] {processor.py:186} INFO - Started process (PID=24848) to work on /Users/omer/anaconda3/lib/python3.11/site-packages/airflow/example_dags/example_dag_decorator.py
[2024-09-19T02:22:15.051+0000] {processor.py:914} INFO - Processing file /Users/omer/anaconda3/lib/python3.11/site-packages/airflow/example_dags/example_dag_decorator.py for tasks to queue
[2024-09-19T02:22:15.051+0000] {logging_mixin.py:190} INFO - [2024-09-19T02:22:15.051+0000] {dagbag.py:587} INFO - Filling up the DagBag from /Users/omer/anaconda3/lib/python3.11/site-packages/airflow/example_dags/example_dag_decorator.py
[2024-09-19T02:22:15.156+0000] {processor.py:925} INFO - DAG(s) 'example_dag_decorator' retrieved from /Users/omer/anaconda3/lib/python3.11/site-packages/airflow/example_dags/example_dag_decorator.py
[2024-09-19T02:22:15.244+0000] {logging_mixin.py:190} INFO - [2024-09-19T02:22:15.244+0000] {dag.py:3229} INFO - Sync 1 DAGs
[2024-09-19T02:22:15.247+0000] {logging_mixin.py:190} INFO - [2024-09-19T02:22:15.247+0000] {dag.py:4156} INFO - Setting next_dagrun for example_dag_decorator to None, run_after=None
[2024-09-19T02:22:15.252+0000] {processor.py:208} INFO - Processing /Users/omer/anaconda3/lib/python3.11/site-packages/airflow/example_dags/example_dag_decorator.py took 0.203 seconds
[2024-09-19T02:44:16.342+0000] {processor.py:186} INFO - Started process (PID=24969) to work on /Users/omer/anaconda3/lib/python3.11/site-packages/airflow/example_dags/example_dag_decorator.py
[2024-09-19T02:44:16.343+0000] {processor.py:914} INFO - Processing file /Users/omer/anaconda3/lib/python3.11/site-packages/airflow/example_dags/example_dag_decorator.py for tasks to queue
[2024-09-19T02:44:16.343+0000] {logging_mixin.py:190} INFO - [2024-09-19T02:44:16.343+0000] {dagbag.py:587} INFO - Filling up the DagBag from /Users/omer/anaconda3/lib/python3.11/site-packages/airflow/example_dags/example_dag_decorator.py
[2024-09-19T02:44:16.439+0000] {processor.py:925} INFO - DAG(s) 'example_dag_decorator' retrieved from /Users/omer/anaconda3/lib/python3.11/site-packages/airflow/example_dags/example_dag_decorator.py
[2024-09-19T02:44:16.523+0000] {logging_mixin.py:190} INFO - [2024-09-19T02:44:16.523+0000] {dag.py:3229} INFO - Sync 1 DAGs
[2024-09-19T02:44:16.526+0000] {logging_mixin.py:190} INFO - [2024-09-19T02:44:16.526+0000] {dag.py:4156} INFO - Setting next_dagrun for example_dag_decorator to None, run_after=None
[2024-09-19T02:44:16.531+0000] {processor.py:208} INFO - Processing /Users/omer/anaconda3/lib/python3.11/site-packages/airflow/example_dags/example_dag_decorator.py took 0.190 seconds
[2024-09-19T03:22:08.416+0000] {processor.py:186} INFO - Started process (PID=25076) to work on /Users/omer/anaconda3/lib/python3.11/site-packages/airflow/example_dags/example_dag_decorator.py
[2024-09-19T03:22:08.417+0000] {processor.py:914} INFO - Processing file /Users/omer/anaconda3/lib/python3.11/site-packages/airflow/example_dags/example_dag_decorator.py for tasks to queue
[2024-09-19T03:22:08.417+0000] {logging_mixin.py:190} INFO - [2024-09-19T03:22:08.417+0000] {dagbag.py:587} INFO - Filling up the DagBag from /Users/omer/anaconda3/lib/python3.11/site-packages/airflow/example_dags/example_dag_decorator.py
[2024-09-19T03:22:08.522+0000] {processor.py:925} INFO - DAG(s) 'example_dag_decorator' retrieved from /Users/omer/anaconda3/lib/python3.11/site-packages/airflow/example_dags/example_dag_decorator.py
[2024-09-19T03:22:08.607+0000] {logging_mixin.py:190} INFO - [2024-09-19T03:22:08.607+0000] {dag.py:3229} INFO - Sync 1 DAGs
[2024-09-19T03:22:08.610+0000] {logging_mixin.py:190} INFO - [2024-09-19T03:22:08.610+0000] {dag.py:4156} INFO - Setting next_dagrun for example_dag_decorator to None, run_after=None
[2024-09-19T03:22:08.615+0000] {processor.py:208} INFO - Processing /Users/omer/anaconda3/lib/python3.11/site-packages/airflow/example_dags/example_dag_decorator.py took 0.199 seconds
[2024-09-19T04:01:20.426+0000] {processor.py:186} INFO - Started process (PID=25243) to work on /Users/omer/anaconda3/lib/python3.11/site-packages/airflow/example_dags/example_dag_decorator.py
[2024-09-19T04:01:20.426+0000] {processor.py:914} INFO - Processing file /Users/omer/anaconda3/lib/python3.11/site-packages/airflow/example_dags/example_dag_decorator.py for tasks to queue
[2024-09-19T04:01:20.426+0000] {logging_mixin.py:190} INFO - [2024-09-19T04:01:20.426+0000] {dagbag.py:587} INFO - Filling up the DagBag from /Users/omer/anaconda3/lib/python3.11/site-packages/airflow/example_dags/example_dag_decorator.py
[2024-09-19T04:01:20.530+0000] {processor.py:925} INFO - DAG(s) 'example_dag_decorator' retrieved from /Users/omer/anaconda3/lib/python3.11/site-packages/airflow/example_dags/example_dag_decorator.py
[2024-09-19T04:01:20.612+0000] {logging_mixin.py:190} INFO - [2024-09-19T04:01:20.612+0000] {dag.py:3229} INFO - Sync 1 DAGs
[2024-09-19T04:01:20.615+0000] {logging_mixin.py:190} INFO - [2024-09-19T04:01:20.615+0000] {dag.py:4156} INFO - Setting next_dagrun for example_dag_decorator to None, run_after=None
[2024-09-19T04:01:20.620+0000] {processor.py:208} INFO - Processing /Users/omer/anaconda3/lib/python3.11/site-packages/airflow/example_dags/example_dag_decorator.py took 0.195 seconds
[2024-09-19T04:40:30.661+0000] {processor.py:186} INFO - Started process (PID=25357) to work on /Users/omer/anaconda3/lib/python3.11/site-packages/airflow/example_dags/example_dag_decorator.py
[2024-09-19T04:40:30.662+0000] {processor.py:914} INFO - Processing file /Users/omer/anaconda3/lib/python3.11/site-packages/airflow/example_dags/example_dag_decorator.py for tasks to queue
[2024-09-19T04:40:30.662+0000] {logging_mixin.py:190} INFO - [2024-09-19T04:40:30.662+0000] {dagbag.py:587} INFO - Filling up the DagBag from /Users/omer/anaconda3/lib/python3.11/site-packages/airflow/example_dags/example_dag_decorator.py
[2024-09-19T04:40:30.757+0000] {processor.py:925} INFO - DAG(s) 'example_dag_decorator' retrieved from /Users/omer/anaconda3/lib/python3.11/site-packages/airflow/example_dags/example_dag_decorator.py
[2024-09-19T04:40:30.841+0000] {logging_mixin.py:190} INFO - [2024-09-19T04:40:30.841+0000] {dag.py:3229} INFO - Sync 1 DAGs
[2024-09-19T04:40:30.844+0000] {logging_mixin.py:190} INFO - [2024-09-19T04:40:30.844+0000] {dag.py:4156} INFO - Setting next_dagrun for example_dag_decorator to None, run_after=None
[2024-09-19T04:40:30.850+0000] {processor.py:208} INFO - Processing /Users/omer/anaconda3/lib/python3.11/site-packages/airflow/example_dags/example_dag_decorator.py took 0.189 seconds
[2024-09-19T05:00:36.985+0000] {processor.py:186} INFO - Started process (PID=25475) to work on /Users/omer/anaconda3/lib/python3.11/site-packages/airflow/example_dags/example_dag_decorator.py
[2024-09-19T05:00:36.986+0000] {processor.py:914} INFO - Processing file /Users/omer/anaconda3/lib/python3.11/site-packages/airflow/example_dags/example_dag_decorator.py for tasks to queue
[2024-09-19T05:00:36.986+0000] {logging_mixin.py:190} INFO - [2024-09-19T05:00:36.986+0000] {dagbag.py:587} INFO - Filling up the DagBag from /Users/omer/anaconda3/lib/python3.11/site-packages/airflow/example_dags/example_dag_decorator.py
[2024-09-19T05:00:37.088+0000] {processor.py:925} INFO - DAG(s) 'example_dag_decorator' retrieved from /Users/omer/anaconda3/lib/python3.11/site-packages/airflow/example_dags/example_dag_decorator.py
[2024-09-19T05:00:37.173+0000] {logging_mixin.py:190} INFO - [2024-09-19T05:00:37.173+0000] {dag.py:3229} INFO - Sync 1 DAGs
[2024-09-19T05:00:37.176+0000] {logging_mixin.py:190} INFO - [2024-09-19T05:00:37.176+0000] {dag.py:4156} INFO - Setting next_dagrun for example_dag_decorator to None, run_after=None
[2024-09-19T05:00:37.181+0000] {processor.py:208} INFO - Processing /Users/omer/anaconda3/lib/python3.11/site-packages/airflow/example_dags/example_dag_decorator.py took 0.197 seconds
[2024-09-19T05:43:17.730+0000] {processor.py:186} INFO - Started process (PID=25596) to work on /Users/omer/anaconda3/lib/python3.11/site-packages/airflow/example_dags/example_dag_decorator.py
[2024-09-19T05:43:17.731+0000] {processor.py:914} INFO - Processing file /Users/omer/anaconda3/lib/python3.11/site-packages/airflow/example_dags/example_dag_decorator.py for tasks to queue
[2024-09-19T05:43:17.731+0000] {logging_mixin.py:190} INFO - [2024-09-19T05:43:17.731+0000] {dagbag.py:587} INFO - Filling up the DagBag from /Users/omer/anaconda3/lib/python3.11/site-packages/airflow/example_dags/example_dag_decorator.py
[2024-09-19T05:43:17.835+0000] {processor.py:925} INFO - DAG(s) 'example_dag_decorator' retrieved from /Users/omer/anaconda3/lib/python3.11/site-packages/airflow/example_dags/example_dag_decorator.py
[2024-09-19T05:43:17.920+0000] {logging_mixin.py:190} INFO - [2024-09-19T05:43:17.920+0000] {dag.py:3229} INFO - Sync 1 DAGs
[2024-09-19T05:43:17.923+0000] {logging_mixin.py:190} INFO - [2024-09-19T05:43:17.923+0000] {dag.py:4156} INFO - Setting next_dagrun for example_dag_decorator to None, run_after=None
[2024-09-19T05:43:17.928+0000] {processor.py:208} INFO - Processing /Users/omer/anaconda3/lib/python3.11/site-packages/airflow/example_dags/example_dag_decorator.py took 0.199 seconds
[2024-09-19T06:16:40.895+0000] {processor.py:186} INFO - Started process (PID=25828) to work on /Users/omer/anaconda3/lib/python3.11/site-packages/airflow/example_dags/example_dag_decorator.py
[2024-09-19T06:16:40.897+0000] {processor.py:914} INFO - Processing file /Users/omer/anaconda3/lib/python3.11/site-packages/airflow/example_dags/example_dag_decorator.py for tasks to queue
[2024-09-19T06:16:40.897+0000] {logging_mixin.py:190} INFO - [2024-09-19T06:16:40.897+0000] {dagbag.py:587} INFO - Filling up the DagBag from /Users/omer/anaconda3/lib/python3.11/site-packages/airflow/example_dags/example_dag_decorator.py
[2024-09-19T06:16:41.008+0000] {processor.py:925} INFO - DAG(s) 'example_dag_decorator' retrieved from /Users/omer/anaconda3/lib/python3.11/site-packages/airflow/example_dags/example_dag_decorator.py
[2024-09-19T06:16:41.107+0000] {logging_mixin.py:190} INFO - [2024-09-19T06:16:41.107+0000] {dag.py:3229} INFO - Sync 1 DAGs
[2024-09-19T06:16:41.111+0000] {logging_mixin.py:190} INFO - [2024-09-19T06:16:41.111+0000] {dag.py:4156} INFO - Setting next_dagrun for example_dag_decorator to None, run_after=None
[2024-09-19T06:16:41.117+0000] {processor.py:208} INFO - Processing /Users/omer/anaconda3/lib/python3.11/site-packages/airflow/example_dags/example_dag_decorator.py took 0.222 seconds
[2024-09-19T06:19:09.478+0000] {processor.py:186} INFO - Started process (PID=26015) to work on /Users/omer/anaconda3/lib/python3.11/site-packages/airflow/example_dags/example_dag_decorator.py
[2024-09-19T06:19:09.479+0000] {processor.py:914} INFO - Processing file /Users/omer/anaconda3/lib/python3.11/site-packages/airflow/example_dags/example_dag_decorator.py for tasks to queue
[2024-09-19T06:19:09.479+0000] {logging_mixin.py:190} INFO - [2024-09-19T06:19:09.479+0000] {dagbag.py:587} INFO - Filling up the DagBag from /Users/omer/anaconda3/lib/python3.11/site-packages/airflow/example_dags/example_dag_decorator.py
[2024-09-19T06:19:09.585+0000] {processor.py:925} INFO - DAG(s) 'example_dag_decorator' retrieved from /Users/omer/anaconda3/lib/python3.11/site-packages/airflow/example_dags/example_dag_decorator.py
[2024-09-19T06:19:09.672+0000] {logging_mixin.py:190} INFO - [2024-09-19T06:19:09.672+0000] {dag.py:3229} INFO - Sync 1 DAGs
[2024-09-19T06:19:09.676+0000] {logging_mixin.py:190} INFO - [2024-09-19T06:19:09.676+0000] {dag.py:4156} INFO - Setting next_dagrun for example_dag_decorator to None, run_after=None
[2024-09-19T06:19:09.682+0000] {processor.py:208} INFO - Processing /Users/omer/anaconda3/lib/python3.11/site-packages/airflow/example_dags/example_dag_decorator.py took 0.205 seconds
[2024-09-19T06:22:24.333+0000] {processor.py:186} INFO - Started process (PID=26341) to work on /Users/omer/anaconda3/lib/python3.11/site-packages/airflow/example_dags/example_dag_decorator.py
[2024-09-19T06:22:24.334+0000] {processor.py:914} INFO - Processing file /Users/omer/anaconda3/lib/python3.11/site-packages/airflow/example_dags/example_dag_decorator.py for tasks to queue
[2024-09-19T06:22:24.334+0000] {logging_mixin.py:190} INFO - [2024-09-19T06:22:24.334+0000] {dagbag.py:587} INFO - Filling up the DagBag from /Users/omer/anaconda3/lib/python3.11/site-packages/airflow/example_dags/example_dag_decorator.py
[2024-09-19T06:22:24.429+0000] {processor.py:925} INFO - DAG(s) 'example_dag_decorator' retrieved from /Users/omer/anaconda3/lib/python3.11/site-packages/airflow/example_dags/example_dag_decorator.py
[2024-09-19T06:22:24.515+0000] {logging_mixin.py:190} INFO - [2024-09-19T06:22:24.515+0000] {dag.py:3229} INFO - Sync 1 DAGs
[2024-09-19T06:22:24.518+0000] {logging_mixin.py:190} INFO - [2024-09-19T06:22:24.518+0000] {dag.py:4156} INFO - Setting next_dagrun for example_dag_decorator to None, run_after=None
[2024-09-19T06:22:24.523+0000] {processor.py:208} INFO - Processing /Users/omer/anaconda3/lib/python3.11/site-packages/airflow/example_dags/example_dag_decorator.py took 0.191 seconds
[2024-09-19T06:24:44.194+0000] {processor.py:186} INFO - Started process (PID=26510) to work on /Users/omer/anaconda3/lib/python3.11/site-packages/airflow/example_dags/example_dag_decorator.py
[2024-09-19T06:24:44.196+0000] {processor.py:914} INFO - Processing file /Users/omer/anaconda3/lib/python3.11/site-packages/airflow/example_dags/example_dag_decorator.py for tasks to queue
[2024-09-19T06:24:44.196+0000] {logging_mixin.py:190} INFO - [2024-09-19T06:24:44.196+0000] {dagbag.py:587} INFO - Filling up the DagBag from /Users/omer/anaconda3/lib/python3.11/site-packages/airflow/example_dags/example_dag_decorator.py
[2024-09-19T06:24:44.293+0000] {processor.py:925} INFO - DAG(s) 'example_dag_decorator' retrieved from /Users/omer/anaconda3/lib/python3.11/site-packages/airflow/example_dags/example_dag_decorator.py
[2024-09-19T06:24:44.376+0000] {logging_mixin.py:190} INFO - [2024-09-19T06:24:44.376+0000] {dag.py:3229} INFO - Sync 1 DAGs
[2024-09-19T06:24:44.380+0000] {logging_mixin.py:190} INFO - [2024-09-19T06:24:44.380+0000] {dag.py:4156} INFO - Setting next_dagrun for example_dag_decorator to None, run_after=None
[2024-09-19T06:24:44.386+0000] {processor.py:208} INFO - Processing /Users/omer/anaconda3/lib/python3.11/site-packages/airflow/example_dags/example_dag_decorator.py took 0.192 seconds
