[2024-09-19T00:16:04.231+0000] {processor.py:186} INFO - Started process (PID=24516) to work on /Users/omer/anaconda3/lib/python3.11/site-packages/airflow/example_dags/example_kubernetes_executor.py
[2024-09-19T00:16:04.232+0000] {processor.py:914} INFO - Processing file /Users/omer/anaconda3/lib/python3.11/site-packages/airflow/example_dags/example_kubernetes_executor.py for tasks to queue
[2024-09-19T00:16:04.232+0000] {logging_mixin.py:190} INFO - [2024-09-19T00:16:04.232+0000] {dagbag.py:587} INFO - Filling up the DagBag from /Users/omer/anaconda3/lib/python3.11/site-packages/airflow/example_dags/example_kubernetes_executor.py
[2024-09-19T00:16:04.242+0000] {logging_mixin.py:190} INFO - [2024-09-19T00:16:04.242+0000] {example_kubernetes_executor.py:39} WARNING - The example_kubernetes_executor example DAG requires the kubernetes provider. Please install it with: pip install apache-airflow[cncf.kubernetes]
[2024-09-19T00:16:04.242+0000] {processor.py:927} WARNING - No viable dags retrieved from /Users/omer/anaconda3/lib/python3.11/site-packages/airflow/example_dags/example_kubernetes_executor.py
[2024-09-19T00:16:04.264+0000] {processor.py:208} INFO - Processing /Users/omer/anaconda3/lib/python3.11/site-packages/airflow/example_dags/example_kubernetes_executor.py took 0.033 seconds
[2024-09-19T01:40:54.907+0000] {processor.py:186} INFO - Started process (PID=24702) to work on /Users/omer/anaconda3/lib/python3.11/site-packages/airflow/example_dags/example_kubernetes_executor.py
[2024-09-19T01:40:54.908+0000] {processor.py:914} INFO - Processing file /Users/omer/anaconda3/lib/python3.11/site-packages/airflow/example_dags/example_kubernetes_executor.py for tasks to queue
[2024-09-19T01:40:54.908+0000] {logging_mixin.py:190} INFO - [2024-09-19T01:40:54.908+0000] {dagbag.py:587} INFO - Filling up the DagBag from /Users/omer/anaconda3/lib/python3.11/site-packages/airflow/example_dags/example_kubernetes_executor.py
[2024-09-19T01:40:54.918+0000] {logging_mixin.py:190} INFO - [2024-09-19T01:40:54.918+0000] {example_kubernetes_executor.py:39} WARNING - The example_kubernetes_executor example DAG requires the kubernetes provider. Please install it with: pip install apache-airflow[cncf.kubernetes]
[2024-09-19T01:40:54.918+0000] {processor.py:927} WARNING - No viable dags retrieved from /Users/omer/anaconda3/lib/python3.11/site-packages/airflow/example_dags/example_kubernetes_executor.py
[2024-09-19T01:40:54.940+0000] {processor.py:208} INFO - Processing /Users/omer/anaconda3/lib/python3.11/site-packages/airflow/example_dags/example_kubernetes_executor.py took 0.033 seconds
[2024-09-19T02:04:31.857+0000] {processor.py:186} INFO - Started process (PID=24829) to work on /Users/omer/anaconda3/lib/python3.11/site-packages/airflow/example_dags/example_kubernetes_executor.py
[2024-09-19T02:04:31.858+0000] {processor.py:914} INFO - Processing file /Users/omer/anaconda3/lib/python3.11/site-packages/airflow/example_dags/example_kubernetes_executor.py for tasks to queue
[2024-09-19T02:04:31.859+0000] {logging_mixin.py:190} INFO - [2024-09-19T02:04:31.859+0000] {dagbag.py:587} INFO - Filling up the DagBag from /Users/omer/anaconda3/lib/python3.11/site-packages/airflow/example_dags/example_kubernetes_executor.py
[2024-09-19T02:04:31.868+0000] {logging_mixin.py:190} INFO - [2024-09-19T02:04:31.868+0000] {example_kubernetes_executor.py:39} WARNING - The example_kubernetes_executor example DAG requires the kubernetes provider. Please install it with: pip install apache-airflow[cncf.kubernetes]
[2024-09-19T02:04:31.868+0000] {processor.py:927} WARNING - No viable dags retrieved from /Users/omer/anaconda3/lib/python3.11/site-packages/airflow/example_dags/example_kubernetes_executor.py
[2024-09-19T02:04:31.890+0000] {processor.py:208} INFO - Processing /Users/omer/anaconda3/lib/python3.11/site-packages/airflow/example_dags/example_kubernetes_executor.py took 0.033 seconds
[2024-09-19T02:43:34.721+0000] {processor.py:186} INFO - Started process (PID=24951) to work on /Users/omer/anaconda3/lib/python3.11/site-packages/airflow/example_dags/example_kubernetes_executor.py
[2024-09-19T02:43:34.721+0000] {processor.py:914} INFO - Processing file /Users/omer/anaconda3/lib/python3.11/site-packages/airflow/example_dags/example_kubernetes_executor.py for tasks to queue
[2024-09-19T02:43:34.722+0000] {logging_mixin.py:190} INFO - [2024-09-19T02:43:34.722+0000] {dagbag.py:587} INFO - Filling up the DagBag from /Users/omer/anaconda3/lib/python3.11/site-packages/airflow/example_dags/example_kubernetes_executor.py
[2024-09-19T02:43:34.732+0000] {logging_mixin.py:190} INFO - [2024-09-19T02:43:34.732+0000] {example_kubernetes_executor.py:39} WARNING - The example_kubernetes_executor example DAG requires the kubernetes provider. Please install it with: pip install apache-airflow[cncf.kubernetes]
[2024-09-19T02:43:34.732+0000] {processor.py:927} WARNING - No viable dags retrieved from /Users/omer/anaconda3/lib/python3.11/site-packages/airflow/example_dags/example_kubernetes_executor.py
[2024-09-19T02:43:34.754+0000] {processor.py:208} INFO - Processing /Users/omer/anaconda3/lib/python3.11/site-packages/airflow/example_dags/example_kubernetes_executor.py took 0.034 seconds
[2024-09-19T03:20:36.488+0000] {processor.py:186} INFO - Started process (PID=25059) to work on /Users/omer/anaconda3/lib/python3.11/site-packages/airflow/example_dags/example_kubernetes_executor.py
[2024-09-19T03:20:36.488+0000] {processor.py:914} INFO - Processing file /Users/omer/anaconda3/lib/python3.11/site-packages/airflow/example_dags/example_kubernetes_executor.py for tasks to queue
[2024-09-19T03:20:36.489+0000] {logging_mixin.py:190} INFO - [2024-09-19T03:20:36.489+0000] {dagbag.py:587} INFO - Filling up the DagBag from /Users/omer/anaconda3/lib/python3.11/site-packages/airflow/example_dags/example_kubernetes_executor.py
[2024-09-19T03:20:36.498+0000] {logging_mixin.py:190} INFO - [2024-09-19T03:20:36.498+0000] {example_kubernetes_executor.py:39} WARNING - The example_kubernetes_executor example DAG requires the kubernetes provider. Please install it with: pip install apache-airflow[cncf.kubernetes]
[2024-09-19T03:20:36.498+0000] {processor.py:927} WARNING - No viable dags retrieved from /Users/omer/anaconda3/lib/python3.11/site-packages/airflow/example_dags/example_kubernetes_executor.py
[2024-09-19T03:20:36.520+0000] {processor.py:208} INFO - Processing /Users/omer/anaconda3/lib/python3.11/site-packages/airflow/example_dags/example_kubernetes_executor.py took 0.033 seconds
[2024-09-19T04:00:13.372+0000] {processor.py:186} INFO - Started process (PID=25224) to work on /Users/omer/anaconda3/lib/python3.11/site-packages/airflow/example_dags/example_kubernetes_executor.py
[2024-09-19T04:00:13.373+0000] {processor.py:914} INFO - Processing file /Users/omer/anaconda3/lib/python3.11/site-packages/airflow/example_dags/example_kubernetes_executor.py for tasks to queue
[2024-09-19T04:00:13.373+0000] {logging_mixin.py:190} INFO - [2024-09-19T04:00:13.373+0000] {dagbag.py:587} INFO - Filling up the DagBag from /Users/omer/anaconda3/lib/python3.11/site-packages/airflow/example_dags/example_kubernetes_executor.py
[2024-09-19T04:00:13.383+0000] {logging_mixin.py:190} INFO - [2024-09-19T04:00:13.383+0000] {example_kubernetes_executor.py:39} WARNING - The example_kubernetes_executor example DAG requires the kubernetes provider. Please install it with: pip install apache-airflow[cncf.kubernetes]
[2024-09-19T04:00:13.383+0000] {processor.py:927} WARNING - No viable dags retrieved from /Users/omer/anaconda3/lib/python3.11/site-packages/airflow/example_dags/example_kubernetes_executor.py
[2024-09-19T04:00:13.404+0000] {processor.py:208} INFO - Processing /Users/omer/anaconda3/lib/python3.11/site-packages/airflow/example_dags/example_kubernetes_executor.py took 0.033 seconds
[2024-09-19T04:23:32.715+0000] {processor.py:186} INFO - Started process (PID=25333) to work on /Users/omer/anaconda3/lib/python3.11/site-packages/airflow/example_dags/example_kubernetes_executor.py
[2024-09-19T04:23:32.717+0000] {processor.py:914} INFO - Processing file /Users/omer/anaconda3/lib/python3.11/site-packages/airflow/example_dags/example_kubernetes_executor.py for tasks to queue
[2024-09-19T04:23:32.717+0000] {logging_mixin.py:190} INFO - [2024-09-19T04:23:32.717+0000] {dagbag.py:587} INFO - Filling up the DagBag from /Users/omer/anaconda3/lib/python3.11/site-packages/airflow/example_dags/example_kubernetes_executor.py
[2024-09-19T04:23:32.727+0000] {logging_mixin.py:190} INFO - [2024-09-19T04:23:32.727+0000] {example_kubernetes_executor.py:39} WARNING - The example_kubernetes_executor example DAG requires the kubernetes provider. Please install it with: pip install apache-airflow[cncf.kubernetes]
[2024-09-19T04:23:32.727+0000] {processor.py:927} WARNING - No viable dags retrieved from /Users/omer/anaconda3/lib/python3.11/site-packages/airflow/example_dags/example_kubernetes_executor.py
[2024-09-19T04:23:32.748+0000] {processor.py:208} INFO - Processing /Users/omer/anaconda3/lib/python3.11/site-packages/airflow/example_dags/example_kubernetes_executor.py took 0.034 seconds
[2024-09-19T04:59:32.778+0000] {processor.py:186} INFO - Started process (PID=25459) to work on /Users/omer/anaconda3/lib/python3.11/site-packages/airflow/example_dags/example_kubernetes_executor.py
[2024-09-19T04:59:32.778+0000] {processor.py:914} INFO - Processing file /Users/omer/anaconda3/lib/python3.11/site-packages/airflow/example_dags/example_kubernetes_executor.py for tasks to queue
[2024-09-19T04:59:32.779+0000] {logging_mixin.py:190} INFO - [2024-09-19T04:59:32.779+0000] {dagbag.py:587} INFO - Filling up the DagBag from /Users/omer/anaconda3/lib/python3.11/site-packages/airflow/example_dags/example_kubernetes_executor.py
[2024-09-19T04:59:32.788+0000] {logging_mixin.py:190} INFO - [2024-09-19T04:59:32.788+0000] {example_kubernetes_executor.py:39} WARNING - The example_kubernetes_executor example DAG requires the kubernetes provider. Please install it with: pip install apache-airflow[cncf.kubernetes]
[2024-09-19T04:59:32.789+0000] {processor.py:927} WARNING - No viable dags retrieved from /Users/omer/anaconda3/lib/python3.11/site-packages/airflow/example_dags/example_kubernetes_executor.py
[2024-09-19T04:59:32.810+0000] {processor.py:208} INFO - Processing /Users/omer/anaconda3/lib/python3.11/site-packages/airflow/example_dags/example_kubernetes_executor.py took 0.033 seconds
[2024-09-19T05:40:16.849+0000] {processor.py:186} INFO - Started process (PID=25571) to work on /Users/omer/anaconda3/lib/python3.11/site-packages/airflow/example_dags/example_kubernetes_executor.py
[2024-09-19T05:40:16.850+0000] {processor.py:914} INFO - Processing file /Users/omer/anaconda3/lib/python3.11/site-packages/airflow/example_dags/example_kubernetes_executor.py for tasks to queue
[2024-09-19T05:40:16.850+0000] {logging_mixin.py:190} INFO - [2024-09-19T05:40:16.850+0000] {dagbag.py:587} INFO - Filling up the DagBag from /Users/omer/anaconda3/lib/python3.11/site-packages/airflow/example_dags/example_kubernetes_executor.py
[2024-09-19T05:40:16.860+0000] {logging_mixin.py:190} INFO - [2024-09-19T05:40:16.860+0000] {example_kubernetes_executor.py:39} WARNING - The example_kubernetes_executor example DAG requires the kubernetes provider. Please install it with: pip install apache-airflow[cncf.kubernetes]
[2024-09-19T05:40:16.860+0000] {processor.py:927} WARNING - No viable dags retrieved from /Users/omer/anaconda3/lib/python3.11/site-packages/airflow/example_dags/example_kubernetes_executor.py
[2024-09-19T05:40:16.881+0000] {processor.py:208} INFO - Processing /Users/omer/anaconda3/lib/python3.11/site-packages/airflow/example_dags/example_kubernetes_executor.py took 0.033 seconds
[2024-09-19T06:15:13.562+0000] {processor.py:186} INFO - Started process (PID=25711) to work on /Users/omer/anaconda3/lib/python3.11/site-packages/airflow/example_dags/example_kubernetes_executor.py
[2024-09-19T06:15:13.563+0000] {processor.py:914} INFO - Processing file /Users/omer/anaconda3/lib/python3.11/site-packages/airflow/example_dags/example_kubernetes_executor.py for tasks to queue
[2024-09-19T06:15:13.563+0000] {logging_mixin.py:190} INFO - [2024-09-19T06:15:13.563+0000] {dagbag.py:587} INFO - Filling up the DagBag from /Users/omer/anaconda3/lib/python3.11/site-packages/airflow/example_dags/example_kubernetes_executor.py
[2024-09-19T06:15:13.573+0000] {logging_mixin.py:190} INFO - [2024-09-19T06:15:13.573+0000] {example_kubernetes_executor.py:39} WARNING - The example_kubernetes_executor example DAG requires the kubernetes provider. Please install it with: pip install apache-airflow[cncf.kubernetes]
[2024-09-19T06:15:13.573+0000] {processor.py:927} WARNING - No viable dags retrieved from /Users/omer/anaconda3/lib/python3.11/site-packages/airflow/example_dags/example_kubernetes_executor.py
[2024-09-19T06:15:13.595+0000] {processor.py:208} INFO - Processing /Users/omer/anaconda3/lib/python3.11/site-packages/airflow/example_dags/example_kubernetes_executor.py took 0.034 seconds
[2024-09-19T06:17:50.701+0000] {processor.py:186} INFO - Started process (PID=25908) to work on /Users/omer/anaconda3/lib/python3.11/site-packages/airflow/example_dags/example_kubernetes_executor.py
[2024-09-19T06:17:50.702+0000] {processor.py:914} INFO - Processing file /Users/omer/anaconda3/lib/python3.11/site-packages/airflow/example_dags/example_kubernetes_executor.py for tasks to queue
[2024-09-19T06:17:50.702+0000] {logging_mixin.py:190} INFO - [2024-09-19T06:17:50.702+0000] {dagbag.py:587} INFO - Filling up the DagBag from /Users/omer/anaconda3/lib/python3.11/site-packages/airflow/example_dags/example_kubernetes_executor.py
[2024-09-19T06:17:50.713+0000] {logging_mixin.py:190} INFO - [2024-09-19T06:17:50.713+0000] {example_kubernetes_executor.py:39} WARNING - The example_kubernetes_executor example DAG requires the kubernetes provider. Please install it with: pip install apache-airflow[cncf.kubernetes]
[2024-09-19T06:17:50.713+0000] {processor.py:927} WARNING - No viable dags retrieved from /Users/omer/anaconda3/lib/python3.11/site-packages/airflow/example_dags/example_kubernetes_executor.py
[2024-09-19T06:17:50.736+0000] {processor.py:208} INFO - Processing /Users/omer/anaconda3/lib/python3.11/site-packages/airflow/example_dags/example_kubernetes_executor.py took 0.035 seconds
[2024-09-19T06:22:08.841+0000] {processor.py:186} INFO - Started process (PID=26325) to work on /Users/omer/anaconda3/lib/python3.11/site-packages/airflow/example_dags/example_kubernetes_executor.py
[2024-09-19T06:22:08.842+0000] {processor.py:914} INFO - Processing file /Users/omer/anaconda3/lib/python3.11/site-packages/airflow/example_dags/example_kubernetes_executor.py for tasks to queue
[2024-09-19T06:22:08.842+0000] {logging_mixin.py:190} INFO - [2024-09-19T06:22:08.842+0000] {dagbag.py:587} INFO - Filling up the DagBag from /Users/omer/anaconda3/lib/python3.11/site-packages/airflow/example_dags/example_kubernetes_executor.py
[2024-09-19T06:22:08.852+0000] {logging_mixin.py:190} INFO - [2024-09-19T06:22:08.852+0000] {example_kubernetes_executor.py:39} WARNING - The example_kubernetes_executor example DAG requires the kubernetes provider. Please install it with: pip install apache-airflow[cncf.kubernetes]
[2024-09-19T06:22:08.852+0000] {processor.py:927} WARNING - No viable dags retrieved from /Users/omer/anaconda3/lib/python3.11/site-packages/airflow/example_dags/example_kubernetes_executor.py
[2024-09-19T06:22:08.875+0000] {processor.py:208} INFO - Processing /Users/omer/anaconda3/lib/python3.11/site-packages/airflow/example_dags/example_kubernetes_executor.py took 0.035 seconds
[2024-09-19T06:23:49.646+0000] {processor.py:186} INFO - Started process (PID=26425) to work on /Users/omer/anaconda3/lib/python3.11/site-packages/airflow/example_dags/example_kubernetes_executor.py
[2024-09-19T06:23:49.646+0000] {processor.py:914} INFO - Processing file /Users/omer/anaconda3/lib/python3.11/site-packages/airflow/example_dags/example_kubernetes_executor.py for tasks to queue
[2024-09-19T06:23:49.647+0000] {logging_mixin.py:190} INFO - [2024-09-19T06:23:49.646+0000] {dagbag.py:587} INFO - Filling up the DagBag from /Users/omer/anaconda3/lib/python3.11/site-packages/airflow/example_dags/example_kubernetes_executor.py
[2024-09-19T06:23:49.658+0000] {logging_mixin.py:190} INFO - [2024-09-19T06:23:49.658+0000] {example_kubernetes_executor.py:39} WARNING - The example_kubernetes_executor example DAG requires the kubernetes provider. Please install it with: pip install apache-airflow[cncf.kubernetes]
[2024-09-19T06:23:49.658+0000] {processor.py:927} WARNING - No viable dags retrieved from /Users/omer/anaconda3/lib/python3.11/site-packages/airflow/example_dags/example_kubernetes_executor.py
[2024-09-19T06:23:49.682+0000] {processor.py:208} INFO - Processing /Users/omer/anaconda3/lib/python3.11/site-packages/airflow/example_dags/example_kubernetes_executor.py took 0.037 seconds
[2024-09-19T06:26:06.956+0000] {processor.py:186} INFO - Started process (PID=26645) to work on /Users/omer/anaconda3/lib/python3.11/site-packages/airflow/example_dags/example_kubernetes_executor.py
[2024-09-19T06:26:06.956+0000] {processor.py:914} INFO - Processing file /Users/omer/anaconda3/lib/python3.11/site-packages/airflow/example_dags/example_kubernetes_executor.py for tasks to queue
[2024-09-19T06:26:06.957+0000] {logging_mixin.py:190} INFO - [2024-09-19T06:26:06.956+0000] {dagbag.py:587} INFO - Filling up the DagBag from /Users/omer/anaconda3/lib/python3.11/site-packages/airflow/example_dags/example_kubernetes_executor.py
[2024-09-19T06:26:06.968+0000] {logging_mixin.py:190} INFO - [2024-09-19T06:26:06.968+0000] {example_kubernetes_executor.py:39} WARNING - The example_kubernetes_executor example DAG requires the kubernetes provider. Please install it with: pip install apache-airflow[cncf.kubernetes]
[2024-09-19T06:26:06.968+0000] {processor.py:927} WARNING - No viable dags retrieved from /Users/omer/anaconda3/lib/python3.11/site-packages/airflow/example_dags/example_kubernetes_executor.py
[2024-09-19T06:26:06.992+0000] {processor.py:208} INFO - Processing /Users/omer/anaconda3/lib/python3.11/site-packages/airflow/example_dags/example_kubernetes_executor.py took 0.037 seconds
