[2024-09-19T00:52:27.547+0000] {processor.py:186} INFO - Started process (PID=24612) to work on /Users/omer/anaconda3/lib/python3.11/site-packages/airflow/example_dags/example_complex.py
[2024-09-19T00:52:27.547+0000] {processor.py:914} INFO - Processing file /Users/omer/anaconda3/lib/python3.11/site-packages/airflow/example_dags/example_complex.py for tasks to queue
[2024-09-19T00:52:27.548+0000] {logging_mixin.py:190} INFO - [2024-09-19T00:52:27.548+0000] {dagbag.py:587} INFO - Filling up the DagBag from /Users/omer/anaconda3/lib/python3.11/site-packages/airflow/example_dags/example_complex.py
[2024-09-19T00:52:27.552+0000] {processor.py:925} INFO - DAG(s) 'example_complex' retrieved from /Users/omer/anaconda3/lib/python3.11/site-packages/airflow/example_dags/example_complex.py
[2024-09-19T00:52:27.580+0000] {logging_mixin.py:190} INFO - [2024-09-19T00:52:27.580+0000] {dag.py:3229} INFO - Sync 1 DAGs
[2024-09-19T00:52:27.583+0000] {logging_mixin.py:190} INFO - [2024-09-19T00:52:27.583+0000] {dag.py:4156} INFO - Setting next_dagrun for example_complex to None, run_after=None
[2024-09-19T00:52:27.589+0000] {processor.py:208} INFO - Processing /Users/omer/anaconda3/lib/python3.11/site-packages/airflow/example_dags/example_complex.py took 0.042 seconds
[2024-09-19T01:41:35.004+0000] {processor.py:186} INFO - Started process (PID=24724) to work on /Users/omer/anaconda3/lib/python3.11/site-packages/airflow/example_dags/example_complex.py
[2024-09-19T01:41:35.005+0000] {processor.py:914} INFO - Processing file /Users/omer/anaconda3/lib/python3.11/site-packages/airflow/example_dags/example_complex.py for tasks to queue
[2024-09-19T01:41:35.006+0000] {logging_mixin.py:190} INFO - [2024-09-19T01:41:35.006+0000] {dagbag.py:587} INFO - Filling up the DagBag from /Users/omer/anaconda3/lib/python3.11/site-packages/airflow/example_dags/example_complex.py
[2024-09-19T01:41:35.009+0000] {processor.py:925} INFO - DAG(s) 'example_complex' retrieved from /Users/omer/anaconda3/lib/python3.11/site-packages/airflow/example_dags/example_complex.py
[2024-09-19T01:41:35.037+0000] {logging_mixin.py:190} INFO - [2024-09-19T01:41:35.037+0000] {dag.py:3229} INFO - Sync 1 DAGs
[2024-09-19T01:41:35.041+0000] {logging_mixin.py:190} INFO - [2024-09-19T01:41:35.040+0000] {dag.py:4156} INFO - Setting next_dagrun for example_complex to None, run_after=None
[2024-09-19T01:41:35.046+0000] {processor.py:208} INFO - Processing /Users/omer/anaconda3/lib/python3.11/site-packages/airflow/example_dags/example_complex.py took 0.042 seconds
[2024-09-19T02:22:17.122+0000] {processor.py:186} INFO - Started process (PID=24851) to work on /Users/omer/anaconda3/lib/python3.11/site-packages/airflow/example_dags/example_complex.py
[2024-09-19T02:22:17.123+0000] {processor.py:914} INFO - Processing file /Users/omer/anaconda3/lib/python3.11/site-packages/airflow/example_dags/example_complex.py for tasks to queue
[2024-09-19T02:22:17.123+0000] {logging_mixin.py:190} INFO - [2024-09-19T02:22:17.123+0000] {dagbag.py:587} INFO - Filling up the DagBag from /Users/omer/anaconda3/lib/python3.11/site-packages/airflow/example_dags/example_complex.py
[2024-09-19T02:22:17.127+0000] {processor.py:925} INFO - DAG(s) 'example_complex' retrieved from /Users/omer/anaconda3/lib/python3.11/site-packages/airflow/example_dags/example_complex.py
[2024-09-19T02:22:17.155+0000] {logging_mixin.py:190} INFO - [2024-09-19T02:22:17.155+0000] {dag.py:3229} INFO - Sync 1 DAGs
[2024-09-19T02:22:17.158+0000] {logging_mixin.py:190} INFO - [2024-09-19T02:22:17.158+0000] {dag.py:4156} INFO - Setting next_dagrun for example_complex to None, run_after=None
[2024-09-19T02:22:17.163+0000] {processor.py:208} INFO - Processing /Users/omer/anaconda3/lib/python3.11/site-packages/airflow/example_dags/example_complex.py took 0.042 seconds
[2024-09-19T02:44:43.623+0000] {processor.py:186} INFO - Started process (PID=24976) to work on /Users/omer/anaconda3/lib/python3.11/site-packages/airflow/example_dags/example_complex.py
[2024-09-19T02:44:43.631+0000] {processor.py:914} INFO - Processing file /Users/omer/anaconda3/lib/python3.11/site-packages/airflow/example_dags/example_complex.py for tasks to queue
[2024-09-19T02:44:43.631+0000] {logging_mixin.py:190} INFO - [2024-09-19T02:44:43.631+0000] {dagbag.py:587} INFO - Filling up the DagBag from /Users/omer/anaconda3/lib/python3.11/site-packages/airflow/example_dags/example_complex.py
[2024-09-19T02:44:43.636+0000] {processor.py:925} INFO - DAG(s) 'example_complex' retrieved from /Users/omer/anaconda3/lib/python3.11/site-packages/airflow/example_dags/example_complex.py
[2024-09-19T02:44:43.670+0000] {logging_mixin.py:190} INFO - [2024-09-19T02:44:43.670+0000] {dag.py:3229} INFO - Sync 1 DAGs
[2024-09-19T02:44:43.674+0000] {logging_mixin.py:190} INFO - [2024-09-19T02:44:43.674+0000] {dag.py:4156} INFO - Setting next_dagrun for example_complex to None, run_after=None
[2024-09-19T02:44:43.680+0000] {processor.py:208} INFO - Processing /Users/omer/anaconda3/lib/python3.11/site-packages/airflow/example_dags/example_complex.py took 0.058 seconds
[2024-09-19T03:22:10.454+0000] {processor.py:186} INFO - Started process (PID=25078) to work on /Users/omer/anaconda3/lib/python3.11/site-packages/airflow/example_dags/example_complex.py
[2024-09-19T03:22:10.454+0000] {processor.py:914} INFO - Processing file /Users/omer/anaconda3/lib/python3.11/site-packages/airflow/example_dags/example_complex.py for tasks to queue
[2024-09-19T03:22:10.455+0000] {logging_mixin.py:190} INFO - [2024-09-19T03:22:10.455+0000] {dagbag.py:587} INFO - Filling up the DagBag from /Users/omer/anaconda3/lib/python3.11/site-packages/airflow/example_dags/example_complex.py
[2024-09-19T03:22:10.459+0000] {processor.py:925} INFO - DAG(s) 'example_complex' retrieved from /Users/omer/anaconda3/lib/python3.11/site-packages/airflow/example_dags/example_complex.py
[2024-09-19T03:22:10.489+0000] {logging_mixin.py:190} INFO - [2024-09-19T03:22:10.489+0000] {dag.py:3229} INFO - Sync 1 DAGs
[2024-09-19T03:22:10.492+0000] {logging_mixin.py:190} INFO - [2024-09-19T03:22:10.492+0000] {dag.py:4156} INFO - Setting next_dagrun for example_complex to None, run_after=None
[2024-09-19T03:22:10.498+0000] {processor.py:208} INFO - Processing /Users/omer/anaconda3/lib/python3.11/site-packages/airflow/example_dags/example_complex.py took 0.044 seconds
[2024-09-19T04:01:22.496+0000] {processor.py:186} INFO - Started process (PID=25244) to work on /Users/omer/anaconda3/lib/python3.11/site-packages/airflow/example_dags/example_complex.py
[2024-09-19T04:01:22.497+0000] {processor.py:914} INFO - Processing file /Users/omer/anaconda3/lib/python3.11/site-packages/airflow/example_dags/example_complex.py for tasks to queue
[2024-09-19T04:01:22.497+0000] {logging_mixin.py:190} INFO - [2024-09-19T04:01:22.497+0000] {dagbag.py:587} INFO - Filling up the DagBag from /Users/omer/anaconda3/lib/python3.11/site-packages/airflow/example_dags/example_complex.py
[2024-09-19T04:01:22.501+0000] {processor.py:925} INFO - DAG(s) 'example_complex' retrieved from /Users/omer/anaconda3/lib/python3.11/site-packages/airflow/example_dags/example_complex.py
[2024-09-19T04:01:22.528+0000] {logging_mixin.py:190} INFO - [2024-09-19T04:01:22.528+0000] {dag.py:3229} INFO - Sync 1 DAGs
[2024-09-19T04:01:22.531+0000] {logging_mixin.py:190} INFO - [2024-09-19T04:01:22.531+0000] {dag.py:4156} INFO - Setting next_dagrun for example_complex to None, run_after=None
[2024-09-19T04:01:22.537+0000] {processor.py:208} INFO - Processing /Users/omer/anaconda3/lib/python3.11/site-packages/airflow/example_dags/example_complex.py took 0.041 seconds
[2024-09-19T04:40:32.702+0000] {processor.py:186} INFO - Started process (PID=25364) to work on /Users/omer/anaconda3/lib/python3.11/site-packages/airflow/example_dags/example_complex.py
[2024-09-19T04:40:32.703+0000] {processor.py:914} INFO - Processing file /Users/omer/anaconda3/lib/python3.11/site-packages/airflow/example_dags/example_complex.py for tasks to queue
[2024-09-19T04:40:32.703+0000] {logging_mixin.py:190} INFO - [2024-09-19T04:40:32.703+0000] {dagbag.py:587} INFO - Filling up the DagBag from /Users/omer/anaconda3/lib/python3.11/site-packages/airflow/example_dags/example_complex.py
[2024-09-19T04:40:32.707+0000] {processor.py:925} INFO - DAG(s) 'example_complex' retrieved from /Users/omer/anaconda3/lib/python3.11/site-packages/airflow/example_dags/example_complex.py
[2024-09-19T04:40:32.735+0000] {logging_mixin.py:190} INFO - [2024-09-19T04:40:32.735+0000] {dag.py:3229} INFO - Sync 1 DAGs
[2024-09-19T04:40:32.738+0000] {logging_mixin.py:190} INFO - [2024-09-19T04:40:32.738+0000] {dag.py:4156} INFO - Setting next_dagrun for example_complex to None, run_after=None
[2024-09-19T04:40:32.743+0000] {processor.py:208} INFO - Processing /Users/omer/anaconda3/lib/python3.11/site-packages/airflow/example_dags/example_complex.py took 0.042 seconds
[2024-09-19T05:00:39.040+0000] {processor.py:186} INFO - Started process (PID=25477) to work on /Users/omer/anaconda3/lib/python3.11/site-packages/airflow/example_dags/example_complex.py
[2024-09-19T05:00:39.041+0000] {processor.py:914} INFO - Processing file /Users/omer/anaconda3/lib/python3.11/site-packages/airflow/example_dags/example_complex.py for tasks to queue
[2024-09-19T05:00:39.041+0000] {logging_mixin.py:190} INFO - [2024-09-19T05:00:39.041+0000] {dagbag.py:587} INFO - Filling up the DagBag from /Users/omer/anaconda3/lib/python3.11/site-packages/airflow/example_dags/example_complex.py
[2024-09-19T05:00:39.045+0000] {processor.py:925} INFO - DAG(s) 'example_complex' retrieved from /Users/omer/anaconda3/lib/python3.11/site-packages/airflow/example_dags/example_complex.py
[2024-09-19T05:00:39.073+0000] {logging_mixin.py:190} INFO - [2024-09-19T05:00:39.073+0000] {dag.py:3229} INFO - Sync 1 DAGs
[2024-09-19T05:00:39.076+0000] {logging_mixin.py:190} INFO - [2024-09-19T05:00:39.076+0000] {dag.py:4156} INFO - Setting next_dagrun for example_complex to None, run_after=None
[2024-09-19T05:00:39.082+0000] {processor.py:208} INFO - Processing /Users/omer/anaconda3/lib/python3.11/site-packages/airflow/example_dags/example_complex.py took 0.044 seconds
[2024-09-19T05:43:19.801+0000] {processor.py:186} INFO - Started process (PID=25597) to work on /Users/omer/anaconda3/lib/python3.11/site-packages/airflow/example_dags/example_complex.py
[2024-09-19T05:43:19.801+0000] {processor.py:914} INFO - Processing file /Users/omer/anaconda3/lib/python3.11/site-packages/airflow/example_dags/example_complex.py for tasks to queue
[2024-09-19T05:43:19.802+0000] {logging_mixin.py:190} INFO - [2024-09-19T05:43:19.801+0000] {dagbag.py:587} INFO - Filling up the DagBag from /Users/omer/anaconda3/lib/python3.11/site-packages/airflow/example_dags/example_complex.py
[2024-09-19T05:43:19.805+0000] {processor.py:925} INFO - DAG(s) 'example_complex' retrieved from /Users/omer/anaconda3/lib/python3.11/site-packages/airflow/example_dags/example_complex.py
[2024-09-19T05:43:19.833+0000] {logging_mixin.py:190} INFO - [2024-09-19T05:43:19.833+0000] {dag.py:3229} INFO - Sync 1 DAGs
[2024-09-19T05:43:19.836+0000] {logging_mixin.py:190} INFO - [2024-09-19T05:43:19.836+0000] {dag.py:4156} INFO - Setting next_dagrun for example_complex to None, run_after=None
[2024-09-19T05:43:19.842+0000] {processor.py:208} INFO - Processing /Users/omer/anaconda3/lib/python3.11/site-packages/airflow/example_dags/example_complex.py took 0.042 seconds
[2024-09-19T06:16:43.068+0000] {processor.py:186} INFO - Started process (PID=25831) to work on /Users/omer/anaconda3/lib/python3.11/site-packages/airflow/example_dags/example_complex.py
[2024-09-19T06:16:43.069+0000] {processor.py:914} INFO - Processing file /Users/omer/anaconda3/lib/python3.11/site-packages/airflow/example_dags/example_complex.py for tasks to queue
[2024-09-19T06:16:43.069+0000] {logging_mixin.py:190} INFO - [2024-09-19T06:16:43.069+0000] {dagbag.py:587} INFO - Filling up the DagBag from /Users/omer/anaconda3/lib/python3.11/site-packages/airflow/example_dags/example_complex.py
[2024-09-19T06:16:43.074+0000] {processor.py:925} INFO - DAG(s) 'example_complex' retrieved from /Users/omer/anaconda3/lib/python3.11/site-packages/airflow/example_dags/example_complex.py
[2024-09-19T06:16:43.105+0000] {logging_mixin.py:190} INFO - [2024-09-19T06:16:43.104+0000] {dag.py:3229} INFO - Sync 1 DAGs
[2024-09-19T06:16:43.108+0000] {logging_mixin.py:190} INFO - [2024-09-19T06:16:43.108+0000] {dag.py:4156} INFO - Setting next_dagrun for example_complex to None, run_after=None
[2024-09-19T06:16:43.113+0000] {processor.py:208} INFO - Processing /Users/omer/anaconda3/lib/python3.11/site-packages/airflow/example_dags/example_complex.py took 0.046 seconds
[2024-09-19T06:19:11.540+0000] {processor.py:186} INFO - Started process (PID=26016) to work on /Users/omer/anaconda3/lib/python3.11/site-packages/airflow/example_dags/example_complex.py
[2024-09-19T06:19:11.541+0000] {processor.py:914} INFO - Processing file /Users/omer/anaconda3/lib/python3.11/site-packages/airflow/example_dags/example_complex.py for tasks to queue
[2024-09-19T06:19:11.541+0000] {logging_mixin.py:190} INFO - [2024-09-19T06:19:11.541+0000] {dagbag.py:587} INFO - Filling up the DagBag from /Users/omer/anaconda3/lib/python3.11/site-packages/airflow/example_dags/example_complex.py
[2024-09-19T06:19:11.545+0000] {processor.py:925} INFO - DAG(s) 'example_complex' retrieved from /Users/omer/anaconda3/lib/python3.11/site-packages/airflow/example_dags/example_complex.py
[2024-09-19T06:19:11.574+0000] {logging_mixin.py:190} INFO - [2024-09-19T06:19:11.574+0000] {dag.py:3229} INFO - Sync 1 DAGs
[2024-09-19T06:19:11.577+0000] {logging_mixin.py:190} INFO - [2024-09-19T06:19:11.577+0000] {dag.py:4156} INFO - Setting next_dagrun for example_complex to None, run_after=None
[2024-09-19T06:19:11.582+0000] {processor.py:208} INFO - Processing /Users/omer/anaconda3/lib/python3.11/site-packages/airflow/example_dags/example_complex.py took 0.043 seconds
[2024-09-19T06:22:26.381+0000] {processor.py:186} INFO - Started process (PID=26343) to work on /Users/omer/anaconda3/lib/python3.11/site-packages/airflow/example_dags/example_complex.py
[2024-09-19T06:22:26.382+0000] {processor.py:914} INFO - Processing file /Users/omer/anaconda3/lib/python3.11/site-packages/airflow/example_dags/example_complex.py for tasks to queue
[2024-09-19T06:22:26.383+0000] {logging_mixin.py:190} INFO - [2024-09-19T06:22:26.383+0000] {dagbag.py:587} INFO - Filling up the DagBag from /Users/omer/anaconda3/lib/python3.11/site-packages/airflow/example_dags/example_complex.py
[2024-09-19T06:22:26.386+0000] {processor.py:925} INFO - DAG(s) 'example_complex' retrieved from /Users/omer/anaconda3/lib/python3.11/site-packages/airflow/example_dags/example_complex.py
[2024-09-19T06:22:26.416+0000] {logging_mixin.py:190} INFO - [2024-09-19T06:22:26.416+0000] {dag.py:3229} INFO - Sync 1 DAGs
[2024-09-19T06:22:26.419+0000] {logging_mixin.py:190} INFO - [2024-09-19T06:22:26.419+0000] {dag.py:4156} INFO - Setting next_dagrun for example_complex to None, run_after=None
[2024-09-19T06:22:26.424+0000] {processor.py:208} INFO - Processing /Users/omer/anaconda3/lib/python3.11/site-packages/airflow/example_dags/example_complex.py took 0.044 seconds
[2024-09-19T06:24:46.250+0000] {processor.py:186} INFO - Started process (PID=26512) to work on /Users/omer/anaconda3/lib/python3.11/site-packages/airflow/example_dags/example_complex.py
[2024-09-19T06:24:46.251+0000] {processor.py:914} INFO - Processing file /Users/omer/anaconda3/lib/python3.11/site-packages/airflow/example_dags/example_complex.py for tasks to queue
[2024-09-19T06:24:46.251+0000] {logging_mixin.py:190} INFO - [2024-09-19T06:24:46.251+0000] {dagbag.py:587} INFO - Filling up the DagBag from /Users/omer/anaconda3/lib/python3.11/site-packages/airflow/example_dags/example_complex.py
[2024-09-19T06:24:46.255+0000] {processor.py:925} INFO - DAG(s) 'example_complex' retrieved from /Users/omer/anaconda3/lib/python3.11/site-packages/airflow/example_dags/example_complex.py
[2024-09-19T06:24:46.285+0000] {logging_mixin.py:190} INFO - [2024-09-19T06:24:46.285+0000] {dag.py:3229} INFO - Sync 1 DAGs
[2024-09-19T06:24:46.289+0000] {logging_mixin.py:190} INFO - [2024-09-19T06:24:46.289+0000] {dag.py:4156} INFO - Setting next_dagrun for example_complex to None, run_after=None
[2024-09-19T06:24:46.294+0000] {processor.py:208} INFO - Processing /Users/omer/anaconda3/lib/python3.11/site-packages/airflow/example_dags/example_complex.py took 0.045 seconds
