[2024-09-19T00:15:31.012+0000] {processor.py:186} INFO - Started process (PID=24506) to work on /Users/omer/anaconda3/lib/python3.11/site-packages/airflow/example_dags/example_outlet_event_extra.py
[2024-09-19T00:15:31.012+0000] {processor.py:914} INFO - Processing file /Users/omer/anaconda3/lib/python3.11/site-packages/airflow/example_dags/example_outlet_event_extra.py for tasks to queue
[2024-09-19T00:15:31.012+0000] {logging_mixin.py:190} INFO - [2024-09-19T00:15:31.012+0000] {dagbag.py:587} INFO - Filling up the DagBag from /Users/omer/anaconda3/lib/python3.11/site-packages/airflow/example_dags/example_outlet_event_extra.py
[2024-09-19T00:15:31.046+0000] {processor.py:925} INFO - DAG(s) 'dataset_with_extra_by_context', 'dataset_with_extra_from_classic_operator', 'dataset_with_extra_by_yield' retrieved from /Users/omer/anaconda3/lib/python3.11/site-packages/airflow/example_dags/example_outlet_event_extra.py
[2024-09-19T00:15:31.072+0000] {logging_mixin.py:190} INFO - [2024-09-19T00:15:31.072+0000] {dag.py:3229} INFO - Sync 3 DAGs
[2024-09-19T00:15:31.077+0000] {logging_mixin.py:190} INFO - [2024-09-19T00:15:31.077+0000] {dag.py:4156} INFO - Setting next_dagrun for dataset_with_extra_by_context to 2024-09-18 00:00:00+00:00, run_after=2024-09-19 00:00:00+00:00
[2024-09-19T00:15:31.078+0000] {logging_mixin.py:190} INFO - [2024-09-19T00:15:31.078+0000] {dag.py:4156} INFO - Setting next_dagrun for dataset_with_extra_by_yield to 2024-09-18 00:00:00+00:00, run_after=2024-09-19 00:00:00+00:00
[2024-09-19T00:15:31.079+0000] {logging_mixin.py:190} INFO - [2024-09-19T00:15:31.079+0000] {dag.py:4156} INFO - Setting next_dagrun for dataset_with_extra_from_classic_operator to 2024-09-18 00:00:00+00:00, run_after=2024-09-19 00:00:00+00:00
[2024-09-19T00:15:31.084+0000] {processor.py:208} INFO - Processing /Users/omer/anaconda3/lib/python3.11/site-packages/airflow/example_dags/example_outlet_event_extra.py took 0.073 seconds
[2024-09-19T00:51:19.271+0000] {processor.py:186} INFO - Started process (PID=24593) to work on /Users/omer/anaconda3/lib/python3.11/site-packages/airflow/example_dags/example_outlet_event_extra.py
[2024-09-19T00:51:19.272+0000] {processor.py:914} INFO - Processing file /Users/omer/anaconda3/lib/python3.11/site-packages/airflow/example_dags/example_outlet_event_extra.py for tasks to queue
[2024-09-19T00:51:19.272+0000] {logging_mixin.py:190} INFO - [2024-09-19T00:51:19.272+0000] {dagbag.py:587} INFO - Filling up the DagBag from /Users/omer/anaconda3/lib/python3.11/site-packages/airflow/example_dags/example_outlet_event_extra.py
[2024-09-19T00:51:19.305+0000] {processor.py:925} INFO - DAG(s) 'dataset_with_extra_by_context', 'dataset_with_extra_by_yield', 'dataset_with_extra_from_classic_operator' retrieved from /Users/omer/anaconda3/lib/python3.11/site-packages/airflow/example_dags/example_outlet_event_extra.py
[2024-09-19T00:51:19.331+0000] {logging_mixin.py:190} INFO - [2024-09-19T00:51:19.331+0000] {dag.py:3229} INFO - Sync 3 DAGs
[2024-09-19T00:51:19.336+0000] {logging_mixin.py:190} INFO - [2024-09-19T00:51:19.336+0000] {dag.py:4156} INFO - Setting next_dagrun for dataset_with_extra_by_context to 2024-09-18 00:00:00+00:00, run_after=2024-09-19 00:00:00+00:00
[2024-09-19T00:51:19.337+0000] {logging_mixin.py:190} INFO - [2024-09-19T00:51:19.337+0000] {dag.py:4156} INFO - Setting next_dagrun for dataset_with_extra_by_yield to 2024-09-18 00:00:00+00:00, run_after=2024-09-19 00:00:00+00:00
[2024-09-19T00:51:19.338+0000] {logging_mixin.py:190} INFO - [2024-09-19T00:51:19.338+0000] {dag.py:4156} INFO - Setting next_dagrun for dataset_with_extra_from_classic_operator to 2024-09-18 00:00:00+00:00, run_after=2024-09-19 00:00:00+00:00
[2024-09-19T00:51:19.343+0000] {processor.py:208} INFO - Processing /Users/omer/anaconda3/lib/python3.11/site-packages/airflow/example_dags/example_outlet_event_extra.py took 0.073 seconds
[2024-09-19T01:28:09.155+0000] {processor.py:186} INFO - Started process (PID=24696) to work on /Users/omer/anaconda3/lib/python3.11/site-packages/airflow/example_dags/example_outlet_event_extra.py
[2024-09-19T01:28:09.156+0000] {processor.py:914} INFO - Processing file /Users/omer/anaconda3/lib/python3.11/site-packages/airflow/example_dags/example_outlet_event_extra.py for tasks to queue
[2024-09-19T01:28:09.156+0000] {logging_mixin.py:190} INFO - [2024-09-19T01:28:09.156+0000] {dagbag.py:587} INFO - Filling up the DagBag from /Users/omer/anaconda3/lib/python3.11/site-packages/airflow/example_dags/example_outlet_event_extra.py
[2024-09-19T01:28:09.191+0000] {processor.py:925} INFO - DAG(s) 'dataset_with_extra_by_yield', 'dataset_with_extra_by_context', 'dataset_with_extra_from_classic_operator' retrieved from /Users/omer/anaconda3/lib/python3.11/site-packages/airflow/example_dags/example_outlet_event_extra.py
[2024-09-19T01:28:09.217+0000] {logging_mixin.py:190} INFO - [2024-09-19T01:28:09.216+0000] {dag.py:3229} INFO - Sync 3 DAGs
[2024-09-19T01:28:09.222+0000] {logging_mixin.py:190} INFO - [2024-09-19T01:28:09.222+0000] {dag.py:4156} INFO - Setting next_dagrun for dataset_with_extra_by_context to 2024-09-18 00:00:00+00:00, run_after=2024-09-19 00:00:00+00:00
[2024-09-19T01:28:09.223+0000] {logging_mixin.py:190} INFO - [2024-09-19T01:28:09.223+0000] {dag.py:4156} INFO - Setting next_dagrun for dataset_with_extra_by_yield to 2024-09-18 00:00:00+00:00, run_after=2024-09-19 00:00:00+00:00
[2024-09-19T01:28:09.224+0000] {logging_mixin.py:190} INFO - [2024-09-19T01:28:09.224+0000] {dag.py:4156} INFO - Setting next_dagrun for dataset_with_extra_from_classic_operator to 2024-09-18 00:00:00+00:00, run_after=2024-09-19 00:00:00+00:00
[2024-09-19T01:28:09.229+0000] {processor.py:208} INFO - Processing /Users/omer/anaconda3/lib/python3.11/site-packages/airflow/example_dags/example_outlet_event_extra.py took 0.075 seconds
[2024-09-19T02:03:57.326+0000] {processor.py:186} INFO - Started process (PID=24824) to work on /Users/omer/anaconda3/lib/python3.11/site-packages/airflow/example_dags/example_outlet_event_extra.py
[2024-09-19T02:03:57.327+0000] {processor.py:914} INFO - Processing file /Users/omer/anaconda3/lib/python3.11/site-packages/airflow/example_dags/example_outlet_event_extra.py for tasks to queue
[2024-09-19T02:03:57.327+0000] {logging_mixin.py:190} INFO - [2024-09-19T02:03:57.327+0000] {dagbag.py:587} INFO - Filling up the DagBag from /Users/omer/anaconda3/lib/python3.11/site-packages/airflow/example_dags/example_outlet_event_extra.py
[2024-09-19T02:03:57.363+0000] {processor.py:925} INFO - DAG(s) 'dataset_with_extra_by_yield', 'dataset_with_extra_from_classic_operator', 'dataset_with_extra_by_context' retrieved from /Users/omer/anaconda3/lib/python3.11/site-packages/airflow/example_dags/example_outlet_event_extra.py
[2024-09-19T02:03:57.393+0000] {logging_mixin.py:190} INFO - [2024-09-19T02:03:57.393+0000] {dag.py:3229} INFO - Sync 3 DAGs
[2024-09-19T02:03:57.399+0000] {logging_mixin.py:190} INFO - [2024-09-19T02:03:57.399+0000] {dag.py:4156} INFO - Setting next_dagrun for dataset_with_extra_by_context to 2024-09-18 00:00:00+00:00, run_after=2024-09-19 00:00:00+00:00
[2024-09-19T02:03:57.400+0000] {logging_mixin.py:190} INFO - [2024-09-19T02:03:57.400+0000] {dag.py:4156} INFO - Setting next_dagrun for dataset_with_extra_by_yield to 2024-09-18 00:00:00+00:00, run_after=2024-09-19 00:00:00+00:00
[2024-09-19T02:03:57.401+0000] {logging_mixin.py:190} INFO - [2024-09-19T02:03:57.401+0000] {dag.py:4156} INFO - Setting next_dagrun for dataset_with_extra_from_classic_operator to 2024-09-18 00:00:00+00:00, run_after=2024-09-19 00:00:00+00:00
[2024-09-19T02:03:57.408+0000] {processor.py:208} INFO - Processing /Users/omer/anaconda3/lib/python3.11/site-packages/airflow/example_dags/example_outlet_event_extra.py took 0.083 seconds
[2024-09-19T02:43:00.540+0000] {processor.py:186} INFO - Started process (PID=24946) to work on /Users/omer/anaconda3/lib/python3.11/site-packages/airflow/example_dags/example_outlet_event_extra.py
[2024-09-19T02:43:00.541+0000] {processor.py:914} INFO - Processing file /Users/omer/anaconda3/lib/python3.11/site-packages/airflow/example_dags/example_outlet_event_extra.py for tasks to queue
[2024-09-19T02:43:00.542+0000] {logging_mixin.py:190} INFO - [2024-09-19T02:43:00.542+0000] {dagbag.py:587} INFO - Filling up the DagBag from /Users/omer/anaconda3/lib/python3.11/site-packages/airflow/example_dags/example_outlet_event_extra.py
[2024-09-19T02:43:00.575+0000] {processor.py:925} INFO - DAG(s) 'dataset_with_extra_by_yield', 'dataset_with_extra_by_context', 'dataset_with_extra_from_classic_operator' retrieved from /Users/omer/anaconda3/lib/python3.11/site-packages/airflow/example_dags/example_outlet_event_extra.py
[2024-09-19T02:43:00.600+0000] {logging_mixin.py:190} INFO - [2024-09-19T02:43:00.600+0000] {dag.py:3229} INFO - Sync 3 DAGs
[2024-09-19T02:43:00.606+0000] {logging_mixin.py:190} INFO - [2024-09-19T02:43:00.606+0000] {dag.py:4156} INFO - Setting next_dagrun for dataset_with_extra_by_context to 2024-09-18 00:00:00+00:00, run_after=2024-09-19 00:00:00+00:00
[2024-09-19T02:43:00.607+0000] {logging_mixin.py:190} INFO - [2024-09-19T02:43:00.607+0000] {dag.py:4156} INFO - Setting next_dagrun for dataset_with_extra_by_yield to 2024-09-18 00:00:00+00:00, run_after=2024-09-19 00:00:00+00:00
[2024-09-19T02:43:00.607+0000] {logging_mixin.py:190} INFO - [2024-09-19T02:43:00.607+0000] {dag.py:4156} INFO - Setting next_dagrun for dataset_with_extra_from_classic_operator to 2024-09-18 00:00:00+00:00, run_after=2024-09-19 00:00:00+00:00
[2024-09-19T02:43:00.613+0000] {processor.py:208} INFO - Processing /Users/omer/anaconda3/lib/python3.11/site-packages/airflow/example_dags/example_outlet_event_extra.py took 0.073 seconds
[2024-09-19T03:05:01.380+0000] {processor.py:186} INFO - Started process (PID=25050) to work on /Users/omer/anaconda3/lib/python3.11/site-packages/airflow/example_dags/example_outlet_event_extra.py
[2024-09-19T03:05:01.381+0000] {processor.py:914} INFO - Processing file /Users/omer/anaconda3/lib/python3.11/site-packages/airflow/example_dags/example_outlet_event_extra.py for tasks to queue
[2024-09-19T03:05:01.382+0000] {logging_mixin.py:190} INFO - [2024-09-19T03:05:01.382+0000] {dagbag.py:587} INFO - Filling up the DagBag from /Users/omer/anaconda3/lib/python3.11/site-packages/airflow/example_dags/example_outlet_event_extra.py
[2024-09-19T03:05:01.419+0000] {processor.py:925} INFO - DAG(s) 'dataset_with_extra_from_classic_operator', 'dataset_with_extra_by_context', 'dataset_with_extra_by_yield' retrieved from /Users/omer/anaconda3/lib/python3.11/site-packages/airflow/example_dags/example_outlet_event_extra.py
[2024-09-19T03:05:01.445+0000] {logging_mixin.py:190} INFO - [2024-09-19T03:05:01.445+0000] {dag.py:3229} INFO - Sync 3 DAGs
[2024-09-19T03:05:01.450+0000] {logging_mixin.py:190} INFO - [2024-09-19T03:05:01.450+0000] {dag.py:4156} INFO - Setting next_dagrun for dataset_with_extra_by_context to 2024-09-18 00:00:00+00:00, run_after=2024-09-19 00:00:00+00:00
[2024-09-19T03:05:01.451+0000] {logging_mixin.py:190} INFO - [2024-09-19T03:05:01.451+0000] {dag.py:4156} INFO - Setting next_dagrun for dataset_with_extra_by_yield to 2024-09-18 00:00:00+00:00, run_after=2024-09-19 00:00:00+00:00
[2024-09-19T03:05:01.452+0000] {logging_mixin.py:190} INFO - [2024-09-19T03:05:01.452+0000] {dag.py:4156} INFO - Setting next_dagrun for dataset_with_extra_from_classic_operator to 2024-09-18 00:00:00+00:00, run_after=2024-09-19 00:00:00+00:00
[2024-09-19T03:05:01.457+0000] {processor.py:208} INFO - Processing /Users/omer/anaconda3/lib/python3.11/site-packages/airflow/example_dags/example_outlet_event_extra.py took 0.078 seconds
[2024-09-19T03:43:09.487+0000] {processor.py:186} INFO - Started process (PID=25205) to work on /Users/omer/anaconda3/lib/python3.11/site-packages/airflow/example_dags/example_outlet_event_extra.py
[2024-09-19T03:43:09.489+0000] {processor.py:914} INFO - Processing file /Users/omer/anaconda3/lib/python3.11/site-packages/airflow/example_dags/example_outlet_event_extra.py for tasks to queue
[2024-09-19T03:43:09.489+0000] {logging_mixin.py:190} INFO - [2024-09-19T03:43:09.489+0000] {dagbag.py:587} INFO - Filling up the DagBag from /Users/omer/anaconda3/lib/python3.11/site-packages/airflow/example_dags/example_outlet_event_extra.py
[2024-09-19T03:43:09.537+0000] {processor.py:925} INFO - DAG(s) 'dataset_with_extra_by_context', 'dataset_with_extra_from_classic_operator', 'dataset_with_extra_by_yield' retrieved from /Users/omer/anaconda3/lib/python3.11/site-packages/airflow/example_dags/example_outlet_event_extra.py
[2024-09-19T03:43:09.568+0000] {logging_mixin.py:190} INFO - [2024-09-19T03:43:09.568+0000] {dag.py:3229} INFO - Sync 3 DAGs
[2024-09-19T03:43:09.574+0000] {logging_mixin.py:190} INFO - [2024-09-19T03:43:09.574+0000] {dag.py:4156} INFO - Setting next_dagrun for dataset_with_extra_by_context to 2024-09-18 00:00:00+00:00, run_after=2024-09-19 00:00:00+00:00
[2024-09-19T03:43:09.575+0000] {logging_mixin.py:190} INFO - [2024-09-19T03:43:09.575+0000] {dag.py:4156} INFO - Setting next_dagrun for dataset_with_extra_by_yield to 2024-09-18 00:00:00+00:00, run_after=2024-09-19 00:00:00+00:00
[2024-09-19T03:43:09.576+0000] {logging_mixin.py:190} INFO - [2024-09-19T03:43:09.576+0000] {dag.py:4156} INFO - Setting next_dagrun for dataset_with_extra_from_classic_operator to 2024-09-18 00:00:00+00:00, run_after=2024-09-19 00:00:00+00:00
[2024-09-19T03:43:09.582+0000] {processor.py:208} INFO - Processing /Users/omer/anaconda3/lib/python3.11/site-packages/airflow/example_dags/example_outlet_event_extra.py took 0.096 seconds
[2024-09-19T04:22:58.525+0000] {processor.py:186} INFO - Started process (PID=25324) to work on /Users/omer/anaconda3/lib/python3.11/site-packages/airflow/example_dags/example_outlet_event_extra.py
[2024-09-19T04:22:58.526+0000] {processor.py:914} INFO - Processing file /Users/omer/anaconda3/lib/python3.11/site-packages/airflow/example_dags/example_outlet_event_extra.py for tasks to queue
[2024-09-19T04:22:58.526+0000] {logging_mixin.py:190} INFO - [2024-09-19T04:22:58.526+0000] {dagbag.py:587} INFO - Filling up the DagBag from /Users/omer/anaconda3/lib/python3.11/site-packages/airflow/example_dags/example_outlet_event_extra.py
[2024-09-19T04:22:58.559+0000] {processor.py:925} INFO - DAG(s) 'dataset_with_extra_from_classic_operator', 'dataset_with_extra_by_yield', 'dataset_with_extra_by_context' retrieved from /Users/omer/anaconda3/lib/python3.11/site-packages/airflow/example_dags/example_outlet_event_extra.py
[2024-09-19T04:22:58.584+0000] {logging_mixin.py:190} INFO - [2024-09-19T04:22:58.584+0000] {dag.py:3229} INFO - Sync 3 DAGs
[2024-09-19T04:22:58.590+0000] {logging_mixin.py:190} INFO - [2024-09-19T04:22:58.590+0000] {dag.py:4156} INFO - Setting next_dagrun for dataset_with_extra_by_context to 2024-09-18 00:00:00+00:00, run_after=2024-09-19 00:00:00+00:00
[2024-09-19T04:22:58.591+0000] {logging_mixin.py:190} INFO - [2024-09-19T04:22:58.591+0000] {dag.py:4156} INFO - Setting next_dagrun for dataset_with_extra_by_yield to 2024-09-18 00:00:00+00:00, run_after=2024-09-19 00:00:00+00:00
[2024-09-19T04:22:58.592+0000] {logging_mixin.py:190} INFO - [2024-09-19T04:22:58.592+0000] {dag.py:4156} INFO - Setting next_dagrun for dataset_with_extra_from_classic_operator to 2024-09-18 00:00:00+00:00, run_after=2024-09-19 00:00:00+00:00
[2024-09-19T04:22:58.597+0000] {processor.py:208} INFO - Processing /Users/omer/anaconda3/lib/python3.11/site-packages/airflow/example_dags/example_outlet_event_extra.py took 0.073 seconds
[2024-09-19T04:59:23.395+0000] {processor.py:186} INFO - Started process (PID=25444) to work on /Users/omer/anaconda3/lib/python3.11/site-packages/airflow/example_dags/example_outlet_event_extra.py
[2024-09-19T04:59:23.396+0000] {processor.py:914} INFO - Processing file /Users/omer/anaconda3/lib/python3.11/site-packages/airflow/example_dags/example_outlet_event_extra.py for tasks to queue
[2024-09-19T04:59:23.396+0000] {logging_mixin.py:190} INFO - [2024-09-19T04:59:23.396+0000] {dagbag.py:587} INFO - Filling up the DagBag from /Users/omer/anaconda3/lib/python3.11/site-packages/airflow/example_dags/example_outlet_event_extra.py
[2024-09-19T04:59:23.429+0000] {processor.py:925} INFO - DAG(s) 'dataset_with_extra_by_context', 'dataset_with_extra_by_yield', 'dataset_with_extra_from_classic_operator' retrieved from /Users/omer/anaconda3/lib/python3.11/site-packages/airflow/example_dags/example_outlet_event_extra.py
[2024-09-19T04:59:23.454+0000] {logging_mixin.py:190} INFO - [2024-09-19T04:59:23.454+0000] {dag.py:3229} INFO - Sync 3 DAGs
[2024-09-19T04:59:23.460+0000] {logging_mixin.py:190} INFO - [2024-09-19T04:59:23.460+0000] {dag.py:4156} INFO - Setting next_dagrun for dataset_with_extra_by_context to 2024-09-18 00:00:00+00:00, run_after=2024-09-19 00:00:00+00:00
[2024-09-19T04:59:23.461+0000] {logging_mixin.py:190} INFO - [2024-09-19T04:59:23.461+0000] {dag.py:4156} INFO - Setting next_dagrun for dataset_with_extra_by_yield to 2024-09-18 00:00:00+00:00, run_after=2024-09-19 00:00:00+00:00
[2024-09-19T04:59:23.462+0000] {logging_mixin.py:190} INFO - [2024-09-19T04:59:23.462+0000] {dag.py:4156} INFO - Setting next_dagrun for dataset_with_extra_from_classic_operator to 2024-09-18 00:00:00+00:00, run_after=2024-09-19 00:00:00+00:00
[2024-09-19T04:59:23.467+0000] {processor.py:208} INFO - Processing /Users/omer/anaconda3/lib/python3.11/site-packages/airflow/example_dags/example_outlet_event_extra.py took 0.073 seconds
[2024-09-19T05:22:50.506+0000] {processor.py:186} INFO - Started process (PID=25561) to work on /Users/omer/anaconda3/lib/python3.11/site-packages/airflow/example_dags/example_outlet_event_extra.py
[2024-09-19T05:22:50.506+0000] {processor.py:914} INFO - Processing file /Users/omer/anaconda3/lib/python3.11/site-packages/airflow/example_dags/example_outlet_event_extra.py for tasks to queue
[2024-09-19T05:22:50.506+0000] {logging_mixin.py:190} INFO - [2024-09-19T05:22:50.506+0000] {dagbag.py:587} INFO - Filling up the DagBag from /Users/omer/anaconda3/lib/python3.11/site-packages/airflow/example_dags/example_outlet_event_extra.py
[2024-09-19T05:22:50.542+0000] {processor.py:925} INFO - DAG(s) 'dataset_with_extra_by_context', 'dataset_with_extra_by_yield', 'dataset_with_extra_from_classic_operator' retrieved from /Users/omer/anaconda3/lib/python3.11/site-packages/airflow/example_dags/example_outlet_event_extra.py
[2024-09-19T05:22:50.568+0000] {logging_mixin.py:190} INFO - [2024-09-19T05:22:50.568+0000] {dag.py:3229} INFO - Sync 3 DAGs
[2024-09-19T05:22:50.573+0000] {logging_mixin.py:190} INFO - [2024-09-19T05:22:50.573+0000] {dag.py:4156} INFO - Setting next_dagrun for dataset_with_extra_by_context to 2024-09-18 00:00:00+00:00, run_after=2024-09-19 00:00:00+00:00
[2024-09-19T05:22:50.574+0000] {logging_mixin.py:190} INFO - [2024-09-19T05:22:50.574+0000] {dag.py:4156} INFO - Setting next_dagrun for dataset_with_extra_by_yield to 2024-09-18 00:00:00+00:00, run_after=2024-09-19 00:00:00+00:00
[2024-09-19T05:22:50.575+0000] {logging_mixin.py:190} INFO - [2024-09-19T05:22:50.575+0000] {dag.py:4156} INFO - Setting next_dagrun for dataset_with_extra_from_classic_operator to 2024-09-18 00:00:00+00:00, run_after=2024-09-19 00:00:00+00:00
[2024-09-19T05:22:50.580+0000] {processor.py:208} INFO - Processing /Users/omer/anaconda3/lib/python3.11/site-packages/airflow/example_dags/example_outlet_event_extra.py took 0.075 seconds
[2024-09-19T06:01:57.920+0000] {processor.py:186} INFO - Started process (PID=25685) to work on /Users/omer/anaconda3/lib/python3.11/site-packages/airflow/example_dags/example_outlet_event_extra.py
[2024-09-19T06:01:57.920+0000] {processor.py:914} INFO - Processing file /Users/omer/anaconda3/lib/python3.11/site-packages/airflow/example_dags/example_outlet_event_extra.py for tasks to queue
[2024-09-19T06:01:57.921+0000] {logging_mixin.py:190} INFO - [2024-09-19T06:01:57.921+0000] {dagbag.py:587} INFO - Filling up the DagBag from /Users/omer/anaconda3/lib/python3.11/site-packages/airflow/example_dags/example_outlet_event_extra.py
[2024-09-19T06:01:57.957+0000] {processor.py:925} INFO - DAG(s) 'dataset_with_extra_by_context', 'dataset_with_extra_from_classic_operator', 'dataset_with_extra_by_yield' retrieved from /Users/omer/anaconda3/lib/python3.11/site-packages/airflow/example_dags/example_outlet_event_extra.py
[2024-09-19T06:01:57.983+0000] {logging_mixin.py:190} INFO - [2024-09-19T06:01:57.983+0000] {dag.py:3229} INFO - Sync 3 DAGs
[2024-09-19T06:01:57.988+0000] {logging_mixin.py:190} INFO - [2024-09-19T06:01:57.988+0000] {dag.py:4156} INFO - Setting next_dagrun for dataset_with_extra_by_context to 2024-09-18 00:00:00+00:00, run_after=2024-09-19 00:00:00+00:00
[2024-09-19T06:01:57.989+0000] {logging_mixin.py:190} INFO - [2024-09-19T06:01:57.989+0000] {dag.py:4156} INFO - Setting next_dagrun for dataset_with_extra_by_yield to 2024-09-18 00:00:00+00:00, run_after=2024-09-19 00:00:00+00:00
[2024-09-19T06:01:57.990+0000] {logging_mixin.py:190} INFO - [2024-09-19T06:01:57.990+0000] {dag.py:4156} INFO - Setting next_dagrun for dataset_with_extra_from_classic_operator to 2024-09-18 00:00:00+00:00, run_after=2024-09-19 00:00:00+00:00
[2024-09-19T06:01:57.995+0000] {processor.py:208} INFO - Processing /Users/omer/anaconda3/lib/python3.11/site-packages/airflow/example_dags/example_outlet_event_extra.py took 0.076 seconds
[2024-09-19T06:16:29.793+0000] {processor.py:186} INFO - Started process (PID=25798) to work on /Users/omer/anaconda3/lib/python3.11/site-packages/airflow/example_dags/example_outlet_event_extra.py
[2024-09-19T06:16:29.794+0000] {processor.py:914} INFO - Processing file /Users/omer/anaconda3/lib/python3.11/site-packages/airflow/example_dags/example_outlet_event_extra.py for tasks to queue
[2024-09-19T06:16:29.794+0000] {logging_mixin.py:190} INFO - [2024-09-19T06:16:29.794+0000] {dagbag.py:587} INFO - Filling up the DagBag from /Users/omer/anaconda3/lib/python3.11/site-packages/airflow/example_dags/example_outlet_event_extra.py
[2024-09-19T06:16:29.833+0000] {processor.py:925} INFO - DAG(s) 'dataset_with_extra_by_context', 'dataset_with_extra_from_classic_operator', 'dataset_with_extra_by_yield' retrieved from /Users/omer/anaconda3/lib/python3.11/site-packages/airflow/example_dags/example_outlet_event_extra.py
[2024-09-19T06:16:29.862+0000] {logging_mixin.py:190} INFO - [2024-09-19T06:16:29.862+0000] {dag.py:3229} INFO - Sync 3 DAGs
[2024-09-19T06:16:29.868+0000] {logging_mixin.py:190} INFO - [2024-09-19T06:16:29.868+0000] {dag.py:4156} INFO - Setting next_dagrun for dataset_with_extra_by_context to 2024-09-18 00:00:00+00:00, run_after=2024-09-19 00:00:00+00:00
[2024-09-19T06:16:29.869+0000] {logging_mixin.py:190} INFO - [2024-09-19T06:16:29.869+0000] {dag.py:4156} INFO - Setting next_dagrun for dataset_with_extra_by_yield to 2024-09-18 00:00:00+00:00, run_after=2024-09-19 00:00:00+00:00
[2024-09-19T06:16:29.870+0000] {logging_mixin.py:190} INFO - [2024-09-19T06:16:29.870+0000] {dag.py:4156} INFO - Setting next_dagrun for dataset_with_extra_from_classic_operator to 2024-09-18 00:00:00+00:00, run_after=2024-09-19 00:00:00+00:00
[2024-09-19T06:16:29.876+0000] {processor.py:208} INFO - Processing /Users/omer/anaconda3/lib/python3.11/site-packages/airflow/example_dags/example_outlet_event_extra.py took 0.084 seconds
[2024-09-19T06:18:58.533+0000] {processor.py:186} INFO - Started process (PID=25996) to work on /Users/omer/anaconda3/lib/python3.11/site-packages/airflow/example_dags/example_outlet_event_extra.py
[2024-09-19T06:18:58.533+0000] {processor.py:914} INFO - Processing file /Users/omer/anaconda3/lib/python3.11/site-packages/airflow/example_dags/example_outlet_event_extra.py for tasks to queue
[2024-09-19T06:18:58.534+0000] {logging_mixin.py:190} INFO - [2024-09-19T06:18:58.534+0000] {dagbag.py:587} INFO - Filling up the DagBag from /Users/omer/anaconda3/lib/python3.11/site-packages/airflow/example_dags/example_outlet_event_extra.py
[2024-09-19T06:18:58.569+0000] {processor.py:925} INFO - DAG(s) 'dataset_with_extra_by_yield', 'dataset_with_extra_by_context', 'dataset_with_extra_from_classic_operator' retrieved from /Users/omer/anaconda3/lib/python3.11/site-packages/airflow/example_dags/example_outlet_event_extra.py
[2024-09-19T06:18:58.596+0000] {logging_mixin.py:190} INFO - [2024-09-19T06:18:58.596+0000] {dag.py:3229} INFO - Sync 3 DAGs
[2024-09-19T06:18:58.601+0000] {logging_mixin.py:190} INFO - [2024-09-19T06:18:58.601+0000] {dag.py:4156} INFO - Setting next_dagrun for dataset_with_extra_by_context to 2024-09-18 00:00:00+00:00, run_after=2024-09-19 00:00:00+00:00
[2024-09-19T06:18:58.602+0000] {logging_mixin.py:190} INFO - [2024-09-19T06:18:58.602+0000] {dag.py:4156} INFO - Setting next_dagrun for dataset_with_extra_by_yield to 2024-09-18 00:00:00+00:00, run_after=2024-09-19 00:00:00+00:00
[2024-09-19T06:18:58.603+0000] {logging_mixin.py:190} INFO - [2024-09-19T06:18:58.603+0000] {dag.py:4156} INFO - Setting next_dagrun for dataset_with_extra_from_classic_operator to 2024-09-18 00:00:00+00:00, run_after=2024-09-19 00:00:00+00:00
[2024-09-19T06:18:58.608+0000] {processor.py:208} INFO - Processing /Users/omer/anaconda3/lib/python3.11/site-packages/airflow/example_dags/example_outlet_event_extra.py took 0.077 seconds
[2024-09-19T06:21:59.585+0000] {processor.py:186} INFO - Started process (PID=26315) to work on /Users/omer/anaconda3/lib/python3.11/site-packages/airflow/example_dags/example_outlet_event_extra.py
[2024-09-19T06:21:59.586+0000] {processor.py:914} INFO - Processing file /Users/omer/anaconda3/lib/python3.11/site-packages/airflow/example_dags/example_outlet_event_extra.py for tasks to queue
[2024-09-19T06:21:59.586+0000] {logging_mixin.py:190} INFO - [2024-09-19T06:21:59.586+0000] {dagbag.py:587} INFO - Filling up the DagBag from /Users/omer/anaconda3/lib/python3.11/site-packages/airflow/example_dags/example_outlet_event_extra.py
[2024-09-19T06:21:59.620+0000] {processor.py:925} INFO - DAG(s) 'dataset_with_extra_by_yield', 'dataset_with_extra_by_context', 'dataset_with_extra_from_classic_operator' retrieved from /Users/omer/anaconda3/lib/python3.11/site-packages/airflow/example_dags/example_outlet_event_extra.py
[2024-09-19T06:21:59.648+0000] {logging_mixin.py:190} INFO - [2024-09-19T06:21:59.648+0000] {dag.py:3229} INFO - Sync 3 DAGs
[2024-09-19T06:21:59.654+0000] {logging_mixin.py:190} INFO - [2024-09-19T06:21:59.654+0000] {dag.py:4156} INFO - Setting next_dagrun for dataset_with_extra_by_context to 2024-09-18 00:00:00+00:00, run_after=2024-09-19 00:00:00+00:00
[2024-09-19T06:21:59.656+0000] {logging_mixin.py:190} INFO - [2024-09-19T06:21:59.656+0000] {dag.py:4156} INFO - Setting next_dagrun for dataset_with_extra_by_yield to 2024-09-18 00:00:00+00:00, run_after=2024-09-19 00:00:00+00:00
[2024-09-19T06:21:59.656+0000] {logging_mixin.py:190} INFO - [2024-09-19T06:21:59.656+0000] {dag.py:4156} INFO - Setting next_dagrun for dataset_with_extra_from_classic_operator to 2024-09-18 00:00:00+00:00, run_after=2024-09-19 00:00:00+00:00
[2024-09-19T06:21:59.662+0000] {processor.py:208} INFO - Processing /Users/omer/anaconda3/lib/python3.11/site-packages/airflow/example_dags/example_outlet_event_extra.py took 0.078 seconds
[2024-09-19T06:23:40.828+0000] {processor.py:186} INFO - Started process (PID=26417) to work on /Users/omer/anaconda3/lib/python3.11/site-packages/airflow/example_dags/example_outlet_event_extra.py
[2024-09-19T06:23:40.828+0000] {processor.py:914} INFO - Processing file /Users/omer/anaconda3/lib/python3.11/site-packages/airflow/example_dags/example_outlet_event_extra.py for tasks to queue
[2024-09-19T06:23:40.829+0000] {logging_mixin.py:190} INFO - [2024-09-19T06:23:40.829+0000] {dagbag.py:587} INFO - Filling up the DagBag from /Users/omer/anaconda3/lib/python3.11/site-packages/airflow/example_dags/example_outlet_event_extra.py
[2024-09-19T06:23:40.863+0000] {processor.py:925} INFO - DAG(s) 'dataset_with_extra_by_yield', 'dataset_with_extra_by_context', 'dataset_with_extra_from_classic_operator' retrieved from /Users/omer/anaconda3/lib/python3.11/site-packages/airflow/example_dags/example_outlet_event_extra.py
[2024-09-19T06:23:40.890+0000] {logging_mixin.py:190} INFO - [2024-09-19T06:23:40.890+0000] {dag.py:3229} INFO - Sync 3 DAGs
[2024-09-19T06:23:40.896+0000] {logging_mixin.py:190} INFO - [2024-09-19T06:23:40.896+0000] {dag.py:4156} INFO - Setting next_dagrun for dataset_with_extra_by_context to 2024-09-18 00:00:00+00:00, run_after=2024-09-19 00:00:00+00:00
[2024-09-19T06:23:40.897+0000] {logging_mixin.py:190} INFO - [2024-09-19T06:23:40.897+0000] {dag.py:4156} INFO - Setting next_dagrun for dataset_with_extra_by_yield to 2024-09-18 00:00:00+00:00, run_after=2024-09-19 00:00:00+00:00
[2024-09-19T06:23:40.898+0000] {logging_mixin.py:190} INFO - [2024-09-19T06:23:40.898+0000] {dag.py:4156} INFO - Setting next_dagrun for dataset_with_extra_from_classic_operator to 2024-09-18 00:00:00+00:00, run_after=2024-09-19 00:00:00+00:00
[2024-09-19T06:23:40.903+0000] {processor.py:208} INFO - Processing /Users/omer/anaconda3/lib/python3.11/site-packages/airflow/example_dags/example_outlet_event_extra.py took 0.076 seconds
[2024-09-19T06:25:57.483+0000] {processor.py:186} INFO - Started process (PID=26629) to work on /Users/omer/anaconda3/lib/python3.11/site-packages/airflow/example_dags/example_outlet_event_extra.py
[2024-09-19T06:25:57.484+0000] {processor.py:914} INFO - Processing file /Users/omer/anaconda3/lib/python3.11/site-packages/airflow/example_dags/example_outlet_event_extra.py for tasks to queue
[2024-09-19T06:25:57.484+0000] {logging_mixin.py:190} INFO - [2024-09-19T06:25:57.484+0000] {dagbag.py:587} INFO - Filling up the DagBag from /Users/omer/anaconda3/lib/python3.11/site-packages/airflow/example_dags/example_outlet_event_extra.py
[2024-09-19T06:25:57.520+0000] {processor.py:925} INFO - DAG(s) 'dataset_with_extra_by_context', 'dataset_with_extra_from_classic_operator', 'dataset_with_extra_by_yield' retrieved from /Users/omer/anaconda3/lib/python3.11/site-packages/airflow/example_dags/example_outlet_event_extra.py
[2024-09-19T06:25:57.548+0000] {logging_mixin.py:190} INFO - [2024-09-19T06:25:57.547+0000] {dag.py:3229} INFO - Sync 3 DAGs
[2024-09-19T06:25:57.553+0000] {logging_mixin.py:190} INFO - [2024-09-19T06:25:57.553+0000] {dag.py:4156} INFO - Setting next_dagrun for dataset_with_extra_by_context to 2024-09-18 00:00:00+00:00, run_after=2024-09-19 00:00:00+00:00
[2024-09-19T06:25:57.555+0000] {logging_mixin.py:190} INFO - [2024-09-19T06:25:57.555+0000] {dag.py:4156} INFO - Setting next_dagrun for dataset_with_extra_by_yield to 2024-09-18 00:00:00+00:00, run_after=2024-09-19 00:00:00+00:00
[2024-09-19T06:25:57.555+0000] {logging_mixin.py:190} INFO - [2024-09-19T06:25:57.555+0000] {dag.py:4156} INFO - Setting next_dagrun for dataset_with_extra_from_classic_operator to 2024-09-18 00:00:00+00:00, run_after=2024-09-19 00:00:00+00:00
[2024-09-19T06:25:57.561+0000] {processor.py:208} INFO - Processing /Users/omer/anaconda3/lib/python3.11/site-packages/airflow/example_dags/example_outlet_event_extra.py took 0.079 seconds
