[2024-09-19T00:14:58.542+0000] {processor.py:186} INFO - Started process (PID=24491) to work on /Users/omer/anaconda3/lib/python3.11/site-packages/airflow/example_dags/example_python_operator.py
[2024-09-19T00:14:58.543+0000] {processor.py:914} INFO - Processing file /Users/omer/anaconda3/lib/python3.11/site-packages/airflow/example_dags/example_python_operator.py for tasks to queue
[2024-09-19T00:14:58.543+0000] {logging_mixin.py:190} INFO - [2024-09-19T00:14:58.543+0000] {dagbag.py:587} INFO - Filling up the DagBag from /Users/omer/anaconda3/lib/python3.11/site-packages/airflow/example_dags/example_python_operator.py
[2024-09-19T00:14:58.552+0000] {processor.py:925} INFO - DAG(s) 'example_python_operator' retrieved from /Users/omer/anaconda3/lib/python3.11/site-packages/airflow/example_dags/example_python_operator.py
[2024-09-19T00:14:58.615+0000] {logging_mixin.py:190} INFO - [2024-09-19T00:14:58.615+0000] {dag.py:3229} INFO - Sync 1 DAGs
[2024-09-19T00:14:58.618+0000] {logging_mixin.py:190} INFO - [2024-09-19T00:14:58.618+0000] {dag.py:4156} INFO - Setting next_dagrun for example_python_operator to None, run_after=None
[2024-09-19T00:14:58.623+0000] {processor.py:208} INFO - Processing /Users/omer/anaconda3/lib/python3.11/site-packages/airflow/example_dags/example_python_operator.py took 0.081 seconds
[2024-09-19T00:34:54.397+0000] {processor.py:186} INFO - Started process (PID=24577) to work on /Users/omer/anaconda3/lib/python3.11/site-packages/airflow/example_dags/example_python_operator.py
[2024-09-19T00:34:54.397+0000] {processor.py:914} INFO - Processing file /Users/omer/anaconda3/lib/python3.11/site-packages/airflow/example_dags/example_python_operator.py for tasks to queue
[2024-09-19T00:34:54.397+0000] {logging_mixin.py:190} INFO - [2024-09-19T00:34:54.397+0000] {dagbag.py:587} INFO - Filling up the DagBag from /Users/omer/anaconda3/lib/python3.11/site-packages/airflow/example_dags/example_python_operator.py
[2024-09-19T00:34:54.406+0000] {processor.py:925} INFO - DAG(s) 'example_python_operator' retrieved from /Users/omer/anaconda3/lib/python3.11/site-packages/airflow/example_dags/example_python_operator.py
[2024-09-19T00:34:54.467+0000] {logging_mixin.py:190} INFO - [2024-09-19T00:34:54.467+0000] {dag.py:3229} INFO - Sync 1 DAGs
[2024-09-19T00:34:54.470+0000] {logging_mixin.py:190} INFO - [2024-09-19T00:34:54.470+0000] {dag.py:4156} INFO - Setting next_dagrun for example_python_operator to None, run_after=None
[2024-09-19T00:34:54.475+0000] {processor.py:208} INFO - Processing /Users/omer/anaconda3/lib/python3.11/site-packages/airflow/example_dags/example_python_operator.py took 0.079 seconds
[2024-09-19T01:28:00.428+0000] {processor.py:186} INFO - Started process (PID=24685) to work on /Users/omer/anaconda3/lib/python3.11/site-packages/airflow/example_dags/example_python_operator.py
[2024-09-19T01:28:00.428+0000] {processor.py:914} INFO - Processing file /Users/omer/anaconda3/lib/python3.11/site-packages/airflow/example_dags/example_python_operator.py for tasks to queue
[2024-09-19T01:28:00.429+0000] {logging_mixin.py:190} INFO - [2024-09-19T01:28:00.429+0000] {dagbag.py:587} INFO - Filling up the DagBag from /Users/omer/anaconda3/lib/python3.11/site-packages/airflow/example_dags/example_python_operator.py
[2024-09-19T01:28:00.437+0000] {processor.py:925} INFO - DAG(s) 'example_python_operator' retrieved from /Users/omer/anaconda3/lib/python3.11/site-packages/airflow/example_dags/example_python_operator.py
[2024-09-19T01:28:00.498+0000] {logging_mixin.py:190} INFO - [2024-09-19T01:28:00.498+0000] {dag.py:3229} INFO - Sync 1 DAGs
[2024-09-19T01:28:00.502+0000] {logging_mixin.py:190} INFO - [2024-09-19T01:28:00.502+0000] {dag.py:4156} INFO - Setting next_dagrun for example_python_operator to None, run_after=None
[2024-09-19T01:28:00.507+0000] {processor.py:208} INFO - Processing /Users/omer/anaconda3/lib/python3.11/site-packages/airflow/example_dags/example_python_operator.py took 0.080 seconds
[2024-09-19T02:03:24.369+0000] {processor.py:186} INFO - Started process (PID=24812) to work on /Users/omer/anaconda3/lib/python3.11/site-packages/airflow/example_dags/example_python_operator.py
[2024-09-19T02:03:24.370+0000] {processor.py:914} INFO - Processing file /Users/omer/anaconda3/lib/python3.11/site-packages/airflow/example_dags/example_python_operator.py for tasks to queue
[2024-09-19T02:03:24.370+0000] {logging_mixin.py:190} INFO - [2024-09-19T02:03:24.370+0000] {dagbag.py:587} INFO - Filling up the DagBag from /Users/omer/anaconda3/lib/python3.11/site-packages/airflow/example_dags/example_python_operator.py
[2024-09-19T02:03:24.379+0000] {processor.py:925} INFO - DAG(s) 'example_python_operator' retrieved from /Users/omer/anaconda3/lib/python3.11/site-packages/airflow/example_dags/example_python_operator.py
[2024-09-19T02:03:24.442+0000] {logging_mixin.py:190} INFO - [2024-09-19T02:03:24.442+0000] {dag.py:3229} INFO - Sync 1 DAGs
[2024-09-19T02:03:24.445+0000] {logging_mixin.py:190} INFO - [2024-09-19T02:03:24.445+0000] {dag.py:4156} INFO - Setting next_dagrun for example_python_operator to None, run_after=None
[2024-09-19T02:03:24.450+0000] {processor.py:208} INFO - Processing /Users/omer/anaconda3/lib/python3.11/site-packages/airflow/example_dags/example_python_operator.py took 0.081 seconds
[2024-09-19T02:42:00.795+0000] {processor.py:186} INFO - Started process (PID=24934) to work on /Users/omer/anaconda3/lib/python3.11/site-packages/airflow/example_dags/example_python_operator.py
[2024-09-19T02:42:00.796+0000] {processor.py:914} INFO - Processing file /Users/omer/anaconda3/lib/python3.11/site-packages/airflow/example_dags/example_python_operator.py for tasks to queue
[2024-09-19T02:42:00.796+0000] {logging_mixin.py:190} INFO - [2024-09-19T02:42:00.796+0000] {dagbag.py:587} INFO - Filling up the DagBag from /Users/omer/anaconda3/lib/python3.11/site-packages/airflow/example_dags/example_python_operator.py
[2024-09-19T02:42:00.804+0000] {processor.py:925} INFO - DAG(s) 'example_python_operator' retrieved from /Users/omer/anaconda3/lib/python3.11/site-packages/airflow/example_dags/example_python_operator.py
[2024-09-19T02:42:00.864+0000] {logging_mixin.py:190} INFO - [2024-09-19T02:42:00.864+0000] {dag.py:3229} INFO - Sync 1 DAGs
[2024-09-19T02:42:00.867+0000] {logging_mixin.py:190} INFO - [2024-09-19T02:42:00.867+0000] {dag.py:4156} INFO - Setting next_dagrun for example_python_operator to None, run_after=None
[2024-09-19T02:42:00.872+0000] {processor.py:208} INFO - Processing /Users/omer/anaconda3/lib/python3.11/site-packages/airflow/example_dags/example_python_operator.py took 0.078 seconds
[2024-09-19T03:04:52.510+0000] {processor.py:186} INFO - Started process (PID=25038) to work on /Users/omer/anaconda3/lib/python3.11/site-packages/airflow/example_dags/example_python_operator.py
[2024-09-19T03:04:52.511+0000] {processor.py:914} INFO - Processing file /Users/omer/anaconda3/lib/python3.11/site-packages/airflow/example_dags/example_python_operator.py for tasks to queue
[2024-09-19T03:04:52.512+0000] {logging_mixin.py:190} INFO - [2024-09-19T03:04:52.511+0000] {dagbag.py:587} INFO - Filling up the DagBag from /Users/omer/anaconda3/lib/python3.11/site-packages/airflow/example_dags/example_python_operator.py
[2024-09-19T03:04:52.520+0000] {processor.py:925} INFO - DAG(s) 'example_python_operator' retrieved from /Users/omer/anaconda3/lib/python3.11/site-packages/airflow/example_dags/example_python_operator.py
[2024-09-19T03:04:52.583+0000] {logging_mixin.py:190} INFO - [2024-09-19T03:04:52.583+0000] {dag.py:3229} INFO - Sync 1 DAGs
[2024-09-19T03:04:52.586+0000] {logging_mixin.py:190} INFO - [2024-09-19T03:04:52.586+0000] {dag.py:4156} INFO - Setting next_dagrun for example_python_operator to None, run_after=None
[2024-09-19T03:04:52.591+0000] {processor.py:208} INFO - Processing /Users/omer/anaconda3/lib/python3.11/site-packages/airflow/example_dags/example_python_operator.py took 0.082 seconds
[2024-09-19T03:42:35.663+0000] {processor.py:186} INFO - Started process (PID=25190) to work on /Users/omer/anaconda3/lib/python3.11/site-packages/airflow/example_dags/example_python_operator.py
[2024-09-19T03:42:35.665+0000] {processor.py:914} INFO - Processing file /Users/omer/anaconda3/lib/python3.11/site-packages/airflow/example_dags/example_python_operator.py for tasks to queue
[2024-09-19T03:42:35.665+0000] {logging_mixin.py:190} INFO - [2024-09-19T03:42:35.665+0000] {dagbag.py:587} INFO - Filling up the DagBag from /Users/omer/anaconda3/lib/python3.11/site-packages/airflow/example_dags/example_python_operator.py
[2024-09-19T03:42:35.673+0000] {processor.py:925} INFO - DAG(s) 'example_python_operator' retrieved from /Users/omer/anaconda3/lib/python3.11/site-packages/airflow/example_dags/example_python_operator.py
[2024-09-19T03:42:35.736+0000] {logging_mixin.py:190} INFO - [2024-09-19T03:42:35.736+0000] {dag.py:3229} INFO - Sync 1 DAGs
[2024-09-19T03:42:35.739+0000] {logging_mixin.py:190} INFO - [2024-09-19T03:42:35.739+0000] {dag.py:4156} INFO - Setting next_dagrun for example_python_operator to None, run_after=None
[2024-09-19T03:42:35.744+0000] {processor.py:208} INFO - Processing /Users/omer/anaconda3/lib/python3.11/site-packages/airflow/example_dags/example_python_operator.py took 0.081 seconds
[2024-09-19T04:22:24.632+0000] {processor.py:186} INFO - Started process (PID=25312) to work on /Users/omer/anaconda3/lib/python3.11/site-packages/airflow/example_dags/example_python_operator.py
[2024-09-19T04:22:24.633+0000] {processor.py:914} INFO - Processing file /Users/omer/anaconda3/lib/python3.11/site-packages/airflow/example_dags/example_python_operator.py for tasks to queue
[2024-09-19T04:22:24.633+0000] {logging_mixin.py:190} INFO - [2024-09-19T04:22:24.633+0000] {dagbag.py:587} INFO - Filling up the DagBag from /Users/omer/anaconda3/lib/python3.11/site-packages/airflow/example_dags/example_python_operator.py
[2024-09-19T04:22:24.643+0000] {processor.py:925} INFO - DAG(s) 'example_python_operator' retrieved from /Users/omer/anaconda3/lib/python3.11/site-packages/airflow/example_dags/example_python_operator.py
[2024-09-19T04:22:24.712+0000] {logging_mixin.py:190} INFO - [2024-09-19T04:22:24.711+0000] {dag.py:3229} INFO - Sync 1 DAGs
[2024-09-19T04:22:24.715+0000] {logging_mixin.py:190} INFO - [2024-09-19T04:22:24.715+0000] {dag.py:4156} INFO - Setting next_dagrun for example_python_operator to None, run_after=None
[2024-09-19T04:22:24.721+0000] {processor.py:208} INFO - Processing /Users/omer/anaconda3/lib/python3.11/site-packages/airflow/example_dags/example_python_operator.py took 0.089 seconds
[2024-09-19T04:58:49.627+0000] {processor.py:186} INFO - Started process (PID=25433) to work on /Users/omer/anaconda3/lib/python3.11/site-packages/airflow/example_dags/example_python_operator.py
[2024-09-19T04:58:49.629+0000] {processor.py:914} INFO - Processing file /Users/omer/anaconda3/lib/python3.11/site-packages/airflow/example_dags/example_python_operator.py for tasks to queue
[2024-09-19T04:58:49.629+0000] {logging_mixin.py:190} INFO - [2024-09-19T04:58:49.629+0000] {dagbag.py:587} INFO - Filling up the DagBag from /Users/omer/anaconda3/lib/python3.11/site-packages/airflow/example_dags/example_python_operator.py
[2024-09-19T04:58:49.637+0000] {processor.py:925} INFO - DAG(s) 'example_python_operator' retrieved from /Users/omer/anaconda3/lib/python3.11/site-packages/airflow/example_dags/example_python_operator.py
[2024-09-19T04:58:49.697+0000] {logging_mixin.py:190} INFO - [2024-09-19T04:58:49.697+0000] {dag.py:3229} INFO - Sync 1 DAGs
[2024-09-19T04:58:49.700+0000] {logging_mixin.py:190} INFO - [2024-09-19T04:58:49.700+0000] {dag.py:4156} INFO - Setting next_dagrun for example_python_operator to None, run_after=None
[2024-09-19T04:58:49.705+0000] {processor.py:208} INFO - Processing /Users/omer/anaconda3/lib/python3.11/site-packages/airflow/example_dags/example_python_operator.py took 0.079 seconds
[2024-09-19T05:22:17.001+0000] {processor.py:186} INFO - Started process (PID=25548) to work on /Users/omer/anaconda3/lib/python3.11/site-packages/airflow/example_dags/example_python_operator.py
[2024-09-19T05:22:17.002+0000] {processor.py:914} INFO - Processing file /Users/omer/anaconda3/lib/python3.11/site-packages/airflow/example_dags/example_python_operator.py for tasks to queue
[2024-09-19T05:22:17.003+0000] {logging_mixin.py:190} INFO - [2024-09-19T05:22:17.003+0000] {dagbag.py:587} INFO - Filling up the DagBag from /Users/omer/anaconda3/lib/python3.11/site-packages/airflow/example_dags/example_python_operator.py
[2024-09-19T05:22:17.011+0000] {processor.py:925} INFO - DAG(s) 'example_python_operator' retrieved from /Users/omer/anaconda3/lib/python3.11/site-packages/airflow/example_dags/example_python_operator.py
[2024-09-19T05:22:17.071+0000] {logging_mixin.py:190} INFO - [2024-09-19T05:22:17.071+0000] {dag.py:3229} INFO - Sync 1 DAGs
[2024-09-19T05:22:17.074+0000] {logging_mixin.py:190} INFO - [2024-09-19T05:22:17.074+0000] {dag.py:4156} INFO - Setting next_dagrun for example_python_operator to None, run_after=None
[2024-09-19T05:22:17.079+0000] {processor.py:208} INFO - Processing /Users/omer/anaconda3/lib/python3.11/site-packages/airflow/example_dags/example_python_operator.py took 0.078 seconds
[2024-09-19T06:01:23.204+0000] {processor.py:186} INFO - Started process (PID=25674) to work on /Users/omer/anaconda3/lib/python3.11/site-packages/airflow/example_dags/example_python_operator.py
[2024-09-19T06:01:23.205+0000] {processor.py:914} INFO - Processing file /Users/omer/anaconda3/lib/python3.11/site-packages/airflow/example_dags/example_python_operator.py for tasks to queue
[2024-09-19T06:01:23.205+0000] {logging_mixin.py:190} INFO - [2024-09-19T06:01:23.205+0000] {dagbag.py:587} INFO - Filling up the DagBag from /Users/omer/anaconda3/lib/python3.11/site-packages/airflow/example_dags/example_python_operator.py
[2024-09-19T06:01:23.214+0000] {processor.py:925} INFO - DAG(s) 'example_python_operator' retrieved from /Users/omer/anaconda3/lib/python3.11/site-packages/airflow/example_dags/example_python_operator.py
[2024-09-19T06:01:23.274+0000] {logging_mixin.py:190} INFO - [2024-09-19T06:01:23.273+0000] {dag.py:3229} INFO - Sync 1 DAGs
[2024-09-19T06:01:23.276+0000] {logging_mixin.py:190} INFO - [2024-09-19T06:01:23.276+0000] {dag.py:4156} INFO - Setting next_dagrun for example_python_operator to None, run_after=None
[2024-09-19T06:01:23.281+0000] {processor.py:208} INFO - Processing /Users/omer/anaconda3/lib/python3.11/site-packages/airflow/example_dags/example_python_operator.py took 0.078 seconds
[2024-09-19T06:16:19.514+0000] {processor.py:186} INFO - Started process (PID=25781) to work on /Users/omer/anaconda3/lib/python3.11/site-packages/airflow/example_dags/example_python_operator.py
[2024-09-19T06:16:19.515+0000] {processor.py:914} INFO - Processing file /Users/omer/anaconda3/lib/python3.11/site-packages/airflow/example_dags/example_python_operator.py for tasks to queue
[2024-09-19T06:16:19.515+0000] {logging_mixin.py:190} INFO - [2024-09-19T06:16:19.515+0000] {dagbag.py:587} INFO - Filling up the DagBag from /Users/omer/anaconda3/lib/python3.11/site-packages/airflow/example_dags/example_python_operator.py
[2024-09-19T06:16:19.525+0000] {processor.py:925} INFO - DAG(s) 'example_python_operator' retrieved from /Users/omer/anaconda3/lib/python3.11/site-packages/airflow/example_dags/example_python_operator.py
[2024-09-19T06:16:19.586+0000] {logging_mixin.py:190} INFO - [2024-09-19T06:16:19.586+0000] {dag.py:3229} INFO - Sync 1 DAGs
[2024-09-19T06:16:19.589+0000] {logging_mixin.py:190} INFO - [2024-09-19T06:16:19.589+0000] {dag.py:4156} INFO - Setting next_dagrun for example_python_operator to None, run_after=None
[2024-09-19T06:16:19.595+0000] {processor.py:208} INFO - Processing /Users/omer/anaconda3/lib/python3.11/site-packages/airflow/example_dags/example_python_operator.py took 0.081 seconds
[2024-09-19T06:17:41.375+0000] {processor.py:186} INFO - Started process (PID=25895) to work on /Users/omer/anaconda3/lib/python3.11/site-packages/airflow/example_dags/example_python_operator.py
[2024-09-19T06:17:41.376+0000] {processor.py:914} INFO - Processing file /Users/omer/anaconda3/lib/python3.11/site-packages/airflow/example_dags/example_python_operator.py for tasks to queue
[2024-09-19T06:17:41.376+0000] {logging_mixin.py:190} INFO - [2024-09-19T06:17:41.376+0000] {dagbag.py:587} INFO - Filling up the DagBag from /Users/omer/anaconda3/lib/python3.11/site-packages/airflow/example_dags/example_python_operator.py
[2024-09-19T06:17:41.387+0000] {processor.py:925} INFO - DAG(s) 'example_python_operator' retrieved from /Users/omer/anaconda3/lib/python3.11/site-packages/airflow/example_dags/example_python_operator.py
[2024-09-19T06:17:41.452+0000] {logging_mixin.py:190} INFO - [2024-09-19T06:17:41.452+0000] {dag.py:3229} INFO - Sync 1 DAGs
[2024-09-19T06:17:41.455+0000] {logging_mixin.py:190} INFO - [2024-09-19T06:17:41.455+0000] {dag.py:4156} INFO - Setting next_dagrun for example_python_operator to None, run_after=None
[2024-09-19T06:17:41.460+0000] {processor.py:208} INFO - Processing /Users/omer/anaconda3/lib/python3.11/site-packages/airflow/example_dags/example_python_operator.py took 0.086 seconds
[2024-09-19T06:20:03.969+0000] {processor.py:186} INFO - Started process (PID=26108) to work on /Users/omer/anaconda3/lib/python3.11/site-packages/airflow/example_dags/example_python_operator.py
[2024-09-19T06:20:03.970+0000] {processor.py:914} INFO - Processing file /Users/omer/anaconda3/lib/python3.11/site-packages/airflow/example_dags/example_python_operator.py for tasks to queue
[2024-09-19T06:20:03.970+0000] {logging_mixin.py:190} INFO - [2024-09-19T06:20:03.970+0000] {dagbag.py:587} INFO - Filling up the DagBag from /Users/omer/anaconda3/lib/python3.11/site-packages/airflow/example_dags/example_python_operator.py
[2024-09-19T06:20:03.979+0000] {processor.py:925} INFO - DAG(s) 'example_python_operator' retrieved from /Users/omer/anaconda3/lib/python3.11/site-packages/airflow/example_dags/example_python_operator.py
[2024-09-19T06:20:04.048+0000] {logging_mixin.py:190} INFO - [2024-09-19T06:20:04.047+0000] {dag.py:3229} INFO - Sync 1 DAGs
[2024-09-19T06:20:04.051+0000] {logging_mixin.py:190} INFO - [2024-09-19T06:20:04.051+0000] {dag.py:4156} INFO - Setting next_dagrun for example_python_operator to None, run_after=None
[2024-09-19T06:20:04.056+0000] {processor.py:208} INFO - Processing /Users/omer/anaconda3/lib/python3.11/site-packages/airflow/example_dags/example_python_operator.py took 0.088 seconds
[2024-09-19T06:21:49.993+0000] {processor.py:186} INFO - Started process (PID=26299) to work on /Users/omer/anaconda3/lib/python3.11/site-packages/airflow/example_dags/example_python_operator.py
[2024-09-19T06:21:49.995+0000] {processor.py:914} INFO - Processing file /Users/omer/anaconda3/lib/python3.11/site-packages/airflow/example_dags/example_python_operator.py for tasks to queue
[2024-09-19T06:21:49.995+0000] {logging_mixin.py:190} INFO - [2024-09-19T06:21:49.995+0000] {dagbag.py:587} INFO - Filling up the DagBag from /Users/omer/anaconda3/lib/python3.11/site-packages/airflow/example_dags/example_python_operator.py
[2024-09-19T06:21:50.005+0000] {processor.py:925} INFO - DAG(s) 'example_python_operator' retrieved from /Users/omer/anaconda3/lib/python3.11/site-packages/airflow/example_dags/example_python_operator.py
[2024-09-19T06:21:50.069+0000] {logging_mixin.py:190} INFO - [2024-09-19T06:21:50.068+0000] {dag.py:3229} INFO - Sync 1 DAGs
[2024-09-19T06:21:50.073+0000] {logging_mixin.py:190} INFO - [2024-09-19T06:21:50.073+0000] {dag.py:4156} INFO - Setting next_dagrun for example_python_operator to None, run_after=None
[2024-09-19T06:21:50.079+0000] {processor.py:208} INFO - Processing /Users/omer/anaconda3/lib/python3.11/site-packages/airflow/example_dags/example_python_operator.py took 0.087 seconds
[2024-09-19T06:23:31.769+0000] {processor.py:186} INFO - Started process (PID=26406) to work on /Users/omer/anaconda3/lib/python3.11/site-packages/airflow/example_dags/example_python_operator.py
[2024-09-19T06:23:31.770+0000] {processor.py:914} INFO - Processing file /Users/omer/anaconda3/lib/python3.11/site-packages/airflow/example_dags/example_python_operator.py for tasks to queue
[2024-09-19T06:23:31.770+0000] {logging_mixin.py:190} INFO - [2024-09-19T06:23:31.770+0000] {dagbag.py:587} INFO - Filling up the DagBag from /Users/omer/anaconda3/lib/python3.11/site-packages/airflow/example_dags/example_python_operator.py
[2024-09-19T06:23:31.779+0000] {processor.py:925} INFO - DAG(s) 'example_python_operator' retrieved from /Users/omer/anaconda3/lib/python3.11/site-packages/airflow/example_dags/example_python_operator.py
[2024-09-19T06:23:31.845+0000] {logging_mixin.py:190} INFO - [2024-09-19T06:23:31.845+0000] {dag.py:3229} INFO - Sync 1 DAGs
[2024-09-19T06:23:31.848+0000] {logging_mixin.py:190} INFO - [2024-09-19T06:23:31.848+0000] {dag.py:4156} INFO - Setting next_dagrun for example_python_operator to None, run_after=None
[2024-09-19T06:23:31.853+0000] {processor.py:208} INFO - Processing /Users/omer/anaconda3/lib/python3.11/site-packages/airflow/example_dags/example_python_operator.py took 0.085 seconds
[2024-09-19T06:25:48.486+0000] {processor.py:186} INFO - Started process (PID=26618) to work on /Users/omer/anaconda3/lib/python3.11/site-packages/airflow/example_dags/example_python_operator.py
[2024-09-19T06:25:48.487+0000] {processor.py:914} INFO - Processing file /Users/omer/anaconda3/lib/python3.11/site-packages/airflow/example_dags/example_python_operator.py for tasks to queue
[2024-09-19T06:25:48.487+0000] {logging_mixin.py:190} INFO - [2024-09-19T06:25:48.487+0000] {dagbag.py:587} INFO - Filling up the DagBag from /Users/omer/anaconda3/lib/python3.11/site-packages/airflow/example_dags/example_python_operator.py
[2024-09-19T06:25:48.496+0000] {processor.py:925} INFO - DAG(s) 'example_python_operator' retrieved from /Users/omer/anaconda3/lib/python3.11/site-packages/airflow/example_dags/example_python_operator.py
[2024-09-19T06:25:48.568+0000] {logging_mixin.py:190} INFO - [2024-09-19T06:25:48.568+0000] {dag.py:3229} INFO - Sync 1 DAGs
[2024-09-19T06:25:48.572+0000] {logging_mixin.py:190} INFO - [2024-09-19T06:25:48.572+0000] {dag.py:4156} INFO - Setting next_dagrun for example_python_operator to None, run_after=None
[2024-09-19T06:25:48.578+0000] {processor.py:208} INFO - Processing /Users/omer/anaconda3/lib/python3.11/site-packages/airflow/example_dags/example_python_operator.py took 0.093 seconds
