[2024-09-19T00:16:07.291+0000] {processor.py:186} INFO - Started process (PID=24518) to work on /Users/omer/anaconda3/lib/python3.11/site-packages/airflow/example_dags/example_branch_day_of_week_operator.py
[2024-09-19T00:16:07.292+0000] {processor.py:914} INFO - Processing file /Users/omer/anaconda3/lib/python3.11/site-packages/airflow/example_dags/example_branch_day_of_week_operator.py for tasks to queue
[2024-09-19T00:16:07.292+0000] {logging_mixin.py:190} INFO - [2024-09-19T00:16:07.292+0000] {dagbag.py:587} INFO - Filling up the DagBag from /Users/omer/anaconda3/lib/python3.11/site-packages/airflow/example_dags/example_branch_day_of_week_operator.py
[2024-09-19T00:16:07.296+0000] {processor.py:925} INFO - DAG(s) 'example_weekday_branch_operator' retrieved from /Users/omer/anaconda3/lib/python3.11/site-packages/airflow/example_dags/example_branch_day_of_week_operator.py
[2024-09-19T00:16:07.321+0000] {logging_mixin.py:190} INFO - [2024-09-19T00:16:07.321+0000] {dag.py:3229} INFO - Sync 1 DAGs
[2024-09-19T00:16:07.326+0000] {logging_mixin.py:190} INFO - [2024-09-19T00:16:07.326+0000] {dag.py:4156} INFO - Setting next_dagrun for example_weekday_branch_operator to 2024-09-18 00:00:00+00:00, run_after=2024-09-19 00:00:00+00:00
[2024-09-19T00:16:07.331+0000] {processor.py:208} INFO - Processing /Users/omer/anaconda3/lib/python3.11/site-packages/airflow/example_dags/example_branch_day_of_week_operator.py took 0.041 seconds
[2024-09-19T01:42:33.748+0000] {processor.py:186} INFO - Started process (PID=24736) to work on /Users/omer/anaconda3/lib/python3.11/site-packages/airflow/example_dags/example_branch_day_of_week_operator.py
[2024-09-19T01:42:33.749+0000] {processor.py:914} INFO - Processing file /Users/omer/anaconda3/lib/python3.11/site-packages/airflow/example_dags/example_branch_day_of_week_operator.py for tasks to queue
[2024-09-19T01:42:33.749+0000] {logging_mixin.py:190} INFO - [2024-09-19T01:42:33.749+0000] {dagbag.py:587} INFO - Filling up the DagBag from /Users/omer/anaconda3/lib/python3.11/site-packages/airflow/example_dags/example_branch_day_of_week_operator.py
[2024-09-19T01:42:33.752+0000] {processor.py:925} INFO - DAG(s) 'example_weekday_branch_operator' retrieved from /Users/omer/anaconda3/lib/python3.11/site-packages/airflow/example_dags/example_branch_day_of_week_operator.py
[2024-09-19T01:42:33.777+0000] {logging_mixin.py:190} INFO - [2024-09-19T01:42:33.777+0000] {dag.py:3229} INFO - Sync 1 DAGs
[2024-09-19T01:42:33.782+0000] {logging_mixin.py:190} INFO - [2024-09-19T01:42:33.782+0000] {dag.py:4156} INFO - Setting next_dagrun for example_weekday_branch_operator to 2024-09-18 00:00:00+00:00, run_after=2024-09-19 00:00:00+00:00
[2024-09-19T01:42:33.787+0000] {processor.py:208} INFO - Processing /Users/omer/anaconda3/lib/python3.11/site-packages/airflow/example_dags/example_branch_day_of_week_operator.py took 0.040 seconds
[2024-09-19T02:44:49.196+0000] {processor.py:186} INFO - Started process (PID=24979) to work on /Users/omer/anaconda3/lib/python3.11/site-packages/airflow/example_dags/example_branch_day_of_week_operator.py
[2024-09-19T02:44:49.197+0000] {processor.py:914} INFO - Processing file /Users/omer/anaconda3/lib/python3.11/site-packages/airflow/example_dags/example_branch_day_of_week_operator.py for tasks to queue
[2024-09-19T02:44:49.198+0000] {logging_mixin.py:190} INFO - [2024-09-19T02:44:49.198+0000] {dagbag.py:587} INFO - Filling up the DagBag from /Users/omer/anaconda3/lib/python3.11/site-packages/airflow/example_dags/example_branch_day_of_week_operator.py
[2024-09-19T02:44:49.202+0000] {processor.py:925} INFO - DAG(s) 'example_weekday_branch_operator' retrieved from /Users/omer/anaconda3/lib/python3.11/site-packages/airflow/example_dags/example_branch_day_of_week_operator.py
[2024-09-19T02:44:49.229+0000] {logging_mixin.py:190} INFO - [2024-09-19T02:44:49.229+0000] {dag.py:3229} INFO - Sync 1 DAGs
[2024-09-19T02:44:49.234+0000] {logging_mixin.py:190} INFO - [2024-09-19T02:44:49.234+0000] {dag.py:4156} INFO - Setting next_dagrun for example_weekday_branch_operator to 2024-09-18 00:00:00+00:00, run_after=2024-09-19 00:00:00+00:00
[2024-09-19T02:44:49.240+0000] {processor.py:208} INFO - Processing /Users/omer/anaconda3/lib/python3.11/site-packages/airflow/example_dags/example_branch_day_of_week_operator.py took 0.044 seconds
[2024-09-19T04:01:29.068+0000] {processor.py:186} INFO - Started process (PID=25254) to work on /Users/omer/anaconda3/lib/python3.11/site-packages/airflow/example_dags/example_branch_day_of_week_operator.py
[2024-09-19T04:01:29.069+0000] {processor.py:914} INFO - Processing file /Users/omer/anaconda3/lib/python3.11/site-packages/airflow/example_dags/example_branch_day_of_week_operator.py for tasks to queue
[2024-09-19T04:01:29.069+0000] {logging_mixin.py:190} INFO - [2024-09-19T04:01:29.069+0000] {dagbag.py:587} INFO - Filling up the DagBag from /Users/omer/anaconda3/lib/python3.11/site-packages/airflow/example_dags/example_branch_day_of_week_operator.py
[2024-09-19T04:01:29.073+0000] {processor.py:925} INFO - DAG(s) 'example_weekday_branch_operator' retrieved from /Users/omer/anaconda3/lib/python3.11/site-packages/airflow/example_dags/example_branch_day_of_week_operator.py
[2024-09-19T04:01:29.098+0000] {logging_mixin.py:190} INFO - [2024-09-19T04:01:29.098+0000] {dag.py:3229} INFO - Sync 1 DAGs
[2024-09-19T04:01:29.103+0000] {logging_mixin.py:190} INFO - [2024-09-19T04:01:29.103+0000] {dag.py:4156} INFO - Setting next_dagrun for example_weekday_branch_operator to 2024-09-18 00:00:00+00:00, run_after=2024-09-19 00:00:00+00:00
[2024-09-19T04:01:29.108+0000] {processor.py:208} INFO - Processing /Users/omer/anaconda3/lib/python3.11/site-packages/airflow/example_dags/example_branch_day_of_week_operator.py took 0.041 seconds
[2024-09-19T05:01:10.933+0000] {processor.py:186} INFO - Started process (PID=25490) to work on /Users/omer/anaconda3/lib/python3.11/site-packages/airflow/example_dags/example_branch_day_of_week_operator.py
[2024-09-19T05:01:10.934+0000] {processor.py:914} INFO - Processing file /Users/omer/anaconda3/lib/python3.11/site-packages/airflow/example_dags/example_branch_day_of_week_operator.py for tasks to queue
[2024-09-19T05:01:10.934+0000] {logging_mixin.py:190} INFO - [2024-09-19T05:01:10.934+0000] {dagbag.py:587} INFO - Filling up the DagBag from /Users/omer/anaconda3/lib/python3.11/site-packages/airflow/example_dags/example_branch_day_of_week_operator.py
[2024-09-19T05:01:10.937+0000] {processor.py:925} INFO - DAG(s) 'example_weekday_branch_operator' retrieved from /Users/omer/anaconda3/lib/python3.11/site-packages/airflow/example_dags/example_branch_day_of_week_operator.py
[2024-09-19T05:01:10.962+0000] {logging_mixin.py:190} INFO - [2024-09-19T05:01:10.962+0000] {dag.py:3229} INFO - Sync 1 DAGs
[2024-09-19T05:01:10.968+0000] {logging_mixin.py:190} INFO - [2024-09-19T05:01:10.968+0000] {dag.py:4156} INFO - Setting next_dagrun for example_weekday_branch_operator to 2024-09-18 00:00:00+00:00, run_after=2024-09-19 00:00:00+00:00
[2024-09-19T05:01:10.973+0000] {processor.py:208} INFO - Processing /Users/omer/anaconda3/lib/python3.11/site-packages/airflow/example_dags/example_branch_day_of_week_operator.py took 0.041 seconds
[2024-09-19T06:15:26.492+0000] {processor.py:186} INFO - Started process (PID=25724) to work on /Users/omer/anaconda3/lib/python3.11/site-packages/airflow/example_dags/example_branch_day_of_week_operator.py
[2024-09-19T06:15:26.492+0000] {processor.py:914} INFO - Processing file /Users/omer/anaconda3/lib/python3.11/site-packages/airflow/example_dags/example_branch_day_of_week_operator.py for tasks to queue
[2024-09-19T06:15:26.493+0000] {logging_mixin.py:190} INFO - [2024-09-19T06:15:26.493+0000] {dagbag.py:587} INFO - Filling up the DagBag from /Users/omer/anaconda3/lib/python3.11/site-packages/airflow/example_dags/example_branch_day_of_week_operator.py
[2024-09-19T06:15:26.496+0000] {processor.py:925} INFO - DAG(s) 'example_weekday_branch_operator' retrieved from /Users/omer/anaconda3/lib/python3.11/site-packages/airflow/example_dags/example_branch_day_of_week_operator.py
[2024-09-19T06:15:26.522+0000] {logging_mixin.py:190} INFO - [2024-09-19T06:15:26.522+0000] {dag.py:3229} INFO - Sync 1 DAGs
[2024-09-19T06:15:26.527+0000] {logging_mixin.py:190} INFO - [2024-09-19T06:15:26.527+0000] {dag.py:4156} INFO - Setting next_dagrun for example_weekday_branch_operator to 2024-09-18 00:00:00+00:00, run_after=2024-09-19 00:00:00+00:00
[2024-09-19T06:15:26.533+0000] {processor.py:208} INFO - Processing /Users/omer/anaconda3/lib/python3.11/site-packages/airflow/example_dags/example_branch_day_of_week_operator.py took 0.042 seconds
[2024-09-19T06:18:03.867+0000] {processor.py:186} INFO - Started process (PID=25930) to work on /Users/omer/anaconda3/lib/python3.11/site-packages/airflow/example_dags/example_branch_day_of_week_operator.py
[2024-09-19T06:18:03.867+0000] {processor.py:914} INFO - Processing file /Users/omer/anaconda3/lib/python3.11/site-packages/airflow/example_dags/example_branch_day_of_week_operator.py for tasks to queue
[2024-09-19T06:18:03.868+0000] {logging_mixin.py:190} INFO - [2024-09-19T06:18:03.867+0000] {dagbag.py:587} INFO - Filling up the DagBag from /Users/omer/anaconda3/lib/python3.11/site-packages/airflow/example_dags/example_branch_day_of_week_operator.py
[2024-09-19T06:18:03.871+0000] {processor.py:925} INFO - DAG(s) 'example_weekday_branch_operator' retrieved from /Users/omer/anaconda3/lib/python3.11/site-packages/airflow/example_dags/example_branch_day_of_week_operator.py
[2024-09-19T06:18:03.898+0000] {logging_mixin.py:190} INFO - [2024-09-19T06:18:03.898+0000] {dag.py:3229} INFO - Sync 1 DAGs
[2024-09-19T06:18:03.903+0000] {logging_mixin.py:190} INFO - [2024-09-19T06:18:03.903+0000] {dag.py:4156} INFO - Setting next_dagrun for example_weekday_branch_operator to 2024-09-18 00:00:00+00:00, run_after=2024-09-19 00:00:00+00:00
[2024-09-19T06:18:03.908+0000] {processor.py:208} INFO - Processing /Users/omer/anaconda3/lib/python3.11/site-packages/airflow/example_dags/example_branch_day_of_week_operator.py took 0.042 seconds
[2024-09-19T06:22:34.218+0000] {processor.py:186} INFO - Started process (PID=26354) to work on /Users/omer/anaconda3/lib/python3.11/site-packages/airflow/example_dags/example_branch_day_of_week_operator.py
[2024-09-19T06:22:34.219+0000] {processor.py:914} INFO - Processing file /Users/omer/anaconda3/lib/python3.11/site-packages/airflow/example_dags/example_branch_day_of_week_operator.py for tasks to queue
[2024-09-19T06:22:34.220+0000] {logging_mixin.py:190} INFO - [2024-09-19T06:22:34.220+0000] {dagbag.py:587} INFO - Filling up the DagBag from /Users/omer/anaconda3/lib/python3.11/site-packages/airflow/example_dags/example_branch_day_of_week_operator.py
[2024-09-19T06:22:34.223+0000] {processor.py:925} INFO - DAG(s) 'example_weekday_branch_operator' retrieved from /Users/omer/anaconda3/lib/python3.11/site-packages/airflow/example_dags/example_branch_day_of_week_operator.py
[2024-09-19T06:22:34.249+0000] {logging_mixin.py:190} INFO - [2024-09-19T06:22:34.249+0000] {dag.py:3229} INFO - Sync 1 DAGs
[2024-09-19T06:22:34.255+0000] {logging_mixin.py:190} INFO - [2024-09-19T06:22:34.255+0000] {dag.py:4156} INFO - Setting next_dagrun for example_weekday_branch_operator to 2024-09-18 00:00:00+00:00, run_after=2024-09-19 00:00:00+00:00
[2024-09-19T06:22:34.260+0000] {processor.py:208} INFO - Processing /Users/omer/anaconda3/lib/python3.11/site-packages/airflow/example_dags/example_branch_day_of_week_operator.py took 0.042 seconds
[2024-09-19T06:24:54.010+0000] {processor.py:186} INFO - Started process (PID=26524) to work on /Users/omer/anaconda3/lib/python3.11/site-packages/airflow/example_dags/example_branch_day_of_week_operator.py
[2024-09-19T06:24:54.012+0000] {processor.py:914} INFO - Processing file /Users/omer/anaconda3/lib/python3.11/site-packages/airflow/example_dags/example_branch_day_of_week_operator.py for tasks to queue
[2024-09-19T06:24:54.012+0000] {logging_mixin.py:190} INFO - [2024-09-19T06:24:54.012+0000] {dagbag.py:587} INFO - Filling up the DagBag from /Users/omer/anaconda3/lib/python3.11/site-packages/airflow/example_dags/example_branch_day_of_week_operator.py
[2024-09-19T06:24:54.015+0000] {processor.py:925} INFO - DAG(s) 'example_weekday_branch_operator' retrieved from /Users/omer/anaconda3/lib/python3.11/site-packages/airflow/example_dags/example_branch_day_of_week_operator.py
[2024-09-19T06:24:54.044+0000] {logging_mixin.py:190} INFO - [2024-09-19T06:24:54.044+0000] {dag.py:3229} INFO - Sync 1 DAGs
[2024-09-19T06:24:54.050+0000] {logging_mixin.py:190} INFO - [2024-09-19T06:24:54.050+0000] {dag.py:4156} INFO - Setting next_dagrun for example_weekday_branch_operator to 2024-09-18 00:00:00+00:00, run_after=2024-09-19 00:00:00+00:00
[2024-09-19T06:24:54.056+0000] {processor.py:208} INFO - Processing /Users/omer/anaconda3/lib/python3.11/site-packages/airflow/example_dags/example_branch_day_of_week_operator.py took 0.047 seconds
