[2024-09-19T00:52:58.270+0000] {processor.py:186} INFO - Started process (PID=24621) to work on /Users/omer/anaconda3/lib/python3.11/site-packages/airflow/example_dags/example_branch_operator.py
[2024-09-19T00:52:58.270+0000] {processor.py:914} INFO - Processing file /Users/omer/anaconda3/lib/python3.11/site-packages/airflow/example_dags/example_branch_operator.py for tasks to queue
[2024-09-19T00:52:58.271+0000] {logging_mixin.py:190} INFO - [2024-09-19T00:52:58.271+0000] {dagbag.py:587} INFO - Filling up the DagBag from /Users/omer/anaconda3/lib/python3.11/site-packages/airflow/example_dags/example_branch_operator.py
[2024-09-19T00:52:58.282+0000] {processor.py:925} INFO - DAG(s) 'example_branch_operator' retrieved from /Users/omer/anaconda3/lib/python3.11/site-packages/airflow/example_dags/example_branch_operator.py
[2024-09-19T00:52:58.331+0000] {logging_mixin.py:190} INFO - [2024-09-19T00:52:58.331+0000] {dag.py:3229} INFO - Sync 1 DAGs
[2024-09-19T00:52:58.336+0000] {logging_mixin.py:190} INFO - [2024-09-19T00:52:58.336+0000] {dag.py:4156} INFO - Setting next_dagrun for example_branch_operator to 2024-09-18 00:00:00+00:00, run_after=2024-09-19 00:00:00+00:00
[2024-09-19T00:52:58.342+0000] {processor.py:208} INFO - Processing /Users/omer/anaconda3/lib/python3.11/site-packages/airflow/example_dags/example_branch_operator.py took 0.073 seconds
[2024-09-19T01:42:05.770+0000] {processor.py:186} INFO - Started process (PID=24734) to work on /Users/omer/anaconda3/lib/python3.11/site-packages/airflow/example_dags/example_branch_operator.py
[2024-09-19T01:42:05.771+0000] {processor.py:914} INFO - Processing file /Users/omer/anaconda3/lib/python3.11/site-packages/airflow/example_dags/example_branch_operator.py for tasks to queue
[2024-09-19T01:42:05.771+0000] {logging_mixin.py:190} INFO - [2024-09-19T01:42:05.771+0000] {dagbag.py:587} INFO - Filling up the DagBag from /Users/omer/anaconda3/lib/python3.11/site-packages/airflow/example_dags/example_branch_operator.py
[2024-09-19T01:42:05.781+0000] {processor.py:925} INFO - DAG(s) 'example_branch_operator' retrieved from /Users/omer/anaconda3/lib/python3.11/site-packages/airflow/example_dags/example_branch_operator.py
[2024-09-19T01:42:05.833+0000] {logging_mixin.py:190} INFO - [2024-09-19T01:42:05.833+0000] {dag.py:3229} INFO - Sync 1 DAGs
[2024-09-19T01:42:05.838+0000] {logging_mixin.py:190} INFO - [2024-09-19T01:42:05.838+0000] {dag.py:4156} INFO - Setting next_dagrun for example_branch_operator to 2024-09-18 00:00:00+00:00, run_after=2024-09-19 00:00:00+00:00
[2024-09-19T01:42:05.844+0000] {processor.py:208} INFO - Processing /Users/omer/anaconda3/lib/python3.11/site-packages/airflow/example_dags/example_branch_operator.py took 0.075 seconds
[2024-09-19T02:44:45.522+0000] {processor.py:186} INFO - Started process (PID=24977) to work on /Users/omer/anaconda3/lib/python3.11/site-packages/airflow/example_dags/example_branch_operator.py
[2024-09-19T02:44:45.523+0000] {processor.py:914} INFO - Processing file /Users/omer/anaconda3/lib/python3.11/site-packages/airflow/example_dags/example_branch_operator.py for tasks to queue
[2024-09-19T02:44:45.523+0000] {logging_mixin.py:190} INFO - [2024-09-19T02:44:45.523+0000] {dagbag.py:587} INFO - Filling up the DagBag from /Users/omer/anaconda3/lib/python3.11/site-packages/airflow/example_dags/example_branch_operator.py
[2024-09-19T02:44:45.533+0000] {processor.py:925} INFO - DAG(s) 'example_branch_operator' retrieved from /Users/omer/anaconda3/lib/python3.11/site-packages/airflow/example_dags/example_branch_operator.py
[2024-09-19T02:44:45.584+0000] {logging_mixin.py:190} INFO - [2024-09-19T02:44:45.584+0000] {dag.py:3229} INFO - Sync 1 DAGs
[2024-09-19T02:44:45.589+0000] {logging_mixin.py:190} INFO - [2024-09-19T02:44:45.589+0000] {dag.py:4156} INFO - Setting next_dagrun for example_branch_operator to 2024-09-18 00:00:00+00:00, run_after=2024-09-19 00:00:00+00:00
[2024-09-19T02:44:45.594+0000] {processor.py:208} INFO - Processing /Users/omer/anaconda3/lib/python3.11/site-packages/airflow/example_dags/example_branch_operator.py took 0.073 seconds
[2024-09-19T03:22:41.735+0000] {processor.py:186} INFO - Started process (PID=25087) to work on /Users/omer/anaconda3/lib/python3.11/site-packages/airflow/example_dags/example_branch_operator.py
[2024-09-19T03:22:41.735+0000] {processor.py:914} INFO - Processing file /Users/omer/anaconda3/lib/python3.11/site-packages/airflow/example_dags/example_branch_operator.py for tasks to queue
[2024-09-19T03:22:41.736+0000] {logging_mixin.py:190} INFO - [2024-09-19T03:22:41.736+0000] {dagbag.py:587} INFO - Filling up the DagBag from /Users/omer/anaconda3/lib/python3.11/site-packages/airflow/example_dags/example_branch_operator.py
[2024-09-19T03:22:41.746+0000] {processor.py:925} INFO - DAG(s) 'example_branch_operator' retrieved from /Users/omer/anaconda3/lib/python3.11/site-packages/airflow/example_dags/example_branch_operator.py
[2024-09-19T03:22:41.796+0000] {logging_mixin.py:190} INFO - [2024-09-19T03:22:41.796+0000] {dag.py:3229} INFO - Sync 1 DAGs
[2024-09-19T03:22:41.801+0000] {logging_mixin.py:190} INFO - [2024-09-19T03:22:41.801+0000] {dag.py:4156} INFO - Setting next_dagrun for example_branch_operator to 2024-09-18 00:00:00+00:00, run_after=2024-09-19 00:00:00+00:00
[2024-09-19T03:22:41.806+0000] {processor.py:208} INFO - Processing /Users/omer/anaconda3/lib/python3.11/site-packages/airflow/example_dags/example_branch_operator.py took 0.072 seconds
[2024-09-19T04:41:02.187+0000] {processor.py:186} INFO - Started process (PID=25367) to work on /Users/omer/anaconda3/lib/python3.11/site-packages/airflow/example_dags/example_branch_operator.py
[2024-09-19T04:41:02.270+0000] {processor.py:914} INFO - Processing file /Users/omer/anaconda3/lib/python3.11/site-packages/airflow/example_dags/example_branch_operator.py for tasks to queue
[2024-09-19T04:41:02.271+0000] {logging_mixin.py:190} INFO - [2024-09-19T04:41:02.271+0000] {dagbag.py:587} INFO - Filling up the DagBag from /Users/omer/anaconda3/lib/python3.11/site-packages/airflow/example_dags/example_branch_operator.py
[2024-09-19T04:41:02.283+0000] {processor.py:925} INFO - DAG(s) 'example_branch_operator' retrieved from /Users/omer/anaconda3/lib/python3.11/site-packages/airflow/example_dags/example_branch_operator.py
[2024-09-19T04:41:02.334+0000] {logging_mixin.py:190} INFO - [2024-09-19T04:41:02.334+0000] {dag.py:3229} INFO - Sync 1 DAGs
[2024-09-19T04:41:02.339+0000] {logging_mixin.py:190} INFO - [2024-09-19T04:41:02.339+0000] {dag.py:4156} INFO - Setting next_dagrun for example_branch_operator to 2024-09-18 00:00:00+00:00, run_after=2024-09-19 00:00:00+00:00
[2024-09-19T04:41:02.344+0000] {processor.py:208} INFO - Processing /Users/omer/anaconda3/lib/python3.11/site-packages/airflow/example_dags/example_branch_operator.py took 0.158 seconds
[2024-09-19T05:43:23.632+0000] {processor.py:186} INFO - Started process (PID=25605) to work on /Users/omer/anaconda3/lib/python3.11/site-packages/airflow/example_dags/example_branch_operator.py
[2024-09-19T05:43:23.634+0000] {processor.py:914} INFO - Processing file /Users/omer/anaconda3/lib/python3.11/site-packages/airflow/example_dags/example_branch_operator.py for tasks to queue
[2024-09-19T05:43:23.634+0000] {logging_mixin.py:190} INFO - [2024-09-19T05:43:23.634+0000] {dagbag.py:587} INFO - Filling up the DagBag from /Users/omer/anaconda3/lib/python3.11/site-packages/airflow/example_dags/example_branch_operator.py
[2024-09-19T05:43:23.644+0000] {processor.py:925} INFO - DAG(s) 'example_branch_operator' retrieved from /Users/omer/anaconda3/lib/python3.11/site-packages/airflow/example_dags/example_branch_operator.py
[2024-09-19T05:43:23.706+0000] {logging_mixin.py:190} INFO - [2024-09-19T05:43:23.705+0000] {dag.py:3229} INFO - Sync 1 DAGs
[2024-09-19T05:43:23.710+0000] {logging_mixin.py:190} INFO - [2024-09-19T05:43:23.710+0000] {dag.py:4156} INFO - Setting next_dagrun for example_branch_operator to 2024-09-18 00:00:00+00:00, run_after=2024-09-19 00:00:00+00:00
[2024-09-19T05:43:23.715+0000] {processor.py:208} INFO - Processing /Users/omer/anaconda3/lib/python3.11/site-packages/airflow/example_dags/example_branch_operator.py took 0.084 seconds
[2024-09-19T06:16:46.916+0000] {processor.py:186} INFO - Started process (PID=25836) to work on /Users/omer/anaconda3/lib/python3.11/site-packages/airflow/example_dags/example_branch_operator.py
[2024-09-19T06:16:46.918+0000] {processor.py:914} INFO - Processing file /Users/omer/anaconda3/lib/python3.11/site-packages/airflow/example_dags/example_branch_operator.py for tasks to queue
[2024-09-19T06:16:46.918+0000] {logging_mixin.py:190} INFO - [2024-09-19T06:16:46.918+0000] {dagbag.py:587} INFO - Filling up the DagBag from /Users/omer/anaconda3/lib/python3.11/site-packages/airflow/example_dags/example_branch_operator.py
[2024-09-19T06:16:46.929+0000] {processor.py:925} INFO - DAG(s) 'example_branch_operator' retrieved from /Users/omer/anaconda3/lib/python3.11/site-packages/airflow/example_dags/example_branch_operator.py
[2024-09-19T06:16:46.991+0000] {logging_mixin.py:190} INFO - [2024-09-19T06:16:46.991+0000] {dag.py:3229} INFO - Sync 1 DAGs
[2024-09-19T06:16:46.996+0000] {logging_mixin.py:190} INFO - [2024-09-19T06:16:46.996+0000] {dag.py:4156} INFO - Setting next_dagrun for example_branch_operator to 2024-09-18 00:00:00+00:00, run_after=2024-09-19 00:00:00+00:00
[2024-09-19T06:16:47.001+0000] {processor.py:208} INFO - Processing /Users/omer/anaconda3/lib/python3.11/site-packages/airflow/example_dags/example_branch_operator.py took 0.086 seconds
[2024-09-19T06:19:15.297+0000] {processor.py:186} INFO - Started process (PID=26018) to work on /Users/omer/anaconda3/lib/python3.11/site-packages/airflow/example_dags/example_branch_operator.py
[2024-09-19T06:19:15.298+0000] {processor.py:914} INFO - Processing file /Users/omer/anaconda3/lib/python3.11/site-packages/airflow/example_dags/example_branch_operator.py for tasks to queue
[2024-09-19T06:19:15.298+0000] {logging_mixin.py:190} INFO - [2024-09-19T06:19:15.298+0000] {dagbag.py:587} INFO - Filling up the DagBag from /Users/omer/anaconda3/lib/python3.11/site-packages/airflow/example_dags/example_branch_operator.py
[2024-09-19T06:19:15.309+0000] {processor.py:925} INFO - DAG(s) 'example_branch_operator' retrieved from /Users/omer/anaconda3/lib/python3.11/site-packages/airflow/example_dags/example_branch_operator.py
[2024-09-19T06:19:15.360+0000] {logging_mixin.py:190} INFO - [2024-09-19T06:19:15.360+0000] {dag.py:3229} INFO - Sync 1 DAGs
[2024-09-19T06:19:15.366+0000] {logging_mixin.py:190} INFO - [2024-09-19T06:19:15.366+0000] {dag.py:4156} INFO - Setting next_dagrun for example_branch_operator to 2024-09-18 00:00:00+00:00, run_after=2024-09-19 00:00:00+00:00
[2024-09-19T06:19:15.371+0000] {processor.py:208} INFO - Processing /Users/omer/anaconda3/lib/python3.11/site-packages/airflow/example_dags/example_branch_operator.py took 0.075 seconds
[2024-09-19T06:22:31.260+0000] {processor.py:186} INFO - Started process (PID=26349) to work on /Users/omer/anaconda3/lib/python3.11/site-packages/airflow/example_dags/example_branch_operator.py
[2024-09-19T06:22:31.260+0000] {processor.py:914} INFO - Processing file /Users/omer/anaconda3/lib/python3.11/site-packages/airflow/example_dags/example_branch_operator.py for tasks to queue
[2024-09-19T06:22:31.261+0000] {logging_mixin.py:190} INFO - [2024-09-19T06:22:31.261+0000] {dagbag.py:587} INFO - Filling up the DagBag from /Users/omer/anaconda3/lib/python3.11/site-packages/airflow/example_dags/example_branch_operator.py
[2024-09-19T06:22:31.271+0000] {processor.py:925} INFO - DAG(s) 'example_branch_operator' retrieved from /Users/omer/anaconda3/lib/python3.11/site-packages/airflow/example_dags/example_branch_operator.py
[2024-09-19T06:22:31.322+0000] {logging_mixin.py:190} INFO - [2024-09-19T06:22:31.322+0000] {dag.py:3229} INFO - Sync 1 DAGs
[2024-09-19T06:22:31.328+0000] {logging_mixin.py:190} INFO - [2024-09-19T06:22:31.327+0000] {dag.py:4156} INFO - Setting next_dagrun for example_branch_operator to 2024-09-18 00:00:00+00:00, run_after=2024-09-19 00:00:00+00:00
[2024-09-19T06:22:31.333+0000] {processor.py:208} INFO - Processing /Users/omer/anaconda3/lib/python3.11/site-packages/airflow/example_dags/example_branch_operator.py took 0.074 seconds
[2024-09-19T06:24:51.051+0000] {processor.py:186} INFO - Started process (PID=26518) to work on /Users/omer/anaconda3/lib/python3.11/site-packages/airflow/example_dags/example_branch_operator.py
[2024-09-19T06:24:51.052+0000] {processor.py:914} INFO - Processing file /Users/omer/anaconda3/lib/python3.11/site-packages/airflow/example_dags/example_branch_operator.py for tasks to queue
[2024-09-19T06:24:51.052+0000] {logging_mixin.py:190} INFO - [2024-09-19T06:24:51.052+0000] {dagbag.py:587} INFO - Filling up the DagBag from /Users/omer/anaconda3/lib/python3.11/site-packages/airflow/example_dags/example_branch_operator.py
[2024-09-19T06:24:51.064+0000] {processor.py:925} INFO - DAG(s) 'example_branch_operator' retrieved from /Users/omer/anaconda3/lib/python3.11/site-packages/airflow/example_dags/example_branch_operator.py
[2024-09-19T06:24:51.117+0000] {logging_mixin.py:190} INFO - [2024-09-19T06:24:51.117+0000] {dag.py:3229} INFO - Sync 1 DAGs
[2024-09-19T06:24:51.123+0000] {logging_mixin.py:190} INFO - [2024-09-19T06:24:51.123+0000] {dag.py:4156} INFO - Setting next_dagrun for example_branch_operator to 2024-09-18 00:00:00+00:00, run_after=2024-09-19 00:00:00+00:00
[2024-09-19T06:24:51.129+0000] {processor.py:208} INFO - Processing /Users/omer/anaconda3/lib/python3.11/site-packages/airflow/example_dags/example_branch_operator.py took 0.079 seconds
