[2024-09-19T00:51:56.232+0000] {processor.py:186} INFO - Started process (PID=24608) to work on /Users/omer/anaconda3/lib/python3.11/site-packages/airflow/example_dags/example_datasets.py
[2024-09-19T00:51:56.232+0000] {processor.py:914} INFO - Processing file /Users/omer/anaconda3/lib/python3.11/site-packages/airflow/example_dags/example_datasets.py for tasks to queue
[2024-09-19T00:51:56.233+0000] {logging_mixin.py:190} INFO - [2024-09-19T00:51:56.233+0000] {dagbag.py:587} INFO - Filling up the DagBag from /Users/omer/anaconda3/lib/python3.11/site-packages/airflow/example_dags/example_datasets.py
[2024-09-19T00:51:56.258+0000] {processor.py:925} INFO - DAG(s) 'consume_1_and_2_with_dataset_expressions', 'dataset_consumes_1', 'consume_1_or_both_2_and_3_with_dataset_expressions', 'dataset_consumes_1_and_2', 'conditional_dataset_and_time_based_timetable', 'dataset_consumes_1_never_scheduled', 'dataset_produces_1', 'dataset_consumes_unknown_never_scheduled', 'dataset_produces_2', 'consume_1_or_2_with_dataset_expressions' retrieved from /Users/omer/anaconda3/lib/python3.11/site-packages/airflow/example_dags/example_datasets.py
[2024-09-19T00:51:56.287+0000] {logging_mixin.py:190} INFO - [2024-09-19T00:51:56.287+0000] {dag.py:3229} INFO - Sync 10 DAGs
[2024-09-19T00:51:56.293+0000] {logging_mixin.py:190} INFO - [2024-09-19T00:51:56.292+0000] {dag.py:4156} INFO - Setting next_dagrun for conditional_dataset_and_time_based_timetable to 2024-09-18 01:00:00+00:00, run_after=2024-09-18 01:00:00+00:00
[2024-09-19T00:51:56.293+0000] {logging_mixin.py:190} INFO - [2024-09-19T00:51:56.293+0000] {dag.py:4156} INFO - Setting next_dagrun for consume_1_and_2_with_dataset_expressions to None, run_after=None
[2024-09-19T00:51:56.294+0000] {logging_mixin.py:190} INFO - [2024-09-19T00:51:56.294+0000] {dag.py:4156} INFO - Setting next_dagrun for consume_1_or_2_with_dataset_expressions to None, run_after=None
[2024-09-19T00:51:56.294+0000] {logging_mixin.py:190} INFO - [2024-09-19T00:51:56.294+0000] {dag.py:4156} INFO - Setting next_dagrun for consume_1_or_both_2_and_3_with_dataset_expressions to None, run_after=None
[2024-09-19T00:51:56.294+0000] {logging_mixin.py:190} INFO - [2024-09-19T00:51:56.294+0000] {dag.py:4156} INFO - Setting next_dagrun for dataset_consumes_1 to None, run_after=None
[2024-09-19T00:51:56.294+0000] {logging_mixin.py:190} INFO - [2024-09-19T00:51:56.294+0000] {dag.py:4156} INFO - Setting next_dagrun for dataset_consumes_1_and_2 to None, run_after=None
[2024-09-19T00:51:56.294+0000] {logging_mixin.py:190} INFO - [2024-09-19T00:51:56.294+0000] {dag.py:4156} INFO - Setting next_dagrun for dataset_consumes_1_never_scheduled to None, run_after=None
[2024-09-19T00:51:56.295+0000] {logging_mixin.py:190} INFO - [2024-09-19T00:51:56.294+0000] {dag.py:4156} INFO - Setting next_dagrun for dataset_consumes_unknown_never_scheduled to None, run_after=None
[2024-09-19T00:51:56.295+0000] {logging_mixin.py:190} INFO - [2024-09-19T00:51:56.295+0000] {dag.py:4156} INFO - Setting next_dagrun for dataset_produces_1 to 2024-09-18 00:00:00+00:00, run_after=2024-09-19 00:00:00+00:00
[2024-09-19T00:51:56.295+0000] {logging_mixin.py:190} INFO - [2024-09-19T00:51:56.295+0000] {dag.py:4156} INFO - Setting next_dagrun for dataset_produces_2 to None, run_after=None
[2024-09-19T00:51:56.303+0000] {processor.py:208} INFO - Processing /Users/omer/anaconda3/lib/python3.11/site-packages/airflow/example_dags/example_datasets.py took 0.071 seconds
[2024-09-19T01:41:29.134+0000] {processor.py:186} INFO - Started process (PID=24717) to work on /Users/omer/anaconda3/lib/python3.11/site-packages/airflow/example_dags/example_datasets.py
[2024-09-19T01:41:29.135+0000] {processor.py:914} INFO - Processing file /Users/omer/anaconda3/lib/python3.11/site-packages/airflow/example_dags/example_datasets.py for tasks to queue
[2024-09-19T01:41:29.136+0000] {logging_mixin.py:190} INFO - [2024-09-19T01:41:29.136+0000] {dagbag.py:587} INFO - Filling up the DagBag from /Users/omer/anaconda3/lib/python3.11/site-packages/airflow/example_dags/example_datasets.py
[2024-09-19T01:41:29.156+0000] {processor.py:925} INFO - DAG(s) 'dataset_consumes_1', 'dataset_consumes_1_never_scheduled', 'dataset_consumes_unknown_never_scheduled', 'consume_1_or_2_with_dataset_expressions', 'consume_1_and_2_with_dataset_expressions', 'dataset_produces_1', 'consume_1_or_both_2_and_3_with_dataset_expressions', 'dataset_consumes_1_and_2', 'conditional_dataset_and_time_based_timetable', 'dataset_produces_2' retrieved from /Users/omer/anaconda3/lib/python3.11/site-packages/airflow/example_dags/example_datasets.py
[2024-09-19T01:41:29.185+0000] {logging_mixin.py:190} INFO - [2024-09-19T01:41:29.185+0000] {dag.py:3229} INFO - Sync 10 DAGs
[2024-09-19T01:41:29.190+0000] {logging_mixin.py:190} INFO - [2024-09-19T01:41:29.190+0000] {dag.py:4156} INFO - Setting next_dagrun for conditional_dataset_and_time_based_timetable to 2024-09-18 01:00:00+00:00, run_after=2024-09-18 01:00:00+00:00
[2024-09-19T01:41:29.191+0000] {logging_mixin.py:190} INFO - [2024-09-19T01:41:29.191+0000] {dag.py:4156} INFO - Setting next_dagrun for consume_1_and_2_with_dataset_expressions to None, run_after=None
[2024-09-19T01:41:29.191+0000] {logging_mixin.py:190} INFO - [2024-09-19T01:41:29.191+0000] {dag.py:4156} INFO - Setting next_dagrun for consume_1_or_2_with_dataset_expressions to None, run_after=None
[2024-09-19T01:41:29.191+0000] {logging_mixin.py:190} INFO - [2024-09-19T01:41:29.191+0000] {dag.py:4156} INFO - Setting next_dagrun for consume_1_or_both_2_and_3_with_dataset_expressions to None, run_after=None
[2024-09-19T01:41:29.192+0000] {logging_mixin.py:190} INFO - [2024-09-19T01:41:29.192+0000] {dag.py:4156} INFO - Setting next_dagrun for dataset_consumes_1 to None, run_after=None
[2024-09-19T01:41:29.192+0000] {logging_mixin.py:190} INFO - [2024-09-19T01:41:29.192+0000] {dag.py:4156} INFO - Setting next_dagrun for dataset_consumes_1_and_2 to None, run_after=None
[2024-09-19T01:41:29.192+0000] {logging_mixin.py:190} INFO - [2024-09-19T01:41:29.192+0000] {dag.py:4156} INFO - Setting next_dagrun for dataset_consumes_1_never_scheduled to None, run_after=None
[2024-09-19T01:41:29.192+0000] {logging_mixin.py:190} INFO - [2024-09-19T01:41:29.192+0000] {dag.py:4156} INFO - Setting next_dagrun for dataset_consumes_unknown_never_scheduled to None, run_after=None
[2024-09-19T01:41:29.193+0000] {logging_mixin.py:190} INFO - [2024-09-19T01:41:29.193+0000] {dag.py:4156} INFO - Setting next_dagrun for dataset_produces_1 to 2024-09-18 00:00:00+00:00, run_after=2024-09-19 00:00:00+00:00
[2024-09-19T01:41:29.193+0000] {logging_mixin.py:190} INFO - [2024-09-19T01:41:29.193+0000] {dag.py:4156} INFO - Setting next_dagrun for dataset_produces_2 to None, run_after=None
[2024-09-19T01:41:29.200+0000] {processor.py:208} INFO - Processing /Users/omer/anaconda3/lib/python3.11/site-packages/airflow/example_dags/example_datasets.py took 0.067 seconds
[2024-09-19T02:05:33.803+0000] {processor.py:186} INFO - Started process (PID=24843) to work on /Users/omer/anaconda3/lib/python3.11/site-packages/airflow/example_dags/example_datasets.py
[2024-09-19T02:05:33.804+0000] {processor.py:914} INFO - Processing file /Users/omer/anaconda3/lib/python3.11/site-packages/airflow/example_dags/example_datasets.py for tasks to queue
[2024-09-19T02:05:33.804+0000] {logging_mixin.py:190} INFO - [2024-09-19T02:05:33.804+0000] {dagbag.py:587} INFO - Filling up the DagBag from /Users/omer/anaconda3/lib/python3.11/site-packages/airflow/example_dags/example_datasets.py
[2024-09-19T02:05:33.828+0000] {processor.py:925} INFO - DAG(s) 'dataset_consumes_1', 'conditional_dataset_and_time_based_timetable', 'consume_1_and_2_with_dataset_expressions', 'dataset_consumes_unknown_never_scheduled', 'dataset_produces_2', 'consume_1_or_both_2_and_3_with_dataset_expressions', 'dataset_produces_1', 'dataset_consumes_1_and_2', 'dataset_consumes_1_never_scheduled', 'consume_1_or_2_with_dataset_expressions' retrieved from /Users/omer/anaconda3/lib/python3.11/site-packages/airflow/example_dags/example_datasets.py
[2024-09-19T02:05:33.858+0000] {logging_mixin.py:190} INFO - [2024-09-19T02:05:33.858+0000] {dag.py:3229} INFO - Sync 10 DAGs
[2024-09-19T02:05:33.864+0000] {logging_mixin.py:190} INFO - [2024-09-19T02:05:33.863+0000] {dag.py:4156} INFO - Setting next_dagrun for conditional_dataset_and_time_based_timetable to 2024-09-18 01:00:00+00:00, run_after=2024-09-18 01:00:00+00:00
[2024-09-19T02:05:33.864+0000] {logging_mixin.py:190} INFO - [2024-09-19T02:05:33.864+0000] {dag.py:4156} INFO - Setting next_dagrun for consume_1_and_2_with_dataset_expressions to None, run_after=None
[2024-09-19T02:05:33.865+0000] {logging_mixin.py:190} INFO - [2024-09-19T02:05:33.865+0000] {dag.py:4156} INFO - Setting next_dagrun for consume_1_or_2_with_dataset_expressions to None, run_after=None
[2024-09-19T02:05:33.865+0000] {logging_mixin.py:190} INFO - [2024-09-19T02:05:33.865+0000] {dag.py:4156} INFO - Setting next_dagrun for consume_1_or_both_2_and_3_with_dataset_expressions to None, run_after=None
[2024-09-19T02:05:33.865+0000] {logging_mixin.py:190} INFO - [2024-09-19T02:05:33.865+0000] {dag.py:4156} INFO - Setting next_dagrun for dataset_consumes_1 to None, run_after=None
[2024-09-19T02:05:33.865+0000] {logging_mixin.py:190} INFO - [2024-09-19T02:05:33.865+0000] {dag.py:4156} INFO - Setting next_dagrun for dataset_consumes_1_and_2 to None, run_after=None
[2024-09-19T02:05:33.865+0000] {logging_mixin.py:190} INFO - [2024-09-19T02:05:33.865+0000] {dag.py:4156} INFO - Setting next_dagrun for dataset_consumes_1_never_scheduled to None, run_after=None
[2024-09-19T02:05:33.866+0000] {logging_mixin.py:190} INFO - [2024-09-19T02:05:33.866+0000] {dag.py:4156} INFO - Setting next_dagrun for dataset_consumes_unknown_never_scheduled to None, run_after=None
[2024-09-19T02:05:33.866+0000] {logging_mixin.py:190} INFO - [2024-09-19T02:05:33.866+0000] {dag.py:4156} INFO - Setting next_dagrun for dataset_produces_1 to 2024-09-18 00:00:00+00:00, run_after=2024-09-19 00:00:00+00:00
[2024-09-19T02:05:33.866+0000] {logging_mixin.py:190} INFO - [2024-09-19T02:05:33.866+0000] {dag.py:4156} INFO - Setting next_dagrun for dataset_produces_2 to None, run_after=None
[2024-09-19T02:05:33.874+0000] {processor.py:208} INFO - Processing /Users/omer/anaconda3/lib/python3.11/site-packages/airflow/example_dags/example_datasets.py took 0.072 seconds
[2024-09-19T02:44:11.450+0000] {processor.py:186} INFO - Started process (PID=24966) to work on /Users/omer/anaconda3/lib/python3.11/site-packages/airflow/example_dags/example_datasets.py
[2024-09-19T02:44:11.450+0000] {processor.py:914} INFO - Processing file /Users/omer/anaconda3/lib/python3.11/site-packages/airflow/example_dags/example_datasets.py for tasks to queue
[2024-09-19T02:44:11.451+0000] {logging_mixin.py:190} INFO - [2024-09-19T02:44:11.451+0000] {dagbag.py:587} INFO - Filling up the DagBag from /Users/omer/anaconda3/lib/python3.11/site-packages/airflow/example_dags/example_datasets.py
[2024-09-19T02:44:11.474+0000] {processor.py:925} INFO - DAG(s) 'dataset_consumes_unknown_never_scheduled', 'consume_1_or_2_with_dataset_expressions', 'dataset_consumes_1', 'conditional_dataset_and_time_based_timetable', 'dataset_produces_1', 'consume_1_and_2_with_dataset_expressions', 'dataset_consumes_1_and_2', 'dataset_consumes_1_never_scheduled', 'consume_1_or_both_2_and_3_with_dataset_expressions', 'dataset_produces_2' retrieved from /Users/omer/anaconda3/lib/python3.11/site-packages/airflow/example_dags/example_datasets.py
[2024-09-19T02:44:11.503+0000] {logging_mixin.py:190} INFO - [2024-09-19T02:44:11.503+0000] {dag.py:3229} INFO - Sync 10 DAGs
[2024-09-19T02:44:11.509+0000] {logging_mixin.py:190} INFO - [2024-09-19T02:44:11.509+0000] {dag.py:4156} INFO - Setting next_dagrun for conditional_dataset_and_time_based_timetable to 2024-09-18 01:00:00+00:00, run_after=2024-09-18 01:00:00+00:00
[2024-09-19T02:44:11.509+0000] {logging_mixin.py:190} INFO - [2024-09-19T02:44:11.509+0000] {dag.py:4156} INFO - Setting next_dagrun for consume_1_and_2_with_dataset_expressions to None, run_after=None
[2024-09-19T02:44:11.510+0000] {logging_mixin.py:190} INFO - [2024-09-19T02:44:11.510+0000] {dag.py:4156} INFO - Setting next_dagrun for consume_1_or_2_with_dataset_expressions to None, run_after=None
[2024-09-19T02:44:11.510+0000] {logging_mixin.py:190} INFO - [2024-09-19T02:44:11.510+0000] {dag.py:4156} INFO - Setting next_dagrun for consume_1_or_both_2_and_3_with_dataset_expressions to None, run_after=None
[2024-09-19T02:44:11.510+0000] {logging_mixin.py:190} INFO - [2024-09-19T02:44:11.510+0000] {dag.py:4156} INFO - Setting next_dagrun for dataset_consumes_1 to None, run_after=None
[2024-09-19T02:44:11.510+0000] {logging_mixin.py:190} INFO - [2024-09-19T02:44:11.510+0000] {dag.py:4156} INFO - Setting next_dagrun for dataset_consumes_1_and_2 to None, run_after=None
[2024-09-19T02:44:11.510+0000] {logging_mixin.py:190} INFO - [2024-09-19T02:44:11.510+0000] {dag.py:4156} INFO - Setting next_dagrun for dataset_consumes_1_never_scheduled to None, run_after=None
[2024-09-19T02:44:11.511+0000] {logging_mixin.py:190} INFO - [2024-09-19T02:44:11.511+0000] {dag.py:4156} INFO - Setting next_dagrun for dataset_consumes_unknown_never_scheduled to None, run_after=None
[2024-09-19T02:44:11.511+0000] {logging_mixin.py:190} INFO - [2024-09-19T02:44:11.511+0000] {dag.py:4156} INFO - Setting next_dagrun for dataset_produces_1 to 2024-09-18 00:00:00+00:00, run_after=2024-09-19 00:00:00+00:00
[2024-09-19T02:44:11.511+0000] {logging_mixin.py:190} INFO - [2024-09-19T02:44:11.511+0000] {dag.py:4156} INFO - Setting next_dagrun for dataset_produces_2 to None, run_after=None
[2024-09-19T02:44:11.519+0000] {processor.py:208} INFO - Processing /Users/omer/anaconda3/lib/python3.11/site-packages/airflow/example_dags/example_datasets.py took 0.070 seconds
[2024-09-19T03:21:37.426+0000] {processor.py:186} INFO - Started process (PID=25072) to work on /Users/omer/anaconda3/lib/python3.11/site-packages/airflow/example_dags/example_datasets.py
[2024-09-19T03:21:37.427+0000] {processor.py:914} INFO - Processing file /Users/omer/anaconda3/lib/python3.11/site-packages/airflow/example_dags/example_datasets.py for tasks to queue
[2024-09-19T03:21:37.427+0000] {logging_mixin.py:190} INFO - [2024-09-19T03:21:37.427+0000] {dagbag.py:587} INFO - Filling up the DagBag from /Users/omer/anaconda3/lib/python3.11/site-packages/airflow/example_dags/example_datasets.py
[2024-09-19T03:21:37.447+0000] {processor.py:925} INFO - DAG(s) 'dataset_consumes_1_and_2', 'consume_1_or_both_2_and_3_with_dataset_expressions', 'conditional_dataset_and_time_based_timetable', 'dataset_consumes_1_never_scheduled', 'consume_1_and_2_with_dataset_expressions', 'dataset_produces_1', 'dataset_consumes_1', 'consume_1_or_2_with_dataset_expressions', 'dataset_produces_2', 'dataset_consumes_unknown_never_scheduled' retrieved from /Users/omer/anaconda3/lib/python3.11/site-packages/airflow/example_dags/example_datasets.py
[2024-09-19T03:21:37.477+0000] {logging_mixin.py:190} INFO - [2024-09-19T03:21:37.477+0000] {dag.py:3229} INFO - Sync 10 DAGs
[2024-09-19T03:21:37.482+0000] {logging_mixin.py:190} INFO - [2024-09-19T03:21:37.482+0000] {dag.py:4156} INFO - Setting next_dagrun for conditional_dataset_and_time_based_timetable to 2024-09-18 01:00:00+00:00, run_after=2024-09-18 01:00:00+00:00
[2024-09-19T03:21:37.483+0000] {logging_mixin.py:190} INFO - [2024-09-19T03:21:37.483+0000] {dag.py:4156} INFO - Setting next_dagrun for consume_1_and_2_with_dataset_expressions to None, run_after=None
[2024-09-19T03:21:37.483+0000] {logging_mixin.py:190} INFO - [2024-09-19T03:21:37.483+0000] {dag.py:4156} INFO - Setting next_dagrun for consume_1_or_2_with_dataset_expressions to None, run_after=None
[2024-09-19T03:21:37.483+0000] {logging_mixin.py:190} INFO - [2024-09-19T03:21:37.483+0000] {dag.py:4156} INFO - Setting next_dagrun for consume_1_or_both_2_and_3_with_dataset_expressions to None, run_after=None
[2024-09-19T03:21:37.484+0000] {logging_mixin.py:190} INFO - [2024-09-19T03:21:37.484+0000] {dag.py:4156} INFO - Setting next_dagrun for dataset_consumes_1 to None, run_after=None
[2024-09-19T03:21:37.484+0000] {logging_mixin.py:190} INFO - [2024-09-19T03:21:37.484+0000] {dag.py:4156} INFO - Setting next_dagrun for dataset_consumes_1_and_2 to None, run_after=None
[2024-09-19T03:21:37.484+0000] {logging_mixin.py:190} INFO - [2024-09-19T03:21:37.484+0000] {dag.py:4156} INFO - Setting next_dagrun for dataset_consumes_1_never_scheduled to None, run_after=None
[2024-09-19T03:21:37.484+0000] {logging_mixin.py:190} INFO - [2024-09-19T03:21:37.484+0000] {dag.py:4156} INFO - Setting next_dagrun for dataset_consumes_unknown_never_scheduled to None, run_after=None
[2024-09-19T03:21:37.485+0000] {logging_mixin.py:190} INFO - [2024-09-19T03:21:37.485+0000] {dag.py:4156} INFO - Setting next_dagrun for dataset_produces_1 to 2024-09-18 00:00:00+00:00, run_after=2024-09-19 00:00:00+00:00
[2024-09-19T03:21:37.485+0000] {logging_mixin.py:190} INFO - [2024-09-19T03:21:37.485+0000] {dag.py:4156} INFO - Setting next_dagrun for dataset_produces_2 to None, run_after=None
[2024-09-19T03:21:37.492+0000] {processor.py:208} INFO - Processing /Users/omer/anaconda3/lib/python3.11/site-packages/airflow/example_dags/example_datasets.py took 0.067 seconds
[2024-09-19T04:00:49.480+0000] {processor.py:186} INFO - Started process (PID=25240) to work on /Users/omer/anaconda3/lib/python3.11/site-packages/airflow/example_dags/example_datasets.py
[2024-09-19T04:00:49.480+0000] {processor.py:914} INFO - Processing file /Users/omer/anaconda3/lib/python3.11/site-packages/airflow/example_dags/example_datasets.py for tasks to queue
[2024-09-19T04:00:49.480+0000] {logging_mixin.py:190} INFO - [2024-09-19T04:00:49.480+0000] {dagbag.py:587} INFO - Filling up the DagBag from /Users/omer/anaconda3/lib/python3.11/site-packages/airflow/example_dags/example_datasets.py
[2024-09-19T04:00:49.501+0000] {processor.py:925} INFO - DAG(s) 'conditional_dataset_and_time_based_timetable', 'consume_1_or_both_2_and_3_with_dataset_expressions', 'consume_1_or_2_with_dataset_expressions', 'dataset_consumes_1_never_scheduled', 'consume_1_and_2_with_dataset_expressions', 'dataset_consumes_1_and_2', 'dataset_produces_1', 'dataset_consumes_1', 'dataset_produces_2', 'dataset_consumes_unknown_never_scheduled' retrieved from /Users/omer/anaconda3/lib/python3.11/site-packages/airflow/example_dags/example_datasets.py
[2024-09-19T04:00:49.531+0000] {logging_mixin.py:190} INFO - [2024-09-19T04:00:49.531+0000] {dag.py:3229} INFO - Sync 10 DAGs
[2024-09-19T04:00:49.536+0000] {logging_mixin.py:190} INFO - [2024-09-19T04:00:49.536+0000] {dag.py:4156} INFO - Setting next_dagrun for conditional_dataset_and_time_based_timetable to 2024-09-18 01:00:00+00:00, run_after=2024-09-18 01:00:00+00:00
[2024-09-19T04:00:49.537+0000] {logging_mixin.py:190} INFO - [2024-09-19T04:00:49.537+0000] {dag.py:4156} INFO - Setting next_dagrun for consume_1_and_2_with_dataset_expressions to None, run_after=None
[2024-09-19T04:00:49.537+0000] {logging_mixin.py:190} INFO - [2024-09-19T04:00:49.537+0000] {dag.py:4156} INFO - Setting next_dagrun for consume_1_or_2_with_dataset_expressions to None, run_after=None
[2024-09-19T04:00:49.537+0000] {logging_mixin.py:190} INFO - [2024-09-19T04:00:49.537+0000] {dag.py:4156} INFO - Setting next_dagrun for consume_1_or_both_2_and_3_with_dataset_expressions to None, run_after=None
[2024-09-19T04:00:49.537+0000] {logging_mixin.py:190} INFO - [2024-09-19T04:00:49.537+0000] {dag.py:4156} INFO - Setting next_dagrun for dataset_consumes_1 to None, run_after=None
[2024-09-19T04:00:49.538+0000] {logging_mixin.py:190} INFO - [2024-09-19T04:00:49.538+0000] {dag.py:4156} INFO - Setting next_dagrun for dataset_consumes_1_and_2 to None, run_after=None
[2024-09-19T04:00:49.538+0000] {logging_mixin.py:190} INFO - [2024-09-19T04:00:49.538+0000] {dag.py:4156} INFO - Setting next_dagrun for dataset_consumes_1_never_scheduled to None, run_after=None
[2024-09-19T04:00:49.538+0000] {logging_mixin.py:190} INFO - [2024-09-19T04:00:49.538+0000] {dag.py:4156} INFO - Setting next_dagrun for dataset_consumes_unknown_never_scheduled to None, run_after=None
[2024-09-19T04:00:49.539+0000] {logging_mixin.py:190} INFO - [2024-09-19T04:00:49.539+0000] {dag.py:4156} INFO - Setting next_dagrun for dataset_produces_1 to 2024-09-18 00:00:00+00:00, run_after=2024-09-19 00:00:00+00:00
[2024-09-19T04:00:49.539+0000] {logging_mixin.py:190} INFO - [2024-09-19T04:00:49.539+0000] {dag.py:4156} INFO - Setting next_dagrun for dataset_produces_2 to None, run_after=None
[2024-09-19T04:00:49.547+0000] {processor.py:208} INFO - Processing /Users/omer/anaconda3/lib/python3.11/site-packages/airflow/example_dags/example_datasets.py took 0.068 seconds
[2024-09-19T04:39:59.652+0000] {processor.py:186} INFO - Started process (PID=25351) to work on /Users/omer/anaconda3/lib/python3.11/site-packages/airflow/example_dags/example_datasets.py
[2024-09-19T04:39:59.653+0000] {processor.py:914} INFO - Processing file /Users/omer/anaconda3/lib/python3.11/site-packages/airflow/example_dags/example_datasets.py for tasks to queue
[2024-09-19T04:39:59.654+0000] {logging_mixin.py:190} INFO - [2024-09-19T04:39:59.654+0000] {dagbag.py:587} INFO - Filling up the DagBag from /Users/omer/anaconda3/lib/python3.11/site-packages/airflow/example_dags/example_datasets.py
[2024-09-19T04:39:59.683+0000] {processor.py:925} INFO - DAG(s) 'dataset_consumes_1_never_scheduled', 'dataset_consumes_unknown_never_scheduled', 'dataset_produces_2', 'dataset_produces_1', 'dataset_consumes_1_and_2', 'consume_1_and_2_with_dataset_expressions', 'consume_1_or_both_2_and_3_with_dataset_expressions', 'conditional_dataset_and_time_based_timetable', 'consume_1_or_2_with_dataset_expressions', 'dataset_consumes_1' retrieved from /Users/omer/anaconda3/lib/python3.11/site-packages/airflow/example_dags/example_datasets.py
[2024-09-19T04:39:59.713+0000] {logging_mixin.py:190} INFO - [2024-09-19T04:39:59.713+0000] {dag.py:3229} INFO - Sync 10 DAGs
[2024-09-19T04:39:59.718+0000] {logging_mixin.py:190} INFO - [2024-09-19T04:39:59.718+0000] {dag.py:4156} INFO - Setting next_dagrun for conditional_dataset_and_time_based_timetable to 2024-09-18 01:00:00+00:00, run_after=2024-09-18 01:00:00+00:00
[2024-09-19T04:39:59.719+0000] {logging_mixin.py:190} INFO - [2024-09-19T04:39:59.719+0000] {dag.py:4156} INFO - Setting next_dagrun for consume_1_and_2_with_dataset_expressions to None, run_after=None
[2024-09-19T04:39:59.720+0000] {logging_mixin.py:190} INFO - [2024-09-19T04:39:59.720+0000] {dag.py:4156} INFO - Setting next_dagrun for consume_1_or_2_with_dataset_expressions to None, run_after=None
[2024-09-19T04:39:59.720+0000] {logging_mixin.py:190} INFO - [2024-09-19T04:39:59.720+0000] {dag.py:4156} INFO - Setting next_dagrun for consume_1_or_both_2_and_3_with_dataset_expressions to None, run_after=None
[2024-09-19T04:39:59.720+0000] {logging_mixin.py:190} INFO - [2024-09-19T04:39:59.720+0000] {dag.py:4156} INFO - Setting next_dagrun for dataset_consumes_1 to None, run_after=None
[2024-09-19T04:39:59.720+0000] {logging_mixin.py:190} INFO - [2024-09-19T04:39:59.720+0000] {dag.py:4156} INFO - Setting next_dagrun for dataset_consumes_1_and_2 to None, run_after=None
[2024-09-19T04:39:59.720+0000] {logging_mixin.py:190} INFO - [2024-09-19T04:39:59.720+0000] {dag.py:4156} INFO - Setting next_dagrun for dataset_consumes_1_never_scheduled to None, run_after=None
[2024-09-19T04:39:59.721+0000] {logging_mixin.py:190} INFO - [2024-09-19T04:39:59.721+0000] {dag.py:4156} INFO - Setting next_dagrun for dataset_consumes_unknown_never_scheduled to None, run_after=None
[2024-09-19T04:39:59.721+0000] {logging_mixin.py:190} INFO - [2024-09-19T04:39:59.721+0000] {dag.py:4156} INFO - Setting next_dagrun for dataset_produces_1 to 2024-09-18 00:00:00+00:00, run_after=2024-09-19 00:00:00+00:00
[2024-09-19T04:39:59.721+0000] {logging_mixin.py:190} INFO - [2024-09-19T04:39:59.721+0000] {dag.py:4156} INFO - Setting next_dagrun for dataset_produces_2 to None, run_after=None
[2024-09-19T04:39:59.729+0000] {processor.py:208} INFO - Processing /Users/omer/anaconda3/lib/python3.11/site-packages/airflow/example_dags/example_datasets.py took 0.081 seconds
[2024-09-19T05:00:06.989+0000] {processor.py:186} INFO - Started process (PID=25471) to work on /Users/omer/anaconda3/lib/python3.11/site-packages/airflow/example_dags/example_datasets.py
[2024-09-19T05:00:06.990+0000] {processor.py:914} INFO - Processing file /Users/omer/anaconda3/lib/python3.11/site-packages/airflow/example_dags/example_datasets.py for tasks to queue
[2024-09-19T05:00:06.990+0000] {logging_mixin.py:190} INFO - [2024-09-19T05:00:06.990+0000] {dagbag.py:587} INFO - Filling up the DagBag from /Users/omer/anaconda3/lib/python3.11/site-packages/airflow/example_dags/example_datasets.py
[2024-09-19T05:00:07.014+0000] {processor.py:925} INFO - DAG(s) 'dataset_produces_1', 'dataset_consumes_1', 'dataset_consumes_1_and_2', 'conditional_dataset_and_time_based_timetable', 'dataset_consumes_1_never_scheduled', 'consume_1_or_both_2_and_3_with_dataset_expressions', 'dataset_produces_2', 'dataset_consumes_unknown_never_scheduled', 'consume_1_or_2_with_dataset_expressions', 'consume_1_and_2_with_dataset_expressions' retrieved from /Users/omer/anaconda3/lib/python3.11/site-packages/airflow/example_dags/example_datasets.py
[2024-09-19T05:00:07.043+0000] {logging_mixin.py:190} INFO - [2024-09-19T05:00:07.043+0000] {dag.py:3229} INFO - Sync 10 DAGs
[2024-09-19T05:00:07.048+0000] {logging_mixin.py:190} INFO - [2024-09-19T05:00:07.048+0000] {dag.py:4156} INFO - Setting next_dagrun for conditional_dataset_and_time_based_timetable to 2024-09-18 01:00:00+00:00, run_after=2024-09-18 01:00:00+00:00
[2024-09-19T05:00:07.049+0000] {logging_mixin.py:190} INFO - [2024-09-19T05:00:07.049+0000] {dag.py:4156} INFO - Setting next_dagrun for consume_1_and_2_with_dataset_expressions to None, run_after=None
[2024-09-19T05:00:07.049+0000] {logging_mixin.py:190} INFO - [2024-09-19T05:00:07.049+0000] {dag.py:4156} INFO - Setting next_dagrun for consume_1_or_2_with_dataset_expressions to None, run_after=None
[2024-09-19T05:00:07.049+0000] {logging_mixin.py:190} INFO - [2024-09-19T05:00:07.049+0000] {dag.py:4156} INFO - Setting next_dagrun for consume_1_or_both_2_and_3_with_dataset_expressions to None, run_after=None
[2024-09-19T05:00:07.050+0000] {logging_mixin.py:190} INFO - [2024-09-19T05:00:07.050+0000] {dag.py:4156} INFO - Setting next_dagrun for dataset_consumes_1 to None, run_after=None
[2024-09-19T05:00:07.050+0000] {logging_mixin.py:190} INFO - [2024-09-19T05:00:07.050+0000] {dag.py:4156} INFO - Setting next_dagrun for dataset_consumes_1_and_2 to None, run_after=None
[2024-09-19T05:00:07.050+0000] {logging_mixin.py:190} INFO - [2024-09-19T05:00:07.050+0000] {dag.py:4156} INFO - Setting next_dagrun for dataset_consumes_1_never_scheduled to None, run_after=None
[2024-09-19T05:00:07.050+0000] {logging_mixin.py:190} INFO - [2024-09-19T05:00:07.050+0000] {dag.py:4156} INFO - Setting next_dagrun for dataset_consumes_unknown_never_scheduled to None, run_after=None
[2024-09-19T05:00:07.051+0000] {logging_mixin.py:190} INFO - [2024-09-19T05:00:07.051+0000] {dag.py:4156} INFO - Setting next_dagrun for dataset_produces_1 to 2024-09-18 00:00:00+00:00, run_after=2024-09-19 00:00:00+00:00
[2024-09-19T05:00:07.051+0000] {logging_mixin.py:190} INFO - [2024-09-19T05:00:07.051+0000] {dag.py:4156} INFO - Setting next_dagrun for dataset_produces_2 to None, run_after=None
[2024-09-19T05:00:07.058+0000] {processor.py:208} INFO - Processing /Users/omer/anaconda3/lib/python3.11/site-packages/airflow/example_dags/example_datasets.py took 0.070 seconds
[2024-09-19T05:43:12.685+0000] {processor.py:186} INFO - Started process (PID=25590) to work on /Users/omer/anaconda3/lib/python3.11/site-packages/airflow/example_dags/example_datasets.py
[2024-09-19T05:43:12.686+0000] {processor.py:914} INFO - Processing file /Users/omer/anaconda3/lib/python3.11/site-packages/airflow/example_dags/example_datasets.py for tasks to queue
[2024-09-19T05:43:12.686+0000] {logging_mixin.py:190} INFO - [2024-09-19T05:43:12.686+0000] {dagbag.py:587} INFO - Filling up the DagBag from /Users/omer/anaconda3/lib/python3.11/site-packages/airflow/example_dags/example_datasets.py
[2024-09-19T05:43:12.707+0000] {processor.py:925} INFO - DAG(s) 'dataset_consumes_1_never_scheduled', 'dataset_consumes_1', 'conditional_dataset_and_time_based_timetable', 'dataset_produces_1', 'dataset_consumes_unknown_never_scheduled', 'consume_1_or_2_with_dataset_expressions', 'dataset_consumes_1_and_2', 'consume_1_or_both_2_and_3_with_dataset_expressions', 'dataset_produces_2', 'consume_1_and_2_with_dataset_expressions' retrieved from /Users/omer/anaconda3/lib/python3.11/site-packages/airflow/example_dags/example_datasets.py
[2024-09-19T05:43:12.736+0000] {logging_mixin.py:190} INFO - [2024-09-19T05:43:12.736+0000] {dag.py:3229} INFO - Sync 10 DAGs
[2024-09-19T05:43:12.741+0000] {logging_mixin.py:190} INFO - [2024-09-19T05:43:12.741+0000] {dag.py:4156} INFO - Setting next_dagrun for conditional_dataset_and_time_based_timetable to 2024-09-18 01:00:00+00:00, run_after=2024-09-18 01:00:00+00:00
[2024-09-19T05:43:12.742+0000] {logging_mixin.py:190} INFO - [2024-09-19T05:43:12.742+0000] {dag.py:4156} INFO - Setting next_dagrun for consume_1_and_2_with_dataset_expressions to None, run_after=None
[2024-09-19T05:43:12.743+0000] {logging_mixin.py:190} INFO - [2024-09-19T05:43:12.742+0000] {dag.py:4156} INFO - Setting next_dagrun for consume_1_or_2_with_dataset_expressions to None, run_after=None
[2024-09-19T05:43:12.743+0000] {logging_mixin.py:190} INFO - [2024-09-19T05:43:12.743+0000] {dag.py:4156} INFO - Setting next_dagrun for consume_1_or_both_2_and_3_with_dataset_expressions to None, run_after=None
[2024-09-19T05:43:12.743+0000] {logging_mixin.py:190} INFO - [2024-09-19T05:43:12.743+0000] {dag.py:4156} INFO - Setting next_dagrun for dataset_consumes_1 to None, run_after=None
[2024-09-19T05:43:12.743+0000] {logging_mixin.py:190} INFO - [2024-09-19T05:43:12.743+0000] {dag.py:4156} INFO - Setting next_dagrun for dataset_consumes_1_and_2 to None, run_after=None
[2024-09-19T05:43:12.743+0000] {logging_mixin.py:190} INFO - [2024-09-19T05:43:12.743+0000] {dag.py:4156} INFO - Setting next_dagrun for dataset_consumes_1_never_scheduled to None, run_after=None
[2024-09-19T05:43:12.743+0000] {logging_mixin.py:190} INFO - [2024-09-19T05:43:12.743+0000] {dag.py:4156} INFO - Setting next_dagrun for dataset_consumes_unknown_never_scheduled to None, run_after=None
[2024-09-19T05:43:12.744+0000] {logging_mixin.py:190} INFO - [2024-09-19T05:43:12.744+0000] {dag.py:4156} INFO - Setting next_dagrun for dataset_produces_1 to 2024-09-18 00:00:00+00:00, run_after=2024-09-19 00:00:00+00:00
[2024-09-19T05:43:12.744+0000] {logging_mixin.py:190} INFO - [2024-09-19T05:43:12.744+0000] {dag.py:4156} INFO - Setting next_dagrun for dataset_produces_2 to None, run_after=None
[2024-09-19T05:43:12.752+0000] {processor.py:208} INFO - Processing /Users/omer/anaconda3/lib/python3.11/site-packages/airflow/example_dags/example_datasets.py took 0.068 seconds
[2024-09-19T06:16:35.673+0000] {processor.py:186} INFO - Started process (PID=25814) to work on /Users/omer/anaconda3/lib/python3.11/site-packages/airflow/example_dags/example_datasets.py
[2024-09-19T06:16:35.675+0000] {processor.py:914} INFO - Processing file /Users/omer/anaconda3/lib/python3.11/site-packages/airflow/example_dags/example_datasets.py for tasks to queue
[2024-09-19T06:16:35.675+0000] {logging_mixin.py:190} INFO - [2024-09-19T06:16:35.675+0000] {dagbag.py:587} INFO - Filling up the DagBag from /Users/omer/anaconda3/lib/python3.11/site-packages/airflow/example_dags/example_datasets.py
[2024-09-19T06:16:35.702+0000] {processor.py:925} INFO - DAG(s) 'consume_1_and_2_with_dataset_expressions', 'consume_1_or_both_2_and_3_with_dataset_expressions', 'dataset_consumes_unknown_never_scheduled', 'dataset_produces_1', 'conditional_dataset_and_time_based_timetable', 'dataset_consumes_1', 'dataset_consumes_1_and_2', 'dataset_produces_2', 'consume_1_or_2_with_dataset_expressions', 'dataset_consumes_1_never_scheduled' retrieved from /Users/omer/anaconda3/lib/python3.11/site-packages/airflow/example_dags/example_datasets.py
[2024-09-19T06:16:35.735+0000] {logging_mixin.py:190} INFO - [2024-09-19T06:16:35.734+0000] {dag.py:3229} INFO - Sync 10 DAGs
[2024-09-19T06:16:35.740+0000] {logging_mixin.py:190} INFO - [2024-09-19T06:16:35.740+0000] {dag.py:4156} INFO - Setting next_dagrun for conditional_dataset_and_time_based_timetable to 2024-09-18 01:00:00+00:00, run_after=2024-09-18 01:00:00+00:00
[2024-09-19T06:16:35.741+0000] {logging_mixin.py:190} INFO - [2024-09-19T06:16:35.741+0000] {dag.py:4156} INFO - Setting next_dagrun for consume_1_and_2_with_dataset_expressions to None, run_after=None
[2024-09-19T06:16:35.742+0000] {logging_mixin.py:190} INFO - [2024-09-19T06:16:35.741+0000] {dag.py:4156} INFO - Setting next_dagrun for consume_1_or_2_with_dataset_expressions to None, run_after=None
[2024-09-19T06:16:35.742+0000] {logging_mixin.py:190} INFO - [2024-09-19T06:16:35.742+0000] {dag.py:4156} INFO - Setting next_dagrun for consume_1_or_both_2_and_3_with_dataset_expressions to None, run_after=None
[2024-09-19T06:16:35.742+0000] {logging_mixin.py:190} INFO - [2024-09-19T06:16:35.742+0000] {dag.py:4156} INFO - Setting next_dagrun for dataset_consumes_1 to None, run_after=None
[2024-09-19T06:16:35.742+0000] {logging_mixin.py:190} INFO - [2024-09-19T06:16:35.742+0000] {dag.py:4156} INFO - Setting next_dagrun for dataset_consumes_1_and_2 to None, run_after=None
[2024-09-19T06:16:35.742+0000] {logging_mixin.py:190} INFO - [2024-09-19T06:16:35.742+0000] {dag.py:4156} INFO - Setting next_dagrun for dataset_consumes_1_never_scheduled to None, run_after=None
[2024-09-19T06:16:35.743+0000] {logging_mixin.py:190} INFO - [2024-09-19T06:16:35.743+0000] {dag.py:4156} INFO - Setting next_dagrun for dataset_consumes_unknown_never_scheduled to None, run_after=None
[2024-09-19T06:16:35.743+0000] {logging_mixin.py:190} INFO - [2024-09-19T06:16:35.743+0000] {dag.py:4156} INFO - Setting next_dagrun for dataset_produces_1 to 2024-09-18 00:00:00+00:00, run_after=2024-09-19 00:00:00+00:00
[2024-09-19T06:16:35.743+0000] {logging_mixin.py:190} INFO - [2024-09-19T06:16:35.743+0000] {dag.py:4156} INFO - Setting next_dagrun for dataset_produces_2 to None, run_after=None
[2024-09-19T06:16:35.751+0000] {processor.py:208} INFO - Processing /Users/omer/anaconda3/lib/python3.11/site-packages/airflow/example_dags/example_datasets.py took 0.078 seconds
[2024-09-19T06:19:04.456+0000] {processor.py:186} INFO - Started process (PID=26007) to work on /Users/omer/anaconda3/lib/python3.11/site-packages/airflow/example_dags/example_datasets.py
[2024-09-19T06:19:04.456+0000] {processor.py:914} INFO - Processing file /Users/omer/anaconda3/lib/python3.11/site-packages/airflow/example_dags/example_datasets.py for tasks to queue
[2024-09-19T06:19:04.457+0000] {logging_mixin.py:190} INFO - [2024-09-19T06:19:04.457+0000] {dagbag.py:587} INFO - Filling up the DagBag from /Users/omer/anaconda3/lib/python3.11/site-packages/airflow/example_dags/example_datasets.py
[2024-09-19T06:19:04.491+0000] {processor.py:925} INFO - DAG(s) 'consume_1_or_both_2_and_3_with_dataset_expressions', 'dataset_consumes_1_never_scheduled', 'dataset_produces_2', 'consume_1_or_2_with_dataset_expressions', 'dataset_consumes_unknown_never_scheduled', 'consume_1_and_2_with_dataset_expressions', 'dataset_produces_1', 'conditional_dataset_and_time_based_timetable', 'dataset_consumes_1_and_2', 'dataset_consumes_1' retrieved from /Users/omer/anaconda3/lib/python3.11/site-packages/airflow/example_dags/example_datasets.py
[2024-09-19T06:19:04.533+0000] {logging_mixin.py:190} INFO - [2024-09-19T06:19:04.532+0000] {dag.py:3229} INFO - Sync 10 DAGs
[2024-09-19T06:19:04.539+0000] {logging_mixin.py:190} INFO - [2024-09-19T06:19:04.539+0000] {dag.py:4156} INFO - Setting next_dagrun for conditional_dataset_and_time_based_timetable to 2024-09-18 01:00:00+00:00, run_after=2024-09-18 01:00:00+00:00
[2024-09-19T06:19:04.540+0000] {logging_mixin.py:190} INFO - [2024-09-19T06:19:04.540+0000] {dag.py:4156} INFO - Setting next_dagrun for consume_1_and_2_with_dataset_expressions to None, run_after=None
[2024-09-19T06:19:04.540+0000] {logging_mixin.py:190} INFO - [2024-09-19T06:19:04.540+0000] {dag.py:4156} INFO - Setting next_dagrun for consume_1_or_2_with_dataset_expressions to None, run_after=None
[2024-09-19T06:19:04.540+0000] {logging_mixin.py:190} INFO - [2024-09-19T06:19:04.540+0000] {dag.py:4156} INFO - Setting next_dagrun for consume_1_or_both_2_and_3_with_dataset_expressions to None, run_after=None
[2024-09-19T06:19:04.541+0000] {logging_mixin.py:190} INFO - [2024-09-19T06:19:04.540+0000] {dag.py:4156} INFO - Setting next_dagrun for dataset_consumes_1 to None, run_after=None
[2024-09-19T06:19:04.541+0000] {logging_mixin.py:190} INFO - [2024-09-19T06:19:04.541+0000] {dag.py:4156} INFO - Setting next_dagrun for dataset_consumes_1_and_2 to None, run_after=None
[2024-09-19T06:19:04.541+0000] {logging_mixin.py:190} INFO - [2024-09-19T06:19:04.541+0000] {dag.py:4156} INFO - Setting next_dagrun for dataset_consumes_1_never_scheduled to None, run_after=None
[2024-09-19T06:19:04.541+0000] {logging_mixin.py:190} INFO - [2024-09-19T06:19:04.541+0000] {dag.py:4156} INFO - Setting next_dagrun for dataset_consumes_unknown_never_scheduled to None, run_after=None
[2024-09-19T06:19:04.542+0000] {logging_mixin.py:190} INFO - [2024-09-19T06:19:04.542+0000] {dag.py:4156} INFO - Setting next_dagrun for dataset_produces_1 to 2024-09-18 00:00:00+00:00, run_after=2024-09-19 00:00:00+00:00
[2024-09-19T06:19:04.542+0000] {logging_mixin.py:190} INFO - [2024-09-19T06:19:04.542+0000] {dag.py:4156} INFO - Setting next_dagrun for dataset_produces_2 to None, run_after=None
[2024-09-19T06:19:04.550+0000] {processor.py:208} INFO - Processing /Users/omer/anaconda3/lib/python3.11/site-packages/airflow/example_dags/example_datasets.py took 0.095 seconds
[2024-09-19T06:22:18.587+0000] {processor.py:186} INFO - Started process (PID=26338) to work on /Users/omer/anaconda3/lib/python3.11/site-packages/airflow/example_dags/example_datasets.py
[2024-09-19T06:22:18.588+0000] {processor.py:914} INFO - Processing file /Users/omer/anaconda3/lib/python3.11/site-packages/airflow/example_dags/example_datasets.py for tasks to queue
[2024-09-19T06:22:18.588+0000] {logging_mixin.py:190} INFO - [2024-09-19T06:22:18.588+0000] {dagbag.py:587} INFO - Filling up the DagBag from /Users/omer/anaconda3/lib/python3.11/site-packages/airflow/example_dags/example_datasets.py
[2024-09-19T06:22:18.613+0000] {processor.py:925} INFO - DAG(s) 'dataset_consumes_unknown_never_scheduled', 'consume_1_or_2_with_dataset_expressions', 'consume_1_or_both_2_and_3_with_dataset_expressions', 'conditional_dataset_and_time_based_timetable', 'dataset_consumes_1_never_scheduled', 'dataset_produces_1', 'dataset_produces_2', 'consume_1_and_2_with_dataset_expressions', 'dataset_consumes_1', 'dataset_consumes_1_and_2' retrieved from /Users/omer/anaconda3/lib/python3.11/site-packages/airflow/example_dags/example_datasets.py
[2024-09-19T06:22:18.644+0000] {logging_mixin.py:190} INFO - [2024-09-19T06:22:18.643+0000] {dag.py:3229} INFO - Sync 10 DAGs
[2024-09-19T06:22:18.649+0000] {logging_mixin.py:190} INFO - [2024-09-19T06:22:18.649+0000] {dag.py:4156} INFO - Setting next_dagrun for conditional_dataset_and_time_based_timetable to 2024-09-18 01:00:00+00:00, run_after=2024-09-18 01:00:00+00:00
[2024-09-19T06:22:18.650+0000] {logging_mixin.py:190} INFO - [2024-09-19T06:22:18.650+0000] {dag.py:4156} INFO - Setting next_dagrun for consume_1_and_2_with_dataset_expressions to None, run_after=None
[2024-09-19T06:22:18.650+0000] {logging_mixin.py:190} INFO - [2024-09-19T06:22:18.650+0000] {dag.py:4156} INFO - Setting next_dagrun for consume_1_or_2_with_dataset_expressions to None, run_after=None
[2024-09-19T06:22:18.650+0000] {logging_mixin.py:190} INFO - [2024-09-19T06:22:18.650+0000] {dag.py:4156} INFO - Setting next_dagrun for consume_1_or_both_2_and_3_with_dataset_expressions to None, run_after=None
[2024-09-19T06:22:18.651+0000] {logging_mixin.py:190} INFO - [2024-09-19T06:22:18.651+0000] {dag.py:4156} INFO - Setting next_dagrun for dataset_consumes_1 to None, run_after=None
[2024-09-19T06:22:18.651+0000] {logging_mixin.py:190} INFO - [2024-09-19T06:22:18.651+0000] {dag.py:4156} INFO - Setting next_dagrun for dataset_consumes_1_and_2 to None, run_after=None
[2024-09-19T06:22:18.651+0000] {logging_mixin.py:190} INFO - [2024-09-19T06:22:18.651+0000] {dag.py:4156} INFO - Setting next_dagrun for dataset_consumes_1_never_scheduled to None, run_after=None
[2024-09-19T06:22:18.651+0000] {logging_mixin.py:190} INFO - [2024-09-19T06:22:18.651+0000] {dag.py:4156} INFO - Setting next_dagrun for dataset_consumes_unknown_never_scheduled to None, run_after=None
[2024-09-19T06:22:18.652+0000] {logging_mixin.py:190} INFO - [2024-09-19T06:22:18.652+0000] {dag.py:4156} INFO - Setting next_dagrun for dataset_produces_1 to 2024-09-18 00:00:00+00:00, run_after=2024-09-19 00:00:00+00:00
[2024-09-19T06:22:18.652+0000] {logging_mixin.py:190} INFO - [2024-09-19T06:22:18.652+0000] {dag.py:4156} INFO - Setting next_dagrun for dataset_produces_2 to None, run_after=None
[2024-09-19T06:22:18.659+0000] {processor.py:208} INFO - Processing /Users/omer/anaconda3/lib/python3.11/site-packages/airflow/example_dags/example_datasets.py took 0.073 seconds
[2024-09-19T06:24:38.971+0000] {processor.py:186} INFO - Started process (PID=26497) to work on /Users/omer/anaconda3/lib/python3.11/site-packages/airflow/example_dags/example_datasets.py
[2024-09-19T06:24:38.971+0000] {processor.py:914} INFO - Processing file /Users/omer/anaconda3/lib/python3.11/site-packages/airflow/example_dags/example_datasets.py for tasks to queue
[2024-09-19T06:24:38.971+0000] {logging_mixin.py:190} INFO - [2024-09-19T06:24:38.971+0000] {dagbag.py:587} INFO - Filling up the DagBag from /Users/omer/anaconda3/lib/python3.11/site-packages/airflow/example_dags/example_datasets.py
[2024-09-19T06:24:39.000+0000] {processor.py:925} INFO - DAG(s) 'consume_1_or_both_2_and_3_with_dataset_expressions', 'dataset_produces_2', 'dataset_produces_1', 'dataset_consumes_1_and_2', 'dataset_consumes_1_never_scheduled', 'conditional_dataset_and_time_based_timetable', 'dataset_consumes_1', 'consume_1_and_2_with_dataset_expressions', 'dataset_consumes_unknown_never_scheduled', 'consume_1_or_2_with_dataset_expressions' retrieved from /Users/omer/anaconda3/lib/python3.11/site-packages/airflow/example_dags/example_datasets.py
[2024-09-19T06:24:39.032+0000] {logging_mixin.py:190} INFO - [2024-09-19T06:24:39.032+0000] {dag.py:3229} INFO - Sync 10 DAGs
[2024-09-19T06:24:39.038+0000] {logging_mixin.py:190} INFO - [2024-09-19T06:24:39.038+0000] {dag.py:4156} INFO - Setting next_dagrun for conditional_dataset_and_time_based_timetable to 2024-09-18 01:00:00+00:00, run_after=2024-09-18 01:00:00+00:00
[2024-09-19T06:24:39.039+0000] {logging_mixin.py:190} INFO - [2024-09-19T06:24:39.039+0000] {dag.py:4156} INFO - Setting next_dagrun for consume_1_and_2_with_dataset_expressions to None, run_after=None
[2024-09-19T06:24:39.039+0000] {logging_mixin.py:190} INFO - [2024-09-19T06:24:39.039+0000] {dag.py:4156} INFO - Setting next_dagrun for consume_1_or_2_with_dataset_expressions to None, run_after=None
[2024-09-19T06:24:39.040+0000] {logging_mixin.py:190} INFO - [2024-09-19T06:24:39.040+0000] {dag.py:4156} INFO - Setting next_dagrun for consume_1_or_both_2_and_3_with_dataset_expressions to None, run_after=None
[2024-09-19T06:24:39.040+0000] {logging_mixin.py:190} INFO - [2024-09-19T06:24:39.040+0000] {dag.py:4156} INFO - Setting next_dagrun for dataset_consumes_1 to None, run_after=None
[2024-09-19T06:24:39.040+0000] {logging_mixin.py:190} INFO - [2024-09-19T06:24:39.040+0000] {dag.py:4156} INFO - Setting next_dagrun for dataset_consumes_1_and_2 to None, run_after=None
[2024-09-19T06:24:39.040+0000] {logging_mixin.py:190} INFO - [2024-09-19T06:24:39.040+0000] {dag.py:4156} INFO - Setting next_dagrun for dataset_consumes_1_never_scheduled to None, run_after=None
[2024-09-19T06:24:39.040+0000] {logging_mixin.py:190} INFO - [2024-09-19T06:24:39.040+0000] {dag.py:4156} INFO - Setting next_dagrun for dataset_consumes_unknown_never_scheduled to None, run_after=None
[2024-09-19T06:24:39.041+0000] {logging_mixin.py:190} INFO - [2024-09-19T06:24:39.041+0000] {dag.py:4156} INFO - Setting next_dagrun for dataset_produces_1 to 2024-09-18 00:00:00+00:00, run_after=2024-09-19 00:00:00+00:00
[2024-09-19T06:24:39.041+0000] {logging_mixin.py:190} INFO - [2024-09-19T06:24:39.041+0000] {dag.py:4156} INFO - Setting next_dagrun for dataset_produces_2 to None, run_after=None
[2024-09-19T06:24:39.049+0000] {processor.py:208} INFO - Processing /Users/omer/anaconda3/lib/python3.11/site-packages/airflow/example_dags/example_datasets.py took 0.079 seconds
