[2024-09-19T00:32:09.340+0000] {processor.py:186} INFO - Started process (PID=24538) to work on /Users/omer/anaconda3/lib/python3.11/site-packages/airflow/example_dags/tutorial_taskflow_api_virtualenv.py
[2024-09-19T00:32:09.340+0000] {processor.py:914} INFO - Processing file /Users/omer/anaconda3/lib/python3.11/site-packages/airflow/example_dags/tutorial_taskflow_api_virtualenv.py for tasks to queue
[2024-09-19T00:32:09.341+0000] {logging_mixin.py:190} INFO - [2024-09-19T00:32:09.340+0000] {dagbag.py:587} INFO - Filling up the DagBag from /Users/omer/anaconda3/lib/python3.11/site-packages/airflow/example_dags/tutorial_taskflow_api_virtualenv.py
[2024-09-19T00:32:09.361+0000] {processor.py:925} INFO - DAG(s) 'tutorial_taskflow_api_virtualenv' retrieved from /Users/omer/anaconda3/lib/python3.11/site-packages/airflow/example_dags/tutorial_taskflow_api_virtualenv.py
[2024-09-19T00:32:09.427+0000] {logging_mixin.py:190} INFO - [2024-09-19T00:32:09.427+0000] {dag.py:3229} INFO - Sync 1 DAGs
[2024-09-19T00:32:09.430+0000] {logging_mixin.py:190} INFO - [2024-09-19T00:32:09.430+0000] {dag.py:4156} INFO - Setting next_dagrun for tutorial_taskflow_api_virtualenv to None, run_after=None
[2024-09-19T00:32:09.435+0000] {processor.py:208} INFO - Processing /Users/omer/anaconda3/lib/python3.11/site-packages/airflow/example_dags/tutorial_taskflow_api_virtualenv.py took 0.096 seconds
[2024-09-19T00:54:05.124+0000] {processor.py:186} INFO - Started process (PID=24639) to work on /Users/omer/anaconda3/lib/python3.11/site-packages/airflow/example_dags/tutorial_taskflow_api_virtualenv.py
[2024-09-19T00:54:05.125+0000] {processor.py:914} INFO - Processing file /Users/omer/anaconda3/lib/python3.11/site-packages/airflow/example_dags/tutorial_taskflow_api_virtualenv.py for tasks to queue
[2024-09-19T00:54:05.125+0000] {logging_mixin.py:190} INFO - [2024-09-19T00:54:05.125+0000] {dagbag.py:587} INFO - Filling up the DagBag from /Users/omer/anaconda3/lib/python3.11/site-packages/airflow/example_dags/tutorial_taskflow_api_virtualenv.py
[2024-09-19T00:54:05.136+0000] {processor.py:925} INFO - DAG(s) 'tutorial_taskflow_api_virtualenv' retrieved from /Users/omer/anaconda3/lib/python3.11/site-packages/airflow/example_dags/tutorial_taskflow_api_virtualenv.py
[2024-09-19T00:54:05.184+0000] {logging_mixin.py:190} INFO - [2024-09-19T00:54:05.183+0000] {dag.py:3229} INFO - Sync 1 DAGs
[2024-09-19T00:54:05.186+0000] {logging_mixin.py:190} INFO - [2024-09-19T00:54:05.186+0000] {dag.py:4156} INFO - Setting next_dagrun for tutorial_taskflow_api_virtualenv to None, run_after=None
[2024-09-19T00:54:05.192+0000] {processor.py:208} INFO - Processing /Users/omer/anaconda3/lib/python3.11/site-packages/airflow/example_dags/tutorial_taskflow_api_virtualenv.py took 0.069 seconds
[2024-09-19T01:43:10.554+0000] {processor.py:186} INFO - Started process (PID=24751) to work on /Users/omer/anaconda3/lib/python3.11/site-packages/airflow/example_dags/tutorial_taskflow_api_virtualenv.py
[2024-09-19T01:43:10.555+0000] {processor.py:914} INFO - Processing file /Users/omer/anaconda3/lib/python3.11/site-packages/airflow/example_dags/tutorial_taskflow_api_virtualenv.py for tasks to queue
[2024-09-19T01:43:10.555+0000] {logging_mixin.py:190} INFO - [2024-09-19T01:43:10.555+0000] {dagbag.py:587} INFO - Filling up the DagBag from /Users/omer/anaconda3/lib/python3.11/site-packages/airflow/example_dags/tutorial_taskflow_api_virtualenv.py
[2024-09-19T01:43:10.566+0000] {processor.py:925} INFO - DAG(s) 'tutorial_taskflow_api_virtualenv' retrieved from /Users/omer/anaconda3/lib/python3.11/site-packages/airflow/example_dags/tutorial_taskflow_api_virtualenv.py
[2024-09-19T01:43:10.617+0000] {logging_mixin.py:190} INFO - [2024-09-19T01:43:10.617+0000] {dag.py:3229} INFO - Sync 1 DAGs
[2024-09-19T01:43:10.620+0000] {logging_mixin.py:190} INFO - [2024-09-19T01:43:10.620+0000] {dag.py:4156} INFO - Setting next_dagrun for tutorial_taskflow_api_virtualenv to None, run_after=None
[2024-09-19T01:43:10.625+0000] {processor.py:208} INFO - Processing /Users/omer/anaconda3/lib/python3.11/site-packages/airflow/example_dags/tutorial_taskflow_api_virtualenv.py took 0.072 seconds
[2024-09-19T02:23:24.953+0000] {processor.py:186} INFO - Started process (PID=24887) to work on /Users/omer/anaconda3/lib/python3.11/site-packages/airflow/example_dags/tutorial_taskflow_api_virtualenv.py
[2024-09-19T02:23:24.954+0000] {processor.py:914} INFO - Processing file /Users/omer/anaconda3/lib/python3.11/site-packages/airflow/example_dags/tutorial_taskflow_api_virtualenv.py for tasks to queue
[2024-09-19T02:23:24.954+0000] {logging_mixin.py:190} INFO - [2024-09-19T02:23:24.954+0000] {dagbag.py:587} INFO - Filling up the DagBag from /Users/omer/anaconda3/lib/python3.11/site-packages/airflow/example_dags/tutorial_taskflow_api_virtualenv.py
[2024-09-19T02:23:24.974+0000] {processor.py:925} INFO - DAG(s) 'tutorial_taskflow_api_virtualenv' retrieved from /Users/omer/anaconda3/lib/python3.11/site-packages/airflow/example_dags/tutorial_taskflow_api_virtualenv.py
[2024-09-19T02:23:25.040+0000] {logging_mixin.py:190} INFO - [2024-09-19T02:23:25.040+0000] {dag.py:3229} INFO - Sync 1 DAGs
[2024-09-19T02:23:25.043+0000] {logging_mixin.py:190} INFO - [2024-09-19T02:23:25.043+0000] {dag.py:4156} INFO - Setting next_dagrun for tutorial_taskflow_api_virtualenv to None, run_after=None
[2024-09-19T02:23:25.049+0000] {processor.py:208} INFO - Processing /Users/omer/anaconda3/lib/python3.11/site-packages/airflow/example_dags/tutorial_taskflow_api_virtualenv.py took 0.097 seconds
[2024-09-19T03:02:57.009+0000] {processor.py:186} INFO - Started process (PID=24994) to work on /Users/omer/anaconda3/lib/python3.11/site-packages/airflow/example_dags/tutorial_taskflow_api_virtualenv.py
[2024-09-19T03:02:57.009+0000] {processor.py:914} INFO - Processing file /Users/omer/anaconda3/lib/python3.11/site-packages/airflow/example_dags/tutorial_taskflow_api_virtualenv.py for tasks to queue
[2024-09-19T03:02:57.010+0000] {logging_mixin.py:190} INFO - [2024-09-19T03:02:57.010+0000] {dagbag.py:587} INFO - Filling up the DagBag from /Users/omer/anaconda3/lib/python3.11/site-packages/airflow/example_dags/tutorial_taskflow_api_virtualenv.py
[2024-09-19T03:02:57.025+0000] {processor.py:925} INFO - DAG(s) 'tutorial_taskflow_api_virtualenv' retrieved from /Users/omer/anaconda3/lib/python3.11/site-packages/airflow/example_dags/tutorial_taskflow_api_virtualenv.py
[2024-09-19T03:02:57.090+0000] {logging_mixin.py:190} INFO - [2024-09-19T03:02:57.090+0000] {dag.py:3229} INFO - Sync 1 DAGs
[2024-09-19T03:02:57.093+0000] {logging_mixin.py:190} INFO - [2024-09-19T03:02:57.093+0000] {dag.py:4156} INFO - Setting next_dagrun for tutorial_taskflow_api_virtualenv to None, run_after=None
[2024-09-19T03:02:57.098+0000] {processor.py:208} INFO - Processing /Users/omer/anaconda3/lib/python3.11/site-packages/airflow/example_dags/tutorial_taskflow_api_virtualenv.py took 0.090 seconds
[2024-09-19T03:39:53.049+0000] {processor.py:186} INFO - Started process (PID=25144) to work on /Users/omer/anaconda3/lib/python3.11/site-packages/airflow/example_dags/tutorial_taskflow_api_virtualenv.py
[2024-09-19T03:39:53.049+0000] {processor.py:914} INFO - Processing file /Users/omer/anaconda3/lib/python3.11/site-packages/airflow/example_dags/tutorial_taskflow_api_virtualenv.py for tasks to queue
[2024-09-19T03:39:53.049+0000] {logging_mixin.py:190} INFO - [2024-09-19T03:39:53.049+0000] {dagbag.py:587} INFO - Filling up the DagBag from /Users/omer/anaconda3/lib/python3.11/site-packages/airflow/example_dags/tutorial_taskflow_api_virtualenv.py
[2024-09-19T03:39:53.068+0000] {processor.py:925} INFO - DAG(s) 'tutorial_taskflow_api_virtualenv' retrieved from /Users/omer/anaconda3/lib/python3.11/site-packages/airflow/example_dags/tutorial_taskflow_api_virtualenv.py
[2024-09-19T03:39:53.130+0000] {logging_mixin.py:190} INFO - [2024-09-19T03:39:53.130+0000] {dag.py:3229} INFO - Sync 1 DAGs
[2024-09-19T03:39:53.133+0000] {logging_mixin.py:190} INFO - [2024-09-19T03:39:53.133+0000] {dag.py:4156} INFO - Setting next_dagrun for tutorial_taskflow_api_virtualenv to None, run_after=None
[2024-09-19T03:39:53.138+0000] {processor.py:208} INFO - Processing /Users/omer/anaconda3/lib/python3.11/site-packages/airflow/example_dags/tutorial_taskflow_api_virtualenv.py took 0.090 seconds
[2024-09-19T04:02:31.744+0000] {processor.py:186} INFO - Started process (PID=25267) to work on /Users/omer/anaconda3/lib/python3.11/site-packages/airflow/example_dags/tutorial_taskflow_api_virtualenv.py
[2024-09-19T04:02:31.745+0000] {processor.py:914} INFO - Processing file /Users/omer/anaconda3/lib/python3.11/site-packages/airflow/example_dags/tutorial_taskflow_api_virtualenv.py for tasks to queue
[2024-09-19T04:02:31.745+0000] {logging_mixin.py:190} INFO - [2024-09-19T04:02:31.745+0000] {dagbag.py:587} INFO - Filling up the DagBag from /Users/omer/anaconda3/lib/python3.11/site-packages/airflow/example_dags/tutorial_taskflow_api_virtualenv.py
[2024-09-19T04:02:31.757+0000] {processor.py:925} INFO - DAG(s) 'tutorial_taskflow_api_virtualenv' retrieved from /Users/omer/anaconda3/lib/python3.11/site-packages/airflow/example_dags/tutorial_taskflow_api_virtualenv.py
[2024-09-19T04:02:31.804+0000] {logging_mixin.py:190} INFO - [2024-09-19T04:02:31.804+0000] {dag.py:3229} INFO - Sync 1 DAGs
[2024-09-19T04:02:31.807+0000] {logging_mixin.py:190} INFO - [2024-09-19T04:02:31.807+0000] {dag.py:4156} INFO - Setting next_dagrun for tutorial_taskflow_api_virtualenv to None, run_after=None
[2024-09-19T04:02:31.813+0000] {processor.py:208} INFO - Processing /Users/omer/anaconda3/lib/python3.11/site-packages/airflow/example_dags/tutorial_taskflow_api_virtualenv.py took 0.069 seconds
[2024-09-19T04:41:41.357+0000] {processor.py:186} INFO - Started process (PID=25386) to work on /Users/omer/anaconda3/lib/python3.11/site-packages/airflow/example_dags/tutorial_taskflow_api_virtualenv.py
[2024-09-19T04:41:41.358+0000] {processor.py:914} INFO - Processing file /Users/omer/anaconda3/lib/python3.11/site-packages/airflow/example_dags/tutorial_taskflow_api_virtualenv.py for tasks to queue
[2024-09-19T04:41:41.358+0000] {logging_mixin.py:190} INFO - [2024-09-19T04:41:41.358+0000] {dagbag.py:587} INFO - Filling up the DagBag from /Users/omer/anaconda3/lib/python3.11/site-packages/airflow/example_dags/tutorial_taskflow_api_virtualenv.py
[2024-09-19T04:41:41.370+0000] {processor.py:925} INFO - DAG(s) 'tutorial_taskflow_api_virtualenv' retrieved from /Users/omer/anaconda3/lib/python3.11/site-packages/airflow/example_dags/tutorial_taskflow_api_virtualenv.py
[2024-09-19T04:41:41.416+0000] {logging_mixin.py:190} INFO - [2024-09-19T04:41:41.416+0000] {dag.py:3229} INFO - Sync 1 DAGs
[2024-09-19T04:41:41.419+0000] {logging_mixin.py:190} INFO - [2024-09-19T04:41:41.419+0000] {dag.py:4156} INFO - Setting next_dagrun for tutorial_taskflow_api_virtualenv to None, run_after=None
[2024-09-19T04:41:41.425+0000] {processor.py:208} INFO - Processing /Users/omer/anaconda3/lib/python3.11/site-packages/airflow/example_dags/tutorial_taskflow_api_virtualenv.py took 0.068 seconds
[2024-09-19T05:01:48.685+0000] {processor.py:186} INFO - Started process (PID=25505) to work on /Users/omer/anaconda3/lib/python3.11/site-packages/airflow/example_dags/tutorial_taskflow_api_virtualenv.py
[2024-09-19T05:01:48.685+0000] {processor.py:914} INFO - Processing file /Users/omer/anaconda3/lib/python3.11/site-packages/airflow/example_dags/tutorial_taskflow_api_virtualenv.py for tasks to queue
[2024-09-19T05:01:48.686+0000] {logging_mixin.py:190} INFO - [2024-09-19T05:01:48.686+0000] {dagbag.py:587} INFO - Filling up the DagBag from /Users/omer/anaconda3/lib/python3.11/site-packages/airflow/example_dags/tutorial_taskflow_api_virtualenv.py
[2024-09-19T05:01:48.704+0000] {processor.py:925} INFO - DAG(s) 'tutorial_taskflow_api_virtualenv' retrieved from /Users/omer/anaconda3/lib/python3.11/site-packages/airflow/example_dags/tutorial_taskflow_api_virtualenv.py
[2024-09-19T05:01:48.767+0000] {logging_mixin.py:190} INFO - [2024-09-19T05:01:48.767+0000] {dag.py:3229} INFO - Sync 1 DAGs
[2024-09-19T05:01:48.770+0000] {logging_mixin.py:190} INFO - [2024-09-19T05:01:48.770+0000] {dag.py:4156} INFO - Setting next_dagrun for tutorial_taskflow_api_virtualenv to None, run_after=None
[2024-09-19T05:01:48.777+0000] {processor.py:208} INFO - Processing /Users/omer/anaconda3/lib/python3.11/site-packages/airflow/example_dags/tutorial_taskflow_api_virtualenv.py took 0.093 seconds
[2024-09-19T05:43:38.276+0000] {processor.py:186} INFO - Started process (PID=25622) to work on /Users/omer/anaconda3/lib/python3.11/site-packages/airflow/example_dags/tutorial_taskflow_api_virtualenv.py
[2024-09-19T05:43:38.277+0000] {processor.py:914} INFO - Processing file /Users/omer/anaconda3/lib/python3.11/site-packages/airflow/example_dags/tutorial_taskflow_api_virtualenv.py for tasks to queue
[2024-09-19T05:43:38.277+0000] {logging_mixin.py:190} INFO - [2024-09-19T05:43:38.277+0000] {dagbag.py:587} INFO - Filling up the DagBag from /Users/omer/anaconda3/lib/python3.11/site-packages/airflow/example_dags/tutorial_taskflow_api_virtualenv.py
[2024-09-19T05:43:38.288+0000] {processor.py:925} INFO - DAG(s) 'tutorial_taskflow_api_virtualenv' retrieved from /Users/omer/anaconda3/lib/python3.11/site-packages/airflow/example_dags/tutorial_taskflow_api_virtualenv.py
[2024-09-19T05:43:38.335+0000] {logging_mixin.py:190} INFO - [2024-09-19T05:43:38.335+0000] {dag.py:3229} INFO - Sync 1 DAGs
[2024-09-19T05:43:38.338+0000] {logging_mixin.py:190} INFO - [2024-09-19T05:43:38.338+0000] {dag.py:4156} INFO - Setting next_dagrun for tutorial_taskflow_api_virtualenv to None, run_after=None
[2024-09-19T05:43:38.344+0000] {processor.py:208} INFO - Processing /Users/omer/anaconda3/lib/python3.11/site-packages/airflow/example_dags/tutorial_taskflow_api_virtualenv.py took 0.069 seconds
[2024-09-19T06:15:39.474+0000] {processor.py:186} INFO - Started process (PID=25739) to work on /Users/omer/anaconda3/lib/python3.11/site-packages/airflow/example_dags/tutorial_taskflow_api_virtualenv.py
[2024-09-19T06:15:39.475+0000] {processor.py:914} INFO - Processing file /Users/omer/anaconda3/lib/python3.11/site-packages/airflow/example_dags/tutorial_taskflow_api_virtualenv.py for tasks to queue
[2024-09-19T06:15:39.475+0000] {logging_mixin.py:190} INFO - [2024-09-19T06:15:39.475+0000] {dagbag.py:587} INFO - Filling up the DagBag from /Users/omer/anaconda3/lib/python3.11/site-packages/airflow/example_dags/tutorial_taskflow_api_virtualenv.py
[2024-09-19T06:15:39.494+0000] {processor.py:925} INFO - DAG(s) 'tutorial_taskflow_api_virtualenv' retrieved from /Users/omer/anaconda3/lib/python3.11/site-packages/airflow/example_dags/tutorial_taskflow_api_virtualenv.py
[2024-09-19T06:15:39.564+0000] {logging_mixin.py:190} INFO - [2024-09-19T06:15:39.564+0000] {dag.py:3229} INFO - Sync 1 DAGs
[2024-09-19T06:15:39.567+0000] {logging_mixin.py:190} INFO - [2024-09-19T06:15:39.567+0000] {dag.py:4156} INFO - Setting next_dagrun for tutorial_taskflow_api_virtualenv to None, run_after=None
[2024-09-19T06:15:39.573+0000] {processor.py:208} INFO - Processing /Users/omer/anaconda3/lib/python3.11/site-packages/airflow/example_dags/tutorial_taskflow_api_virtualenv.py took 0.100 seconds
[2024-09-19T06:17:02.063+0000] {processor.py:186} INFO - Started process (PID=25855) to work on /Users/omer/anaconda3/lib/python3.11/site-packages/airflow/example_dags/tutorial_taskflow_api_virtualenv.py
[2024-09-19T06:17:02.064+0000] {processor.py:914} INFO - Processing file /Users/omer/anaconda3/lib/python3.11/site-packages/airflow/example_dags/tutorial_taskflow_api_virtualenv.py for tasks to queue
[2024-09-19T06:17:02.064+0000] {logging_mixin.py:190} INFO - [2024-09-19T06:17:02.064+0000] {dagbag.py:587} INFO - Filling up the DagBag from /Users/omer/anaconda3/lib/python3.11/site-packages/airflow/example_dags/tutorial_taskflow_api_virtualenv.py
[2024-09-19T06:17:02.086+0000] {processor.py:925} INFO - DAG(s) 'tutorial_taskflow_api_virtualenv' retrieved from /Users/omer/anaconda3/lib/python3.11/site-packages/airflow/example_dags/tutorial_taskflow_api_virtualenv.py
[2024-09-19T06:17:02.160+0000] {logging_mixin.py:190} INFO - [2024-09-19T06:17:02.160+0000] {dag.py:3229} INFO - Sync 1 DAGs
[2024-09-19T06:17:02.163+0000] {logging_mixin.py:190} INFO - [2024-09-19T06:17:02.163+0000] {dag.py:4156} INFO - Setting next_dagrun for tutorial_taskflow_api_virtualenv to None, run_after=None
[2024-09-19T06:17:02.170+0000] {processor.py:208} INFO - Processing /Users/omer/anaconda3/lib/python3.11/site-packages/airflow/example_dags/tutorial_taskflow_api_virtualenv.py took 0.108 seconds
[2024-09-19T06:18:15.608+0000] {processor.py:186} INFO - Started process (PID=25943) to work on /Users/omer/anaconda3/lib/python3.11/site-packages/airflow/example_dags/tutorial_taskflow_api_virtualenv.py
[2024-09-19T06:18:15.608+0000] {processor.py:914} INFO - Processing file /Users/omer/anaconda3/lib/python3.11/site-packages/airflow/example_dags/tutorial_taskflow_api_virtualenv.py for tasks to queue
[2024-09-19T06:18:15.609+0000] {logging_mixin.py:190} INFO - [2024-09-19T06:18:15.609+0000] {dagbag.py:587} INFO - Filling up the DagBag from /Users/omer/anaconda3/lib/python3.11/site-packages/airflow/example_dags/tutorial_taskflow_api_virtualenv.py
[2024-09-19T06:18:15.626+0000] {processor.py:925} INFO - DAG(s) 'tutorial_taskflow_api_virtualenv' retrieved from /Users/omer/anaconda3/lib/python3.11/site-packages/airflow/example_dags/tutorial_taskflow_api_virtualenv.py
[2024-09-19T06:18:15.688+0000] {logging_mixin.py:190} INFO - [2024-09-19T06:18:15.688+0000] {dag.py:3229} INFO - Sync 1 DAGs
[2024-09-19T06:18:15.691+0000] {logging_mixin.py:190} INFO - [2024-09-19T06:18:15.691+0000] {dag.py:4156} INFO - Setting next_dagrun for tutorial_taskflow_api_virtualenv to None, run_after=None
[2024-09-19T06:18:15.697+0000] {processor.py:208} INFO - Processing /Users/omer/anaconda3/lib/python3.11/site-packages/airflow/example_dags/tutorial_taskflow_api_virtualenv.py took 0.090 seconds
[2024-09-19T06:19:30.024+0000] {processor.py:186} INFO - Started process (PID=26036) to work on /Users/omer/anaconda3/lib/python3.11/site-packages/airflow/example_dags/tutorial_taskflow_api_virtualenv.py
[2024-09-19T06:19:30.025+0000] {processor.py:914} INFO - Processing file /Users/omer/anaconda3/lib/python3.11/site-packages/airflow/example_dags/tutorial_taskflow_api_virtualenv.py for tasks to queue
[2024-09-19T06:19:30.026+0000] {logging_mixin.py:190} INFO - [2024-09-19T06:19:30.026+0000] {dagbag.py:587} INFO - Filling up the DagBag from /Users/omer/anaconda3/lib/python3.11/site-packages/airflow/example_dags/tutorial_taskflow_api_virtualenv.py
[2024-09-19T06:19:30.037+0000] {processor.py:925} INFO - DAG(s) 'tutorial_taskflow_api_virtualenv' retrieved from /Users/omer/anaconda3/lib/python3.11/site-packages/airflow/example_dags/tutorial_taskflow_api_virtualenv.py
[2024-09-19T06:19:30.087+0000] {logging_mixin.py:190} INFO - [2024-09-19T06:19:30.087+0000] {dag.py:3229} INFO - Sync 1 DAGs
[2024-09-19T06:19:30.090+0000] {logging_mixin.py:190} INFO - [2024-09-19T06:19:30.090+0000] {dag.py:4156} INFO - Setting next_dagrun for tutorial_taskflow_api_virtualenv to None, run_after=None
[2024-09-19T06:19:30.096+0000] {processor.py:208} INFO - Processing /Users/omer/anaconda3/lib/python3.11/site-packages/airflow/example_dags/tutorial_taskflow_api_virtualenv.py took 0.072 seconds
[2024-09-19T06:21:07.458+0000] {processor.py:186} INFO - Started process (PID=26225) to work on /Users/omer/anaconda3/lib/python3.11/site-packages/airflow/example_dags/tutorial_taskflow_api_virtualenv.py
[2024-09-19T06:21:07.458+0000] {processor.py:914} INFO - Processing file /Users/omer/anaconda3/lib/python3.11/site-packages/airflow/example_dags/tutorial_taskflow_api_virtualenv.py for tasks to queue
[2024-09-19T06:21:07.459+0000] {logging_mixin.py:190} INFO - [2024-09-19T06:21:07.459+0000] {dagbag.py:587} INFO - Filling up the DagBag from /Users/omer/anaconda3/lib/python3.11/site-packages/airflow/example_dags/tutorial_taskflow_api_virtualenv.py
[2024-09-19T06:21:07.476+0000] {processor.py:925} INFO - DAG(s) 'tutorial_taskflow_api_virtualenv' retrieved from /Users/omer/anaconda3/lib/python3.11/site-packages/airflow/example_dags/tutorial_taskflow_api_virtualenv.py
[2024-09-19T06:21:07.544+0000] {logging_mixin.py:190} INFO - [2024-09-19T06:21:07.544+0000] {dag.py:3229} INFO - Sync 1 DAGs
[2024-09-19T06:21:07.547+0000] {logging_mixin.py:190} INFO - [2024-09-19T06:21:07.547+0000] {dag.py:4156} INFO - Setting next_dagrun for tutorial_taskflow_api_virtualenv to None, run_after=None
[2024-09-19T06:21:07.556+0000] {processor.py:208} INFO - Processing /Users/omer/anaconda3/lib/python3.11/site-packages/airflow/example_dags/tutorial_taskflow_api_virtualenv.py took 0.099 seconds
[2024-09-19T06:22:51.150+0000] {processor.py:186} INFO - Started process (PID=26372) to work on /Users/omer/anaconda3/lib/python3.11/site-packages/airflow/example_dags/tutorial_taskflow_api_virtualenv.py
[2024-09-19T06:22:51.150+0000] {processor.py:914} INFO - Processing file /Users/omer/anaconda3/lib/python3.11/site-packages/airflow/example_dags/tutorial_taskflow_api_virtualenv.py for tasks to queue
[2024-09-19T06:22:51.150+0000] {logging_mixin.py:190} INFO - [2024-09-19T06:22:51.150+0000] {dagbag.py:587} INFO - Filling up the DagBag from /Users/omer/anaconda3/lib/python3.11/site-packages/airflow/example_dags/tutorial_taskflow_api_virtualenv.py
[2024-09-19T06:22:51.169+0000] {processor.py:925} INFO - DAG(s) 'tutorial_taskflow_api_virtualenv' retrieved from /Users/omer/anaconda3/lib/python3.11/site-packages/airflow/example_dags/tutorial_taskflow_api_virtualenv.py
[2024-09-19T06:22:51.235+0000] {logging_mixin.py:190} INFO - [2024-09-19T06:22:51.235+0000] {dag.py:3229} INFO - Sync 1 DAGs
[2024-09-19T06:22:51.239+0000] {logging_mixin.py:190} INFO - [2024-09-19T06:22:51.239+0000] {dag.py:4156} INFO - Setting next_dagrun for tutorial_taskflow_api_virtualenv to None, run_after=None
[2024-09-19T06:22:51.245+0000] {processor.py:208} INFO - Processing /Users/omer/anaconda3/lib/python3.11/site-packages/airflow/example_dags/tutorial_taskflow_api_virtualenv.py took 0.096 seconds
[2024-09-19T06:24:02.484+0000] {processor.py:186} INFO - Started process (PID=26439) to work on /Users/omer/anaconda3/lib/python3.11/site-packages/airflow/example_dags/tutorial_taskflow_api_virtualenv.py
[2024-09-19T06:24:02.485+0000] {processor.py:914} INFO - Processing file /Users/omer/anaconda3/lib/python3.11/site-packages/airflow/example_dags/tutorial_taskflow_api_virtualenv.py for tasks to queue
[2024-09-19T06:24:02.486+0000] {logging_mixin.py:190} INFO - [2024-09-19T06:24:02.486+0000] {dagbag.py:587} INFO - Filling up the DagBag from /Users/omer/anaconda3/lib/python3.11/site-packages/airflow/example_dags/tutorial_taskflow_api_virtualenv.py
[2024-09-19T06:24:02.497+0000] {processor.py:925} INFO - DAG(s) 'tutorial_taskflow_api_virtualenv' retrieved from /Users/omer/anaconda3/lib/python3.11/site-packages/airflow/example_dags/tutorial_taskflow_api_virtualenv.py
[2024-09-19T06:24:02.558+0000] {logging_mixin.py:190} INFO - [2024-09-19T06:24:02.557+0000] {dag.py:3229} INFO - Sync 1 DAGs
[2024-09-19T06:24:02.561+0000] {logging_mixin.py:190} INFO - [2024-09-19T06:24:02.561+0000] {dag.py:4156} INFO - Setting next_dagrun for tutorial_taskflow_api_virtualenv to None, run_after=None
[2024-09-19T06:24:02.566+0000] {processor.py:208} INFO - Processing /Users/omer/anaconda3/lib/python3.11/site-packages/airflow/example_dags/tutorial_taskflow_api_virtualenv.py took 0.082 seconds
[2024-09-19T06:25:09.009+0000] {processor.py:186} INFO - Started process (PID=26553) to work on /Users/omer/anaconda3/lib/python3.11/site-packages/airflow/example_dags/tutorial_taskflow_api_virtualenv.py
[2024-09-19T06:25:09.010+0000] {processor.py:914} INFO - Processing file /Users/omer/anaconda3/lib/python3.11/site-packages/airflow/example_dags/tutorial_taskflow_api_virtualenv.py for tasks to queue
[2024-09-19T06:25:09.010+0000] {logging_mixin.py:190} INFO - [2024-09-19T06:25:09.010+0000] {dagbag.py:587} INFO - Filling up the DagBag from /Users/omer/anaconda3/lib/python3.11/site-packages/airflow/example_dags/tutorial_taskflow_api_virtualenv.py
[2024-09-19T06:25:09.028+0000] {processor.py:925} INFO - DAG(s) 'tutorial_taskflow_api_virtualenv' retrieved from /Users/omer/anaconda3/lib/python3.11/site-packages/airflow/example_dags/tutorial_taskflow_api_virtualenv.py
[2024-09-19T06:25:09.093+0000] {logging_mixin.py:190} INFO - [2024-09-19T06:25:09.093+0000] {dag.py:3229} INFO - Sync 1 DAGs
[2024-09-19T06:25:09.096+0000] {logging_mixin.py:190} INFO - [2024-09-19T06:25:09.096+0000] {dag.py:4156} INFO - Setting next_dagrun for tutorial_taskflow_api_virtualenv to None, run_after=None
[2024-09-19T06:25:09.102+0000] {processor.py:208} INFO - Processing /Users/omer/anaconda3/lib/python3.11/site-packages/airflow/example_dags/tutorial_taskflow_api_virtualenv.py took 0.093 seconds
