[2024-09-19T00:32:12.517+0000] {processor.py:186} INFO - Started process (PID=24542) to work on /Users/omer/anaconda3/lib/python3.11/site-packages/airflow/example_dags/tutorial_objectstorage.py
[2024-09-19T00:32:12.518+0000] {processor.py:914} INFO - Processing file /Users/omer/anaconda3/lib/python3.11/site-packages/airflow/example_dags/tutorial_objectstorage.py for tasks to queue
[2024-09-19T00:32:12.518+0000] {logging_mixin.py:190} INFO - [2024-09-19T00:32:12.518+0000] {dagbag.py:587} INFO - Filling up the DagBag from /Users/omer/anaconda3/lib/python3.11/site-packages/airflow/example_dags/tutorial_objectstorage.py
[2024-09-19T00:32:12.528+0000] {processor.py:925} INFO - DAG(s) 'tutorial_objectstorage' retrieved from /Users/omer/anaconda3/lib/python3.11/site-packages/airflow/example_dags/tutorial_objectstorage.py
[2024-09-19T00:32:12.552+0000] {logging_mixin.py:190} INFO - [2024-09-19T00:32:12.552+0000] {dag.py:3229} INFO - Sync 1 DAGs
[2024-09-19T00:32:12.555+0000] {logging_mixin.py:190} INFO - [2024-09-19T00:32:12.555+0000] {dag.py:4156} INFO - Setting next_dagrun for tutorial_objectstorage to None, run_after=None
[2024-09-19T00:32:12.560+0000] {processor.py:208} INFO - Processing /Users/omer/anaconda3/lib/python3.11/site-packages/airflow/example_dags/tutorial_objectstorage.py took 0.044 seconds
[2024-09-19T00:54:08.929+0000] {processor.py:186} INFO - Started process (PID=24641) to work on /Users/omer/anaconda3/lib/python3.11/site-packages/airflow/example_dags/tutorial_objectstorage.py
[2024-09-19T00:54:08.930+0000] {processor.py:914} INFO - Processing file /Users/omer/anaconda3/lib/python3.11/site-packages/airflow/example_dags/tutorial_objectstorage.py for tasks to queue
[2024-09-19T00:54:08.931+0000] {logging_mixin.py:190} INFO - [2024-09-19T00:54:08.931+0000] {dagbag.py:587} INFO - Filling up the DagBag from /Users/omer/anaconda3/lib/python3.11/site-packages/airflow/example_dags/tutorial_objectstorage.py
[2024-09-19T00:54:08.941+0000] {processor.py:925} INFO - DAG(s) 'tutorial_objectstorage' retrieved from /Users/omer/anaconda3/lib/python3.11/site-packages/airflow/example_dags/tutorial_objectstorage.py
[2024-09-19T00:54:08.965+0000] {logging_mixin.py:190} INFO - [2024-09-19T00:54:08.965+0000] {dag.py:3229} INFO - Sync 1 DAGs
[2024-09-19T00:54:08.968+0000] {logging_mixin.py:190} INFO - [2024-09-19T00:54:08.968+0000] {dag.py:4156} INFO - Setting next_dagrun for tutorial_objectstorage to None, run_after=None
[2024-09-19T00:54:08.973+0000] {processor.py:208} INFO - Processing /Users/omer/anaconda3/lib/python3.11/site-packages/airflow/example_dags/tutorial_objectstorage.py took 0.045 seconds
[2024-09-19T01:43:39.243+0000] {processor.py:186} INFO - Started process (PID=24754) to work on /Users/omer/anaconda3/lib/python3.11/site-packages/airflow/example_dags/tutorial_objectstorage.py
[2024-09-19T01:43:39.243+0000] {processor.py:914} INFO - Processing file /Users/omer/anaconda3/lib/python3.11/site-packages/airflow/example_dags/tutorial_objectstorage.py for tasks to queue
[2024-09-19T01:43:39.244+0000] {logging_mixin.py:190} INFO - [2024-09-19T01:43:39.244+0000] {dagbag.py:587} INFO - Filling up the DagBag from /Users/omer/anaconda3/lib/python3.11/site-packages/airflow/example_dags/tutorial_objectstorage.py
[2024-09-19T01:43:39.254+0000] {processor.py:925} INFO - DAG(s) 'tutorial_objectstorage' retrieved from /Users/omer/anaconda3/lib/python3.11/site-packages/airflow/example_dags/tutorial_objectstorage.py
[2024-09-19T01:43:39.278+0000] {logging_mixin.py:190} INFO - [2024-09-19T01:43:39.278+0000] {dag.py:3229} INFO - Sync 1 DAGs
[2024-09-19T01:43:39.281+0000] {logging_mixin.py:190} INFO - [2024-09-19T01:43:39.281+0000] {dag.py:4156} INFO - Setting next_dagrun for tutorial_objectstorage to None, run_after=None
[2024-09-19T01:43:39.286+0000] {processor.py:208} INFO - Processing /Users/omer/anaconda3/lib/python3.11/site-packages/airflow/example_dags/tutorial_objectstorage.py took 0.044 seconds
[2024-09-19T02:23:28.845+0000] {processor.py:186} INFO - Started process (PID=24892) to work on /Users/omer/anaconda3/lib/python3.11/site-packages/airflow/example_dags/tutorial_objectstorage.py
[2024-09-19T02:23:28.846+0000] {processor.py:914} INFO - Processing file /Users/omer/anaconda3/lib/python3.11/site-packages/airflow/example_dags/tutorial_objectstorage.py for tasks to queue
[2024-09-19T02:23:28.846+0000] {logging_mixin.py:190} INFO - [2024-09-19T02:23:28.846+0000] {dagbag.py:587} INFO - Filling up the DagBag from /Users/omer/anaconda3/lib/python3.11/site-packages/airflow/example_dags/tutorial_objectstorage.py
[2024-09-19T02:23:28.857+0000] {processor.py:925} INFO - DAG(s) 'tutorial_objectstorage' retrieved from /Users/omer/anaconda3/lib/python3.11/site-packages/airflow/example_dags/tutorial_objectstorage.py
[2024-09-19T02:23:28.881+0000] {logging_mixin.py:190} INFO - [2024-09-19T02:23:28.881+0000] {dag.py:3229} INFO - Sync 1 DAGs
[2024-09-19T02:23:28.884+0000] {logging_mixin.py:190} INFO - [2024-09-19T02:23:28.884+0000] {dag.py:4156} INFO - Setting next_dagrun for tutorial_objectstorage to None, run_after=None
[2024-09-19T02:23:28.889+0000] {processor.py:208} INFO - Processing /Users/omer/anaconda3/lib/python3.11/site-packages/airflow/example_dags/tutorial_objectstorage.py took 0.044 seconds
[2024-09-19T03:03:00.984+0000] {processor.py:186} INFO - Started process (PID=24998) to work on /Users/omer/anaconda3/lib/python3.11/site-packages/airflow/example_dags/tutorial_objectstorage.py
[2024-09-19T03:03:00.984+0000] {processor.py:914} INFO - Processing file /Users/omer/anaconda3/lib/python3.11/site-packages/airflow/example_dags/tutorial_objectstorage.py for tasks to queue
[2024-09-19T03:03:00.984+0000] {logging_mixin.py:190} INFO - [2024-09-19T03:03:00.984+0000] {dagbag.py:587} INFO - Filling up the DagBag from /Users/omer/anaconda3/lib/python3.11/site-packages/airflow/example_dags/tutorial_objectstorage.py
[2024-09-19T03:03:00.995+0000] {processor.py:925} INFO - DAG(s) 'tutorial_objectstorage' retrieved from /Users/omer/anaconda3/lib/python3.11/site-packages/airflow/example_dags/tutorial_objectstorage.py
[2024-09-19T03:03:01.019+0000] {logging_mixin.py:190} INFO - [2024-09-19T03:03:01.019+0000] {dag.py:3229} INFO - Sync 1 DAGs
[2024-09-19T03:03:01.021+0000] {logging_mixin.py:190} INFO - [2024-09-19T03:03:01.021+0000] {dag.py:4156} INFO - Setting next_dagrun for tutorial_objectstorage to None, run_after=None
[2024-09-19T03:03:01.027+0000] {processor.py:208} INFO - Processing /Users/omer/anaconda3/lib/python3.11/site-packages/airflow/example_dags/tutorial_objectstorage.py took 0.044 seconds
[2024-09-19T03:40:22.173+0000] {processor.py:186} INFO - Started process (PID=25149) to work on /Users/omer/anaconda3/lib/python3.11/site-packages/airflow/example_dags/tutorial_objectstorage.py
[2024-09-19T03:40:22.173+0000] {processor.py:914} INFO - Processing file /Users/omer/anaconda3/lib/python3.11/site-packages/airflow/example_dags/tutorial_objectstorage.py for tasks to queue
[2024-09-19T03:40:22.174+0000] {logging_mixin.py:190} INFO - [2024-09-19T03:40:22.174+0000] {dagbag.py:587} INFO - Filling up the DagBag from /Users/omer/anaconda3/lib/python3.11/site-packages/airflow/example_dags/tutorial_objectstorage.py
[2024-09-19T03:40:22.184+0000] {processor.py:925} INFO - DAG(s) 'tutorial_objectstorage' retrieved from /Users/omer/anaconda3/lib/python3.11/site-packages/airflow/example_dags/tutorial_objectstorage.py
[2024-09-19T03:40:22.210+0000] {logging_mixin.py:190} INFO - [2024-09-19T03:40:22.210+0000] {dag.py:3229} INFO - Sync 1 DAGs
[2024-09-19T03:40:22.213+0000] {logging_mixin.py:190} INFO - [2024-09-19T03:40:22.213+0000] {dag.py:4156} INFO - Setting next_dagrun for tutorial_objectstorage to None, run_after=None
[2024-09-19T03:40:22.219+0000] {processor.py:208} INFO - Processing /Users/omer/anaconda3/lib/python3.11/site-packages/airflow/example_dags/tutorial_objectstorage.py took 0.047 seconds
[2024-09-19T04:03:00.516+0000] {processor.py:186} INFO - Started process (PID=25269) to work on /Users/omer/anaconda3/lib/python3.11/site-packages/airflow/example_dags/tutorial_objectstorage.py
[2024-09-19T04:03:00.517+0000] {processor.py:914} INFO - Processing file /Users/omer/anaconda3/lib/python3.11/site-packages/airflow/example_dags/tutorial_objectstorage.py for tasks to queue
[2024-09-19T04:03:00.517+0000] {logging_mixin.py:190} INFO - [2024-09-19T04:03:00.517+0000] {dagbag.py:587} INFO - Filling up the DagBag from /Users/omer/anaconda3/lib/python3.11/site-packages/airflow/example_dags/tutorial_objectstorage.py
[2024-09-19T04:03:00.528+0000] {processor.py:925} INFO - DAG(s) 'tutorial_objectstorage' retrieved from /Users/omer/anaconda3/lib/python3.11/site-packages/airflow/example_dags/tutorial_objectstorage.py
[2024-09-19T04:03:00.552+0000] {logging_mixin.py:190} INFO - [2024-09-19T04:03:00.552+0000] {dag.py:3229} INFO - Sync 1 DAGs
[2024-09-19T04:03:00.555+0000] {logging_mixin.py:190} INFO - [2024-09-19T04:03:00.555+0000] {dag.py:4156} INFO - Setting next_dagrun for tutorial_objectstorage to None, run_after=None
[2024-09-19T04:03:00.560+0000] {processor.py:208} INFO - Processing /Users/omer/anaconda3/lib/python3.11/site-packages/airflow/example_dags/tutorial_objectstorage.py took 0.044 seconds
[2024-09-19T04:41:45.155+0000] {processor.py:186} INFO - Started process (PID=25390) to work on /Users/omer/anaconda3/lib/python3.11/site-packages/airflow/example_dags/tutorial_objectstorage.py
[2024-09-19T04:41:45.155+0000] {processor.py:914} INFO - Processing file /Users/omer/anaconda3/lib/python3.11/site-packages/airflow/example_dags/tutorial_objectstorage.py for tasks to queue
[2024-09-19T04:41:45.155+0000] {logging_mixin.py:190} INFO - [2024-09-19T04:41:45.155+0000] {dagbag.py:587} INFO - Filling up the DagBag from /Users/omer/anaconda3/lib/python3.11/site-packages/airflow/example_dags/tutorial_objectstorage.py
[2024-09-19T04:41:45.166+0000] {processor.py:925} INFO - DAG(s) 'tutorial_objectstorage' retrieved from /Users/omer/anaconda3/lib/python3.11/site-packages/airflow/example_dags/tutorial_objectstorage.py
[2024-09-19T04:41:45.189+0000] {logging_mixin.py:190} INFO - [2024-09-19T04:41:45.189+0000] {dag.py:3229} INFO - Sync 1 DAGs
[2024-09-19T04:41:45.192+0000] {logging_mixin.py:190} INFO - [2024-09-19T04:41:45.192+0000] {dag.py:4156} INFO - Setting next_dagrun for tutorial_objectstorage to None, run_after=None
[2024-09-19T04:41:45.197+0000] {processor.py:208} INFO - Processing /Users/omer/anaconda3/lib/python3.11/site-packages/airflow/example_dags/tutorial_objectstorage.py took 0.043 seconds
[2024-09-19T05:19:35.716+0000] {processor.py:186} INFO - Started process (PID=25510) to work on /Users/omer/anaconda3/lib/python3.11/site-packages/airflow/example_dags/tutorial_objectstorage.py
[2024-09-19T05:19:35.717+0000] {processor.py:914} INFO - Processing file /Users/omer/anaconda3/lib/python3.11/site-packages/airflow/example_dags/tutorial_objectstorage.py for tasks to queue
[2024-09-19T05:19:35.717+0000] {logging_mixin.py:190} INFO - [2024-09-19T05:19:35.717+0000] {dagbag.py:587} INFO - Filling up the DagBag from /Users/omer/anaconda3/lib/python3.11/site-packages/airflow/example_dags/tutorial_objectstorage.py
[2024-09-19T05:19:35.728+0000] {processor.py:925} INFO - DAG(s) 'tutorial_objectstorage' retrieved from /Users/omer/anaconda3/lib/python3.11/site-packages/airflow/example_dags/tutorial_objectstorage.py
[2024-09-19T05:19:35.752+0000] {logging_mixin.py:190} INFO - [2024-09-19T05:19:35.752+0000] {dag.py:3229} INFO - Sync 1 DAGs
[2024-09-19T05:19:35.755+0000] {logging_mixin.py:190} INFO - [2024-09-19T05:19:35.755+0000] {dag.py:4156} INFO - Setting next_dagrun for tutorial_objectstorage to None, run_after=None
[2024-09-19T05:19:35.760+0000] {processor.py:208} INFO - Processing /Users/omer/anaconda3/lib/python3.11/site-packages/airflow/example_dags/tutorial_objectstorage.py took 0.045 seconds
[2024-09-19T05:59:07.449+0000] {processor.py:186} INFO - Started process (PID=25630) to work on /Users/omer/anaconda3/lib/python3.11/site-packages/airflow/example_dags/tutorial_objectstorage.py
[2024-09-19T05:59:07.450+0000] {processor.py:914} INFO - Processing file /Users/omer/anaconda3/lib/python3.11/site-packages/airflow/example_dags/tutorial_objectstorage.py for tasks to queue
[2024-09-19T05:59:07.450+0000] {logging_mixin.py:190} INFO - [2024-09-19T05:59:07.450+0000] {dagbag.py:587} INFO - Filling up the DagBag from /Users/omer/anaconda3/lib/python3.11/site-packages/airflow/example_dags/tutorial_objectstorage.py
[2024-09-19T05:59:07.461+0000] {processor.py:925} INFO - DAG(s) 'tutorial_objectstorage' retrieved from /Users/omer/anaconda3/lib/python3.11/site-packages/airflow/example_dags/tutorial_objectstorage.py
[2024-09-19T05:59:07.484+0000] {logging_mixin.py:190} INFO - [2024-09-19T05:59:07.484+0000] {dag.py:3229} INFO - Sync 1 DAGs
[2024-09-19T05:59:07.487+0000] {logging_mixin.py:190} INFO - [2024-09-19T05:59:07.487+0000] {dag.py:4156} INFO - Setting next_dagrun for tutorial_objectstorage to None, run_after=None
[2024-09-19T05:59:07.492+0000] {processor.py:208} INFO - Processing /Users/omer/anaconda3/lib/python3.11/site-packages/airflow/example_dags/tutorial_objectstorage.py took 0.044 seconds
[2024-09-19T06:15:43.414+0000] {processor.py:186} INFO - Started process (PID=25743) to work on /Users/omer/anaconda3/lib/python3.11/site-packages/airflow/example_dags/tutorial_objectstorage.py
[2024-09-19T06:15:43.415+0000] {processor.py:914} INFO - Processing file /Users/omer/anaconda3/lib/python3.11/site-packages/airflow/example_dags/tutorial_objectstorage.py for tasks to queue
[2024-09-19T06:15:43.415+0000] {logging_mixin.py:190} INFO - [2024-09-19T06:15:43.415+0000] {dagbag.py:587} INFO - Filling up the DagBag from /Users/omer/anaconda3/lib/python3.11/site-packages/airflow/example_dags/tutorial_objectstorage.py
[2024-09-19T06:15:43.426+0000] {processor.py:925} INFO - DAG(s) 'tutorial_objectstorage' retrieved from /Users/omer/anaconda3/lib/python3.11/site-packages/airflow/example_dags/tutorial_objectstorage.py
[2024-09-19T06:15:43.450+0000] {logging_mixin.py:190} INFO - [2024-09-19T06:15:43.450+0000] {dag.py:3229} INFO - Sync 1 DAGs
[2024-09-19T06:15:43.452+0000] {logging_mixin.py:190} INFO - [2024-09-19T06:15:43.452+0000] {dag.py:4156} INFO - Setting next_dagrun for tutorial_objectstorage to None, run_after=None
[2024-09-19T06:15:43.458+0000] {processor.py:208} INFO - Processing /Users/omer/anaconda3/lib/python3.11/site-packages/airflow/example_dags/tutorial_objectstorage.py took 0.044 seconds
[2024-09-19T06:17:06.011+0000] {processor.py:186} INFO - Started process (PID=25857) to work on /Users/omer/anaconda3/lib/python3.11/site-packages/airflow/example_dags/tutorial_objectstorage.py
[2024-09-19T06:17:06.012+0000] {processor.py:914} INFO - Processing file /Users/omer/anaconda3/lib/python3.11/site-packages/airflow/example_dags/tutorial_objectstorage.py for tasks to queue
[2024-09-19T06:17:06.013+0000] {logging_mixin.py:190} INFO - [2024-09-19T06:17:06.013+0000] {dagbag.py:587} INFO - Filling up the DagBag from /Users/omer/anaconda3/lib/python3.11/site-packages/airflow/example_dags/tutorial_objectstorage.py
[2024-09-19T06:17:06.023+0000] {processor.py:925} INFO - DAG(s) 'tutorial_objectstorage' retrieved from /Users/omer/anaconda3/lib/python3.11/site-packages/airflow/example_dags/tutorial_objectstorage.py
[2024-09-19T06:17:06.049+0000] {logging_mixin.py:190} INFO - [2024-09-19T06:17:06.049+0000] {dag.py:3229} INFO - Sync 1 DAGs
[2024-09-19T06:17:06.052+0000] {logging_mixin.py:190} INFO - [2024-09-19T06:17:06.052+0000] {dag.py:4156} INFO - Setting next_dagrun for tutorial_objectstorage to None, run_after=None
[2024-09-19T06:17:06.057+0000] {processor.py:208} INFO - Processing /Users/omer/anaconda3/lib/python3.11/site-packages/airflow/example_dags/tutorial_objectstorage.py took 0.047 seconds
[2024-09-19T06:18:19.474+0000] {processor.py:186} INFO - Started process (PID=25945) to work on /Users/omer/anaconda3/lib/python3.11/site-packages/airflow/example_dags/tutorial_objectstorage.py
[2024-09-19T06:18:19.475+0000] {processor.py:914} INFO - Processing file /Users/omer/anaconda3/lib/python3.11/site-packages/airflow/example_dags/tutorial_objectstorage.py for tasks to queue
[2024-09-19T06:18:19.475+0000] {logging_mixin.py:190} INFO - [2024-09-19T06:18:19.475+0000] {dagbag.py:587} INFO - Filling up the DagBag from /Users/omer/anaconda3/lib/python3.11/site-packages/airflow/example_dags/tutorial_objectstorage.py
[2024-09-19T06:18:19.486+0000] {processor.py:925} INFO - DAG(s) 'tutorial_objectstorage' retrieved from /Users/omer/anaconda3/lib/python3.11/site-packages/airflow/example_dags/tutorial_objectstorage.py
[2024-09-19T06:18:19.511+0000] {logging_mixin.py:190} INFO - [2024-09-19T06:18:19.510+0000] {dag.py:3229} INFO - Sync 1 DAGs
[2024-09-19T06:18:19.513+0000] {logging_mixin.py:190} INFO - [2024-09-19T06:18:19.513+0000] {dag.py:4156} INFO - Setting next_dagrun for tutorial_objectstorage to None, run_after=None
[2024-09-19T06:18:19.519+0000] {processor.py:208} INFO - Processing /Users/omer/anaconda3/lib/python3.11/site-packages/airflow/example_dags/tutorial_objectstorage.py took 0.045 seconds
[2024-09-19T06:19:32.386+0000] {processor.py:186} INFO - Started process (PID=26038) to work on /Users/omer/anaconda3/lib/python3.11/site-packages/airflow/example_dags/tutorial_objectstorage.py
[2024-09-19T06:19:32.387+0000] {processor.py:914} INFO - Processing file /Users/omer/anaconda3/lib/python3.11/site-packages/airflow/example_dags/tutorial_objectstorage.py for tasks to queue
[2024-09-19T06:19:32.388+0000] {logging_mixin.py:190} INFO - [2024-09-19T06:19:32.388+0000] {dagbag.py:587} INFO - Filling up the DagBag from /Users/omer/anaconda3/lib/python3.11/site-packages/airflow/example_dags/tutorial_objectstorage.py
[2024-09-19T06:19:32.398+0000] {processor.py:925} INFO - DAG(s) 'tutorial_objectstorage' retrieved from /Users/omer/anaconda3/lib/python3.11/site-packages/airflow/example_dags/tutorial_objectstorage.py
[2024-09-19T06:19:32.424+0000] {logging_mixin.py:190} INFO - [2024-09-19T06:19:32.424+0000] {dag.py:3229} INFO - Sync 1 DAGs
[2024-09-19T06:19:32.427+0000] {logging_mixin.py:190} INFO - [2024-09-19T06:19:32.427+0000] {dag.py:4156} INFO - Setting next_dagrun for tutorial_objectstorage to None, run_after=None
[2024-09-19T06:19:32.432+0000] {processor.py:208} INFO - Processing /Users/omer/anaconda3/lib/python3.11/site-packages/airflow/example_dags/tutorial_objectstorage.py took 0.047 seconds
[2024-09-19T06:21:11.578+0000] {processor.py:186} INFO - Started process (PID=26236) to work on /Users/omer/anaconda3/lib/python3.11/site-packages/airflow/example_dags/tutorial_objectstorage.py
[2024-09-19T06:21:11.579+0000] {processor.py:914} INFO - Processing file /Users/omer/anaconda3/lib/python3.11/site-packages/airflow/example_dags/tutorial_objectstorage.py for tasks to queue
[2024-09-19T06:21:11.579+0000] {logging_mixin.py:190} INFO - [2024-09-19T06:21:11.579+0000] {dagbag.py:587} INFO - Filling up the DagBag from /Users/omer/anaconda3/lib/python3.11/site-packages/airflow/example_dags/tutorial_objectstorage.py
[2024-09-19T06:21:11.591+0000] {processor.py:925} INFO - DAG(s) 'tutorial_objectstorage' retrieved from /Users/omer/anaconda3/lib/python3.11/site-packages/airflow/example_dags/tutorial_objectstorage.py
[2024-09-19T06:21:11.616+0000] {logging_mixin.py:190} INFO - [2024-09-19T06:21:11.616+0000] {dag.py:3229} INFO - Sync 1 DAGs
[2024-09-19T06:21:11.619+0000] {logging_mixin.py:190} INFO - [2024-09-19T06:21:11.619+0000] {dag.py:4156} INFO - Setting next_dagrun for tutorial_objectstorage to None, run_after=None
[2024-09-19T06:21:11.624+0000] {processor.py:208} INFO - Processing /Users/omer/anaconda3/lib/python3.11/site-packages/airflow/example_dags/tutorial_objectstorage.py took 0.047 seconds
[2024-09-19T06:22:54.878+0000] {processor.py:186} INFO - Started process (PID=26374) to work on /Users/omer/anaconda3/lib/python3.11/site-packages/airflow/example_dags/tutorial_objectstorage.py
[2024-09-19T06:22:54.879+0000] {processor.py:914} INFO - Processing file /Users/omer/anaconda3/lib/python3.11/site-packages/airflow/example_dags/tutorial_objectstorage.py for tasks to queue
[2024-09-19T06:22:54.879+0000] {logging_mixin.py:190} INFO - [2024-09-19T06:22:54.879+0000] {dagbag.py:587} INFO - Filling up the DagBag from /Users/omer/anaconda3/lib/python3.11/site-packages/airflow/example_dags/tutorial_objectstorage.py
[2024-09-19T06:22:54.890+0000] {processor.py:925} INFO - DAG(s) 'tutorial_objectstorage' retrieved from /Users/omer/anaconda3/lib/python3.11/site-packages/airflow/example_dags/tutorial_objectstorage.py
[2024-09-19T06:22:54.916+0000] {logging_mixin.py:190} INFO - [2024-09-19T06:22:54.916+0000] {dag.py:3229} INFO - Sync 1 DAGs
[2024-09-19T06:22:54.919+0000] {logging_mixin.py:190} INFO - [2024-09-19T06:22:54.919+0000] {dag.py:4156} INFO - Setting next_dagrun for tutorial_objectstorage to None, run_after=None
[2024-09-19T06:22:54.924+0000] {processor.py:208} INFO - Processing /Users/omer/anaconda3/lib/python3.11/site-packages/airflow/example_dags/tutorial_objectstorage.py took 0.047 seconds
[2024-09-19T06:24:05.547+0000] {processor.py:186} INFO - Started process (PID=26441) to work on /Users/omer/anaconda3/lib/python3.11/site-packages/airflow/example_dags/tutorial_objectstorage.py
[2024-09-19T06:24:05.548+0000] {processor.py:914} INFO - Processing file /Users/omer/anaconda3/lib/python3.11/site-packages/airflow/example_dags/tutorial_objectstorage.py for tasks to queue
[2024-09-19T06:24:05.548+0000] {logging_mixin.py:190} INFO - [2024-09-19T06:24:05.548+0000] {dagbag.py:587} INFO - Filling up the DagBag from /Users/omer/anaconda3/lib/python3.11/site-packages/airflow/example_dags/tutorial_objectstorage.py
[2024-09-19T06:24:05.559+0000] {processor.py:925} INFO - DAG(s) 'tutorial_objectstorage' retrieved from /Users/omer/anaconda3/lib/python3.11/site-packages/airflow/example_dags/tutorial_objectstorage.py
[2024-09-19T06:24:05.584+0000] {logging_mixin.py:190} INFO - [2024-09-19T06:24:05.584+0000] {dag.py:3229} INFO - Sync 1 DAGs
[2024-09-19T06:24:05.587+0000] {logging_mixin.py:190} INFO - [2024-09-19T06:24:05.587+0000] {dag.py:4156} INFO - Setting next_dagrun for tutorial_objectstorage to None, run_after=None
[2024-09-19T06:24:05.592+0000] {processor.py:208} INFO - Processing /Users/omer/anaconda3/lib/python3.11/site-packages/airflow/example_dags/tutorial_objectstorage.py took 0.046 seconds
[2024-09-19T06:25:12.095+0000] {processor.py:186} INFO - Started process (PID=26561) to work on /Users/omer/anaconda3/lib/python3.11/site-packages/airflow/example_dags/tutorial_objectstorage.py
[2024-09-19T06:25:12.095+0000] {processor.py:914} INFO - Processing file /Users/omer/anaconda3/lib/python3.11/site-packages/airflow/example_dags/tutorial_objectstorage.py for tasks to queue
[2024-09-19T06:25:12.096+0000] {logging_mixin.py:190} INFO - [2024-09-19T06:25:12.096+0000] {dagbag.py:587} INFO - Filling up the DagBag from /Users/omer/anaconda3/lib/python3.11/site-packages/airflow/example_dags/tutorial_objectstorage.py
[2024-09-19T06:25:12.107+0000] {processor.py:925} INFO - DAG(s) 'tutorial_objectstorage' retrieved from /Users/omer/anaconda3/lib/python3.11/site-packages/airflow/example_dags/tutorial_objectstorage.py
[2024-09-19T06:25:12.134+0000] {logging_mixin.py:190} INFO - [2024-09-19T06:25:12.134+0000] {dag.py:3229} INFO - Sync 1 DAGs
[2024-09-19T06:25:12.137+0000] {logging_mixin.py:190} INFO - [2024-09-19T06:25:12.137+0000] {dag.py:4156} INFO - Setting next_dagrun for tutorial_objectstorage to None, run_after=None
[2024-09-19T06:25:12.143+0000] {processor.py:208} INFO - Processing /Users/omer/anaconda3/lib/python3.11/site-packages/airflow/example_dags/tutorial_objectstorage.py took 0.049 seconds
