[2024-09-19T13:05:07.957+0000] {local_task_job_runner.py:123} INFO - ::group::Pre task execution logs
[2024-09-19T13:05:07.961+0000] {taskinstance.py:2612} INFO - Dependencies all met for dep_context=non-requeueable deps ti=<TaskInstance: airflow_operators_dag.bash_task scheduled__2024-09-19T12:05:00+00:00 [queued]>
[2024-09-19T13:05:07.963+0000] {taskinstance.py:2612} INFO - Dependencies all met for dep_context=requeueable deps ti=<TaskInstance: airflow_operators_dag.bash_task scheduled__2024-09-19T12:05:00+00:00 [queued]>
[2024-09-19T13:05:07.963+0000] {taskinstance.py:2865} INFO - Starting attempt 1 of 2
[2024-09-19T13:05:07.997+0000] {taskinstance.py:2888} INFO - Executing <Task(BashOperator): bash_task> on 2024-09-19 12:05:00+00:00
[2024-09-19T13:05:07.999+0000] {standard_task_runner.py:72} INFO - Started process 41286 to run task
[2024-09-19T13:05:08.001+0000] {standard_task_runner.py:104} INFO - Running: ['airflow', 'tasks', 'run', 'airflow_operators_dag', 'bash_task', 'scheduled__2024-09-19T12:05:00+00:00', '--job-id', '27', '--raw', '--subdir', 'DAGS_FOLDER/operator_dag.py', '--cfg-path', '/var/folders/gv/71l1ft2j16519jw9fxm_939h0000gn/T/tmpmjzm7dwd']
[2024-09-19T13:05:08.003+0000] {standard_task_runner.py:105} INFO - Job 27: Subtask bash_task
[2024-09-19T13:05:08.014+0000] {task_command.py:467} INFO - Running <TaskInstance: airflow_operators_dag.bash_task scheduled__2024-09-19T12:05:00+00:00 [running]> on host FOTSOs-MBP
[2024-09-19T13:05:08.030+0000] {taskinstance.py:3131} INFO - Exporting env vars: AIRFLOW_CTX_DAG_OWNER='airflow' AIRFLOW_CTX_DAG_ID='airflow_operators_dag' AIRFLOW_CTX_TASK_ID='bash_task' AIRFLOW_CTX_EXECUTION_DATE='2024-09-19T12:05:00+00:00' AIRFLOW_CTX_TRY_NUMBER='1' AIRFLOW_CTX_DAG_RUN_ID='scheduled__2024-09-19T12:05:00+00:00'
[2024-09-19T13:05:08.031+0000] {taskinstance.py:731} INFO - ::endgroup::
[2024-09-19T13:05:08.038+0000] {subprocess.py:63} INFO - Tmp dir root location: /var/folders/gv/71l1ft2j16519jw9fxm_939h0000gn/T
[2024-09-19T13:05:08.038+0000] {subprocess.py:75} INFO - Running command: ['/bin/bash', '-c', 'echo "Running Bash task"']
[2024-09-19T13:05:08.040+0000] {subprocess.py:86} INFO - Output:
[2024-09-19T13:05:08.044+0000] {subprocess.py:93} INFO - Running Bash task
[2024-09-19T13:05:08.044+0000] {subprocess.py:97} INFO - Command exited with return code 0
[2024-09-19T13:05:08.049+0000] {taskinstance.py:340} INFO - ::group::Post task execution logs
[2024-09-19T13:05:08.049+0000] {taskinstance.py:352} INFO - Marking task as SUCCESS. dag_id=airflow_operators_dag, task_id=bash_task, run_id=scheduled__2024-09-19T12:05:00+00:00, execution_date=20240919T120500, start_date=20240919T130507, end_date=20240919T130508
[2024-09-19T13:05:08.064+0000] {local_task_job_runner.py:266} INFO - Task exited with return code 0
[2024-09-19T13:05:08.069+0000] {taskinstance.py:3900} INFO - 1 downstream tasks scheduled from follow-on schedule check
[2024-09-19T13:05:08.070+0000] {local_task_job_runner.py:245} INFO - ::endgroup::
