[2024-09-19T11:06:41.643+0000] {local_task_job_runner.py:123} INFO - ::group::Pre task execution logs
[2024-09-19T11:06:41.647+0000] {taskinstance.py:2612} INFO - Dependencies all met for dep_context=non-requeueable deps ti=<TaskInstance: airflow_operators_dag.bash_task scheduled__2024-09-19T10:05:00+00:00 [queued]>
[2024-09-19T11:06:41.649+0000] {taskinstance.py:2612} INFO - Dependencies all met for dep_context=requeueable deps ti=<TaskInstance: airflow_operators_dag.bash_task scheduled__2024-09-19T10:05:00+00:00 [queued]>
[2024-09-19T11:06:41.650+0000] {taskinstance.py:2865} INFO - Starting attempt 1 of 2
[2024-09-19T11:06:41.687+0000] {taskinstance.py:2888} INFO - Executing <Task(BashOperator): bash_task> on 2024-09-19 10:05:00+00:00
[2024-09-19T11:06:41.690+0000] {standard_task_runner.py:72} INFO - Started process 38114 to run task
[2024-09-19T11:06:41.692+0000] {standard_task_runner.py:104} INFO - Running: ['airflow', 'tasks', 'run', 'airflow_operators_dag', 'bash_task', 'scheduled__2024-09-19T10:05:00+00:00', '--job-id', '23', '--raw', '--subdir', 'DAGS_FOLDER/operator_dag.py', '--cfg-path', '/var/folders/gv/71l1ft2j16519jw9fxm_939h0000gn/T/tmp7ccqypwy']
[2024-09-19T11:06:41.694+0000] {standard_task_runner.py:105} INFO - Job 23: Subtask bash_task
[2024-09-19T11:06:41.706+0000] {task_command.py:467} INFO - Running <TaskInstance: airflow_operators_dag.bash_task scheduled__2024-09-19T10:05:00+00:00 [running]> on host FOTSOs-MacBook-Pro.local
[2024-09-19T11:06:41.722+0000] {taskinstance.py:3131} INFO - Exporting env vars: AIRFLOW_CTX_DAG_OWNER='airflow' AIRFLOW_CTX_DAG_ID='airflow_operators_dag' AIRFLOW_CTX_TASK_ID='bash_task' AIRFLOW_CTX_EXECUTION_DATE='2024-09-19T10:05:00+00:00' AIRFLOW_CTX_TRY_NUMBER='1' AIRFLOW_CTX_DAG_RUN_ID='scheduled__2024-09-19T10:05:00+00:00'
[2024-09-19T11:06:41.722+0000] {taskinstance.py:731} INFO - ::endgroup::
[2024-09-19T11:06:41.729+0000] {subprocess.py:63} INFO - Tmp dir root location: /var/folders/gv/71l1ft2j16519jw9fxm_939h0000gn/T
[2024-09-19T11:06:41.729+0000] {subprocess.py:75} INFO - Running command: ['/bin/bash', '-c', 'echo "Running Bash task"']
[2024-09-19T11:06:41.732+0000] {subprocess.py:86} INFO - Output:
[2024-09-19T11:06:41.735+0000] {subprocess.py:93} INFO - Running Bash task
[2024-09-19T11:06:41.735+0000] {subprocess.py:97} INFO - Command exited with return code 0
[2024-09-19T11:06:41.740+0000] {taskinstance.py:340} INFO - ::group::Post task execution logs
[2024-09-19T11:06:41.741+0000] {taskinstance.py:352} INFO - Marking task as SUCCESS. dag_id=airflow_operators_dag, task_id=bash_task, run_id=scheduled__2024-09-19T10:05:00+00:00, execution_date=20240919T100500, start_date=20240919T110641, end_date=20240919T110641
[2024-09-19T11:06:41.766+0000] {local_task_job_runner.py:266} INFO - Task exited with return code 0
[2024-09-19T11:06:41.771+0000] {taskinstance.py:3900} INFO - 1 downstream tasks scheduled from follow-on schedule check
[2024-09-19T11:06:41.772+0000] {local_task_job_runner.py:245} INFO - ::endgroup::
