[2024-09-18T14:48:30.679+0000] {processor.py:186} INFO - Started process (PID=93846) to work on /Users/omer/Desktop/MLOPS/7day/.env/lib/python3.11/site-packages/airflow/example_dags/plugins/event_listener.py
[2024-09-18T14:48:30.679+0000] {processor.py:914} INFO - Processing file /Users/omer/Desktop/MLOPS/7day/.env/lib/python3.11/site-packages/airflow/example_dags/plugins/event_listener.py for tasks to queue
[2024-09-18T14:48:30.679+0000] {logging_mixin.py:190} INFO - [2024-09-18T14:48:30.679+0000] {dagbag.py:587} INFO - Filling up the DagBag from /Users/omer/Desktop/MLOPS/7day/.env/lib/python3.11/site-packages/airflow/example_dags/plugins/event_listener.py
[2024-09-18T14:48:30.679+0000] {processor.py:927} WARNING - No viable dags retrieved from /Users/omer/Desktop/MLOPS/7day/.env/lib/python3.11/site-packages/airflow/example_dags/plugins/event_listener.py
[2024-09-18T14:48:30.702+0000] {processor.py:208} INFO - Processing /Users/omer/Desktop/MLOPS/7day/.env/lib/python3.11/site-packages/airflow/example_dags/plugins/event_listener.py took 0.024 seconds
[2024-09-18T14:49:50.774+0000] {processor.py:186} INFO - Started process (PID=94086) to work on /Users/omer/Desktop/MLOPS/7day/.env/lib/python3.11/site-packages/airflow/example_dags/plugins/event_listener.py
[2024-09-18T14:49:50.774+0000] {processor.py:914} INFO - Processing file /Users/omer/Desktop/MLOPS/7day/.env/lib/python3.11/site-packages/airflow/example_dags/plugins/event_listener.py for tasks to queue
[2024-09-18T14:49:50.774+0000] {logging_mixin.py:190} INFO - [2024-09-18T14:49:50.774+0000] {dagbag.py:587} INFO - Filling up the DagBag from /Users/omer/Desktop/MLOPS/7day/.env/lib/python3.11/site-packages/airflow/example_dags/plugins/event_listener.py
[2024-09-18T14:49:50.775+0000] {processor.py:927} WARNING - No viable dags retrieved from /Users/omer/Desktop/MLOPS/7day/.env/lib/python3.11/site-packages/airflow/example_dags/plugins/event_listener.py
[2024-09-18T14:49:50.798+0000] {processor.py:208} INFO - Processing /Users/omer/Desktop/MLOPS/7day/.env/lib/python3.11/site-packages/airflow/example_dags/plugins/event_listener.py took 0.025 seconds
[2024-09-18T14:50:40.573+0000] {processor.py:186} INFO - Started process (PID=94223) to work on /Users/omer/Desktop/MLOPS/7day/.env/lib/python3.11/site-packages/airflow/example_dags/plugins/event_listener.py
[2024-09-18T14:50:40.574+0000] {processor.py:914} INFO - Processing file /Users/omer/Desktop/MLOPS/7day/.env/lib/python3.11/site-packages/airflow/example_dags/plugins/event_listener.py for tasks to queue
[2024-09-18T14:50:40.574+0000] {logging_mixin.py:190} INFO - [2024-09-18T14:50:40.574+0000] {dagbag.py:587} INFO - Filling up the DagBag from /Users/omer/Desktop/MLOPS/7day/.env/lib/python3.11/site-packages/airflow/example_dags/plugins/event_listener.py
[2024-09-18T14:50:40.575+0000] {processor.py:927} WARNING - No viable dags retrieved from /Users/omer/Desktop/MLOPS/7day/.env/lib/python3.11/site-packages/airflow/example_dags/plugins/event_listener.py
[2024-09-18T14:50:40.597+0000] {processor.py:208} INFO - Processing /Users/omer/Desktop/MLOPS/7day/.env/lib/python3.11/site-packages/airflow/example_dags/plugins/event_listener.py took 0.025 seconds
[2024-09-18T14:51:29.385+0000] {processor.py:186} INFO - Started process (PID=94337) to work on /Users/omer/Desktop/MLOPS/7day/.env/lib/python3.11/site-packages/airflow/example_dags/plugins/event_listener.py
[2024-09-18T14:51:29.386+0000] {processor.py:914} INFO - Processing file /Users/omer/Desktop/MLOPS/7day/.env/lib/python3.11/site-packages/airflow/example_dags/plugins/event_listener.py for tasks to queue
[2024-09-18T14:51:29.386+0000] {logging_mixin.py:190} INFO - [2024-09-18T14:51:29.386+0000] {dagbag.py:587} INFO - Filling up the DagBag from /Users/omer/Desktop/MLOPS/7day/.env/lib/python3.11/site-packages/airflow/example_dags/plugins/event_listener.py
[2024-09-18T14:51:29.387+0000] {processor.py:927} WARNING - No viable dags retrieved from /Users/omer/Desktop/MLOPS/7day/.env/lib/python3.11/site-packages/airflow/example_dags/plugins/event_listener.py
[2024-09-18T14:51:29.410+0000] {processor.py:208} INFO - Processing /Users/omer/Desktop/MLOPS/7day/.env/lib/python3.11/site-packages/airflow/example_dags/plugins/event_listener.py took 0.026 seconds
[2024-09-18T14:52:19.849+0000] {processor.py:186} INFO - Started process (PID=94452) to work on /Users/omer/Desktop/MLOPS/7day/.env/lib/python3.11/site-packages/airflow/example_dags/plugins/event_listener.py
[2024-09-18T14:52:19.850+0000] {processor.py:914} INFO - Processing file /Users/omer/Desktop/MLOPS/7day/.env/lib/python3.11/site-packages/airflow/example_dags/plugins/event_listener.py for tasks to queue
[2024-09-18T14:52:19.850+0000] {logging_mixin.py:190} INFO - [2024-09-18T14:52:19.850+0000] {dagbag.py:587} INFO - Filling up the DagBag from /Users/omer/Desktop/MLOPS/7day/.env/lib/python3.11/site-packages/airflow/example_dags/plugins/event_listener.py
[2024-09-18T14:52:19.851+0000] {processor.py:927} WARNING - No viable dags retrieved from /Users/omer/Desktop/MLOPS/7day/.env/lib/python3.11/site-packages/airflow/example_dags/plugins/event_listener.py
[2024-09-18T14:52:19.874+0000] {processor.py:208} INFO - Processing /Users/omer/Desktop/MLOPS/7day/.env/lib/python3.11/site-packages/airflow/example_dags/plugins/event_listener.py took 0.026 seconds
[2024-09-18T14:53:11.164+0000] {processor.py:186} INFO - Started process (PID=94544) to work on /Users/omer/Desktop/MLOPS/7day/.env/lib/python3.11/site-packages/airflow/example_dags/plugins/event_listener.py
[2024-09-18T14:53:11.165+0000] {processor.py:914} INFO - Processing file /Users/omer/Desktop/MLOPS/7day/.env/lib/python3.11/site-packages/airflow/example_dags/plugins/event_listener.py for tasks to queue
[2024-09-18T14:53:11.166+0000] {logging_mixin.py:190} INFO - [2024-09-18T14:53:11.166+0000] {dagbag.py:587} INFO - Filling up the DagBag from /Users/omer/Desktop/MLOPS/7day/.env/lib/python3.11/site-packages/airflow/example_dags/plugins/event_listener.py
[2024-09-18T14:53:11.167+0000] {processor.py:927} WARNING - No viable dags retrieved from /Users/omer/Desktop/MLOPS/7day/.env/lib/python3.11/site-packages/airflow/example_dags/plugins/event_listener.py
[2024-09-18T14:53:11.197+0000] {processor.py:208} INFO - Processing /Users/omer/Desktop/MLOPS/7day/.env/lib/python3.11/site-packages/airflow/example_dags/plugins/event_listener.py took 0.034 seconds
[2024-09-18T14:54:01.000+0000] {processor.py:186} INFO - Started process (PID=94627) to work on /Users/omer/Desktop/MLOPS/7day/.env/lib/python3.11/site-packages/airflow/example_dags/plugins/event_listener.py
[2024-09-18T14:54:01.001+0000] {processor.py:914} INFO - Processing file /Users/omer/Desktop/MLOPS/7day/.env/lib/python3.11/site-packages/airflow/example_dags/plugins/event_listener.py for tasks to queue
[2024-09-18T14:54:01.001+0000] {logging_mixin.py:190} INFO - [2024-09-18T14:54:01.001+0000] {dagbag.py:587} INFO - Filling up the DagBag from /Users/omer/Desktop/MLOPS/7day/.env/lib/python3.11/site-packages/airflow/example_dags/plugins/event_listener.py
[2024-09-18T14:54:01.001+0000] {processor.py:927} WARNING - No viable dags retrieved from /Users/omer/Desktop/MLOPS/7day/.env/lib/python3.11/site-packages/airflow/example_dags/plugins/event_listener.py
[2024-09-18T14:54:01.024+0000] {processor.py:208} INFO - Processing /Users/omer/Desktop/MLOPS/7day/.env/lib/python3.11/site-packages/airflow/example_dags/plugins/event_listener.py took 0.025 seconds
[2024-09-18T14:54:49.944+0000] {processor.py:186} INFO - Started process (PID=94730) to work on /Users/omer/Desktop/MLOPS/7day/.env/lib/python3.11/site-packages/airflow/example_dags/plugins/event_listener.py
[2024-09-18T14:54:49.944+0000] {processor.py:914} INFO - Processing file /Users/omer/Desktop/MLOPS/7day/.env/lib/python3.11/site-packages/airflow/example_dags/plugins/event_listener.py for tasks to queue
[2024-09-18T14:54:49.944+0000] {logging_mixin.py:190} INFO - [2024-09-18T14:54:49.944+0000] {dagbag.py:587} INFO - Filling up the DagBag from /Users/omer/Desktop/MLOPS/7day/.env/lib/python3.11/site-packages/airflow/example_dags/plugins/event_listener.py
[2024-09-18T14:54:49.945+0000] {processor.py:927} WARNING - No viable dags retrieved from /Users/omer/Desktop/MLOPS/7day/.env/lib/python3.11/site-packages/airflow/example_dags/plugins/event_listener.py
[2024-09-18T14:54:49.970+0000] {processor.py:208} INFO - Processing /Users/omer/Desktop/MLOPS/7day/.env/lib/python3.11/site-packages/airflow/example_dags/plugins/event_listener.py took 0.027 seconds
[2024-09-18T15:12:26.738+0000] {processor.py:186} INFO - Started process (PID=96565) to work on /Users/omer/Desktop/MLOPS/7day/.env/lib/python3.11/site-packages/airflow/example_dags/plugins/event_listener.py
[2024-09-18T15:12:26.739+0000] {processor.py:914} INFO - Processing file /Users/omer/Desktop/MLOPS/7day/.env/lib/python3.11/site-packages/airflow/example_dags/plugins/event_listener.py for tasks to queue
[2024-09-18T15:12:26.740+0000] {logging_mixin.py:190} INFO - [2024-09-18T15:12:26.740+0000] {dagbag.py:587} INFO - Filling up the DagBag from /Users/omer/Desktop/MLOPS/7day/.env/lib/python3.11/site-packages/airflow/example_dags/plugins/event_listener.py
[2024-09-18T15:12:26.740+0000] {processor.py:927} WARNING - No viable dags retrieved from /Users/omer/Desktop/MLOPS/7day/.env/lib/python3.11/site-packages/airflow/example_dags/plugins/event_listener.py
[2024-09-18T15:12:26.763+0000] {processor.py:208} INFO - Processing /Users/omer/Desktop/MLOPS/7day/.env/lib/python3.11/site-packages/airflow/example_dags/plugins/event_listener.py took 0.026 seconds
[2024-09-18T15:20:51.050+0000] {processor.py:186} INFO - Started process (PID=97098) to work on /Users/omer/Desktop/MLOPS/7day/.env/lib/python3.11/site-packages/airflow/example_dags/plugins/event_listener.py
[2024-09-18T15:20:51.052+0000] {processor.py:914} INFO - Processing file /Users/omer/Desktop/MLOPS/7day/.env/lib/python3.11/site-packages/airflow/example_dags/plugins/event_listener.py for tasks to queue
[2024-09-18T15:20:51.052+0000] {logging_mixin.py:190} INFO - [2024-09-18T15:20:51.052+0000] {dagbag.py:587} INFO - Filling up the DagBag from /Users/omer/Desktop/MLOPS/7day/.env/lib/python3.11/site-packages/airflow/example_dags/plugins/event_listener.py
[2024-09-18T15:20:51.052+0000] {processor.py:927} WARNING - No viable dags retrieved from /Users/omer/Desktop/MLOPS/7day/.env/lib/python3.11/site-packages/airflow/example_dags/plugins/event_listener.py
[2024-09-18T15:20:51.078+0000] {processor.py:208} INFO - Processing /Users/omer/Desktop/MLOPS/7day/.env/lib/python3.11/site-packages/airflow/example_dags/plugins/event_listener.py took 0.029 seconds
[2024-09-18T15:22:09.749+0000] {processor.py:186} INFO - Started process (PID=97243) to work on /Users/omer/Desktop/MLOPS/7day/.env/lib/python3.11/site-packages/airflow/example_dags/plugins/event_listener.py
[2024-09-18T15:22:09.751+0000] {processor.py:914} INFO - Processing file /Users/omer/Desktop/MLOPS/7day/.env/lib/python3.11/site-packages/airflow/example_dags/plugins/event_listener.py for tasks to queue
[2024-09-18T15:22:09.751+0000] {logging_mixin.py:190} INFO - [2024-09-18T15:22:09.751+0000] {dagbag.py:587} INFO - Filling up the DagBag from /Users/omer/Desktop/MLOPS/7day/.env/lib/python3.11/site-packages/airflow/example_dags/plugins/event_listener.py
[2024-09-18T15:22:09.751+0000] {processor.py:927} WARNING - No viable dags retrieved from /Users/omer/Desktop/MLOPS/7day/.env/lib/python3.11/site-packages/airflow/example_dags/plugins/event_listener.py
[2024-09-18T15:22:09.775+0000] {processor.py:208} INFO - Processing /Users/omer/Desktop/MLOPS/7day/.env/lib/python3.11/site-packages/airflow/example_dags/plugins/event_listener.py took 0.027 seconds
[2024-09-18T15:22:59.009+0000] {processor.py:186} INFO - Started process (PID=97327) to work on /Users/omer/Desktop/MLOPS/7day/.env/lib/python3.11/site-packages/airflow/example_dags/plugins/event_listener.py
[2024-09-18T15:22:59.010+0000] {processor.py:914} INFO - Processing file /Users/omer/Desktop/MLOPS/7day/.env/lib/python3.11/site-packages/airflow/example_dags/plugins/event_listener.py for tasks to queue
[2024-09-18T15:22:59.010+0000] {logging_mixin.py:190} INFO - [2024-09-18T15:22:59.010+0000] {dagbag.py:587} INFO - Filling up the DagBag from /Users/omer/Desktop/MLOPS/7day/.env/lib/python3.11/site-packages/airflow/example_dags/plugins/event_listener.py
[2024-09-18T15:22:59.010+0000] {processor.py:927} WARNING - No viable dags retrieved from /Users/omer/Desktop/MLOPS/7day/.env/lib/python3.11/site-packages/airflow/example_dags/plugins/event_listener.py
[2024-09-18T15:22:59.034+0000] {processor.py:208} INFO - Processing /Users/omer/Desktop/MLOPS/7day/.env/lib/python3.11/site-packages/airflow/example_dags/plugins/event_listener.py took 0.026 seconds
[2024-09-18T15:25:13.592+0000] {processor.py:186} INFO - Started process (PID=97578) to work on /Users/omer/Desktop/MLOPS/7day/.env/lib/python3.11/site-packages/airflow/example_dags/plugins/event_listener.py
[2024-09-18T15:25:13.593+0000] {processor.py:914} INFO - Processing file /Users/omer/Desktop/MLOPS/7day/.env/lib/python3.11/site-packages/airflow/example_dags/plugins/event_listener.py for tasks to queue
[2024-09-18T15:25:13.593+0000] {logging_mixin.py:190} INFO - [2024-09-18T15:25:13.593+0000] {dagbag.py:587} INFO - Filling up the DagBag from /Users/omer/Desktop/MLOPS/7day/.env/lib/python3.11/site-packages/airflow/example_dags/plugins/event_listener.py
[2024-09-18T15:25:13.593+0000] {processor.py:927} WARNING - No viable dags retrieved from /Users/omer/Desktop/MLOPS/7day/.env/lib/python3.11/site-packages/airflow/example_dags/plugins/event_listener.py
[2024-09-18T15:25:13.621+0000] {processor.py:208} INFO - Processing /Users/omer/Desktop/MLOPS/7day/.env/lib/python3.11/site-packages/airflow/example_dags/plugins/event_listener.py took 0.029 seconds
[2024-09-18T15:26:34.479+0000] {processor.py:186} INFO - Started process (PID=97729) to work on /Users/omer/Desktop/MLOPS/7day/.env/lib/python3.11/site-packages/airflow/example_dags/plugins/event_listener.py
[2024-09-18T15:26:34.479+0000] {processor.py:914} INFO - Processing file /Users/omer/Desktop/MLOPS/7day/.env/lib/python3.11/site-packages/airflow/example_dags/plugins/event_listener.py for tasks to queue
[2024-09-18T15:26:34.480+0000] {logging_mixin.py:190} INFO - [2024-09-18T15:26:34.480+0000] {dagbag.py:587} INFO - Filling up the DagBag from /Users/omer/Desktop/MLOPS/7day/.env/lib/python3.11/site-packages/airflow/example_dags/plugins/event_listener.py
[2024-09-18T15:26:34.480+0000] {processor.py:927} WARNING - No viable dags retrieved from /Users/omer/Desktop/MLOPS/7day/.env/lib/python3.11/site-packages/airflow/example_dags/plugins/event_listener.py
[2024-09-18T15:26:34.505+0000] {processor.py:208} INFO - Processing /Users/omer/Desktop/MLOPS/7day/.env/lib/python3.11/site-packages/airflow/example_dags/plugins/event_listener.py took 0.027 seconds
[2024-09-18T15:27:55.010+0000] {processor.py:186} INFO - Started process (PID=97873) to work on /Users/omer/Desktop/MLOPS/7day/.env/lib/python3.11/site-packages/airflow/example_dags/plugins/event_listener.py
[2024-09-18T15:27:55.011+0000] {processor.py:914} INFO - Processing file /Users/omer/Desktop/MLOPS/7day/.env/lib/python3.11/site-packages/airflow/example_dags/plugins/event_listener.py for tasks to queue
[2024-09-18T15:27:55.011+0000] {logging_mixin.py:190} INFO - [2024-09-18T15:27:55.011+0000] {dagbag.py:587} INFO - Filling up the DagBag from /Users/omer/Desktop/MLOPS/7day/.env/lib/python3.11/site-packages/airflow/example_dags/plugins/event_listener.py
[2024-09-18T15:27:55.012+0000] {processor.py:927} WARNING - No viable dags retrieved from /Users/omer/Desktop/MLOPS/7day/.env/lib/python3.11/site-packages/airflow/example_dags/plugins/event_listener.py
[2024-09-18T15:27:55.035+0000] {processor.py:208} INFO - Processing /Users/omer/Desktop/MLOPS/7day/.env/lib/python3.11/site-packages/airflow/example_dags/plugins/event_listener.py took 0.026 seconds
[2024-09-18T15:28:45.770+0000] {processor.py:186} INFO - Started process (PID=98039) to work on /Users/omer/Desktop/MLOPS/7day/.env/lib/python3.11/site-packages/airflow/example_dags/plugins/event_listener.py
[2024-09-18T15:28:45.771+0000] {processor.py:914} INFO - Processing file /Users/omer/Desktop/MLOPS/7day/.env/lib/python3.11/site-packages/airflow/example_dags/plugins/event_listener.py for tasks to queue
[2024-09-18T15:28:45.772+0000] {logging_mixin.py:190} INFO - [2024-09-18T15:28:45.772+0000] {dagbag.py:587} INFO - Filling up the DagBag from /Users/omer/Desktop/MLOPS/7day/.env/lib/python3.11/site-packages/airflow/example_dags/plugins/event_listener.py
[2024-09-18T15:28:45.772+0000] {processor.py:927} WARNING - No viable dags retrieved from /Users/omer/Desktop/MLOPS/7day/.env/lib/python3.11/site-packages/airflow/example_dags/plugins/event_listener.py
[2024-09-18T15:28:45.795+0000] {processor.py:208} INFO - Processing /Users/omer/Desktop/MLOPS/7day/.env/lib/python3.11/site-packages/airflow/example_dags/plugins/event_listener.py took 0.026 seconds
[2024-09-18T15:29:34.560+0000] {processor.py:186} INFO - Started process (PID=98154) to work on /Users/omer/Desktop/MLOPS/7day/.env/lib/python3.11/site-packages/airflow/example_dags/plugins/event_listener.py
[2024-09-18T15:29:34.561+0000] {processor.py:914} INFO - Processing file /Users/omer/Desktop/MLOPS/7day/.env/lib/python3.11/site-packages/airflow/example_dags/plugins/event_listener.py for tasks to queue
[2024-09-18T15:29:34.561+0000] {logging_mixin.py:190} INFO - [2024-09-18T15:29:34.561+0000] {dagbag.py:587} INFO - Filling up the DagBag from /Users/omer/Desktop/MLOPS/7day/.env/lib/python3.11/site-packages/airflow/example_dags/plugins/event_listener.py
[2024-09-18T15:29:34.562+0000] {processor.py:927} WARNING - No viable dags retrieved from /Users/omer/Desktop/MLOPS/7day/.env/lib/python3.11/site-packages/airflow/example_dags/plugins/event_listener.py
[2024-09-18T15:29:34.585+0000] {processor.py:208} INFO - Processing /Users/omer/Desktop/MLOPS/7day/.env/lib/python3.11/site-packages/airflow/example_dags/plugins/event_listener.py took 0.025 seconds
[2024-09-18T15:30:23.660+0000] {processor.py:186} INFO - Started process (PID=98296) to work on /Users/omer/Desktop/MLOPS/7day/.env/lib/python3.11/site-packages/airflow/example_dags/plugins/event_listener.py
[2024-09-18T15:30:23.661+0000] {processor.py:914} INFO - Processing file /Users/omer/Desktop/MLOPS/7day/.env/lib/python3.11/site-packages/airflow/example_dags/plugins/event_listener.py for tasks to queue
[2024-09-18T15:30:23.661+0000] {logging_mixin.py:190} INFO - [2024-09-18T15:30:23.661+0000] {dagbag.py:587} INFO - Filling up the DagBag from /Users/omer/Desktop/MLOPS/7day/.env/lib/python3.11/site-packages/airflow/example_dags/plugins/event_listener.py
[2024-09-18T15:30:23.661+0000] {processor.py:927} WARNING - No viable dags retrieved from /Users/omer/Desktop/MLOPS/7day/.env/lib/python3.11/site-packages/airflow/example_dags/plugins/event_listener.py
[2024-09-18T15:30:23.685+0000] {processor.py:208} INFO - Processing /Users/omer/Desktop/MLOPS/7day/.env/lib/python3.11/site-packages/airflow/example_dags/plugins/event_listener.py took 0.026 seconds
[2024-09-18T15:31:12.530+0000] {processor.py:186} INFO - Started process (PID=98425) to work on /Users/omer/Desktop/MLOPS/7day/.env/lib/python3.11/site-packages/airflow/example_dags/plugins/event_listener.py
[2024-09-18T15:31:12.531+0000] {processor.py:914} INFO - Processing file /Users/omer/Desktop/MLOPS/7day/.env/lib/python3.11/site-packages/airflow/example_dags/plugins/event_listener.py for tasks to queue
[2024-09-18T15:31:12.531+0000] {logging_mixin.py:190} INFO - [2024-09-18T15:31:12.531+0000] {dagbag.py:587} INFO - Filling up the DagBag from /Users/omer/Desktop/MLOPS/7day/.env/lib/python3.11/site-packages/airflow/example_dags/plugins/event_listener.py
[2024-09-18T15:31:12.532+0000] {processor.py:927} WARNING - No viable dags retrieved from /Users/omer/Desktop/MLOPS/7day/.env/lib/python3.11/site-packages/airflow/example_dags/plugins/event_listener.py
[2024-09-18T15:31:12.556+0000] {processor.py:208} INFO - Processing /Users/omer/Desktop/MLOPS/7day/.env/lib/python3.11/site-packages/airflow/example_dags/plugins/event_listener.py took 0.027 seconds
[2024-09-18T15:32:00.154+0000] {processor.py:186} INFO - Started process (PID=98588) to work on /Users/omer/Desktop/MLOPS/7day/.env/lib/python3.11/site-packages/airflow/example_dags/plugins/event_listener.py
[2024-09-18T15:32:00.155+0000] {processor.py:914} INFO - Processing file /Users/omer/Desktop/MLOPS/7day/.env/lib/python3.11/site-packages/airflow/example_dags/plugins/event_listener.py for tasks to queue
[2024-09-18T15:32:00.155+0000] {logging_mixin.py:190} INFO - [2024-09-18T15:32:00.155+0000] {dagbag.py:587} INFO - Filling up the DagBag from /Users/omer/Desktop/MLOPS/7day/.env/lib/python3.11/site-packages/airflow/example_dags/plugins/event_listener.py
[2024-09-18T15:32:00.155+0000] {processor.py:927} WARNING - No viable dags retrieved from /Users/omer/Desktop/MLOPS/7day/.env/lib/python3.11/site-packages/airflow/example_dags/plugins/event_listener.py
[2024-09-18T15:32:00.180+0000] {processor.py:208} INFO - Processing /Users/omer/Desktop/MLOPS/7day/.env/lib/python3.11/site-packages/airflow/example_dags/plugins/event_listener.py took 0.027 seconds
[2024-09-18T15:33:00.440+0000] {processor.py:186} INFO - Started process (PID=98731) to work on /Users/omer/Desktop/MLOPS/7day/.env/lib/python3.11/site-packages/airflow/example_dags/plugins/event_listener.py
[2024-09-18T15:33:00.441+0000] {processor.py:914} INFO - Processing file /Users/omer/Desktop/MLOPS/7day/.env/lib/python3.11/site-packages/airflow/example_dags/plugins/event_listener.py for tasks to queue
[2024-09-18T15:33:00.441+0000] {logging_mixin.py:190} INFO - [2024-09-18T15:33:00.441+0000] {dagbag.py:587} INFO - Filling up the DagBag from /Users/omer/Desktop/MLOPS/7day/.env/lib/python3.11/site-packages/airflow/example_dags/plugins/event_listener.py
[2024-09-18T15:33:00.442+0000] {processor.py:927} WARNING - No viable dags retrieved from /Users/omer/Desktop/MLOPS/7day/.env/lib/python3.11/site-packages/airflow/example_dags/plugins/event_listener.py
[2024-09-18T15:33:00.465+0000] {processor.py:208} INFO - Processing /Users/omer/Desktop/MLOPS/7day/.env/lib/python3.11/site-packages/airflow/example_dags/plugins/event_listener.py took 0.026 seconds
[2024-09-18T15:34:11.450+0000] {processor.py:186} INFO - Started process (PID=98905) to work on /Users/omer/Desktop/MLOPS/7day/.env/lib/python3.11/site-packages/airflow/example_dags/plugins/event_listener.py
[2024-09-18T15:34:11.450+0000] {processor.py:914} INFO - Processing file /Users/omer/Desktop/MLOPS/7day/.env/lib/python3.11/site-packages/airflow/example_dags/plugins/event_listener.py for tasks to queue
[2024-09-18T15:34:11.451+0000] {logging_mixin.py:190} INFO - [2024-09-18T15:34:11.451+0000] {dagbag.py:587} INFO - Filling up the DagBag from /Users/omer/Desktop/MLOPS/7day/.env/lib/python3.11/site-packages/airflow/example_dags/plugins/event_listener.py
[2024-09-18T15:34:11.451+0000] {processor.py:927} WARNING - No viable dags retrieved from /Users/omer/Desktop/MLOPS/7day/.env/lib/python3.11/site-packages/airflow/example_dags/plugins/event_listener.py
[2024-09-18T15:34:11.475+0000] {processor.py:208} INFO - Processing /Users/omer/Desktop/MLOPS/7day/.env/lib/python3.11/site-packages/airflow/example_dags/plugins/event_listener.py took 0.026 seconds
[2024-09-18T15:35:31.631+0000] {processor.py:186} INFO - Started process (PID=99071) to work on /Users/omer/Desktop/MLOPS/7day/.env/lib/python3.11/site-packages/airflow/example_dags/plugins/event_listener.py
[2024-09-18T15:35:31.631+0000] {processor.py:914} INFO - Processing file /Users/omer/Desktop/MLOPS/7day/.env/lib/python3.11/site-packages/airflow/example_dags/plugins/event_listener.py for tasks to queue
[2024-09-18T15:35:31.631+0000] {logging_mixin.py:190} INFO - [2024-09-18T15:35:31.631+0000] {dagbag.py:587} INFO - Filling up the DagBag from /Users/omer/Desktop/MLOPS/7day/.env/lib/python3.11/site-packages/airflow/example_dags/plugins/event_listener.py
[2024-09-18T15:35:31.632+0000] {processor.py:927} WARNING - No viable dags retrieved from /Users/omer/Desktop/MLOPS/7day/.env/lib/python3.11/site-packages/airflow/example_dags/plugins/event_listener.py
[2024-09-18T15:35:31.656+0000] {processor.py:208} INFO - Processing /Users/omer/Desktop/MLOPS/7day/.env/lib/python3.11/site-packages/airflow/example_dags/plugins/event_listener.py took 0.026 seconds
