[2024-09-18T14:48:29.498+0000] {processor.py:186} INFO - Started process (PID=93842) to work on /Users/omer/Desktop/MLOPS/7day/.env/lib/python3.11/site-packages/airflow/example_dags/plugins/listener_plugin.py
[2024-09-18T14:48:29.499+0000] {processor.py:914} INFO - Processing file /Users/omer/Desktop/MLOPS/7day/.env/lib/python3.11/site-packages/airflow/example_dags/plugins/listener_plugin.py for tasks to queue
[2024-09-18T14:48:29.499+0000] {logging_mixin.py:190} INFO - [2024-09-18T14:48:29.499+0000] {dagbag.py:587} INFO - Filling up the DagBag from /Users/omer/Desktop/MLOPS/7day/.env/lib/python3.11/site-packages/airflow/example_dags/plugins/listener_plugin.py
[2024-09-18T14:48:29.500+0000] {processor.py:927} WARNING - No viable dags retrieved from /Users/omer/Desktop/MLOPS/7day/.env/lib/python3.11/site-packages/airflow/example_dags/plugins/listener_plugin.py
[2024-09-18T14:48:29.545+0000] {processor.py:208} INFO - Processing /Users/omer/Desktop/MLOPS/7day/.env/lib/python3.11/site-packages/airflow/example_dags/plugins/listener_plugin.py took 0.049 seconds
[2024-09-18T14:49:49.189+0000] {processor.py:186} INFO - Started process (PID=94081) to work on /Users/omer/Desktop/MLOPS/7day/.env/lib/python3.11/site-packages/airflow/example_dags/plugins/listener_plugin.py
[2024-09-18T14:49:49.190+0000] {processor.py:914} INFO - Processing file /Users/omer/Desktop/MLOPS/7day/.env/lib/python3.11/site-packages/airflow/example_dags/plugins/listener_plugin.py for tasks to queue
[2024-09-18T14:49:49.190+0000] {logging_mixin.py:190} INFO - [2024-09-18T14:49:49.190+0000] {dagbag.py:587} INFO - Filling up the DagBag from /Users/omer/Desktop/MLOPS/7day/.env/lib/python3.11/site-packages/airflow/example_dags/plugins/listener_plugin.py
[2024-09-18T14:49:49.191+0000] {processor.py:927} WARNING - No viable dags retrieved from /Users/omer/Desktop/MLOPS/7day/.env/lib/python3.11/site-packages/airflow/example_dags/plugins/listener_plugin.py
[2024-09-18T14:49:49.215+0000] {processor.py:208} INFO - Processing /Users/omer/Desktop/MLOPS/7day/.env/lib/python3.11/site-packages/airflow/example_dags/plugins/listener_plugin.py took 0.027 seconds
[2024-09-18T14:50:39.003+0000] {processor.py:186} INFO - Started process (PID=94220) to work on /Users/omer/Desktop/MLOPS/7day/.env/lib/python3.11/site-packages/airflow/example_dags/plugins/listener_plugin.py
[2024-09-18T14:50:39.004+0000] {processor.py:914} INFO - Processing file /Users/omer/Desktop/MLOPS/7day/.env/lib/python3.11/site-packages/airflow/example_dags/plugins/listener_plugin.py for tasks to queue
[2024-09-18T14:50:39.004+0000] {logging_mixin.py:190} INFO - [2024-09-18T14:50:39.004+0000] {dagbag.py:587} INFO - Filling up the DagBag from /Users/omer/Desktop/MLOPS/7day/.env/lib/python3.11/site-packages/airflow/example_dags/plugins/listener_plugin.py
[2024-09-18T14:50:39.005+0000] {processor.py:927} WARNING - No viable dags retrieved from /Users/omer/Desktop/MLOPS/7day/.env/lib/python3.11/site-packages/airflow/example_dags/plugins/listener_plugin.py
[2024-09-18T14:50:39.029+0000] {processor.py:208} INFO - Processing /Users/omer/Desktop/MLOPS/7day/.env/lib/python3.11/site-packages/airflow/example_dags/plugins/listener_plugin.py took 0.027 seconds
[2024-09-18T14:51:28.582+0000] {processor.py:186} INFO - Started process (PID=94333) to work on /Users/omer/Desktop/MLOPS/7day/.env/lib/python3.11/site-packages/airflow/example_dags/plugins/listener_plugin.py
[2024-09-18T14:51:28.583+0000] {processor.py:914} INFO - Processing file /Users/omer/Desktop/MLOPS/7day/.env/lib/python3.11/site-packages/airflow/example_dags/plugins/listener_plugin.py for tasks to queue
[2024-09-18T14:51:28.584+0000] {logging_mixin.py:190} INFO - [2024-09-18T14:51:28.584+0000] {dagbag.py:587} INFO - Filling up the DagBag from /Users/omer/Desktop/MLOPS/7day/.env/lib/python3.11/site-packages/airflow/example_dags/plugins/listener_plugin.py
[2024-09-18T14:51:28.585+0000] {processor.py:927} WARNING - No viable dags retrieved from /Users/omer/Desktop/MLOPS/7day/.env/lib/python3.11/site-packages/airflow/example_dags/plugins/listener_plugin.py
[2024-09-18T14:51:28.608+0000] {processor.py:208} INFO - Processing /Users/omer/Desktop/MLOPS/7day/.env/lib/python3.11/site-packages/airflow/example_dags/plugins/listener_plugin.py took 0.027 seconds
[2024-09-18T14:52:19.058+0000] {processor.py:186} INFO - Started process (PID=94451) to work on /Users/omer/Desktop/MLOPS/7day/.env/lib/python3.11/site-packages/airflow/example_dags/plugins/listener_plugin.py
[2024-09-18T14:52:19.058+0000] {processor.py:914} INFO - Processing file /Users/omer/Desktop/MLOPS/7day/.env/lib/python3.11/site-packages/airflow/example_dags/plugins/listener_plugin.py for tasks to queue
[2024-09-18T14:52:19.058+0000] {logging_mixin.py:190} INFO - [2024-09-18T14:52:19.058+0000] {dagbag.py:587} INFO - Filling up the DagBag from /Users/omer/Desktop/MLOPS/7day/.env/lib/python3.11/site-packages/airflow/example_dags/plugins/listener_plugin.py
[2024-09-18T14:52:19.059+0000] {processor.py:927} WARNING - No viable dags retrieved from /Users/omer/Desktop/MLOPS/7day/.env/lib/python3.11/site-packages/airflow/example_dags/plugins/listener_plugin.py
[2024-09-18T14:52:19.083+0000] {processor.py:208} INFO - Processing /Users/omer/Desktop/MLOPS/7day/.env/lib/python3.11/site-packages/airflow/example_dags/plugins/listener_plugin.py took 0.026 seconds
[2024-09-18T14:53:09.584+0000] {processor.py:186} INFO - Started process (PID=94535) to work on /Users/omer/Desktop/MLOPS/7day/.env/lib/python3.11/site-packages/airflow/example_dags/plugins/listener_plugin.py
[2024-09-18T14:53:09.585+0000] {processor.py:914} INFO - Processing file /Users/omer/Desktop/MLOPS/7day/.env/lib/python3.11/site-packages/airflow/example_dags/plugins/listener_plugin.py for tasks to queue
[2024-09-18T14:53:09.585+0000] {logging_mixin.py:190} INFO - [2024-09-18T14:53:09.585+0000] {dagbag.py:587} INFO - Filling up the DagBag from /Users/omer/Desktop/MLOPS/7day/.env/lib/python3.11/site-packages/airflow/example_dags/plugins/listener_plugin.py
[2024-09-18T14:53:09.587+0000] {processor.py:927} WARNING - No viable dags retrieved from /Users/omer/Desktop/MLOPS/7day/.env/lib/python3.11/site-packages/airflow/example_dags/plugins/listener_plugin.py
[2024-09-18T14:53:09.612+0000] {processor.py:208} INFO - Processing /Users/omer/Desktop/MLOPS/7day/.env/lib/python3.11/site-packages/airflow/example_dags/plugins/listener_plugin.py took 0.029 seconds
[2024-09-18T14:53:59.422+0000] {processor.py:186} INFO - Started process (PID=94624) to work on /Users/omer/Desktop/MLOPS/7day/.env/lib/python3.11/site-packages/airflow/example_dags/plugins/listener_plugin.py
[2024-09-18T14:53:59.423+0000] {processor.py:914} INFO - Processing file /Users/omer/Desktop/MLOPS/7day/.env/lib/python3.11/site-packages/airflow/example_dags/plugins/listener_plugin.py for tasks to queue
[2024-09-18T14:53:59.423+0000] {logging_mixin.py:190} INFO - [2024-09-18T14:53:59.423+0000] {dagbag.py:587} INFO - Filling up the DagBag from /Users/omer/Desktop/MLOPS/7day/.env/lib/python3.11/site-packages/airflow/example_dags/plugins/listener_plugin.py
[2024-09-18T14:53:59.424+0000] {processor.py:927} WARNING - No viable dags retrieved from /Users/omer/Desktop/MLOPS/7day/.env/lib/python3.11/site-packages/airflow/example_dags/plugins/listener_plugin.py
[2024-09-18T14:53:59.447+0000] {processor.py:208} INFO - Processing /Users/omer/Desktop/MLOPS/7day/.env/lib/python3.11/site-packages/airflow/example_dags/plugins/listener_plugin.py took 0.025 seconds
[2024-09-18T14:54:49.112+0000] {processor.py:186} INFO - Started process (PID=94728) to work on /Users/omer/Desktop/MLOPS/7day/.env/lib/python3.11/site-packages/airflow/example_dags/plugins/listener_plugin.py
[2024-09-18T14:54:49.113+0000] {processor.py:914} INFO - Processing file /Users/omer/Desktop/MLOPS/7day/.env/lib/python3.11/site-packages/airflow/example_dags/plugins/listener_plugin.py for tasks to queue
[2024-09-18T14:54:49.114+0000] {logging_mixin.py:190} INFO - [2024-09-18T14:54:49.114+0000] {dagbag.py:587} INFO - Filling up the DagBag from /Users/omer/Desktop/MLOPS/7day/.env/lib/python3.11/site-packages/airflow/example_dags/plugins/listener_plugin.py
[2024-09-18T14:54:49.115+0000] {processor.py:927} WARNING - No viable dags retrieved from /Users/omer/Desktop/MLOPS/7day/.env/lib/python3.11/site-packages/airflow/example_dags/plugins/listener_plugin.py
[2024-09-18T14:54:49.139+0000] {processor.py:208} INFO - Processing /Users/omer/Desktop/MLOPS/7day/.env/lib/python3.11/site-packages/airflow/example_dags/plugins/listener_plugin.py took 0.027 seconds
[2024-09-18T15:12:25.593+0000] {processor.py:186} INFO - Started process (PID=96564) to work on /Users/omer/Desktop/MLOPS/7day/.env/lib/python3.11/site-packages/airflow/example_dags/plugins/listener_plugin.py
[2024-09-18T15:12:25.594+0000] {processor.py:914} INFO - Processing file /Users/omer/Desktop/MLOPS/7day/.env/lib/python3.11/site-packages/airflow/example_dags/plugins/listener_plugin.py for tasks to queue
[2024-09-18T15:12:25.594+0000] {logging_mixin.py:190} INFO - [2024-09-18T15:12:25.594+0000] {dagbag.py:587} INFO - Filling up the DagBag from /Users/omer/Desktop/MLOPS/7day/.env/lib/python3.11/site-packages/airflow/example_dags/plugins/listener_plugin.py
[2024-09-18T15:12:25.595+0000] {processor.py:927} WARNING - No viable dags retrieved from /Users/omer/Desktop/MLOPS/7day/.env/lib/python3.11/site-packages/airflow/example_dags/plugins/listener_plugin.py
[2024-09-18T15:12:25.617+0000] {processor.py:208} INFO - Processing /Users/omer/Desktop/MLOPS/7day/.env/lib/python3.11/site-packages/airflow/example_dags/plugins/listener_plugin.py took 0.025 seconds
[2024-09-18T15:20:49.669+0000] {processor.py:186} INFO - Started process (PID=97097) to work on /Users/omer/Desktop/MLOPS/7day/.env/lib/python3.11/site-packages/airflow/example_dags/plugins/listener_plugin.py
[2024-09-18T15:20:49.670+0000] {processor.py:914} INFO - Processing file /Users/omer/Desktop/MLOPS/7day/.env/lib/python3.11/site-packages/airflow/example_dags/plugins/listener_plugin.py for tasks to queue
[2024-09-18T15:20:49.670+0000] {logging_mixin.py:190} INFO - [2024-09-18T15:20:49.670+0000] {dagbag.py:587} INFO - Filling up the DagBag from /Users/omer/Desktop/MLOPS/7day/.env/lib/python3.11/site-packages/airflow/example_dags/plugins/listener_plugin.py
[2024-09-18T15:20:49.671+0000] {processor.py:927} WARNING - No viable dags retrieved from /Users/omer/Desktop/MLOPS/7day/.env/lib/python3.11/site-packages/airflow/example_dags/plugins/listener_plugin.py
[2024-09-18T15:20:49.694+0000] {processor.py:208} INFO - Processing /Users/omer/Desktop/MLOPS/7day/.env/lib/python3.11/site-packages/airflow/example_dags/plugins/listener_plugin.py took 0.026 seconds
[2024-09-18T15:22:08.909+0000] {processor.py:186} INFO - Started process (PID=97242) to work on /Users/omer/Desktop/MLOPS/7day/.env/lib/python3.11/site-packages/airflow/example_dags/plugins/listener_plugin.py
[2024-09-18T15:22:08.910+0000] {processor.py:914} INFO - Processing file /Users/omer/Desktop/MLOPS/7day/.env/lib/python3.11/site-packages/airflow/example_dags/plugins/listener_plugin.py for tasks to queue
[2024-09-18T15:22:08.910+0000] {logging_mixin.py:190} INFO - [2024-09-18T15:22:08.910+0000] {dagbag.py:587} INFO - Filling up the DagBag from /Users/omer/Desktop/MLOPS/7day/.env/lib/python3.11/site-packages/airflow/example_dags/plugins/listener_plugin.py
[2024-09-18T15:22:08.911+0000] {processor.py:927} WARNING - No viable dags retrieved from /Users/omer/Desktop/MLOPS/7day/.env/lib/python3.11/site-packages/airflow/example_dags/plugins/listener_plugin.py
[2024-09-18T15:22:08.936+0000] {processor.py:208} INFO - Processing /Users/omer/Desktop/MLOPS/7day/.env/lib/python3.11/site-packages/airflow/example_dags/plugins/listener_plugin.py took 0.027 seconds
[2024-09-18T15:22:57.405+0000] {processor.py:186} INFO - Started process (PID=97323) to work on /Users/omer/Desktop/MLOPS/7day/.env/lib/python3.11/site-packages/airflow/example_dags/plugins/listener_plugin.py
[2024-09-18T15:22:57.406+0000] {processor.py:914} INFO - Processing file /Users/omer/Desktop/MLOPS/7day/.env/lib/python3.11/site-packages/airflow/example_dags/plugins/listener_plugin.py for tasks to queue
[2024-09-18T15:22:57.406+0000] {logging_mixin.py:190} INFO - [2024-09-18T15:22:57.406+0000] {dagbag.py:587} INFO - Filling up the DagBag from /Users/omer/Desktop/MLOPS/7day/.env/lib/python3.11/site-packages/airflow/example_dags/plugins/listener_plugin.py
[2024-09-18T15:22:57.408+0000] {processor.py:927} WARNING - No viable dags retrieved from /Users/omer/Desktop/MLOPS/7day/.env/lib/python3.11/site-packages/airflow/example_dags/plugins/listener_plugin.py
[2024-09-18T15:22:57.431+0000] {processor.py:208} INFO - Processing /Users/omer/Desktop/MLOPS/7day/.env/lib/python3.11/site-packages/airflow/example_dags/plugins/listener_plugin.py took 0.027 seconds
[2024-09-18T15:25:12.161+0000] {processor.py:186} INFO - Started process (PID=97577) to work on /Users/omer/Desktop/MLOPS/7day/.env/lib/python3.11/site-packages/airflow/example_dags/plugins/listener_plugin.py
[2024-09-18T15:25:12.161+0000] {processor.py:914} INFO - Processing file /Users/omer/Desktop/MLOPS/7day/.env/lib/python3.11/site-packages/airflow/example_dags/plugins/listener_plugin.py for tasks to queue
[2024-09-18T15:25:12.162+0000] {logging_mixin.py:190} INFO - [2024-09-18T15:25:12.162+0000] {dagbag.py:587} INFO - Filling up the DagBag from /Users/omer/Desktop/MLOPS/7day/.env/lib/python3.11/site-packages/airflow/example_dags/plugins/listener_plugin.py
[2024-09-18T15:25:12.162+0000] {processor.py:927} WARNING - No viable dags retrieved from /Users/omer/Desktop/MLOPS/7day/.env/lib/python3.11/site-packages/airflow/example_dags/plugins/listener_plugin.py
[2024-09-18T15:25:12.186+0000] {processor.py:208} INFO - Processing /Users/omer/Desktop/MLOPS/7day/.env/lib/python3.11/site-packages/airflow/example_dags/plugins/listener_plugin.py took 0.025 seconds
[2024-09-18T15:26:32.977+0000] {processor.py:186} INFO - Started process (PID=97725) to work on /Users/omer/Desktop/MLOPS/7day/.env/lib/python3.11/site-packages/airflow/example_dags/plugins/listener_plugin.py
[2024-09-18T15:26:32.978+0000] {processor.py:914} INFO - Processing file /Users/omer/Desktop/MLOPS/7day/.env/lib/python3.11/site-packages/airflow/example_dags/plugins/listener_plugin.py for tasks to queue
[2024-09-18T15:26:32.978+0000] {logging_mixin.py:190} INFO - [2024-09-18T15:26:32.978+0000] {dagbag.py:587} INFO - Filling up the DagBag from /Users/omer/Desktop/MLOPS/7day/.env/lib/python3.11/site-packages/airflow/example_dags/plugins/listener_plugin.py
[2024-09-18T15:26:32.978+0000] {processor.py:927} WARNING - No viable dags retrieved from /Users/omer/Desktop/MLOPS/7day/.env/lib/python3.11/site-packages/airflow/example_dags/plugins/listener_plugin.py
[2024-09-18T15:26:33.001+0000] {processor.py:208} INFO - Processing /Users/omer/Desktop/MLOPS/7day/.env/lib/python3.11/site-packages/airflow/example_dags/plugins/listener_plugin.py took 0.025 seconds
[2024-09-18T15:27:53.437+0000] {processor.py:186} INFO - Started process (PID=97869) to work on /Users/omer/Desktop/MLOPS/7day/.env/lib/python3.11/site-packages/airflow/example_dags/plugins/listener_plugin.py
[2024-09-18T15:27:53.438+0000] {processor.py:914} INFO - Processing file /Users/omer/Desktop/MLOPS/7day/.env/lib/python3.11/site-packages/airflow/example_dags/plugins/listener_plugin.py for tasks to queue
[2024-09-18T15:27:53.439+0000] {logging_mixin.py:190} INFO - [2024-09-18T15:27:53.439+0000] {dagbag.py:587} INFO - Filling up the DagBag from /Users/omer/Desktop/MLOPS/7day/.env/lib/python3.11/site-packages/airflow/example_dags/plugins/listener_plugin.py
[2024-09-18T15:27:53.440+0000] {processor.py:927} WARNING - No viable dags retrieved from /Users/omer/Desktop/MLOPS/7day/.env/lib/python3.11/site-packages/airflow/example_dags/plugins/listener_plugin.py
[2024-09-18T15:27:53.464+0000] {processor.py:208} INFO - Processing /Users/omer/Desktop/MLOPS/7day/.env/lib/python3.11/site-packages/airflow/example_dags/plugins/listener_plugin.py took 0.028 seconds
[2024-09-18T15:28:44.140+0000] {processor.py:186} INFO - Started process (PID=98028) to work on /Users/omer/Desktop/MLOPS/7day/.env/lib/python3.11/site-packages/airflow/example_dags/plugins/listener_plugin.py
[2024-09-18T15:28:44.140+0000] {processor.py:914} INFO - Processing file /Users/omer/Desktop/MLOPS/7day/.env/lib/python3.11/site-packages/airflow/example_dags/plugins/listener_plugin.py for tasks to queue
[2024-09-18T15:28:44.141+0000] {logging_mixin.py:190} INFO - [2024-09-18T15:28:44.141+0000] {dagbag.py:587} INFO - Filling up the DagBag from /Users/omer/Desktop/MLOPS/7day/.env/lib/python3.11/site-packages/airflow/example_dags/plugins/listener_plugin.py
[2024-09-18T15:28:44.142+0000] {processor.py:927} WARNING - No viable dags retrieved from /Users/omer/Desktop/MLOPS/7day/.env/lib/python3.11/site-packages/airflow/example_dags/plugins/listener_plugin.py
[2024-09-18T15:28:44.170+0000] {processor.py:208} INFO - Processing /Users/omer/Desktop/MLOPS/7day/.env/lib/python3.11/site-packages/airflow/example_dags/plugins/listener_plugin.py took 0.031 seconds
[2024-09-18T15:29:33.276+0000] {processor.py:186} INFO - Started process (PID=98150) to work on /Users/omer/Desktop/MLOPS/7day/.env/lib/python3.11/site-packages/airflow/example_dags/plugins/listener_plugin.py
[2024-09-18T15:29:33.277+0000] {processor.py:914} INFO - Processing file /Users/omer/Desktop/MLOPS/7day/.env/lib/python3.11/site-packages/airflow/example_dags/plugins/listener_plugin.py for tasks to queue
[2024-09-18T15:29:33.277+0000] {logging_mixin.py:190} INFO - [2024-09-18T15:29:33.277+0000] {dagbag.py:587} INFO - Filling up the DagBag from /Users/omer/Desktop/MLOPS/7day/.env/lib/python3.11/site-packages/airflow/example_dags/plugins/listener_plugin.py
[2024-09-18T15:29:33.278+0000] {processor.py:927} WARNING - No viable dags retrieved from /Users/omer/Desktop/MLOPS/7day/.env/lib/python3.11/site-packages/airflow/example_dags/plugins/listener_plugin.py
[2024-09-18T15:29:33.304+0000] {processor.py:208} INFO - Processing /Users/omer/Desktop/MLOPS/7day/.env/lib/python3.11/site-packages/airflow/example_dags/plugins/listener_plugin.py took 0.028 seconds
[2024-09-18T15:30:22.817+0000] {processor.py:186} INFO - Started process (PID=98295) to work on /Users/omer/Desktop/MLOPS/7day/.env/lib/python3.11/site-packages/airflow/example_dags/plugins/listener_plugin.py
[2024-09-18T15:30:22.818+0000] {processor.py:914} INFO - Processing file /Users/omer/Desktop/MLOPS/7day/.env/lib/python3.11/site-packages/airflow/example_dags/plugins/listener_plugin.py for tasks to queue
[2024-09-18T15:30:22.818+0000] {logging_mixin.py:190} INFO - [2024-09-18T15:30:22.818+0000] {dagbag.py:587} INFO - Filling up the DagBag from /Users/omer/Desktop/MLOPS/7day/.env/lib/python3.11/site-packages/airflow/example_dags/plugins/listener_plugin.py
[2024-09-18T15:30:22.820+0000] {processor.py:927} WARNING - No viable dags retrieved from /Users/omer/Desktop/MLOPS/7day/.env/lib/python3.11/site-packages/airflow/example_dags/plugins/listener_plugin.py
[2024-09-18T15:30:22.843+0000] {processor.py:208} INFO - Processing /Users/omer/Desktop/MLOPS/7day/.env/lib/python3.11/site-packages/airflow/example_dags/plugins/listener_plugin.py took 0.026 seconds
[2024-09-18T15:31:11.478+0000] {processor.py:186} INFO - Started process (PID=98424) to work on /Users/omer/Desktop/MLOPS/7day/.env/lib/python3.11/site-packages/airflow/example_dags/plugins/listener_plugin.py
[2024-09-18T15:31:11.479+0000] {processor.py:914} INFO - Processing file /Users/omer/Desktop/MLOPS/7day/.env/lib/python3.11/site-packages/airflow/example_dags/plugins/listener_plugin.py for tasks to queue
[2024-09-18T15:31:11.480+0000] {logging_mixin.py:190} INFO - [2024-09-18T15:31:11.480+0000] {dagbag.py:587} INFO - Filling up the DagBag from /Users/omer/Desktop/MLOPS/7day/.env/lib/python3.11/site-packages/airflow/example_dags/plugins/listener_plugin.py
[2024-09-18T15:31:11.481+0000] {processor.py:927} WARNING - No viable dags retrieved from /Users/omer/Desktop/MLOPS/7day/.env/lib/python3.11/site-packages/airflow/example_dags/plugins/listener_plugin.py
[2024-09-18T15:31:11.505+0000] {processor.py:208} INFO - Processing /Users/omer/Desktop/MLOPS/7day/.env/lib/python3.11/site-packages/airflow/example_dags/plugins/listener_plugin.py took 0.027 seconds
[2024-09-18T15:31:58.589+0000] {processor.py:186} INFO - Started process (PID=98579) to work on /Users/omer/Desktop/MLOPS/7day/.env/lib/python3.11/site-packages/airflow/example_dags/plugins/listener_plugin.py
[2024-09-18T15:31:58.589+0000] {processor.py:914} INFO - Processing file /Users/omer/Desktop/MLOPS/7day/.env/lib/python3.11/site-packages/airflow/example_dags/plugins/listener_plugin.py for tasks to queue
[2024-09-18T15:31:58.589+0000] {logging_mixin.py:190} INFO - [2024-09-18T15:31:58.589+0000] {dagbag.py:587} INFO - Filling up the DagBag from /Users/omer/Desktop/MLOPS/7day/.env/lib/python3.11/site-packages/airflow/example_dags/plugins/listener_plugin.py
[2024-09-18T15:31:58.591+0000] {processor.py:927} WARNING - No viable dags retrieved from /Users/omer/Desktop/MLOPS/7day/.env/lib/python3.11/site-packages/airflow/example_dags/plugins/listener_plugin.py
[2024-09-18T15:31:58.613+0000] {processor.py:208} INFO - Processing /Users/omer/Desktop/MLOPS/7day/.env/lib/python3.11/site-packages/airflow/example_dags/plugins/listener_plugin.py took 0.025 seconds
[2024-09-18T15:32:59.128+0000] {processor.py:186} INFO - Started process (PID=98730) to work on /Users/omer/Desktop/MLOPS/7day/.env/lib/python3.11/site-packages/airflow/example_dags/plugins/listener_plugin.py
[2024-09-18T15:32:59.129+0000] {processor.py:914} INFO - Processing file /Users/omer/Desktop/MLOPS/7day/.env/lib/python3.11/site-packages/airflow/example_dags/plugins/listener_plugin.py for tasks to queue
[2024-09-18T15:32:59.129+0000] {logging_mixin.py:190} INFO - [2024-09-18T15:32:59.129+0000] {dagbag.py:587} INFO - Filling up the DagBag from /Users/omer/Desktop/MLOPS/7day/.env/lib/python3.11/site-packages/airflow/example_dags/plugins/listener_plugin.py
[2024-09-18T15:32:59.130+0000] {processor.py:927} WARNING - No viable dags retrieved from /Users/omer/Desktop/MLOPS/7day/.env/lib/python3.11/site-packages/airflow/example_dags/plugins/listener_plugin.py
[2024-09-18T15:32:59.154+0000] {processor.py:208} INFO - Processing /Users/omer/Desktop/MLOPS/7day/.env/lib/python3.11/site-packages/airflow/example_dags/plugins/listener_plugin.py took 0.027 seconds
[2024-09-18T15:34:10.278+0000] {processor.py:186} INFO - Started process (PID=98904) to work on /Users/omer/Desktop/MLOPS/7day/.env/lib/python3.11/site-packages/airflow/example_dags/plugins/listener_plugin.py
[2024-09-18T15:34:10.279+0000] {processor.py:914} INFO - Processing file /Users/omer/Desktop/MLOPS/7day/.env/lib/python3.11/site-packages/airflow/example_dags/plugins/listener_plugin.py for tasks to queue
[2024-09-18T15:34:10.280+0000] {logging_mixin.py:190} INFO - [2024-09-18T15:34:10.280+0000] {dagbag.py:587} INFO - Filling up the DagBag from /Users/omer/Desktop/MLOPS/7day/.env/lib/python3.11/site-packages/airflow/example_dags/plugins/listener_plugin.py
[2024-09-18T15:34:10.280+0000] {processor.py:927} WARNING - No viable dags retrieved from /Users/omer/Desktop/MLOPS/7day/.env/lib/python3.11/site-packages/airflow/example_dags/plugins/listener_plugin.py
[2024-09-18T15:34:10.303+0000] {processor.py:208} INFO - Processing /Users/omer/Desktop/MLOPS/7day/.env/lib/python3.11/site-packages/airflow/example_dags/plugins/listener_plugin.py took 0.026 seconds
[2024-09-18T15:35:29.983+0000] {processor.py:186} INFO - Started process (PID=99070) to work on /Users/omer/Desktop/MLOPS/7day/.env/lib/python3.11/site-packages/airflow/example_dags/plugins/listener_plugin.py
[2024-09-18T15:35:29.984+0000] {processor.py:914} INFO - Processing file /Users/omer/Desktop/MLOPS/7day/.env/lib/python3.11/site-packages/airflow/example_dags/plugins/listener_plugin.py for tasks to queue
[2024-09-18T15:35:29.984+0000] {logging_mixin.py:190} INFO - [2024-09-18T15:35:29.984+0000] {dagbag.py:587} INFO - Filling up the DagBag from /Users/omer/Desktop/MLOPS/7day/.env/lib/python3.11/site-packages/airflow/example_dags/plugins/listener_plugin.py
[2024-09-18T15:35:29.985+0000] {processor.py:927} WARNING - No viable dags retrieved from /Users/omer/Desktop/MLOPS/7day/.env/lib/python3.11/site-packages/airflow/example_dags/plugins/listener_plugin.py
[2024-09-18T15:35:30.009+0000] {processor.py:208} INFO - Processing /Users/omer/Desktop/MLOPS/7day/.env/lib/python3.11/site-packages/airflow/example_dags/plugins/listener_plugin.py took 0.028 seconds
