[2024-09-18T14:48:27.920+0000] {processor.py:186} INFO - Started process (PID=93837) to work on /Users/omer/Desktop/MLOPS/7day/.env/lib/python3.11/site-packages/airflow/example_dags/plugins/workday.py
[2024-09-18T14:48:27.921+0000] {processor.py:914} INFO - Processing file /Users/omer/Desktop/MLOPS/7day/.env/lib/python3.11/site-packages/airflow/example_dags/plugins/workday.py for tasks to queue
[2024-09-18T14:48:27.921+0000] {logging_mixin.py:190} INFO - [2024-09-18T14:48:27.921+0000] {dagbag.py:587} INFO - Filling up the DagBag from /Users/omer/Desktop/MLOPS/7day/.env/lib/python3.11/site-packages/airflow/example_dags/plugins/workday.py
[2024-09-18T14:48:27.921+0000] {logging_mixin.py:190} INFO - [2024-09-18T14:48:27.921+0000] {workday.py:41} WARNING - Could not import pandas. Holidays will not be considered.
[2024-09-18T14:48:27.922+0000] {processor.py:927} WARNING - No viable dags retrieved from /Users/omer/Desktop/MLOPS/7day/.env/lib/python3.11/site-packages/airflow/example_dags/plugins/workday.py
[2024-09-18T14:48:27.944+0000] {processor.py:208} INFO - Processing /Users/omer/Desktop/MLOPS/7day/.env/lib/python3.11/site-packages/airflow/example_dags/plugins/workday.py took 0.025 seconds
[2024-09-18T14:49:48.390+0000] {processor.py:186} INFO - Started process (PID=94071) to work on /Users/omer/Desktop/MLOPS/7day/.env/lib/python3.11/site-packages/airflow/example_dags/plugins/workday.py
[2024-09-18T14:49:48.390+0000] {processor.py:914} INFO - Processing file /Users/omer/Desktop/MLOPS/7day/.env/lib/python3.11/site-packages/airflow/example_dags/plugins/workday.py for tasks to queue
[2024-09-18T14:49:48.391+0000] {logging_mixin.py:190} INFO - [2024-09-18T14:49:48.391+0000] {dagbag.py:587} INFO - Filling up the DagBag from /Users/omer/Desktop/MLOPS/7day/.env/lib/python3.11/site-packages/airflow/example_dags/plugins/workday.py
[2024-09-18T14:49:48.391+0000] {logging_mixin.py:190} INFO - [2024-09-18T14:49:48.391+0000] {workday.py:41} WARNING - Could not import pandas. Holidays will not be considered.
[2024-09-18T14:49:48.391+0000] {processor.py:927} WARNING - No viable dags retrieved from /Users/omer/Desktop/MLOPS/7day/.env/lib/python3.11/site-packages/airflow/example_dags/plugins/workday.py
[2024-09-18T14:49:48.415+0000] {processor.py:208} INFO - Processing /Users/omer/Desktop/MLOPS/7day/.env/lib/python3.11/site-packages/airflow/example_dags/plugins/workday.py took 0.026 seconds
[2024-09-18T14:50:38.155+0000] {processor.py:186} INFO - Started process (PID=94216) to work on /Users/omer/Desktop/MLOPS/7day/.env/lib/python3.11/site-packages/airflow/example_dags/plugins/workday.py
[2024-09-18T14:50:38.156+0000] {processor.py:914} INFO - Processing file /Users/omer/Desktop/MLOPS/7day/.env/lib/python3.11/site-packages/airflow/example_dags/plugins/workday.py for tasks to queue
[2024-09-18T14:50:38.156+0000] {logging_mixin.py:190} INFO - [2024-09-18T14:50:38.156+0000] {dagbag.py:587} INFO - Filling up the DagBag from /Users/omer/Desktop/MLOPS/7day/.env/lib/python3.11/site-packages/airflow/example_dags/plugins/workday.py
[2024-09-18T14:50:38.157+0000] {logging_mixin.py:190} INFO - [2024-09-18T14:50:38.156+0000] {workday.py:41} WARNING - Could not import pandas. Holidays will not be considered.
[2024-09-18T14:50:38.157+0000] {processor.py:927} WARNING - No viable dags retrieved from /Users/omer/Desktop/MLOPS/7day/.env/lib/python3.11/site-packages/airflow/example_dags/plugins/workday.py
[2024-09-18T14:50:38.179+0000] {processor.py:208} INFO - Processing /Users/omer/Desktop/MLOPS/7day/.env/lib/python3.11/site-packages/airflow/example_dags/plugins/workday.py took 0.025 seconds
[2024-09-18T14:51:26.964+0000] {processor.py:186} INFO - Started process (PID=94332) to work on /Users/omer/Desktop/MLOPS/7day/.env/lib/python3.11/site-packages/airflow/example_dags/plugins/workday.py
[2024-09-18T14:51:26.993+0000] {processor.py:914} INFO - Processing file /Users/omer/Desktop/MLOPS/7day/.env/lib/python3.11/site-packages/airflow/example_dags/plugins/workday.py for tasks to queue
[2024-09-18T14:51:26.996+0000] {logging_mixin.py:190} INFO - [2024-09-18T14:51:26.996+0000] {dagbag.py:587} INFO - Filling up the DagBag from /Users/omer/Desktop/MLOPS/7day/.env/lib/python3.11/site-packages/airflow/example_dags/plugins/workday.py
[2024-09-18T14:51:26.998+0000] {logging_mixin.py:190} INFO - [2024-09-18T14:51:26.998+0000] {workday.py:41} WARNING - Could not import pandas. Holidays will not be considered.
[2024-09-18T14:51:27.001+0000] {processor.py:927} WARNING - No viable dags retrieved from /Users/omer/Desktop/MLOPS/7day/.env/lib/python3.11/site-packages/airflow/example_dags/plugins/workday.py
[2024-09-18T14:51:27.026+0000] {processor.py:208} INFO - Processing /Users/omer/Desktop/MLOPS/7day/.env/lib/python3.11/site-packages/airflow/example_dags/plugins/workday.py took 0.063 seconds
[2024-09-18T14:52:17.465+0000] {processor.py:186} INFO - Started process (PID=94447) to work on /Users/omer/Desktop/MLOPS/7day/.env/lib/python3.11/site-packages/airflow/example_dags/plugins/workday.py
[2024-09-18T14:52:17.466+0000] {processor.py:914} INFO - Processing file /Users/omer/Desktop/MLOPS/7day/.env/lib/python3.11/site-packages/airflow/example_dags/plugins/workday.py for tasks to queue
[2024-09-18T14:52:17.466+0000] {logging_mixin.py:190} INFO - [2024-09-18T14:52:17.466+0000] {dagbag.py:587} INFO - Filling up the DagBag from /Users/omer/Desktop/MLOPS/7day/.env/lib/python3.11/site-packages/airflow/example_dags/plugins/workday.py
[2024-09-18T14:52:17.467+0000] {logging_mixin.py:190} INFO - [2024-09-18T14:52:17.467+0000] {workday.py:41} WARNING - Could not import pandas. Holidays will not be considered.
[2024-09-18T14:52:17.467+0000] {processor.py:927} WARNING - No viable dags retrieved from /Users/omer/Desktop/MLOPS/7day/.env/lib/python3.11/site-packages/airflow/example_dags/plugins/workday.py
[2024-09-18T14:52:17.491+0000] {processor.py:208} INFO - Processing /Users/omer/Desktop/MLOPS/7day/.env/lib/python3.11/site-packages/airflow/example_dags/plugins/workday.py took 0.027 seconds
[2024-09-18T14:53:08.274+0000] {processor.py:186} INFO - Started process (PID=94533) to work on /Users/omer/Desktop/MLOPS/7day/.env/lib/python3.11/site-packages/airflow/example_dags/plugins/workday.py
[2024-09-18T14:53:08.275+0000] {processor.py:914} INFO - Processing file /Users/omer/Desktop/MLOPS/7day/.env/lib/python3.11/site-packages/airflow/example_dags/plugins/workday.py for tasks to queue
[2024-09-18T14:53:08.275+0000] {logging_mixin.py:190} INFO - [2024-09-18T14:53:08.275+0000] {dagbag.py:587} INFO - Filling up the DagBag from /Users/omer/Desktop/MLOPS/7day/.env/lib/python3.11/site-packages/airflow/example_dags/plugins/workday.py
[2024-09-18T14:53:08.276+0000] {logging_mixin.py:190} INFO - [2024-09-18T14:53:08.276+0000] {workday.py:41} WARNING - Could not import pandas. Holidays will not be considered.
[2024-09-18T14:53:08.276+0000] {processor.py:927} WARNING - No viable dags retrieved from /Users/omer/Desktop/MLOPS/7day/.env/lib/python3.11/site-packages/airflow/example_dags/plugins/workday.py
[2024-09-18T14:53:08.299+0000] {processor.py:208} INFO - Processing /Users/omer/Desktop/MLOPS/7day/.env/lib/python3.11/site-packages/airflow/example_dags/plugins/workday.py took 0.026 seconds
[2024-09-18T14:53:58.596+0000] {processor.py:186} INFO - Started process (PID=94618) to work on /Users/omer/Desktop/MLOPS/7day/.env/lib/python3.11/site-packages/airflow/example_dags/plugins/workday.py
[2024-09-18T14:53:58.597+0000] {processor.py:914} INFO - Processing file /Users/omer/Desktop/MLOPS/7day/.env/lib/python3.11/site-packages/airflow/example_dags/plugins/workday.py for tasks to queue
[2024-09-18T14:53:58.597+0000] {logging_mixin.py:190} INFO - [2024-09-18T14:53:58.597+0000] {dagbag.py:587} INFO - Filling up the DagBag from /Users/omer/Desktop/MLOPS/7day/.env/lib/python3.11/site-packages/airflow/example_dags/plugins/workday.py
[2024-09-18T14:53:58.597+0000] {logging_mixin.py:190} INFO - [2024-09-18T14:53:58.597+0000] {workday.py:41} WARNING - Could not import pandas. Holidays will not be considered.
[2024-09-18T14:53:58.597+0000] {processor.py:927} WARNING - No viable dags retrieved from /Users/omer/Desktop/MLOPS/7day/.env/lib/python3.11/site-packages/airflow/example_dags/plugins/workday.py
[2024-09-18T14:53:58.621+0000] {processor.py:208} INFO - Processing /Users/omer/Desktop/MLOPS/7day/.env/lib/python3.11/site-packages/airflow/example_dags/plugins/workday.py took 0.025 seconds
[2024-09-18T14:54:47.558+0000] {processor.py:186} INFO - Started process (PID=94721) to work on /Users/omer/Desktop/MLOPS/7day/.env/lib/python3.11/site-packages/airflow/example_dags/plugins/workday.py
[2024-09-18T14:54:47.558+0000] {processor.py:914} INFO - Processing file /Users/omer/Desktop/MLOPS/7day/.env/lib/python3.11/site-packages/airflow/example_dags/plugins/workday.py for tasks to queue
[2024-09-18T14:54:47.559+0000] {logging_mixin.py:190} INFO - [2024-09-18T14:54:47.559+0000] {dagbag.py:587} INFO - Filling up the DagBag from /Users/omer/Desktop/MLOPS/7day/.env/lib/python3.11/site-packages/airflow/example_dags/plugins/workday.py
[2024-09-18T14:54:47.559+0000] {logging_mixin.py:190} INFO - [2024-09-18T14:54:47.559+0000] {workday.py:41} WARNING - Could not import pandas. Holidays will not be considered.
[2024-09-18T14:54:47.559+0000] {processor.py:927} WARNING - No viable dags retrieved from /Users/omer/Desktop/MLOPS/7day/.env/lib/python3.11/site-packages/airflow/example_dags/plugins/workday.py
[2024-09-18T14:54:47.582+0000] {processor.py:208} INFO - Processing /Users/omer/Desktop/MLOPS/7day/.env/lib/python3.11/site-packages/airflow/example_dags/plugins/workday.py took 0.025 seconds
[2024-09-18T15:12:24.032+0000] {processor.py:186} INFO - Started process (PID=96561) to work on /Users/omer/Desktop/MLOPS/7day/.env/lib/python3.11/site-packages/airflow/example_dags/plugins/workday.py
[2024-09-18T15:12:24.033+0000] {processor.py:914} INFO - Processing file /Users/omer/Desktop/MLOPS/7day/.env/lib/python3.11/site-packages/airflow/example_dags/plugins/workday.py for tasks to queue
[2024-09-18T15:12:24.033+0000] {logging_mixin.py:190} INFO - [2024-09-18T15:12:24.033+0000] {dagbag.py:587} INFO - Filling up the DagBag from /Users/omer/Desktop/MLOPS/7day/.env/lib/python3.11/site-packages/airflow/example_dags/plugins/workday.py
[2024-09-18T15:12:24.033+0000] {logging_mixin.py:190} INFO - [2024-09-18T15:12:24.033+0000] {workday.py:41} WARNING - Could not import pandas. Holidays will not be considered.
[2024-09-18T15:12:24.033+0000] {processor.py:927} WARNING - No viable dags retrieved from /Users/omer/Desktop/MLOPS/7day/.env/lib/python3.11/site-packages/airflow/example_dags/plugins/workday.py
[2024-09-18T15:12:24.055+0000] {processor.py:208} INFO - Processing /Users/omer/Desktop/MLOPS/7day/.env/lib/python3.11/site-packages/airflow/example_dags/plugins/workday.py took 0.024 seconds
[2024-09-18T15:20:48.110+0000] {processor.py:186} INFO - Started process (PID=97093) to work on /Users/omer/Desktop/MLOPS/7day/.env/lib/python3.11/site-packages/airflow/example_dags/plugins/workday.py
[2024-09-18T15:20:48.111+0000] {processor.py:914} INFO - Processing file /Users/omer/Desktop/MLOPS/7day/.env/lib/python3.11/site-packages/airflow/example_dags/plugins/workday.py for tasks to queue
[2024-09-18T15:20:48.112+0000] {logging_mixin.py:190} INFO - [2024-09-18T15:20:48.112+0000] {dagbag.py:587} INFO - Filling up the DagBag from /Users/omer/Desktop/MLOPS/7day/.env/lib/python3.11/site-packages/airflow/example_dags/plugins/workday.py
[2024-09-18T15:20:48.112+0000] {logging_mixin.py:190} INFO - [2024-09-18T15:20:48.112+0000] {workday.py:41} WARNING - Could not import pandas. Holidays will not be considered.
[2024-09-18T15:20:48.112+0000] {processor.py:927} WARNING - No viable dags retrieved from /Users/omer/Desktop/MLOPS/7day/.env/lib/python3.11/site-packages/airflow/example_dags/plugins/workday.py
[2024-09-18T15:20:48.135+0000] {processor.py:208} INFO - Processing /Users/omer/Desktop/MLOPS/7day/.env/lib/python3.11/site-packages/airflow/example_dags/plugins/workday.py took 0.025 seconds
[2024-09-18T15:22:07.335+0000] {processor.py:186} INFO - Started process (PID=97241) to work on /Users/omer/Desktop/MLOPS/7day/.env/lib/python3.11/site-packages/airflow/example_dags/plugins/workday.py
[2024-09-18T15:22:07.336+0000] {processor.py:914} INFO - Processing file /Users/omer/Desktop/MLOPS/7day/.env/lib/python3.11/site-packages/airflow/example_dags/plugins/workday.py for tasks to queue
[2024-09-18T15:22:07.336+0000] {logging_mixin.py:190} INFO - [2024-09-18T15:22:07.336+0000] {dagbag.py:587} INFO - Filling up the DagBag from /Users/omer/Desktop/MLOPS/7day/.env/lib/python3.11/site-packages/airflow/example_dags/plugins/workday.py
[2024-09-18T15:22:07.337+0000] {logging_mixin.py:190} INFO - [2024-09-18T15:22:07.337+0000] {workday.py:41} WARNING - Could not import pandas. Holidays will not be considered.
[2024-09-18T15:22:07.337+0000] {processor.py:927} WARNING - No viable dags retrieved from /Users/omer/Desktop/MLOPS/7day/.env/lib/python3.11/site-packages/airflow/example_dags/plugins/workday.py
[2024-09-18T15:22:07.362+0000] {processor.py:208} INFO - Processing /Users/omer/Desktop/MLOPS/7day/.env/lib/python3.11/site-packages/airflow/example_dags/plugins/workday.py took 0.028 seconds
[2024-09-18T15:22:55.845+0000] {processor.py:186} INFO - Started process (PID=97322) to work on /Users/omer/Desktop/MLOPS/7day/.env/lib/python3.11/site-packages/airflow/example_dags/plugins/workday.py
[2024-09-18T15:22:55.846+0000] {processor.py:914} INFO - Processing file /Users/omer/Desktop/MLOPS/7day/.env/lib/python3.11/site-packages/airflow/example_dags/plugins/workday.py for tasks to queue
[2024-09-18T15:22:55.846+0000] {logging_mixin.py:190} INFO - [2024-09-18T15:22:55.846+0000] {dagbag.py:587} INFO - Filling up the DagBag from /Users/omer/Desktop/MLOPS/7day/.env/lib/python3.11/site-packages/airflow/example_dags/plugins/workday.py
[2024-09-18T15:22:55.847+0000] {logging_mixin.py:190} INFO - [2024-09-18T15:22:55.847+0000] {workday.py:41} WARNING - Could not import pandas. Holidays will not be considered.
[2024-09-18T15:22:55.847+0000] {processor.py:927} WARNING - No viable dags retrieved from /Users/omer/Desktop/MLOPS/7day/.env/lib/python3.11/site-packages/airflow/example_dags/plugins/workday.py
[2024-09-18T15:22:55.871+0000] {processor.py:208} INFO - Processing /Users/omer/Desktop/MLOPS/7day/.env/lib/python3.11/site-packages/airflow/example_dags/plugins/workday.py took 0.026 seconds
[2024-09-18T15:25:10.591+0000] {processor.py:186} INFO - Started process (PID=97570) to work on /Users/omer/Desktop/MLOPS/7day/.env/lib/python3.11/site-packages/airflow/example_dags/plugins/workday.py
[2024-09-18T15:25:10.592+0000] {processor.py:914} INFO - Processing file /Users/omer/Desktop/MLOPS/7day/.env/lib/python3.11/site-packages/airflow/example_dags/plugins/workday.py for tasks to queue
[2024-09-18T15:25:10.592+0000] {logging_mixin.py:190} INFO - [2024-09-18T15:25:10.592+0000] {dagbag.py:587} INFO - Filling up the DagBag from /Users/omer/Desktop/MLOPS/7day/.env/lib/python3.11/site-packages/airflow/example_dags/plugins/workday.py
[2024-09-18T15:25:10.593+0000] {logging_mixin.py:190} INFO - [2024-09-18T15:25:10.593+0000] {workday.py:41} WARNING - Could not import pandas. Holidays will not be considered.
[2024-09-18T15:25:10.593+0000] {processor.py:927} WARNING - No viable dags retrieved from /Users/omer/Desktop/MLOPS/7day/.env/lib/python3.11/site-packages/airflow/example_dags/plugins/workday.py
[2024-09-18T15:25:10.617+0000] {processor.py:208} INFO - Processing /Users/omer/Desktop/MLOPS/7day/.env/lib/python3.11/site-packages/airflow/example_dags/plugins/workday.py took 0.027 seconds
[2024-09-18T15:26:31.406+0000] {processor.py:186} INFO - Started process (PID=97724) to work on /Users/omer/Desktop/MLOPS/7day/.env/lib/python3.11/site-packages/airflow/example_dags/plugins/workday.py
[2024-09-18T15:26:31.407+0000] {processor.py:914} INFO - Processing file /Users/omer/Desktop/MLOPS/7day/.env/lib/python3.11/site-packages/airflow/example_dags/plugins/workday.py for tasks to queue
[2024-09-18T15:26:31.407+0000] {logging_mixin.py:190} INFO - [2024-09-18T15:26:31.407+0000] {dagbag.py:587} INFO - Filling up the DagBag from /Users/omer/Desktop/MLOPS/7day/.env/lib/python3.11/site-packages/airflow/example_dags/plugins/workday.py
[2024-09-18T15:26:31.408+0000] {logging_mixin.py:190} INFO - [2024-09-18T15:26:31.408+0000] {workday.py:41} WARNING - Could not import pandas. Holidays will not be considered.
[2024-09-18T15:26:31.408+0000] {processor.py:927} WARNING - No viable dags retrieved from /Users/omer/Desktop/MLOPS/7day/.env/lib/python3.11/site-packages/airflow/example_dags/plugins/workday.py
[2024-09-18T15:26:31.431+0000] {processor.py:208} INFO - Processing /Users/omer/Desktop/MLOPS/7day/.env/lib/python3.11/site-packages/airflow/example_dags/plugins/workday.py took 0.026 seconds
[2024-09-18T15:27:51.838+0000] {processor.py:186} INFO - Started process (PID=97868) to work on /Users/omer/Desktop/MLOPS/7day/.env/lib/python3.11/site-packages/airflow/example_dags/plugins/workday.py
[2024-09-18T15:27:51.840+0000] {processor.py:914} INFO - Processing file /Users/omer/Desktop/MLOPS/7day/.env/lib/python3.11/site-packages/airflow/example_dags/plugins/workday.py for tasks to queue
[2024-09-18T15:27:51.840+0000] {logging_mixin.py:190} INFO - [2024-09-18T15:27:51.840+0000] {dagbag.py:587} INFO - Filling up the DagBag from /Users/omer/Desktop/MLOPS/7day/.env/lib/python3.11/site-packages/airflow/example_dags/plugins/workday.py
[2024-09-18T15:27:51.841+0000] {logging_mixin.py:190} INFO - [2024-09-18T15:27:51.841+0000] {workday.py:41} WARNING - Could not import pandas. Holidays will not be considered.
[2024-09-18T15:27:51.841+0000] {processor.py:927} WARNING - No viable dags retrieved from /Users/omer/Desktop/MLOPS/7day/.env/lib/python3.11/site-packages/airflow/example_dags/plugins/workday.py
[2024-09-18T15:27:51.865+0000] {processor.py:208} INFO - Processing /Users/omer/Desktop/MLOPS/7day/.env/lib/python3.11/site-packages/airflow/example_dags/plugins/workday.py took 0.028 seconds
[2024-09-18T15:28:42.464+0000] {processor.py:186} INFO - Started process (PID=98025) to work on /Users/omer/Desktop/MLOPS/7day/.env/lib/python3.11/site-packages/airflow/example_dags/plugins/workday.py
[2024-09-18T15:28:42.464+0000] {processor.py:914} INFO - Processing file /Users/omer/Desktop/MLOPS/7day/.env/lib/python3.11/site-packages/airflow/example_dags/plugins/workday.py for tasks to queue
[2024-09-18T15:28:42.465+0000] {logging_mixin.py:190} INFO - [2024-09-18T15:28:42.465+0000] {dagbag.py:587} INFO - Filling up the DagBag from /Users/omer/Desktop/MLOPS/7day/.env/lib/python3.11/site-packages/airflow/example_dags/plugins/workday.py
[2024-09-18T15:28:42.465+0000] {logging_mixin.py:190} INFO - [2024-09-18T15:28:42.465+0000] {workday.py:41} WARNING - Could not import pandas. Holidays will not be considered.
[2024-09-18T15:28:42.465+0000] {processor.py:927} WARNING - No viable dags retrieved from /Users/omer/Desktop/MLOPS/7day/.env/lib/python3.11/site-packages/airflow/example_dags/plugins/workday.py
[2024-09-18T15:28:42.489+0000] {processor.py:208} INFO - Processing /Users/omer/Desktop/MLOPS/7day/.env/lib/python3.11/site-packages/airflow/example_dags/plugins/workday.py took 0.026 seconds
[2024-09-18T15:29:31.967+0000] {processor.py:186} INFO - Started process (PID=98149) to work on /Users/omer/Desktop/MLOPS/7day/.env/lib/python3.11/site-packages/airflow/example_dags/plugins/workday.py
[2024-09-18T15:29:31.968+0000] {processor.py:914} INFO - Processing file /Users/omer/Desktop/MLOPS/7day/.env/lib/python3.11/site-packages/airflow/example_dags/plugins/workday.py for tasks to queue
[2024-09-18T15:29:31.968+0000] {logging_mixin.py:190} INFO - [2024-09-18T15:29:31.968+0000] {dagbag.py:587} INFO - Filling up the DagBag from /Users/omer/Desktop/MLOPS/7day/.env/lib/python3.11/site-packages/airflow/example_dags/plugins/workday.py
[2024-09-18T15:29:31.968+0000] {logging_mixin.py:190} INFO - [2024-09-18T15:29:31.968+0000] {workday.py:41} WARNING - Could not import pandas. Holidays will not be considered.
[2024-09-18T15:29:31.968+0000] {processor.py:927} WARNING - No viable dags retrieved from /Users/omer/Desktop/MLOPS/7day/.env/lib/python3.11/site-packages/airflow/example_dags/plugins/workday.py
[2024-09-18T15:29:31.991+0000] {processor.py:208} INFO - Processing /Users/omer/Desktop/MLOPS/7day/.env/lib/python3.11/site-packages/airflow/example_dags/plugins/workday.py took 0.025 seconds
[2024-09-18T15:30:21.249+0000] {processor.py:186} INFO - Started process (PID=98294) to work on /Users/omer/Desktop/MLOPS/7day/.env/lib/python3.11/site-packages/airflow/example_dags/plugins/workday.py
[2024-09-18T15:30:21.250+0000] {processor.py:914} INFO - Processing file /Users/omer/Desktop/MLOPS/7day/.env/lib/python3.11/site-packages/airflow/example_dags/plugins/workday.py for tasks to queue
[2024-09-18T15:30:21.250+0000] {logging_mixin.py:190} INFO - [2024-09-18T15:30:21.250+0000] {dagbag.py:587} INFO - Filling up the DagBag from /Users/omer/Desktop/MLOPS/7day/.env/lib/python3.11/site-packages/airflow/example_dags/plugins/workday.py
[2024-09-18T15:30:21.251+0000] {logging_mixin.py:190} INFO - [2024-09-18T15:30:21.251+0000] {workday.py:41} WARNING - Could not import pandas. Holidays will not be considered.
[2024-09-18T15:30:21.251+0000] {processor.py:927} WARNING - No viable dags retrieved from /Users/omer/Desktop/MLOPS/7day/.env/lib/python3.11/site-packages/airflow/example_dags/plugins/workday.py
[2024-09-18T15:30:21.274+0000] {processor.py:208} INFO - Processing /Users/omer/Desktop/MLOPS/7day/.env/lib/python3.11/site-packages/airflow/example_dags/plugins/workday.py took 0.027 seconds
[2024-09-18T15:31:09.831+0000] {processor.py:186} INFO - Started process (PID=98419) to work on /Users/omer/Desktop/MLOPS/7day/.env/lib/python3.11/site-packages/airflow/example_dags/plugins/workday.py
[2024-09-18T15:31:09.832+0000] {processor.py:914} INFO - Processing file /Users/omer/Desktop/MLOPS/7day/.env/lib/python3.11/site-packages/airflow/example_dags/plugins/workday.py for tasks to queue
[2024-09-18T15:31:09.832+0000] {logging_mixin.py:190} INFO - [2024-09-18T15:31:09.832+0000] {dagbag.py:587} INFO - Filling up the DagBag from /Users/omer/Desktop/MLOPS/7day/.env/lib/python3.11/site-packages/airflow/example_dags/plugins/workday.py
[2024-09-18T15:31:09.833+0000] {logging_mixin.py:190} INFO - [2024-09-18T15:31:09.833+0000] {workday.py:41} WARNING - Could not import pandas. Holidays will not be considered.
[2024-09-18T15:31:09.833+0000] {processor.py:927} WARNING - No viable dags retrieved from /Users/omer/Desktop/MLOPS/7day/.env/lib/python3.11/site-packages/airflow/example_dags/plugins/workday.py
[2024-09-18T15:31:09.856+0000] {processor.py:208} INFO - Processing /Users/omer/Desktop/MLOPS/7day/.env/lib/python3.11/site-packages/airflow/example_dags/plugins/workday.py took 0.026 seconds
[2024-09-18T15:31:57.278+0000] {processor.py:186} INFO - Started process (PID=98578) to work on /Users/omer/Desktop/MLOPS/7day/.env/lib/python3.11/site-packages/airflow/example_dags/plugins/workday.py
[2024-09-18T15:31:57.279+0000] {processor.py:914} INFO - Processing file /Users/omer/Desktop/MLOPS/7day/.env/lib/python3.11/site-packages/airflow/example_dags/plugins/workday.py for tasks to queue
[2024-09-18T15:31:57.280+0000] {logging_mixin.py:190} INFO - [2024-09-18T15:31:57.280+0000] {dagbag.py:587} INFO - Filling up the DagBag from /Users/omer/Desktop/MLOPS/7day/.env/lib/python3.11/site-packages/airflow/example_dags/plugins/workday.py
[2024-09-18T15:31:57.280+0000] {logging_mixin.py:190} INFO - [2024-09-18T15:31:57.280+0000] {workday.py:41} WARNING - Could not import pandas. Holidays will not be considered.
[2024-09-18T15:31:57.280+0000] {processor.py:927} WARNING - No viable dags retrieved from /Users/omer/Desktop/MLOPS/7day/.env/lib/python3.11/site-packages/airflow/example_dags/plugins/workday.py
[2024-09-18T15:31:57.303+0000] {processor.py:208} INFO - Processing /Users/omer/Desktop/MLOPS/7day/.env/lib/python3.11/site-packages/airflow/example_dags/plugins/workday.py took 0.026 seconds
[2024-09-18T15:32:57.571+0000] {processor.py:186} INFO - Started process (PID=98726) to work on /Users/omer/Desktop/MLOPS/7day/.env/lib/python3.11/site-packages/airflow/example_dags/plugins/workday.py
[2024-09-18T15:32:57.572+0000] {processor.py:914} INFO - Processing file /Users/omer/Desktop/MLOPS/7day/.env/lib/python3.11/site-packages/airflow/example_dags/plugins/workday.py for tasks to queue
[2024-09-18T15:32:57.572+0000] {logging_mixin.py:190} INFO - [2024-09-18T15:32:57.572+0000] {dagbag.py:587} INFO - Filling up the DagBag from /Users/omer/Desktop/MLOPS/7day/.env/lib/python3.11/site-packages/airflow/example_dags/plugins/workday.py
[2024-09-18T15:32:57.573+0000] {logging_mixin.py:190} INFO - [2024-09-18T15:32:57.573+0000] {workday.py:41} WARNING - Could not import pandas. Holidays will not be considered.
[2024-09-18T15:32:57.573+0000] {processor.py:927} WARNING - No viable dags retrieved from /Users/omer/Desktop/MLOPS/7day/.env/lib/python3.11/site-packages/airflow/example_dags/plugins/workday.py
[2024-09-18T15:32:57.596+0000] {processor.py:208} INFO - Processing /Users/omer/Desktop/MLOPS/7day/.env/lib/python3.11/site-packages/airflow/example_dags/plugins/workday.py took 0.026 seconds
[2024-09-18T15:34:08.713+0000] {processor.py:186} INFO - Started process (PID=98902) to work on /Users/omer/Desktop/MLOPS/7day/.env/lib/python3.11/site-packages/airflow/example_dags/plugins/workday.py
[2024-09-18T15:34:08.713+0000] {processor.py:914} INFO - Processing file /Users/omer/Desktop/MLOPS/7day/.env/lib/python3.11/site-packages/airflow/example_dags/plugins/workday.py for tasks to queue
[2024-09-18T15:34:08.713+0000] {logging_mixin.py:190} INFO - [2024-09-18T15:34:08.713+0000] {dagbag.py:587} INFO - Filling up the DagBag from /Users/omer/Desktop/MLOPS/7day/.env/lib/python3.11/site-packages/airflow/example_dags/plugins/workday.py
[2024-09-18T15:34:08.714+0000] {logging_mixin.py:190} INFO - [2024-09-18T15:34:08.714+0000] {workday.py:41} WARNING - Could not import pandas. Holidays will not be considered.
[2024-09-18T15:34:08.714+0000] {processor.py:927} WARNING - No viable dags retrieved from /Users/omer/Desktop/MLOPS/7day/.env/lib/python3.11/site-packages/airflow/example_dags/plugins/workday.py
[2024-09-18T15:34:08.738+0000] {processor.py:208} INFO - Processing /Users/omer/Desktop/MLOPS/7day/.env/lib/python3.11/site-packages/airflow/example_dags/plugins/workday.py took 0.027 seconds
[2024-09-18T15:35:29.218+0000] {processor.py:186} INFO - Started process (PID=99069) to work on /Users/omer/Desktop/MLOPS/7day/.env/lib/python3.11/site-packages/airflow/example_dags/plugins/workday.py
[2024-09-18T15:35:29.218+0000] {processor.py:914} INFO - Processing file /Users/omer/Desktop/MLOPS/7day/.env/lib/python3.11/site-packages/airflow/example_dags/plugins/workday.py for tasks to queue
[2024-09-18T15:35:29.219+0000] {logging_mixin.py:190} INFO - [2024-09-18T15:35:29.219+0000] {dagbag.py:587} INFO - Filling up the DagBag from /Users/omer/Desktop/MLOPS/7day/.env/lib/python3.11/site-packages/airflow/example_dags/plugins/workday.py
[2024-09-18T15:35:29.219+0000] {logging_mixin.py:190} INFO - [2024-09-18T15:35:29.219+0000] {workday.py:41} WARNING - Could not import pandas. Holidays will not be considered.
[2024-09-18T15:35:29.220+0000] {processor.py:927} WARNING - No viable dags retrieved from /Users/omer/Desktop/MLOPS/7day/.env/lib/python3.11/site-packages/airflow/example_dags/plugins/workday.py
[2024-09-18T15:35:29.245+0000] {processor.py:208} INFO - Processing /Users/omer/Desktop/MLOPS/7day/.env/lib/python3.11/site-packages/airflow/example_dags/plugins/workday.py took 0.029 seconds
