[2024-09-19T07:20:06.672+0000] {local_task_job_runner.py:123} INFO - ::group::Pre task execution logs
[2024-09-19T07:20:06.675+0000] {taskinstance.py:2612} INFO - Dependencies all met for dep_context=non-requeueable deps ti=<TaskInstance: airflow_operators_dag.bash_task scheduled__2024-09-18T00:00:00+00:00 [queued]>
[2024-09-19T07:20:06.677+0000] {taskinstance.py:2612} INFO - Dependencies all met for dep_context=requeueable deps ti=<TaskInstance: airflow_operators_dag.bash_task scheduled__2024-09-18T00:00:00+00:00 [queued]>
[2024-09-19T07:20:06.677+0000] {taskinstance.py:2865} INFO - Starting attempt 1 of 2
[2024-09-19T07:20:06.681+0000] {taskinstance.py:2888} INFO - Executing <Task(BashOperator): bash_task> on 2024-09-18 00:00:00+00:00
[2024-09-19T07:20:06.684+0000] {standard_task_runner.py:72} INFO - Started process 29382 to run task
[2024-09-19T07:20:06.687+0000] {standard_task_runner.py:104} INFO - Running: ['airflow', 'tasks', 'run', 'airflow_operators_dag', 'bash_task', 'scheduled__2024-09-18T00:00:00+00:00', '--job-id', '11', '--raw', '--subdir', 'DAGS_FOLDER/operator_dag.py', '--cfg-path', '/var/folders/gv/71l1ft2j16519jw9fxm_939h0000gn/T/tmplif4w61q']
[2024-09-19T07:20:06.688+0000] {standard_task_runner.py:105} INFO - Job 11: Subtask bash_task
[2024-09-19T07:20:06.752+0000] {task_command.py:467} INFO - Running <TaskInstance: airflow_operators_dag.bash_task scheduled__2024-09-18T00:00:00+00:00 [running]> on host Yvans-MBP
[2024-09-19T07:20:06.767+0000] {taskinstance.py:3131} INFO - Exporting env vars: AIRFLOW_CTX_DAG_OWNER='airflow' AIRFLOW_CTX_DAG_ID='airflow_operators_dag' AIRFLOW_CTX_TASK_ID='bash_task' AIRFLOW_CTX_EXECUTION_DATE='2024-09-18T00:00:00+00:00' AIRFLOW_CTX_TRY_NUMBER='1' AIRFLOW_CTX_DAG_RUN_ID='scheduled__2024-09-18T00:00:00+00:00'
[2024-09-19T07:20:06.767+0000] {taskinstance.py:731} INFO - ::endgroup::
[2024-09-19T07:20:06.773+0000] {subprocess.py:63} INFO - Tmp dir root location: /var/folders/gv/71l1ft2j16519jw9fxm_939h0000gn/T
[2024-09-19T07:20:06.773+0000] {subprocess.py:75} INFO - Running command: ['/bin/bash', '-c', 'echo "Running Bash task"']
[2024-09-19T07:20:06.776+0000] {subprocess.py:86} INFO - Output:
[2024-09-19T07:20:06.779+0000] {subprocess.py:93} INFO - Running Bash task
[2024-09-19T07:20:06.780+0000] {subprocess.py:97} INFO - Command exited with return code 0
[2024-09-19T07:20:06.785+0000] {taskinstance.py:340} INFO - ::group::Post task execution logs
[2024-09-19T07:20:06.786+0000] {taskinstance.py:352} INFO - Marking task as SUCCESS. dag_id=airflow_operators_dag, task_id=bash_task, run_id=scheduled__2024-09-18T00:00:00+00:00, execution_date=20240918T000000, start_date=20240919T072006, end_date=20240919T072006
[2024-09-19T07:20:06.834+0000] {local_task_job_runner.py:266} INFO - Task exited with return code 0
[2024-09-19T07:20:06.870+0000] {taskinstance.py:3900} INFO - 1 downstream tasks scheduled from follow-on schedule check
[2024-09-19T07:20:06.871+0000] {local_task_job_runner.py:245} INFO - ::endgroup::
